nohup: 忽略输入

================================================================================
                       FedACT 攻击防御实验
              Federated Autoencoder-Committee TLBO
================================================================================
  [实验目的]
    1. 测试 FedACT 在各种拜占庭攻击下的防御能力
    2. 与经典防御方法进行对比
    3. 测试不同数据异质性场景下的表现

  [数据异质性] 4种
    iid, label_skew, quantity_skew, feature_skew

  [攻击类型] 12种
    基础攻击(3): sign_flip, gaussian, scale
    前沿攻击(5): little, alie, ipm, minmax, trim_attack
    其他攻击(4): label_flip, backdoor, free_rider, collision

  [防御方法] 8种
    基线: None (FedAvg)
    经典: Median, TrimmedMean, Krum, MultiKrum, Bulyan, RFA (各自聚合)
    本文: FedACT (Autoencoder + Committee + TLBO聚合)

  [实验配置]
    数据集: Uci, Xinwang (2种)
    恶意客户端比例: 30%
    重复: 5次  |  总实验数: 3840次

  [功能特性]
    * GPU自动检测与并发执行
    * 每块GPU 4个实验并发
    * 断点续跑（自动跳过已完成实验）
    * 进度日志输出到 nohup.log

  [结果保存]
    汇总: system/results/汇总/FedACT_攻击防御实验_汇总.xlsx
    详细: system/results/汇总/FedACT_攻击防御实验_详细.xlsx
    日志: logs/attack_defense/
================================================================================
    

================================================================================
                              GPU 信息
================================================================================
  检测到 5 块GPU
  总显存: 239.9 GB

    GPU 0: NVIDIA GeForce RTX 4090
           显存: 49140MB (空闲: 47980MB)
    GPU 1: NVIDIA GeForce RTX 4090
           显存: 49140MB (空闲: 48494MB)
    GPU 2: NVIDIA GeForce RTX 4090
           显存: 49140MB (空闲: 48494MB)
    GPU 3: NVIDIA GeForce RTX 4090
           显存: 49140MB (空闲: 48494MB)
    GPU 4: NVIDIA GeForce RTX 4090
           显存: 49140MB (空闲: 48494MB)
================================================================================

================================================================================
                         实验进度检查 [攻击防御实验]
================================================================================
  总实验数:     768
  已完成:       0 (0.0%)
  剩余:         768 (100.0%)
================================================================================

是否开始运行实验? (y/n): [2026-01-24 20:42:39] [INFO] ================================================================================
[2026-01-24 20:42:39] [INFO] attack_defense 实验启动
[2026-01-24 20:42:39] [INFO] ================================================================================
[2026-01-24 20:42:39] [INFO] GPU数量: 5
[2026-01-24 20:42:39] [INFO]   GPU 0: NVIDIA GeForce RTX 4090 (49140MB)
[2026-01-24 20:42:39] [INFO]   GPU 1: NVIDIA GeForce RTX 4090 (49140MB)
[2026-01-24 20:42:39] [INFO]   GPU 2: NVIDIA GeForce RTX 4090 (49140MB)
[2026-01-24 20:42:39] [INFO]   GPU 3: NVIDIA GeForce RTX 4090 (49140MB)
[2026-01-24 20:42:39] [INFO]   GPU 4: NVIDIA GeForce RTX 4090 (49140MB)
[2026-01-24 20:42:39] [INFO] 每块GPU并发数: 4
[2026-01-24 20:42:39] [INFO] 总并发进程数: 20
[2026-01-24 20:42:39] [INFO] 总实验数: 768
[2026-01-24 20:42:39] [INFO] 已完成: 0 (0.0%)
[2026-01-24 20:42:39] [INFO] 剩余: 768 (100.0%)
[2026-01-24 20:42:39] [INFO] ================================================================================
[2026-01-24 20:42:39] [INFO] 开始运行 768 个实验，并发数: 20
[2026-01-24 20:42:39] [INFO] GPU分配情况: {0: 154, 1: 154, 2: 154, 3: 153, 4: 153}

================================================================================
                              GPU 信息
================================================================================
  检测到 5 块GPU
  总显存: 239.9 GB

    GPU 0: NVIDIA GeForce RTX 4090
           显存: 49140MB (空闲: 47980MB)
    GPU 1: NVIDIA GeForce RTX 4090
           显存: 49140MB (空闲: 48494MB)
    GPU 2: NVIDIA GeForce RTX 4090
           显存: 49140MB (空闲: 48494MB)
    GPU 3: NVIDIA GeForce RTX 4090
           显存: 49140MB (空闲: 48494MB)
    GPU 4: NVIDIA GeForce RTX 4090
           显存: 49140MB (空闲: 48494MB)
================================================================================

================================================================================
                         实验进度检查 [攻击防御实验]
================================================================================
  总实验数:     768
  已完成:       0 (0.0%)
  剩余:         768 (100.0%)
================================================================================
实验进度:   0%|          | 0/768 [00:00<?, ?exp/s]