实验: ablation_Uci_label_skew_FedACT_Full_label_flip_run1
GPU ID: 0
CUDA_VISIBLE_DEVICES: 0
时间: 2026-01-27 13:52:50
命令: /miniconda3/bin/python flcore/main.py -data Uci -algo FedTLBO -nc 10 -gr 100 -ls 5 -lbs 64 -lr 0.01 -eg 10 -t 1 --heterogeneity label_skew --enable_attack True --attack_mode label_flip --malicious_ratio 0.3 --use_autoencoder True --use_committee True --use_tlbo True --tlbo_iterations 10 --committee_size 5
工作目录: /root/DecisionSupportSystem-FedACT/system

[GPU] 使用环境变量指定的GPU: CUDA_VISIBLE_DEVICES=0
============================================================
实验配置:
============================================================
  goal: test
  device: cuda
  device_id: 0
  dataset: Uci
  heterogeneity: label_skew
  model: auto
  num_classes: 2
  batch_size: 64
  local_learning_rate: 0.01
  global_rounds: 100
  local_epochs: 5
  algorithm: FedTLBO
  num_clients: 10
  join_ratio: 1.0
  random_join_ratio: False
  prev: 0
  times: 1
  eval_gap: 10
  save_folder_name: results
  learning_rate_decay: False
  learning_rate_decay_gamma: 0.99
  few_shot: 0
  time_select: False
  time_threthold: 10000
  top_cnt: 100
  auto_break: False
  client_drop_rate: 0.0
  train_slow_rate: 0.0
  send_slow_rate: 0.0
  dlg_eval: False
  dlg_gap: 100
  batch_num_per_client: 2
  num_new_clients: 0
  fine_tuning_epoch_new: 0
  mu: 0.01
  beta: 0.0
  lamda: 1.0
  tau: 1.0
  plocal_epochs: 1
  server_learning_rate: 1.0
  enable_attack: True
  attack_mode: label_flip
  malicious_ratio: 0.3
  attack_scale: 3.0
  defense_mode: fedact
  use_autoencoder: True
  autoencoder_latent_dim: 64
  autoencoder_epochs: 20
  committee_size: 5
  vote_threshold: 0.5
  anomaly_threshold: 0.5
  anomaly_lower_coef: 0.7
  anomaly_upper_coef: 1.5
  use_committee: True
  tlbo_iterations: 10
  use_tlbo: True
  use_merkle: True
  use_incentive: True
============================================================

============= 第 1 次实验 =============
正在初始化服务器和客户端...
数据集: Uci, 特征维度: 23
模型参数量: 189,330

============================================================
FedACT Server
============================================================
客户端: 10, 轮数: 100
防御模式: fedact
  - 委员会大小: 5
  - TLBO迭代: 10
  - 阈值系数: [0.7, 1.5]
  - 组件开关: AE=True, Committee=True, TLBO=True
攻击模式: label_flip (恶意客户端: 3)
============================================================


[Round 1/100] 正在训练...
  客户端训练 1/10...
  客户端训练 2/10...
  客户端训练 3/10...
  客户端训练 4/10...
  客户端训练 5/10...
  客户端训练 6/10...
  客户端训练 7/10...
  客户端训练 8/10...
  客户端训练 9/10...
  客户端训练 10/10...
  客户端训练完成 (10)       GradientDetector [uci]: 梯度维度189,330 → 10,000 (5.3%保留, 分层采样)
  自编码器[uci]: 输入维度=189,330 → 10,000, 潜在维度=128, 隐藏层=2

[Round 2/100] 正在训练...
  客户端训练 1/10...
  客户端训练 2/10...
  客户端训练 3/10...
  客户端训练 4/10...
  客户端训练 5/10...
  客户端训练 6/10...
  客户端训练 7/10...
  客户端训练 8/10...
  客户端训练 9/10...
  客户端训练 10/10...
  客户端训练完成 (10)     
[Round 3/100] 正在训练...
  客户端训练 1/10...
  客户端训练 2/10...
  客户端训练 3/10...
  客户端训练 4/10...
  客户端训练 5/10...
  客户端训练 6/10...
  客户端训练 7/10...
  客户端训练 8/10...
  客户端训练 9/10...
  客户端训练 10/10...
  客户端训练完成 (10)     
[Round 4/100] 正在训练...
  客户端训练 1/10...
  客户端训练 2/10...
  客户端训练 3/10...
  客户端训练 4/10...
  客户端训练 5/10...
  客户端训练 6/10...
  客户端训练 7/10...
  客户端训练 8/10...
  客户端训练 9/10...
  客户端训练 10/10...
  客户端训练完成 (10)     
[Round 5/100] 正在训练...
  客户端训练 1/10...
  客户端训练 2/10...
  客户端训练 3/10...
  客户端训练 4/10...
  客户端训练 5/10...
  客户端训练 6/10...
  客户端训练 7/10...
  客户端训练 8/10...
  客户端训练 9/10...
  客户端训练 10/10...
  客户端训练完成 (10)     
[Round 6/100] 正在训练...
  客户端训练 1/10...
  客户端训练 2/10...
  客户端训练 3/10...
  客户端训练 4/10...
  客户端训练 5/10...
  客户端训练 6/10...
  客户端训练 7/10...
  客户端训练 8/10...
  客户端训练 9/10...
  客户端训练 10/10...
  客户端训练完成 (10)     
[Round 7/100] 正在训练...
  客户端训练 1/10...
  客户端训练 2/10...
  客户端训练 3/10...
  客户端训练 4/10...
  客户端训练 5/10...
  客户端训练 6/10...
  客户端训练 7/10...
  客户端训练 8/10...
  客户端训练 9/10...
  客户端训练 10/10...
  客户端训练完成 (10)     
[Round 8/100] 正在训练...
  客户端训练 1/10...
  客户端训练 2/10...
  客户端训练 3/10...
  客户端训练 4/10...
  客户端训练 5/10...
  客户端训练 6/10...
  客户端训练 7/10...
  客户端训练 8/10...
  客户端训练 9/10...
  客户端训练 10/10...
  客户端训练完成 (10)     
[Round 9/100] 正在训练...
  客户端训练 1/10...
  客户端训练 2/10...
  客户端训练 3/10...
  客户端训练 4/10...
  客户端训练 5/10...
  客户端训练 6/10...
  客户端训练 7/10...
  客户端训练 8/10...
  客户端训练 9/10...
  客户端训练 10/10...
  客户端训练完成 (10)     
[Round 10/100] 正在训练...
  客户端训练 1/10...
  客户端训练 2/10...
  客户端训练 3/10...
  客户端训练 4/10...
  客户端训练 5/10...
  客户端训练 6/10...
  客户端训练 7/10...
  客户端训练 8/10...
  客户端训练 9/10...
  客户端训练 10/10...
  客户端训练完成 (10)     
[Round 10/100]                              
Averaged Train Loss: 0.5375
Averaged Test Accuracy: 0.7716
Averaged Test AUC: 0.7005
Averaged Test Precision: 0.6802
Averaged Test Recall: 0.7716
Averaged Test F1-Score: 0.6992
Std Test Accuracy: 0.0637
Std Test AUC: 0.0694
  检测: 正常=0, 异常=10
  耗时: 13.89s

[Round 11/100] 正在训练...
  客户端训练 1/10...
  客户端训练 2/10...
  客户端训练 3/10...
  客户端训练 4/10...
  客户端训练 5/10...
  客户端训练 6/10...
  客户端训练 7/10...
  客户端训练 8/10...
  客户端训练 9/10...
  客户端训练 10/10...
  客户端训练完成 (10)     
[Round 12/100] 正在训练...
  客户端训练 1/10...
  客户端训练 2/10...
  客户端训练 3/10...
  客户端训练 4/10...
  客户端训练 5/10...
  客户端训练 6/10...
  客户端训练 7/10...
  客户端训练 8/10...
  客户端训练 9/10...
  客户端训练 10/10...
  客户端训练完成 (10)     
[Round 13/100] 正在训练...
  客户端训练 1/10...
  客户端训练 2/10...
  客户端训练 3/10...
  客户端训练 4/10...
  客户端训练 5/10...
  客户端训练 6/10...
  客户端训练 7/10...
  客户端训练 8/10...
  客户端训练 9/10...
  客户端训练 10/10...
  客户端训练完成 (10)     
[Round 14/100] 正在训练...
  客户端训练 1/10...
  客户端训练 2/10...
  客户端训练 3/10...
  客户端训练 4/10...
  客户端训练 5/10...
  客户端训练 6/10...
  客户端训练 7/10...
  客户端训练 8/10...
  客户端训练 9/10...
  客户端训练 10/10...
  客户端训练完成 (10)     
[Round 15/100] 正在训练...
  客户端训练 1/10...
  客户端训练 2/10...
  客户端训练 3/10...
  客户端训练 4/10...
  客户端训练 5/10...
  客户端训练 6/10...
  客户端训练 7/10...
  客户端训练 8/10...
  客户端训练 9/10...
  客户端训练 10/10...
  客户端训练完成 (10)     
[Round 16/100] 正在训练...
  客户端训练 1/10...
  客户端训练 2/10...
  客户端训练 3/10...
  客户端训练 4/10...
  客户端训练 5/10...
  客户端训练 6/10...
  客户端训练 7/10...
  客户端训练 8/10...
  客户端训练 9/10...
  客户端训练 10/10...
  客户端训练完成 (10)     
[Round 17/100] 正在训练...
  客户端训练 1/10...
  客户端训练 2/10...
  客户端训练 3/10...
  客户端训练 4/10...
  客户端训练 5/10...
  客户端训练 6/10...
  客户端训练 7/10...
  客户端训练 8/10...
  客户端训练 9/10...
  客户端训练 10/10...
  客户端训练完成 (10)     
[Round 18/100] 正在训练...
  客户端训练 1/10...
  客户端训练 2/10...
  客户端训练 3/10...
  客户端训练 4/10...
  客户端训练 5/10...
  客户端训练 6/10...
  客户端训练 7/10...
  客户端训练 8/10...
  客户端训练 9/10...
  客户端训练 10/10...
  客户端训练完成 (10)     
[Round 19/100] 正在训练...
  客户端训练 1/10...
  客户端训练 2/10...
  客户端训练 3/10...
  客户端训练 4/10...
  客户端训练 5/10...
  客户端训练 6/10...
  客户端训练 7/10...
  客户端训练 8/10...
  客户端训练 9/10...
  客户端训练 10/10...
  客户端训练完成 (10)     
[Round 20/100] 正在训练...
  客户端训练 1/10...
  客户端训练 2/10...
  客户端训练 3/10...
  客户端训练 4/10...
  客户端训练 5/10...
  客户端训练 6/10...
  客户端训练 7/10...
  客户端训练 8/10...
  客户端训练 9/10...
  客户端训练 10/10...
  客户端训练完成 (10)     
[Round 20/100]                              
Averaged Train Loss: 0.5373
Averaged Test Accuracy: 0.7713
Averaged Test AUC: 0.7000
Averaged Test Precision: 0.6789
Averaged Test Recall: 0.7713
Averaged Test F1-Score: 0.7000
Std Test Accuracy: 0.0635
Std Test AUC: 0.0718
  检测: 正常=0, 异常=10
  耗时: 14.06s

[Round 21/100] 正在训练...
  客户端训练 1/10...
  客户端训练 2/10...
  客户端训练 3/10...
  客户端训练 4/10...
  客户端训练 5/10...
  客户端训练 6/10...
  客户端训练 7/10...
  客户端训练 8/10...
  客户端训练 9/10...
  客户端训练 10/10...
  客户端训练完成 (10)     
[Round 22/100] 正在训练...
  客户端训练 1/10...
  客户端训练 2/10...
  客户端训练 3/10...
  客户端训练 4/10...
  客户端训练 5/10...
  客户端训练 6/10...
  客户端训练 7/10...
  客户端训练 8/10...
  客户端训练 9/10...
  客户端训练 10/10...
  客户端训练完成 (10)     
[Round 23/100] 正在训练...
  客户端训练 1/10...
  客户端训练 2/10...
  客户端训练 3/10...
  客户端训练 4/10...
  客户端训练 5/10...
  客户端训练 6/10...
  客户端训练 7/10...
  客户端训练 8/10...
  客户端训练 9/10...
  客户端训练 10/10...
  客户端训练完成 (10)     
[Round 24/100] 正在训练...
  客户端训练 1/10...
  客户端训练 2/10...
  客户端训练 3/10...
  客户端训练 4/10...
  客户端训练 5/10...
  客户端训练 6/10...
  客户端训练 7/10...
  客户端训练 8/10...
  客户端训练 9/10...
  客户端训练 10/10...
  客户端训练完成 (10)     
[Round 25/100] 正在训练...
  客户端训练 1/10...
  客户端训练 2/10...
  客户端训练 3/10...
  客户端训练 4/10...
  客户端训练 5/10...
  客户端训练 6/10...
  客户端训练 7/10...
  客户端训练 8/10...
  客户端训练 9/10...
  客户端训练 10/10...
  客户端训练完成 (10)     
[Round 26/100] 正在训练...
  客户端训练 1/10...
  客户端训练 2/10...
  客户端训练 3/10...
  客户端训练 4/10...
  客户端训练 5/10...
  客户端训练 6/10...
  客户端训练 7/10...
  客户端训练 8/10...
  客户端训练 9/10...
  客户端训练 10/10...
  客户端训练完成 (10)     
[Round 27/100] 正在训练...
  客户端训练 1/10...
  客户端训练 2/10...
  客户端训练 3/10...
  客户端训练 4/10...
  客户端训练 5/10...
  客户端训练 6/10...
  客户端训练 7/10...
  客户端训练 8/10...
  客户端训练 9/10...
  客户端训练 10/10...
  客户端训练完成 (10)     
[Round 28/100] 正在训练...
  客户端训练 1/10...
  客户端训练 2/10...
  客户端训练 3/10...
  客户端训练 4/10...
  客户端训练 5/10...
  客户端训练 6/10...
  客户端训练 7/10...
  客户端训练 8/10...
  客户端训练 9/10...
  客户端训练 10/10...
  客户端训练完成 (10)     
[Round 29/100] 正在训练...
  客户端训练 1/10...
  客户端训练 2/10...
  客户端训练 3/10...
  客户端训练 4/10...
  客户端训练 5/10...
  客户端训练 6/10...
  客户端训练 7/10...
  客户端训练 8/10...
  客户端训练 9/10...
  客户端训练 10/10...
  客户端训练完成 (10)     
[Round 30/100] 正在训练...
  客户端训练 1/10...
  客户端训练 2/10...
  客户端训练 3/10...
  客户端训练 4/10...
  客户端训练 5/10...
  客户端训练 6/10...
  客户端训练 7/10...
  客户端训练 8/10...
  客户端训练 9/10...
  客户端训练 10/10...
  客户端训练完成 (10)     
[Round 30/100]                              
Averaged Train Loss: 0.5391
Averaged Test Accuracy: 0.7725
Averaged Test AUC: 0.6971
Averaged Test Precision: 0.6822
Averaged Test Recall: 0.7725
Averaged Test F1-Score: 0.7012
Std Test Accuracy: 0.0631
Std Test AUC: 0.0729
  检测: 正常=0, 异常=10
  耗时: 13.99s

[Round 31/100] 正在训练...
  客户端训练 1/10...
  客户端训练 2/10...
  客户端训练 3/10...
  客户端训练 4/10...
  客户端训练 5/10...
  客户端训练 6/10...
  客户端训练 7/10...
  客户端训练 8/10...
  客户端训练 9/10...
  客户端训练 10/10...
  客户端训练完成 (10)     
[Round 32/100] 正在训练...
  客户端训练 1/10...
  客户端训练 2/10...
  客户端训练 3/10...
  客户端训练 4/10...
  客户端训练 5/10...
  客户端训练 6/10...
  客户端训练 7/10...
  客户端训练 8/10...
  客户端训练 9/10...
  客户端训练 10/10...
  客户端训练完成 (10)     
[Round 33/100] 正在训练...
  客户端训练 1/10...
  客户端训练 2/10...
  客户端训练 3/10...
  客户端训练 4/10...
  客户端训练 5/10...
  客户端训练 6/10...
  客户端训练 7/10...
  客户端训练 8/10...
  客户端训练 9/10...
  客户端训练 10/10...
  客户端训练完成 (10)     
[Round 34/100] 正在训练...
  客户端训练 1/10...
  客户端训练 2/10...
  客户端训练 3/10...
  客户端训练 4/10...
  客户端训练 5/10...
  客户端训练 6/10...
  客户端训练 7/10...
  客户端训练 8/10...
  客户端训练 9/10...
  客户端训练 10/10...
  客户端训练完成 (10)     
[Round 35/100] 正在训练...
  客户端训练 1/10...
  客户端训练 2/10...
  客户端训练 3/10...
  客户端训练 4/10...
  客户端训练 5/10...
  客户端训练 6/10...
  客户端训练 7/10...
  客户端训练 8/10...
  客户端训练 9/10...
  客户端训练 10/10...
  客户端训练完成 (10)     
[Round 36/100] 正在训练...
  客户端训练 1/10...
  客户端训练 2/10...
  客户端训练 3/10...
  客户端训练 4/10...
  客户端训练 5/10...
  客户端训练 6/10...
  客户端训练 7/10...
  客户端训练 8/10...
  客户端训练 9/10...
  客户端训练 10/10...
  客户端训练完成 (10)     
[Round 37/100] 正在训练...
  客户端训练 1/10...
  客户端训练 2/10...
  客户端训练 3/10...
  客户端训练 4/10...
  客户端训练 5/10...
  客户端训练 6/10...
  客户端训练 7/10...
  客户端训练 8/10...
  客户端训练 9/10...
  客户端训练 10/10...
  客户端训练完成 (10)     
[Round 38/100] 正在训练...
  客户端训练 1/10...
  客户端训练 2/10...
  客户端训练 3/10...
  客户端训练 4/10...
  客户端训练 5/10...
  客户端训练 6/10...
  客户端训练 7/10...
  客户端训练 8/10...
  客户端训练 9/10...
  客户端训练 10/10...
  客户端训练完成 (10)     
[Round 39/100] 正在训练...
  客户端训练 1/10...
  客户端训练 2/10...
  客户端训练 3/10...
  客户端训练 4/10...
  客户端训练 5/10...
  客户端训练 6/10...
  客户端训练 7/10...
  客户端训练 8/10...
  客户端训练 9/10...
  客户端训练 10/10...
  客户端训练完成 (10)     
[Round 40/100] 正在训练...
  客户端训练 1/10...
  客户端训练 2/10...
  客户端训练 3/10...
  客户端训练 4/10...
  客户端训练 5/10...
  客户端训练 6/10...
  客户端训练 7/10...
  客户端训练 8/10...
  客户端训练 9/10...
  客户端训练 10/10...
  客户端训练完成 (10)     
[Round 40/100]                              
Averaged Train Loss: 0.5409
Averaged Test Accuracy: 0.7732
Averaged Test AUC: 0.6961
Averaged Test Precision: 0.6856
Averaged Test Recall: 0.7732
Averaged Test F1-Score: 0.7043
Std Test Accuracy: 0.0600
Std Test AUC: 0.0712
  检测: 正常=0, 异常=10
  耗时: 12.65s

[Round 41/100] 正在训练...
  客户端训练 1/10...
  客户端训练 2/10...
  客户端训练 3/10...
  客户端训练 4/10...
  客户端训练 5/10...
  客户端训练 6/10...
  客户端训练 7/10...
  客户端训练 8/10...
  客户端训练 9/10...
  客户端训练 10/10...
  客户端训练完成 (10)     
[Round 42/100] 正在训练...
  客户端训练 1/10...
  客户端训练 2/10...
  客户端训练 3/10...
  客户端训练 4/10...
  客户端训练 5/10...
  客户端训练 6/10...
  客户端训练 7/10...
  客户端训练 8/10...
  客户端训练 9/10...
  客户端训练 10/10...
  客户端训练完成 (10)     
[Round 43/100] 正在训练...
  客户端训练 1/10...
  客户端训练 2/10...
  客户端训练 3/10...
  客户端训练 4/10...
  客户端训练 5/10...
  客户端训练 6/10...
  客户端训练 7/10...
  客户端训练 8/10...
  客户端训练 9/10...
  客户端训练 10/10...
  客户端训练完成 (10)     
[Round 44/100] 正在训练...
  客户端训练 1/10...
  客户端训练 2/10...
  客户端训练 3/10...
  客户端训练 4/10...
  客户端训练 5/10...
  客户端训练 6/10...
  客户端训练 7/10...
  客户端训练 8/10...
  客户端训练 9/10...
  客户端训练 10/10...
  客户端训练完成 (10)     
[Round 45/100] 正在训练...
  客户端训练 1/10...
  客户端训练 2/10...
  客户端训练 3/10...
  客户端训练 4/10...
  客户端训练 5/10...
  客户端训练 6/10...
  客户端训练 7/10...
  客户端训练 8/10...
  客户端训练 9/10...
  客户端训练 10/10...
  客户端训练完成 (10)     
[Round 46/100] 正在训练...
  客户端训练 1/10...
  客户端训练 2/10...
  客户端训练 3/10...
  客户端训练 4/10...
  客户端训练 5/10...
  客户端训练 6/10...
  客户端训练 7/10...
  客户端训练 8/10...
  客户端训练 9/10...
  客户端训练 10/10...
  客户端训练完成 (10)     
[Round 47/100] 正在训练...
  客户端训练 1/10...
  客户端训练 2/10...
  客户端训练 3/10...
  客户端训练 4/10...
  客户端训练 5/10...
  客户端训练 6/10...
  客户端训练 7/10...
  客户端训练 8/10...
  客户端训练 9/10...
  客户端训练 10/10...
  客户端训练完成 (10)     
[Round 48/100] 正在训练...
  客户端训练 1/10...
  客户端训练 2/10...
  客户端训练 3/10...
  客户端训练 4/10...
  客户端训练 5/10...
  客户端训练 6/10...
  客户端训练 7/10...
  客户端训练 8/10...
  客户端训练 9/10...
  客户端训练 10/10...
  客户端训练完成 (10)     
[Round 49/100] 正在训练...
  客户端训练 1/10...
  客户端训练 2/10...
  客户端训练 3/10...
  客户端训练 4/10...
  客户端训练 5/10...
  客户端训练 6/10...
  客户端训练 7/10...
  客户端训练 8/10...
  客户端训练 9/10...
  客户端训练 10/10...
  客户端训练完成 (10)     
[Round 50/100] 正在训练...
  客户端训练 1/10...
  客户端训练 2/10...
  客户端训练 3/10...
  客户端训练 4/10...
  客户端训练 5/10...
  客户端训练 6/10...
  客户端训练 7/10...
  客户端训练 8/10...
  客户端训练 9/10...
  客户端训练 10/10...
  客户端训练完成 (10)     
[Round 50/100]                              
Averaged Train Loss: 0.5429
Averaged Test Accuracy: 0.7744
Averaged Test AUC: 0.6944
Averaged Test Precision: 0.6799
Averaged Test Recall: 0.7744
Averaged Test F1-Score: 0.7085
Std Test Accuracy: 0.0591
Std Test AUC: 0.0759
  检测: 正常=0, 异常=10
  耗时: 13.50s

[Round 51/100] 正在训练...
  客户端训练 1/10...
  客户端训练 2/10...
  客户端训练 3/10...
  客户端训练 4/10...
  客户端训练 5/10...
  客户端训练 6/10...
  客户端训练 7/10...
  客户端训练 8/10...
  客户端训练 9/10...
  客户端训练 10/10...
  客户端训练完成 (10)     
[Round 52/100] 正在训练...
  客户端训练 1/10...
  客户端训练 2/10...
  客户端训练 3/10...
  客户端训练 4/10...
  客户端训练 5/10...
  客户端训练 6/10...
  客户端训练 7/10...
  客户端训练 8/10...
  客户端训练 9/10...
  客户端训练 10/10...
  客户端训练完成 (10)     
[Round 53/100] 正在训练...
  客户端训练 1/10...
  客户端训练 2/10...
  客户端训练 3/10...
  客户端训练 4/10...
  客户端训练 5/10...
  客户端训练 6/10...
  客户端训练 7/10...
  客户端训练 8/10...
  客户端训练 9/10...
  客户端训练 10/10...
  客户端训练完成 (10)     
[Round 54/100] 正在训练...
  客户端训练 1/10...
  客户端训练 2/10...
  客户端训练 3/10...
  客户端训练 4/10...
  客户端训练 5/10...
  客户端训练 6/10...
  客户端训练 7/10...
  客户端训练 8/10...
  客户端训练 9/10...
  客户端训练 10/10...
  客户端训练完成 (10)     
[Round 55/100] 正在训练...
  客户端训练 1/10...
  客户端训练 2/10...
  客户端训练 3/10...
  客户端训练 4/10...
  客户端训练 5/10...
  客户端训练 6/10...
  客户端训练 7/10...
  客户端训练 8/10...
  客户端训练 9/10...
  客户端训练 10/10...
  客户端训练完成 (10)     
[Round 56/100] 正在训练...
  客户端训练 1/10...
  客户端训练 2/10...
  客户端训练 3/10...
  客户端训练 4/10...
  客户端训练 5/10...
  客户端训练 6/10...
  客户端训练 7/10...
  客户端训练 8/10...
  客户端训练 9/10...
  客户端训练 10/10...
  客户端训练完成 (10)     
[Round 57/100] 正在训练...
  客户端训练 1/10...
  客户端训练 2/10...
  客户端训练 3/10...
  客户端训练 4/10...
  客户端训练 5/10...
  客户端训练 6/10...
  客户端训练 7/10...
  客户端训练 8/10...
  客户端训练 9/10...
  客户端训练 10/10...
  客户端训练完成 (10)     
[Round 58/100] 正在训练...
  客户端训练 1/10...
  客户端训练 2/10...
  客户端训练 3/10...
  客户端训练 4/10...
  客户端训练 5/10...
  客户端训练 6/10...
  客户端训练 7/10...
  客户端训练 8/10...
  客户端训练 9/10...
  客户端训练 10/10...
  客户端训练完成 (10)     
[Round 59/100] 正在训练...
  客户端训练 1/10...
  客户端训练 2/10...
  客户端训练 3/10...
  客户端训练 4/10...
  客户端训练 5/10...
  客户端训练 6/10...
  客户端训练 7/10...
  客户端训练 8/10...
  客户端训练 9/10...
  客户端训练 10/10...
  客户端训练完成 (10)     
[Round 60/100] 正在训练...
  客户端训练 1/10...
  客户端训练 2/10...
  客户端训练 3/10...
  客户端训练 4/10...
  客户端训练 5/10...
  客户端训练 6/10...
  客户端训练 7/10...
  客户端训练 8/10...
  客户端训练 9/10...
  客户端训练 10/10...
  客户端训练完成 (10)     
[Round 60/100]                              
Averaged Train Loss: 0.5440
Averaged Test Accuracy: 0.7759
Averaged Test AUC: 0.6966
Averaged Test Precision: 0.6860
Averaged Test Recall: 0.7759
Averaged Test F1-Score: 0.7104
Std Test Accuracy: 0.0579
Std Test AUC: 0.0731
  检测: 正常=0, 异常=10
  耗时: 13.70s

[Round 61/100] 正在训练...
  客户端训练 1/10...
  客户端训练 2/10...
  客户端训练 3/10...
  客户端训练 4/10...
  客户端训练 5/10...
  客户端训练 6/10...
  客户端训练 7/10...
  客户端训练 8/10...
  客户端训练 9/10...
  客户端训练 10/10...
  客户端训练完成 (10)     
[Round 62/100] 正在训练...
  客户端训练 1/10...
  客户端训练 2/10...
  客户端训练 3/10...
  客户端训练 4/10...
  客户端训练 5/10...
  客户端训练 6/10...
  客户端训练 7/10...
  客户端训练 8/10...
  客户端训练 9/10...
  客户端训练 10/10...
  客户端训练完成 (10)     
[Round 63/100] 正在训练...
  客户端训练 1/10...
  客户端训练 2/10...
  客户端训练 3/10...
  客户端训练 4/10...
  客户端训练 5/10...
  客户端训练 6/10...
  客户端训练 7/10...
  客户端训练 8/10...
  客户端训练 9/10...
  客户端训练 10/10...
  客户端训练完成 (10)     
[Round 64/100] 正在训练...
  客户端训练 1/10...
  客户端训练 2/10...
  客户端训练 3/10...
  客户端训练 4/10...
  客户端训练 5/10...
  客户端训练 6/10...
  客户端训练 7/10...
  客户端训练 8/10...
  客户端训练 9/10...
  客户端训练 10/10...
  客户端训练完成 (10)     
[Round 65/100] 正在训练...
  客户端训练 1/10...
  客户端训练 2/10...
  客户端训练 3/10...
  客户端训练 4/10...
  客户端训练 5/10...
  客户端训练 6/10...
  客户端训练 7/10...
  客户端训练 8/10...
  客户端训练 9/10...
  客户端训练 10/10...
  客户端训练完成 (10)     
[Round 66/100] 正在训练...
  客户端训练 1/10...
  客户端训练 2/10...
  客户端训练 3/10...
  客户端训练 4/10...
  客户端训练 5/10...
  客户端训练 6/10...
  客户端训练 7/10...
  客户端训练 8/10...
  客户端训练 9/10...
  客户端训练 10/10...
  客户端训练完成 (10)     
[Round 67/100] 正在训练...
  客户端训练 1/10...
  客户端训练 2/10...
  客户端训练 3/10...
  客户端训练 4/10...
  客户端训练 5/10...
  客户端训练 6/10...
  客户端训练 7/10...
  客户端训练 8/10...
  客户端训练 9/10...
  客户端训练 10/10...
  客户端训练完成 (10)     
[Round 68/100] 正在训练...
  客户端训练 1/10...
  客户端训练 2/10...
  客户端训练 3/10...
  客户端训练 4/10...
  客户端训练 5/10...
  客户端训练 6/10...
  客户端训练 7/10...
  客户端训练 8/10...
  客户端训练 9/10...
  客户端训练 10/10...
  客户端训练完成 (10)     
[Round 69/100] 正在训练...
  客户端训练 1/10...
  客户端训练 2/10...
  客户端训练 3/10...
  客户端训练 4/10...
  客户端训练 5/10...
  客户端训练 6/10...
  客户端训练 7/10...
  客户端训练 8/10...
  客户端训练 9/10...
  客户端训练 10/10...
  客户端训练完成 (10)     
[Round 70/100] 正在训练...
  客户端训练 1/10...
  客户端训练 2/10...
  客户端训练 3/10...
  客户端训练 4/10...
  客户端训练 5/10...
  客户端训练 6/10...
  客户端训练 7/10...
  客户端训练 8/10...
  客户端训练 9/10...
  客户端训练 10/10...
  客户端训练完成 (10)     
[Round 70/100]                              
Averaged Train Loss: 0.5473
Averaged Test Accuracy: 0.7752
Averaged Test AUC: 0.6931
Averaged Test Precision: 0.6863
Averaged Test Recall: 0.7752
Averaged Test F1-Score: 0.7132
Std Test Accuracy: 0.0568
Std Test AUC: 0.0754
  检测: 正常=0, 异常=10
  耗时: 13.97s

[Round 71/100] 正在训练...
  客户端训练 1/10...
  客户端训练 2/10...
  客户端训练 3/10...
  客户端训练 4/10...
  客户端训练 5/10...
  客户端训练 6/10...
  客户端训练 7/10...
  客户端训练 8/10...
  客户端训练 9/10...
  客户端训练 10/10...
  客户端训练完成 (10)     
[Round 72/100] 正在训练...
  客户端训练 1/10...
  客户端训练 2/10...
  客户端训练 3/10...
  客户端训练 4/10...
  客户端训练 5/10...
  客户端训练 6/10...
  客户端训练 7/10...
  客户端训练 8/10...
  客户端训练 9/10...
  客户端训练 10/10...
  客户端训练完成 (10)     
[Round 73/100] 正在训练...
  客户端训练 1/10...
  客户端训练 2/10...
  客户端训练 3/10...
  客户端训练 4/10...
  客户端训练 5/10...
  客户端训练 6/10...
  客户端训练 7/10...
  客户端训练 8/10...
  客户端训练 9/10...
  客户端训练 10/10...
  客户端训练完成 (10)     
[Round 74/100] 正在训练...
  客户端训练 1/10...
  客户端训练 2/10...
  客户端训练 3/10...
  客户端训练 4/10...
  客户端训练 5/10...
  客户端训练 6/10...
  客户端训练 7/10...
  客户端训练 8/10...
  客户端训练 9/10...
  客户端训练 10/10...
  客户端训练完成 (10)     
[Round 75/100] 正在训练...
  客户端训练 1/10...
  客户端训练 2/10...
  客户端训练 3/10...
  客户端训练 4/10...
  客户端训练 5/10...
  客户端训练 6/10...
  客户端训练 7/10...
  客户端训练 8/10...
  客户端训练 9/10...
  客户端训练 10/10...
  客户端训练完成 (10)     
[Round 76/100] 正在训练...
  客户端训练 1/10...
  客户端训练 2/10...
  客户端训练 3/10...
  客户端训练 4/10...
  客户端训练 5/10...
  客户端训练 6/10...
  客户端训练 7/10...
  客户端训练 8/10...
  客户端训练 9/10...
  客户端训练 10/10...
  客户端训练完成 (10)     
[Round 77/100] 正在训练...
  客户端训练 1/10...
  客户端训练 2/10...
  客户端训练 3/10...
  客户端训练 4/10...
  客户端训练 5/10...
  客户端训练 6/10...
  客户端训练 7/10...
  客户端训练 8/10...
  客户端训练 9/10...
  客户端训练 10/10...
  客户端训练完成 (10)     
[Round 78/100] 正在训练...
  客户端训练 1/10...
  客户端训练 2/10...
  客户端训练 3/10...
  客户端训练 4/10...
  客户端训练 5/10...
  客户端训练 6/10...
  客户端训练 7/10...
  客户端训练 8/10...
  客户端训练 9/10...
  客户端训练 10/10...
  客户端训练完成 (10)     
[Round 79/100] 正在训练...
  客户端训练 1/10...
  客户端训练 2/10...
  客户端训练 3/10...
  客户端训练 4/10...
  客户端训练 5/10...
  客户端训练 6/10...
  客户端训练 7/10...
  客户端训练 8/10...
  客户端训练 9/10...
  客户端训练 10/10...
  客户端训练完成 (10)     
[Round 80/100] 正在训练...
  客户端训练 1/10...
  客户端训练 2/10...
  客户端训练 3/10...
  客户端训练 4/10...
  客户端训练 5/10...
  客户端训练 6/10...
  客户端训练 7/10...
  客户端训练 8/10...
  客户端训练 9/10...
  客户端训练 10/10...
  客户端训练完成 (10)     
[Round 80/100]                              
Averaged Train Loss: 0.5495
Averaged Test Accuracy: 0.7745
Averaged Test AUC: 0.6917
Averaged Test Precision: 0.6859
Averaged Test Recall: 0.7745
Averaged Test F1-Score: 0.7127
Std Test Accuracy: 0.0581
Std Test AUC: 0.0748
  检测: 正常=0, 异常=10
  耗时: 13.42s

[Round 81/100] 正在训练...
  客户端训练 1/10...
  客户端训练 2/10...
  客户端训练 3/10...
  客户端训练 4/10...
  客户端训练 5/10...
  客户端训练 6/10...
  客户端训练 7/10...
  客户端训练 8/10...
  客户端训练 9/10...
  客户端训练 10/10...
  客户端训练完成 (10)     
[Round 82/100] 正在训练...
  客户端训练 1/10...
  客户端训练 2/10...
  客户端训练 3/10...
  客户端训练 4/10...
  客户端训练 5/10...
  客户端训练 6/10...
  客户端训练 7/10...
  客户端训练 8/10...
  客户端训练 9/10...
  客户端训练 10/10...
  客户端训练完成 (10)     
[Round 83/100] 正在训练...
  客户端训练 1/10...
  客户端训练 2/10...
  客户端训练 3/10...
  客户端训练 4/10...
  客户端训练 5/10...
  客户端训练 6/10...
  客户端训练 7/10...
  客户端训练 8/10...
  客户端训练 9/10...
  客户端训练 10/10...
  客户端训练完成 (10)     
[Round 84/100] 正在训练...
  客户端训练 1/10...
  客户端训练 2/10...
  客户端训练 3/10...
  客户端训练 4/10...
  客户端训练 5/10...
  客户端训练 6/10...
  客户端训练 7/10...
  客户端训练 8/10...
  客户端训练 9/10...
  客户端训练 10/10...
  客户端训练完成 (10)     
[Round 85/100] 正在训练...
  客户端训练 1/10...
  客户端训练 2/10...
  客户端训练 3/10...
  客户端训练 4/10...
  客户端训练 5/10...
  客户端训练 6/10...
  客户端训练 7/10...
  客户端训练 8/10...
  客户端训练 9/10...
  客户端训练 10/10...
  客户端训练完成 (10)     
[Round 86/100] 正在训练...
  客户端训练 1/10...
  客户端训练 2/10...
  客户端训练 3/10...
  客户端训练 4/10...
  客户端训练 5/10...
  客户端训练 6/10...
  客户端训练 7/10...
  客户端训练 8/10...
  客户端训练 9/10...
  客户端训练 10/10...
  客户端训练完成 (10)     
[Round 87/100] 正在训练...
  客户端训练 1/10...
  客户端训练 2/10...
  客户端训练 3/10...
  客户端训练 4/10...
  客户端训练 5/10...
  客户端训练 6/10...
  客户端训练 7/10...
  客户端训练 8/10...
  客户端训练 9/10...
  客户端训练 10/10...
  客户端训练完成 (10)     
[Round 88/100] 正在训练...
  客户端训练 1/10...
  客户端训练 2/10...
  客户端训练 3/10...
  客户端训练 4/10...
  客户端训练 5/10...
  客户端训练 6/10...
  客户端训练 7/10...
  客户端训练 8/10...
  客户端训练 9/10...
  客户端训练 10/10...
  客户端训练完成 (10)     
[Round 89/100] 正在训练...
  客户端训练 1/10...
  客户端训练 2/10...
  客户端训练 3/10...
  客户端训练 4/10...
  客户端训练 5/10...
  客户端训练 6/10...
  客户端训练 7/10...
  客户端训练 8/10...
  客户端训练 9/10...
  客户端训练 10/10...
  客户端训练完成 (10)     
[Round 90/100] 正在训练...
  客户端训练 1/10...
  客户端训练 2/10...
  客户端训练 3/10...
  客户端训练 4/10...
  客户端训练 5/10...
  客户端训练 6/10...
  客户端训练 7/10...
  客户端训练 8/10...
  客户端训练 9/10...
  客户端训练 10/10...
  客户端训练完成 (10)     
[Round 90/100]                              
Averaged Train Loss: 0.5499
Averaged Test Accuracy: 0.7739
Averaged Test AUC: 0.6938
Averaged Test Precision: 0.6838
Averaged Test Recall: 0.7739
Averaged Test F1-Score: 0.7129
Std Test Accuracy: 0.0587
Std Test AUC: 0.0753
  检测: 正常=0, 异常=10
  耗时: 14.52s

[Round 91/100] 正在训练...
  客户端训练 1/10...
  客户端训练 2/10...
  客户端训练 3/10...
  客户端训练 4/10...
  客户端训练 5/10...
  客户端训练 6/10...
  客户端训练 7/10...
  客户端训练 8/10...
  客户端训练 9/10...
  客户端训练 10/10...
  客户端训练完成 (10)     
[Round 92/100] 正在训练...
  客户端训练 1/10...
  客户端训练 2/10...
  客户端训练 3/10...
  客户端训练 4/10...
  客户端训练 5/10...
  客户端训练 6/10...
  客户端训练 7/10...
  客户端训练 8/10...
  客户端训练 9/10...
  客户端训练 10/10...
  客户端训练完成 (10)     
[Round 93/100] 正在训练...
  客户端训练 1/10...
  客户端训练 2/10...
  客户端训练 3/10...
  客户端训练 4/10...
  客户端训练 5/10...
  客户端训练 6/10...
  客户端训练 7/10...
  客户端训练 8/10...
  客户端训练 9/10...
  客户端训练 10/10...
  客户端训练完成 (10)     
[Round 94/100] 正在训练...
  客户端训练 1/10...
  客户端训练 2/10...
  客户端训练 3/10...
  客户端训练 4/10...
  客户端训练 5/10...
  客户端训练 6/10...
  客户端训练 7/10...
  客户端训练 8/10...
  客户端训练 9/10...
  客户端训练 10/10...
  客户端训练完成 (10)     
[Round 95/100] 正在训练...
  客户端训练 1/10...
  客户端训练 2/10...
  客户端训练 3/10...
  客户端训练 4/10...
  客户端训练 5/10...
  客户端训练 6/10...
  客户端训练 7/10...
  客户端训练 8/10...
  客户端训练 9/10...
  客户端训练 10/10...
  客户端训练完成 (10)     
[Round 96/100] 正在训练...
  客户端训练 1/10...
  客户端训练 2/10...
  客户端训练 3/10...
  客户端训练 4/10...
  客户端训练 5/10...
  客户端训练 6/10...
  客户端训练 7/10...
  客户端训练 8/10...
  客户端训练 9/10...
  客户端训练 10/10...
  客户端训练完成 (10)     
[Round 97/100] 正在训练...
  客户端训练 1/10...
  客户端训练 2/10...
  客户端训练 3/10...
  客户端训练 4/10...
  客户端训练 5/10...
  客户端训练 6/10...
  客户端训练 7/10...
  客户端训练 8/10...
  客户端训练 9/10...
  客户端训练 10/10...
  客户端训练完成 (10)     
[Round 98/100] 正在训练...
  客户端训练 1/10...
  客户端训练 2/10...
  客户端训练 3/10...
  客户端训练 4/10...
  客户端训练 5/10...
  客户端训练 6/10...
  客户端训练 7/10...
  客户端训练 8/10...
  客户端训练 9/10...
  客户端训练 10/10...
  客户端训练完成 (10)     
[Round 99/100] 正在训练...
  客户端训练 1/10...
  客户端训练 2/10...
  客户端训练 3/10...
  客户端训练 4/10...
  客户端训练 5/10...
  客户端训练 6/10...
  客户端训练 7/10...
  客户端训练 8/10...
  客户端训练 9/10...
  客户端训练 10/10...
  客户端训练完成 (10)     
[Round 100/100] 正在训练...
  客户端训练 1/10...
  客户端训练 2/10...
  客户端训练 3/10...
  客户端训练 4/10...
  客户端训练 5/10...
  客户端训练 6/10...
  客户端训练 7/10...
  客户端训练 8/10...
  客户端训练 9/10...
  客户端训练 10/10...
  客户端训练完成 (10)     
[Round 100/100]                              
Averaged Train Loss: 0.5531
Averaged Test Accuracy: 0.7727
Averaged Test AUC: 0.6872
Averaged Test Precision: 0.6860
Averaged Test Recall: 0.7727
Averaged Test F1-Score: 0.7137
Std Test Accuracy: 0.0595
Std Test AUC: 0.0768
  检测: 正常=0, 异常=10
  耗时: 15.40s

============================================================
训练完成

检测统计:
  TP=289, FP=652, TN=48, FN=11
  Precision=0.3071, Recall=0.9633, F1=0.4658
✅ Excel已保存: results/检测统计/Uci_label_skew_fedact_label_flip_stats.xlsx

✅ 检测统计已保存: results/检测统计/Uci_label_skew_fedact_label_flip_stats.json
累积指标 - Precision: 0.307, Recall: 0.963, Accuracy: 0.337
============================================================
File path: results/Uci_FedTLBO_test/Uci_FedTLBO_test_0.h5
Training process CSV file path: results/Uci_FedTLBO_test/Uci_FedTLBO_test_0_training_process.csv
Training process data saved to: results/Uci_FedTLBO_test/Uci_FedTLBO_test_0_training_process.csv

平均训练时间: 1270.52秒
