实验: Uci_iid_ipm_Krum_run1
物理GPU ID: 3
CUDA_VISIBLE_DEVICES: 3
时间: 2026-01-24 21:15:20
命令: /miniconda3/bin/python flcore/main.py -data Uci -algo FedAvg -nc 10 -gr 100 -ls 5 -lbs 64 -lr 0.01 -eg 10 -t 1 --heterogeneity iid --enable_attack True --attack_mode ipm --malicious_ratio 0.3 --defense_mode krum --use_tlbo False --tlbo_iterations 10 --use_autoencoder False --use_committee False
工作目录: /root/DecisionSupportSystem-FedACT/system

[GPU] 使用环境变量指定的GPU: CUDA_VISIBLE_DEVICES=3
============================================================
实验配置:
============================================================
  goal: test
  device: cuda
  device_id: 0
  dataset: Uci
  heterogeneity: iid
  model: auto
  num_classes: 2
  batch_size: 64
  local_learning_rate: 0.01
  global_rounds: 100
  local_epochs: 5
  algorithm: FedAvg
  num_clients: 10
  join_ratio: 1.0
  random_join_ratio: False
  prev: 0
  times: 1
  eval_gap: 10
  save_folder_name: results
  learning_rate_decay: False
  learning_rate_decay_gamma: 0.99
  few_shot: 0
  time_select: False
  time_threthold: 10000
  top_cnt: 100
  auto_break: False
  client_drop_rate: 0.0
  train_slow_rate: 0.0
  send_slow_rate: 0.0
  dlg_eval: False
  dlg_gap: 100
  batch_num_per_client: 2
  num_new_clients: 0
  fine_tuning_epoch_new: 0
  mu: 0.01
  beta: 0.0
  lamda: 1.0
  tau: 1.0
  plocal_epochs: 1
  server_learning_rate: 1.0
  enable_attack: True
  attack_mode: ipm
  malicious_ratio: 0.3
  attack_scale: 3.0
  defense_mode: krum
  use_autoencoder: False
  autoencoder_latent_dim: 64
  autoencoder_epochs: 20
  committee_size: 5
  vote_threshold: 0.5
  anomaly_threshold: 0.5
  anomaly_lower_coef: 0.7
  anomaly_upper_coef: 1.5
  use_committee: False
  tlbo_iterations: 10
  use_tlbo: False
  use_merkle: True
  use_incentive: True
============================================================

============= 第 1 次实验 =============
正在初始化服务器和客户端...
数据集: Uci, 特征维度: 23
模型参数量: 189,330

Join ratio / total clients: 1.0 / 10
Finished creating server and clients.

-------------Round number: 0-------------

Evaluate global model
Averaged Train Loss: 0.6905
Averaged Test Accuracy: 0.5856
Averaged Test AUC: 0.5178
Averaged Test Precision: 0.6416
Averaged Test Recall: 0.5856
Averaged Test F1-Score: 0.5989
Std Test Accuracy: 0.1062
Std Test AUC: 0.0476
------------------------- time cost ------------------------- 7.201741695404053
------------------------- time cost ------------------------- 6.403387069702148
------------------------- time cost ------------------------- 6.364423990249634
------------------------- time cost ------------------------- 6.373458385467529
------------------------- time cost ------------------------- 6.462542533874512
------------------------- time cost ------------------------- 6.247319459915161
------------------------- time cost ------------------------- 6.222858667373657
------------------------- time cost ------------------------- 6.202507019042969
------------------------- time cost ------------------------- 6.300455570220947
------------------------- time cost ------------------------- 6.31949782371521

-------------Round number: 10-------------

Evaluate global model
Averaged Train Loss: 0.4953
Averaged Test Accuracy: 0.7413
Averaged Test AUC: 0.7417
Averaged Test Precision: 0.7263
Averaged Test Recall: 0.7413
Averaged Test F1-Score: 0.6487
Std Test Accuracy: 0.1013
Std Test AUC: 0.0620
------------------------- time cost ------------------------- 7.28797173500061
------------------------- time cost ------------------------- 6.261070013046265
------------------------- time cost ------------------------- 6.394478797912598
------------------------- time cost ------------------------- 6.439058303833008
------------------------- time cost ------------------------- 6.293528079986572
------------------------- time cost ------------------------- 6.438917398452759
------------------------- time cost ------------------------- 6.287753582000732
------------------------- time cost ------------------------- 6.274873971939087
------------------------- time cost ------------------------- 6.278550148010254
------------------------- time cost ------------------------- 6.314269781112671

-------------Round number: 20-------------

Evaluate global model
Averaged Train Loss: 0.4741
Averaged Test Accuracy: 0.7791
Averaged Test AUC: 0.7548
Averaged Test Precision: 0.7754
Averaged Test Recall: 0.7791
Averaged Test F1-Score: 0.7429
Std Test Accuracy: 0.0776
Std Test AUC: 0.0606
------------------------- time cost ------------------------- 7.339704513549805
------------------------- time cost ------------------------- 6.448919057846069
------------------------- time cost ------------------------- 6.332348823547363
------------------------- time cost ------------------------- 6.342087268829346
------------------------- time cost ------------------------- 6.284943103790283
------------------------- time cost ------------------------- 6.338598012924194
------------------------- time cost ------------------------- 6.264430046081543
------------------------- time cost ------------------------- 6.134821891784668
------------------------- time cost ------------------------- 6.276412725448608
------------------------- time cost ------------------------- 6.258642911911011

-------------Round number: 30-------------

Evaluate global model
Averaged Train Loss: 0.4702
Averaged Test Accuracy: 0.7805
Averaged Test AUC: 0.7616
Averaged Test Precision: 0.7767
Averaged Test Recall: 0.7805
Averaged Test F1-Score: 0.7484
Std Test Accuracy: 0.0768
Std Test AUC: 0.0591
------------------------- time cost ------------------------- 7.393478870391846
------------------------- time cost ------------------------- 6.372538805007935
------------------------- time cost ------------------------- 6.449325799942017
------------------------- time cost ------------------------- 6.4321160316467285
------------------------- time cost ------------------------- 6.2529401779174805
------------------------- time cost ------------------------- 6.284790515899658
------------------------- time cost ------------------------- 6.3252551555633545
------------------------- time cost ------------------------- 6.218705654144287
------------------------- time cost ------------------------- 6.207669019699097
------------------------- time cost ------------------------- 6.30534291267395

-------------Round number: 40-------------

Evaluate global model
Averaged Train Loss: 0.4711
Averaged Test Accuracy: 0.7773
Averaged Test AUC: 0.7642
Averaged Test Precision: 0.7755
Averaged Test Recall: 0.7773
Averaged Test F1-Score: 0.7454
Std Test Accuracy: 0.0787
Std Test AUC: 0.0582
------------------------- time cost ------------------------- 7.397934198379517
------------------------- time cost ------------------------- 6.475694179534912
------------------------- time cost ------------------------- 6.437201738357544
------------------------- time cost ------------------------- 6.327768087387085
------------------------- time cost ------------------------- 6.238241910934448
------------------------- time cost ------------------------- 6.2579026222229
------------------------- time cost ------------------------- 6.405630111694336
------------------------- time cost ------------------------- 6.240363359451294
------------------------- time cost ------------------------- 6.173274993896484
------------------------- time cost ------------------------- 6.375239133834839

-------------Round number: 50-------------

Evaluate global model
Averaged Train Loss: 0.4693
Averaged Test Accuracy: 0.7795
Averaged Test AUC: 0.7675
Averaged Test Precision: 0.7762
Averaged Test Recall: 0.7795
Averaged Test F1-Score: 0.7497
Std Test Accuracy: 0.0761
Std Test AUC: 0.0567
------------------------- time cost ------------------------- 7.321146726608276
------------------------- time cost ------------------------- 6.400213956832886
------------------------- time cost ------------------------- 6.270594120025635
------------------------- time cost ------------------------- 6.302282333374023
------------------------- time cost ------------------------- 6.255242347717285
------------------------- time cost ------------------------- 6.209933519363403
------------------------- time cost ------------------------- 6.240427255630493
------------------------- time cost ------------------------- 6.456222772598267
------------------------- time cost ------------------------- 6.285449504852295
------------------------- time cost ------------------------- 6.476931095123291

-------------Round number: 60-------------

Evaluate global model
Averaged Train Loss: 0.4675
Averaged Test Accuracy: 0.7820
Averaged Test AUC: 0.7690
Averaged Test Precision: 0.7773
Averaged Test Recall: 0.7820
Averaged Test F1-Score: 0.7535
Std Test Accuracy: 0.0736
Std Test AUC: 0.0551
------------------------- time cost ------------------------- 7.299210786819458
------------------------- time cost ------------------------- 6.3627519607543945
------------------------- time cost ------------------------- 6.432506561279297
------------------------- time cost ------------------------- 6.279766798019409
------------------------- time cost ------------------------- 6.22629714012146
------------------------- time cost ------------------------- 6.20583963394165
------------------------- time cost ------------------------- 6.294748544692993
------------------------- time cost ------------------------- 6.320190191268921
------------------------- time cost ------------------------- 6.357503414154053
------------------------- time cost ------------------------- 6.2867255210876465

-------------Round number: 70-------------

Evaluate global model
Averaged Train Loss: 0.4665
Averaged Test Accuracy: 0.7845
Averaged Test AUC: 0.7706
Averaged Test Precision: 0.7792
Averaged Test Recall: 0.7845
Averaged Test F1-Score: 0.7594
Std Test Accuracy: 0.0691
Std Test AUC: 0.0538
------------------------- time cost ------------------------- 7.413156509399414
------------------------- time cost ------------------------- 6.332224130630493
------------------------- time cost ------------------------- 6.290661334991455
------------------------- time cost ------------------------- 6.287565231323242
------------------------- time cost ------------------------- 6.2146031856536865
------------------------- time cost ------------------------- 6.145779848098755
------------------------- time cost ------------------------- 6.192206621170044
------------------------- time cost ------------------------- 6.115022897720337
------------------------- time cost ------------------------- 6.368875980377197
------------------------- time cost ------------------------- 6.453519821166992

-------------Round number: 80-------------

Evaluate global model
Averaged Train Loss: 0.4674
Averaged Test Accuracy: 0.7820
Averaged Test AUC: 0.7715
Averaged Test Precision: 0.7772
Averaged Test Recall: 0.7820
Averaged Test F1-Score: 0.7544
Std Test Accuracy: 0.0741
Std Test AUC: 0.0531
------------------------- time cost ------------------------- 7.3589067459106445
------------------------- time cost ------------------------- 6.2389397621154785
------------------------- time cost ------------------------- 6.329676389694214
------------------------- time cost ------------------------- 6.243609428405762
------------------------- time cost ------------------------- 6.182620048522949
------------------------- time cost ------------------------- 6.208795785903931
------------------------- time cost ------------------------- 6.139799118041992
------------------------- time cost ------------------------- 6.213998079299927
------------------------- time cost ------------------------- 6.2950286865234375
------------------------- time cost ------------------------- 6.278606653213501

-------------Round number: 90-------------

Evaluate global model
Averaged Train Loss: 0.4677
Averaged Test Accuracy: 0.7836
Averaged Test AUC: 0.7717
Averaged Test Precision: 0.7798
Averaged Test Recall: 0.7836
Averaged Test F1-Score: 0.7577
Std Test Accuracy: 0.0707
Std Test AUC: 0.0544
------------------------- time cost ------------------------- 7.547980308532715
------------------------- time cost ------------------------- 6.37689995765686
------------------------- time cost ------------------------- 6.370297431945801
------------------------- time cost ------------------------- 6.335992336273193
------------------------- time cost ------------------------- 6.400469779968262
------------------------- time cost ------------------------- 6.152833938598633
------------------------- time cost ------------------------- 6.24718976020813
------------------------- time cost ------------------------- 6.177570819854736
------------------------- time cost ------------------------- 6.290152549743652
------------------------- time cost ------------------------- 6.387085914611816

-------------Round number: 100-------------

Evaluate global model
Averaged Train Loss: 0.4652
Averaged Test Accuracy: 0.7835
Averaged Test AUC: 0.7728
Averaged Test Precision: 0.7787
Averaged Test Recall: 0.7835
Averaged Test F1-Score: 0.7568
Std Test Accuracy: 0.0722
Std Test AUC: 0.0530
------------------------- time cost ------------------------- 7.700746059417725

Best accuracy.
0.7845333333333333

Average time cost per round.
6.41334043264389
File path: results/Uci_FedAvg_test/Uci_FedAvg_test_0.h5
Training process CSV file path: results/Uci_FedAvg_test/Uci_FedAvg_test_0_training_process.csv
Training process data saved to: results/Uci_FedAvg_test/Uci_FedAvg_test_0_training_process.csv

平均训练时间: 649.84秒
