实验: Uci_label_skew_minmax_None_run1
物理GPU ID: 4
CUDA_VISIBLE_DEVICES: 4
时间: 2026-01-24 22:10:13
命令: /miniconda3/bin/python flcore/main.py -data Uci -algo FedAvg -nc 10 -gr 100 -ls 5 -lbs 64 -lr 0.01 -eg 10 -t 1 --heterogeneity label_skew --enable_attack True --attack_mode minmax --malicious_ratio 0.3 --defense_mode none --use_tlbo False --tlbo_iterations 10 --use_autoencoder False --use_committee False
工作目录: /root/DecisionSupportSystem-FedACT/system

[GPU] 使用环境变量指定的GPU: CUDA_VISIBLE_DEVICES=4
============================================================
实验配置:
============================================================
  goal: test
  device: cuda
  device_id: 0
  dataset: Uci
  heterogeneity: label_skew
  model: auto
  num_classes: 2
  batch_size: 64
  local_learning_rate: 0.01
  global_rounds: 100
  local_epochs: 5
  algorithm: FedAvg
  num_clients: 10
  join_ratio: 1.0
  random_join_ratio: False
  prev: 0
  times: 1
  eval_gap: 10
  save_folder_name: results
  learning_rate_decay: False
  learning_rate_decay_gamma: 0.99
  few_shot: 0
  time_select: False
  time_threthold: 10000
  top_cnt: 100
  auto_break: False
  client_drop_rate: 0.0
  train_slow_rate: 0.0
  send_slow_rate: 0.0
  dlg_eval: False
  dlg_gap: 100
  batch_num_per_client: 2
  num_new_clients: 0
  fine_tuning_epoch_new: 0
  mu: 0.01
  beta: 0.0
  lamda: 1.0
  tau: 1.0
  plocal_epochs: 1
  server_learning_rate: 1.0
  enable_attack: True
  attack_mode: minmax
  malicious_ratio: 0.3
  attack_scale: 3.0
  defense_mode: none
  use_autoencoder: False
  autoencoder_latent_dim: 64
  autoencoder_epochs: 20
  committee_size: 5
  vote_threshold: 0.5
  anomaly_threshold: 0.5
  anomaly_lower_coef: 0.7
  anomaly_upper_coef: 1.5
  use_committee: False
  tlbo_iterations: 10
  use_tlbo: False
  use_merkle: True
  use_incentive: True
============================================================

============= 第 1 次实验 =============
正在初始化服务器和客户端...
数据集: Uci, 特征维度: 23
模型参数量: 189,330

Join ratio / total clients: 1.0 / 10
Finished creating server and clients.

-------------Round number: 0-------------

Evaluate global model
Averaged Train Loss: 0.6905
Averaged Test Accuracy: 0.5856
Averaged Test AUC: 0.5178
Averaged Test Precision: 0.6416
Averaged Test Recall: 0.5856
Averaged Test F1-Score: 0.5989
Std Test Accuracy: 0.1062
Std Test AUC: 0.0476
------------------------- time cost ------------------------- 7.714290380477905
------------------------- time cost ------------------------- 6.605353355407715
------------------------- time cost ------------------------- 7.106872797012329
------------------------- time cost ------------------------- 6.713289260864258
------------------------- time cost ------------------------- 7.001124620437622
------------------------- time cost ------------------------- 6.15781831741333
------------------------- time cost ------------------------- 5.877615451812744
------------------------- time cost ------------------------- 5.951340198516846
------------------------- time cost ------------------------- 6.530082702636719
------------------------- time cost ------------------------- 6.471387147903442

-------------Round number: 10-------------

Evaluate global model
Averaged Train Loss: 0.4946
Averaged Test Accuracy: 0.7405
Averaged Test AUC: 0.7425
Averaged Test Precision: 0.7049
Averaged Test Recall: 0.7405
Averaged Test F1-Score: 0.6472
Std Test Accuracy: 0.1010
Std Test AUC: 0.0610
------------------------- time cost ------------------------- 7.586019039154053
------------------------- time cost ------------------------- 6.423291444778442
------------------------- time cost ------------------------- 6.382313966751099
------------------------- time cost ------------------------- 6.382997989654541
------------------------- time cost ------------------------- 6.540296316146851
------------------------- time cost ------------------------- 6.736119031906128
------------------------- time cost ------------------------- 6.530050992965698
------------------------- time cost ------------------------- 6.43880295753479
------------------------- time cost ------------------------- 6.3848371505737305
------------------------- time cost ------------------------- 6.5734686851501465

-------------Round number: 20-------------

Evaluate global model
Averaged Train Loss: 0.4758
Averaged Test Accuracy: 0.7747
Averaged Test AUC: 0.7547
Averaged Test Precision: 0.7730
Averaged Test Recall: 0.7747
Averaged Test F1-Score: 0.7360
Std Test Accuracy: 0.0861
Std Test AUC: 0.0611
------------------------- time cost ------------------------- 7.480399131774902
------------------------- time cost ------------------------- 6.53667688369751
------------------------- time cost ------------------------- 6.401262521743774
------------------------- time cost ------------------------- 6.427546977996826
------------------------- time cost ------------------------- 6.4887635707855225
------------------------- time cost ------------------------- 6.617871522903442
------------------------- time cost ------------------------- 6.282893896102905
------------------------- time cost ------------------------- 6.496500015258789
------------------------- time cost ------------------------- 6.485064268112183
------------------------- time cost ------------------------- 6.4528374671936035

-------------Round number: 30-------------

Evaluate global model
Averaged Train Loss: 0.4699
Averaged Test Accuracy: 0.7796
Averaged Test AUC: 0.7611
Averaged Test Precision: 0.7728
Averaged Test Recall: 0.7796
Averaged Test F1-Score: 0.7486
Std Test Accuracy: 0.0770
Std Test AUC: 0.0593
------------------------- time cost ------------------------- 7.55334997177124
------------------------- time cost ------------------------- 6.709217309951782
------------------------- time cost ------------------------- 6.426998138427734
------------------------- time cost ------------------------- 6.455359935760498
------------------------- time cost ------------------------- 6.449231386184692
------------------------- time cost ------------------------- 6.453182697296143
------------------------- time cost ------------------------- 6.57637619972229
------------------------- time cost ------------------------- 6.357733488082886
------------------------- time cost ------------------------- 6.385792255401611
------------------------- time cost ------------------------- 6.467076063156128

-------------Round number: 40-------------

Evaluate global model
Averaged Train Loss: 0.4689
Averaged Test Accuracy: 0.7816
Averaged Test AUC: 0.7656
Averaged Test Precision: 0.7758
Averaged Test Recall: 0.7816
Averaged Test F1-Score: 0.7525
Std Test Accuracy: 0.0734
Std Test AUC: 0.0573
------------------------- time cost ------------------------- 7.40356969833374
------------------------- time cost ------------------------- 6.532896280288696
------------------------- time cost ------------------------- 6.491666793823242
------------------------- time cost ------------------------- 6.341883897781372
------------------------- time cost ------------------------- 6.517442226409912
------------------------- time cost ------------------------- 6.392653465270996
------------------------- time cost ------------------------- 6.463258981704712
------------------------- time cost ------------------------- 6.375824928283691
------------------------- time cost ------------------------- 6.3640196323394775
------------------------- time cost ------------------------- 6.386631011962891

-------------Round number: 50-------------

Evaluate global model
Averaged Train Loss: 0.4682
Averaged Test Accuracy: 0.7827
Averaged Test AUC: 0.7679
Averaged Test Precision: 0.7767
Averaged Test Recall: 0.7827
Averaged Test F1-Score: 0.7536
Std Test Accuracy: 0.0735
Std Test AUC: 0.0561
------------------------- time cost ------------------------- 7.370542287826538
------------------------- time cost ------------------------- 6.629088878631592
------------------------- time cost ------------------------- 6.446314811706543
------------------------- time cost ------------------------- 6.40413236618042
------------------------- time cost ------------------------- 6.401543378829956
------------------------- time cost ------------------------- 6.549545764923096
------------------------- time cost ------------------------- 6.48221755027771
------------------------- time cost ------------------------- 6.569281578063965
------------------------- time cost ------------------------- 6.327704429626465
------------------------- time cost ------------------------- 6.507814645767212

-------------Round number: 60-------------

Evaluate global model
Averaged Train Loss: 0.4668
Averaged Test Accuracy: 0.7853
Averaged Test AUC: 0.7695
Averaged Test Precision: 0.7796
Averaged Test Recall: 0.7853
Averaged Test F1-Score: 0.7588
Std Test Accuracy: 0.0689
Std Test AUC: 0.0545
------------------------- time cost ------------------------- 7.474421501159668
------------------------- time cost ------------------------- 6.562914848327637
------------------------- time cost ------------------------- 6.499356985092163
------------------------- time cost ------------------------- 6.453211307525635
------------------------- time cost ------------------------- 6.515736818313599
------------------------- time cost ------------------------- 6.452969074249268
------------------------- time cost ------------------------- 6.4020936489105225
------------------------- time cost ------------------------- 6.553604602813721
------------------------- time cost ------------------------- 6.385473966598511
------------------------- time cost ------------------------- 6.387895107269287

-------------Round number: 70-------------

Evaluate global model
Averaged Train Loss: 0.4685
Averaged Test Accuracy: 0.7812
Averaged Test AUC: 0.7706
Averaged Test Precision: 0.7783
Averaged Test Recall: 0.7812
Averaged Test F1-Score: 0.7530
Std Test Accuracy: 0.0752
Std Test AUC: 0.0539
------------------------- time cost ------------------------- 7.33448338508606
------------------------- time cost ------------------------- 6.438915491104126
------------------------- time cost ------------------------- 6.6739747524261475
------------------------- time cost ------------------------- 6.6003875732421875
------------------------- time cost ------------------------- 6.39982795715332
------------------------- time cost ------------------------- 6.44470477104187
------------------------- time cost ------------------------- 6.396533012390137
------------------------- time cost ------------------------- 6.4332275390625
------------------------- time cost ------------------------- 6.630972862243652
------------------------- time cost ------------------------- 6.440375804901123

-------------Round number: 80-------------

Evaluate global model
Averaged Train Loss: 0.4677
Averaged Test Accuracy: 0.7849
Averaged Test AUC: 0.7709
Averaged Test Precision: 0.7802
Averaged Test Recall: 0.7849
Averaged Test F1-Score: 0.7581
Std Test Accuracy: 0.0717
Std Test AUC: 0.0547
------------------------- time cost ------------------------- 7.453972339630127
------------------------- time cost ------------------------- 6.512782335281372
------------------------- time cost ------------------------- 6.568810939788818
------------------------- time cost ------------------------- 6.471596717834473
------------------------- time cost ------------------------- 6.605439186096191
------------------------- time cost ------------------------- 6.577319622039795
------------------------- time cost ------------------------- 6.383523464202881
------------------------- time cost ------------------------- 6.433973550796509
------------------------- time cost ------------------------- 6.6322996616363525
------------------------- time cost ------------------------- 6.3743650913238525

-------------Round number: 90-------------

Evaluate global model
Averaged Train Loss: 0.4681
Averaged Test Accuracy: 0.7824
Averaged Test AUC: 0.7715
Averaged Test Precision: 0.7789
Averaged Test Recall: 0.7824
Averaged Test F1-Score: 0.7557
Std Test Accuracy: 0.0715
Std Test AUC: 0.0536
------------------------- time cost ------------------------- 7.528676509857178
------------------------- time cost ------------------------- 6.342530965805054
------------------------- time cost ------------------------- 6.35517954826355
------------------------- time cost ------------------------- 6.383330583572388
------------------------- time cost ------------------------- 6.598217725753784
------------------------- time cost ------------------------- 6.73560905456543
------------------------- time cost ------------------------- 6.601393461227417
------------------------- time cost ------------------------- 6.441457986831665
------------------------- time cost ------------------------- 6.578324794769287
------------------------- time cost ------------------------- 6.71312403678894

-------------Round number: 100-------------

Evaluate global model
Averaged Train Loss: 0.4654
Averaged Test Accuracy: 0.7804
Averaged Test AUC: 0.7731
Averaged Test Precision: 0.7787
Averaged Test Recall: 0.7804
Averaged Test F1-Score: 0.7493
Std Test Accuracy: 0.0786
Std Test AUC: 0.0523
------------------------- time cost ------------------------- 8.179306507110596

Best accuracy.
0.7853333333333333

Average time cost per round.
6.58807562828064
File path: results/Uci_FedAvg_test/Uci_FedAvg_test_0.h5
Training process CSV file path: results/Uci_FedAvg_test/Uci_FedAvg_test_0_training_process.csv
Training process data saved to: results/Uci_FedAvg_test/Uci_FedAvg_test_0_training_process.csv

平均训练时间: 668.17秒
