实验: Uci_label_skew_gaussian_MultiKrum_run1
物理GPU ID: 3
CUDA_VISIBLE_DEVICES: 3
时间: 2026-01-24 21:48:18
命令: /miniconda3/bin/python flcore/main.py -data Uci -algo FedAvg -nc 10 -gr 100 -ls 5 -lbs 64 -lr 0.01 -eg 10 -t 1 --heterogeneity label_skew --enable_attack True --attack_mode gaussian --malicious_ratio 0.3 --defense_mode multi_krum --use_tlbo False --tlbo_iterations 10 --use_autoencoder False --use_committee False
工作目录: /root/DecisionSupportSystem-FedACT/system

[GPU] 使用环境变量指定的GPU: CUDA_VISIBLE_DEVICES=3
============================================================
实验配置:
============================================================
  goal: test
  device: cuda
  device_id: 0
  dataset: Uci
  heterogeneity: label_skew
  model: auto
  num_classes: 2
  batch_size: 64
  local_learning_rate: 0.01
  global_rounds: 100
  local_epochs: 5
  algorithm: FedAvg
  num_clients: 10
  join_ratio: 1.0
  random_join_ratio: False
  prev: 0
  times: 1
  eval_gap: 10
  save_folder_name: results
  learning_rate_decay: False
  learning_rate_decay_gamma: 0.99
  few_shot: 0
  time_select: False
  time_threthold: 10000
  top_cnt: 100
  auto_break: False
  client_drop_rate: 0.0
  train_slow_rate: 0.0
  send_slow_rate: 0.0
  dlg_eval: False
  dlg_gap: 100
  batch_num_per_client: 2
  num_new_clients: 0
  fine_tuning_epoch_new: 0
  mu: 0.01
  beta: 0.0
  lamda: 1.0
  tau: 1.0
  plocal_epochs: 1
  server_learning_rate: 1.0
  enable_attack: True
  attack_mode: gaussian
  malicious_ratio: 0.3
  attack_scale: 3.0
  defense_mode: multi_krum
  use_autoencoder: False
  autoencoder_latent_dim: 64
  autoencoder_epochs: 20
  committee_size: 5
  vote_threshold: 0.5
  anomaly_threshold: 0.5
  anomaly_lower_coef: 0.7
  anomaly_upper_coef: 1.5
  use_committee: False
  tlbo_iterations: 10
  use_tlbo: False
  use_merkle: True
  use_incentive: True
============================================================

============= 第 1 次实验 =============
正在初始化服务器和客户端...
数据集: Uci, 特征维度: 23
模型参数量: 189,330

Join ratio / total clients: 1.0 / 10
Finished creating server and clients.

-------------Round number: 0-------------

Evaluate global model
Averaged Train Loss: 0.6905
Averaged Test Accuracy: 0.5856
Averaged Test AUC: 0.5178
Averaged Test Precision: 0.6416
Averaged Test Recall: 0.5856
Averaged Test F1-Score: 0.5989
Std Test Accuracy: 0.1062
Std Test AUC: 0.0476
------------------------- time cost ------------------------- 7.696071624755859
------------------------- time cost ------------------------- 6.382615327835083
------------------------- time cost ------------------------- 6.0490288734436035
------------------------- time cost ------------------------- 6.227509260177612
------------------------- time cost ------------------------- 6.42790675163269
------------------------- time cost ------------------------- 6.32016921043396
------------------------- time cost ------------------------- 6.20316481590271
------------------------- time cost ------------------------- 6.425124406814575
------------------------- time cost ------------------------- 6.394691705703735
------------------------- time cost ------------------------- 6.446034908294678

-------------Round number: 10-------------

Evaluate global model
Averaged Train Loss: 0.4975
Averaged Test Accuracy: 0.7400
Averaged Test AUC: 0.7420
Averaged Test Precision: 0.7113
Averaged Test Recall: 0.7400
Averaged Test F1-Score: 0.6447
Std Test Accuracy: 0.1014
Std Test AUC: 0.0613
------------------------- time cost ------------------------- 7.4971489906311035
------------------------- time cost ------------------------- 6.223353862762451
------------------------- time cost ------------------------- 6.425256252288818
------------------------- time cost ------------------------- 6.45272970199585
------------------------- time cost ------------------------- 6.3342063426971436
------------------------- time cost ------------------------- 6.497815847396851
------------------------- time cost ------------------------- 6.312121152877808
------------------------- time cost ------------------------- 6.332221984863281
------------------------- time cost ------------------------- 6.402814865112305
------------------------- time cost ------------------------- 6.3310840129852295

-------------Round number: 20-------------

Evaluate global model
Averaged Train Loss: 0.4756
Averaged Test Accuracy: 0.7763
Averaged Test AUC: 0.7549
Averaged Test Precision: 0.7744
Averaged Test Recall: 0.7763
Averaged Test F1-Score: 0.7377
Std Test Accuracy: 0.0823
Std Test AUC: 0.0609
------------------------- time cost ------------------------- 7.338678359985352
------------------------- time cost ------------------------- 6.353983640670776
------------------------- time cost ------------------------- 6.45258903503418
------------------------- time cost ------------------------- 6.356787204742432
------------------------- time cost ------------------------- 6.391537666320801
------------------------- time cost ------------------------- 6.393605947494507
------------------------- time cost ------------------------- 6.345502853393555
------------------------- time cost ------------------------- 6.252837181091309
------------------------- time cost ------------------------- 6.405882120132446
------------------------- time cost ------------------------- 6.257476806640625

-------------Round number: 30-------------

Evaluate global model
Averaged Train Loss: 0.4708
Averaged Test Accuracy: 0.7789
Averaged Test AUC: 0.7612
Averaged Test Precision: 0.7734
Averaged Test Recall: 0.7789
Averaged Test F1-Score: 0.7470
Std Test Accuracy: 0.0779
Std Test AUC: 0.0596
------------------------- time cost ------------------------- 7.453475475311279
------------------------- time cost ------------------------- 6.310445547103882
------------------------- time cost ------------------------- 6.332034349441528
------------------------- time cost ------------------------- 6.372318506240845
------------------------- time cost ------------------------- 6.34411096572876
------------------------- time cost ------------------------- 6.2743706703186035
------------------------- time cost ------------------------- 6.530596733093262
------------------------- time cost ------------------------- 6.285399913787842
------------------------- time cost ------------------------- 6.248106002807617
------------------------- time cost ------------------------- 6.304470777511597

-------------Round number: 40-------------

Evaluate global model
Averaged Train Loss: 0.4707
Averaged Test Accuracy: 0.7779
Averaged Test AUC: 0.7647
Averaged Test Precision: 0.7744
Averaged Test Recall: 0.7779
Averaged Test F1-Score: 0.7459
Std Test Accuracy: 0.0766
Std Test AUC: 0.0582
------------------------- time cost ------------------------- 7.417947769165039
------------------------- time cost ------------------------- 6.27696967124939
------------------------- time cost ------------------------- 6.344708204269409
------------------------- time cost ------------------------- 6.229736804962158
------------------------- time cost ------------------------- 6.25698184967041
------------------------- time cost ------------------------- 6.292936325073242
------------------------- time cost ------------------------- 6.4034504890441895
------------------------- time cost ------------------------- 6.397074460983276
------------------------- time cost ------------------------- 6.498263835906982
------------------------- time cost ------------------------- 6.322498083114624

-------------Round number: 50-------------

Evaluate global model
Averaged Train Loss: 0.4694
Averaged Test Accuracy: 0.7829
Averaged Test AUC: 0.7673
Averaged Test Precision: 0.7780
Averaged Test Recall: 0.7829
Averaged Test F1-Score: 0.7556
Std Test Accuracy: 0.0731
Std Test AUC: 0.0564
------------------------- time cost ------------------------- 7.252201318740845
------------------------- time cost ------------------------- 6.318147659301758
------------------------- time cost ------------------------- 6.357922077178955
------------------------- time cost ------------------------- 6.16443133354187
------------------------- time cost ------------------------- 6.286465406417847
------------------------- time cost ------------------------- 6.2183191776275635
------------------------- time cost ------------------------- 6.259053468704224
------------------------- time cost ------------------------- 6.484246492385864
------------------------- time cost ------------------------- 6.375198125839233
------------------------- time cost ------------------------- 6.310847282409668

-------------Round number: 60-------------

Evaluate global model
Averaged Train Loss: 0.4683
Averaged Test Accuracy: 0.7824
Averaged Test AUC: 0.7688
Averaged Test Precision: 0.7779
Averaged Test Recall: 0.7824
Averaged Test F1-Score: 0.7553
Std Test Accuracy: 0.0728
Std Test AUC: 0.0560
------------------------- time cost ------------------------- 7.4409708976745605
------------------------- time cost ------------------------- 6.36637020111084
------------------------- time cost ------------------------- 6.282726526260376
------------------------- time cost ------------------------- 6.267240047454834
------------------------- time cost ------------------------- 6.267919301986694
------------------------- time cost ------------------------- 6.28472900390625
------------------------- time cost ------------------------- 6.226438522338867
------------------------- time cost ------------------------- 6.47241473197937
------------------------- time cost ------------------------- 6.389781475067139
------------------------- time cost ------------------------- 6.278883218765259

-------------Round number: 70-------------

Evaluate global model
Averaged Train Loss: 0.4672
Averaged Test Accuracy: 0.7861
Averaged Test AUC: 0.7708
Averaged Test Precision: 0.7806
Averaged Test Recall: 0.7861
Averaged Test F1-Score: 0.7602
Std Test Accuracy: 0.0695
Std Test AUC: 0.0536
------------------------- time cost ------------------------- 7.440356016159058
------------------------- time cost ------------------------- 6.466414928436279
------------------------- time cost ------------------------- 6.3177783489227295
------------------------- time cost ------------------------- 6.483327388763428
------------------------- time cost ------------------------- 6.187420129776001
------------------------- time cost ------------------------- 6.254498720169067
------------------------- time cost ------------------------- 6.260464668273926
------------------------- time cost ------------------------- 6.291404485702515
------------------------- time cost ------------------------- 6.559898614883423
------------------------- time cost ------------------------- 6.332168340682983

-------------Round number: 80-------------

Evaluate global model
Averaged Train Loss: 0.4677
Averaged Test Accuracy: 0.7803
Averaged Test AUC: 0.7717
Averaged Test Precision: 0.7775
Averaged Test Recall: 0.7803
Averaged Test F1-Score: 0.7500
Std Test Accuracy: 0.0764
Std Test AUC: 0.0533
------------------------- time cost ------------------------- 7.313275337219238
------------------------- time cost ------------------------- 6.303122282028198
------------------------- time cost ------------------------- 6.3720316886901855
------------------------- time cost ------------------------- 6.34980320930481
------------------------- time cost ------------------------- 6.319540977478027
------------------------- time cost ------------------------- 6.321427822113037
------------------------- time cost ------------------------- 6.396040916442871
------------------------- time cost ------------------------- 6.370190858840942
------------------------- time cost ------------------------- 6.4422688484191895
------------------------- time cost ------------------------- 6.360433340072632

-------------Round number: 90-------------

Evaluate global model
Averaged Train Loss: 0.4659
Averaged Test Accuracy: 0.7860
Averaged Test AUC: 0.7729
Averaged Test Precision: 0.7812
Averaged Test Recall: 0.7860
Averaged Test F1-Score: 0.7596
Std Test Accuracy: 0.0702
Std Test AUC: 0.0523
------------------------- time cost ------------------------- 7.364961862564087
------------------------- time cost ------------------------- 6.425003290176392
------------------------- time cost ------------------------- 6.353790760040283
------------------------- time cost ------------------------- 6.337653398513794
------------------------- time cost ------------------------- 6.447497844696045
------------------------- time cost ------------------------- 6.390725374221802
------------------------- time cost ------------------------- 6.054236888885498
------------------------- time cost ------------------------- 5.853546142578125
------------------------- time cost ------------------------- 5.850322961807251
------------------------- time cost ------------------------- 5.976063251495361

-------------Round number: 100-------------

Evaluate global model
Averaged Train Loss: 0.4668
Averaged Test Accuracy: 0.7820
Averaged Test AUC: 0.7736
Averaged Test Precision: 0.7799
Averaged Test Recall: 0.7820
Averaged Test F1-Score: 0.7533
Std Test Accuracy: 0.0755
Std Test AUC: 0.0514
------------------------- time cost ------------------------- 7.529978513717651

Best accuracy.
0.7861333333333334

Average time cost per round.
6.431597290039062
File path: results/Uci_FedAvg_test/Uci_FedAvg_test_0.h5
Training process CSV file path: results/Uci_FedAvg_test/Uci_FedAvg_test_0_training_process.csv
Training process data saved to: results/Uci_FedAvg_test/Uci_FedAvg_test_0_training_process.csv

平均训练时间: 652.25秒
