实验: Uci_quantity_skew_gaussian_Bulyan_run1
物理GPU ID: 0
CUDA_VISIBLE_DEVICES: 0
时间: 2026-01-24 22:43:11
命令: /miniconda3/bin/python flcore/main.py -data Uci -algo FedAvg -nc 10 -gr 100 -ls 5 -lbs 64 -lr 0.01 -eg 10 -t 1 --heterogeneity quantity_skew --enable_attack True --attack_mode gaussian --malicious_ratio 0.3 --defense_mode bulyan --use_tlbo False --tlbo_iterations 10 --use_autoencoder False --use_committee False
工作目录: /root/DecisionSupportSystem-FedACT/system

[GPU] 使用环境变量指定的GPU: CUDA_VISIBLE_DEVICES=0
============================================================
实验配置:
============================================================
  goal: test
  device: cuda
  device_id: 0
  dataset: Uci
  heterogeneity: quantity_skew
  model: auto
  num_classes: 2
  batch_size: 64
  local_learning_rate: 0.01
  global_rounds: 100
  local_epochs: 5
  algorithm: FedAvg
  num_clients: 10
  join_ratio: 1.0
  random_join_ratio: False
  prev: 0
  times: 1
  eval_gap: 10
  save_folder_name: results
  learning_rate_decay: False
  learning_rate_decay_gamma: 0.99
  few_shot: 0
  time_select: False
  time_threthold: 10000
  top_cnt: 100
  auto_break: False
  client_drop_rate: 0.0
  train_slow_rate: 0.0
  send_slow_rate: 0.0
  dlg_eval: False
  dlg_gap: 100
  batch_num_per_client: 2
  num_new_clients: 0
  fine_tuning_epoch_new: 0
  mu: 0.01
  beta: 0.0
  lamda: 1.0
  tau: 1.0
  plocal_epochs: 1
  server_learning_rate: 1.0
  enable_attack: True
  attack_mode: gaussian
  malicious_ratio: 0.3
  attack_scale: 3.0
  defense_mode: bulyan
  use_autoencoder: False
  autoencoder_latent_dim: 64
  autoencoder_epochs: 20
  committee_size: 5
  vote_threshold: 0.5
  anomaly_threshold: 0.5
  anomaly_lower_coef: 0.7
  anomaly_upper_coef: 1.5
  use_committee: False
  tlbo_iterations: 10
  use_tlbo: False
  use_merkle: True
  use_incentive: True
============================================================

============= 第 1 次实验 =============
正在初始化服务器和客户端...
数据集: Uci, 特征维度: 23
模型参数量: 189,330

Join ratio / total clients: 1.0 / 10
Finished creating server and clients.

-------------Round number: 0-------------

Evaluate global model
Averaged Train Loss: 0.6905
Averaged Test Accuracy: 0.5856
Averaged Test AUC: 0.5178
Averaged Test Precision: 0.6416
Averaged Test Recall: 0.5856
Averaged Test F1-Score: 0.5989
Std Test Accuracy: 0.1062
Std Test AUC: 0.0476
------------------------- time cost ------------------------- 7.651625871658325
------------------------- time cost ------------------------- 6.087333679199219
------------------------- time cost ------------------------- 6.443829536437988
------------------------- time cost ------------------------- 6.276846408843994
------------------------- time cost ------------------------- 6.689638137817383
------------------------- time cost ------------------------- 6.680263996124268
------------------------- time cost ------------------------- 6.53564190864563
------------------------- time cost ------------------------- 6.4148173332214355
------------------------- time cost ------------------------- 6.622371435165405
------------------------- time cost ------------------------- 6.46035099029541

-------------Round number: 10-------------

Evaluate global model
Averaged Train Loss: 0.4959
Averaged Test Accuracy: 0.7435
Averaged Test AUC: 0.7419
Averaged Test Precision: 0.7338
Averaged Test Recall: 0.7435
Averaged Test F1-Score: 0.6565
Std Test Accuracy: 0.1010
Std Test AUC: 0.0624
------------------------- time cost ------------------------- 7.548450469970703
------------------------- time cost ------------------------- 6.417745113372803
------------------------- time cost ------------------------- 6.416338682174683
------------------------- time cost ------------------------- 6.497849464416504
------------------------- time cost ------------------------- 6.4219889640808105
------------------------- time cost ------------------------- 6.5922441482543945
------------------------- time cost ------------------------- 6.425614595413208
------------------------- time cost ------------------------- 6.498317003250122
------------------------- time cost ------------------------- 6.618062973022461
------------------------- time cost ------------------------- 6.454796314239502

-------------Round number: 20-------------

Evaluate global model
Averaged Train Loss: 0.4744
Averaged Test Accuracy: 0.7777
Averaged Test AUC: 0.7545
Averaged Test Precision: 0.7731
Averaged Test Recall: 0.7777
Averaged Test F1-Score: 0.7432
Std Test Accuracy: 0.0801
Std Test AUC: 0.0607
------------------------- time cost ------------------------- 7.601682901382446
------------------------- time cost ------------------------- 6.52125883102417
------------------------- time cost ------------------------- 6.476800441741943
------------------------- time cost ------------------------- 6.5855371952056885
------------------------- time cost ------------------------- 6.513121843338013
------------------------- time cost ------------------------- 6.612806797027588
------------------------- time cost ------------------------- 6.432053327560425
------------------------- time cost ------------------------- 6.3398072719573975
------------------------- time cost ------------------------- 6.5118489265441895
------------------------- time cost ------------------------- 6.450072526931763

-------------Round number: 30-------------

Evaluate global model
Averaged Train Loss: 0.4711
Averaged Test Accuracy: 0.7809
Averaged Test AUC: 0.7608
Averaged Test Precision: 0.7740
Averaged Test Recall: 0.7809
Averaged Test F1-Score: 0.7519
Std Test Accuracy: 0.0734
Std Test AUC: 0.0604
------------------------- time cost ------------------------- 7.553196668624878
------------------------- time cost ------------------------- 6.439972400665283
------------------------- time cost ------------------------- 6.531472682952881
------------------------- time cost ------------------------- 6.491474628448486
------------------------- time cost ------------------------- 6.472121953964233
------------------------- time cost ------------------------- 6.476507663726807
------------------------- time cost ------------------------- 6.5129053592681885
------------------------- time cost ------------------------- 6.481619358062744
------------------------- time cost ------------------------- 6.47324013710022
------------------------- time cost ------------------------- 6.407094955444336

-------------Round number: 40-------------

Evaluate global model
Averaged Train Loss: 0.4681
Averaged Test Accuracy: 0.7835
Averaged Test AUC: 0.7653
Averaged Test Precision: 0.7762
Averaged Test Recall: 0.7835
Averaged Test F1-Score: 0.7554
Std Test Accuracy: 0.0722
Std Test AUC: 0.0581
------------------------- time cost ------------------------- 7.575251340866089
------------------------- time cost ------------------------- 6.48807430267334
------------------------- time cost ------------------------- 6.428614616394043
------------------------- time cost ------------------------- 6.655298709869385
------------------------- time cost ------------------------- 6.605325698852539
------------------------- time cost ------------------------- 6.42000412940979
------------------------- time cost ------------------------- 6.61630392074585
------------------------- time cost ------------------------- 6.464383125305176
------------------------- time cost ------------------------- 6.469118356704712
------------------------- time cost ------------------------- 6.390377998352051

-------------Round number: 50-------------

Evaluate global model
Averaged Train Loss: 0.4683
Averaged Test Accuracy: 0.7825
Averaged Test AUC: 0.7675
Averaged Test Precision: 0.7772
Averaged Test Recall: 0.7825
Averaged Test F1-Score: 0.7550
Std Test Accuracy: 0.0749
Std Test AUC: 0.0568
------------------------- time cost ------------------------- 7.7002575397491455
------------------------- time cost ------------------------- 6.437024354934692
------------------------- time cost ------------------------- 6.44416618347168
------------------------- time cost ------------------------- 6.544456481933594
------------------------- time cost ------------------------- 6.431241989135742
------------------------- time cost ------------------------- 6.394012689590454
------------------------- time cost ------------------------- 6.33024263381958
------------------------- time cost ------------------------- 6.554084777832031
------------------------- time cost ------------------------- 6.466013669967651
------------------------- time cost ------------------------- 6.365016222000122

-------------Round number: 60-------------

Evaluate global model
Averaged Train Loss: 0.4679
Averaged Test Accuracy: 0.7861
Averaged Test AUC: 0.7690
Averaged Test Precision: 0.7811
Averaged Test Recall: 0.7861
Averaged Test F1-Score: 0.7596
Std Test Accuracy: 0.0692
Std Test AUC: 0.0558
------------------------- time cost ------------------------- 7.603671550750732
------------------------- time cost ------------------------- 6.489114046096802
------------------------- time cost ------------------------- 6.690026044845581
------------------------- time cost ------------------------- 6.570987939834595
------------------------- time cost ------------------------- 6.473980188369751
------------------------- time cost ------------------------- 6.418279647827148
------------------------- time cost ------------------------- 6.398929119110107
------------------------- time cost ------------------------- 6.756375074386597
------------------------- time cost ------------------------- 6.31522011756897
------------------------- time cost ------------------------- 6.4504477977752686

-------------Round number: 70-------------

Evaluate global model
Averaged Train Loss: 0.4675
Averaged Test Accuracy: 0.7849
Averaged Test AUC: 0.7709
Averaged Test Precision: 0.7790
Averaged Test Recall: 0.7849
Averaged Test F1-Score: 0.7592
Std Test Accuracy: 0.0704
Std Test AUC: 0.0540
------------------------- time cost ------------------------- 7.512415170669556
------------------------- time cost ------------------------- 6.442181825637817
------------------------- time cost ------------------------- 6.62916898727417
------------------------- time cost ------------------------- 6.399335861206055
------------------------- time cost ------------------------- 6.528733491897583
------------------------- time cost ------------------------- 6.515265941619873
------------------------- time cost ------------------------- 6.366407632827759
------------------------- time cost ------------------------- 6.620416879653931
------------------------- time cost ------------------------- 6.611265659332275
------------------------- time cost ------------------------- 6.450389385223389

-------------Round number: 80-------------

Evaluate global model
Averaged Train Loss: 0.4669
Averaged Test Accuracy: 0.7840
Averaged Test AUC: 0.7712
Averaged Test Precision: 0.7786
Averaged Test Recall: 0.7840
Averaged Test F1-Score: 0.7586
Std Test Accuracy: 0.0697
Std Test AUC: 0.0546
------------------------- time cost ------------------------- 7.578277349472046
------------------------- time cost ------------------------- 6.395534515380859
------------------------- time cost ------------------------- 6.419958829879761
------------------------- time cost ------------------------- 6.5282416343688965
------------------------- time cost ------------------------- 6.468769788742065
------------------------- time cost ------------------------- 6.377678632736206
------------------------- time cost ------------------------- 6.4748618602752686
------------------------- time cost ------------------------- 6.457608461380005
------------------------- time cost ------------------------- 6.618229389190674
------------------------- time cost ------------------------- 6.468233823776245

-------------Round number: 90-------------

Evaluate global model
Averaged Train Loss: 0.4682
Averaged Test Accuracy: 0.7757
Averaged Test AUC: 0.7724
Averaged Test Precision: 0.7757
Averaged Test Recall: 0.7757
Averaged Test F1-Score: 0.7438
Std Test Accuracy: 0.0820
Std Test AUC: 0.0533
------------------------- time cost ------------------------- 7.62904691696167
------------------------- time cost ------------------------- 6.42866063117981
------------------------- time cost ------------------------- 6.515341758728027
------------------------- time cost ------------------------- 6.610182523727417
------------------------- time cost ------------------------- 7.078644514083862
------------------------- time cost ------------------------- 7.090655565261841
------------------------- time cost ------------------------- 7.007147312164307
------------------------- time cost ------------------------- 6.5764100551605225
------------------------- time cost ------------------------- 6.801464557647705
------------------------- time cost ------------------------- 6.645548105239868

-------------Round number: 100-------------

Evaluate global model
Averaged Train Loss: 0.4660
Averaged Test Accuracy: 0.7832
Averaged Test AUC: 0.7731
Averaged Test Precision: 0.7795
Averaged Test Recall: 0.7832
Averaged Test F1-Score: 0.7560
Std Test Accuracy: 0.0742
Std Test AUC: 0.0522
------------------------- time cost ------------------------- 7.820037841796875

Best accuracy.
0.7861333333333334

Average time cost per round.
6.6199951219558715
File path: results/Uci_FedAvg_test/Uci_FedAvg_test_0.h5
Training process CSV file path: results/Uci_FedAvg_test/Uci_FedAvg_test_0_training_process.csv
Training process data saved to: results/Uci_FedAvg_test/Uci_FedAvg_test_0_training_process.csv

平均训练时间: 671.02秒
