实验: Uci_iid_backdoor_None_run1
物理GPU ID: 2
CUDA_VISIBLE_DEVICES: 2
时间: 2026-01-24 21:26:38
命令: /miniconda3/bin/python flcore/main.py -data Uci -algo FedAvg -nc 10 -gr 100 -ls 5 -lbs 64 -lr 0.01 -eg 10 -t 1 --heterogeneity iid --enable_attack True --attack_mode backdoor --malicious_ratio 0.3 --defense_mode none --use_tlbo False --tlbo_iterations 10 --use_autoencoder False --use_committee False
工作目录: /root/DecisionSupportSystem-FedACT/system

[GPU] 使用环境变量指定的GPU: CUDA_VISIBLE_DEVICES=2
============================================================
实验配置:
============================================================
  goal: test
  device: cuda
  device_id: 0
  dataset: Uci
  heterogeneity: iid
  model: auto
  num_classes: 2
  batch_size: 64
  local_learning_rate: 0.01
  global_rounds: 100
  local_epochs: 5
  algorithm: FedAvg
  num_clients: 10
  join_ratio: 1.0
  random_join_ratio: False
  prev: 0
  times: 1
  eval_gap: 10
  save_folder_name: results
  learning_rate_decay: False
  learning_rate_decay_gamma: 0.99
  few_shot: 0
  time_select: False
  time_threthold: 10000
  top_cnt: 100
  auto_break: False
  client_drop_rate: 0.0
  train_slow_rate: 0.0
  send_slow_rate: 0.0
  dlg_eval: False
  dlg_gap: 100
  batch_num_per_client: 2
  num_new_clients: 0
  fine_tuning_epoch_new: 0
  mu: 0.01
  beta: 0.0
  lamda: 1.0
  tau: 1.0
  plocal_epochs: 1
  server_learning_rate: 1.0
  enable_attack: True
  attack_mode: backdoor
  malicious_ratio: 0.3
  attack_scale: 3.0
  defense_mode: none
  use_autoencoder: False
  autoencoder_latent_dim: 64
  autoencoder_epochs: 20
  committee_size: 5
  vote_threshold: 0.5
  anomaly_threshold: 0.5
  anomaly_lower_coef: 0.7
  anomaly_upper_coef: 1.5
  use_committee: False
  tlbo_iterations: 10
  use_tlbo: False
  use_merkle: True
  use_incentive: True
============================================================

============= 第 1 次实验 =============
正在初始化服务器和客户端...
数据集: Uci, 特征维度: 23
模型参数量: 189,330

Join ratio / total clients: 1.0 / 10
Finished creating server and clients.

-------------Round number: 0-------------

Evaluate global model
Averaged Train Loss: 0.6905
Averaged Test Accuracy: 0.5856
Averaged Test AUC: 0.5178
Averaged Test Precision: 0.6416
Averaged Test Recall: 0.5856
Averaged Test F1-Score: 0.5989
Std Test Accuracy: 0.1062
Std Test AUC: 0.0476
------------------------- time cost ------------------------- 8.497070789337158
------------------------- time cost ------------------------- 6.554170846939087
------------------------- time cost ------------------------- 6.2462239265441895
------------------------- time cost ------------------------- 6.244352102279663
------------------------- time cost ------------------------- 6.270472764968872
------------------------- time cost ------------------------- 6.231581926345825
------------------------- time cost ------------------------- 6.328613758087158
------------------------- time cost ------------------------- 6.507827997207642
------------------------- time cost ------------------------- 6.392126083374023
------------------------- time cost ------------------------- 6.413567543029785

-------------Round number: 10-------------

Evaluate global model
Averaged Train Loss: 0.4946
Averaged Test Accuracy: 0.7405
Averaged Test AUC: 0.7423
Averaged Test Precision: 0.7221
Averaged Test Recall: 0.7405
Averaged Test F1-Score: 0.6482
Std Test Accuracy: 0.1019
Std Test AUC: 0.0618
------------------------- time cost ------------------------- 7.409069061279297
------------------------- time cost ------------------------- 6.464533090591431
------------------------- time cost ------------------------- 6.32683539390564
------------------------- time cost ------------------------- 6.2905824184417725
------------------------- time cost ------------------------- 6.262186765670776
------------------------- time cost ------------------------- 6.31803822517395
------------------------- time cost ------------------------- 6.225515127182007
------------------------- time cost ------------------------- 6.357035875320435
------------------------- time cost ------------------------- 6.404656171798706
------------------------- time cost ------------------------- 6.383267164230347

-------------Round number: 20-------------

Evaluate global model
Averaged Train Loss: 0.4738
Averaged Test Accuracy: 0.7801
Averaged Test AUC: 0.7545
Averaged Test Precision: 0.7750
Averaged Test Recall: 0.7801
Averaged Test F1-Score: 0.7462
Std Test Accuracy: 0.0793
Std Test AUC: 0.0608
------------------------- time cost ------------------------- 7.4910807609558105
------------------------- time cost ------------------------- 6.412151575088501
------------------------- time cost ------------------------- 6.235784292221069
------------------------- time cost ------------------------- 6.257225036621094
------------------------- time cost ------------------------- 6.2635087966918945
------------------------- time cost ------------------------- 6.196187973022461
------------------------- time cost ------------------------- 6.231394290924072
------------------------- time cost ------------------------- 6.320087909698486
------------------------- time cost ------------------------- 6.352790832519531
------------------------- time cost ------------------------- 6.468469619750977

-------------Round number: 30-------------

Evaluate global model
Averaged Train Loss: 0.4709
Averaged Test Accuracy: 0.7807
Averaged Test AUC: 0.7608
Averaged Test Precision: 0.7761
Averaged Test Recall: 0.7807
Averaged Test F1-Score: 0.7495
Std Test Accuracy: 0.0777
Std Test AUC: 0.0600
------------------------- time cost ------------------------- 7.719615936279297
------------------------- time cost ------------------------- 6.357542037963867
------------------------- time cost ------------------------- 6.2487335205078125
------------------------- time cost ------------------------- 6.224976062774658
------------------------- time cost ------------------------- 6.3327476978302
------------------------- time cost ------------------------- 6.398786544799805
------------------------- time cost ------------------------- 6.264068603515625
------------------------- time cost ------------------------- 6.321630239486694
------------------------- time cost ------------------------- 6.407509803771973
------------------------- time cost ------------------------- 6.2981390953063965

-------------Round number: 40-------------

Evaluate global model
Averaged Train Loss: 0.4685
Averaged Test Accuracy: 0.7800
Averaged Test AUC: 0.7653
Averaged Test Precision: 0.7745
Averaged Test Recall: 0.7800
Averaged Test F1-Score: 0.7505
Std Test Accuracy: 0.0758
Std Test AUC: 0.0582
------------------------- time cost ------------------------- 7.5189173221588135
------------------------- time cost ------------------------- 6.29481315612793
------------------------- time cost ------------------------- 6.26434326171875
------------------------- time cost ------------------------- 6.206196546554565
------------------------- time cost ------------------------- 6.319410562515259
------------------------- time cost ------------------------- 6.326557397842407
------------------------- time cost ------------------------- 6.3687193393707275
------------------------- time cost ------------------------- 6.305155277252197
------------------------- time cost ------------------------- 6.390237331390381
------------------------- time cost ------------------------- 6.292792558670044

-------------Round number: 50-------------

Evaluate global model
Averaged Train Loss: 0.4695
Averaged Test Accuracy: 0.7817
Averaged Test AUC: 0.7674
Averaged Test Precision: 0.7795
Averaged Test Recall: 0.7817
Averaged Test F1-Score: 0.7515
Std Test Accuracy: 0.0762
Std Test AUC: 0.0572
------------------------- time cost ------------------------- 7.716416835784912
------------------------- time cost ------------------------- 6.351339101791382
------------------------- time cost ------------------------- 6.344757318496704
------------------------- time cost ------------------------- 6.2803990840911865
------------------------- time cost ------------------------- 6.382150173187256
------------------------- time cost ------------------------- 6.2543981075286865
------------------------- time cost ------------------------- 6.323713302612305
------------------------- time cost ------------------------- 6.310626745223999
------------------------- time cost ------------------------- 6.373400926589966
------------------------- time cost ------------------------- 6.294005870819092

-------------Round number: 60-------------

Evaluate global model
Averaged Train Loss: 0.4686
Averaged Test Accuracy: 0.7823
Averaged Test AUC: 0.7687
Averaged Test Precision: 0.7774
Averaged Test Recall: 0.7823
Averaged Test F1-Score: 0.7547
Std Test Accuracy: 0.0718
Std Test AUC: 0.0559
------------------------- time cost ------------------------- 7.384832859039307
------------------------- time cost ------------------------- 6.442708253860474
------------------------- time cost ------------------------- 6.274872779846191
------------------------- time cost ------------------------- 6.29024338722229
------------------------- time cost ------------------------- 6.330378293991089
------------------------- time cost ------------------------- 6.294915676116943
------------------------- time cost ------------------------- 6.294121503829956
------------------------- time cost ------------------------- 6.402429103851318
------------------------- time cost ------------------------- 6.402811765670776
------------------------- time cost ------------------------- 6.244597911834717

-------------Round number: 70-------------

Evaluate global model
Averaged Train Loss: 0.4692
Averaged Test Accuracy: 0.7795
Averaged Test AUC: 0.7705
Averaged Test Precision: 0.7768
Averaged Test Recall: 0.7795
Averaged Test F1-Score: 0.7487
Std Test Accuracy: 0.0768
Std Test AUC: 0.0545
------------------------- time cost ------------------------- 7.606276512145996
------------------------- time cost ------------------------- 6.326451778411865
------------------------- time cost ------------------------- 6.428089618682861
------------------------- time cost ------------------------- 6.334180593490601
------------------------- time cost ------------------------- 6.262395620346069
------------------------- time cost ------------------------- 6.264786720275879
------------------------- time cost ------------------------- 6.131233215332031
------------------------- time cost ------------------------- 6.345983982086182
------------------------- time cost ------------------------- 6.389614582061768
------------------------- time cost ------------------------- 6.316792726516724

-------------Round number: 80-------------

Evaluate global model
Averaged Train Loss: 0.4679
Averaged Test Accuracy: 0.7821
Averaged Test AUC: 0.7710
Averaged Test Precision: 0.7787
Averaged Test Recall: 0.7821
Averaged Test F1-Score: 0.7544
Std Test Accuracy: 0.0729
Std Test AUC: 0.0547
------------------------- time cost ------------------------- 7.332436561584473
------------------------- time cost ------------------------- 6.403701305389404
------------------------- time cost ------------------------- 6.310994625091553
------------------------- time cost ------------------------- 6.282815456390381
------------------------- time cost ------------------------- 6.322954416275024
------------------------- time cost ------------------------- 6.378923177719116
------------------------- time cost ------------------------- 6.290181636810303
------------------------- time cost ------------------------- 6.229115724563599
------------------------- time cost ------------------------- 6.318591117858887
------------------------- time cost ------------------------- 6.527462005615234

-------------Round number: 90-------------

Evaluate global model
Averaged Train Loss: 0.4657
Averaged Test Accuracy: 0.7844
Averaged Test AUC: 0.7730
Averaged Test Precision: 0.7796
Averaged Test Recall: 0.7844
Averaged Test F1-Score: 0.7587
Std Test Accuracy: 0.0715
Std Test AUC: 0.0528
------------------------- time cost ------------------------- 7.388652563095093
------------------------- time cost ------------------------- 6.324039459228516
------------------------- time cost ------------------------- 6.263047695159912
------------------------- time cost ------------------------- 6.438439846038818
------------------------- time cost ------------------------- 6.4291465282440186
------------------------- time cost ------------------------- 6.398305892944336
------------------------- time cost ------------------------- 6.4871697425842285
------------------------- time cost ------------------------- 6.822303533554077
------------------------- time cost ------------------------- 7.4371137619018555
------------------------- time cost ------------------------- 6.370246648788452

-------------Round number: 100-------------

Evaluate global model
Averaged Train Loss: 0.4664
Averaged Test Accuracy: 0.7812
Averaged Test AUC: 0.7725
Averaged Test Precision: 0.7784
Averaged Test Recall: 0.7812
Averaged Test F1-Score: 0.7542
Std Test Accuracy: 0.0743
Std Test AUC: 0.0530
------------------------- time cost ------------------------- 7.729917764663696

Best accuracy.
0.7844

Average time cost per round.
6.466047134399414
File path: results/Uci_FedAvg_test/Uci_FedAvg_test_0.h5
Training process CSV file path: results/Uci_FedAvg_test/Uci_FedAvg_test_0_training_process.csv
Training process data saved to: results/Uci_FedAvg_test/Uci_FedAvg_test_0_training_process.csv

平均训练时间: 656.39秒
