实验: Uci_quantity_skew_scale_None_run1
物理GPU ID: 3
CUDA_VISIBLE_DEVICES: 3
时间: 2026-01-24 22:43:15
命令: /miniconda3/bin/python flcore/main.py -data Uci -algo FedAvg -nc 10 -gr 100 -ls 5 -lbs 64 -lr 0.01 -eg 10 -t 1 --heterogeneity quantity_skew --enable_attack True --attack_mode scale --malicious_ratio 0.3 --defense_mode none --use_tlbo False --tlbo_iterations 10 --use_autoencoder False --use_committee False
工作目录: /root/DecisionSupportSystem-FedACT/system

[GPU] 使用环境变量指定的GPU: CUDA_VISIBLE_DEVICES=3
============================================================
实验配置:
============================================================
  goal: test
  device: cuda
  device_id: 0
  dataset: Uci
  heterogeneity: quantity_skew
  model: auto
  num_classes: 2
  batch_size: 64
  local_learning_rate: 0.01
  global_rounds: 100
  local_epochs: 5
  algorithm: FedAvg
  num_clients: 10
  join_ratio: 1.0
  random_join_ratio: False
  prev: 0
  times: 1
  eval_gap: 10
  save_folder_name: results
  learning_rate_decay: False
  learning_rate_decay_gamma: 0.99
  few_shot: 0
  time_select: False
  time_threthold: 10000
  top_cnt: 100
  auto_break: False
  client_drop_rate: 0.0
  train_slow_rate: 0.0
  send_slow_rate: 0.0
  dlg_eval: False
  dlg_gap: 100
  batch_num_per_client: 2
  num_new_clients: 0
  fine_tuning_epoch_new: 0
  mu: 0.01
  beta: 0.0
  lamda: 1.0
  tau: 1.0
  plocal_epochs: 1
  server_learning_rate: 1.0
  enable_attack: True
  attack_mode: scale
  malicious_ratio: 0.3
  attack_scale: 3.0
  defense_mode: none
  use_autoencoder: False
  autoencoder_latent_dim: 64
  autoencoder_epochs: 20
  committee_size: 5
  vote_threshold: 0.5
  anomaly_threshold: 0.5
  anomaly_lower_coef: 0.7
  anomaly_upper_coef: 1.5
  use_committee: False
  tlbo_iterations: 10
  use_tlbo: False
  use_merkle: True
  use_incentive: True
============================================================

============= 第 1 次实验 =============
正在初始化服务器和客户端...
数据集: Uci, 特征维度: 23
模型参数量: 189,330

Join ratio / total clients: 1.0 / 10
Finished creating server and clients.

-------------Round number: 0-------------

Evaluate global model
Averaged Train Loss: 0.6905
Averaged Test Accuracy: 0.5856
Averaged Test AUC: 0.5178
Averaged Test Precision: 0.6416
Averaged Test Recall: 0.5856
Averaged Test F1-Score: 0.5989
Std Test Accuracy: 0.1062
Std Test AUC: 0.0476
------------------------- time cost ------------------------- 7.97349739074707
------------------------- time cost ------------------------- 6.158366918563843
------------------------- time cost ------------------------- 6.379117250442505
------------------------- time cost ------------------------- 6.25479793548584
------------------------- time cost ------------------------- 6.512840986251831
------------------------- time cost ------------------------- 6.281591892242432
------------------------- time cost ------------------------- 6.500706672668457
------------------------- time cost ------------------------- 6.338235139846802
------------------------- time cost ------------------------- 6.346466541290283
------------------------- time cost ------------------------- 6.447774887084961

-------------Round number: 10-------------

Evaluate global model
Averaged Train Loss: 0.4954
Averaged Test Accuracy: 0.7431
Averaged Test AUC: 0.7418
Averaged Test Precision: 0.7365
Averaged Test Recall: 0.7431
Averaged Test F1-Score: 0.6540
Std Test Accuracy: 0.0996
Std Test AUC: 0.0620
------------------------- time cost ------------------------- 7.3942201137542725
------------------------- time cost ------------------------- 6.383967161178589
------------------------- time cost ------------------------- 6.511545896530151
------------------------- time cost ------------------------- 6.512966871261597
------------------------- time cost ------------------------- 6.437761306762695
------------------------- time cost ------------------------- 6.526817321777344
------------------------- time cost ------------------------- 6.360275030136108
------------------------- time cost ------------------------- 6.396669149398804
------------------------- time cost ------------------------- 6.456549644470215
------------------------- time cost ------------------------- 6.494688272476196

-------------Round number: 20-------------

Evaluate global model
Averaged Train Loss: 0.4770
Averaged Test Accuracy: 0.7747
Averaged Test AUC: 0.7554
Averaged Test Precision: 0.7753
Averaged Test Recall: 0.7747
Averaged Test F1-Score: 0.7350
Std Test Accuracy: 0.0868
Std Test AUC: 0.0612
------------------------- time cost ------------------------- 7.634713649749756
------------------------- time cost ------------------------- 6.376302480697632
------------------------- time cost ------------------------- 6.451997756958008
------------------------- time cost ------------------------- 6.390004634857178
------------------------- time cost ------------------------- 6.355545520782471
------------------------- time cost ------------------------- 6.453888177871704
------------------------- time cost ------------------------- 6.353433132171631
------------------------- time cost ------------------------- 6.28108286857605
------------------------- time cost ------------------------- 6.51503849029541
------------------------- time cost ------------------------- 6.462275505065918

-------------Round number: 30-------------

Evaluate global model
Averaged Train Loss: 0.4707
Averaged Test Accuracy: 0.7785
Averaged Test AUC: 0.7615
Averaged Test Precision: 0.7743
Averaged Test Recall: 0.7785
Averaged Test F1-Score: 0.7463
Std Test Accuracy: 0.0789
Std Test AUC: 0.0602
------------------------- time cost ------------------------- 7.4580981731414795
------------------------- time cost ------------------------- 6.370844125747681
------------------------- time cost ------------------------- 6.456965923309326
------------------------- time cost ------------------------- 6.362589359283447
------------------------- time cost ------------------------- 6.307916879653931
------------------------- time cost ------------------------- 6.418686389923096
------------------------- time cost ------------------------- 6.467605113983154
------------------------- time cost ------------------------- 6.328381538391113
------------------------- time cost ------------------------- 6.360283851623535
------------------------- time cost ------------------------- 6.357779502868652

-------------Round number: 40-------------

Evaluate global model
Averaged Train Loss: 0.4692
Averaged Test Accuracy: 0.7811
Averaged Test AUC: 0.7643
Averaged Test Precision: 0.7752
Averaged Test Recall: 0.7811
Averaged Test F1-Score: 0.7529
Std Test Accuracy: 0.0742
Std Test AUC: 0.0590
------------------------- time cost ------------------------- 7.4439637660980225
------------------------- time cost ------------------------- 6.38949990272522
------------------------- time cost ------------------------- 6.548723936080933
------------------------- time cost ------------------------- 6.454612731933594
------------------------- time cost ------------------------- 6.423388481140137
------------------------- time cost ------------------------- 6.33412766456604
------------------------- time cost ------------------------- 6.598703384399414
------------------------- time cost ------------------------- 6.472181558609009
------------------------- time cost ------------------------- 6.361435890197754
------------------------- time cost ------------------------- 6.395517826080322

-------------Round number: 50-------------

Evaluate global model
Averaged Train Loss: 0.4687
Averaged Test Accuracy: 0.7835
Averaged Test AUC: 0.7672
Averaged Test Precision: 0.7791
Averaged Test Recall: 0.7835
Averaged Test F1-Score: 0.7560
Std Test Accuracy: 0.0735
Std Test AUC: 0.0570
------------------------- time cost ------------------------- 7.524449110031128
------------------------- time cost ------------------------- 6.325063705444336
------------------------- time cost ------------------------- 6.551698446273804
------------------------- time cost ------------------------- 6.398417234420776
------------------------- time cost ------------------------- 6.32815408706665
------------------------- time cost ------------------------- 6.339860439300537
------------------------- time cost ------------------------- 6.418036222457886
------------------------- time cost ------------------------- 6.48107647895813
------------------------- time cost ------------------------- 6.352389335632324
------------------------- time cost ------------------------- 6.62497353553772

-------------Round number: 60-------------

Evaluate global model
Averaged Train Loss: 0.4675
Averaged Test Accuracy: 0.7825
Averaged Test AUC: 0.7688
Averaged Test Precision: 0.7782
Averaged Test Recall: 0.7825
Averaged Test F1-Score: 0.7531
Std Test Accuracy: 0.0726
Std Test AUC: 0.0554
------------------------- time cost ------------------------- 7.612829208374023
------------------------- time cost ------------------------- 6.506373167037964
------------------------- time cost ------------------------- 6.526446580886841
------------------------- time cost ------------------------- 6.339838027954102
------------------------- time cost ------------------------- 6.2362961769104
------------------------- time cost ------------------------- 6.238761901855469
------------------------- time cost ------------------------- 6.377228498458862
------------------------- time cost ------------------------- 6.416276454925537
------------------------- time cost ------------------------- 6.452025651931763
------------------------- time cost ------------------------- 6.572331666946411

-------------Round number: 70-------------

Evaluate global model
Averaged Train Loss: 0.4683
Averaged Test Accuracy: 0.7789
Averaged Test AUC: 0.7709
Averaged Test Precision: 0.7784
Averaged Test Recall: 0.7789
Averaged Test F1-Score: 0.7460
Std Test Accuracy: 0.0797
Std Test AUC: 0.0533
------------------------- time cost ------------------------- 7.4138782024383545
------------------------- time cost ------------------------- 6.548247337341309
------------------------- time cost ------------------------- 6.394039630889893
------------------------- time cost ------------------------- 6.359972238540649
------------------------- time cost ------------------------- 6.348364353179932
------------------------- time cost ------------------------- 6.32379674911499
------------------------- time cost ------------------------- 6.34716272354126
------------------------- time cost ------------------------- 6.379986047744751
------------------------- time cost ------------------------- 6.524119138717651
------------------------- time cost ------------------------- 6.44709587097168

-------------Round number: 80-------------

Evaluate global model
Averaged Train Loss: 0.4664
Averaged Test Accuracy: 0.7853
Averaged Test AUC: 0.7718
Averaged Test Precision: 0.7795
Averaged Test Recall: 0.7853
Averaged Test F1-Score: 0.7594
Std Test Accuracy: 0.0695
Std Test AUC: 0.0533
------------------------- time cost ------------------------- 7.369317293167114
------------------------- time cost ------------------------- 6.403605699539185
------------------------- time cost ------------------------- 6.488828182220459
------------------------- time cost ------------------------- 6.361844301223755
------------------------- time cost ------------------------- 6.391643047332764
------------------------- time cost ------------------------- 6.425208330154419
------------------------- time cost ------------------------- 6.430658340454102
------------------------- time cost ------------------------- 6.269622325897217
------------------------- time cost ------------------------- 6.767080307006836
------------------------- time cost ------------------------- 6.4568397998809814

-------------Round number: 90-------------

Evaluate global model
Averaged Train Loss: 0.4681
Averaged Test Accuracy: 0.7812
Averaged Test AUC: 0.7724
Averaged Test Precision: 0.7788
Averaged Test Recall: 0.7812
Averaged Test F1-Score: 0.7529
Std Test Accuracy: 0.0747
Std Test AUC: 0.0527
------------------------- time cost ------------------------- 7.334254026412964
------------------------- time cost ------------------------- 6.452786445617676
------------------------- time cost ------------------------- 6.462287187576294
------------------------- time cost ------------------------- 6.495894432067871
------------------------- time cost ------------------------- 6.408181667327881
------------------------- time cost ------------------------- 6.43034029006958
------------------------- time cost ------------------------- 6.707490682601929
------------------------- time cost ------------------------- 6.150198936462402
------------------------- time cost ------------------------- 6.535433769226074
------------------------- time cost ------------------------- 6.7844014167785645

-------------Round number: 100-------------

Evaluate global model
Averaged Train Loss: 0.4643
Averaged Test Accuracy: 0.7863
Averaged Test AUC: 0.7728
Averaged Test Precision: 0.7803
Averaged Test Recall: 0.7863
Averaged Test F1-Score: 0.7631
Std Test Accuracy: 0.0661
Std Test AUC: 0.0526
------------------------- time cost ------------------------- 8.25466799736023

Best accuracy.
0.7862666666666667

Average time cost per round.
6.533707199096679
File path: results/Uci_FedAvg_test/Uci_FedAvg_test_0.h5
Training process CSV file path: results/Uci_FedAvg_test/Uci_FedAvg_test_0_training_process.csv
Training process data saved to: results/Uci_FedAvg_test/Uci_FedAvg_test_0_training_process.csv

平均训练时间: 662.74秒
