实验: Uci_label_skew_minmax_MultiKrum_run1
物理GPU ID: 3
CUDA_VISIBLE_DEVICES: 3
时间: 2026-01-24 22:10:14
命令: /miniconda3/bin/python flcore/main.py -data Uci -algo FedAvg -nc 10 -gr 100 -ls 5 -lbs 64 -lr 0.01 -eg 10 -t 1 --heterogeneity label_skew --enable_attack True --attack_mode minmax --malicious_ratio 0.3 --defense_mode multi_krum --use_tlbo False --tlbo_iterations 10 --use_autoencoder False --use_committee False
工作目录: /root/DecisionSupportSystem-FedACT/system

[GPU] 使用环境变量指定的GPU: CUDA_VISIBLE_DEVICES=3
============================================================
实验配置:
============================================================
  goal: test
  device: cuda
  device_id: 0
  dataset: Uci
  heterogeneity: label_skew
  model: auto
  num_classes: 2
  batch_size: 64
  local_learning_rate: 0.01
  global_rounds: 100
  local_epochs: 5
  algorithm: FedAvg
  num_clients: 10
  join_ratio: 1.0
  random_join_ratio: False
  prev: 0
  times: 1
  eval_gap: 10
  save_folder_name: results
  learning_rate_decay: False
  learning_rate_decay_gamma: 0.99
  few_shot: 0
  time_select: False
  time_threthold: 10000
  top_cnt: 100
  auto_break: False
  client_drop_rate: 0.0
  train_slow_rate: 0.0
  send_slow_rate: 0.0
  dlg_eval: False
  dlg_gap: 100
  batch_num_per_client: 2
  num_new_clients: 0
  fine_tuning_epoch_new: 0
  mu: 0.01
  beta: 0.0
  lamda: 1.0
  tau: 1.0
  plocal_epochs: 1
  server_learning_rate: 1.0
  enable_attack: True
  attack_mode: minmax
  malicious_ratio: 0.3
  attack_scale: 3.0
  defense_mode: multi_krum
  use_autoencoder: False
  autoencoder_latent_dim: 64
  autoencoder_epochs: 20
  committee_size: 5
  vote_threshold: 0.5
  anomaly_threshold: 0.5
  anomaly_lower_coef: 0.7
  anomaly_upper_coef: 1.5
  use_committee: False
  tlbo_iterations: 10
  use_tlbo: False
  use_merkle: True
  use_incentive: True
============================================================

============= 第 1 次实验 =============
正在初始化服务器和客户端...
数据集: Uci, 特征维度: 23
模型参数量: 189,330

Join ratio / total clients: 1.0 / 10
Finished creating server and clients.

-------------Round number: 0-------------

Evaluate global model
Averaged Train Loss: 0.6905
Averaged Test Accuracy: 0.5856
Averaged Test AUC: 0.5178
Averaged Test Precision: 0.6416
Averaged Test Recall: 0.5856
Averaged Test F1-Score: 0.5989
Std Test Accuracy: 0.1062
Std Test AUC: 0.0476
------------------------- time cost ------------------------- 7.6465582847595215
------------------------- time cost ------------------------- 6.317379474639893
------------------------- time cost ------------------------- 6.370582818984985
------------------------- time cost ------------------------- 6.019106864929199
------------------------- time cost ------------------------- 6.416145086288452
------------------------- time cost ------------------------- 6.377732276916504
------------------------- time cost ------------------------- 6.453829050064087
------------------------- time cost ------------------------- 6.402203798294067
------------------------- time cost ------------------------- 6.406287431716919
------------------------- time cost ------------------------- 6.307678699493408

-------------Round number: 10-------------

Evaluate global model
Averaged Train Loss: 0.4973
Averaged Test Accuracy: 0.7404
Averaged Test AUC: 0.7412
Averaged Test Precision: 0.7229
Averaged Test Recall: 0.7404
Averaged Test F1-Score: 0.6480
Std Test Accuracy: 0.1014
Std Test AUC: 0.0620
------------------------- time cost ------------------------- 7.354777574539185
------------------------- time cost ------------------------- 6.484212636947632
------------------------- time cost ------------------------- 6.476139307022095
------------------------- time cost ------------------------- 6.348395586013794
------------------------- time cost ------------------------- 6.228367805480957
------------------------- time cost ------------------------- 6.331160545349121
------------------------- time cost ------------------------- 6.34483528137207
------------------------- time cost ------------------------- 6.456498622894287
------------------------- time cost ------------------------- 6.345466136932373
------------------------- time cost ------------------------- 6.42651891708374

-------------Round number: 20-------------

Evaluate global model
Averaged Train Loss: 0.4755
Averaged Test Accuracy: 0.7769
Averaged Test AUC: 0.7548
Averaged Test Precision: 0.7740
Averaged Test Recall: 0.7769
Averaged Test F1-Score: 0.7416
Std Test Accuracy: 0.0824
Std Test AUC: 0.0609
------------------------- time cost ------------------------- 7.251382827758789
------------------------- time cost ------------------------- 6.387886047363281
------------------------- time cost ------------------------- 6.422603607177734
------------------------- time cost ------------------------- 6.407026290893555
------------------------- time cost ------------------------- 6.322998762130737
------------------------- time cost ------------------------- 6.323826313018799
------------------------- time cost ------------------------- 6.450207233428955
------------------------- time cost ------------------------- 6.351673126220703
------------------------- time cost ------------------------- 6.357110261917114
------------------------- time cost ------------------------- 6.409991502761841

-------------Round number: 30-------------

Evaluate global model
Averaged Train Loss: 0.4705
Averaged Test Accuracy: 0.7805
Averaged Test AUC: 0.7625
Averaged Test Precision: 0.7744
Averaged Test Recall: 0.7805
Averaged Test F1-Score: 0.7499
Std Test Accuracy: 0.0758
Std Test AUC: 0.0585
------------------------- time cost ------------------------- 7.450786590576172
------------------------- time cost ------------------------- 6.339011192321777
------------------------- time cost ------------------------- 6.328815698623657
------------------------- time cost ------------------------- 6.3972389698028564
------------------------- time cost ------------------------- 6.231281042098999
------------------------- time cost ------------------------- 6.262854337692261
------------------------- time cost ------------------------- 6.410657644271851
------------------------- time cost ------------------------- 6.429081201553345
------------------------- time cost ------------------------- 6.342505693435669
------------------------- time cost ------------------------- 6.319664239883423

-------------Round number: 40-------------

Evaluate global model
Averaged Train Loss: 0.4685
Averaged Test Accuracy: 0.7832
Averaged Test AUC: 0.7655
Averaged Test Precision: 0.7768
Averaged Test Recall: 0.7832
Averaged Test F1-Score: 0.7551
Std Test Accuracy: 0.0707
Std Test AUC: 0.0585
------------------------- time cost ------------------------- 7.215857982635498
------------------------- time cost ------------------------- 6.407736301422119
------------------------- time cost ------------------------- 6.41653037071228
------------------------- time cost ------------------------- 6.373735427856445
------------------------- time cost ------------------------- 6.417249441146851
------------------------- time cost ------------------------- 6.33257532119751
------------------------- time cost ------------------------- 6.400053024291992
------------------------- time cost ------------------------- 6.327908277511597
------------------------- time cost ------------------------- 6.299873113632202
------------------------- time cost ------------------------- 6.277665615081787

-------------Round number: 50-------------

Evaluate global model
Averaged Train Loss: 0.4689
Averaged Test Accuracy: 0.7803
Averaged Test AUC: 0.7682
Averaged Test Precision: 0.7765
Averaged Test Recall: 0.7803
Averaged Test F1-Score: 0.7505
Std Test Accuracy: 0.0776
Std Test AUC: 0.0562
------------------------- time cost ------------------------- 7.460164785385132
------------------------- time cost ------------------------- 6.3884148597717285
------------------------- time cost ------------------------- 6.354631423950195
------------------------- time cost ------------------------- 6.414547920227051
------------------------- time cost ------------------------- 6.408892631530762
------------------------- time cost ------------------------- 6.281136751174927
------------------------- time cost ------------------------- 6.326747417449951
------------------------- time cost ------------------------- 6.39983606338501
------------------------- time cost ------------------------- 6.417337656021118
------------------------- time cost ------------------------- 6.199497222900391

-------------Round number: 60-------------

Evaluate global model
Averaged Train Loss: 0.4687
Averaged Test Accuracy: 0.7829
Averaged Test AUC: 0.7686
Averaged Test Precision: 0.7768
Averaged Test Recall: 0.7829
Averaged Test F1-Score: 0.7575
Std Test Accuracy: 0.0694
Std Test AUC: 0.0562
------------------------- time cost ------------------------- 7.521249294281006
------------------------- time cost ------------------------- 6.490977048873901
------------------------- time cost ------------------------- 6.495830535888672
------------------------- time cost ------------------------- 6.380306243896484
------------------------- time cost ------------------------- 6.35271692276001
------------------------- time cost ------------------------- 6.328307390213013
------------------------- time cost ------------------------- 6.338142156600952
------------------------- time cost ------------------------- 6.342693567276001
------------------------- time cost ------------------------- 6.419602870941162
------------------------- time cost ------------------------- 6.389380693435669

-------------Round number: 70-------------

Evaluate global model
Averaged Train Loss: 0.4670
Averaged Test Accuracy: 0.7885
Averaged Test AUC: 0.7710
Averaged Test Precision: 0.7813
Averaged Test Recall: 0.7885
Averaged Test F1-Score: 0.7653
Std Test Accuracy: 0.0650
Std Test AUC: 0.0545
------------------------- time cost ------------------------- 7.412663221359253
------------------------- time cost ------------------------- 6.414206266403198
------------------------- time cost ------------------------- 6.508708238601685
------------------------- time cost ------------------------- 6.3711912631988525
------------------------- time cost ------------------------- 6.323361158370972
------------------------- time cost ------------------------- 6.262993812561035
------------------------- time cost ------------------------- 6.297448396682739
------------------------- time cost ------------------------- 6.262935638427734
------------------------- time cost ------------------------- 6.385783910751343
------------------------- time cost ------------------------- 6.311692714691162

-------------Round number: 80-------------

Evaluate global model
Averaged Train Loss: 0.4682
Averaged Test Accuracy: 0.7857
Averaged Test AUC: 0.7714
Averaged Test Precision: 0.7799
Averaged Test Recall: 0.7857
Averaged Test F1-Score: 0.7622
Std Test Accuracy: 0.0668
Std Test AUC: 0.0547
------------------------- time cost ------------------------- 7.379737377166748
------------------------- time cost ------------------------- 6.326427459716797
------------------------- time cost ------------------------- 6.438536643981934
------------------------- time cost ------------------------- 6.3011322021484375
------------------------- time cost ------------------------- 6.39377760887146
------------------------- time cost ------------------------- 6.337237119674683
------------------------- time cost ------------------------- 6.347280979156494
------------------------- time cost ------------------------- 6.351770639419556
------------------------- time cost ------------------------- 6.357726335525513
------------------------- time cost ------------------------- 6.682103395462036

-------------Round number: 90-------------

Evaluate global model
Averaged Train Loss: 0.4661
Averaged Test Accuracy: 0.7873
Averaged Test AUC: 0.7715
Averaged Test Precision: 0.7797
Averaged Test Recall: 0.7873
Averaged Test F1-Score: 0.7653
Std Test Accuracy: 0.0638
Std Test AUC: 0.0547
------------------------- time cost ------------------------- 7.389599561691284
------------------------- time cost ------------------------- 6.378547191619873
------------------------- time cost ------------------------- 6.3722593784332275
------------------------- time cost ------------------------- 6.412682294845581
------------------------- time cost ------------------------- 6.315623044967651
------------------------- time cost ------------------------- 5.981709718704224
------------------------- time cost ------------------------- 5.8177244663238525
------------------------- time cost ------------------------- 5.8178839683532715
------------------------- time cost ------------------------- 5.866688966751099
------------------------- time cost ------------------------- 6.305739402770996

-------------Round number: 100-------------

Evaluate global model
Averaged Train Loss: 0.4666
Averaged Test Accuracy: 0.7821
Averaged Test AUC: 0.7728
Averaged Test Precision: 0.7774
Averaged Test Recall: 0.7821
Averaged Test F1-Score: 0.7573
Std Test Accuracy: 0.0710
Std Test AUC: 0.0533
------------------------- time cost ------------------------- 7.448546648025513

Best accuracy.
0.7885333333333333

Average time cost per round.
6.448172378540039
File path: results/Uci_FedAvg_test/Uci_FedAvg_test_0.h5
Training process CSV file path: results/Uci_FedAvg_test/Uci_FedAvg_test_0_training_process.csv
Training process data saved to: results/Uci_FedAvg_test/Uci_FedAvg_test_0_training_process.csv

平均训练时间: 653.82秒
