实验: Uci_quantity_skew_trim_attack_TrimmedMean_run1
物理GPU ID: 0
CUDA_VISIBLE_DEVICES: 0
时间: 2026-01-24 23:05:13
命令: /miniconda3/bin/python flcore/main.py -data Uci -algo FedAvg -nc 10 -gr 100 -ls 5 -lbs 64 -lr 0.01 -eg 10 -t 1 --heterogeneity quantity_skew --enable_attack True --attack_mode trim_attack --malicious_ratio 0.3 --defense_mode trimmed_mean --use_tlbo False --tlbo_iterations 10 --use_autoencoder False --use_committee False
工作目录: /root/DecisionSupportSystem-FedACT/system

[GPU] 使用环境变量指定的GPU: CUDA_VISIBLE_DEVICES=0
============================================================
实验配置:
============================================================
  goal: test
  device: cuda
  device_id: 0
  dataset: Uci
  heterogeneity: quantity_skew
  model: auto
  num_classes: 2
  batch_size: 64
  local_learning_rate: 0.01
  global_rounds: 100
  local_epochs: 5
  algorithm: FedAvg
  num_clients: 10
  join_ratio: 1.0
  random_join_ratio: False
  prev: 0
  times: 1
  eval_gap: 10
  save_folder_name: results
  learning_rate_decay: False
  learning_rate_decay_gamma: 0.99
  few_shot: 0
  time_select: False
  time_threthold: 10000
  top_cnt: 100
  auto_break: False
  client_drop_rate: 0.0
  train_slow_rate: 0.0
  send_slow_rate: 0.0
  dlg_eval: False
  dlg_gap: 100
  batch_num_per_client: 2
  num_new_clients: 0
  fine_tuning_epoch_new: 0
  mu: 0.01
  beta: 0.0
  lamda: 1.0
  tau: 1.0
  plocal_epochs: 1
  server_learning_rate: 1.0
  enable_attack: True
  attack_mode: trim_attack
  malicious_ratio: 0.3
  attack_scale: 3.0
  defense_mode: trimmed_mean
  use_autoencoder: False
  autoencoder_latent_dim: 64
  autoencoder_epochs: 20
  committee_size: 5
  vote_threshold: 0.5
  anomaly_threshold: 0.5
  anomaly_lower_coef: 0.7
  anomaly_upper_coef: 1.5
  use_committee: False
  tlbo_iterations: 10
  use_tlbo: False
  use_merkle: True
  use_incentive: True
============================================================

============= 第 1 次实验 =============
正在初始化服务器和客户端...
数据集: Uci, 特征维度: 23
模型参数量: 189,330

Join ratio / total clients: 1.0 / 10
Finished creating server and clients.

-------------Round number: 0-------------

Evaluate global model
Averaged Train Loss: 0.6905
Averaged Test Accuracy: 0.5856
Averaged Test AUC: 0.5178
Averaged Test Precision: 0.6416
Averaged Test Recall: 0.5856
Averaged Test F1-Score: 0.5989
Std Test Accuracy: 0.1062
Std Test AUC: 0.0476
------------------------- time cost ------------------------- 7.775795221328735
------------------------- time cost ------------------------- 6.342003107070923
------------------------- time cost ------------------------- 6.590571880340576
------------------------- time cost ------------------------- 6.274972200393677
------------------------- time cost ------------------------- 6.6567699909210205
------------------------- time cost ------------------------- 6.515995502471924
------------------------- time cost ------------------------- 6.295058488845825
------------------------- time cost ------------------------- 6.312135696411133
------------------------- time cost ------------------------- 6.372019052505493
------------------------- time cost ------------------------- 6.282175064086914

-------------Round number: 10-------------

Evaluate global model
Averaged Train Loss: 0.4969
Averaged Test Accuracy: 0.7416
Averaged Test AUC: 0.7414
Averaged Test Precision: 0.7327
Averaged Test Recall: 0.7416
Averaged Test F1-Score: 0.6492
Std Test Accuracy: 0.1007
Std Test AUC: 0.0620
------------------------- time cost ------------------------- 7.459900379180908
------------------------- time cost ------------------------- 6.360835552215576
------------------------- time cost ------------------------- 6.360177040100098
------------------------- time cost ------------------------- 6.360003709793091
------------------------- time cost ------------------------- 6.329945802688599
------------------------- time cost ------------------------- 6.580382823944092
------------------------- time cost ------------------------- 6.3986310958862305
------------------------- time cost ------------------------- 6.347541093826294
------------------------- time cost ------------------------- 6.271862506866455
------------------------- time cost ------------------------- 6.370242118835449

-------------Round number: 20-------------

Evaluate global model
Averaged Train Loss: 0.4752
Averaged Test Accuracy: 0.7772
Averaged Test AUC: 0.7543
Averaged Test Precision: 0.7746
Averaged Test Recall: 0.7772
Averaged Test F1-Score: 0.7408
Std Test Accuracy: 0.0808
Std Test AUC: 0.0609
------------------------- time cost ------------------------- 7.445967435836792
------------------------- time cost ------------------------- 6.410314083099365
------------------------- time cost ------------------------- 6.266630411148071
------------------------- time cost ------------------------- 6.343536853790283
------------------------- time cost ------------------------- 6.384083032608032
------------------------- time cost ------------------------- 6.530354976654053
------------------------- time cost ------------------------- 6.293967962265015
------------------------- time cost ------------------------- 6.381551504135132
------------------------- time cost ------------------------- 6.2327892780303955
------------------------- time cost ------------------------- 6.363174915313721

-------------Round number: 30-------------

Evaluate global model
Averaged Train Loss: 0.4697
Averaged Test Accuracy: 0.7828
Averaged Test AUC: 0.7611
Averaged Test Precision: 0.7748
Averaged Test Recall: 0.7828
Averaged Test F1-Score: 0.7547
Std Test Accuracy: 0.0729
Std Test AUC: 0.0596
------------------------- time cost ------------------------- 7.4341466426849365
------------------------- time cost ------------------------- 6.392349004745483
------------------------- time cost ------------------------- 6.3097100257873535
------------------------- time cost ------------------------- 6.336583375930786
------------------------- time cost ------------------------- 6.275425910949707
------------------------- time cost ------------------------- 6.319857358932495
------------------------- time cost ------------------------- 6.470033168792725
------------------------- time cost ------------------------- 6.398884057998657
------------------------- time cost ------------------------- 6.293490409851074
------------------------- time cost ------------------------- 6.255393743515015

-------------Round number: 40-------------

Evaluate global model
Averaged Train Loss: 0.4683
Averaged Test Accuracy: 0.7839
Averaged Test AUC: 0.7648
Averaged Test Precision: 0.7768
Averaged Test Recall: 0.7839
Averaged Test F1-Score: 0.7566
Std Test Accuracy: 0.0712
Std Test AUC: 0.0585
------------------------- time cost ------------------------- 7.540287017822266
------------------------- time cost ------------------------- 6.5311055183410645
------------------------- time cost ------------------------- 6.340559244155884
------------------------- time cost ------------------------- 6.232097148895264
------------------------- time cost ------------------------- 6.257552623748779
------------------------- time cost ------------------------- 6.3792266845703125
------------------------- time cost ------------------------- 6.400045394897461
------------------------- time cost ------------------------- 6.25203013420105
------------------------- time cost ------------------------- 6.1900529861450195
------------------------- time cost ------------------------- 6.197999954223633

-------------Round number: 50-------------

Evaluate global model
Averaged Train Loss: 0.4683
Averaged Test Accuracy: 0.7844
Averaged Test AUC: 0.7674
Averaged Test Precision: 0.7773
Averaged Test Recall: 0.7844
Averaged Test F1-Score: 0.7583
Std Test Accuracy: 0.0707
Std Test AUC: 0.0569
------------------------- time cost ------------------------- 7.448721647262573
------------------------- time cost ------------------------- 6.3691725730896
------------------------- time cost ------------------------- 6.469385385513306
------------------------- time cost ------------------------- 6.256494998931885
------------------------- time cost ------------------------- 6.2598772048950195
------------------------- time cost ------------------------- 6.3191070556640625
------------------------- time cost ------------------------- 6.299670457839966
------------------------- time cost ------------------------- 6.43800950050354
------------------------- time cost ------------------------- 6.121728420257568
------------------------- time cost ------------------------- 6.200990200042725

-------------Round number: 60-------------

Evaluate global model
Averaged Train Loss: 0.4663
Averaged Test Accuracy: 0.7877
Averaged Test AUC: 0.7690
Averaged Test Precision: 0.7801
Averaged Test Recall: 0.7877
Averaged Test F1-Score: 0.7638
Std Test Accuracy: 0.0664
Std Test AUC: 0.0563
------------------------- time cost ------------------------- 7.3260498046875
------------------------- time cost ------------------------- 6.3012425899505615
------------------------- time cost ------------------------- 6.20042610168457
------------------------- time cost ------------------------- 6.31440281867981
------------------------- time cost ------------------------- 6.3156023025512695
------------------------- time cost ------------------------- 6.276498794555664
------------------------- time cost ------------------------- 6.282224178314209
------------------------- time cost ------------------------- 6.4237565994262695
------------------------- time cost ------------------------- 6.217015504837036
------------------------- time cost ------------------------- 6.165776014328003

-------------Round number: 70-------------

Evaluate global model
Averaged Train Loss: 0.4671
Averaged Test Accuracy: 0.7841
Averaged Test AUC: 0.7704
Averaged Test Precision: 0.7792
Averaged Test Recall: 0.7841
Averaged Test F1-Score: 0.7574
Std Test Accuracy: 0.0726
Std Test AUC: 0.0542
------------------------- time cost ------------------------- 7.508310556411743
------------------------- time cost ------------------------- 6.410861968994141
------------------------- time cost ------------------------- 6.263605356216431
------------------------- time cost ------------------------- 6.273139715194702
------------------------- time cost ------------------------- 6.4005818367004395
------------------------- time cost ------------------------- 6.312633037567139
------------------------- time cost ------------------------- 6.322786569595337
------------------------- time cost ------------------------- 6.355819463729858
------------------------- time cost ------------------------- 6.405927419662476
------------------------- time cost ------------------------- 6.255682468414307

-------------Round number: 80-------------

Evaluate global model
Averaged Train Loss: 0.4684
Averaged Test Accuracy: 0.7820
Averaged Test AUC: 0.7708
Averaged Test Precision: 0.7786
Averaged Test Recall: 0.7820
Averaged Test F1-Score: 0.7553
Std Test Accuracy: 0.0728
Std Test AUC: 0.0547
------------------------- time cost ------------------------- 7.415264844894409
------------------------- time cost ------------------------- 6.38369083404541
------------------------- time cost ------------------------- 6.1628618240356445
------------------------- time cost ------------------------- 6.272040367126465
------------------------- time cost ------------------------- 6.252736330032349
------------------------- time cost ------------------------- 6.401922941207886
------------------------- time cost ------------------------- 6.349363327026367
------------------------- time cost ------------------------- 6.345784664154053
------------------------- time cost ------------------------- 6.431158542633057
------------------------- time cost ------------------------- 6.184821844100952

-------------Round number: 90-------------

Evaluate global model
Averaged Train Loss: 0.4669
Averaged Test Accuracy: 0.7831
Averaged Test AUC: 0.7715
Averaged Test Precision: 0.7790
Averaged Test Recall: 0.7831
Averaged Test F1-Score: 0.7564
Std Test Accuracy: 0.0712
Std Test AUC: 0.0538
------------------------- time cost ------------------------- 7.248028516769409
------------------------- time cost ------------------------- 6.047783136367798
------------------------- time cost ------------------------- 6.30078387260437
------------------------- time cost ------------------------- 6.342292070388794
------------------------- time cost ------------------------- 6.298132419586182
------------------------- time cost ------------------------- 6.408567905426025
------------------------- time cost ------------------------- 6.395579814910889
------------------------- time cost ------------------------- 6.615241527557373
------------------------- time cost ------------------------- 6.89550256729126
------------------------- time cost ------------------------- 6.38076376914978

-------------Round number: 100-------------

Evaluate global model
Averaged Train Loss: 0.4679
Averaged Test Accuracy: 0.7725
Averaged Test AUC: 0.7726
Averaged Test Precision: 0.7745
Averaged Test Recall: 0.7725
Averaged Test F1-Score: 0.7344
Std Test Accuracy: 0.0880
Std Test AUC: 0.0528
------------------------- time cost ------------------------- 6.887118339538574

Best accuracy.
0.7877333333333333

Average time cost per round.
6.444753639698028
File path: results/Uci_FedAvg_test/Uci_FedAvg_test_0.h5
Training process CSV file path: results/Uci_FedAvg_test/Uci_FedAvg_test_0_training_process.csv
Training process data saved to: results/Uci_FedAvg_test/Uci_FedAvg_test_0_training_process.csv

平均训练时间: 653.59秒
