实验: Uci_feature_skew_backdoor_None_run1
物理GPU ID: 0
CUDA_VISIBLE_DEVICES: 0
时间: 2026-01-25 00:09:51
命令: /miniconda3/bin/python flcore/main.py -data Uci -algo FedAvg -nc 10 -gr 100 -ls 5 -lbs 64 -lr 0.01 -eg 10 -t 1 --heterogeneity feature_skew --enable_attack True --attack_mode backdoor --malicious_ratio 0.3 --defense_mode none --use_tlbo False --tlbo_iterations 10 --use_autoencoder False --use_committee False
工作目录: /root/DecisionSupportSystem-FedACT/system

[GPU] 使用环境变量指定的GPU: CUDA_VISIBLE_DEVICES=0
============================================================
实验配置:
============================================================
  goal: test
  device: cuda
  device_id: 0
  dataset: Uci
  heterogeneity: feature_skew
  model: auto
  num_classes: 2
  batch_size: 64
  local_learning_rate: 0.01
  global_rounds: 100
  local_epochs: 5
  algorithm: FedAvg
  num_clients: 10
  join_ratio: 1.0
  random_join_ratio: False
  prev: 0
  times: 1
  eval_gap: 10
  save_folder_name: results
  learning_rate_decay: False
  learning_rate_decay_gamma: 0.99
  few_shot: 0
  time_select: False
  time_threthold: 10000
  top_cnt: 100
  auto_break: False
  client_drop_rate: 0.0
  train_slow_rate: 0.0
  send_slow_rate: 0.0
  dlg_eval: False
  dlg_gap: 100
  batch_num_per_client: 2
  num_new_clients: 0
  fine_tuning_epoch_new: 0
  mu: 0.01
  beta: 0.0
  lamda: 1.0
  tau: 1.0
  plocal_epochs: 1
  server_learning_rate: 1.0
  enable_attack: True
  attack_mode: backdoor
  malicious_ratio: 0.3
  attack_scale: 3.0
  defense_mode: none
  use_autoencoder: False
  autoencoder_latent_dim: 64
  autoencoder_epochs: 20
  committee_size: 5
  vote_threshold: 0.5
  anomaly_threshold: 0.5
  anomaly_lower_coef: 0.7
  anomaly_upper_coef: 1.5
  use_committee: False
  tlbo_iterations: 10
  use_tlbo: False
  use_merkle: True
  use_incentive: True
============================================================

============= 第 1 次实验 =============
正在初始化服务器和客户端...
数据集: Uci, 特征维度: 23
模型参数量: 189,330

Join ratio / total clients: 1.0 / 10
Finished creating server and clients.

-------------Round number: 0-------------

Evaluate global model
Averaged Train Loss: 0.6905
Averaged Test Accuracy: 0.5856
Averaged Test AUC: 0.5178
Averaged Test Precision: 0.6416
Averaged Test Recall: 0.5856
Averaged Test F1-Score: 0.5989
Std Test Accuracy: 0.1062
Std Test AUC: 0.0476
------------------------- time cost ------------------------- 7.775879383087158
------------------------- time cost ------------------------- 6.364130258560181
------------------------- time cost ------------------------- 6.465121507644653
------------------------- time cost ------------------------- 6.457626581192017
------------------------- time cost ------------------------- 6.659244775772095
------------------------- time cost ------------------------- 6.796498775482178
------------------------- time cost ------------------------- 6.52708625793457
------------------------- time cost ------------------------- 6.39526104927063
------------------------- time cost ------------------------- 6.403109312057495
------------------------- time cost ------------------------- 6.201132535934448

-------------Round number: 10-------------

Evaluate global model
Averaged Train Loss: 0.4951
Averaged Test Accuracy: 0.7427
Averaged Test AUC: 0.7415
Averaged Test Precision: 0.7299
Averaged Test Recall: 0.7427
Averaged Test F1-Score: 0.6533
Std Test Accuracy: 0.1013
Std Test AUC: 0.0621
------------------------- time cost ------------------------- 7.181752443313599
------------------------- time cost ------------------------- 6.072427988052368
------------------------- time cost ------------------------- 6.576667785644531
------------------------- time cost ------------------------- 6.533602237701416
------------------------- time cost ------------------------- 6.651165246963501
------------------------- time cost ------------------------- 6.651841402053833
------------------------- time cost ------------------------- 6.508325815200806
------------------------- time cost ------------------------- 6.428573846817017
------------------------- time cost ------------------------- 6.4801185131073
------------------------- time cost ------------------------- 6.509489059448242

-------------Round number: 20-------------

Evaluate global model
Averaged Train Loss: 0.4766
Averaged Test Accuracy: 0.7760
Averaged Test AUC: 0.7545
Averaged Test Precision: 0.7758
Averaged Test Recall: 0.7760
Averaged Test F1-Score: 0.7381
Std Test Accuracy: 0.0853
Std Test AUC: 0.0612
------------------------- time cost ------------------------- 7.648911237716675
------------------------- time cost ------------------------- 6.568840265274048
------------------------- time cost ------------------------- 6.399354457855225
------------------------- time cost ------------------------- 6.511608123779297
------------------------- time cost ------------------------- 6.4603002071380615
------------------------- time cost ------------------------- 6.690699338912964
------------------------- time cost ------------------------- 6.474278926849365
------------------------- time cost ------------------------- 6.49215030670166
------------------------- time cost ------------------------- 6.377511262893677
------------------------- time cost ------------------------- 6.485932111740112

-------------Round number: 30-------------

Evaluate global model
Averaged Train Loss: 0.4707
Averaged Test Accuracy: 0.7815
Averaged Test AUC: 0.7610
Averaged Test Precision: 0.7764
Averaged Test Recall: 0.7815
Averaged Test F1-Score: 0.7510
Std Test Accuracy: 0.0763
Std Test AUC: 0.0596
------------------------- time cost ------------------------- 7.441671848297119
------------------------- time cost ------------------------- 6.522770166397095
------------------------- time cost ------------------------- 6.553716659545898
------------------------- time cost ------------------------- 6.437696218490601
------------------------- time cost ------------------------- 6.5642311573028564
------------------------- time cost ------------------------- 6.55267596244812
------------------------- time cost ------------------------- 6.678430557250977
------------------------- time cost ------------------------- 6.377605438232422
------------------------- time cost ------------------------- 6.453289985656738
------------------------- time cost ------------------------- 6.503686189651489

-------------Round number: 40-------------

Evaluate global model
Averaged Train Loss: 0.4693
Averaged Test Accuracy: 0.7841
Averaged Test AUC: 0.7641
Averaged Test Precision: 0.7775
Averaged Test Recall: 0.7841
Averaged Test F1-Score: 0.7557
Std Test Accuracy: 0.0706
Std Test AUC: 0.0588
------------------------- time cost ------------------------- 7.426509618759155
------------------------- time cost ------------------------- 6.553810358047485
------------------------- time cost ------------------------- 6.5586042404174805
------------------------- time cost ------------------------- 6.583844423294067
------------------------- time cost ------------------------- 6.485645771026611
------------------------- time cost ------------------------- 6.600869178771973
------------------------- time cost ------------------------- 6.63161563873291
------------------------- time cost ------------------------- 6.389082670211792
------------------------- time cost ------------------------- 6.4216790199279785
------------------------- time cost ------------------------- 6.5265562534332275

-------------Round number: 50-------------

Evaluate global model
Averaged Train Loss: 0.4678
Averaged Test Accuracy: 0.7851
Averaged Test AUC: 0.7676
Averaged Test Precision: 0.7791
Averaged Test Recall: 0.7851
Averaged Test F1-Score: 0.7578
Std Test Accuracy: 0.0710
Std Test AUC: 0.0560
------------------------- time cost ------------------------- 7.509857654571533
------------------------- time cost ------------------------- 6.464965581893921
------------------------- time cost ------------------------- 6.378312826156616
------------------------- time cost ------------------------- 6.486124038696289
------------------------- time cost ------------------------- 6.662431001663208
------------------------- time cost ------------------------- 6.477712392807007
------------------------- time cost ------------------------- 6.583129167556763
------------------------- time cost ------------------------- 6.591815233230591
------------------------- time cost ------------------------- 6.390148162841797
------------------------- time cost ------------------------- 6.460638523101807

-------------Round number: 60-------------

Evaluate global model
Averaged Train Loss: 0.4674
Averaged Test Accuracy: 0.7852
Averaged Test AUC: 0.7694
Averaged Test Precision: 0.7806
Averaged Test Recall: 0.7852
Averaged Test F1-Score: 0.7593
Std Test Accuracy: 0.0722
Std Test AUC: 0.0545
------------------------- time cost ------------------------- 7.616577386856079
------------------------- time cost ------------------------- 6.499640464782715
------------------------- time cost ------------------------- 6.265162229537964
------------------------- time cost ------------------------- 6.475009202957153
------------------------- time cost ------------------------- 6.46615743637085
------------------------- time cost ------------------------- 6.441198348999023
------------------------- time cost ------------------------- 6.38681435585022
------------------------- time cost ------------------------- 6.513727903366089
------------------------- time cost ------------------------- 6.439342260360718
------------------------- time cost ------------------------- 6.41656494140625

-------------Round number: 70-------------

Evaluate global model
Averaged Train Loss: 0.4678
Averaged Test Accuracy: 0.7844
Averaged Test AUC: 0.7698
Averaged Test Precision: 0.7806
Averaged Test Recall: 0.7844
Averaged Test F1-Score: 0.7570
Std Test Accuracy: 0.0702
Std Test AUC: 0.0549
------------------------- time cost ------------------------- 7.44146728515625
------------------------- time cost ------------------------- 6.416487455368042
------------------------- time cost ------------------------- 6.301297664642334
------------------------- time cost ------------------------- 6.52472710609436
------------------------- time cost ------------------------- 6.310986757278442
------------------------- time cost ------------------------- 6.562045574188232
------------------------- time cost ------------------------- 6.277493476867676
------------------------- time cost ------------------------- 6.419451475143433
------------------------- time cost ------------------------- 6.556612014770508
------------------------- time cost ------------------------- 6.456838846206665

-------------Round number: 80-------------

Evaluate global model
Averaged Train Loss: 0.4669
Averaged Test Accuracy: 0.7825
Averaged Test AUC: 0.7714
Averaged Test Precision: 0.7794
Averaged Test Recall: 0.7825
Averaged Test F1-Score: 0.7534
Std Test Accuracy: 0.0737
Std Test AUC: 0.0536
------------------------- time cost ------------------------- 7.588144302368164
------------------------- time cost ------------------------- 6.438563823699951
------------------------- time cost ------------------------- 6.387298583984375
------------------------- time cost ------------------------- 6.610402345657349
------------------------- time cost ------------------------- 6.432174921035767
------------------------- time cost ------------------------- 6.405055522918701
------------------------- time cost ------------------------- 6.482856750488281
------------------------- time cost ------------------------- 6.319848537445068
------------------------- time cost ------------------------- 6.698791027069092
------------------------- time cost ------------------------- 6.473898649215698

-------------Round number: 90-------------

Evaluate global model
Averaged Train Loss: 0.4656
Averaged Test Accuracy: 0.7849
Averaged Test AUC: 0.7726
Averaged Test Precision: 0.7789
Averaged Test Recall: 0.7849
Averaged Test F1-Score: 0.7605
Std Test Accuracy: 0.0693
Std Test AUC: 0.0528
------------------------- time cost ------------------------- 7.610140085220337
------------------------- time cost ------------------------- 6.3408122062683105
------------------------- time cost ------------------------- 6.4403135776519775
------------------------- time cost ------------------------- 6.5427961349487305
------------------------- time cost ------------------------- 6.566326856613159
------------------------- time cost ------------------------- 6.51852011680603
------------------------- time cost ------------------------- 6.479974269866943
------------------------- time cost ------------------------- 6.517855882644653
------------------------- time cost ------------------------- 6.543962478637695
------------------------- time cost ------------------------- 6.772351503372192

-------------Round number: 100-------------

Evaluate global model
Averaged Train Loss: 0.4672
Averaged Test Accuracy: 0.7788
Averaged Test AUC: 0.7718
Averaged Test Precision: 0.7769
Averaged Test Recall: 0.7788
Averaged Test F1-Score: 0.7495
Std Test Accuracy: 0.0750
Std Test AUC: 0.0534
------------------------- time cost ------------------------- 7.58659291267395

Best accuracy.
0.7852

Average time cost per round.
6.5878617024421695
File path: results/Uci_FedAvg_test/Uci_FedAvg_test_0.h5
Training process CSV file path: results/Uci_FedAvg_test/Uci_FedAvg_test_0_training_process.csv
Training process data saved to: results/Uci_FedAvg_test/Uci_FedAvg_test_0_training_process.csv

平均训练时间: 667.92秒
