实验: Uci_quantity_skew_free_rider_None_run1
物理GPU ID: 2
CUDA_VISIBLE_DEVICES: 2
时间: 2026-01-24 23:16:12
命令: /miniconda3/bin/python flcore/main.py -data Uci -algo FedAvg -nc 10 -gr 100 -ls 5 -lbs 64 -lr 0.01 -eg 10 -t 1 --heterogeneity quantity_skew --enable_attack True --attack_mode free_rider --malicious_ratio 0.3 --defense_mode none --use_tlbo False --tlbo_iterations 10 --use_autoencoder False --use_committee False
工作目录: /root/DecisionSupportSystem-FedACT/system

[GPU] 使用环境变量指定的GPU: CUDA_VISIBLE_DEVICES=2
============================================================
实验配置:
============================================================
  goal: test
  device: cuda
  device_id: 0
  dataset: Uci
  heterogeneity: quantity_skew
  model: auto
  num_classes: 2
  batch_size: 64
  local_learning_rate: 0.01
  global_rounds: 100
  local_epochs: 5
  algorithm: FedAvg
  num_clients: 10
  join_ratio: 1.0
  random_join_ratio: False
  prev: 0
  times: 1
  eval_gap: 10
  save_folder_name: results
  learning_rate_decay: False
  learning_rate_decay_gamma: 0.99
  few_shot: 0
  time_select: False
  time_threthold: 10000
  top_cnt: 100
  auto_break: False
  client_drop_rate: 0.0
  train_slow_rate: 0.0
  send_slow_rate: 0.0
  dlg_eval: False
  dlg_gap: 100
  batch_num_per_client: 2
  num_new_clients: 0
  fine_tuning_epoch_new: 0
  mu: 0.01
  beta: 0.0
  lamda: 1.0
  tau: 1.0
  plocal_epochs: 1
  server_learning_rate: 1.0
  enable_attack: True
  attack_mode: free_rider
  malicious_ratio: 0.3
  attack_scale: 3.0
  defense_mode: none
  use_autoencoder: False
  autoencoder_latent_dim: 64
  autoencoder_epochs: 20
  committee_size: 5
  vote_threshold: 0.5
  anomaly_threshold: 0.5
  anomaly_lower_coef: 0.7
  anomaly_upper_coef: 1.5
  use_committee: False
  tlbo_iterations: 10
  use_tlbo: False
  use_merkle: True
  use_incentive: True
============================================================

============= 第 1 次实验 =============
正在初始化服务器和客户端...
数据集: Uci, 特征维度: 23
模型参数量: 189,330

Join ratio / total clients: 1.0 / 10
Finished creating server and clients.

-------------Round number: 0-------------

Evaluate global model
Averaged Train Loss: 0.6905
Averaged Test Accuracy: 0.5856
Averaged Test AUC: 0.5178
Averaged Test Precision: 0.6416
Averaged Test Recall: 0.5856
Averaged Test F1-Score: 0.5989
Std Test Accuracy: 0.1062
Std Test AUC: 0.0476
------------------------- time cost ------------------------- 7.7076897621154785
------------------------- time cost ------------------------- 6.5112433433532715
------------------------- time cost ------------------------- 6.1983561515808105
------------------------- time cost ------------------------- 6.270689249038696
------------------------- time cost ------------------------- 6.588056802749634
------------------------- time cost ------------------------- 6.311035871505737
------------------------- time cost ------------------------- 6.300757169723511
------------------------- time cost ------------------------- 6.260566711425781
------------------------- time cost ------------------------- 6.350526332855225
------------------------- time cost ------------------------- 6.2542479038238525

-------------Round number: 10-------------

Evaluate global model
Averaged Train Loss: 0.4954
Averaged Test Accuracy: 0.7416
Averaged Test AUC: 0.7418
Averaged Test Precision: 0.7300
Averaged Test Recall: 0.7416
Averaged Test F1-Score: 0.6494
Std Test Accuracy: 0.0997
Std Test AUC: 0.0619
------------------------- time cost ------------------------- 7.266466856002808
------------------------- time cost ------------------------- 6.239736318588257
------------------------- time cost ------------------------- 6.155704498291016
------------------------- time cost ------------------------- 6.285322189331055
------------------------- time cost ------------------------- 6.326935052871704
------------------------- time cost ------------------------- 6.613213539123535
------------------------- time cost ------------------------- 6.319998741149902
------------------------- time cost ------------------------- 6.1454291343688965
------------------------- time cost ------------------------- 6.25034761428833
------------------------- time cost ------------------------- 6.245866060256958

-------------Round number: 20-------------

Evaluate global model
Averaged Train Loss: 0.4754
Averaged Test Accuracy: 0.7755
Averaged Test AUC: 0.7545
Averaged Test Precision: 0.7724
Averaged Test Recall: 0.7755
Averaged Test F1-Score: 0.7391
Std Test Accuracy: 0.0822
Std Test AUC: 0.0608
------------------------- time cost ------------------------- 7.2944581508636475
------------------------- time cost ------------------------- 6.330153703689575
------------------------- time cost ------------------------- 6.274170398712158
------------------------- time cost ------------------------- 6.281626462936401
------------------------- time cost ------------------------- 6.279958248138428
------------------------- time cost ------------------------- 6.522116184234619
------------------------- time cost ------------------------- 6.203168153762817
------------------------- time cost ------------------------- 6.32657790184021
------------------------- time cost ------------------------- 6.300306081771851
------------------------- time cost ------------------------- 6.3141608238220215

-------------Round number: 30-------------

Evaluate global model
Averaged Train Loss: 0.4699
Averaged Test Accuracy: 0.7799
Averaged Test AUC: 0.7616
Averaged Test Precision: 0.7750
Averaged Test Recall: 0.7799
Averaged Test F1-Score: 0.7493
Std Test Accuracy: 0.0772
Std Test AUC: 0.0593
------------------------- time cost ------------------------- 7.371168375015259
------------------------- time cost ------------------------- 6.281303644180298
------------------------- time cost ------------------------- 6.294840335845947
------------------------- time cost ------------------------- 6.264383792877197
------------------------- time cost ------------------------- 6.336118221282959
------------------------- time cost ------------------------- 6.321553468704224
------------------------- time cost ------------------------- 6.427937269210815
------------------------- time cost ------------------------- 6.362446308135986
------------------------- time cost ------------------------- 6.293965578079224
------------------------- time cost ------------------------- 6.3151562213897705

-------------Round number: 40-------------

Evaluate global model
Averaged Train Loss: 0.4696
Averaged Test Accuracy: 0.7815
Averaged Test AUC: 0.7646
Averaged Test Precision: 0.7774
Averaged Test Recall: 0.7815
Averaged Test F1-Score: 0.7518
Std Test Accuracy: 0.0763
Std Test AUC: 0.0586
------------------------- time cost ------------------------- 7.405747413635254
------------------------- time cost ------------------------- 6.284725666046143
------------------------- time cost ------------------------- 6.218168020248413
------------------------- time cost ------------------------- 6.326319694519043
------------------------- time cost ------------------------- 6.253621339797974
------------------------- time cost ------------------------- 6.251494407653809
------------------------- time cost ------------------------- 6.430775880813599
------------------------- time cost ------------------------- 6.189584970474243
------------------------- time cost ------------------------- 6.242947101593018
------------------------- time cost ------------------------- 6.395309209823608

-------------Round number: 50-------------

Evaluate global model
Averaged Train Loss: 0.4691
Averaged Test Accuracy: 0.7835
Averaged Test AUC: 0.7673
Averaged Test Precision: 0.7762
Averaged Test Recall: 0.7835
Averaged Test F1-Score: 0.7569
Std Test Accuracy: 0.0703
Std Test AUC: 0.0567
------------------------- time cost ------------------------- 7.631193161010742
------------------------- time cost ------------------------- 6.3455588817596436
------------------------- time cost ------------------------- 6.240946054458618
------------------------- time cost ------------------------- 6.269881010055542
------------------------- time cost ------------------------- 6.3452112674713135
------------------------- time cost ------------------------- 6.1856184005737305
------------------------- time cost ------------------------- 6.226722002029419
------------------------- time cost ------------------------- 6.525406360626221
------------------------- time cost ------------------------- 6.270891427993774
------------------------- time cost ------------------------- 6.293810844421387

-------------Round number: 60-------------

Evaluate global model
Averaged Train Loss: 0.4670
Averaged Test Accuracy: 0.7847
Averaged Test AUC: 0.7693
Averaged Test Precision: 0.7784
Averaged Test Recall: 0.7847
Averaged Test F1-Score: 0.7581
Std Test Accuracy: 0.0708
Std Test AUC: 0.0550
------------------------- time cost ------------------------- 7.463722229003906
------------------------- time cost ------------------------- 6.336949586868286
------------------------- time cost ------------------------- 6.236241579055786
------------------------- time cost ------------------------- 6.100383520126343
------------------------- time cost ------------------------- 6.3164381980896
------------------------- time cost ------------------------- 6.295073986053467
------------------------- time cost ------------------------- 6.254599094390869
------------------------- time cost ------------------------- 6.454616546630859
------------------------- time cost ------------------------- 6.297871351242065
------------------------- time cost ------------------------- 6.237703561782837

-------------Round number: 70-------------

Evaluate global model
Averaged Train Loss: 0.4667
Averaged Test Accuracy: 0.7868
Averaged Test AUC: 0.7710
Averaged Test Precision: 0.7800
Averaged Test Recall: 0.7868
Averaged Test F1-Score: 0.7619
Std Test Accuracy: 0.0679
Std Test AUC: 0.0533
------------------------- time cost ------------------------- 7.341852188110352
------------------------- time cost ------------------------- 6.368648290634155
------------------------- time cost ------------------------- 6.258325815200806
------------------------- time cost ------------------------- 6.185336351394653
------------------------- time cost ------------------------- 6.216268062591553
------------------------- time cost ------------------------- 6.274371147155762
------------------------- time cost ------------------------- 6.288202285766602
------------------------- time cost ------------------------- 6.2567784786224365
------------------------- time cost ------------------------- 6.347049713134766
------------------------- time cost ------------------------- 6.307050466537476

-------------Round number: 80-------------

Evaluate global model
Averaged Train Loss: 0.4659
Averaged Test Accuracy: 0.7856
Averaged Test AUC: 0.7718
Averaged Test Precision: 0.7787
Averaged Test Recall: 0.7856
Averaged Test F1-Score: 0.7623
Std Test Accuracy: 0.0673
Std Test AUC: 0.0536
------------------------- time cost ------------------------- 7.278794050216675
------------------------- time cost ------------------------- 6.455634832382202
------------------------- time cost ------------------------- 6.2795140743255615
------------------------- time cost ------------------------- 6.333508014678955
------------------------- time cost ------------------------- 6.3167712688446045
------------------------- time cost ------------------------- 6.269138813018799
------------------------- time cost ------------------------- 6.148271799087524
------------------------- time cost ------------------------- 6.249525785446167
------------------------- time cost ------------------------- 6.40582537651062
------------------------- time cost ------------------------- 6.345621109008789

-------------Round number: 90-------------

Evaluate global model
Averaged Train Loss: 0.4665
Averaged Test Accuracy: 0.7808
Averaged Test AUC: 0.7726
Averaged Test Precision: 0.7775
Averaged Test Recall: 0.7808
Averaged Test F1-Score: 0.7528
Std Test Accuracy: 0.0763
Std Test AUC: 0.0529
------------------------- time cost ------------------------- 7.473768711090088
------------------------- time cost ------------------------- 6.278132200241089
------------------------- time cost ------------------------- 6.549339771270752
------------------------- time cost ------------------------- 6.688156843185425
------------------------- time cost ------------------------- 6.840398073196411
------------------------- time cost ------------------------- 6.992974519729614
------------------------- time cost ------------------------- 6.447594165802002
------------------------- time cost ------------------------- 6.253147840499878
------------------------- time cost ------------------------- 6.381416082382202
------------------------- time cost ------------------------- 6.613618612289429

-------------Round number: 100-------------

Evaluate global model
Averaged Train Loss: 0.4657
Averaged Test Accuracy: 0.7839
Averaged Test AUC: 0.7724
Averaged Test Precision: 0.7774
Averaged Test Recall: 0.7839
Averaged Test F1-Score: 0.7604
Std Test Accuracy: 0.0672
Std Test AUC: 0.0537
------------------------- time cost ------------------------- 7.592233419418335

Best accuracy.
0.7868

Average time cost per round.
6.436548697948456
File path: results/Uci_FedAvg_test/Uci_FedAvg_test_0.h5
Training process CSV file path: results/Uci_FedAvg_test/Uci_FedAvg_test_0_training_process.csv
Training process data saved to: results/Uci_FedAvg_test/Uci_FedAvg_test_0_training_process.csv

平均训练时间: 652.68秒
