实验: Uci_quantity_skew_gaussian_RFA_run1
物理GPU ID: 1
CUDA_VISIBLE_DEVICES: 1
时间: 2026-01-24 22:43:03
命令: /miniconda3/bin/python flcore/main.py -data Uci -algo FedAvg -nc 10 -gr 100 -ls 5 -lbs 64 -lr 0.01 -eg 10 -t 1 --heterogeneity quantity_skew --enable_attack True --attack_mode gaussian --malicious_ratio 0.3 --defense_mode rfa --use_tlbo False --tlbo_iterations 10 --use_autoencoder False --use_committee False
工作目录: /root/DecisionSupportSystem-FedACT/system

[GPU] 使用环境变量指定的GPU: CUDA_VISIBLE_DEVICES=1
============================================================
实验配置:
============================================================
  goal: test
  device: cuda
  device_id: 0
  dataset: Uci
  heterogeneity: quantity_skew
  model: auto
  num_classes: 2
  batch_size: 64
  local_learning_rate: 0.01
  global_rounds: 100
  local_epochs: 5
  algorithm: FedAvg
  num_clients: 10
  join_ratio: 1.0
  random_join_ratio: False
  prev: 0
  times: 1
  eval_gap: 10
  save_folder_name: results
  learning_rate_decay: False
  learning_rate_decay_gamma: 0.99
  few_shot: 0
  time_select: False
  time_threthold: 10000
  top_cnt: 100
  auto_break: False
  client_drop_rate: 0.0
  train_slow_rate: 0.0
  send_slow_rate: 0.0
  dlg_eval: False
  dlg_gap: 100
  batch_num_per_client: 2
  num_new_clients: 0
  fine_tuning_epoch_new: 0
  mu: 0.01
  beta: 0.0
  lamda: 1.0
  tau: 1.0
  plocal_epochs: 1
  server_learning_rate: 1.0
  enable_attack: True
  attack_mode: gaussian
  malicious_ratio: 0.3
  attack_scale: 3.0
  defense_mode: rfa
  use_autoencoder: False
  autoencoder_latent_dim: 64
  autoencoder_epochs: 20
  committee_size: 5
  vote_threshold: 0.5
  anomaly_threshold: 0.5
  anomaly_lower_coef: 0.7
  anomaly_upper_coef: 1.5
  use_committee: False
  tlbo_iterations: 10
  use_tlbo: False
  use_merkle: True
  use_incentive: True
============================================================

============= 第 1 次实验 =============
正在初始化服务器和客户端...
数据集: Uci, 特征维度: 23
模型参数量: 189,330

Join ratio / total clients: 1.0 / 10
Finished creating server and clients.

-------------Round number: 0-------------

Evaluate global model
Averaged Train Loss: 0.6905
Averaged Test Accuracy: 0.5856
Averaged Test AUC: 0.5178
Averaged Test Precision: 0.6416
Averaged Test Recall: 0.5856
Averaged Test F1-Score: 0.5989
Std Test Accuracy: 0.1062
Std Test AUC: 0.0476
------------------------- time cost ------------------------- 7.3583924770355225
------------------------- time cost ------------------------- 6.206926584243774
------------------------- time cost ------------------------- 6.025516510009766
------------------------- time cost ------------------------- 6.1746344566345215
------------------------- time cost ------------------------- 6.375659465789795
------------------------- time cost ------------------------- 6.480898141860962
------------------------- time cost ------------------------- 6.2590107917785645
------------------------- time cost ------------------------- 6.40868616104126
------------------------- time cost ------------------------- 6.441477537155151
------------------------- time cost ------------------------- 6.361717700958252

-------------Round number: 10-------------

Evaluate global model
Averaged Train Loss: 0.4954
Averaged Test Accuracy: 0.7405
Averaged Test AUC: 0.7421
Averaged Test Precision: 0.7021
Averaged Test Recall: 0.7405
Averaged Test F1-Score: 0.6478
Std Test Accuracy: 0.1016
Std Test AUC: 0.0619
------------------------- time cost ------------------------- 7.495509624481201
------------------------- time cost ------------------------- 6.396961450576782
------------------------- time cost ------------------------- 6.310538053512573
------------------------- time cost ------------------------- 6.476233243942261
------------------------- time cost ------------------------- 6.376641273498535
------------------------- time cost ------------------------- 6.532595634460449
------------------------- time cost ------------------------- 6.380009412765503
------------------------- time cost ------------------------- 6.376643896102905
------------------------- time cost ------------------------- 6.604848384857178
------------------------- time cost ------------------------- 6.4070281982421875

-------------Round number: 20-------------

Evaluate global model
Averaged Train Loss: 0.4740
Averaged Test Accuracy: 0.7767
Averaged Test AUC: 0.7555
Averaged Test Precision: 0.7730
Averaged Test Recall: 0.7767
Averaged Test F1-Score: 0.7397
Std Test Accuracy: 0.0818
Std Test AUC: 0.0605
------------------------- time cost ------------------------- 7.464964866638184
------------------------- time cost ------------------------- 6.347281217575073
------------------------- time cost ------------------------- 6.345623970031738
------------------------- time cost ------------------------- 6.430087566375732
------------------------- time cost ------------------------- 6.3869898319244385
------------------------- time cost ------------------------- 6.359578371047974
------------------------- time cost ------------------------- 6.2724289894104
------------------------- time cost ------------------------- 6.2665300369262695
------------------------- time cost ------------------------- 6.363148927688599
------------------------- time cost ------------------------- 6.321907043457031

-------------Round number: 30-------------

Evaluate global model
Averaged Train Loss: 0.4723
Averaged Test Accuracy: 0.7788
Averaged Test AUC: 0.7610
Averaged Test Precision: 0.7750
Averaged Test Recall: 0.7788
Averaged Test F1-Score: 0.7454
Std Test Accuracy: 0.0804
Std Test AUC: 0.0604
------------------------- time cost ------------------------- 7.412128686904907
------------------------- time cost ------------------------- 6.411738395690918
------------------------- time cost ------------------------- 6.36954140663147
------------------------- time cost ------------------------- 6.48293662071228
------------------------- time cost ------------------------- 6.361431360244751
------------------------- time cost ------------------------- 6.373382568359375
------------------------- time cost ------------------------- 6.50166654586792
------------------------- time cost ------------------------- 6.468939304351807
------------------------- time cost ------------------------- 6.3032050132751465
------------------------- time cost ------------------------- 6.44884991645813

-------------Round number: 40-------------

Evaluate global model
Averaged Train Loss: 0.4704
Averaged Test Accuracy: 0.7776
Averaged Test AUC: 0.7650
Averaged Test Precision: 0.7744
Averaged Test Recall: 0.7776
Averaged Test F1-Score: 0.7442
Std Test Accuracy: 0.0803
Std Test AUC: 0.0585
------------------------- time cost ------------------------- 7.348143815994263
------------------------- time cost ------------------------- 6.470482349395752
------------------------- time cost ------------------------- 6.2877466678619385
------------------------- time cost ------------------------- 6.37506103515625
------------------------- time cost ------------------------- 6.4800050258636475
------------------------- time cost ------------------------- 6.301682233810425
------------------------- time cost ------------------------- 6.45085072517395
------------------------- time cost ------------------------- 6.503632545471191
------------------------- time cost ------------------------- 6.289264678955078
------------------------- time cost ------------------------- 6.35866904258728

-------------Round number: 50-------------

Evaluate global model
Averaged Train Loss: 0.4691
Averaged Test Accuracy: 0.7833
Averaged Test AUC: 0.7673
Averaged Test Precision: 0.7784
Averaged Test Recall: 0.7833
Averaged Test F1-Score: 0.7559
Std Test Accuracy: 0.0736
Std Test AUC: 0.0572
------------------------- time cost ------------------------- 7.547021865844727
------------------------- time cost ------------------------- 6.302155494689941
------------------------- time cost ------------------------- 6.35535454750061
------------------------- time cost ------------------------- 6.483004331588745
------------------------- time cost ------------------------- 6.273499011993408
------------------------- time cost ------------------------- 6.291480541229248
------------------------- time cost ------------------------- 6.331651926040649
------------------------- time cost ------------------------- 6.614549160003662
------------------------- time cost ------------------------- 6.202178716659546
------------------------- time cost ------------------------- 6.38820743560791

-------------Round number: 60-------------

Evaluate global model
Averaged Train Loss: 0.4688
Averaged Test Accuracy: 0.7832
Averaged Test AUC: 0.7685
Averaged Test Precision: 0.7777
Averaged Test Recall: 0.7832
Averaged Test F1-Score: 0.7570
Std Test Accuracy: 0.0702
Std Test AUC: 0.0564
------------------------- time cost ------------------------- 7.453861951828003
------------------------- time cost ------------------------- 6.4349751472473145
------------------------- time cost ------------------------- 6.355263948440552
------------------------- time cost ------------------------- 6.443631887435913
------------------------- time cost ------------------------- 6.3408119678497314
------------------------- time cost ------------------------- 6.3204450607299805
------------------------- time cost ------------------------- 6.2798521518707275
------------------------- time cost ------------------------- 6.596791744232178
------------------------- time cost ------------------------- 6.287651300430298
------------------------- time cost ------------------------- 6.336230039596558

-------------Round number: 70-------------

Evaluate global model
Averaged Train Loss: 0.4682
Averaged Test Accuracy: 0.7836
Averaged Test AUC: 0.7703
Averaged Test Precision: 0.7786
Averaged Test Recall: 0.7836
Averaged Test F1-Score: 0.7559
Std Test Accuracy: 0.0711
Std Test AUC: 0.0543
------------------------- time cost ------------------------- 7.329802751541138
------------------------- time cost ------------------------- 6.4118194580078125
------------------------- time cost ------------------------- 6.376338958740234
------------------------- time cost ------------------------- 6.330926895141602
------------------------- time cost ------------------------- 6.397845506668091
------------------------- time cost ------------------------- 6.362378120422363
------------------------- time cost ------------------------- 6.443260192871094
------------------------- time cost ------------------------- 6.561427593231201
------------------------- time cost ------------------------- 6.311682224273682
------------------------- time cost ------------------------- 6.286162376403809

-------------Round number: 80-------------

Evaluate global model
Averaged Train Loss: 0.4675
Averaged Test Accuracy: 0.7815
Averaged Test AUC: 0.7713
Averaged Test Precision: 0.7777
Averaged Test Recall: 0.7815
Averaged Test F1-Score: 0.7528
Std Test Accuracy: 0.0747
Std Test AUC: 0.0539
------------------------- time cost ------------------------- 7.369713544845581
------------------------- time cost ------------------------- 6.370118141174316
------------------------- time cost ------------------------- 6.361445903778076
------------------------- time cost ------------------------- 6.473446846008301
------------------------- time cost ------------------------- 6.405837059020996
------------------------- time cost ------------------------- 6.348517656326294
------------------------- time cost ------------------------- 6.351165056228638
------------------------- time cost ------------------------- 6.419874429702759
------------------------- time cost ------------------------- 6.393932342529297
------------------------- time cost ------------------------- 6.340976238250732

-------------Round number: 90-------------

Evaluate global model
Averaged Train Loss: 0.4678
Averaged Test Accuracy: 0.7797
Averaged Test AUC: 0.7717
Averaged Test Precision: 0.7774
Averaged Test Recall: 0.7797
Averaged Test F1-Score: 0.7506
Std Test Accuracy: 0.0771
Std Test AUC: 0.0542
------------------------- time cost ------------------------- 7.440950393676758
------------------------- time cost ------------------------- 6.369899272918701
------------------------- time cost ------------------------- 6.385215759277344
------------------------- time cost ------------------------- 6.191989898681641
------------------------- time cost ------------------------- 6.27816915512085
------------------------- time cost ------------------------- 5.752755403518677
------------------------- time cost ------------------------- 5.883066177368164
------------------------- time cost ------------------------- 6.000051736831665
------------------------- time cost ------------------------- 6.266005754470825
------------------------- time cost ------------------------- 6.788663625717163

-------------Round number: 100-------------

Evaluate global model
Averaged Train Loss: 0.4683
Averaged Test Accuracy: 0.7801
Averaged Test AUC: 0.7718
Averaged Test Precision: 0.7787
Averaged Test Recall: 0.7801
Averaged Test F1-Score: 0.7531
Std Test Accuracy: 0.0754
Std Test AUC: 0.0536
------------------------- time cost ------------------------- 7.627333879470825

Best accuracy.
0.7836

Average time cost per round.
6.469188258647919
File path: results/Uci_FedAvg_test/Uci_FedAvg_test_0.h5
Training process CSV file path: results/Uci_FedAvg_test/Uci_FedAvg_test_0_training_process.csv
Training process data saved to: results/Uci_FedAvg_test/Uci_FedAvg_test_0_training_process.csv

平均训练时间: 655.63秒
