实验: Uci_iid_scale_TrimmedMean_run1
物理GPU ID: 3
CUDA_VISIBLE_DEVICES: 3
时间: 2026-01-24 20:53:37
命令: /miniconda3/bin/python flcore/main.py -data Uci -algo FedAvg -nc 10 -gr 100 -ls 5 -lbs 64 -lr 0.01 -eg 10 -t 1 --heterogeneity iid --enable_attack True --attack_mode scale --malicious_ratio 0.3 --defense_mode trimmed_mean --use_tlbo False --tlbo_iterations 10 --use_autoencoder False --use_committee False
工作目录: /root/DecisionSupportSystem-FedACT/system

[GPU] 使用环境变量指定的GPU: CUDA_VISIBLE_DEVICES=3
============================================================
实验配置:
============================================================
  goal: test
  device: cuda
  device_id: 0
  dataset: Uci
  heterogeneity: iid
  model: auto
  num_classes: 2
  batch_size: 64
  local_learning_rate: 0.01
  global_rounds: 100
  local_epochs: 5
  algorithm: FedAvg
  num_clients: 10
  join_ratio: 1.0
  random_join_ratio: False
  prev: 0
  times: 1
  eval_gap: 10
  save_folder_name: results
  learning_rate_decay: False
  learning_rate_decay_gamma: 0.99
  few_shot: 0
  time_select: False
  time_threthold: 10000
  top_cnt: 100
  auto_break: False
  client_drop_rate: 0.0
  train_slow_rate: 0.0
  send_slow_rate: 0.0
  dlg_eval: False
  dlg_gap: 100
  batch_num_per_client: 2
  num_new_clients: 0
  fine_tuning_epoch_new: 0
  mu: 0.01
  beta: 0.0
  lamda: 1.0
  tau: 1.0
  plocal_epochs: 1
  server_learning_rate: 1.0
  enable_attack: True
  attack_mode: scale
  malicious_ratio: 0.3
  attack_scale: 3.0
  defense_mode: trimmed_mean
  use_autoencoder: False
  autoencoder_latent_dim: 64
  autoencoder_epochs: 20
  committee_size: 5
  vote_threshold: 0.5
  anomaly_threshold: 0.5
  anomaly_lower_coef: 0.7
  anomaly_upper_coef: 1.5
  use_committee: False
  tlbo_iterations: 10
  use_tlbo: False
  use_merkle: True
  use_incentive: True
============================================================

============= 第 1 次实验 =============
正在初始化服务器和客户端...
数据集: Uci, 特征维度: 23
模型参数量: 189,330

Join ratio / total clients: 1.0 / 10
Finished creating server and clients.

-------------Round number: 0-------------

Evaluate global model
Averaged Train Loss: 0.6905
Averaged Test Accuracy: 0.5856
Averaged Test AUC: 0.5178
Averaged Test Precision: 0.6416
Averaged Test Recall: 0.5856
Averaged Test F1-Score: 0.5989
Std Test Accuracy: 0.1062
Std Test AUC: 0.0476
------------------------- time cost ------------------------- 8.582565307617188
------------------------- time cost ------------------------- 6.306805610656738
------------------------- time cost ------------------------- 6.355226516723633
------------------------- time cost ------------------------- 6.207197427749634
------------------------- time cost ------------------------- 6.257071256637573
------------------------- time cost ------------------------- 6.247316122055054
------------------------- time cost ------------------------- 6.268775701522827
------------------------- time cost ------------------------- 6.273858547210693
------------------------- time cost ------------------------- 6.306521892547607
------------------------- time cost ------------------------- 6.254380226135254

-------------Round number: 10-------------

Evaluate global model
Averaged Train Loss: 0.4962
Averaged Test Accuracy: 0.7407
Averaged Test AUC: 0.7422
Averaged Test Precision: 0.7110
Averaged Test Recall: 0.7407
Averaged Test F1-Score: 0.6470
Std Test Accuracy: 0.1001
Std Test AUC: 0.0608
------------------------- time cost ------------------------- 7.58790922164917
------------------------- time cost ------------------------- 6.138168573379517
------------------------- time cost ------------------------- 6.193530082702637
------------------------- time cost ------------------------- 6.188838243484497
------------------------- time cost ------------------------- 6.197656631469727
------------------------- time cost ------------------------- 6.34235405921936
------------------------- time cost ------------------------- 6.227429628372192
------------------------- time cost ------------------------- 6.208316802978516
------------------------- time cost ------------------------- 6.408282279968262
------------------------- time cost ------------------------- 6.331334829330444

-------------Round number: 20-------------

Evaluate global model
Averaged Train Loss: 0.4754
Averaged Test Accuracy: 0.7757
Averaged Test AUC: 0.7548
Averaged Test Precision: 0.7737
Averaged Test Recall: 0.7757
Averaged Test F1-Score: 0.7372
Std Test Accuracy: 0.0834
Std Test AUC: 0.0612
------------------------- time cost ------------------------- 7.646359443664551
------------------------- time cost ------------------------- 6.215938091278076
------------------------- time cost ------------------------- 6.1398138999938965
------------------------- time cost ------------------------- 6.135263442993164
------------------------- time cost ------------------------- 6.229757070541382
------------------------- time cost ------------------------- 6.415991544723511
------------------------- time cost ------------------------- 6.173782110214233
------------------------- time cost ------------------------- 6.3072943687438965
------------------------- time cost ------------------------- 6.263224363327026
------------------------- time cost ------------------------- 6.35802698135376

-------------Round number: 30-------------

Evaluate global model
Averaged Train Loss: 0.4705
Averaged Test Accuracy: 0.7799
Averaged Test AUC: 0.7613
Averaged Test Precision: 0.7743
Averaged Test Recall: 0.7799
Averaged Test F1-Score: 0.7489
Std Test Accuracy: 0.0775
Std Test AUC: 0.0593
------------------------- time cost ------------------------- 7.6554131507873535
------------------------- time cost ------------------------- 6.179748296737671
------------------------- time cost ------------------------- 6.222660303115845
------------------------- time cost ------------------------- 6.154250621795654
------------------------- time cost ------------------------- 6.179064989089966
------------------------- time cost ------------------------- 6.163063049316406
------------------------- time cost ------------------------- 6.438020467758179
------------------------- time cost ------------------------- 6.210071802139282
------------------------- time cost ------------------------- 6.130188226699829
------------------------- time cost ------------------------- 6.3815388679504395

-------------Round number: 40-------------

Evaluate global model
Averaged Train Loss: 0.4725
Averaged Test Accuracy: 0.7744
Averaged Test AUC: 0.7641
Averaged Test Precision: 0.7752
Averaged Test Recall: 0.7744
Averaged Test F1-Score: 0.7397
Std Test Accuracy: 0.0830
Std Test AUC: 0.0591
------------------------- time cost ------------------------- 7.81287407875061
------------------------- time cost ------------------------- 6.305352210998535
------------------------- time cost ------------------------- 6.155368804931641
------------------------- time cost ------------------------- 6.210639715194702
------------------------- time cost ------------------------- 6.228030204772949
------------------------- time cost ------------------------- 6.273801565170288
------------------------- time cost ------------------------- 6.309400320053101
------------------------- time cost ------------------------- 6.164129734039307
------------------------- time cost ------------------------- 6.234082221984863
------------------------- time cost ------------------------- 6.434371709823608

-------------Round number: 50-------------

Evaluate global model
Averaged Train Loss: 0.4691
Averaged Test Accuracy: 0.7820
Averaged Test AUC: 0.7673
Averaged Test Precision: 0.7767
Averaged Test Recall: 0.7820
Averaged Test F1-Score: 0.7532
Std Test Accuracy: 0.0734
Std Test AUC: 0.0570
------------------------- time cost ------------------------- 7.585394620895386
------------------------- time cost ------------------------- 6.36458683013916
------------------------- time cost ------------------------- 6.164028644561768
------------------------- time cost ------------------------- 6.2691991329193115
------------------------- time cost ------------------------- 6.330276012420654
------------------------- time cost ------------------------- 6.31635856628418
------------------------- time cost ------------------------- 6.262416362762451
------------------------- time cost ------------------------- 6.401178359985352
------------------------- time cost ------------------------- 6.165326833724976
------------------------- time cost ------------------------- 6.317125082015991

-------------Round number: 60-------------

Evaluate global model
Averaged Train Loss: 0.4685
Averaged Test Accuracy: 0.7792
Averaged Test AUC: 0.7690
Averaged Test Precision: 0.7774
Averaged Test Recall: 0.7792
Averaged Test F1-Score: 0.7489
Std Test Accuracy: 0.0766
Std Test AUC: 0.0552
------------------------- time cost ------------------------- 7.573534250259399
------------------------- time cost ------------------------- 6.1918933391571045
------------------------- time cost ------------------------- 6.309464454650879
------------------------- time cost ------------------------- 6.177002429962158
------------------------- time cost ------------------------- 6.129934072494507
------------------------- time cost ------------------------- 6.153980493545532
------------------------- time cost ------------------------- 6.309183120727539
------------------------- time cost ------------------------- 6.320843458175659
------------------------- time cost ------------------------- 6.227611780166626
------------------------- time cost ------------------------- 6.390163898468018

-------------Round number: 70-------------

Evaluate global model
Averaged Train Loss: 0.4688
Averaged Test Accuracy: 0.7787
Averaged Test AUC: 0.7706
Averaged Test Precision: 0.7779
Averaged Test Recall: 0.7787
Averaged Test F1-Score: 0.7475
Std Test Accuracy: 0.0796
Std Test AUC: 0.0544
------------------------- time cost ------------------------- 7.566415548324585
------------------------- time cost ------------------------- 6.272374391555786
------------------------- time cost ------------------------- 6.169222593307495
------------------------- time cost ------------------------- 6.3256402015686035
------------------------- time cost ------------------------- 6.190910577774048
------------------------- time cost ------------------------- 6.251069068908691
------------------------- time cost ------------------------- 6.239256143569946
------------------------- time cost ------------------------- 6.360386371612549
------------------------- time cost ------------------------- 6.388354778289795
------------------------- time cost ------------------------- 6.460661172866821

-------------Round number: 80-------------

Evaluate global model
Averaged Train Loss: 0.4669
Averaged Test Accuracy: 0.7839
Averaged Test AUC: 0.7717
Averaged Test Precision: 0.7796
Averaged Test Recall: 0.7839
Averaged Test F1-Score: 0.7566
Std Test Accuracy: 0.0703
Std Test AUC: 0.0542
------------------------- time cost ------------------------- 7.539421558380127
------------------------- time cost ------------------------- 6.363246917724609
------------------------- time cost ------------------------- 6.244954347610474
------------------------- time cost ------------------------- 6.3141539096832275
------------------------- time cost ------------------------- 6.204076766967773
------------------------- time cost ------------------------- 6.242971897125244
------------------------- time cost ------------------------- 6.272067308425903
------------------------- time cost ------------------------- 6.142279863357544
------------------------- time cost ------------------------- 6.463189363479614
------------------------- time cost ------------------------- 6.387589693069458

-------------Round number: 90-------------

Evaluate global model
Averaged Train Loss: 0.4678
Averaged Test Accuracy: 0.7803
Averaged Test AUC: 0.7720
Averaged Test Precision: 0.7778
Averaged Test Recall: 0.7803
Averaged Test F1-Score: 0.7522
Std Test Accuracy: 0.0751
Std Test AUC: 0.0536
------------------------- time cost ------------------------- 7.526748895645142
------------------------- time cost ------------------------- 6.213438987731934
------------------------- time cost ------------------------- 6.223325967788696
------------------------- time cost ------------------------- 6.1830735206604
------------------------- time cost ------------------------- 6.214958906173706
------------------------- time cost ------------------------- 6.2792809009552
------------------------- time cost ------------------------- 6.162363052368164
------------------------- time cost ------------------------- 6.178206920623779
------------------------- time cost ------------------------- 6.177705764770508
------------------------- time cost ------------------------- 6.6654603481292725

-------------Round number: 100-------------

Evaluate global model
Averaged Train Loss: 0.4672
Averaged Test Accuracy: 0.7804
Averaged Test AUC: 0.7727
Averaged Test Precision: 0.7784
Averaged Test Recall: 0.7804
Averaged Test F1-Score: 0.7524
Std Test Accuracy: 0.0750
Std Test AUC: 0.0523
------------------------- time cost ------------------------- 7.7847936153411865

Best accuracy.
0.7838666666666667

Average time cost per round.
6.39995596408844
File path: results/Uci_FedAvg_test/Uci_FedAvg_test_0.h5
Training process CSV file path: results/Uci_FedAvg_test/Uci_FedAvg_test_0_training_process.csv
Training process data saved to: results/Uci_FedAvg_test/Uci_FedAvg_test_0_training_process.csv

平均训练时间: 652.19秒
