实验: Uci_iid_ipm_None_run1
物理GPU ID: 0
CUDA_VISIBLE_DEVICES: 0
时间: 2026-01-24 21:15:22
命令: /miniconda3/bin/python flcore/main.py -data Uci -algo FedAvg -nc 10 -gr 100 -ls 5 -lbs 64 -lr 0.01 -eg 10 -t 1 --heterogeneity iid --enable_attack True --attack_mode ipm --malicious_ratio 0.3 --defense_mode none --use_tlbo False --tlbo_iterations 10 --use_autoencoder False --use_committee False
工作目录: /root/DecisionSupportSystem-FedACT/system

[GPU] 使用环境变量指定的GPU: CUDA_VISIBLE_DEVICES=0
============================================================
实验配置:
============================================================
  goal: test
  device: cuda
  device_id: 0
  dataset: Uci
  heterogeneity: iid
  model: auto
  num_classes: 2
  batch_size: 64
  local_learning_rate: 0.01
  global_rounds: 100
  local_epochs: 5
  algorithm: FedAvg
  num_clients: 10
  join_ratio: 1.0
  random_join_ratio: False
  prev: 0
  times: 1
  eval_gap: 10
  save_folder_name: results
  learning_rate_decay: False
  learning_rate_decay_gamma: 0.99
  few_shot: 0
  time_select: False
  time_threthold: 10000
  top_cnt: 100
  auto_break: False
  client_drop_rate: 0.0
  train_slow_rate: 0.0
  send_slow_rate: 0.0
  dlg_eval: False
  dlg_gap: 100
  batch_num_per_client: 2
  num_new_clients: 0
  fine_tuning_epoch_new: 0
  mu: 0.01
  beta: 0.0
  lamda: 1.0
  tau: 1.0
  plocal_epochs: 1
  server_learning_rate: 1.0
  enable_attack: True
  attack_mode: ipm
  malicious_ratio: 0.3
  attack_scale: 3.0
  defense_mode: none
  use_autoencoder: False
  autoencoder_latent_dim: 64
  autoencoder_epochs: 20
  committee_size: 5
  vote_threshold: 0.5
  anomaly_threshold: 0.5
  anomaly_lower_coef: 0.7
  anomaly_upper_coef: 1.5
  use_committee: False
  tlbo_iterations: 10
  use_tlbo: False
  use_merkle: True
  use_incentive: True
============================================================

============= 第 1 次实验 =============
正在初始化服务器和客户端...
数据集: Uci, 特征维度: 23
模型参数量: 189,330

Join ratio / total clients: 1.0 / 10
Finished creating server and clients.

-------------Round number: 0-------------

Evaluate global model
Averaged Train Loss: 0.6905
Averaged Test Accuracy: 0.5856
Averaged Test AUC: 0.5178
Averaged Test Precision: 0.6416
Averaged Test Recall: 0.5856
Averaged Test F1-Score: 0.5989
Std Test Accuracy: 0.1062
Std Test AUC: 0.0476
------------------------- time cost ------------------------- 8.555450201034546
------------------------- time cost ------------------------- 6.976235389709473
------------------------- time cost ------------------------- 7.227982521057129
------------------------- time cost ------------------------- 7.344013452529907
------------------------- time cost ------------------------- 7.0439300537109375
------------------------- time cost ------------------------- 6.4750306606292725
------------------------- time cost ------------------------- 6.273135662078857
------------------------- time cost ------------------------- 6.271083116531372
------------------------- time cost ------------------------- 6.277915716171265
------------------------- time cost ------------------------- 6.318965911865234

-------------Round number: 10-------------

Evaluate global model
Averaged Train Loss: 0.4948
Averaged Test Accuracy: 0.7411
Averaged Test AUC: 0.7433
Averaged Test Precision: 0.7321
Averaged Test Recall: 0.7411
Averaged Test F1-Score: 0.6484
Std Test Accuracy: 0.1013
Std Test AUC: 0.0612
------------------------- time cost ------------------------- 7.456900596618652
------------------------- time cost ------------------------- 6.5711588859558105
------------------------- time cost ------------------------- 6.385735511779785
------------------------- time cost ------------------------- 6.463449716567993
------------------------- time cost ------------------------- 6.48237419128418
------------------------- time cost ------------------------- 6.602148771286011
------------------------- time cost ------------------------- 6.312002182006836
------------------------- time cost ------------------------- 6.284798622131348
------------------------- time cost ------------------------- 6.390254259109497
------------------------- time cost ------------------------- 6.324763536453247

-------------Round number: 20-------------

Evaluate global model
Averaged Train Loss: 0.4747
Averaged Test Accuracy: 0.7784
Averaged Test AUC: 0.7554
Averaged Test Precision: 0.7762
Averaged Test Recall: 0.7784
Averaged Test F1-Score: 0.7424
Std Test Accuracy: 0.0814
Std Test AUC: 0.0606
------------------------- time cost ------------------------- 7.428614139556885
------------------------- time cost ------------------------- 6.456162929534912
------------------------- time cost ------------------------- 6.425196886062622
------------------------- time cost ------------------------- 6.442205429077148
------------------------- time cost ------------------------- 6.462921380996704
------------------------- time cost ------------------------- 6.548880577087402
------------------------- time cost ------------------------- 6.2554380893707275
------------------------- time cost ------------------------- 6.273119926452637
------------------------- time cost ------------------------- 6.301813125610352
------------------------- time cost ------------------------- 6.349708318710327

-------------Round number: 30-------------

Evaluate global model
Averaged Train Loss: 0.4724
Averaged Test Accuracy: 0.7772
Averaged Test AUC: 0.7606
Averaged Test Precision: 0.7729
Averaged Test Recall: 0.7772
Averaged Test F1-Score: 0.7450
Std Test Accuracy: 0.0799
Std Test AUC: 0.0605
------------------------- time cost ------------------------- 7.506893634796143
------------------------- time cost ------------------------- 6.48049521446228
------------------------- time cost ------------------------- 6.4290032386779785
------------------------- time cost ------------------------- 6.396832704544067
------------------------- time cost ------------------------- 6.450642824172974
------------------------- time cost ------------------------- 6.356321334838867
------------------------- time cost ------------------------- 6.496951341629028
------------------------- time cost ------------------------- 6.344696760177612
------------------------- time cost ------------------------- 6.3427557945251465
------------------------- time cost ------------------------- 6.325801849365234

-------------Round number: 40-------------

Evaluate global model
Averaged Train Loss: 0.4695
Averaged Test Accuracy: 0.7816
Averaged Test AUC: 0.7647
Averaged Test Precision: 0.7765
Averaged Test Recall: 0.7816
Averaged Test F1-Score: 0.7521
Std Test Accuracy: 0.0755
Std Test AUC: 0.0592
------------------------- time cost ------------------------- 7.406742095947266
------------------------- time cost ------------------------- 6.399868488311768
------------------------- time cost ------------------------- 6.399699449539185
------------------------- time cost ------------------------- 6.444381475448608
------------------------- time cost ------------------------- 6.430220127105713
------------------------- time cost ------------------------- 6.321967601776123
------------------------- time cost ------------------------- 6.4889490604400635
------------------------- time cost ------------------------- 6.4223010540008545
------------------------- time cost ------------------------- 6.411398887634277
------------------------- time cost ------------------------- 6.2979888916015625

-------------Round number: 50-------------

Evaluate global model
Averaged Train Loss: 0.4667
Averaged Test Accuracy: 0.7848
Averaged Test AUC: 0.7677
Averaged Test Precision: 0.7780
Averaged Test Recall: 0.7848
Averaged Test F1-Score: 0.7578
Std Test Accuracy: 0.0705
Std Test AUC: 0.0569
------------------------- time cost ------------------------- 7.593619346618652
------------------------- time cost ------------------------- 6.4409966468811035
------------------------- time cost ------------------------- 6.353888988494873
------------------------- time cost ------------------------- 6.401140451431274
------------------------- time cost ------------------------- 6.527387619018555
------------------------- time cost ------------------------- 6.396835088729858
------------------------- time cost ------------------------- 6.302792310714722
------------------------- time cost ------------------------- 6.643111944198608
------------------------- time cost ------------------------- 6.366891622543335
------------------------- time cost ------------------------- 6.355408668518066

-------------Round number: 60-------------

Evaluate global model
Averaged Train Loss: 0.4674
Averaged Test Accuracy: 0.7851
Averaged Test AUC: 0.7688
Averaged Test Precision: 0.7787
Averaged Test Recall: 0.7851
Averaged Test F1-Score: 0.7607
Std Test Accuracy: 0.0686
Std Test AUC: 0.0563
------------------------- time cost ------------------------- 7.419299602508545
------------------------- time cost ------------------------- 6.50784969329834
------------------------- time cost ------------------------- 6.317258834838867
------------------------- time cost ------------------------- 6.453177213668823
------------------------- time cost ------------------------- 6.417275905609131
------------------------- time cost ------------------------- 6.299823999404907
------------------------- time cost ------------------------- 6.377056837081909
------------------------- time cost ------------------------- 6.457939386367798
------------------------- time cost ------------------------- 6.450484275817871
------------------------- time cost ------------------------- 6.407238245010376

-------------Round number: 70-------------

Evaluate global model
Averaged Train Loss: 0.4678
Averaged Test Accuracy: 0.7841
Averaged Test AUC: 0.7699
Averaged Test Precision: 0.7792
Averaged Test Recall: 0.7841
Averaged Test F1-Score: 0.7574
Std Test Accuracy: 0.0701
Std Test AUC: 0.0557
------------------------- time cost ------------------------- 7.396917819976807
------------------------- time cost ------------------------- 6.619977235794067
------------------------- time cost ------------------------- 6.482458591461182
------------------------- time cost ------------------------- 6.512567758560181
------------------------- time cost ------------------------- 6.371010065078735
------------------------- time cost ------------------------- 6.322258710861206
------------------------- time cost ------------------------- 6.294782638549805
------------------------- time cost ------------------------- 6.255102872848511
------------------------- time cost ------------------------- 6.406836748123169
------------------------- time cost ------------------------- 6.482646703720093

-------------Round number: 80-------------

Evaluate global model
Averaged Train Loss: 0.4665
Averaged Test Accuracy: 0.7840
Averaged Test AUC: 0.7714
Averaged Test Precision: 0.7792
Averaged Test Recall: 0.7840
Averaged Test F1-Score: 0.7564
Std Test Accuracy: 0.0726
Std Test AUC: 0.0541
------------------------- time cost ------------------------- 7.520459890365601
------------------------- time cost ------------------------- 6.4206461906433105
------------------------- time cost ------------------------- 6.431881666183472
------------------------- time cost ------------------------- 6.484975099563599
------------------------- time cost ------------------------- 6.334667205810547
------------------------- time cost ------------------------- 6.403392791748047
------------------------- time cost ------------------------- 6.301355838775635
------------------------- time cost ------------------------- 6.414065599441528
------------------------- time cost ------------------------- 6.421141147613525
------------------------- time cost ------------------------- 6.4065587520599365

-------------Round number: 90-------------

Evaluate global model
Averaged Train Loss: 0.4663
Averaged Test Accuracy: 0.7805
Averaged Test AUC: 0.7721
Averaged Test Precision: 0.7772
Averaged Test Recall: 0.7805
Averaged Test F1-Score: 0.7521
Std Test Accuracy: 0.0753
Std Test AUC: 0.0536
------------------------- time cost ------------------------- 7.576261758804321
------------------------- time cost ------------------------- 6.435350179672241
------------------------- time cost ------------------------- 6.406777620315552
------------------------- time cost ------------------------- 6.424296617507935
------------------------- time cost ------------------------- 6.320821523666382
------------------------- time cost ------------------------- 6.361928701400757
------------------------- time cost ------------------------- 6.368866920471191
------------------------- time cost ------------------------- 6.366277694702148
------------------------- time cost ------------------------- 6.3362367153167725
------------------------- time cost ------------------------- 6.984869003295898

-------------Round number: 100-------------

Evaluate global model
Averaged Train Loss: 0.4656
Averaged Test Accuracy: 0.7816
Averaged Test AUC: 0.7733
Averaged Test Precision: 0.7788
Averaged Test Recall: 0.7816
Averaged Test F1-Score: 0.7537
Std Test Accuracy: 0.0755
Std Test AUC: 0.0523
------------------------- time cost ------------------------- 7.715551853179932

Best accuracy.
0.7850666666666667

Average time cost per round.
6.54650269985199
File path: results/Uci_FedAvg_test/Uci_FedAvg_test_0.h5
Training process CSV file path: results/Uci_FedAvg_test/Uci_FedAvg_test_0_training_process.csv
Training process data saved to: results/Uci_FedAvg_test/Uci_FedAvg_test_0_training_process.csv

平均训练时间: 664.5秒
