实验: Uci_label_skew_scale_Median_run1
物理GPU ID: 3
CUDA_VISIBLE_DEVICES: 3
时间: 2026-01-24 21:48:29
命令: /miniconda3/bin/python flcore/main.py -data Uci -algo FedAvg -nc 10 -gr 100 -ls 5 -lbs 64 -lr 0.01 -eg 10 -t 1 --heterogeneity label_skew --enable_attack True --attack_mode scale --malicious_ratio 0.3 --defense_mode median --use_tlbo False --tlbo_iterations 10 --use_autoencoder False --use_committee False
工作目录: /root/DecisionSupportSystem-FedACT/system

[GPU] 使用环境变量指定的GPU: CUDA_VISIBLE_DEVICES=3
============================================================
实验配置:
============================================================
  goal: test
  device: cuda
  device_id: 0
  dataset: Uci
  heterogeneity: label_skew
  model: auto
  num_classes: 2
  batch_size: 64
  local_learning_rate: 0.01
  global_rounds: 100
  local_epochs: 5
  algorithm: FedAvg
  num_clients: 10
  join_ratio: 1.0
  random_join_ratio: False
  prev: 0
  times: 1
  eval_gap: 10
  save_folder_name: results
  learning_rate_decay: False
  learning_rate_decay_gamma: 0.99
  few_shot: 0
  time_select: False
  time_threthold: 10000
  top_cnt: 100
  auto_break: False
  client_drop_rate: 0.0
  train_slow_rate: 0.0
  send_slow_rate: 0.0
  dlg_eval: False
  dlg_gap: 100
  batch_num_per_client: 2
  num_new_clients: 0
  fine_tuning_epoch_new: 0
  mu: 0.01
  beta: 0.0
  lamda: 1.0
  tau: 1.0
  plocal_epochs: 1
  server_learning_rate: 1.0
  enable_attack: True
  attack_mode: scale
  malicious_ratio: 0.3
  attack_scale: 3.0
  defense_mode: median
  use_autoencoder: False
  autoencoder_latent_dim: 64
  autoencoder_epochs: 20
  committee_size: 5
  vote_threshold: 0.5
  anomaly_threshold: 0.5
  anomaly_lower_coef: 0.7
  anomaly_upper_coef: 1.5
  use_committee: False
  tlbo_iterations: 10
  use_tlbo: False
  use_merkle: True
  use_incentive: True
============================================================

============= 第 1 次实验 =============
正在初始化服务器和客户端...
数据集: Uci, 特征维度: 23
模型参数量: 189,330

Join ratio / total clients: 1.0 / 10
Finished creating server and clients.

-------------Round number: 0-------------

Evaluate global model
Averaged Train Loss: 0.6905
Averaged Test Accuracy: 0.5856
Averaged Test AUC: 0.5178
Averaged Test Precision: 0.6416
Averaged Test Recall: 0.5856
Averaged Test F1-Score: 0.5989
Std Test Accuracy: 0.1062
Std Test AUC: 0.0476
------------------------- time cost ------------------------- 7.1683313846588135
------------------------- time cost ------------------------- 6.160088539123535
------------------------- time cost ------------------------- 6.253259181976318
------------------------- time cost ------------------------- 6.28378701210022
------------------------- time cost ------------------------- 6.381922245025635
------------------------- time cost ------------------------- 6.264958381652832
------------------------- time cost ------------------------- 6.233568429946899
------------------------- time cost ------------------------- 6.4395575523376465
------------------------- time cost ------------------------- 6.452372074127197
------------------------- time cost ------------------------- 6.254594564437866

-------------Round number: 10-------------

Evaluate global model
Averaged Train Loss: 0.4960
Averaged Test Accuracy: 0.7403
Averaged Test AUC: 0.7414
Averaged Test Precision: 0.7022
Averaged Test Recall: 0.7403
Averaged Test F1-Score: 0.6474
Std Test Accuracy: 0.1008
Std Test AUC: 0.0612
------------------------- time cost ------------------------- 7.364261150360107
------------------------- time cost ------------------------- 6.305913686752319
------------------------- time cost ------------------------- 6.279489040374756
------------------------- time cost ------------------------- 6.333641529083252
------------------------- time cost ------------------------- 6.2503039836883545
------------------------- time cost ------------------------- 6.550107002258301
------------------------- time cost ------------------------- 6.356024265289307
------------------------- time cost ------------------------- 6.26904559135437
------------------------- time cost ------------------------- 6.261693000793457
------------------------- time cost ------------------------- 6.212125539779663

-------------Round number: 20-------------

Evaluate global model
Averaged Train Loss: 0.4760
Averaged Test Accuracy: 0.7757
Averaged Test AUC: 0.7549
Averaged Test Precision: 0.7752
Averaged Test Recall: 0.7757
Averaged Test F1-Score: 0.7375
Std Test Accuracy: 0.0849
Std Test AUC: 0.0611
------------------------- time cost ------------------------- 7.553351879119873
------------------------- time cost ------------------------- 6.523097038269043
------------------------- time cost ------------------------- 6.378364562988281
------------------------- time cost ------------------------- 6.276085376739502
------------------------- time cost ------------------------- 6.332072019577026
------------------------- time cost ------------------------- 6.535891532897949
------------------------- time cost ------------------------- 6.292056322097778
------------------------- time cost ------------------------- 6.227344036102295
------------------------- time cost ------------------------- 6.437716007232666
------------------------- time cost ------------------------- 6.308112621307373

-------------Round number: 30-------------

Evaluate global model
Averaged Train Loss: 0.4714
Averaged Test Accuracy: 0.7801
Averaged Test AUC: 0.7616
Averaged Test Precision: 0.7756
Averaged Test Recall: 0.7801
Averaged Test F1-Score: 0.7483
Std Test Accuracy: 0.0786
Std Test AUC: 0.0594
------------------------- time cost ------------------------- 7.266459703445435
------------------------- time cost ------------------------- 6.305866718292236
------------------------- time cost ------------------------- 6.246379613876343
------------------------- time cost ------------------------- 6.396310806274414
------------------------- time cost ------------------------- 6.244626998901367
------------------------- time cost ------------------------- 6.425213813781738
------------------------- time cost ------------------------- 6.401651859283447
------------------------- time cost ------------------------- 6.167672157287598
------------------------- time cost ------------------------- 6.335669279098511
------------------------- time cost ------------------------- 6.334889650344849

-------------Round number: 40-------------

Evaluate global model
Averaged Train Loss: 0.4703
Averaged Test Accuracy: 0.7792
Averaged Test AUC: 0.7644
Averaged Test Precision: 0.7754
Averaged Test Recall: 0.7792
Averaged Test F1-Score: 0.7494
Std Test Accuracy: 0.0760
Std Test AUC: 0.0586
------------------------- time cost ------------------------- 7.341524124145508
------------------------- time cost ------------------------- 6.25078558921814
------------------------- time cost ------------------------- 6.210324287414551
------------------------- time cost ------------------------- 6.320889711380005
------------------------- time cost ------------------------- 6.279336452484131
------------------------- time cost ------------------------- 6.362417459487915
------------------------- time cost ------------------------- 6.3989927768707275
------------------------- time cost ------------------------- 6.177356958389282
------------------------- time cost ------------------------- 6.383893966674805
------------------------- time cost ------------------------- 6.3956615924835205

-------------Round number: 50-------------

Evaluate global model
Averaged Train Loss: 0.4688
Averaged Test Accuracy: 0.7817
Averaged Test AUC: 0.7675
Averaged Test Precision: 0.7768
Averaged Test Recall: 0.7817
Averaged Test F1-Score: 0.7543
Std Test Accuracy: 0.0738
Std Test AUC: 0.0566
------------------------- time cost ------------------------- 7.40900182723999
------------------------- time cost ------------------------- 6.4335572719573975
------------------------- time cost ------------------------- 6.279270648956299
------------------------- time cost ------------------------- 6.212277173995972
------------------------- time cost ------------------------- 6.215548038482666
------------------------- time cost ------------------------- 6.4163734912872314
------------------------- time cost ------------------------- 6.5024025440216064
------------------------- time cost ------------------------- 6.405136585235596
------------------------- time cost ------------------------- 6.2859461307525635
------------------------- time cost ------------------------- 6.383192300796509

-------------Round number: 60-------------

Evaluate global model
Averaged Train Loss: 0.4675
Averaged Test Accuracy: 0.7861
Averaged Test AUC: 0.7699
Averaged Test Precision: 0.7801
Averaged Test Recall: 0.7861
Averaged Test F1-Score: 0.7603
Std Test Accuracy: 0.0695
Std Test AUC: 0.0544
------------------------- time cost ------------------------- 7.37258243560791
------------------------- time cost ------------------------- 6.4855637550354
------------------------- time cost ------------------------- 6.2412214279174805
------------------------- time cost ------------------------- 6.280513048171997
------------------------- time cost ------------------------- 6.294225692749023
------------------------- time cost ------------------------- 6.341045618057251
------------------------- time cost ------------------------- 6.373687267303467
------------------------- time cost ------------------------- 6.501039505004883
------------------------- time cost ------------------------- 6.355949878692627
------------------------- time cost ------------------------- 6.328848123550415

-------------Round number: 70-------------

Evaluate global model
Averaged Train Loss: 0.4664
Averaged Test Accuracy: 0.7883
Averaged Test AUC: 0.7713
Averaged Test Precision: 0.7813
Averaged Test Recall: 0.7883
Averaged Test F1-Score: 0.7665
Std Test Accuracy: 0.0642
Std Test AUC: 0.0530
------------------------- time cost ------------------------- 7.442237854003906
------------------------- time cost ------------------------- 6.4491400718688965
------------------------- time cost ------------------------- 6.286648273468018
------------------------- time cost ------------------------- 6.247895956039429
------------------------- time cost ------------------------- 6.266721248626709
------------------------- time cost ------------------------- 6.241590976715088
------------------------- time cost ------------------------- 6.287930727005005
------------------------- time cost ------------------------- 6.497992992401123
------------------------- time cost ------------------------- 6.365051031112671
------------------------- time cost ------------------------- 6.371813058853149

-------------Round number: 80-------------

Evaluate global model
Averaged Train Loss: 0.4670
Averaged Test Accuracy: 0.7836
Averaged Test AUC: 0.7720
Averaged Test Precision: 0.7790
Averaged Test Recall: 0.7836
Averaged Test F1-Score: 0.7572
Std Test Accuracy: 0.0720
Std Test AUC: 0.0527
------------------------- time cost ------------------------- 7.417102575302124
------------------------- time cost ------------------------- 6.346816301345825
------------------------- time cost ------------------------- 6.188088893890381
------------------------- time cost ------------------------- 6.281207799911499
------------------------- time cost ------------------------- 6.272206783294678
------------------------- time cost ------------------------- 6.344302654266357
------------------------- time cost ------------------------- 6.4097936153411865
------------------------- time cost ------------------------- 6.290096998214722
------------------------- time cost ------------------------- 6.600548267364502
------------------------- time cost ------------------------- 6.3208770751953125

-------------Round number: 90-------------

Evaluate global model
Averaged Train Loss: 0.4663
Averaged Test Accuracy: 0.7849
Averaged Test AUC: 0.7727
Averaged Test Precision: 0.7801
Averaged Test Recall: 0.7849
Averaged Test F1-Score: 0.7600
Std Test Accuracy: 0.0704
Std Test AUC: 0.0525
------------------------- time cost ------------------------- 7.493195056915283
------------------------- time cost ------------------------- 6.40926194190979
------------------------- time cost ------------------------- 6.42551589012146
------------------------- time cost ------------------------- 6.389257431030273
------------------------- time cost ------------------------- 6.263780355453491
------------------------- time cost ------------------------- 5.842663049697876
------------------------- time cost ------------------------- 5.8571882247924805
------------------------- time cost ------------------------- 5.807798385620117
------------------------- time cost ------------------------- 6.471423387527466
------------------------- time cost ------------------------- 6.217240333557129

-------------Round number: 100-------------

Evaluate global model
Averaged Train Loss: 0.4651
Averaged Test Accuracy: 0.7840
Averaged Test AUC: 0.7733
Averaged Test Precision: 0.7799
Averaged Test Recall: 0.7840
Averaged Test F1-Score: 0.7584
Std Test Accuracy: 0.0707
Std Test AUC: 0.0522
------------------------- time cost ------------------------- 7.187307357788086

Best accuracy.
0.7882666666666667

Average time cost per round.
6.4242680501937866
File path: results/Uci_FedAvg_test/Uci_FedAvg_test_0.h5
Training process CSV file path: results/Uci_FedAvg_test/Uci_FedAvg_test_0_training_process.csv
Training process data saved to: results/Uci_FedAvg_test/Uci_FedAvg_test_0_training_process.csv

平均训练时间: 650.91秒
