实验: Uci_iid_little_Median_run1
物理GPU ID: 0
CUDA_VISIBLE_DEVICES: 0
时间: 2026-01-24 21:04:47
命令: /miniconda3/bin/python flcore/main.py -data Uci -algo FedAvg -nc 10 -gr 100 -ls 5 -lbs 64 -lr 0.01 -eg 10 -t 1 --heterogeneity iid --enable_attack True --attack_mode little --malicious_ratio 0.3 --defense_mode median --use_tlbo False --tlbo_iterations 10 --use_autoencoder False --use_committee False
工作目录: /root/DecisionSupportSystem-FedACT/system

[GPU] 使用环境变量指定的GPU: CUDA_VISIBLE_DEVICES=0
============================================================
实验配置:
============================================================
  goal: test
  device: cuda
  device_id: 0
  dataset: Uci
  heterogeneity: iid
  model: auto
  num_classes: 2
  batch_size: 64
  local_learning_rate: 0.01
  global_rounds: 100
  local_epochs: 5
  algorithm: FedAvg
  num_clients: 10
  join_ratio: 1.0
  random_join_ratio: False
  prev: 0
  times: 1
  eval_gap: 10
  save_folder_name: results
  learning_rate_decay: False
  learning_rate_decay_gamma: 0.99
  few_shot: 0
  time_select: False
  time_threthold: 10000
  top_cnt: 100
  auto_break: False
  client_drop_rate: 0.0
  train_slow_rate: 0.0
  send_slow_rate: 0.0
  dlg_eval: False
  dlg_gap: 100
  batch_num_per_client: 2
  num_new_clients: 0
  fine_tuning_epoch_new: 0
  mu: 0.01
  beta: 0.0
  lamda: 1.0
  tau: 1.0
  plocal_epochs: 1
  server_learning_rate: 1.0
  enable_attack: True
  attack_mode: little
  malicious_ratio: 0.3
  attack_scale: 3.0
  defense_mode: median
  use_autoencoder: False
  autoencoder_latent_dim: 64
  autoencoder_epochs: 20
  committee_size: 5
  vote_threshold: 0.5
  anomaly_threshold: 0.5
  anomaly_lower_coef: 0.7
  anomaly_upper_coef: 1.5
  use_committee: False
  tlbo_iterations: 10
  use_tlbo: False
  use_merkle: True
  use_incentive: True
============================================================

============= 第 1 次实验 =============
正在初始化服务器和客户端...
数据集: Uci, 特征维度: 23
模型参数量: 189,330

Join ratio / total clients: 1.0 / 10
Finished creating server and clients.

-------------Round number: 0-------------

Evaluate global model
Averaged Train Loss: 0.6905
Averaged Test Accuracy: 0.5856
Averaged Test AUC: 0.5178
Averaged Test Precision: 0.6416
Averaged Test Recall: 0.5856
Averaged Test F1-Score: 0.5989
Std Test Accuracy: 0.1062
Std Test AUC: 0.0476
------------------------- time cost ------------------------- 8.79296064376831
------------------------- time cost ------------------------- 6.916275978088379
------------------------- time cost ------------------------- 6.416559219360352
------------------------- time cost ------------------------- 6.356339454650879
------------------------- time cost ------------------------- 6.502235651016235
------------------------- time cost ------------------------- 6.312929630279541
------------------------- time cost ------------------------- 6.310600996017456
------------------------- time cost ------------------------- 6.3851587772369385
------------------------- time cost ------------------------- 6.427784442901611
------------------------- time cost ------------------------- 6.342398643493652

-------------Round number: 10-------------

Evaluate global model
Averaged Train Loss: 0.4950
Averaged Test Accuracy: 0.7412
Averaged Test AUC: 0.7413
Averaged Test Precision: 0.7291
Averaged Test Recall: 0.7412
Averaged Test F1-Score: 0.6490
Std Test Accuracy: 0.1007
Std Test AUC: 0.0625
------------------------- time cost ------------------------- 7.549900054931641
------------------------- time cost ------------------------- 6.398288726806641
------------------------- time cost ------------------------- 6.351298570632935
------------------------- time cost ------------------------- 6.279261112213135
------------------------- time cost ------------------------- 6.43211555480957
------------------------- time cost ------------------------- 6.541538238525391
------------------------- time cost ------------------------- 6.3693459033966064
------------------------- time cost ------------------------- 6.433008909225464
------------------------- time cost ------------------------- 6.486308813095093
------------------------- time cost ------------------------- 6.470697641372681

-------------Round number: 20-------------

Evaluate global model
Averaged Train Loss: 0.4759
Averaged Test Accuracy: 0.7740
Averaged Test AUC: 0.7545
Averaged Test Precision: 0.7733
Averaged Test Recall: 0.7740
Averaged Test F1-Score: 0.7347
Std Test Accuracy: 0.0839
Std Test AUC: 0.0605
------------------------- time cost ------------------------- 7.531177759170532
------------------------- time cost ------------------------- 6.429306507110596
------------------------- time cost ------------------------- 6.381523847579956
------------------------- time cost ------------------------- 6.41423225402832
------------------------- time cost ------------------------- 6.358502149581909
------------------------- time cost ------------------------- 6.497217655181885
------------------------- time cost ------------------------- 6.26197361946106
------------------------- time cost ------------------------- 6.472298860549927
------------------------- time cost ------------------------- 6.428871154785156
------------------------- time cost ------------------------- 6.550329208374023

-------------Round number: 30-------------

Evaluate global model
Averaged Train Loss: 0.4724
Averaged Test Accuracy: 0.7755
Averaged Test AUC: 0.7610
Averaged Test Precision: 0.7742
Averaged Test Recall: 0.7755
Averaged Test F1-Score: 0.7393
Std Test Accuracy: 0.0859
Std Test AUC: 0.0596
------------------------- time cost ------------------------- 7.5352623462677
------------------------- time cost ------------------------- 6.380280494689941
------------------------- time cost ------------------------- 6.386101722717285
------------------------- time cost ------------------------- 6.314184665679932
------------------------- time cost ------------------------- 6.379460573196411
------------------------- time cost ------------------------- 6.340142726898193
------------------------- time cost ------------------------- 6.586956977844238
------------------------- time cost ------------------------- 6.3524088859558105
------------------------- time cost ------------------------- 6.480591535568237
------------------------- time cost ------------------------- 6.626910924911499

-------------Round number: 40-------------

Evaluate global model
Averaged Train Loss: 0.4703
Averaged Test Accuracy: 0.7780
Averaged Test AUC: 0.7644
Averaged Test Precision: 0.7741
Averaged Test Recall: 0.7780
Averaged Test F1-Score: 0.7448
Std Test Accuracy: 0.0781
Std Test AUC: 0.0589
------------------------- time cost ------------------------- 7.625861883163452
------------------------- time cost ------------------------- 6.430011749267578
------------------------- time cost ------------------------- 6.327162981033325
------------------------- time cost ------------------------- 6.310998916625977
------------------------- time cost ------------------------- 6.444085597991943
------------------------- time cost ------------------------- 6.370290517807007
------------------------- time cost ------------------------- 6.475606441497803
------------------------- time cost ------------------------- 6.508769273757935
------------------------- time cost ------------------------- 6.447452545166016
------------------------- time cost ------------------------- 6.662269830703735

-------------Round number: 50-------------

Evaluate global model
Averaged Train Loss: 0.4691
Averaged Test Accuracy: 0.7785
Averaged Test AUC: 0.7677
Averaged Test Precision: 0.7753
Averaged Test Recall: 0.7785
Averaged Test F1-Score: 0.7488
Std Test Accuracy: 0.0771
Std Test AUC: 0.0568
------------------------- time cost ------------------------- 7.455064296722412
------------------------- time cost ------------------------- 6.372386455535889
------------------------- time cost ------------------------- 6.3324315547943115
------------------------- time cost ------------------------- 6.448454141616821
------------------------- time cost ------------------------- 6.276922225952148
------------------------- time cost ------------------------- 6.3284828662872314
------------------------- time cost ------------------------- 6.377399921417236
------------------------- time cost ------------------------- 6.619555711746216
------------------------- time cost ------------------------- 6.407889366149902
------------------------- time cost ------------------------- 6.577146291732788

-------------Round number: 60-------------

Evaluate global model
Averaged Train Loss: 0.4693
Averaged Test Accuracy: 0.7760
Averaged Test AUC: 0.7691
Averaged Test Precision: 0.7738
Averaged Test Recall: 0.7760
Averaged Test F1-Score: 0.7439
Std Test Accuracy: 0.0783
Std Test AUC: 0.0552
------------------------- time cost ------------------------- 7.384377717971802
------------------------- time cost ------------------------- 6.2762556076049805
------------------------- time cost ------------------------- 6.365591764450073
------------------------- time cost ------------------------- 6.308123350143433
------------------------- time cost ------------------------- 6.32131290435791
------------------------- time cost ------------------------- 6.268029451370239
------------------------- time cost ------------------------- 6.422375202178955
------------------------- time cost ------------------------- 6.465547561645508
------------------------- time cost ------------------------- 6.423191070556641
------------------------- time cost ------------------------- 6.411632537841797

-------------Round number: 70-------------

Evaluate global model
Averaged Train Loss: 0.4683
Averaged Test Accuracy: 0.7829
Averaged Test AUC: 0.7705
Averaged Test Precision: 0.7788
Averaged Test Recall: 0.7829
Averaged Test F1-Score: 0.7554
Std Test Accuracy: 0.0709
Std Test AUC: 0.0541
------------------------- time cost ------------------------- 7.534372091293335
------------------------- time cost ------------------------- 6.270662546157837
------------------------- time cost ------------------------- 6.3904709815979
------------------------- time cost ------------------------- 6.262141942977905
------------------------- time cost ------------------------- 6.408422946929932
------------------------- time cost ------------------------- 6.288396835327148
------------------------- time cost ------------------------- 6.374785900115967
------------------------- time cost ------------------------- 6.387828826904297
------------------------- time cost ------------------------- 6.603523254394531
------------------------- time cost ------------------------- 6.526720762252808

-------------Round number: 80-------------

Evaluate global model
Averaged Train Loss: 0.4690
Averaged Test Accuracy: 0.7795
Averaged Test AUC: 0.7707
Averaged Test Precision: 0.7776
Averaged Test Recall: 0.7795
Averaged Test F1-Score: 0.7494
Std Test Accuracy: 0.0761
Std Test AUC: 0.0546
------------------------- time cost ------------------------- 7.54888391494751
------------------------- time cost ------------------------- 6.388437032699585
------------------------- time cost ------------------------- 6.345998287200928
------------------------- time cost ------------------------- 6.289036512374878
------------------------- time cost ------------------------- 6.352528095245361
------------------------- time cost ------------------------- 6.425211668014526
------------------------- time cost ------------------------- 6.434391736984253
------------------------- time cost ------------------------- 6.370761156082153
------------------------- time cost ------------------------- 6.64718222618103
------------------------- time cost ------------------------- 6.559518575668335

-------------Round number: 90-------------

Evaluate global model
Averaged Train Loss: 0.4676
Averaged Test Accuracy: 0.7812
Averaged Test AUC: 0.7726
Averaged Test Precision: 0.7785
Averaged Test Recall: 0.7812
Averaged Test F1-Score: 0.7544
Std Test Accuracy: 0.0740
Std Test AUC: 0.0530
------------------------- time cost ------------------------- 7.482900381088257
------------------------- time cost ------------------------- 6.382171869277954
------------------------- time cost ------------------------- 6.452250003814697
------------------------- time cost ------------------------- 6.4203290939331055
------------------------- time cost ------------------------- 6.279512643814087
------------------------- time cost ------------------------- 6.315261125564575
------------------------- time cost ------------------------- 6.425751447677612
------------------------- time cost ------------------------- 6.885462284088135
------------------------- time cost ------------------------- 6.964419364929199
------------------------- time cost ------------------------- 7.432392597198486

-------------Round number: 100-------------

Evaluate global model
Averaged Train Loss: 0.4661
Averaged Test Accuracy: 0.7835
Averaged Test AUC: 0.7734
Averaged Test Precision: 0.7800
Averaged Test Recall: 0.7835
Averaged Test F1-Score: 0.7578
Std Test Accuracy: 0.0712
Std Test AUC: 0.0521
------------------------- time cost ------------------------- 9.136833667755127

Best accuracy.
0.7834666666666666

Average time cost per round.
6.560210196971894
File path: results/Uci_FedAvg_test/Uci_FedAvg_test_0.h5
Training process CSV file path: results/Uci_FedAvg_test/Uci_FedAvg_test_0_training_process.csv
Training process data saved to: results/Uci_FedAvg_test/Uci_FedAvg_test_0_training_process.csv

平均训练时间: 666.07秒
