实验: Uci_label_skew_minmax_Bulyan_run1
物理GPU ID: 4
CUDA_VISIBLE_DEVICES: 4
时间: 2026-01-24 22:10:17
命令: /miniconda3/bin/python flcore/main.py -data Uci -algo FedAvg -nc 10 -gr 100 -ls 5 -lbs 64 -lr 0.01 -eg 10 -t 1 --heterogeneity label_skew --enable_attack True --attack_mode minmax --malicious_ratio 0.3 --defense_mode bulyan --use_tlbo False --tlbo_iterations 10 --use_autoencoder False --use_committee False
工作目录: /root/DecisionSupportSystem-FedACT/system

[GPU] 使用环境变量指定的GPU: CUDA_VISIBLE_DEVICES=4
============================================================
实验配置:
============================================================
  goal: test
  device: cuda
  device_id: 0
  dataset: Uci
  heterogeneity: label_skew
  model: auto
  num_classes: 2
  batch_size: 64
  local_learning_rate: 0.01
  global_rounds: 100
  local_epochs: 5
  algorithm: FedAvg
  num_clients: 10
  join_ratio: 1.0
  random_join_ratio: False
  prev: 0
  times: 1
  eval_gap: 10
  save_folder_name: results
  learning_rate_decay: False
  learning_rate_decay_gamma: 0.99
  few_shot: 0
  time_select: False
  time_threthold: 10000
  top_cnt: 100
  auto_break: False
  client_drop_rate: 0.0
  train_slow_rate: 0.0
  send_slow_rate: 0.0
  dlg_eval: False
  dlg_gap: 100
  batch_num_per_client: 2
  num_new_clients: 0
  fine_tuning_epoch_new: 0
  mu: 0.01
  beta: 0.0
  lamda: 1.0
  tau: 1.0
  plocal_epochs: 1
  server_learning_rate: 1.0
  enable_attack: True
  attack_mode: minmax
  malicious_ratio: 0.3
  attack_scale: 3.0
  defense_mode: bulyan
  use_autoencoder: False
  autoencoder_latent_dim: 64
  autoencoder_epochs: 20
  committee_size: 5
  vote_threshold: 0.5
  anomaly_threshold: 0.5
  anomaly_lower_coef: 0.7
  anomaly_upper_coef: 1.5
  use_committee: False
  tlbo_iterations: 10
  use_tlbo: False
  use_merkle: True
  use_incentive: True
============================================================

============= 第 1 次实验 =============
正在初始化服务器和客户端...
数据集: Uci, 特征维度: 23
模型参数量: 189,330

Join ratio / total clients: 1.0 / 10
Finished creating server and clients.

-------------Round number: 0-------------

Evaluate global model
Averaged Train Loss: 0.6905
Averaged Test Accuracy: 0.5856
Averaged Test AUC: 0.5178
Averaged Test Precision: 0.6416
Averaged Test Recall: 0.5856
Averaged Test F1-Score: 0.5989
Std Test Accuracy: 0.1062
Std Test AUC: 0.0476
------------------------- time cost ------------------------- 8.043168306350708
------------------------- time cost ------------------------- 6.638079881668091
------------------------- time cost ------------------------- 6.327430248260498
------------------------- time cost ------------------------- 6.007582426071167
------------------------- time cost ------------------------- 5.862386226654053
------------------------- time cost ------------------------- 5.949317216873169
------------------------- time cost ------------------------- 6.3942365646362305
------------------------- time cost ------------------------- 6.350877046585083
------------------------- time cost ------------------------- 6.515218019485474
------------------------- time cost ------------------------- 6.38388991355896

-------------Round number: 10-------------

Evaluate global model
Averaged Train Loss: 0.4968
Averaged Test Accuracy: 0.7400
Averaged Test AUC: 0.7424
Averaged Test Precision: 0.7267
Averaged Test Recall: 0.7400
Averaged Test F1-Score: 0.6447
Std Test Accuracy: 0.1014
Std Test AUC: 0.0616
------------------------- time cost ------------------------- 7.477118015289307
------------------------- time cost ------------------------- 6.324085235595703
------------------------- time cost ------------------------- 6.305706024169922
------------------------- time cost ------------------------- 6.327402830123901
------------------------- time cost ------------------------- 6.266160488128662
------------------------- time cost ------------------------- 6.470831871032715
------------------------- time cost ------------------------- 6.296032667160034
------------------------- time cost ------------------------- 6.410267114639282
------------------------- time cost ------------------------- 6.305952548980713
------------------------- time cost ------------------------- 6.258560657501221

-------------Round number: 20-------------

Evaluate global model
Averaged Train Loss: 0.4746
Averaged Test Accuracy: 0.7775
Averaged Test AUC: 0.7552
Averaged Test Precision: 0.7745
Averaged Test Recall: 0.7775
Averaged Test F1-Score: 0.7412
Std Test Accuracy: 0.0827
Std Test AUC: 0.0615
------------------------- time cost ------------------------- 7.245701551437378
------------------------- time cost ------------------------- 6.33254075050354
------------------------- time cost ------------------------- 6.428553819656372
------------------------- time cost ------------------------- 6.404146671295166
------------------------- time cost ------------------------- 6.247815132141113
------------------------- time cost ------------------------- 6.434157848358154
------------------------- time cost ------------------------- 6.390790939331055
------------------------- time cost ------------------------- 6.373863220214844
------------------------- time cost ------------------------- 6.267102003097534
------------------------- time cost ------------------------- 6.40336537361145

-------------Round number: 30-------------

Evaluate global model
Averaged Train Loss: 0.4720
Averaged Test Accuracy: 0.7763
Averaged Test AUC: 0.7610
Averaged Test Precision: 0.7734
Averaged Test Recall: 0.7763
Averaged Test F1-Score: 0.7422
Std Test Accuracy: 0.0823
Std Test AUC: 0.0595
------------------------- time cost ------------------------- 7.344271183013916
------------------------- time cost ------------------------- 6.343835353851318
------------------------- time cost ------------------------- 6.264360427856445
------------------------- time cost ------------------------- 6.412579298019409
------------------------- time cost ------------------------- 6.368664503097534
------------------------- time cost ------------------------- 6.315064191818237
------------------------- time cost ------------------------- 6.60567831993103
------------------------- time cost ------------------------- 6.415692567825317
------------------------- time cost ------------------------- 6.370058536529541
------------------------- time cost ------------------------- 6.373449087142944

-------------Round number: 40-------------

Evaluate global model
Averaged Train Loss: 0.4691
Averaged Test Accuracy: 0.7813
Averaged Test AUC: 0.7651
Averaged Test Precision: 0.7767
Averaged Test Recall: 0.7813
Averaged Test F1-Score: 0.7515
Std Test Accuracy: 0.0734
Std Test AUC: 0.0591
------------------------- time cost ------------------------- 7.327225923538208
------------------------- time cost ------------------------- 6.316566467285156
------------------------- time cost ------------------------- 6.333775520324707
------------------------- time cost ------------------------- 6.3032190799713135
------------------------- time cost ------------------------- 6.336550951004028
------------------------- time cost ------------------------- 6.391857385635376
------------------------- time cost ------------------------- 6.547587633132935
------------------------- time cost ------------------------- 6.410406589508057
------------------------- time cost ------------------------- 6.397298097610474
------------------------- time cost ------------------------- 6.424199819564819

-------------Round number: 50-------------

Evaluate global model
Averaged Train Loss: 0.4697
Averaged Test Accuracy: 0.7803
Averaged Test AUC: 0.7672
Averaged Test Precision: 0.7764
Averaged Test Recall: 0.7803
Averaged Test F1-Score: 0.7510
Std Test Accuracy: 0.0774
Std Test AUC: 0.0568
------------------------- time cost ------------------------- 7.3639655113220215
------------------------- time cost ------------------------- 6.36799955368042
------------------------- time cost ------------------------- 6.279021739959717
------------------------- time cost ------------------------- 6.325718402862549
------------------------- time cost ------------------------- 6.378593683242798
------------------------- time cost ------------------------- 6.353585481643677
------------------------- time cost ------------------------- 6.330192565917969
------------------------- time cost ------------------------- 6.420883893966675
------------------------- time cost ------------------------- 6.317470073699951
------------------------- time cost ------------------------- 6.241994142532349

-------------Round number: 60-------------

Evaluate global model
Averaged Train Loss: 0.4677
Averaged Test Accuracy: 0.7852
Averaged Test AUC: 0.7687
Averaged Test Precision: 0.7792
Averaged Test Recall: 0.7852
Averaged Test F1-Score: 0.7588
Std Test Accuracy: 0.0690
Std Test AUC: 0.0558
------------------------- time cost ------------------------- 7.360395193099976
------------------------- time cost ------------------------- 6.468922138214111
------------------------- time cost ------------------------- 6.505769968032837
------------------------- time cost ------------------------- 6.42843222618103
------------------------- time cost ------------------------- 6.372243642807007
------------------------- time cost ------------------------- 6.288631200790405
------------------------- time cost ------------------------- 6.242829084396362
------------------------- time cost ------------------------- 6.453797101974487
------------------------- time cost ------------------------- 6.336007118225098
------------------------- time cost ------------------------- 6.30031943321228

-------------Round number: 70-------------

Evaluate global model
Averaged Train Loss: 0.4691
Averaged Test Accuracy: 0.7811
Averaged Test AUC: 0.7699
Averaged Test Precision: 0.7782
Averaged Test Recall: 0.7811
Averaged Test F1-Score: 0.7520
Std Test Accuracy: 0.0748
Std Test AUC: 0.0550
------------------------- time cost ------------------------- 7.395603656768799
------------------------- time cost ------------------------- 6.450793266296387
------------------------- time cost ------------------------- 6.431203365325928
------------------------- time cost ------------------------- 6.429579257965088
------------------------- time cost ------------------------- 6.303920030593872
------------------------- time cost ------------------------- 6.286463737487793
------------------------- time cost ------------------------- 6.288628339767456
------------------------- time cost ------------------------- 6.3052215576171875
------------------------- time cost ------------------------- 6.5053770542144775
------------------------- time cost ------------------------- 6.309975862503052

-------------Round number: 80-------------

Evaluate global model
Averaged Train Loss: 0.4687
Averaged Test Accuracy: 0.7761
Averaged Test AUC: 0.7717
Averaged Test Precision: 0.7771
Averaged Test Recall: 0.7761
Averaged Test F1-Score: 0.7417
Std Test Accuracy: 0.0837
Std Test AUC: 0.0536
------------------------- time cost ------------------------- 7.41270899772644
------------------------- time cost ------------------------- 6.279777765274048
------------------------- time cost ------------------------- 6.462711572647095
------------------------- time cost ------------------------- 6.334784984588623
------------------------- time cost ------------------------- 6.3145506381988525
------------------------- time cost ------------------------- 6.386436939239502
------------------------- time cost ------------------------- 6.225760459899902
------------------------- time cost ------------------------- 6.297152757644653
------------------------- time cost ------------------------- 6.416134595870972
------------------------- time cost ------------------------- 6.295551538467407

-------------Round number: 90-------------

Evaluate global model
Averaged Train Loss: 0.4659
Averaged Test Accuracy: 0.7843
Averaged Test AUC: 0.7727
Averaged Test Precision: 0.7791
Averaged Test Recall: 0.7843
Averaged Test F1-Score: 0.7590
Std Test Accuracy: 0.0696
Std Test AUC: 0.0529
------------------------- time cost ------------------------- 7.34061861038208
------------------------- time cost ------------------------- 6.297175407409668
------------------------- time cost ------------------------- 6.408705711364746
------------------------- time cost ------------------------- 6.375875949859619
------------------------- time cost ------------------------- 6.387892961502075
------------------------- time cost ------------------------- 6.562479734420776
------------------------- time cost ------------------------- 6.240159749984741
------------------------- time cost ------------------------- 6.2948596477508545
------------------------- time cost ------------------------- 6.307489633560181
------------------------- time cost ------------------------- 6.808128356933594

-------------Round number: 100-------------

Evaluate global model
Averaged Train Loss: 0.4683
Averaged Test Accuracy: 0.7801
Averaged Test AUC: 0.7724
Averaged Test Precision: 0.7785
Averaged Test Recall: 0.7801
Averaged Test F1-Score: 0.7519
Std Test Accuracy: 0.0747
Std Test AUC: 0.0530
------------------------- time cost ------------------------- 7.805377721786499

Best accuracy.
0.7852

Average time cost per round.
6.460993852615356
File path: results/Uci_FedAvg_test/Uci_FedAvg_test_0.h5
Training process CSV file path: results/Uci_FedAvg_test/Uci_FedAvg_test_0_training_process.csv
Training process data saved to: results/Uci_FedAvg_test/Uci_FedAvg_test_0_training_process.csv

平均训练时间: 655.51秒
