实验: Uci_iid_sign_flip_Bulyan_run1
物理GPU ID: 0
CUDA_VISIBLE_DEVICES: 0
时间: 2026-01-24 20:53:40
命令: /miniconda3/bin/python flcore/main.py -data Uci -algo FedAvg -nc 10 -gr 100 -ls 5 -lbs 64 -lr 0.01 -eg 10 -t 1 --heterogeneity iid --enable_attack True --attack_mode sign_flip --malicious_ratio 0.3 --defense_mode bulyan --use_tlbo False --tlbo_iterations 10 --use_autoencoder False --use_committee False
工作目录: /root/DecisionSupportSystem-FedACT/system

[GPU] 使用环境变量指定的GPU: CUDA_VISIBLE_DEVICES=0
============================================================
实验配置:
============================================================
  goal: test
  device: cuda
  device_id: 0
  dataset: Uci
  heterogeneity: iid
  model: auto
  num_classes: 2
  batch_size: 64
  local_learning_rate: 0.01
  global_rounds: 100
  local_epochs: 5
  algorithm: FedAvg
  num_clients: 10
  join_ratio: 1.0
  random_join_ratio: False
  prev: 0
  times: 1
  eval_gap: 10
  save_folder_name: results
  learning_rate_decay: False
  learning_rate_decay_gamma: 0.99
  few_shot: 0
  time_select: False
  time_threthold: 10000
  top_cnt: 100
  auto_break: False
  client_drop_rate: 0.0
  train_slow_rate: 0.0
  send_slow_rate: 0.0
  dlg_eval: False
  dlg_gap: 100
  batch_num_per_client: 2
  num_new_clients: 0
  fine_tuning_epoch_new: 0
  mu: 0.01
  beta: 0.0
  lamda: 1.0
  tau: 1.0
  plocal_epochs: 1
  server_learning_rate: 1.0
  enable_attack: True
  attack_mode: sign_flip
  malicious_ratio: 0.3
  attack_scale: 3.0
  defense_mode: bulyan
  use_autoencoder: False
  autoencoder_latent_dim: 64
  autoencoder_epochs: 20
  committee_size: 5
  vote_threshold: 0.5
  anomaly_threshold: 0.5
  anomaly_lower_coef: 0.7
  anomaly_upper_coef: 1.5
  use_committee: False
  tlbo_iterations: 10
  use_tlbo: False
  use_merkle: True
  use_incentive: True
============================================================

============= 第 1 次实验 =============
正在初始化服务器和客户端...
数据集: Uci, 特征维度: 23
模型参数量: 189,330

Join ratio / total clients: 1.0 / 10
Finished creating server and clients.

-------------Round number: 0-------------

Evaluate global model
Averaged Train Loss: 0.6905
Averaged Test Accuracy: 0.5856
Averaged Test AUC: 0.5178
Averaged Test Precision: 0.6416
Averaged Test Recall: 0.5856
Averaged Test F1-Score: 0.5989
Std Test Accuracy: 0.1062
Std Test AUC: 0.0476
------------------------- time cost ------------------------- 8.845575332641602
------------------------- time cost ------------------------- 6.363327980041504
------------------------- time cost ------------------------- 6.35011887550354
------------------------- time cost ------------------------- 6.275787115097046
------------------------- time cost ------------------------- 6.386372089385986
------------------------- time cost ------------------------- 6.247258186340332
------------------------- time cost ------------------------- 6.377931833267212
------------------------- time cost ------------------------- 6.379612922668457
------------------------- time cost ------------------------- 6.195820093154907
------------------------- time cost ------------------------- 6.260495185852051

-------------Round number: 10-------------

Evaluate global model
Averaged Train Loss: 0.4974
Averaged Test Accuracy: 0.7419
Averaged Test AUC: 0.7420
Averaged Test Precision: 0.7289
Averaged Test Recall: 0.7419
Averaged Test F1-Score: 0.6512
Std Test Accuracy: 0.1016
Std Test AUC: 0.0618
------------------------- time cost ------------------------- 7.627068758010864
------------------------- time cost ------------------------- 6.232364892959595
------------------------- time cost ------------------------- 6.347583293914795
------------------------- time cost ------------------------- 6.156314373016357
------------------------- time cost ------------------------- 6.229490756988525
------------------------- time cost ------------------------- 6.386796951293945
------------------------- time cost ------------------------- 6.332881689071655
------------------------- time cost ------------------------- 6.348524332046509
------------------------- time cost ------------------------- 6.174003601074219
------------------------- time cost ------------------------- 6.4805450439453125

-------------Round number: 20-------------

Evaluate global model
Averaged Train Loss: 0.4749
Averaged Test Accuracy: 0.7775
Averaged Test AUC: 0.7545
Averaged Test Precision: 0.7759
Averaged Test Recall: 0.7775
Averaged Test F1-Score: 0.7407
Std Test Accuracy: 0.0824
Std Test AUC: 0.0613
------------------------- time cost ------------------------- 7.614471197128296
------------------------- time cost ------------------------- 6.179071426391602
------------------------- time cost ------------------------- 6.286441087722778
------------------------- time cost ------------------------- 6.22037935256958
------------------------- time cost ------------------------- 6.136032581329346
------------------------- time cost ------------------------- 6.361350774765015
------------------------- time cost ------------------------- 6.233866214752197
------------------------- time cost ------------------------- 6.356400012969971
------------------------- time cost ------------------------- 6.267625570297241
------------------------- time cost ------------------------- 6.543360948562622

-------------Round number: 30-------------

Evaluate global model
Averaged Train Loss: 0.4717
Averaged Test Accuracy: 0.7771
Averaged Test AUC: 0.7608
Averaged Test Precision: 0.7733
Averaged Test Recall: 0.7771
Averaged Test F1-Score: 0.7448
Std Test Accuracy: 0.0793
Std Test AUC: 0.0603
------------------------- time cost ------------------------- 7.575048446655273
------------------------- time cost ------------------------- 6.263075113296509
------------------------- time cost ------------------------- 6.227337598800659
------------------------- time cost ------------------------- 6.249636650085449
------------------------- time cost ------------------------- 6.315149307250977
------------------------- time cost ------------------------- 6.266552925109863
------------------------- time cost ------------------------- 6.441290378570557
------------------------- time cost ------------------------- 6.1879003047943115
------------------------- time cost ------------------------- 6.318361282348633
------------------------- time cost ------------------------- 6.432714462280273

-------------Round number: 40-------------

Evaluate global model
Averaged Train Loss: 0.4692
Averaged Test Accuracy: 0.7797
Averaged Test AUC: 0.7652
Averaged Test Precision: 0.7764
Averaged Test Recall: 0.7797
Averaged Test F1-Score: 0.7488
Std Test Accuracy: 0.0799
Std Test AUC: 0.0580
------------------------- time cost ------------------------- 7.588587760925293
------------------------- time cost ------------------------- 6.221143007278442
------------------------- time cost ------------------------- 6.3329432010650635
------------------------- time cost ------------------------- 6.255829572677612
------------------------- time cost ------------------------- 6.295742511749268
------------------------- time cost ------------------------- 6.293038606643677
------------------------- time cost ------------------------- 6.452598810195923
------------------------- time cost ------------------------- 6.281979084014893
------------------------- time cost ------------------------- 6.2676684856414795
------------------------- time cost ------------------------- 6.513005256652832

-------------Round number: 50-------------

Evaluate global model
Averaged Train Loss: 0.4685
Averaged Test Accuracy: 0.7839
Averaged Test AUC: 0.7672
Averaged Test Precision: 0.7782
Averaged Test Recall: 0.7839
Averaged Test F1-Score: 0.7570
Std Test Accuracy: 0.0714
Std Test AUC: 0.0569
------------------------- time cost ------------------------- 7.491297483444214
------------------------- time cost ------------------------- 6.355858087539673
------------------------- time cost ------------------------- 6.2853004932403564
------------------------- time cost ------------------------- 6.223258972167969
------------------------- time cost ------------------------- 6.241890907287598
------------------------- time cost ------------------------- 6.193316221237183
------------------------- time cost ------------------------- 6.208770275115967
------------------------- time cost ------------------------- 6.391855716705322
------------------------- time cost ------------------------- 6.2532854080200195
------------------------- time cost ------------------------- 6.415359973907471

-------------Round number: 60-------------

Evaluate global model
Averaged Train Loss: 0.4670
Averaged Test Accuracy: 0.7823
Averaged Test AUC: 0.7691
Averaged Test Precision: 0.7782
Averaged Test Recall: 0.7823
Averaged Test F1-Score: 0.7536
Std Test Accuracy: 0.0742
Std Test AUC: 0.0549
------------------------- time cost ------------------------- 7.5956690311431885
------------------------- time cost ------------------------- 6.2948102951049805
------------------------- time cost ------------------------- 6.155669689178467
------------------------- time cost ------------------------- 6.276231527328491
------------------------- time cost ------------------------- 6.228441476821899
------------------------- time cost ------------------------- 6.2230544090271
------------------------- time cost ------------------------- 6.287007093429565
------------------------- time cost ------------------------- 6.358942031860352
------------------------- time cost ------------------------- 6.302950859069824
------------------------- time cost ------------------------- 6.315255880355835

-------------Round number: 70-------------

Evaluate global model
Averaged Train Loss: 0.4674
Averaged Test Accuracy: 0.7872
Averaged Test AUC: 0.7703
Averaged Test Precision: 0.7796
Averaged Test Recall: 0.7872
Averaged Test F1-Score: 0.7627
Std Test Accuracy: 0.0664
Std Test AUC: 0.0548
------------------------- time cost ------------------------- 7.644593715667725
------------------------- time cost ------------------------- 6.12178897857666
------------------------- time cost ------------------------- 6.273872137069702
------------------------- time cost ------------------------- 6.202333688735962
------------------------- time cost ------------------------- 6.26735520362854
------------------------- time cost ------------------------- 6.149058818817139
------------------------- time cost ------------------------- 6.282928705215454
------------------------- time cost ------------------------- 6.2531898021698
------------------------- time cost ------------------------- 6.421137809753418
------------------------- time cost ------------------------- 6.406040191650391

-------------Round number: 80-------------

Evaluate global model
Averaged Train Loss: 0.4655
Averaged Test Accuracy: 0.7883
Averaged Test AUC: 0.7717
Averaged Test Precision: 0.7819
Averaged Test Recall: 0.7883
Averaged Test F1-Score: 0.7647
Std Test Accuracy: 0.0662
Std Test AUC: 0.0536
------------------------- time cost ------------------------- 7.635335683822632
------------------------- time cost ------------------------- 6.333415746688843
------------------------- time cost ------------------------- 6.269667148590088
------------------------- time cost ------------------------- 6.337486743927002
------------------------- time cost ------------------------- 6.257298707962036
------------------------- time cost ------------------------- 6.248939275741577
------------------------- time cost ------------------------- 6.226274490356445
------------------------- time cost ------------------------- 6.279549837112427
------------------------- time cost ------------------------- 6.49524998664856
------------------------- time cost ------------------------- 6.345743894577026

-------------Round number: 90-------------

Evaluate global model
Averaged Train Loss: 0.4666
Averaged Test Accuracy: 0.7808
Averaged Test AUC: 0.7726
Averaged Test Precision: 0.7767
Averaged Test Recall: 0.7808
Averaged Test F1-Score: 0.7517
Std Test Accuracy: 0.0758
Std Test AUC: 0.0527
------------------------- time cost ------------------------- 7.526910066604614
------------------------- time cost ------------------------- 6.127258777618408
------------------------- time cost ------------------------- 6.259503602981567
------------------------- time cost ------------------------- 6.286359548568726
------------------------- time cost ------------------------- 6.23269510269165
------------------------- time cost ------------------------- 6.313566207885742
------------------------- time cost ------------------------- 6.2507665157318115
------------------------- time cost ------------------------- 6.22023606300354
------------------------- time cost ------------------------- 6.331567287445068
------------------------- time cost ------------------------- 6.690393924713135

-------------Round number: 100-------------

Evaluate global model
Averaged Train Loss: 0.4667
Averaged Test Accuracy: 0.7797
Averaged Test AUC: 0.7721
Averaged Test Precision: 0.7776
Averaged Test Recall: 0.7797
Averaged Test F1-Score: 0.7510
Std Test Accuracy: 0.0776
Std Test AUC: 0.0532
------------------------- time cost ------------------------- 7.8230414390563965

Best accuracy.
0.7882666666666667

Average time cost per round.
6.42742684841156
File path: results/Uci_FedAvg_test/Uci_FedAvg_test_0.h5
Training process CSV file path: results/Uci_FedAvg_test/Uci_FedAvg_test_0_training_process.csv
Training process data saved to: results/Uci_FedAvg_test/Uci_FedAvg_test_0_training_process.csv

平均训练时间: 654.4秒
