实验: Uci_label_skew_trim_attack_None_run1
物理GPU ID: 2
CUDA_VISIBLE_DEVICES: 2
时间: 2026-01-24 22:10:28
命令: /miniconda3/bin/python flcore/main.py -data Uci -algo FedAvg -nc 10 -gr 100 -ls 5 -lbs 64 -lr 0.01 -eg 10 -t 1 --heterogeneity label_skew --enable_attack True --attack_mode trim_attack --malicious_ratio 0.3 --defense_mode none --use_tlbo False --tlbo_iterations 10 --use_autoencoder False --use_committee False
工作目录: /root/DecisionSupportSystem-FedACT/system

[GPU] 使用环境变量指定的GPU: CUDA_VISIBLE_DEVICES=2
============================================================
实验配置:
============================================================
  goal: test
  device: cuda
  device_id: 0
  dataset: Uci
  heterogeneity: label_skew
  model: auto
  num_classes: 2
  batch_size: 64
  local_learning_rate: 0.01
  global_rounds: 100
  local_epochs: 5
  algorithm: FedAvg
  num_clients: 10
  join_ratio: 1.0
  random_join_ratio: False
  prev: 0
  times: 1
  eval_gap: 10
  save_folder_name: results
  learning_rate_decay: False
  learning_rate_decay_gamma: 0.99
  few_shot: 0
  time_select: False
  time_threthold: 10000
  top_cnt: 100
  auto_break: False
  client_drop_rate: 0.0
  train_slow_rate: 0.0
  send_slow_rate: 0.0
  dlg_eval: False
  dlg_gap: 100
  batch_num_per_client: 2
  num_new_clients: 0
  fine_tuning_epoch_new: 0
  mu: 0.01
  beta: 0.0
  lamda: 1.0
  tau: 1.0
  plocal_epochs: 1
  server_learning_rate: 1.0
  enable_attack: True
  attack_mode: trim_attack
  malicious_ratio: 0.3
  attack_scale: 3.0
  defense_mode: none
  use_autoencoder: False
  autoencoder_latent_dim: 64
  autoencoder_epochs: 20
  committee_size: 5
  vote_threshold: 0.5
  anomaly_threshold: 0.5
  anomaly_lower_coef: 0.7
  anomaly_upper_coef: 1.5
  use_committee: False
  tlbo_iterations: 10
  use_tlbo: False
  use_merkle: True
  use_incentive: True
============================================================

============= 第 1 次实验 =============
正在初始化服务器和客户端...
数据集: Uci, 特征维度: 23
模型参数量: 189,330

Join ratio / total clients: 1.0 / 10
Finished creating server and clients.

-------------Round number: 0-------------

Evaluate global model
Averaged Train Loss: 0.6905
Averaged Test Accuracy: 0.5856
Averaged Test AUC: 0.5178
Averaged Test Precision: 0.6416
Averaged Test Recall: 0.5856
Averaged Test F1-Score: 0.5989
Std Test Accuracy: 0.1062
Std Test AUC: 0.0476
------------------------- time cost ------------------------- 7.787285327911377
------------------------- time cost ------------------------- 6.900923490524292
------------------------- time cost ------------------------- 6.635772943496704
------------------------- time cost ------------------------- 6.418230295181274
------------------------- time cost ------------------------- 6.553807020187378
------------------------- time cost ------------------------- 6.294954776763916
------------------------- time cost ------------------------- 6.2980194091796875
------------------------- time cost ------------------------- 6.423220157623291
------------------------- time cost ------------------------- 6.233932971954346
------------------------- time cost ------------------------- 6.208973407745361

-------------Round number: 10-------------

Evaluate global model
Averaged Train Loss: 0.4960
Averaged Test Accuracy: 0.7408
Averaged Test AUC: 0.7422
Averaged Test Precision: 0.7233
Averaged Test Recall: 0.7408
Averaged Test F1-Score: 0.6500
Std Test Accuracy: 0.1020
Std Test AUC: 0.0613
------------------------- time cost ------------------------- 7.168990135192871
------------------------- time cost ------------------------- 6.337173700332642
------------------------- time cost ------------------------- 6.209569215774536
------------------------- time cost ------------------------- 6.330165863037109
------------------------- time cost ------------------------- 6.4051408767700195
------------------------- time cost ------------------------- 6.47456955909729
------------------------- time cost ------------------------- 6.389335632324219
------------------------- time cost ------------------------- 6.324748277664185
------------------------- time cost ------------------------- 6.2734527587890625
------------------------- time cost ------------------------- 6.303781986236572

-------------Round number: 20-------------

Evaluate global model
Averaged Train Loss: 0.4760
Averaged Test Accuracy: 0.7772
Averaged Test AUC: 0.7550
Averaged Test Precision: 0.7755
Averaged Test Recall: 0.7772
Averaged Test F1-Score: 0.7409
Std Test Accuracy: 0.0835
Std Test AUC: 0.0601
------------------------- time cost ------------------------- 7.383044958114624
------------------------- time cost ------------------------- 6.379103183746338
------------------------- time cost ------------------------- 6.226963520050049
------------------------- time cost ------------------------- 6.238916873931885
------------------------- time cost ------------------------- 6.384225845336914
------------------------- time cost ------------------------- 6.3545777797698975
------------------------- time cost ------------------------- 6.338420629501343
------------------------- time cost ------------------------- 6.375518560409546
------------------------- time cost ------------------------- 6.245327472686768
------------------------- time cost ------------------------- 6.241811037063599

-------------Round number: 30-------------

Evaluate global model
Averaged Train Loss: 0.4716
Averaged Test Accuracy: 0.7804
Averaged Test AUC: 0.7611
Averaged Test Precision: 0.7743
Averaged Test Recall: 0.7804
Averaged Test F1-Score: 0.7505
Std Test Accuracy: 0.0766
Std Test AUC: 0.0600
------------------------- time cost ------------------------- 7.469536781311035
------------------------- time cost ------------------------- 6.231348752975464
------------------------- time cost ------------------------- 6.269475698471069
------------------------- time cost ------------------------- 6.238574028015137
------------------------- time cost ------------------------- 6.348562955856323
------------------------- time cost ------------------------- 6.303395748138428
------------------------- time cost ------------------------- 6.569822072982788
------------------------- time cost ------------------------- 6.335411071777344
------------------------- time cost ------------------------- 6.228959560394287
------------------------- time cost ------------------------- 6.283792018890381

-------------Round number: 40-------------

Evaluate global model
Averaged Train Loss: 0.4677
Averaged Test Accuracy: 0.7865
Averaged Test AUC: 0.7654
Averaged Test Precision: 0.7788
Averaged Test Recall: 0.7865
Averaged Test F1-Score: 0.7598
Std Test Accuracy: 0.0692
Std Test AUC: 0.0579
------------------------- time cost ------------------------- 7.573906183242798
------------------------- time cost ------------------------- 6.1609861850738525
------------------------- time cost ------------------------- 6.311182260513306
------------------------- time cost ------------------------- 6.25812029838562
------------------------- time cost ------------------------- 6.224527835845947
------------------------- time cost ------------------------- 6.2509965896606445
------------------------- time cost ------------------------- 6.483109712600708
------------------------- time cost ------------------------- 6.319228887557983
------------------------- time cost ------------------------- 6.305138826370239
------------------------- time cost ------------------------- 6.4260711669921875

-------------Round number: 50-------------

Evaluate global model
Averaged Train Loss: 0.4688
Averaged Test Accuracy: 0.7831
Averaged Test AUC: 0.7680
Averaged Test Precision: 0.7767
Averaged Test Recall: 0.7831
Averaged Test F1-Score: 0.7563
Std Test Accuracy: 0.0716
Std Test AUC: 0.0560
------------------------- time cost ------------------------- 7.466167449951172
------------------------- time cost ------------------------- 6.345982313156128
------------------------- time cost ------------------------- 6.291895151138306
------------------------- time cost ------------------------- 6.241987705230713
------------------------- time cost ------------------------- 6.309431314468384
------------------------- time cost ------------------------- 6.226531505584717
------------------------- time cost ------------------------- 6.271958589553833
------------------------- time cost ------------------------- 6.217182397842407
------------------------- time cost ------------------------- 6.533056974411011
------------------------- time cost ------------------------- 6.41704249382019

-------------Round number: 60-------------

Evaluate global model
Averaged Train Loss: 0.4674
Averaged Test Accuracy: 0.7851
Averaged Test AUC: 0.7694
Averaged Test Precision: 0.7794
Averaged Test Recall: 0.7851
Averaged Test F1-Score: 0.7584
Std Test Accuracy: 0.0696
Std Test AUC: 0.0552
------------------------- time cost ------------------------- 7.5482261180877686
------------------------- time cost ------------------------- 6.368671894073486
------------------------- time cost ------------------------- 6.334333658218384
------------------------- time cost ------------------------- 6.324028015136719
------------------------- time cost ------------------------- 6.298495531082153
------------------------- time cost ------------------------- 6.186068296432495
------------------------- time cost ------------------------- 6.283745765686035
------------------------- time cost ------------------------- 6.316708326339722
------------------------- time cost ------------------------- 6.387173175811768
------------------------- time cost ------------------------- 6.410282135009766

-------------Round number: 70-------------

Evaluate global model
Averaged Train Loss: 0.4658
Averaged Test Accuracy: 0.7872
Averaged Test AUC: 0.7709
Averaged Test Precision: 0.7801
Averaged Test Recall: 0.7872
Averaged Test F1-Score: 0.7638
Std Test Accuracy: 0.0652
Std Test AUC: 0.0538
------------------------- time cost ------------------------- 7.407343149185181
------------------------- time cost ------------------------- 6.477102756500244
------------------------- time cost ------------------------- 6.27155327796936
------------------------- time cost ------------------------- 6.294888257980347
------------------------- time cost ------------------------- 6.2307288646698
------------------------- time cost ------------------------- 6.288162469863892
------------------------- time cost ------------------------- 6.300538539886475
------------------------- time cost ------------------------- 6.401859998703003
------------------------- time cost ------------------------- 6.455609321594238
------------------------- time cost ------------------------- 6.310579538345337

-------------Round number: 80-------------

Evaluate global model
Averaged Train Loss: 0.4677
Averaged Test Accuracy: 0.7816
Averaged Test AUC: 0.7717
Averaged Test Precision: 0.7779
Averaged Test Recall: 0.7816
Averaged Test F1-Score: 0.7539
Std Test Accuracy: 0.0734
Std Test AUC: 0.0538
------------------------- time cost ------------------------- 7.448998212814331
------------------------- time cost ------------------------- 6.383654356002808
------------------------- time cost ------------------------- 6.190877676010132
------------------------- time cost ------------------------- 6.453337669372559
------------------------- time cost ------------------------- 6.321874380111694
------------------------- time cost ------------------------- 6.237451553344727
------------------------- time cost ------------------------- 6.165615797042847
------------------------- time cost ------------------------- 6.234363794326782
------------------------- time cost ------------------------- 6.364819526672363
------------------------- time cost ------------------------- 6.243695259094238

-------------Round number: 90-------------

Evaluate global model
Averaged Train Loss: 0.4671
Averaged Test Accuracy: 0.7836
Averaged Test AUC: 0.7725
Averaged Test Precision: 0.7785
Averaged Test Recall: 0.7836
Averaged Test F1-Score: 0.7571
Std Test Accuracy: 0.0696
Std Test AUC: 0.0528
------------------------- time cost ------------------------- 7.434798240661621
------------------------- time cost ------------------------- 6.386964797973633
------------------------- time cost ------------------------- 6.352535963058472
------------------------- time cost ------------------------- 6.430862188339233
------------------------- time cost ------------------------- 6.269818544387817
------------------------- time cost ------------------------- 6.294775724411011
------------------------- time cost ------------------------- 6.4714460372924805
------------------------- time cost ------------------------- 6.298263788223267
------------------------- time cost ------------------------- 6.284241437911987
------------------------- time cost ------------------------- 6.281704902648926

-------------Round number: 100-------------

Evaluate global model
Averaged Train Loss: 0.4646
Averaged Test Accuracy: 0.7847
Averaged Test AUC: 0.7732
Averaged Test Precision: 0.7796
Averaged Test Recall: 0.7847
Averaged Test F1-Score: 0.7597
Std Test Accuracy: 0.0692
Std Test AUC: 0.0528
------------------------- time cost ------------------------- 7.712405681610107

Best accuracy.
0.7872

Average time cost per round.
6.444246594905853
File path: results/Uci_FedAvg_test/Uci_FedAvg_test_0.h5
Training process CSV file path: results/Uci_FedAvg_test/Uci_FedAvg_test_0_training_process.csv
Training process data saved to: results/Uci_FedAvg_test/Uci_FedAvg_test_0_training_process.csv

平均训练时间: 653.63秒
