实验: Uci_label_skew_minmax_TrimmedMean_run1
物理GPU ID: 1
CUDA_VISIBLE_DEVICES: 1
时间: 2026-01-24 22:10:18
命令: /miniconda3/bin/python flcore/main.py -data Uci -algo FedAvg -nc 10 -gr 100 -ls 5 -lbs 64 -lr 0.01 -eg 10 -t 1 --heterogeneity label_skew --enable_attack True --attack_mode minmax --malicious_ratio 0.3 --defense_mode trimmed_mean --use_tlbo False --tlbo_iterations 10 --use_autoencoder False --use_committee False
工作目录: /root/DecisionSupportSystem-FedACT/system

[GPU] 使用环境变量指定的GPU: CUDA_VISIBLE_DEVICES=1
============================================================
实验配置:
============================================================
  goal: test
  device: cuda
  device_id: 0
  dataset: Uci
  heterogeneity: label_skew
  model: auto
  num_classes: 2
  batch_size: 64
  local_learning_rate: 0.01
  global_rounds: 100
  local_epochs: 5
  algorithm: FedAvg
  num_clients: 10
  join_ratio: 1.0
  random_join_ratio: False
  prev: 0
  times: 1
  eval_gap: 10
  save_folder_name: results
  learning_rate_decay: False
  learning_rate_decay_gamma: 0.99
  few_shot: 0
  time_select: False
  time_threthold: 10000
  top_cnt: 100
  auto_break: False
  client_drop_rate: 0.0
  train_slow_rate: 0.0
  send_slow_rate: 0.0
  dlg_eval: False
  dlg_gap: 100
  batch_num_per_client: 2
  num_new_clients: 0
  fine_tuning_epoch_new: 0
  mu: 0.01
  beta: 0.0
  lamda: 1.0
  tau: 1.0
  plocal_epochs: 1
  server_learning_rate: 1.0
  enable_attack: True
  attack_mode: minmax
  malicious_ratio: 0.3
  attack_scale: 3.0
  defense_mode: trimmed_mean
  use_autoencoder: False
  autoencoder_latent_dim: 64
  autoencoder_epochs: 20
  committee_size: 5
  vote_threshold: 0.5
  anomaly_threshold: 0.5
  anomaly_lower_coef: 0.7
  anomaly_upper_coef: 1.5
  use_committee: False
  tlbo_iterations: 10
  use_tlbo: False
  use_merkle: True
  use_incentive: True
============================================================

============= 第 1 次实验 =============
正在初始化服务器和客户端...
数据集: Uci, 特征维度: 23
模型参数量: 189,330

Join ratio / total clients: 1.0 / 10
Finished creating server and clients.

-------------Round number: 0-------------

Evaluate global model
Averaged Train Loss: 0.6905
Averaged Test Accuracy: 0.5856
Averaged Test AUC: 0.5178
Averaged Test Precision: 0.6416
Averaged Test Recall: 0.5856
Averaged Test F1-Score: 0.5989
Std Test Accuracy: 0.1062
Std Test AUC: 0.0476
------------------------- time cost ------------------------- 7.3093483448028564
------------------------- time cost ------------------------- 5.843699216842651
------------------------- time cost ------------------------- 6.443149089813232
------------------------- time cost ------------------------- 6.02804970741272
------------------------- time cost ------------------------- 6.5843048095703125
------------------------- time cost ------------------------- 6.424889802932739
------------------------- time cost ------------------------- 6.5530595779418945
------------------------- time cost ------------------------- 6.518745183944702
------------------------- time cost ------------------------- 6.5119078159332275
------------------------- time cost ------------------------- 6.410413503646851

-------------Round number: 10-------------

Evaluate global model
Averaged Train Loss: 0.4950
Averaged Test Accuracy: 0.7413
Averaged Test AUC: 0.7420
Averaged Test Precision: 0.7200
Averaged Test Recall: 0.7413
Averaged Test F1-Score: 0.6497
Std Test Accuracy: 0.1022
Std Test AUC: 0.0619
------------------------- time cost ------------------------- 7.408167123794556
------------------------- time cost ------------------------- 6.521363973617554
------------------------- time cost ------------------------- 6.363990545272827
------------------------- time cost ------------------------- 6.413990497589111
------------------------- time cost ------------------------- 6.494073390960693
------------------------- time cost ------------------------- 6.356795787811279
------------------------- time cost ------------------------- 6.392828702926636
------------------------- time cost ------------------------- 6.4972662925720215
------------------------- time cost ------------------------- 6.4050445556640625
------------------------- time cost ------------------------- 6.393519401550293

-------------Round number: 20-------------

Evaluate global model
Averaged Train Loss: 0.4751
Averaged Test Accuracy: 0.7779
Averaged Test AUC: 0.7556
Averaged Test Precision: 0.7756
Averaged Test Recall: 0.7779
Averaged Test F1-Score: 0.7413
Std Test Accuracy: 0.0805
Std Test AUC: 0.0606
------------------------- time cost ------------------------- 7.4677581787109375
------------------------- time cost ------------------------- 6.42271876335144
------------------------- time cost ------------------------- 6.34974479675293
------------------------- time cost ------------------------- 6.486201286315918
------------------------- time cost ------------------------- 6.512165307998657
------------------------- time cost ------------------------- 6.347696542739868
------------------------- time cost ------------------------- 6.508356332778931
------------------------- time cost ------------------------- 6.422209978103638
------------------------- time cost ------------------------- 6.501885175704956
------------------------- time cost ------------------------- 6.40117883682251

-------------Round number: 30-------------

Evaluate global model
Averaged Train Loss: 0.4723
Averaged Test Accuracy: 0.7787
Averaged Test AUC: 0.7613
Averaged Test Precision: 0.7753
Averaged Test Recall: 0.7787
Averaged Test F1-Score: 0.7467
Std Test Accuracy: 0.0801
Std Test AUC: 0.0598
------------------------- time cost ------------------------- 7.7764153480529785
------------------------- time cost ------------------------- 6.443630695343018
------------------------- time cost ------------------------- 6.333132743835449
------------------------- time cost ------------------------- 6.346971750259399
------------------------- time cost ------------------------- 6.516434669494629
------------------------- time cost ------------------------- 6.488184928894043
------------------------- time cost ------------------------- 6.4112467765808105
------------------------- time cost ------------------------- 6.43261981010437
------------------------- time cost ------------------------- 6.39372181892395
------------------------- time cost ------------------------- 6.399500846862793

-------------Round number: 40-------------

Evaluate global model
Averaged Train Loss: 0.4694
Averaged Test Accuracy: 0.7821
Averaged Test AUC: 0.7646
Averaged Test Precision: 0.7766
Averaged Test Recall: 0.7821
Averaged Test F1-Score: 0.7529
Std Test Accuracy: 0.0725
Std Test AUC: 0.0586
------------------------- time cost ------------------------- 7.554086208343506
------------------------- time cost ------------------------- 6.34629487991333
------------------------- time cost ------------------------- 6.441784143447876
------------------------- time cost ------------------------- 6.336349248886108
------------------------- time cost ------------------------- 6.368312835693359
------------------------- time cost ------------------------- 6.408283710479736
------------------------- time cost ------------------------- 6.339947938919067
------------------------- time cost ------------------------- 6.414007902145386
------------------------- time cost ------------------------- 6.402652025222778
------------------------- time cost ------------------------- 6.413097858428955

-------------Round number: 50-------------

Evaluate global model
Averaged Train Loss: 0.4685
Averaged Test Accuracy: 0.7817
Averaged Test AUC: 0.7677
Averaged Test Precision: 0.7779
Averaged Test Recall: 0.7817
Averaged Test F1-Score: 0.7522
Std Test Accuracy: 0.0754
Std Test AUC: 0.0557
------------------------- time cost ------------------------- 7.7179343700408936
------------------------- time cost ------------------------- 6.525325059890747
------------------------- time cost ------------------------- 6.498435974121094
------------------------- time cost ------------------------- 6.41850733757019
------------------------- time cost ------------------------- 6.444455146789551
------------------------- time cost ------------------------- 6.366726875305176
------------------------- time cost ------------------------- 6.384864091873169
------------------------- time cost ------------------------- 6.3789918422698975
------------------------- time cost ------------------------- 6.403639554977417
------------------------- time cost ------------------------- 6.205722332000732

-------------Round number: 60-------------

Evaluate global model
Averaged Train Loss: 0.4683
Averaged Test Accuracy: 0.7817
Averaged Test AUC: 0.7699
Averaged Test Precision: 0.7763
Averaged Test Recall: 0.7817
Averaged Test F1-Score: 0.7538
Std Test Accuracy: 0.0729
Std Test AUC: 0.0541
------------------------- time cost ------------------------- 7.657645225524902
------------------------- time cost ------------------------- 6.46121883392334
------------------------- time cost ------------------------- 6.536868333816528
------------------------- time cost ------------------------- 6.447559118270874
------------------------- time cost ------------------------- 6.389937400817871
------------------------- time cost ------------------------- 6.525325536727905
------------------------- time cost ------------------------- 6.324573993682861
------------------------- time cost ------------------------- 6.301255464553833
------------------------- time cost ------------------------- 6.46506404876709
------------------------- time cost ------------------------- 6.265092134475708

-------------Round number: 70-------------

Evaluate global model
Averaged Train Loss: 0.4665
Averaged Test Accuracy: 0.7876
Averaged Test AUC: 0.7711
Averaged Test Precision: 0.7803
Averaged Test Recall: 0.7876
Averaged Test F1-Score: 0.7637
Std Test Accuracy: 0.0650
Std Test AUC: 0.0530
------------------------- time cost ------------------------- 7.384600639343262
------------------------- time cost ------------------------- 6.56754994392395
------------------------- time cost ------------------------- 6.445761680603027
------------------------- time cost ------------------------- 6.408029794692993
------------------------- time cost ------------------------- 6.442639589309692
------------------------- time cost ------------------------- 6.408777952194214
------------------------- time cost ------------------------- 6.238670349121094
------------------------- time cost ------------------------- 6.3837549686431885
------------------------- time cost ------------------------- 6.318991422653198
------------------------- time cost ------------------------- 6.29316520690918

-------------Round number: 80-------------

Evaluate global model
Averaged Train Loss: 0.4680
Averaged Test Accuracy: 0.7815
Averaged Test AUC: 0.7715
Averaged Test Precision: 0.7786
Averaged Test Recall: 0.7815
Averaged Test F1-Score: 0.7542
Std Test Accuracy: 0.0741
Std Test AUC: 0.0537
------------------------- time cost ------------------------- 7.469095468521118
------------------------- time cost ------------------------- 6.369919300079346
------------------------- time cost ------------------------- 6.420245409011841
------------------------- time cost ------------------------- 6.42242693901062
------------------------- time cost ------------------------- 6.438083648681641
------------------------- time cost ------------------------- 6.535281419754028
------------------------- time cost ------------------------- 6.4036946296691895
------------------------- time cost ------------------------- 6.378078460693359
------------------------- time cost ------------------------- 6.3515660762786865
------------------------- time cost ------------------------- 6.638623237609863

-------------Round number: 90-------------

Evaluate global model
Averaged Train Loss: 0.4680
Averaged Test Accuracy: 0.7811
Averaged Test AUC: 0.7721
Averaged Test Precision: 0.7792
Averaged Test Recall: 0.7811
Averaged Test F1-Score: 0.7525
Std Test Accuracy: 0.0753
Std Test AUC: 0.0532
------------------------- time cost ------------------------- 7.298794746398926
------------------------- time cost ------------------------- 6.357732057571411
------------------------- time cost ------------------------- 6.331098556518555
------------------------- time cost ------------------------- 6.602858304977417
------------------------- time cost ------------------------- 6.4566240310668945
------------------------- time cost ------------------------- 6.774556875228882
------------------------- time cost ------------------------- 6.922033071517944
------------------------- time cost ------------------------- 6.401553630828857
------------------------- time cost ------------------------- 6.5467469692230225
------------------------- time cost ------------------------- 6.54054069519043

-------------Round number: 100-------------

Evaluate global model
Averaged Train Loss: 0.4664
Averaged Test Accuracy: 0.7817
Averaged Test AUC: 0.7729
Averaged Test Precision: 0.7796
Averaged Test Recall: 0.7817
Averaged Test F1-Score: 0.7548
Std Test Accuracy: 0.0743
Std Test AUC: 0.0526
------------------------- time cost ------------------------- 7.206431865692139

Best accuracy.
0.7876

Average time cost per round.
6.530289199352264
File path: results/Uci_FedAvg_test/Uci_FedAvg_test_0.h5
Training process CSV file path: results/Uci_FedAvg_test/Uci_FedAvg_test_0_training_process.csv
Training process data saved to: results/Uci_FedAvg_test/Uci_FedAvg_test_0_training_process.csv

平均训练时间: 661.63秒
