实验: Uci_feature_skew_free_rider_Bulyan_run1
物理GPU ID: 3
CUDA_VISIBLE_DEVICES: 3
时间: 2026-01-25 00:11:02
命令: /miniconda3/bin/python flcore/main.py -data Uci -algo FedAvg -nc 10 -gr 100 -ls 5 -lbs 64 -lr 0.01 -eg 10 -t 1 --heterogeneity feature_skew --enable_attack True --attack_mode free_rider --malicious_ratio 0.3 --defense_mode bulyan --use_tlbo False --tlbo_iterations 10 --use_autoencoder False --use_committee False
工作目录: /root/DecisionSupportSystem-FedACT/system

[GPU] 使用环境变量指定的GPU: CUDA_VISIBLE_DEVICES=3
============================================================
实验配置:
============================================================
  goal: test
  device: cuda
  device_id: 0
  dataset: Uci
  heterogeneity: feature_skew
  model: auto
  num_classes: 2
  batch_size: 64
  local_learning_rate: 0.01
  global_rounds: 100
  local_epochs: 5
  algorithm: FedAvg
  num_clients: 10
  join_ratio: 1.0
  random_join_ratio: False
  prev: 0
  times: 1
  eval_gap: 10
  save_folder_name: results
  learning_rate_decay: False
  learning_rate_decay_gamma: 0.99
  few_shot: 0
  time_select: False
  time_threthold: 10000
  top_cnt: 100
  auto_break: False
  client_drop_rate: 0.0
  train_slow_rate: 0.0
  send_slow_rate: 0.0
  dlg_eval: False
  dlg_gap: 100
  batch_num_per_client: 2
  num_new_clients: 0
  fine_tuning_epoch_new: 0
  mu: 0.01
  beta: 0.0
  lamda: 1.0
  tau: 1.0
  plocal_epochs: 1
  server_learning_rate: 1.0
  enable_attack: True
  attack_mode: free_rider
  malicious_ratio: 0.3
  attack_scale: 3.0
  defense_mode: bulyan
  use_autoencoder: False
  autoencoder_latent_dim: 64
  autoencoder_epochs: 20
  committee_size: 5
  vote_threshold: 0.5
  anomaly_threshold: 0.5
  anomaly_lower_coef: 0.7
  anomaly_upper_coef: 1.5
  use_committee: False
  tlbo_iterations: 10
  use_tlbo: False
  use_merkle: True
  use_incentive: True
============================================================

============= 第 1 次实验 =============
正在初始化服务器和客户端...
数据集: Uci, 特征维度: 23
模型参数量: 189,330

Join ratio / total clients: 1.0 / 10
Finished creating server and clients.

-------------Round number: 0-------------

Evaluate global model
Averaged Train Loss: 0.6905
Averaged Test Accuracy: 0.5856
Averaged Test AUC: 0.5178
Averaged Test Precision: 0.6416
Averaged Test Recall: 0.5856
Averaged Test F1-Score: 0.5989
Std Test Accuracy: 0.1062
Std Test AUC: 0.0476
------------------------- time cost ------------------------- 7.976758718490601
------------------------- time cost ------------------------- 6.579068899154663
------------------------- time cost ------------------------- 6.130971431732178
------------------------- time cost ------------------------- 6.3909831047058105
------------------------- time cost ------------------------- 6.418094158172607
------------------------- time cost ------------------------- 6.276918888092041
------------------------- time cost ------------------------- 6.446290016174316
------------------------- time cost ------------------------- 6.45528769493103
------------------------- time cost ------------------------- 6.499075412750244
------------------------- time cost ------------------------- 6.360657215118408

-------------Round number: 10-------------

Evaluate global model
Averaged Train Loss: 0.4955
Averaged Test Accuracy: 0.7413
Averaged Test AUC: 0.7414
Averaged Test Precision: 0.7130
Averaged Test Recall: 0.7413
Averaged Test F1-Score: 0.6493
Std Test Accuracy: 0.1004
Std Test AUC: 0.0616
------------------------- time cost ------------------------- 7.550829648971558
------------------------- time cost ------------------------- 6.602571249008179
------------------------- time cost ------------------------- 6.352312803268433
------------------------- time cost ------------------------- 6.47953462600708
------------------------- time cost ------------------------- 6.486205577850342
------------------------- time cost ------------------------- 6.3456339836120605
------------------------- time cost ------------------------- 6.381226301193237
------------------------- time cost ------------------------- 6.350077152252197
------------------------- time cost ------------------------- 6.488590717315674
------------------------- time cost ------------------------- 6.364943027496338

-------------Round number: 20-------------

Evaluate global model
Averaged Train Loss: 0.4746
Averaged Test Accuracy: 0.7777
Averaged Test AUC: 0.7547
Averaged Test Precision: 0.7730
Averaged Test Recall: 0.7777
Averaged Test F1-Score: 0.7437
Std Test Accuracy: 0.0808
Std Test AUC: 0.0607
------------------------- time cost ------------------------- 7.489651441574097
------------------------- time cost ------------------------- 6.515298366546631
------------------------- time cost ------------------------- 6.445274353027344
------------------------- time cost ------------------------- 6.433175086975098
------------------------- time cost ------------------------- 6.438036203384399
------------------------- time cost ------------------------- 6.429998159408569
------------------------- time cost ------------------------- 6.401824712753296
------------------------- time cost ------------------------- 6.424371957778931
------------------------- time cost ------------------------- 6.4112162590026855
------------------------- time cost ------------------------- 6.400612115859985

-------------Round number: 30-------------

Evaluate global model
Averaged Train Loss: 0.4721
Averaged Test Accuracy: 0.7784
Averaged Test AUC: 0.7606
Averaged Test Precision: 0.7738
Averaged Test Recall: 0.7784
Averaged Test F1-Score: 0.7473
Std Test Accuracy: 0.0787
Std Test AUC: 0.0594
------------------------- time cost ------------------------- 7.570523738861084
------------------------- time cost ------------------------- 6.393435716629028
------------------------- time cost ------------------------- 6.462992191314697
------------------------- time cost ------------------------- 6.46478009223938
------------------------- time cost ------------------------- 6.528831243515015
------------------------- time cost ------------------------- 6.359697580337524
------------------------- time cost ------------------------- 6.352816820144653
------------------------- time cost ------------------------- 6.35845422744751
------------------------- time cost ------------------------- 6.540692090988159
------------------------- time cost ------------------------- 6.483340501785278

-------------Round number: 40-------------

Evaluate global model
Averaged Train Loss: 0.4697
Averaged Test Accuracy: 0.7801
Averaged Test AUC: 0.7642
Averaged Test Precision: 0.7765
Averaged Test Recall: 0.7801
Averaged Test F1-Score: 0.7499
Std Test Accuracy: 0.0775
Std Test AUC: 0.0580
------------------------- time cost ------------------------- 7.5722572803497314
------------------------- time cost ------------------------- 6.436053276062012
------------------------- time cost ------------------------- 6.581527233123779
------------------------- time cost ------------------------- 6.5784337520599365
------------------------- time cost ------------------------- 6.404716730117798
------------------------- time cost ------------------------- 6.486070871353149
------------------------- time cost ------------------------- 6.326180458068848
------------------------- time cost ------------------------- 6.274320602416992
------------------------- time cost ------------------------- 6.332180738449097
------------------------- time cost ------------------------- 6.574877977371216

-------------Round number: 50-------------

Evaluate global model
Averaged Train Loss: 0.4695
Averaged Test Accuracy: 0.7808
Averaged Test AUC: 0.7669
Averaged Test Precision: 0.7762
Averaged Test Recall: 0.7808
Averaged Test F1-Score: 0.7518
Std Test Accuracy: 0.0760
Std Test AUC: 0.0567
------------------------- time cost ------------------------- 7.633094310760498
------------------------- time cost ------------------------- 6.354902267456055
------------------------- time cost ------------------------- 6.42509651184082
------------------------- time cost ------------------------- 6.499230861663818
------------------------- time cost ------------------------- 6.354356050491333
------------------------- time cost ------------------------- 6.244269371032715
------------------------- time cost ------------------------- 6.259531497955322
------------------------- time cost ------------------------- 6.395792245864868
------------------------- time cost ------------------------- 6.281423091888428
------------------------- time cost ------------------------- 6.301763534545898

-------------Round number: 60-------------

Evaluate global model
Averaged Train Loss: 0.4670
Averaged Test Accuracy: 0.7828
Averaged Test AUC: 0.7685
Averaged Test Precision: 0.7770
Averaged Test Recall: 0.7828
Averaged Test F1-Score: 0.7563
Std Test Accuracy: 0.0722
Std Test AUC: 0.0554
------------------------- time cost ------------------------- 7.337157249450684
------------------------- time cost ------------------------- 6.286730051040649
------------------------- time cost ------------------------- 6.345675468444824
------------------------- time cost ------------------------- 6.375317573547363
------------------------- time cost ------------------------- 6.507561922073364
------------------------- time cost ------------------------- 6.285045146942139
------------------------- time cost ------------------------- 6.263950824737549
------------------------- time cost ------------------------- 6.360163927078247
------------------------- time cost ------------------------- 6.329168796539307
------------------------- time cost ------------------------- 6.3610312938690186

-------------Round number: 70-------------

Evaluate global model
Averaged Train Loss: 0.4669
Averaged Test Accuracy: 0.7860
Averaged Test AUC: 0.7705
Averaged Test Precision: 0.7786
Averaged Test Recall: 0.7860
Averaged Test F1-Score: 0.7632
Std Test Accuracy: 0.0658
Std Test AUC: 0.0542
------------------------- time cost ------------------------- 7.594038963317871
------------------------- time cost ------------------------- 6.231753349304199
------------------------- time cost ------------------------- 6.382792711257935
------------------------- time cost ------------------------- 6.409801483154297
------------------------- time cost ------------------------- 6.434992790222168
------------------------- time cost ------------------------- 6.354610443115234
------------------------- time cost ------------------------- 6.408376455307007
------------------------- time cost ------------------------- 6.340676546096802
------------------------- time cost ------------------------- 6.432377099990845
------------------------- time cost ------------------------- 6.539391040802002

-------------Round number: 80-------------

Evaluate global model
Averaged Train Loss: 0.4670
Averaged Test Accuracy: 0.7828
Averaged Test AUC: 0.7713
Averaged Test Precision: 0.7785
Averaged Test Recall: 0.7828
Averaged Test F1-Score: 0.7551
Std Test Accuracy: 0.0720
Std Test AUC: 0.0532
------------------------- time cost ------------------------- 7.511134386062622
------------------------- time cost ------------------------- 6.391415596008301
------------------------- time cost ------------------------- 6.372258186340332
------------------------- time cost ------------------------- 6.402220964431763
------------------------- time cost ------------------------- 6.452651262283325
------------------------- time cost ------------------------- 6.435907602310181
------------------------- time cost ------------------------- 6.618546485900879
------------------------- time cost ------------------------- 6.42856764793396
------------------------- time cost ------------------------- 6.5325939655303955
------------------------- time cost ------------------------- 6.569056034088135

-------------Round number: 90-------------

Evaluate global model
Averaged Train Loss: 0.4672
Averaged Test Accuracy: 0.7837
Averaged Test AUC: 0.7722
Averaged Test Precision: 0.7786
Averaged Test Recall: 0.7837
Averaged Test F1-Score: 0.7593
Std Test Accuracy: 0.0700
Std Test AUC: 0.0525
------------------------- time cost ------------------------- 7.612484693527222
------------------------- time cost ------------------------- 6.498996019363403
------------------------- time cost ------------------------- 6.517727375030518
------------------------- time cost ------------------------- 6.419203996658325
------------------------- time cost ------------------------- 6.7009117603302
------------------------- time cost ------------------------- 6.3091957569122314
------------------------- time cost ------------------------- 6.589224100112915
------------------------- time cost ------------------------- 6.311283349990845
------------------------- time cost ------------------------- 6.923425197601318
------------------------- time cost ------------------------- 6.767436742782593

-------------Round number: 100-------------

Evaluate global model
Averaged Train Loss: 0.4674
Averaged Test Accuracy: 0.7807
Averaged Test AUC: 0.7720
Averaged Test Precision: 0.7772
Averaged Test Recall: 0.7807
Averaged Test F1-Score: 0.7542
Std Test Accuracy: 0.0733
Std Test AUC: 0.0527
------------------------- time cost ------------------------- 8.40623140335083

Best accuracy.
0.786

Average time cost per round.
6.545314590930939
File path: results/Uci_FedAvg_test/Uci_FedAvg_test_0.h5
Training process CSV file path: results/Uci_FedAvg_test/Uci_FedAvg_test_0_training_process.csv
Training process data saved to: results/Uci_FedAvg_test/Uci_FedAvg_test_0_training_process.csv

平均训练时间: 663.8秒
