实验: Uci_iid_trim_attack_MultiKrum_run1
物理GPU ID: 0
CUDA_VISIBLE_DEVICES: 0
时间: 2026-01-24 21:26:00
命令: /miniconda3/bin/python flcore/main.py -data Uci -algo FedAvg -nc 10 -gr 100 -ls 5 -lbs 64 -lr 0.01 -eg 10 -t 1 --heterogeneity iid --enable_attack True --attack_mode trim_attack --malicious_ratio 0.3 --defense_mode multi_krum --use_tlbo False --tlbo_iterations 10 --use_autoencoder False --use_committee False
工作目录: /root/DecisionSupportSystem-FedACT/system

[GPU] 使用环境变量指定的GPU: CUDA_VISIBLE_DEVICES=0
============================================================
实验配置:
============================================================
  goal: test
  device: cuda
  device_id: 0
  dataset: Uci
  heterogeneity: iid
  model: auto
  num_classes: 2
  batch_size: 64
  local_learning_rate: 0.01
  global_rounds: 100
  local_epochs: 5
  algorithm: FedAvg
  num_clients: 10
  join_ratio: 1.0
  random_join_ratio: False
  prev: 0
  times: 1
  eval_gap: 10
  save_folder_name: results
  learning_rate_decay: False
  learning_rate_decay_gamma: 0.99
  few_shot: 0
  time_select: False
  time_threthold: 10000
  top_cnt: 100
  auto_break: False
  client_drop_rate: 0.0
  train_slow_rate: 0.0
  send_slow_rate: 0.0
  dlg_eval: False
  dlg_gap: 100
  batch_num_per_client: 2
  num_new_clients: 0
  fine_tuning_epoch_new: 0
  mu: 0.01
  beta: 0.0
  lamda: 1.0
  tau: 1.0
  plocal_epochs: 1
  server_learning_rate: 1.0
  enable_attack: True
  attack_mode: trim_attack
  malicious_ratio: 0.3
  attack_scale: 3.0
  defense_mode: multi_krum
  use_autoencoder: False
  autoencoder_latent_dim: 64
  autoencoder_epochs: 20
  committee_size: 5
  vote_threshold: 0.5
  anomaly_threshold: 0.5
  anomaly_lower_coef: 0.7
  anomaly_upper_coef: 1.5
  use_committee: False
  tlbo_iterations: 10
  use_tlbo: False
  use_merkle: True
  use_incentive: True
============================================================

============= 第 1 次实验 =============
正在初始化服务器和客户端...
数据集: Uci, 特征维度: 23
模型参数量: 189,330

Join ratio / total clients: 1.0 / 10
Finished creating server and clients.

-------------Round number: 0-------------

Evaluate global model
Averaged Train Loss: 0.6905
Averaged Test Accuracy: 0.5856
Averaged Test AUC: 0.5178
Averaged Test Precision: 0.6416
Averaged Test Recall: 0.5856
Averaged Test F1-Score: 0.5989
Std Test Accuracy: 0.1062
Std Test AUC: 0.0476
------------------------- time cost ------------------------- 8.105339050292969
------------------------- time cost ------------------------- 6.449092149734497
------------------------- time cost ------------------------- 6.45030665397644
------------------------- time cost ------------------------- 7.010547399520874
------------------------- time cost ------------------------- 6.323103189468384
------------------------- time cost ------------------------- 6.436450719833374
------------------------- time cost ------------------------- 6.359397649765015
------------------------- time cost ------------------------- 6.271800994873047
------------------------- time cost ------------------------- 6.168100595474243
------------------------- time cost ------------------------- 6.244658946990967

-------------Round number: 10-------------

Evaluate global model
Averaged Train Loss: 0.4963
Averaged Test Accuracy: 0.7409
Averaged Test AUC: 0.7415
Averaged Test Precision: 0.7306
Averaged Test Recall: 0.7409
Averaged Test F1-Score: 0.6485
Std Test Accuracy: 0.1019
Std Test AUC: 0.0622
------------------------- time cost ------------------------- 7.304089307785034
------------------------- time cost ------------------------- 6.264808177947998
------------------------- time cost ------------------------- 6.412270545959473
------------------------- time cost ------------------------- 6.344714879989624
------------------------- time cost ------------------------- 6.358479022979736
------------------------- time cost ------------------------- 6.529867887496948
------------------------- time cost ------------------------- 6.288332939147949
------------------------- time cost ------------------------- 6.177543878555298
------------------------- time cost ------------------------- 6.138532400131226
------------------------- time cost ------------------------- 6.219724416732788

-------------Round number: 20-------------

Evaluate global model
Averaged Train Loss: 0.4747
Averaged Test Accuracy: 0.7796
Averaged Test AUC: 0.7549
Averaged Test Precision: 0.7767
Averaged Test Recall: 0.7796
Averaged Test F1-Score: 0.7445
Std Test Accuracy: 0.0803
Std Test AUC: 0.0609
------------------------- time cost ------------------------- 7.222707271575928
------------------------- time cost ------------------------- 6.303885459899902
------------------------- time cost ------------------------- 6.390272617340088
------------------------- time cost ------------------------- 6.414828300476074
------------------------- time cost ------------------------- 6.377455711364746
------------------------- time cost ------------------------- 6.583658933639526
------------------------- time cost ------------------------- 6.330050468444824
------------------------- time cost ------------------------- 6.232856512069702
------------------------- time cost ------------------------- 6.153578758239746
------------------------- time cost ------------------------- 6.221564769744873

-------------Round number: 30-------------

Evaluate global model
Averaged Train Loss: 0.4703
Averaged Test Accuracy: 0.7793
Averaged Test AUC: 0.7616
Averaged Test Precision: 0.7723
Averaged Test Recall: 0.7793
Averaged Test F1-Score: 0.7490
Std Test Accuracy: 0.0761
Std Test AUC: 0.0600
------------------------- time cost ------------------------- 7.213957786560059
------------------------- time cost ------------------------- 6.240477561950684
------------------------- time cost ------------------------- 6.317036390304565
------------------------- time cost ------------------------- 6.2623162269592285
------------------------- time cost ------------------------- 6.347369909286499
------------------------- time cost ------------------------- 6.474779844284058
------------------------- time cost ------------------------- 6.447479963302612
------------------------- time cost ------------------------- 6.269062757492065
------------------------- time cost ------------------------- 6.194068670272827
------------------------- time cost ------------------------- 6.28062891960144

-------------Round number: 40-------------

Evaluate global model
Averaged Train Loss: 0.4689
Averaged Test Accuracy: 0.7823
Averaged Test AUC: 0.7651
Averaged Test Precision: 0.7759
Averaged Test Recall: 0.7823
Averaged Test F1-Score: 0.7535
Std Test Accuracy: 0.0716
Std Test AUC: 0.0584
------------------------- time cost ------------------------- 7.226642608642578
------------------------- time cost ------------------------- 6.295571804046631
------------------------- time cost ------------------------- 6.315255403518677
------------------------- time cost ------------------------- 6.363607883453369
------------------------- time cost ------------------------- 6.182126998901367
------------------------- time cost ------------------------- 6.513498783111572
------------------------- time cost ------------------------- 6.4699506759643555
------------------------- time cost ------------------------- 6.25832986831665
------------------------- time cost ------------------------- 6.227030515670776
------------------------- time cost ------------------------- 6.285344362258911

-------------Round number: 50-------------

Evaluate global model
Averaged Train Loss: 0.4679
Averaged Test Accuracy: 0.7856
Averaged Test AUC: 0.7678
Averaged Test Precision: 0.7797
Averaged Test Recall: 0.7856
Averaged Test F1-Score: 0.7588
Std Test Accuracy: 0.0709
Std Test AUC: 0.0570
------------------------- time cost ------------------------- 7.319969177246094
------------------------- time cost ------------------------- 6.228780746459961
------------------------- time cost ------------------------- 6.319700241088867
------------------------- time cost ------------------------- 6.2823309898376465
------------------------- time cost ------------------------- 6.196033000946045
------------------------- time cost ------------------------- 6.418093204498291
------------------------- time cost ------------------------- 6.211697578430176
------------------------- time cost ------------------------- 6.476174831390381
------------------------- time cost ------------------------- 6.174365043640137
------------------------- time cost ------------------------- 6.223618268966675

-------------Round number: 60-------------

Evaluate global model
Averaged Train Loss: 0.4699
Averaged Test Accuracy: 0.7807
Averaged Test AUC: 0.7686
Averaged Test Precision: 0.7779
Averaged Test Recall: 0.7807
Averaged Test F1-Score: 0.7515
Std Test Accuracy: 0.0737
Std Test AUC: 0.0565
------------------------- time cost ------------------------- 7.252814531326294
------------------------- time cost ------------------------- 6.097879886627197
------------------------- time cost ------------------------- 6.320528268814087
------------------------- time cost ------------------------- 6.351379156112671
------------------------- time cost ------------------------- 6.205752849578857
------------------------- time cost ------------------------- 6.41173791885376
------------------------- time cost ------------------------- 6.275508165359497
------------------------- time cost ------------------------- 6.424394130706787
------------------------- time cost ------------------------- 6.283627986907959
------------------------- time cost ------------------------- 6.221393585205078

-------------Round number: 70-------------

Evaluate global model
Averaged Train Loss: 0.4687
Averaged Test Accuracy: 0.7824
Averaged Test AUC: 0.7706
Averaged Test Precision: 0.7774
Averaged Test Recall: 0.7824
Averaged Test F1-Score: 0.7566
Std Test Accuracy: 0.0710
Std Test AUC: 0.0545
------------------------- time cost ------------------------- 7.257845401763916
------------------------- time cost ------------------------- 6.171858310699463
------------------------- time cost ------------------------- 6.195300340652466
------------------------- time cost ------------------------- 6.376606464385986
------------------------- time cost ------------------------- 6.374071359634399
------------------------- time cost ------------------------- 6.379313230514526
------------------------- time cost ------------------------- 6.369287967681885
------------------------- time cost ------------------------- 6.176244735717773
------------------------- time cost ------------------------- 6.412433385848999
------------------------- time cost ------------------------- 6.190960168838501

-------------Round number: 80-------------

Evaluate global model
Averaged Train Loss: 0.4677
Averaged Test Accuracy: 0.7840
Averaged Test AUC: 0.7716
Averaged Test Precision: 0.7809
Averaged Test Recall: 0.7840
Averaged Test F1-Score: 0.7568
Std Test Accuracy: 0.0715
Std Test AUC: 0.0547
------------------------- time cost ------------------------- 7.369198322296143
------------------------- time cost ------------------------- 6.208547592163086
------------------------- time cost ------------------------- 6.162398099899292
------------------------- time cost ------------------------- 6.399621963500977
------------------------- time cost ------------------------- 6.153115749359131
------------------------- time cost ------------------------- 6.43365478515625
------------------------- time cost ------------------------- 6.290286064147949
------------------------- time cost ------------------------- 6.247706413269043
------------------------- time cost ------------------------- 6.323150634765625
------------------------- time cost ------------------------- 6.21842098236084

-------------Round number: 90-------------

Evaluate global model
Averaged Train Loss: 0.4665
Averaged Test Accuracy: 0.7836
Averaged Test AUC: 0.7727
Averaged Test Precision: 0.7799
Averaged Test Recall: 0.7836
Averaged Test F1-Score: 0.7568
Std Test Accuracy: 0.0707
Std Test AUC: 0.0535
------------------------- time cost ------------------------- 7.396887302398682
------------------------- time cost ------------------------- 6.218212604522705
------------------------- time cost ------------------------- 6.302168130874634
------------------------- time cost ------------------------- 6.258582592010498
------------------------- time cost ------------------------- 6.420432806015015
------------------------- time cost ------------------------- 6.402671813964844
------------------------- time cost ------------------------- 6.321284532546997
------------------------- time cost ------------------------- 6.215138673782349
------------------------- time cost ------------------------- 6.2651450634002686
------------------------- time cost ------------------------- 6.413971424102783

-------------Round number: 100-------------

Evaluate global model
Averaged Train Loss: 0.4676
Averaged Test Accuracy: 0.7769
Averaged Test AUC: 0.7728
Averaged Test Precision: 0.7762
Averaged Test Recall: 0.7769
Averaged Test F1-Score: 0.7453
Std Test Accuracy: 0.0795
Std Test AUC: 0.0524
------------------------- time cost ------------------------- 7.462664842605591

Best accuracy.
0.7856

Average time cost per round.
6.412501788139343
File path: results/Uci_FedAvg_test/Uci_FedAvg_test_0.h5
Training process CSV file path: results/Uci_FedAvg_test/Uci_FedAvg_test_0_training_process.csv
Training process data saved to: results/Uci_FedAvg_test/Uci_FedAvg_test_0_training_process.csv

平均训练时间: 650.58秒
