实验: Uci_feature_skew_ipm_MultiKrum_run1
物理GPU ID: 2
CUDA_VISIBLE_DEVICES: 2
时间: 2026-01-24 23:48:53
命令: /miniconda3/bin/python flcore/main.py -data Uci -algo FedAvg -nc 10 -gr 100 -ls 5 -lbs 64 -lr 0.01 -eg 10 -t 1 --heterogeneity feature_skew --enable_attack True --attack_mode ipm --malicious_ratio 0.3 --defense_mode multi_krum --use_tlbo False --tlbo_iterations 10 --use_autoencoder False --use_committee False
工作目录: /root/DecisionSupportSystem-FedACT/system

[GPU] 使用环境变量指定的GPU: CUDA_VISIBLE_DEVICES=2
============================================================
实验配置:
============================================================
  goal: test
  device: cuda
  device_id: 0
  dataset: Uci
  heterogeneity: feature_skew
  model: auto
  num_classes: 2
  batch_size: 64
  local_learning_rate: 0.01
  global_rounds: 100
  local_epochs: 5
  algorithm: FedAvg
  num_clients: 10
  join_ratio: 1.0
  random_join_ratio: False
  prev: 0
  times: 1
  eval_gap: 10
  save_folder_name: results
  learning_rate_decay: False
  learning_rate_decay_gamma: 0.99
  few_shot: 0
  time_select: False
  time_threthold: 10000
  top_cnt: 100
  auto_break: False
  client_drop_rate: 0.0
  train_slow_rate: 0.0
  send_slow_rate: 0.0
  dlg_eval: False
  dlg_gap: 100
  batch_num_per_client: 2
  num_new_clients: 0
  fine_tuning_epoch_new: 0
  mu: 0.01
  beta: 0.0
  lamda: 1.0
  tau: 1.0
  plocal_epochs: 1
  server_learning_rate: 1.0
  enable_attack: True
  attack_mode: ipm
  malicious_ratio: 0.3
  attack_scale: 3.0
  defense_mode: multi_krum
  use_autoencoder: False
  autoencoder_latent_dim: 64
  autoencoder_epochs: 20
  committee_size: 5
  vote_threshold: 0.5
  anomaly_threshold: 0.5
  anomaly_lower_coef: 0.7
  anomaly_upper_coef: 1.5
  use_committee: False
  tlbo_iterations: 10
  use_tlbo: False
  use_merkle: True
  use_incentive: True
============================================================

============= 第 1 次实验 =============
正在初始化服务器和客户端...
数据集: Uci, 特征维度: 23
模型参数量: 189,330

Join ratio / total clients: 1.0 / 10
Finished creating server and clients.

-------------Round number: 0-------------

Evaluate global model
Averaged Train Loss: 0.6905
Averaged Test Accuracy: 0.5856
Averaged Test AUC: 0.5178
Averaged Test Precision: 0.6416
Averaged Test Recall: 0.5856
Averaged Test F1-Score: 0.5989
Std Test Accuracy: 0.1062
Std Test AUC: 0.0476
------------------------- time cost ------------------------- 7.849240064620972
------------------------- time cost ------------------------- 6.112543344497681
------------------------- time cost ------------------------- 6.053951025009155
------------------------- time cost ------------------------- 6.519757986068726
------------------------- time cost ------------------------- 6.528309345245361
------------------------- time cost ------------------------- 6.289640665054321
------------------------- time cost ------------------------- 6.435527086257935
------------------------- time cost ------------------------- 6.38703727722168
------------------------- time cost ------------------------- 6.334199905395508
------------------------- time cost ------------------------- 6.4319007396698

-------------Round number: 10-------------

Evaluate global model
Averaged Train Loss: 0.4951
Averaged Test Accuracy: 0.7407
Averaged Test AUC: 0.7416
Averaged Test Precision: 0.7275
Averaged Test Recall: 0.7407
Averaged Test F1-Score: 0.6477
Std Test Accuracy: 0.1011
Std Test AUC: 0.0611
------------------------- time cost ------------------------- 7.564738988876343
------------------------- time cost ------------------------- 6.213751792907715
------------------------- time cost ------------------------- 6.388639450073242
------------------------- time cost ------------------------- 6.517739534378052
------------------------- time cost ------------------------- 6.230259895324707
------------------------- time cost ------------------------- 6.4662766456604
------------------------- time cost ------------------------- 6.3127288818359375
------------------------- time cost ------------------------- 6.275330543518066
------------------------- time cost ------------------------- 6.315457344055176
------------------------- time cost ------------------------- 6.411328554153442

-------------Round number: 20-------------

Evaluate global model
Averaged Train Loss: 0.4748
Averaged Test Accuracy: 0.7753
Averaged Test AUC: 0.7553
Averaged Test Precision: 0.7726
Averaged Test Recall: 0.7753
Averaged Test F1-Score: 0.7384
Std Test Accuracy: 0.0839
Std Test AUC: 0.0598
------------------------- time cost ------------------------- 7.411945343017578
------------------------- time cost ------------------------- 6.26403546333313
------------------------- time cost ------------------------- 6.361173391342163
------------------------- time cost ------------------------- 6.3348963260650635
------------------------- time cost ------------------------- 6.30648136138916
------------------------- time cost ------------------------- 6.455340623855591
------------------------- time cost ------------------------- 6.334772109985352
------------------------- time cost ------------------------- 6.298946380615234
------------------------- time cost ------------------------- 6.397865056991577
------------------------- time cost ------------------------- 6.529616832733154

-------------Round number: 30-------------

Evaluate global model
Averaged Train Loss: 0.4723
Averaged Test Accuracy: 0.7791
Averaged Test AUC: 0.7609
Averaged Test Precision: 0.7740
Averaged Test Recall: 0.7791
Averaged Test F1-Score: 0.7481
Std Test Accuracy: 0.0777
Std Test AUC: 0.0593
------------------------- time cost ------------------------- 7.45007061958313
------------------------- time cost ------------------------- 6.362311601638794
------------------------- time cost ------------------------- 6.389139413833618
------------------------- time cost ------------------------- 6.395644187927246
------------------------- time cost ------------------------- 6.315260887145996
------------------------- time cost ------------------------- 6.381402015686035
------------------------- time cost ------------------------- 6.413039684295654
------------------------- time cost ------------------------- 6.388604402542114
------------------------- time cost ------------------------- 6.318494558334351
------------------------- time cost ------------------------- 6.346004486083984

-------------Round number: 40-------------

Evaluate global model
Averaged Train Loss: 0.4702
Averaged Test Accuracy: 0.7815
Averaged Test AUC: 0.7642
Averaged Test Precision: 0.7788
Averaged Test Recall: 0.7815
Averaged Test F1-Score: 0.7521
Std Test Accuracy: 0.0779
Std Test AUC: 0.0586
------------------------- time cost ------------------------- 7.471604585647583
------------------------- time cost ------------------------- 6.341621160507202
------------------------- time cost ------------------------- 6.545550346374512
------------------------- time cost ------------------------- 6.239523649215698
------------------------- time cost ------------------------- 6.372486114501953
------------------------- time cost ------------------------- 6.288540363311768
------------------------- time cost ------------------------- 6.4928138256073
------------------------- time cost ------------------------- 6.377607822418213
------------------------- time cost ------------------------- 6.401543855667114
------------------------- time cost ------------------------- 6.44396448135376

-------------Round number: 50-------------

Evaluate global model
Averaged Train Loss: 0.4684
Averaged Test Accuracy: 0.7847
Averaged Test AUC: 0.7672
Averaged Test Precision: 0.7774
Averaged Test Recall: 0.7847
Averaged Test F1-Score: 0.7595
Std Test Accuracy: 0.0678
Std Test AUC: 0.0563
------------------------- time cost ------------------------- 7.46633505821228
------------------------- time cost ------------------------- 6.3614068031311035
------------------------- time cost ------------------------- 6.4499351978302
------------------------- time cost ------------------------- 6.404051303863525
------------------------- time cost ------------------------- 6.36176872253418
------------------------- time cost ------------------------- 6.3627307415008545
------------------------- time cost ------------------------- 6.293545961380005
------------------------- time cost ------------------------- 6.482454538345337
------------------------- time cost ------------------------- 6.424975395202637
------------------------- time cost ------------------------- 6.466270208358765

-------------Round number: 60-------------

Evaluate global model
Averaged Train Loss: 0.4688
Averaged Test Accuracy: 0.7807
Averaged Test AUC: 0.7698
Averaged Test Precision: 0.7775
Averaged Test Recall: 0.7807
Averaged Test F1-Score: 0.7503
Std Test Accuracy: 0.0757
Std Test AUC: 0.0549
------------------------- time cost ------------------------- 7.36550498008728
------------------------- time cost ------------------------- 6.283531427383423
------------------------- time cost ------------------------- 6.456348419189453
------------------------- time cost ------------------------- 6.250679969787598
------------------------- time cost ------------------------- 6.301862478256226
------------------------- time cost ------------------------- 6.2603209018707275
------------------------- time cost ------------------------- 6.273475885391235
------------------------- time cost ------------------------- 6.398483753204346
------------------------- time cost ------------------------- 6.408806324005127
------------------------- time cost ------------------------- 6.356461524963379

-------------Round number: 70-------------

Evaluate global model
Averaged Train Loss: 0.4675
Averaged Test Accuracy: 0.7875
Averaged Test AUC: 0.7709
Averaged Test Precision: 0.7811
Averaged Test Recall: 0.7875
Averaged Test F1-Score: 0.7637
Std Test Accuracy: 0.0665
Std Test AUC: 0.0535
------------------------- time cost ------------------------- 7.473369359970093
------------------------- time cost ------------------------- 6.164173603057861
------------------------- time cost ------------------------- 6.421975612640381
------------------------- time cost ------------------------- 6.270566463470459
------------------------- time cost ------------------------- 6.344840049743652
------------------------- time cost ------------------------- 6.289444446563721
------------------------- time cost ------------------------- 6.248746633529663
------------------------- time cost ------------------------- 6.156249284744263
------------------------- time cost ------------------------- 6.48780369758606
------------------------- time cost ------------------------- 6.3523032665252686

-------------Round number: 80-------------

Evaluate global model
Averaged Train Loss: 0.4674
Averaged Test Accuracy: 0.7827
Averaged Test AUC: 0.7717
Averaged Test Precision: 0.7784
Averaged Test Recall: 0.7827
Averaged Test F1-Score: 0.7549
Std Test Accuracy: 0.0728
Std Test AUC: 0.0538
------------------------- time cost ------------------------- 7.146372556686401
------------------------- time cost ------------------------- 6.163452386856079
------------------------- time cost ------------------------- 6.281748056411743
------------------------- time cost ------------------------- 6.2687695026397705
------------------------- time cost ------------------------- 6.349916219711304
------------------------- time cost ------------------------- 6.283899545669556
------------------------- time cost ------------------------- 6.274432420730591
------------------------- time cost ------------------------- 6.184321165084839
------------------------- time cost ------------------------- 6.4575231075286865
------------------------- time cost ------------------------- 6.356436252593994

-------------Round number: 90-------------

Evaluate global model
Averaged Train Loss: 0.4666
Averaged Test Accuracy: 0.7835
Averaged Test AUC: 0.7732
Averaged Test Precision: 0.7784
Averaged Test Recall: 0.7835
Averaged Test F1-Score: 0.7578
Std Test Accuracy: 0.0722
Std Test AUC: 0.0524
------------------------- time cost ------------------------- 7.250197410583496
------------------------- time cost ------------------------- 6.46305251121521
------------------------- time cost ------------------------- 6.220414638519287
------------------------- time cost ------------------------- 6.2168519496917725
------------------------- time cost ------------------------- 6.6230528354644775
------------------------- time cost ------------------------- 7.0718159675598145
------------------------- time cost ------------------------- 6.4863810539245605
------------------------- time cost ------------------------- 6.403380632400513
------------------------- time cost ------------------------- 6.432178735733032
------------------------- time cost ------------------------- 6.371804237365723

-------------Round number: 100-------------

Evaluate global model
Averaged Train Loss: 0.4663
Averaged Test Accuracy: 0.7784
Averaged Test AUC: 0.7736
Averaged Test Precision: 0.7779
Averaged Test Recall: 0.7784
Averaged Test F1-Score: 0.7458
Std Test Accuracy: 0.0813
Std Test AUC: 0.0512
------------------------- time cost ------------------------- 7.6961352825164795

Best accuracy.
0.7874666666666666

Average time cost per round.
6.468599784374237
File path: results/Uci_FedAvg_test/Uci_FedAvg_test_0.h5
Training process CSV file path: results/Uci_FedAvg_test/Uci_FedAvg_test_0_training_process.csv
Training process data saved to: results/Uci_FedAvg_test/Uci_FedAvg_test_0_training_process.csv

平均训练时间: 655.96秒
