实验: Uci_label_skew_sign_flip_Median_run1
物理GPU ID: 2
CUDA_VISIBLE_DEVICES: 2
时间: 2026-01-24 21:37:36
命令: /miniconda3/bin/python flcore/main.py -data Uci -algo FedAvg -nc 10 -gr 100 -ls 5 -lbs 64 -lr 0.01 -eg 10 -t 1 --heterogeneity label_skew --enable_attack True --attack_mode sign_flip --malicious_ratio 0.3 --defense_mode median --use_tlbo False --tlbo_iterations 10 --use_autoencoder False --use_committee False
工作目录: /root/DecisionSupportSystem-FedACT/system

[GPU] 使用环境变量指定的GPU: CUDA_VISIBLE_DEVICES=2
============================================================
实验配置:
============================================================
  goal: test
  device: cuda
  device_id: 0
  dataset: Uci
  heterogeneity: label_skew
  model: auto
  num_classes: 2
  batch_size: 64
  local_learning_rate: 0.01
  global_rounds: 100
  local_epochs: 5
  algorithm: FedAvg
  num_clients: 10
  join_ratio: 1.0
  random_join_ratio: False
  prev: 0
  times: 1
  eval_gap: 10
  save_folder_name: results
  learning_rate_decay: False
  learning_rate_decay_gamma: 0.99
  few_shot: 0
  time_select: False
  time_threthold: 10000
  top_cnt: 100
  auto_break: False
  client_drop_rate: 0.0
  train_slow_rate: 0.0
  send_slow_rate: 0.0
  dlg_eval: False
  dlg_gap: 100
  batch_num_per_client: 2
  num_new_clients: 0
  fine_tuning_epoch_new: 0
  mu: 0.01
  beta: 0.0
  lamda: 1.0
  tau: 1.0
  plocal_epochs: 1
  server_learning_rate: 1.0
  enable_attack: True
  attack_mode: sign_flip
  malicious_ratio: 0.3
  attack_scale: 3.0
  defense_mode: median
  use_autoencoder: False
  autoencoder_latent_dim: 64
  autoencoder_epochs: 20
  committee_size: 5
  vote_threshold: 0.5
  anomaly_threshold: 0.5
  anomaly_lower_coef: 0.7
  anomaly_upper_coef: 1.5
  use_committee: False
  tlbo_iterations: 10
  use_tlbo: False
  use_merkle: True
  use_incentive: True
============================================================

============= 第 1 次实验 =============
正在初始化服务器和客户端...
数据集: Uci, 特征维度: 23
模型参数量: 189,330

Join ratio / total clients: 1.0 / 10
Finished creating server and clients.

-------------Round number: 0-------------

Evaluate global model
Averaged Train Loss: 0.6905
Averaged Test Accuracy: 0.5856
Averaged Test AUC: 0.5178
Averaged Test Precision: 0.6416
Averaged Test Recall: 0.5856
Averaged Test F1-Score: 0.5989
Std Test Accuracy: 0.1062
Std Test AUC: 0.0476
------------------------- time cost ------------------------- 7.535254240036011
------------------------- time cost ------------------------- 6.3276097774505615
------------------------- time cost ------------------------- 6.153776168823242
------------------------- time cost ------------------------- 6.257156848907471
------------------------- time cost ------------------------- 6.249213695526123
------------------------- time cost ------------------------- 6.33306360244751
------------------------- time cost ------------------------- 6.250860214233398
------------------------- time cost ------------------------- 6.366385459899902
------------------------- time cost ------------------------- 6.31933856010437
------------------------- time cost ------------------------- 6.380196809768677

-------------Round number: 10-------------

Evaluate global model
Averaged Train Loss: 0.4953
Averaged Test Accuracy: 0.7412
Averaged Test AUC: 0.7426
Averaged Test Precision: 0.7255
Averaged Test Recall: 0.7412
Averaged Test F1-Score: 0.6485
Std Test Accuracy: 0.1009
Std Test AUC: 0.0615
------------------------- time cost ------------------------- 7.203473806381226
------------------------- time cost ------------------------- 6.4095892906188965
------------------------- time cost ------------------------- 6.278651475906372
------------------------- time cost ------------------------- 6.399256467819214
------------------------- time cost ------------------------- 6.278083801269531
------------------------- time cost ------------------------- 6.327580213546753
------------------------- time cost ------------------------- 6.285887241363525
------------------------- time cost ------------------------- 6.234303712844849
------------------------- time cost ------------------------- 6.411703824996948
------------------------- time cost ------------------------- 6.324641466140747

-------------Round number: 20-------------

Evaluate global model
Averaged Train Loss: 0.4753
Averaged Test Accuracy: 0.7768
Averaged Test AUC: 0.7551
Averaged Test Precision: 0.7768
Averaged Test Recall: 0.7768
Averaged Test F1-Score: 0.7384
Std Test Accuracy: 0.0832
Std Test AUC: 0.0602
------------------------- time cost ------------------------- 7.286530256271362
------------------------- time cost ------------------------- 6.246420383453369
------------------------- time cost ------------------------- 6.2415525913238525
------------------------- time cost ------------------------- 6.3121256828308105
------------------------- time cost ------------------------- 6.235453367233276
------------------------- time cost ------------------------- 6.353119373321533
------------------------- time cost ------------------------- 6.387995958328247
------------------------- time cost ------------------------- 6.221096754074097
------------------------- time cost ------------------------- 6.370786190032959
------------------------- time cost ------------------------- 6.3456871509552

-------------Round number: 30-------------

Evaluate global model
Averaged Train Loss: 0.4712
Averaged Test Accuracy: 0.7779
Averaged Test AUC: 0.7610
Averaged Test Precision: 0.7731
Averaged Test Recall: 0.7779
Averaged Test F1-Score: 0.7461
Std Test Accuracy: 0.0787
Std Test AUC: 0.0599
------------------------- time cost ------------------------- 7.450490951538086
------------------------- time cost ------------------------- 6.278967618942261
------------------------- time cost ------------------------- 6.303525686264038
------------------------- time cost ------------------------- 6.192049741744995
------------------------- time cost ------------------------- 6.304729223251343
------------------------- time cost ------------------------- 6.333694219589233
------------------------- time cost ------------------------- 6.407136917114258
------------------------- time cost ------------------------- 6.345155954360962
------------------------- time cost ------------------------- 6.480224609375
------------------------- time cost ------------------------- 6.336041688919067

-------------Round number: 40-------------

Evaluate global model
Averaged Train Loss: 0.4679
Averaged Test Accuracy: 0.7851
Averaged Test AUC: 0.7652
Averaged Test Precision: 0.7781
Averaged Test Recall: 0.7851
Averaged Test F1-Score: 0.7575
Std Test Accuracy: 0.0698
Std Test AUC: 0.0577
------------------------- time cost ------------------------- 7.405845880508423
------------------------- time cost ------------------------- 6.291227102279663
------------------------- time cost ------------------------- 6.248568534851074
------------------------- time cost ------------------------- 6.33020806312561
------------------------- time cost ------------------------- 6.276055812835693
------------------------- time cost ------------------------- 6.371102571487427
------------------------- time cost ------------------------- 6.346256971359253
------------------------- time cost ------------------------- 6.4234089851379395
------------------------- time cost ------------------------- 6.379064321517944
------------------------- time cost ------------------------- 6.3466103076934814

-------------Round number: 50-------------

Evaluate global model
Averaged Train Loss: 0.4686
Averaged Test Accuracy: 0.7848
Averaged Test AUC: 0.7671
Averaged Test Precision: 0.7794
Averaged Test Recall: 0.7848
Averaged Test F1-Score: 0.7584
Std Test Accuracy: 0.0725
Std Test AUC: 0.0565
------------------------- time cost ------------------------- 7.373305797576904
------------------------- time cost ------------------------- 6.214981555938721
------------------------- time cost ------------------------- 6.3252387046813965
------------------------- time cost ------------------------- 6.199078321456909
------------------------- time cost ------------------------- 6.223127603530884
------------------------- time cost ------------------------- 6.202599763870239
------------------------- time cost ------------------------- 6.366266250610352
------------------------- time cost ------------------------- 6.188623905181885
------------------------- time cost ------------------------- 6.498655796051025
------------------------- time cost ------------------------- 6.310070753097534

-------------Round number: 60-------------

Evaluate global model
Averaged Train Loss: 0.4685
Averaged Test Accuracy: 0.7815
Averaged Test AUC: 0.7688
Averaged Test Precision: 0.7769
Averaged Test Recall: 0.7815
Averaged Test F1-Score: 0.7520
Std Test Accuracy: 0.0736
Std Test AUC: 0.0550
------------------------- time cost ------------------------- 7.257596731185913
------------------------- time cost ------------------------- 6.286702394485474
------------------------- time cost ------------------------- 6.307152986526489
------------------------- time cost ------------------------- 6.1777496337890625
------------------------- time cost ------------------------- 6.275428533554077
------------------------- time cost ------------------------- 6.264258623123169
------------------------- time cost ------------------------- 6.269446849822998
------------------------- time cost ------------------------- 6.247837781906128
------------------------- time cost ------------------------- 6.4149134159088135
------------------------- time cost ------------------------- 6.395497560501099

-------------Round number: 70-------------

Evaluate global model
Averaged Train Loss: 0.4678
Averaged Test Accuracy: 0.7823
Averaged Test AUC: 0.7705
Averaged Test Precision: 0.7771
Averaged Test Recall: 0.7823
Averaged Test F1-Score: 0.7556
Std Test Accuracy: 0.0712
Std Test AUC: 0.0536
------------------------- time cost ------------------------- 7.545363426208496
------------------------- time cost ------------------------- 6.204227685928345
------------------------- time cost ------------------------- 6.2478790283203125
------------------------- time cost ------------------------- 6.2352190017700195
------------------------- time cost ------------------------- 6.176408052444458
------------------------- time cost ------------------------- 6.191897630691528
------------------------- time cost ------------------------- 6.388126850128174
------------------------- time cost ------------------------- 6.276826620101929
------------------------- time cost ------------------------- 6.303801774978638
------------------------- time cost ------------------------- 6.420221328735352

-------------Round number: 80-------------

Evaluate global model
Averaged Train Loss: 0.4680
Averaged Test Accuracy: 0.7820
Averaged Test AUC: 0.7708
Averaged Test Precision: 0.7769
Averaged Test Recall: 0.7820
Averaged Test F1-Score: 0.7544
Std Test Accuracy: 0.0718
Std Test AUC: 0.0544
------------------------- time cost ------------------------- 7.42700982093811
------------------------- time cost ------------------------- 6.383188009262085
------------------------- time cost ------------------------- 6.290956258773804
------------------------- time cost ------------------------- 6.1490232944488525
------------------------- time cost ------------------------- 6.2693092823028564
------------------------- time cost ------------------------- 6.1716461181640625
------------------------- time cost ------------------------- 6.375462770462036
------------------------- time cost ------------------------- 6.3594536781311035
------------------------- time cost ------------------------- 6.3808863162994385
------------------------- time cost ------------------------- 6.437708854675293

-------------Round number: 90-------------

Evaluate global model
Averaged Train Loss: 0.4667
Averaged Test Accuracy: 0.7816
Averaged Test AUC: 0.7722
Averaged Test Precision: 0.7779
Averaged Test Recall: 0.7816
Averaged Test F1-Score: 0.7554
Std Test Accuracy: 0.0728
Std Test AUC: 0.0531
------------------------- time cost ------------------------- 7.391822814941406
------------------------- time cost ------------------------- 6.346792459487915
------------------------- time cost ------------------------- 6.324365615844727
------------------------- time cost ------------------------- 6.198451519012451
------------------------- time cost ------------------------- 6.395334959030151
------------------------- time cost ------------------------- 6.286170959472656
------------------------- time cost ------------------------- 6.35819149017334
------------------------- time cost ------------------------- 6.590291976928711
------------------------- time cost ------------------------- 6.422090530395508
------------------------- time cost ------------------------- 6.703585386276245

-------------Round number: 100-------------

Evaluate global model
Averaged Train Loss: 0.4673
Averaged Test Accuracy: 0.7813
Averaged Test AUC: 0.7721
Averaged Test Precision: 0.7778
Averaged Test Recall: 0.7813
Averaged Test F1-Score: 0.7556
Std Test Accuracy: 0.0730
Std Test AUC: 0.0523
------------------------- time cost ------------------------- 7.601184606552124

Best accuracy.
0.7850666666666667

Average time cost per round.
6.42293336391449
File path: results/Uci_FedAvg_test/Uci_FedAvg_test_0.h5
Training process CSV file path: results/Uci_FedAvg_test/Uci_FedAvg_test_0_training_process.csv
Training process data saved to: results/Uci_FedAvg_test/Uci_FedAvg_test_0_training_process.csv

平均训练时间: 651.14秒
