实验: Uci_feature_skew_alie_RFA_run1
物理GPU ID: 1
CUDA_VISIBLE_DEVICES: 1
时间: 2026-01-24 23:48:41
命令: /miniconda3/bin/python flcore/main.py -data Uci -algo FedAvg -nc 10 -gr 100 -ls 5 -lbs 64 -lr 0.01 -eg 10 -t 1 --heterogeneity feature_skew --enable_attack True --attack_mode alie --malicious_ratio 0.3 --defense_mode rfa --use_tlbo False --tlbo_iterations 10 --use_autoencoder False --use_committee False
工作目录: /root/DecisionSupportSystem-FedACT/system

[GPU] 使用环境变量指定的GPU: CUDA_VISIBLE_DEVICES=1
============================================================
实验配置:
============================================================
  goal: test
  device: cuda
  device_id: 0
  dataset: Uci
  heterogeneity: feature_skew
  model: auto
  num_classes: 2
  batch_size: 64
  local_learning_rate: 0.01
  global_rounds: 100
  local_epochs: 5
  algorithm: FedAvg
  num_clients: 10
  join_ratio: 1.0
  random_join_ratio: False
  prev: 0
  times: 1
  eval_gap: 10
  save_folder_name: results
  learning_rate_decay: False
  learning_rate_decay_gamma: 0.99
  few_shot: 0
  time_select: False
  time_threthold: 10000
  top_cnt: 100
  auto_break: False
  client_drop_rate: 0.0
  train_slow_rate: 0.0
  send_slow_rate: 0.0
  dlg_eval: False
  dlg_gap: 100
  batch_num_per_client: 2
  num_new_clients: 0
  fine_tuning_epoch_new: 0
  mu: 0.01
  beta: 0.0
  lamda: 1.0
  tau: 1.0
  plocal_epochs: 1
  server_learning_rate: 1.0
  enable_attack: True
  attack_mode: alie
  malicious_ratio: 0.3
  attack_scale: 3.0
  defense_mode: rfa
  use_autoencoder: False
  autoencoder_latent_dim: 64
  autoencoder_epochs: 20
  committee_size: 5
  vote_threshold: 0.5
  anomaly_threshold: 0.5
  anomaly_lower_coef: 0.7
  anomaly_upper_coef: 1.5
  use_committee: False
  tlbo_iterations: 10
  use_tlbo: False
  use_merkle: True
  use_incentive: True
============================================================

============= 第 1 次实验 =============
正在初始化服务器和客户端...
数据集: Uci, 特征维度: 23
模型参数量: 189,330

Join ratio / total clients: 1.0 / 10
Finished creating server and clients.

-------------Round number: 0-------------

Evaluate global model
Averaged Train Loss: 0.6905
Averaged Test Accuracy: 0.5856
Averaged Test AUC: 0.5178
Averaged Test Precision: 0.6416
Averaged Test Recall: 0.5856
Averaged Test F1-Score: 0.5989
Std Test Accuracy: 0.1062
Std Test AUC: 0.0476
------------------------- time cost ------------------------- 7.330525636672974
------------------------- time cost ------------------------- 6.042505979537964
------------------------- time cost ------------------------- 6.013794422149658
------------------------- time cost ------------------------- 5.944715738296509
------------------------- time cost ------------------------- 6.251572132110596
------------------------- time cost ------------------------- 6.477159023284912
------------------------- time cost ------------------------- 6.345851898193359
------------------------- time cost ------------------------- 6.2953691482543945
------------------------- time cost ------------------------- 6.439005136489868
------------------------- time cost ------------------------- 6.4679858684539795

-------------Round number: 10-------------

Evaluate global model
Averaged Train Loss: 0.4942
Averaged Test Accuracy: 0.7417
Averaged Test AUC: 0.7422
Averaged Test Precision: 0.7178
Averaged Test Recall: 0.7417
Averaged Test F1-Score: 0.6522
Std Test Accuracy: 0.0999
Std Test AUC: 0.0621
------------------------- time cost ------------------------- 7.508877754211426
------------------------- time cost ------------------------- 6.4345786571502686
------------------------- time cost ------------------------- 6.447509527206421
------------------------- time cost ------------------------- 6.329797983169556
------------------------- time cost ------------------------- 6.356662750244141
------------------------- time cost ------------------------- 6.645085573196411
------------------------- time cost ------------------------- 6.294671535491943
------------------------- time cost ------------------------- 6.434512615203857
------------------------- time cost ------------------------- 6.485136985778809
------------------------- time cost ------------------------- 6.354887247085571

-------------Round number: 20-------------

Evaluate global model
Averaged Train Loss: 0.4765
Averaged Test Accuracy: 0.7748
Averaged Test AUC: 0.7547
Averaged Test Precision: 0.7729
Averaged Test Recall: 0.7748
Averaged Test F1-Score: 0.7364
Std Test Accuracy: 0.0847
Std Test AUC: 0.0606
------------------------- time cost ------------------------- 7.531670808792114
------------------------- time cost ------------------------- 6.356798410415649
------------------------- time cost ------------------------- 6.554332494735718
------------------------- time cost ------------------------- 6.209877014160156
------------------------- time cost ------------------------- 6.312594652175903
------------------------- time cost ------------------------- 6.62419056892395
------------------------- time cost ------------------------- 6.34097695350647
------------------------- time cost ------------------------- 6.332638740539551
------------------------- time cost ------------------------- 6.388645887374878
------------------------- time cost ------------------------- 6.253828287124634

-------------Round number: 30-------------

Evaluate global model
Averaged Train Loss: 0.4718
Averaged Test Accuracy: 0.7795
Averaged Test AUC: 0.7609
Averaged Test Precision: 0.7752
Averaged Test Recall: 0.7795
Averaged Test F1-Score: 0.7476
Std Test Accuracy: 0.0792
Std Test AUC: 0.0600
------------------------- time cost ------------------------- 7.51412296295166
------------------------- time cost ------------------------- 6.464159727096558
------------------------- time cost ------------------------- 6.380995512008667
------------------------- time cost ------------------------- 6.380616903305054
------------------------- time cost ------------------------- 6.35194730758667
------------------------- time cost ------------------------- 6.449411392211914
------------------------- time cost ------------------------- 6.530980348587036
------------------------- time cost ------------------------- 6.262763500213623
------------------------- time cost ------------------------- 6.389882802963257
------------------------- time cost ------------------------- 6.2785704135894775

-------------Round number: 40-------------

Evaluate global model
Averaged Train Loss: 0.4700
Averaged Test Accuracy: 0.7832
Averaged Test AUC: 0.7641
Averaged Test Precision: 0.7792
Averaged Test Recall: 0.7832
Averaged Test F1-Score: 0.7554
Std Test Accuracy: 0.0739
Std Test AUC: 0.0591
------------------------- time cost ------------------------- 7.428216218948364
------------------------- time cost ------------------------- 6.579200983047485
------------------------- time cost ------------------------- 6.530686616897583
------------------------- time cost ------------------------- 6.339584589004517
------------------------- time cost ------------------------- 6.36404824256897
------------------------- time cost ------------------------- 6.407977342605591
------------------------- time cost ------------------------- 6.475450277328491
------------------------- time cost ------------------------- 6.303005933761597
------------------------- time cost ------------------------- 6.348832607269287
------------------------- time cost ------------------------- 6.191072225570679

-------------Round number: 50-------------

Evaluate global model
Averaged Train Loss: 0.4682
Averaged Test Accuracy: 0.7829
Averaged Test AUC: 0.7674
Averaged Test Precision: 0.7778
Averaged Test Recall: 0.7829
Averaged Test F1-Score: 0.7552
Std Test Accuracy: 0.0736
Std Test AUC: 0.0562
------------------------- time cost ------------------------- 7.363497734069824
------------------------- time cost ------------------------- 6.410952091217041
------------------------- time cost ------------------------- 6.537313222885132
------------------------- time cost ------------------------- 6.426131010055542
------------------------- time cost ------------------------- 6.364410638809204
------------------------- time cost ------------------------- 6.417563438415527
------------------------- time cost ------------------------- 6.383501291275024
------------------------- time cost ------------------------- 6.499532461166382
------------------------- time cost ------------------------- 6.385196924209595
------------------------- time cost ------------------------- 6.310405731201172

-------------Round number: 60-------------

Evaluate global model
Averaged Train Loss: 0.4690
Averaged Test Accuracy: 0.7827
Averaged Test AUC: 0.7683
Averaged Test Precision: 0.7780
Averaged Test Recall: 0.7827
Averaged Test F1-Score: 0.7541
Std Test Accuracy: 0.0724
Std Test AUC: 0.0566
------------------------- time cost ------------------------- 7.480108976364136
------------------------- time cost ------------------------- 6.426234722137451
------------------------- time cost ------------------------- 6.428029775619507
------------------------- time cost ------------------------- 6.442912817001343
------------------------- time cost ------------------------- 6.440048933029175
------------------------- time cost ------------------------- 6.318511486053467
------------------------- time cost ------------------------- 6.380891799926758
------------------------- time cost ------------------------- 6.5205464363098145
------------------------- time cost ------------------------- 6.38614559173584
------------------------- time cost ------------------------- 6.284037113189697

-------------Round number: 70-------------

Evaluate global model
Averaged Train Loss: 0.4673
Averaged Test Accuracy: 0.7859
Averaged Test AUC: 0.7696
Averaged Test Precision: 0.7796
Averaged Test Recall: 0.7859
Averaged Test F1-Score: 0.7609
Std Test Accuracy: 0.0664
Std Test AUC: 0.0554
------------------------- time cost ------------------------- 7.5679240226745605
------------------------- time cost ------------------------- 6.358449220657349
------------------------- time cost ------------------------- 6.283263206481934
------------------------- time cost ------------------------- 6.248438835144043
------------------------- time cost ------------------------- 6.436718225479126
------------------------- time cost ------------------------- 6.37842869758606
------------------------- time cost ------------------------- 6.361015319824219
------------------------- time cost ------------------------- 6.35668683052063
------------------------- time cost ------------------------- 6.371183633804321
------------------------- time cost ------------------------- 6.2153239250183105

-------------Round number: 80-------------

Evaluate global model
Averaged Train Loss: 0.4667
Averaged Test Accuracy: 0.7840
Averaged Test AUC: 0.7714
Averaged Test Precision: 0.7794
Averaged Test Recall: 0.7840
Averaged Test F1-Score: 0.7562
Std Test Accuracy: 0.0713
Std Test AUC: 0.0536
------------------------- time cost ------------------------- 7.358238220214844
------------------------- time cost ------------------------- 6.417313575744629
------------------------- time cost ------------------------- 6.135235548019409
------------------------- time cost ------------------------- 6.225099563598633
------------------------- time cost ------------------------- 6.297527313232422
------------------------- time cost ------------------------- 6.3164355754852295
------------------------- time cost ------------------------- 6.436682939529419
------------------------- time cost ------------------------- 6.293017864227295
------------------------- time cost ------------------------- 6.461328744888306
------------------------- time cost ------------------------- 6.158679246902466

-------------Round number: 90-------------

Evaluate global model
Averaged Train Loss: 0.4667
Averaged Test Accuracy: 0.7825
Averaged Test AUC: 0.7719
Averaged Test Precision: 0.7785
Averaged Test Recall: 0.7825
Averaged Test F1-Score: 0.7552
Std Test Accuracy: 0.0744
Std Test AUC: 0.0545
------------------------- time cost ------------------------- 7.3861424922943115
------------------------- time cost ------------------------- 6.463172197341919
------------------------- time cost ------------------------- 6.283837080001831
------------------------- time cost ------------------------- 6.395486116409302
------------------------- time cost ------------------------- 6.099173307418823
------------------------- time cost ------------------------- 6.1549248695373535
------------------------- time cost ------------------------- 6.571786880493164
------------------------- time cost ------------------------- 6.314563512802124
------------------------- time cost ------------------------- 6.432612419128418
------------------------- time cost ------------------------- 6.626481294631958

-------------Round number: 100-------------

Evaluate global model
Averaged Train Loss: 0.4677
Averaged Test Accuracy: 0.7768
Averaged Test AUC: 0.7729
Averaged Test Precision: 0.7768
Averaged Test Recall: 0.7768
Averaged Test F1-Score: 0.7446
Std Test Accuracy: 0.0822
Std Test AUC: 0.0524
------------------------- time cost ------------------------- 7.665225028991699

Best accuracy.
0.7858666666666667

Average time cost per round.
6.477231276035309
File path: results/Uci_FedAvg_test/Uci_FedAvg_test_0.h5
Training process CSV file path: results/Uci_FedAvg_test/Uci_FedAvg_test_0_training_process.csv
Training process data saved to: results/Uci_FedAvg_test/Uci_FedAvg_test_0_training_process.csv

平均训练时间: 656.35秒
