实验: Uci_quantity_skew_trim_attack_MultiKrum_run1
物理GPU ID: 2
CUDA_VISIBLE_DEVICES: 2
时间: 2026-01-24 23:05:21
命令: /miniconda3/bin/python flcore/main.py -data Uci -algo FedAvg -nc 10 -gr 100 -ls 5 -lbs 64 -lr 0.01 -eg 10 -t 1 --heterogeneity quantity_skew --enable_attack True --attack_mode trim_attack --malicious_ratio 0.3 --defense_mode multi_krum --use_tlbo False --tlbo_iterations 10 --use_autoencoder False --use_committee False
工作目录: /root/DecisionSupportSystem-FedACT/system

[GPU] 使用环境变量指定的GPU: CUDA_VISIBLE_DEVICES=2
============================================================
实验配置:
============================================================
  goal: test
  device: cuda
  device_id: 0
  dataset: Uci
  heterogeneity: quantity_skew
  model: auto
  num_classes: 2
  batch_size: 64
  local_learning_rate: 0.01
  global_rounds: 100
  local_epochs: 5
  algorithm: FedAvg
  num_clients: 10
  join_ratio: 1.0
  random_join_ratio: False
  prev: 0
  times: 1
  eval_gap: 10
  save_folder_name: results
  learning_rate_decay: False
  learning_rate_decay_gamma: 0.99
  few_shot: 0
  time_select: False
  time_threthold: 10000
  top_cnt: 100
  auto_break: False
  client_drop_rate: 0.0
  train_slow_rate: 0.0
  send_slow_rate: 0.0
  dlg_eval: False
  dlg_gap: 100
  batch_num_per_client: 2
  num_new_clients: 0
  fine_tuning_epoch_new: 0
  mu: 0.01
  beta: 0.0
  lamda: 1.0
  tau: 1.0
  plocal_epochs: 1
  server_learning_rate: 1.0
  enable_attack: True
  attack_mode: trim_attack
  malicious_ratio: 0.3
  attack_scale: 3.0
  defense_mode: multi_krum
  use_autoencoder: False
  autoencoder_latent_dim: 64
  autoencoder_epochs: 20
  committee_size: 5
  vote_threshold: 0.5
  anomaly_threshold: 0.5
  anomaly_lower_coef: 0.7
  anomaly_upper_coef: 1.5
  use_committee: False
  tlbo_iterations: 10
  use_tlbo: False
  use_merkle: True
  use_incentive: True
============================================================

============= 第 1 次实验 =============
正在初始化服务器和客户端...
数据集: Uci, 特征维度: 23
模型参数量: 189,330

Join ratio / total clients: 1.0 / 10
Finished creating server and clients.

-------------Round number: 0-------------

Evaluate global model
Averaged Train Loss: 0.6905
Averaged Test Accuracy: 0.5856
Averaged Test AUC: 0.5178
Averaged Test Precision: 0.6416
Averaged Test Recall: 0.5856
Averaged Test F1-Score: 0.5989
Std Test Accuracy: 0.1062
Std Test AUC: 0.0476
------------------------- time cost ------------------------- 7.821226596832275
------------------------- time cost ------------------------- 6.396677494049072
------------------------- time cost ------------------------- 6.68974232673645
------------------------- time cost ------------------------- 6.640035629272461
------------------------- time cost ------------------------- 6.4731504917144775
------------------------- time cost ------------------------- 6.391924858093262
------------------------- time cost ------------------------- 6.264460325241089
------------------------- time cost ------------------------- 6.351144075393677
------------------------- time cost ------------------------- 6.385390281677246
------------------------- time cost ------------------------- 6.417304992675781

-------------Round number: 10-------------

Evaluate global model
Averaged Train Loss: 0.4966
Averaged Test Accuracy: 0.7405
Averaged Test AUC: 0.7416
Averaged Test Precision: 0.7251
Averaged Test Recall: 0.7405
Averaged Test F1-Score: 0.6470
Std Test Accuracy: 0.1013
Std Test AUC: 0.0626
------------------------- time cost ------------------------- 7.357297897338867
------------------------- time cost ------------------------- 6.5301361083984375
------------------------- time cost ------------------------- 6.399818658828735
------------------------- time cost ------------------------- 6.310769557952881
------------------------- time cost ------------------------- 6.403143405914307
------------------------- time cost ------------------------- 6.546338319778442
------------------------- time cost ------------------------- 6.269378900527954
------------------------- time cost ------------------------- 6.413913726806641
------------------------- time cost ------------------------- 6.402880668640137
------------------------- time cost ------------------------- 6.476298093795776

-------------Round number: 20-------------

Evaluate global model
Averaged Train Loss: 0.4755
Averaged Test Accuracy: 0.7765
Averaged Test AUC: 0.7551
Averaged Test Precision: 0.7731
Averaged Test Recall: 0.7765
Averaged Test F1-Score: 0.7405
Std Test Accuracy: 0.0836
Std Test AUC: 0.0604
------------------------- time cost ------------------------- 7.489290952682495
------------------------- time cost ------------------------- 6.374342679977417
------------------------- time cost ------------------------- 6.189929962158203
------------------------- time cost ------------------------- 6.309317350387573
------------------------- time cost ------------------------- 6.393827438354492
------------------------- time cost ------------------------- 6.471876859664917
------------------------- time cost ------------------------- 6.403306245803833
------------------------- time cost ------------------------- 6.410029649734497
------------------------- time cost ------------------------- 6.347108602523804
------------------------- time cost ------------------------- 6.522499084472656

-------------Round number: 30-------------

Evaluate global model
Averaged Train Loss: 0.4709
Averaged Test Accuracy: 0.7781
Averaged Test AUC: 0.7619
Averaged Test Precision: 0.7748
Averaged Test Recall: 0.7781
Averaged Test F1-Score: 0.7461
Std Test Accuracy: 0.0815
Std Test AUC: 0.0585
------------------------- time cost ------------------------- 7.498288154602051
------------------------- time cost ------------------------- 6.460872173309326
------------------------- time cost ------------------------- 6.386334657669067
------------------------- time cost ------------------------- 6.336219787597656
------------------------- time cost ------------------------- 6.314448595046997
------------------------- time cost ------------------------- 6.267920970916748
------------------------- time cost ------------------------- 6.534040451049805
------------------------- time cost ------------------------- 6.2322468757629395
------------------------- time cost ------------------------- 6.34827446937561
------------------------- time cost ------------------------- 6.396692514419556

-------------Round number: 40-------------

Evaluate global model
Averaged Train Loss: 0.4680
Averaged Test Accuracy: 0.7843
Averaged Test AUC: 0.7648
Averaged Test Precision: 0.7785
Averaged Test Recall: 0.7843
Averaged Test F1-Score: 0.7570
Std Test Accuracy: 0.0707
Std Test AUC: 0.0581
------------------------- time cost ------------------------- 7.52016282081604
------------------------- time cost ------------------------- 6.322369813919067
------------------------- time cost ------------------------- 6.4171178340911865
------------------------- time cost ------------------------- 6.328223466873169
------------------------- time cost ------------------------- 6.3439812660217285
------------------------- time cost ------------------------- 6.19660496711731
------------------------- time cost ------------------------- 6.356470346450806
------------------------- time cost ------------------------- 6.325589418411255
------------------------- time cost ------------------------- 6.19590425491333
------------------------- time cost ------------------------- 6.420834064483643

-------------Round number: 50-------------

Evaluate global model
Averaged Train Loss: 0.4676
Averaged Test Accuracy: 0.7845
Averaged Test AUC: 0.7676
Averaged Test Precision: 0.7778
Averaged Test Recall: 0.7845
Averaged Test F1-Score: 0.7589
Std Test Accuracy: 0.0700
Std Test AUC: 0.0567
------------------------- time cost ------------------------- 7.504668712615967
------------------------- time cost ------------------------- 6.422213077545166
------------------------- time cost ------------------------- 6.203199625015259
------------------------- time cost ------------------------- 6.338301658630371
------------------------- time cost ------------------------- 6.338113784790039
------------------------- time cost ------------------------- 6.354172229766846
------------------------- time cost ------------------------- 6.304722547531128
------------------------- time cost ------------------------- 6.328309535980225
------------------------- time cost ------------------------- 6.219207048416138
------------------------- time cost ------------------------- 6.375662803649902

-------------Round number: 60-------------

Evaluate global model
Averaged Train Loss: 0.4673
Averaged Test Accuracy: 0.7853
Averaged Test AUC: 0.7684
Averaged Test Precision: 0.7797
Averaged Test Recall: 0.7853
Averaged Test F1-Score: 0.7594
Std Test Accuracy: 0.0695
Std Test AUC: 0.0563
------------------------- time cost ------------------------- 7.350286960601807
------------------------- time cost ------------------------- 6.320317506790161
------------------------- time cost ------------------------- 6.338945388793945
------------------------- time cost ------------------------- 6.1961445808410645
------------------------- time cost ------------------------- 6.356090545654297
------------------------- time cost ------------------------- 6.263187408447266
------------------------- time cost ------------------------- 6.330402851104736
------------------------- time cost ------------------------- 6.381118297576904
------------------------- time cost ------------------------- 6.260144233703613
------------------------- time cost ------------------------- 6.452459335327148

-------------Round number: 70-------------

Evaluate global model
Averaged Train Loss: 0.4673
Averaged Test Accuracy: 0.7841
Averaged Test AUC: 0.7709
Averaged Test Precision: 0.7790
Averaged Test Recall: 0.7841
Averaged Test F1-Score: 0.7572
Std Test Accuracy: 0.0702
Std Test AUC: 0.0538
------------------------- time cost ------------------------- 7.564267635345459
------------------------- time cost ------------------------- 6.395796775817871
------------------------- time cost ------------------------- 6.205671310424805
------------------------- time cost ------------------------- 6.359576940536499
------------------------- time cost ------------------------- 6.374472141265869
------------------------- time cost ------------------------- 6.267521858215332
------------------------- time cost ------------------------- 6.311548471450806
------------------------- time cost ------------------------- 6.32984185218811
------------------------- time cost ------------------------- 6.351446866989136
------------------------- time cost ------------------------- 6.457692384719849

-------------Round number: 80-------------

Evaluate global model
Averaged Train Loss: 0.4664
Averaged Test Accuracy: 0.7827
Averaged Test AUC: 0.7720
Averaged Test Precision: 0.7779
Averaged Test Recall: 0.7827
Averaged Test F1-Score: 0.7547
Std Test Accuracy: 0.0730
Std Test AUC: 0.0532
------------------------- time cost ------------------------- 7.387616872787476
------------------------- time cost ------------------------- 6.273706436157227
------------------------- time cost ------------------------- 6.243194580078125
------------------------- time cost ------------------------- 6.368425130844116
------------------------- time cost ------------------------- 6.420015811920166
------------------------- time cost ------------------------- 6.28448486328125
------------------------- time cost ------------------------- 6.333761215209961
------------------------- time cost ------------------------- 6.3724610805511475
------------------------- time cost ------------------------- 6.342620849609375
------------------------- time cost ------------------------- 6.413952350616455

-------------Round number: 90-------------

Evaluate global model
Averaged Train Loss: 0.4663
Averaged Test Accuracy: 0.7836
Averaged Test AUC: 0.7730
Averaged Test Precision: 0.7793
Averaged Test Recall: 0.7836
Averaged Test F1-Score: 0.7581
Std Test Accuracy: 0.0717
Std Test AUC: 0.0524
------------------------- time cost ------------------------- 7.519346714019775
------------------------- time cost ------------------------- 6.398709297180176
------------------------- time cost ------------------------- 6.429281949996948
------------------------- time cost ------------------------- 6.437692642211914
------------------------- time cost ------------------------- 6.422455310821533
------------------------- time cost ------------------------- 6.873798847198486
------------------------- time cost ------------------------- 6.271189451217651
------------------------- time cost ------------------------- 6.082034111022949
------------------------- time cost ------------------------- 6.397692680358887
------------------------- time cost ------------------------- 6.519475936889648

-------------Round number: 100-------------

Evaluate global model
Averaged Train Loss: 0.4650
Averaged Test Accuracy: 0.7860
Averaged Test AUC: 0.7736
Averaged Test Precision: 0.7816
Averaged Test Recall: 0.7860
Averaged Test F1-Score: 0.7618
Std Test Accuracy: 0.0683
Std Test AUC: 0.0514
------------------------- time cost ------------------------- 7.416868448257446

Best accuracy.
0.786

Average time cost per round.
6.476982204914093
File path: results/Uci_FedAvg_test/Uci_FedAvg_test_0.h5
Training process CSV file path: results/Uci_FedAvg_test/Uci_FedAvg_test_0_training_process.csv
Training process data saved to: results/Uci_FedAvg_test/Uci_FedAvg_test_0_training_process.csv

平均训练时间: 656.94秒
