实验: Uci_iid_little_Krum_run1
物理GPU ID: 2
CUDA_VISIBLE_DEVICES: 2
时间: 2026-01-24 21:04:32
命令: /miniconda3/bin/python flcore/main.py -data Uci -algo FedAvg -nc 10 -gr 100 -ls 5 -lbs 64 -lr 0.01 -eg 10 -t 1 --heterogeneity iid --enable_attack True --attack_mode little --malicious_ratio 0.3 --defense_mode krum --use_tlbo False --tlbo_iterations 10 --use_autoencoder False --use_committee False
工作目录: /root/DecisionSupportSystem-FedACT/system

[GPU] 使用环境变量指定的GPU: CUDA_VISIBLE_DEVICES=2
============================================================
实验配置:
============================================================
  goal: test
  device: cuda
  device_id: 0
  dataset: Uci
  heterogeneity: iid
  model: auto
  num_classes: 2
  batch_size: 64
  local_learning_rate: 0.01
  global_rounds: 100
  local_epochs: 5
  algorithm: FedAvg
  num_clients: 10
  join_ratio: 1.0
  random_join_ratio: False
  prev: 0
  times: 1
  eval_gap: 10
  save_folder_name: results
  learning_rate_decay: False
  learning_rate_decay_gamma: 0.99
  few_shot: 0
  time_select: False
  time_threthold: 10000
  top_cnt: 100
  auto_break: False
  client_drop_rate: 0.0
  train_slow_rate: 0.0
  send_slow_rate: 0.0
  dlg_eval: False
  dlg_gap: 100
  batch_num_per_client: 2
  num_new_clients: 0
  fine_tuning_epoch_new: 0
  mu: 0.01
  beta: 0.0
  lamda: 1.0
  tau: 1.0
  plocal_epochs: 1
  server_learning_rate: 1.0
  enable_attack: True
  attack_mode: little
  malicious_ratio: 0.3
  attack_scale: 3.0
  defense_mode: krum
  use_autoencoder: False
  autoencoder_latent_dim: 64
  autoencoder_epochs: 20
  committee_size: 5
  vote_threshold: 0.5
  anomaly_threshold: 0.5
  anomaly_lower_coef: 0.7
  anomaly_upper_coef: 1.5
  use_committee: False
  tlbo_iterations: 10
  use_tlbo: False
  use_merkle: True
  use_incentive: True
============================================================

============= 第 1 次实验 =============
正在初始化服务器和客户端...
数据集: Uci, 特征维度: 23
模型参数量: 189,330

Join ratio / total clients: 1.0 / 10
Finished creating server and clients.

-------------Round number: 0-------------

Evaluate global model
Averaged Train Loss: 0.6905
Averaged Test Accuracy: 0.5856
Averaged Test AUC: 0.5178
Averaged Test Precision: 0.6416
Averaged Test Recall: 0.5856
Averaged Test F1-Score: 0.5989
Std Test Accuracy: 0.1062
Std Test AUC: 0.0476
------------------------- time cost ------------------------- 7.497514724731445
------------------------- time cost ------------------------- 6.234101295471191
------------------------- time cost ------------------------- 6.195716381072998
------------------------- time cost ------------------------- 6.221322536468506
------------------------- time cost ------------------------- 6.331546068191528
------------------------- time cost ------------------------- 6.161952972412109
------------------------- time cost ------------------------- 6.139854431152344
------------------------- time cost ------------------------- 6.2610015869140625
------------------------- time cost ------------------------- 6.239422559738159
------------------------- time cost ------------------------- 6.256032705307007

-------------Round number: 10-------------

Evaluate global model
Averaged Train Loss: 0.4939
Averaged Test Accuracy: 0.7412
Averaged Test AUC: 0.7417
Averaged Test Precision: 0.7290
Averaged Test Recall: 0.7412
Averaged Test F1-Score: 0.6487
Std Test Accuracy: 0.1016
Std Test AUC: 0.0622
------------------------- time cost ------------------------- 7.630731821060181
------------------------- time cost ------------------------- 6.386325836181641
------------------------- time cost ------------------------- 6.277380466461182
------------------------- time cost ------------------------- 6.175380706787109
------------------------- time cost ------------------------- 6.266598701477051
------------------------- time cost ------------------------- 6.448446750640869
------------------------- time cost ------------------------- 6.133458852767944
------------------------- time cost ------------------------- 6.227328777313232
------------------------- time cost ------------------------- 6.324843168258667
------------------------- time cost ------------------------- 6.211122512817383

-------------Round number: 20-------------

Evaluate global model
Averaged Train Loss: 0.4737
Averaged Test Accuracy: 0.7773
Averaged Test AUC: 0.7550
Averaged Test Precision: 0.7747
Averaged Test Recall: 0.7773
Averaged Test F1-Score: 0.7399
Std Test Accuracy: 0.0808
Std Test AUC: 0.0615
------------------------- time cost ------------------------- 7.561618328094482
------------------------- time cost ------------------------- 6.385828971862793
------------------------- time cost ------------------------- 6.287640333175659
------------------------- time cost ------------------------- 6.185595989227295
------------------------- time cost ------------------------- 6.14426326751709
------------------------- time cost ------------------------- 6.36577582359314
------------------------- time cost ------------------------- 6.233160018920898
------------------------- time cost ------------------------- 6.178027153015137
------------------------- time cost ------------------------- 6.365509748458862
------------------------- time cost ------------------------- 6.283810377120972

-------------Round number: 30-------------

Evaluate global model
Averaged Train Loss: 0.4711
Averaged Test Accuracy: 0.7797
Averaged Test AUC: 0.7614
Averaged Test Precision: 0.7749
Averaged Test Recall: 0.7797
Averaged Test F1-Score: 0.7484
Std Test Accuracy: 0.0773
Std Test AUC: 0.0600
------------------------- time cost ------------------------- 7.334771633148193
------------------------- time cost ------------------------- 6.447917699813843
------------------------- time cost ------------------------- 6.349570274353027
------------------------- time cost ------------------------- 6.246380805969238
------------------------- time cost ------------------------- 6.261770486831665
------------------------- time cost ------------------------- 6.275628566741943
------------------------- time cost ------------------------- 6.328648090362549
------------------------- time cost ------------------------- 6.244122266769409
------------------------- time cost ------------------------- 6.311368703842163
------------------------- time cost ------------------------- 6.294487714767456

-------------Round number: 40-------------

Evaluate global model
Averaged Train Loss: 0.4694
Averaged Test Accuracy: 0.7819
Averaged Test AUC: 0.7649
Averaged Test Precision: 0.7766
Averaged Test Recall: 0.7819
Averaged Test F1-Score: 0.7526
Std Test Accuracy: 0.0732
Std Test AUC: 0.0588
------------------------- time cost ------------------------- 7.669235706329346
------------------------- time cost ------------------------- 6.319187164306641
------------------------- time cost ------------------------- 6.304179906845093
------------------------- time cost ------------------------- 6.192101240158081
------------------------- time cost ------------------------- 6.354885101318359
------------------------- time cost ------------------------- 6.2398223876953125
------------------------- time cost ------------------------- 6.300745487213135
------------------------- time cost ------------------------- 6.232843637466431
------------------------- time cost ------------------------- 6.379299879074097
------------------------- time cost ------------------------- 6.328288316726685

-------------Round number: 50-------------

Evaluate global model
Averaged Train Loss: 0.4689
Averaged Test Accuracy: 0.7809
Averaged Test AUC: 0.7671
Averaged Test Precision: 0.7788
Averaged Test Recall: 0.7809
Averaged Test F1-Score: 0.7517
Std Test Accuracy: 0.0764
Std Test AUC: 0.0565
------------------------- time cost ------------------------- 7.450457572937012
------------------------- time cost ------------------------- 6.427589416503906
------------------------- time cost ------------------------- 6.329918622970581
------------------------- time cost ------------------------- 6.247240304946899
------------------------- time cost ------------------------- 6.290999174118042
------------------------- time cost ------------------------- 6.2150232791900635
------------------------- time cost ------------------------- 6.225860834121704
------------------------- time cost ------------------------- 6.29980206489563
------------------------- time cost ------------------------- 6.358205080032349
------------------------- time cost ------------------------- 6.350287437438965

-------------Round number: 60-------------

Evaluate global model
Averaged Train Loss: 0.4668
Averaged Test Accuracy: 0.7857
Averaged Test AUC: 0.7691
Averaged Test Precision: 0.7809
Averaged Test Recall: 0.7857
Averaged Test F1-Score: 0.7583
Std Test Accuracy: 0.0698
Std Test AUC: 0.0550
------------------------- time cost ------------------------- 7.4468560218811035
------------------------- time cost ------------------------- 6.282723903656006
------------------------- time cost ------------------------- 6.22693657875061
------------------------- time cost ------------------------- 6.17302393913269
------------------------- time cost ------------------------- 6.18324613571167
------------------------- time cost ------------------------- 6.177756309509277
------------------------- time cost ------------------------- 6.292437553405762
------------------------- time cost ------------------------- 6.435413837432861
------------------------- time cost ------------------------- 6.343852758407593
------------------------- time cost ------------------------- 6.296507358551025

-------------Round number: 70-------------

Evaluate global model
Averaged Train Loss: 0.4687
Averaged Test Accuracy: 0.7781
Averaged Test AUC: 0.7710
Averaged Test Precision: 0.7770
Averaged Test Recall: 0.7781
Averaged Test F1-Score: 0.7472
Std Test Accuracy: 0.0777
Std Test AUC: 0.0540
------------------------- time cost ------------------------- 7.465337514877319
------------------------- time cost ------------------------- 6.387536525726318
------------------------- time cost ------------------------- 6.3380961418151855
------------------------- time cost ------------------------- 6.1494996547698975
------------------------- time cost ------------------------- 6.166989326477051
------------------------- time cost ------------------------- 6.328840732574463
------------------------- time cost ------------------------- 6.175605535507202
------------------------- time cost ------------------------- 6.1754937171936035
------------------------- time cost ------------------------- 6.432340621948242
------------------------- time cost ------------------------- 6.207998275756836

-------------Round number: 80-------------

Evaluate global model
Averaged Train Loss: 0.4666
Averaged Test Accuracy: 0.7859
Averaged Test AUC: 0.7713
Averaged Test Precision: 0.7787
Averaged Test Recall: 0.7859
Averaged Test F1-Score: 0.7604
Std Test Accuracy: 0.0661
Std Test AUC: 0.0537
------------------------- time cost ------------------------- 7.457271337509155
------------------------- time cost ------------------------- 6.549732685089111
------------------------- time cost ------------------------- 6.359561204910278
------------------------- time cost ------------------------- 6.239395380020142
------------------------- time cost ------------------------- 6.233297824859619
------------------------- time cost ------------------------- 6.224604368209839
------------------------- time cost ------------------------- 6.22940993309021
------------------------- time cost ------------------------- 6.104255676269531
------------------------- time cost ------------------------- 6.368736982345581
------------------------- time cost ------------------------- 6.330645322799683

-------------Round number: 90-------------

Evaluate global model
Averaged Train Loss: 0.4686
Averaged Test Accuracy: 0.7797
Averaged Test AUC: 0.7722
Averaged Test Precision: 0.7772
Averaged Test Recall: 0.7797
Averaged Test F1-Score: 0.7514
Std Test Accuracy: 0.0748
Std Test AUC: 0.0532
------------------------- time cost ------------------------- 7.407656192779541
------------------------- time cost ------------------------- 6.463288307189941
------------------------- time cost ------------------------- 6.246208429336548
------------------------- time cost ------------------------- 6.339585542678833
------------------------- time cost ------------------------- 6.241192102432251
------------------------- time cost ------------------------- 6.3135459423065186
------------------------- time cost ------------------------- 6.3122172355651855
------------------------- time cost ------------------------- 6.186202049255371
------------------------- time cost ------------------------- 6.240968942642212
------------------------- time cost ------------------------- 6.518110752105713

-------------Round number: 100-------------

Evaluate global model
Averaged Train Loss: 0.4667
Averaged Test Accuracy: 0.7799
Averaged Test AUC: 0.7735
Averaged Test Precision: 0.7765
Averaged Test Recall: 0.7799
Averaged Test F1-Score: 0.7497
Std Test Accuracy: 0.0773
Std Test AUC: 0.0520
------------------------- time cost ------------------------- 7.49149751663208

Best accuracy.
0.7858666666666667

Average time cost per round.
6.402683131694793
File path: results/Uci_FedAvg_test/Uci_FedAvg_test_0.h5
Training process CSV file path: results/Uci_FedAvg_test/Uci_FedAvg_test_0_training_process.csv
Training process data saved to: results/Uci_FedAvg_test/Uci_FedAvg_test_0_training_process.csv

平均训练时间: 649.5秒
