实验: Uci_quantity_skew_trim_attack_Krum_run1
物理GPU ID: 1
CUDA_VISIBLE_DEVICES: 1
时间: 2026-01-24 23:05:16
命令: /miniconda3/bin/python flcore/main.py -data Uci -algo FedAvg -nc 10 -gr 100 -ls 5 -lbs 64 -lr 0.01 -eg 10 -t 1 --heterogeneity quantity_skew --enable_attack True --attack_mode trim_attack --malicious_ratio 0.3 --defense_mode krum --use_tlbo False --tlbo_iterations 10 --use_autoencoder False --use_committee False
工作目录: /root/DecisionSupportSystem-FedACT/system

[GPU] 使用环境变量指定的GPU: CUDA_VISIBLE_DEVICES=1
============================================================
实验配置:
============================================================
  goal: test
  device: cuda
  device_id: 0
  dataset: Uci
  heterogeneity: quantity_skew
  model: auto
  num_classes: 2
  batch_size: 64
  local_learning_rate: 0.01
  global_rounds: 100
  local_epochs: 5
  algorithm: FedAvg
  num_clients: 10
  join_ratio: 1.0
  random_join_ratio: False
  prev: 0
  times: 1
  eval_gap: 10
  save_folder_name: results
  learning_rate_decay: False
  learning_rate_decay_gamma: 0.99
  few_shot: 0
  time_select: False
  time_threthold: 10000
  top_cnt: 100
  auto_break: False
  client_drop_rate: 0.0
  train_slow_rate: 0.0
  send_slow_rate: 0.0
  dlg_eval: False
  dlg_gap: 100
  batch_num_per_client: 2
  num_new_clients: 0
  fine_tuning_epoch_new: 0
  mu: 0.01
  beta: 0.0
  lamda: 1.0
  tau: 1.0
  plocal_epochs: 1
  server_learning_rate: 1.0
  enable_attack: True
  attack_mode: trim_attack
  malicious_ratio: 0.3
  attack_scale: 3.0
  defense_mode: krum
  use_autoencoder: False
  autoencoder_latent_dim: 64
  autoencoder_epochs: 20
  committee_size: 5
  vote_threshold: 0.5
  anomaly_threshold: 0.5
  anomaly_lower_coef: 0.7
  anomaly_upper_coef: 1.5
  use_committee: False
  tlbo_iterations: 10
  use_tlbo: False
  use_merkle: True
  use_incentive: True
============================================================

============= 第 1 次实验 =============
正在初始化服务器和客户端...
数据集: Uci, 特征维度: 23
模型参数量: 189,330

Join ratio / total clients: 1.0 / 10
Finished creating server and clients.

-------------Round number: 0-------------

Evaluate global model
Averaged Train Loss: 0.6905
Averaged Test Accuracy: 0.5856
Averaged Test AUC: 0.5178
Averaged Test Precision: 0.6416
Averaged Test Recall: 0.5856
Averaged Test F1-Score: 0.5989
Std Test Accuracy: 0.1062
Std Test AUC: 0.0476
------------------------- time cost ------------------------- 7.659835577011108
------------------------- time cost ------------------------- 6.50642991065979
------------------------- time cost ------------------------- 6.234347343444824
------------------------- time cost ------------------------- 6.48986029624939
------------------------- time cost ------------------------- 6.6153645515441895
------------------------- time cost ------------------------- 6.453226804733276
------------------------- time cost ------------------------- 6.424677848815918
------------------------- time cost ------------------------- 6.364804983139038
------------------------- time cost ------------------------- 6.412235975265503
------------------------- time cost ------------------------- 6.35659122467041

-------------Round number: 10-------------

Evaluate global model
Averaged Train Loss: 0.4938
Averaged Test Accuracy: 0.7417
Averaged Test AUC: 0.7425
Averaged Test Precision: 0.7206
Averaged Test Recall: 0.7417
Averaged Test F1-Score: 0.6508
Std Test Accuracy: 0.1009
Std Test AUC: 0.0620
------------------------- time cost ------------------------- 7.539120674133301
------------------------- time cost ------------------------- 6.538502216339111
------------------------- time cost ------------------------- 6.357735633850098
------------------------- time cost ------------------------- 6.360507965087891
------------------------- time cost ------------------------- 6.3456666469573975
------------------------- time cost ------------------------- 6.5635364055633545
------------------------- time cost ------------------------- 6.396674156188965
------------------------- time cost ------------------------- 6.339900732040405
------------------------- time cost ------------------------- 6.370146036148071
------------------------- time cost ------------------------- 6.4462385177612305

-------------Round number: 20-------------

Evaluate global model
Averaged Train Loss: 0.4729
Averaged Test Accuracy: 0.7784
Averaged Test AUC: 0.7554
Averaged Test Precision: 0.7728
Averaged Test Recall: 0.7784
Averaged Test F1-Score: 0.7446
Std Test Accuracy: 0.0799
Std Test AUC: 0.0605
------------------------- time cost ------------------------- 7.561199188232422
------------------------- time cost ------------------------- 6.410567760467529
------------------------- time cost ------------------------- 6.433471918106079
------------------------- time cost ------------------------- 6.377652406692505
------------------------- time cost ------------------------- 6.40731954574585
------------------------- time cost ------------------------- 6.679617881774902
------------------------- time cost ------------------------- 6.269750356674194
------------------------- time cost ------------------------- 6.365486145019531
------------------------- time cost ------------------------- 6.278425216674805
------------------------- time cost ------------------------- 6.391068696975708

-------------Round number: 30-------------

Evaluate global model
Averaged Train Loss: 0.4717
Averaged Test Accuracy: 0.7763
Averaged Test AUC: 0.7617
Averaged Test Precision: 0.7750
Averaged Test Recall: 0.7763
Averaged Test F1-Score: 0.7415
Std Test Accuracy: 0.0819
Std Test AUC: 0.0589
------------------------- time cost ------------------------- 7.586434602737427
------------------------- time cost ------------------------- 6.367346286773682
------------------------- time cost ------------------------- 6.294342517852783
------------------------- time cost ------------------------- 6.333360433578491
------------------------- time cost ------------------------- 6.313613414764404
------------------------- time cost ------------------------- 6.434434413909912
------------------------- time cost ------------------------- 6.392110586166382
------------------------- time cost ------------------------- 6.283000946044922
------------------------- time cost ------------------------- 6.223650693893433
------------------------- time cost ------------------------- 6.326403856277466

-------------Round number: 40-------------

Evaluate global model
Averaged Train Loss: 0.4706
Averaged Test Accuracy: 0.7757
Averaged Test AUC: 0.7647
Averaged Test Precision: 0.7740
Averaged Test Recall: 0.7757
Averaged Test F1-Score: 0.7427
Std Test Accuracy: 0.0807
Std Test AUC: 0.0586
------------------------- time cost ------------------------- 7.453619956970215
------------------------- time cost ------------------------- 6.3968212604522705
------------------------- time cost ------------------------- 6.427836179733276
------------------------- time cost ------------------------- 6.4346795082092285
------------------------- time cost ------------------------- 6.190485954284668
------------------------- time cost ------------------------- 6.310049533843994
------------------------- time cost ------------------------- 6.35098671913147
------------------------- time cost ------------------------- 6.270654678344727
------------------------- time cost ------------------------- 6.306917190551758
------------------------- time cost ------------------------- 6.211011648178101

-------------Round number: 50-------------

Evaluate global model
Averaged Train Loss: 0.4673
Averaged Test Accuracy: 0.7839
Averaged Test AUC: 0.7676
Averaged Test Precision: 0.7778
Averaged Test Recall: 0.7839
Averaged Test F1-Score: 0.7564
Std Test Accuracy: 0.0726
Std Test AUC: 0.0567
------------------------- time cost ------------------------- 7.48527455329895
------------------------- time cost ------------------------- 6.520169019699097
------------------------- time cost ------------------------- 6.301594972610474
------------------------- time cost ------------------------- 6.4256885051727295
------------------------- time cost ------------------------- 6.301703691482544
------------------------- time cost ------------------------- 6.382497072219849
------------------------- time cost ------------------------- 6.344594240188599
------------------------- time cost ------------------------- 6.351361989974976
------------------------- time cost ------------------------- 6.295831918716431
------------------------- time cost ------------------------- 6.2574334144592285

-------------Round number: 60-------------

Evaluate global model
Averaged Train Loss: 0.4674
Averaged Test Accuracy: 0.7789
Averaged Test AUC: 0.7699
Averaged Test Precision: 0.7768
Averaged Test Recall: 0.7789
Averaged Test F1-Score: 0.7473
Std Test Accuracy: 0.0777
Std Test AUC: 0.0546
------------------------- time cost ------------------------- 7.403833389282227
------------------------- time cost ------------------------- 6.256365537643433
------------------------- time cost ------------------------- 6.285357475280762
------------------------- time cost ------------------------- 6.281084775924683
------------------------- time cost ------------------------- 6.443442344665527
------------------------- time cost ------------------------- 6.371988296508789
------------------------- time cost ------------------------- 6.334325551986694
------------------------- time cost ------------------------- 6.463624477386475
------------------------- time cost ------------------------- 6.2527735233306885
------------------------- time cost ------------------------- 6.283846378326416

-------------Round number: 70-------------

Evaluate global model
Averaged Train Loss: 0.4684
Averaged Test Accuracy: 0.7816
Averaged Test AUC: 0.7703
Averaged Test Precision: 0.7781
Averaged Test Recall: 0.7816
Averaged Test F1-Score: 0.7528
Std Test Accuracy: 0.0761
Std Test AUC: 0.0545
------------------------- time cost ------------------------- 7.367701530456543
------------------------- time cost ------------------------- 6.32321834564209
------------------------- time cost ------------------------- 6.182277202606201
------------------------- time cost ------------------------- 6.301414728164673
------------------------- time cost ------------------------- 6.459573745727539
------------------------- time cost ------------------------- 6.317270994186401
------------------------- time cost ------------------------- 6.395860910415649
------------------------- time cost ------------------------- 6.252054452896118
------------------------- time cost ------------------------- 6.3236517906188965
------------------------- time cost ------------------------- 6.337620496749878

-------------Round number: 80-------------

Evaluate global model
Averaged Train Loss: 0.4682
Averaged Test Accuracy: 0.7843
Averaged Test AUC: 0.7707
Averaged Test Precision: 0.7791
Averaged Test Recall: 0.7843
Averaged Test F1-Score: 0.7595
Std Test Accuracy: 0.0682
Std Test AUC: 0.0550
------------------------- time cost ------------------------- 7.312086343765259
------------------------- time cost ------------------------- 6.361250400543213
------------------------- time cost ------------------------- 6.28150749206543
------------------------- time cost ------------------------- 6.272806406021118
------------------------- time cost ------------------------- 6.367260694503784
------------------------- time cost ------------------------- 6.41050386428833
------------------------- time cost ------------------------- 6.487560987472534
------------------------- time cost ------------------------- 6.303249835968018
------------------------- time cost ------------------------- 6.448734760284424
------------------------- time cost ------------------------- 6.399733304977417

-------------Round number: 90-------------

Evaluate global model
Averaged Train Loss: 0.4675
Averaged Test Accuracy: 0.7833
Averaged Test AUC: 0.7722
Averaged Test Precision: 0.7789
Averaged Test Recall: 0.7833
Averaged Test F1-Score: 0.7580
Std Test Accuracy: 0.0704
Std Test AUC: 0.0530
------------------------- time cost ------------------------- 7.360092401504517
------------------------- time cost ------------------------- 6.525657892227173
------------------------- time cost ------------------------- 6.05908203125
------------------------- time cost ------------------------- 6.212637662887573
------------------------- time cost ------------------------- 6.291326522827148
------------------------- time cost ------------------------- 5.920442581176758
------------------------- time cost ------------------------- 6.340511083602905
------------------------- time cost ------------------------- 6.016759157180786
------------------------- time cost ------------------------- 6.420551538467407
------------------------- time cost ------------------------- 6.3748016357421875

-------------Round number: 100-------------

Evaluate global model
Averaged Train Loss: 0.4664
Averaged Test Accuracy: 0.7820
Averaged Test AUC: 0.7729
Averaged Test Precision: 0.7785
Averaged Test Recall: 0.7820
Averaged Test F1-Score: 0.7550
Std Test Accuracy: 0.0726
Std Test AUC: 0.0525
------------------------- time cost ------------------------- 7.248341083526611

Best accuracy.
0.7842666666666667

Average time cost per round.
6.459162204265595
File path: results/Uci_FedAvg_test/Uci_FedAvg_test_0.h5
Training process CSV file path: results/Uci_FedAvg_test/Uci_FedAvg_test_0_training_process.csv
Training process data saved to: results/Uci_FedAvg_test/Uci_FedAvg_test_0_training_process.csv

平均训练时间: 654.88秒
