实验: Uci_quantity_skew_collision_Bulyan_run1
物理GPU ID: 0
CUDA_VISIBLE_DEVICES: 0
时间: 2026-01-24 23:26:39
命令: /miniconda3/bin/python flcore/main.py -data Uci -algo FedAvg -nc 10 -gr 100 -ls 5 -lbs 64 -lr 0.01 -eg 10 -t 1 --heterogeneity quantity_skew --enable_attack True --attack_mode collision --malicious_ratio 0.3 --defense_mode bulyan --use_tlbo False --tlbo_iterations 10 --use_autoencoder False --use_committee False
工作目录: /root/DecisionSupportSystem-FedACT/system

[GPU] 使用环境变量指定的GPU: CUDA_VISIBLE_DEVICES=0
============================================================
实验配置:
============================================================
  goal: test
  device: cuda
  device_id: 0
  dataset: Uci
  heterogeneity: quantity_skew
  model: auto
  num_classes: 2
  batch_size: 64
  local_learning_rate: 0.01
  global_rounds: 100
  local_epochs: 5
  algorithm: FedAvg
  num_clients: 10
  join_ratio: 1.0
  random_join_ratio: False
  prev: 0
  times: 1
  eval_gap: 10
  save_folder_name: results
  learning_rate_decay: False
  learning_rate_decay_gamma: 0.99
  few_shot: 0
  time_select: False
  time_threthold: 10000
  top_cnt: 100
  auto_break: False
  client_drop_rate: 0.0
  train_slow_rate: 0.0
  send_slow_rate: 0.0
  dlg_eval: False
  dlg_gap: 100
  batch_num_per_client: 2
  num_new_clients: 0
  fine_tuning_epoch_new: 0
  mu: 0.01
  beta: 0.0
  lamda: 1.0
  tau: 1.0
  plocal_epochs: 1
  server_learning_rate: 1.0
  enable_attack: True
  attack_mode: collision
  malicious_ratio: 0.3
  attack_scale: 3.0
  defense_mode: bulyan
  use_autoencoder: False
  autoencoder_latent_dim: 64
  autoencoder_epochs: 20
  committee_size: 5
  vote_threshold: 0.5
  anomaly_threshold: 0.5
  anomaly_lower_coef: 0.7
  anomaly_upper_coef: 1.5
  use_committee: False
  tlbo_iterations: 10
  use_tlbo: False
  use_merkle: True
  use_incentive: True
============================================================

============= 第 1 次实验 =============
正在初始化服务器和客户端...
数据集: Uci, 特征维度: 23
模型参数量: 189,330

Join ratio / total clients: 1.0 / 10
Finished creating server and clients.

-------------Round number: 0-------------

Evaluate global model
Averaged Train Loss: 0.6905
Averaged Test Accuracy: 0.5856
Averaged Test AUC: 0.5178
Averaged Test Precision: 0.6416
Averaged Test Recall: 0.5856
Averaged Test F1-Score: 0.5989
Std Test Accuracy: 0.1062
Std Test AUC: 0.0476
------------------------- time cost ------------------------- 7.70710015296936
------------------------- time cost ------------------------- 6.310855388641357
------------------------- time cost ------------------------- 6.409846067428589
------------------------- time cost ------------------------- 6.467468976974487
------------------------- time cost ------------------------- 6.472369194030762
------------------------- time cost ------------------------- 6.474641799926758
------------------------- time cost ------------------------- 6.5169126987457275
------------------------- time cost ------------------------- 6.263455390930176
------------------------- time cost ------------------------- 6.440847635269165
------------------------- time cost ------------------------- 6.3509650230407715

-------------Round number: 10-------------

Evaluate global model
Averaged Train Loss: 0.4942
Averaged Test Accuracy: 0.7427
Averaged Test AUC: 0.7425
Averaged Test Precision: 0.7517
Averaged Test Recall: 0.7427
Averaged Test F1-Score: 0.6532
Std Test Accuracy: 0.1018
Std Test AUC: 0.0613
------------------------- time cost ------------------------- 7.528501272201538
------------------------- time cost ------------------------- 6.406437397003174
------------------------- time cost ------------------------- 6.293245315551758
------------------------- time cost ------------------------- 6.292269706726074
------------------------- time cost ------------------------- 6.32904052734375
------------------------- time cost ------------------------- 6.391573667526245
------------------------- time cost ------------------------- 6.379340171813965
------------------------- time cost ------------------------- 6.43786358833313
------------------------- time cost ------------------------- 6.3838276863098145
------------------------- time cost ------------------------- 6.355862855911255

-------------Round number: 20-------------

Evaluate global model
Averaged Train Loss: 0.4749
Averaged Test Accuracy: 0.7779
Averaged Test AUC: 0.7550
Averaged Test Precision: 0.7742
Averaged Test Recall: 0.7779
Averaged Test F1-Score: 0.7425
Std Test Accuracy: 0.0830
Std Test AUC: 0.0615
------------------------- time cost ------------------------- 7.37379789352417
------------------------- time cost ------------------------- 6.280702352523804
------------------------- time cost ------------------------- 6.2770094871521
------------------------- time cost ------------------------- 6.301145553588867
------------------------- time cost ------------------------- 6.32219386100769
------------------------- time cost ------------------------- 6.3496270179748535
------------------------- time cost ------------------------- 6.346246719360352
------------------------- time cost ------------------------- 6.298965215682983
------------------------- time cost ------------------------- 6.386951923370361
------------------------- time cost ------------------------- 6.416507720947266

-------------Round number: 30-------------

Evaluate global model
Averaged Train Loss: 0.4711
Averaged Test Accuracy: 0.7792
Averaged Test AUC: 0.7613
Averaged Test Precision: 0.7738
Averaged Test Recall: 0.7792
Averaged Test F1-Score: 0.7485
Std Test Accuracy: 0.0783
Std Test AUC: 0.0601
------------------------- time cost ------------------------- 7.584134101867676
------------------------- time cost ------------------------- 6.166614294052124
------------------------- time cost ------------------------- 6.369770288467407
------------------------- time cost ------------------------- 6.369672536849976
------------------------- time cost ------------------------- 6.3590357303619385
------------------------- time cost ------------------------- 6.396989107131958
------------------------- time cost ------------------------- 6.291658878326416
------------------------- time cost ------------------------- 6.260953664779663
------------------------- time cost ------------------------- 6.3028576374053955
------------------------- time cost ------------------------- 6.4498772621154785

-------------Round number: 40-------------

Evaluate global model
Averaged Train Loss: 0.4693
Averaged Test Accuracy: 0.7817
Averaged Test AUC: 0.7645
Averaged Test Precision: 0.7756
Averaged Test Recall: 0.7817
Averaged Test F1-Score: 0.7533
Std Test Accuracy: 0.0721
Std Test AUC: 0.0586
------------------------- time cost ------------------------- 7.33332085609436
------------------------- time cost ------------------------- 6.340410232543945
------------------------- time cost ------------------------- 6.3690266609191895
------------------------- time cost ------------------------- 6.257994890213013
------------------------- time cost ------------------------- 6.3881330490112305
------------------------- time cost ------------------------- 6.353853464126587
------------------------- time cost ------------------------- 6.3594231605529785
------------------------- time cost ------------------------- 6.30077862739563
------------------------- time cost ------------------------- 6.324788570404053
------------------------- time cost ------------------------- 6.486400127410889

-------------Round number: 50-------------

Evaluate global model
Averaged Train Loss: 0.4686
Averaged Test Accuracy: 0.7801
Averaged Test AUC: 0.7671
Averaged Test Precision: 0.7746
Averaged Test Recall: 0.7801
Averaged Test F1-Score: 0.7510
Std Test Accuracy: 0.0752
Std Test AUC: 0.0573
------------------------- time cost ------------------------- 7.652034044265747
------------------------- time cost ------------------------- 6.271392107009888
------------------------- time cost ------------------------- 6.379462242126465
------------------------- time cost ------------------------- 6.246092081069946
------------------------- time cost ------------------------- 6.3779823780059814
------------------------- time cost ------------------------- 6.356739282608032
------------------------- time cost ------------------------- 6.381237983703613
------------------------- time cost ------------------------- 6.28424334526062
------------------------- time cost ------------------------- 6.26803994178772
------------------------- time cost ------------------------- 6.567442178726196

-------------Round number: 60-------------

Evaluate global model
Averaged Train Loss: 0.4683
Averaged Test Accuracy: 0.7828
Averaged Test AUC: 0.7686
Averaged Test Precision: 0.7763
Averaged Test Recall: 0.7828
Averaged Test F1-Score: 0.7552
Std Test Accuracy: 0.0701
Std Test AUC: 0.0557
------------------------- time cost ------------------------- 7.397111654281616
------------------------- time cost ------------------------- 6.3924500942230225
------------------------- time cost ------------------------- 6.250220060348511
------------------------- time cost ------------------------- 6.454347610473633
------------------------- time cost ------------------------- 6.343044996261597
------------------------- time cost ------------------------- 6.3150694370269775
------------------------- time cost ------------------------- 6.389039516448975
------------------------- time cost ------------------------- 6.253948211669922
------------------------- time cost ------------------------- 6.352589845657349
------------------------- time cost ------------------------- 6.38559365272522

-------------Round number: 70-------------

Evaluate global model
Averaged Train Loss: 0.4678
Averaged Test Accuracy: 0.7832
Averaged Test AUC: 0.7701
Averaged Test Precision: 0.7774
Averaged Test Recall: 0.7832
Averaged Test F1-Score: 0.7565
Std Test Accuracy: 0.0701
Std Test AUC: 0.0548
------------------------- time cost ------------------------- 7.564972162246704
------------------------- time cost ------------------------- 6.348157167434692
------------------------- time cost ------------------------- 6.351781606674194
------------------------- time cost ------------------------- 6.4278388023376465
------------------------- time cost ------------------------- 6.4217400550842285
------------------------- time cost ------------------------- 6.30623459815979
------------------------- time cost ------------------------- 6.346334934234619
------------------------- time cost ------------------------- 6.20030665397644
------------------------- time cost ------------------------- 6.293354749679565
------------------------- time cost ------------------------- 6.3873817920684814

-------------Round number: 80-------------

Evaluate global model
Averaged Train Loss: 0.4682
Averaged Test Accuracy: 0.7809
Averaged Test AUC: 0.7720
Averaged Test Precision: 0.7787
Averaged Test Recall: 0.7809
Averaged Test F1-Score: 0.7522
Std Test Accuracy: 0.0747
Std Test AUC: 0.0530
------------------------- time cost ------------------------- 7.3298139572143555
------------------------- time cost ------------------------- 6.291025638580322
------------------------- time cost ------------------------- 6.381607532501221
------------------------- time cost ------------------------- 6.3588762283325195
------------------------- time cost ------------------------- 6.460012197494507
------------------------- time cost ------------------------- 6.29945182800293
------------------------- time cost ------------------------- 6.279947519302368
------------------------- time cost ------------------------- 6.252516031265259
------------------------- time cost ------------------------- 6.363558053970337
------------------------- time cost ------------------------- 6.521301984786987

-------------Round number: 90-------------

Evaluate global model
Averaged Train Loss: 0.4681
Averaged Test Accuracy: 0.7783
Averaged Test AUC: 0.7724
Averaged Test Precision: 0.7753
Averaged Test Recall: 0.7783
Averaged Test F1-Score: 0.7475
Std Test Accuracy: 0.0775
Std Test AUC: 0.0533
------------------------- time cost ------------------------- 7.365495681762695
------------------------- time cost ------------------------- 6.316586017608643
------------------------- time cost ------------------------- 6.264829874038696
------------------------- time cost ------------------------- 6.4731667041778564
------------------------- time cost ------------------------- 6.4398558139801025
------------------------- time cost ------------------------- 7.021080255508423
------------------------- time cost ------------------------- 6.53406548500061
------------------------- time cost ------------------------- 6.37741231918335
------------------------- time cost ------------------------- 6.437588453292847
------------------------- time cost ------------------------- 6.4357008934021

-------------Round number: 100-------------

Evaluate global model
Averaged Train Loss: 0.4652
Averaged Test Accuracy: 0.7861
Averaged Test AUC: 0.7726
Averaged Test Precision: 0.7808
Averaged Test Recall: 0.7861
Averaged Test F1-Score: 0.7612
Std Test Accuracy: 0.0684
Std Test AUC: 0.0530
------------------------- time cost ------------------------- 7.430147886276245

Best accuracy.
0.7861333333333334

Average time cost per round.
6.475243887901306
File path: results/Uci_FedAvg_test/Uci_FedAvg_test_0.h5
Training process CSV file path: results/Uci_FedAvg_test/Uci_FedAvg_test_0_training_process.csv
Training process data saved to: results/Uci_FedAvg_test/Uci_FedAvg_test_0_training_process.csv

平均训练时间: 656.45秒
