实验: Uci_quantity_skew_label_flip_RFA_run1
物理GPU ID: 2
CUDA_VISIBLE_DEVICES: 2
时间: 2026-01-24 23:15:39
命令: /miniconda3/bin/python flcore/main.py -data Uci -algo FedAvg -nc 10 -gr 100 -ls 5 -lbs 64 -lr 0.01 -eg 10 -t 1 --heterogeneity quantity_skew --enable_attack True --attack_mode label_flip --malicious_ratio 0.3 --defense_mode rfa --use_tlbo False --tlbo_iterations 10 --use_autoencoder False --use_committee False
工作目录: /root/DecisionSupportSystem-FedACT/system

[GPU] 使用环境变量指定的GPU: CUDA_VISIBLE_DEVICES=2
============================================================
实验配置:
============================================================
  goal: test
  device: cuda
  device_id: 0
  dataset: Uci
  heterogeneity: quantity_skew
  model: auto
  num_classes: 2
  batch_size: 64
  local_learning_rate: 0.01
  global_rounds: 100
  local_epochs: 5
  algorithm: FedAvg
  num_clients: 10
  join_ratio: 1.0
  random_join_ratio: False
  prev: 0
  times: 1
  eval_gap: 10
  save_folder_name: results
  learning_rate_decay: False
  learning_rate_decay_gamma: 0.99
  few_shot: 0
  time_select: False
  time_threthold: 10000
  top_cnt: 100
  auto_break: False
  client_drop_rate: 0.0
  train_slow_rate: 0.0
  send_slow_rate: 0.0
  dlg_eval: False
  dlg_gap: 100
  batch_num_per_client: 2
  num_new_clients: 0
  fine_tuning_epoch_new: 0
  mu: 0.01
  beta: 0.0
  lamda: 1.0
  tau: 1.0
  plocal_epochs: 1
  server_learning_rate: 1.0
  enable_attack: True
  attack_mode: label_flip
  malicious_ratio: 0.3
  attack_scale: 3.0
  defense_mode: rfa
  use_autoencoder: False
  autoencoder_latent_dim: 64
  autoencoder_epochs: 20
  committee_size: 5
  vote_threshold: 0.5
  anomaly_threshold: 0.5
  anomaly_lower_coef: 0.7
  anomaly_upper_coef: 1.5
  use_committee: False
  tlbo_iterations: 10
  use_tlbo: False
  use_merkle: True
  use_incentive: True
============================================================

============= 第 1 次实验 =============
正在初始化服务器和客户端...
数据集: Uci, 特征维度: 23
模型参数量: 189,330

Join ratio / total clients: 1.0 / 10
Finished creating server and clients.

-------------Round number: 0-------------

Evaluate global model
Averaged Train Loss: 0.6905
Averaged Test Accuracy: 0.5856
Averaged Test AUC: 0.5178
Averaged Test Precision: 0.6416
Averaged Test Recall: 0.5856
Averaged Test F1-Score: 0.5989
Std Test Accuracy: 0.1062
Std Test AUC: 0.0476
------------------------- time cost ------------------------- 8.300174236297607
------------------------- time cost ------------------------- 6.224341869354248
------------------------- time cost ------------------------- 6.447125196456909
------------------------- time cost ------------------------- 6.4392335414886475
------------------------- time cost ------------------------- 6.542432546615601
------------------------- time cost ------------------------- 6.547423362731934
------------------------- time cost ------------------------- 6.559909820556641
------------------------- time cost ------------------------- 6.482175588607788
------------------------- time cost ------------------------- 6.263575315475464
------------------------- time cost ------------------------- 6.344674348831177

-------------Round number: 10-------------

Evaluate global model
Averaged Train Loss: 0.4950
Averaged Test Accuracy: 0.7405
Averaged Test AUC: 0.7416
Averaged Test Precision: 0.7227
Averaged Test Recall: 0.7405
Averaged Test F1-Score: 0.6476
Std Test Accuracy: 0.1020
Std Test AUC: 0.0620
------------------------- time cost ------------------------- 7.508805274963379
------------------------- time cost ------------------------- 6.420948505401611
------------------------- time cost ------------------------- 6.40980863571167
------------------------- time cost ------------------------- 6.300455331802368
------------------------- time cost ------------------------- 6.362077951431274
------------------------- time cost ------------------------- 6.49055027961731
------------------------- time cost ------------------------- 6.3152008056640625
------------------------- time cost ------------------------- 6.437577486038208
------------------------- time cost ------------------------- 6.24048924446106
------------------------- time cost ------------------------- 6.2816691398620605

-------------Round number: 20-------------

Evaluate global model
Averaged Train Loss: 0.4751
Averaged Test Accuracy: 0.7773
Averaged Test AUC: 0.7548
Averaged Test Precision: 0.7749
Averaged Test Recall: 0.7773
Averaged Test F1-Score: 0.7414
Std Test Accuracy: 0.0828
Std Test AUC: 0.0613
------------------------- time cost ------------------------- 7.309732437133789
------------------------- time cost ------------------------- 6.32841157913208
------------------------- time cost ------------------------- 6.459735631942749
------------------------- time cost ------------------------- 6.36956787109375
------------------------- time cost ------------------------- 6.301440954208374
------------------------- time cost ------------------------- 6.470303535461426
------------------------- time cost ------------------------- 6.397068023681641
------------------------- time cost ------------------------- 6.341626882553101
------------------------- time cost ------------------------- 6.350225925445557
------------------------- time cost ------------------------- 6.384396076202393

-------------Round number: 30-------------

Evaluate global model
Averaged Train Loss: 0.4721
Averaged Test Accuracy: 0.7765
Averaged Test AUC: 0.7613
Averaged Test Precision: 0.7732
Averaged Test Recall: 0.7765
Averaged Test F1-Score: 0.7424
Std Test Accuracy: 0.0827
Std Test AUC: 0.0602
------------------------- time cost ------------------------- 7.440046787261963
------------------------- time cost ------------------------- 6.341270208358765
------------------------- time cost ------------------------- 6.393733978271484
------------------------- time cost ------------------------- 6.34819769859314
------------------------- time cost ------------------------- 6.3982253074646
------------------------- time cost ------------------------- 6.26963472366333
------------------------- time cost ------------------------- 6.5955939292907715
------------------------- time cost ------------------------- 6.262537717819214
------------------------- time cost ------------------------- 6.370781898498535
------------------------- time cost ------------------------- 6.249058723449707

-------------Round number: 40-------------

Evaluate global model
Averaged Train Loss: 0.4704
Averaged Test Accuracy: 0.7803
Averaged Test AUC: 0.7645
Averaged Test Precision: 0.7754
Averaged Test Recall: 0.7803
Averaged Test F1-Score: 0.7507
Std Test Accuracy: 0.0751
Std Test AUC: 0.0589
------------------------- time cost ------------------------- 7.3682756423950195
------------------------- time cost ------------------------- 6.379731178283691
------------------------- time cost ------------------------- 6.299239158630371
------------------------- time cost ------------------------- 6.423436403274536
------------------------- time cost ------------------------- 6.347909450531006
------------------------- time cost ------------------------- 6.236704349517822
------------------------- time cost ------------------------- 6.613221645355225
------------------------- time cost ------------------------- 6.382736682891846
------------------------- time cost ------------------------- 6.267663955688477
------------------------- time cost ------------------------- 6.305538177490234

-------------Round number: 50-------------

Evaluate global model
Averaged Train Loss: 0.4696
Averaged Test Accuracy: 0.7801
Averaged Test AUC: 0.7675
Averaged Test Precision: 0.7764
Averaged Test Recall: 0.7801
Averaged Test F1-Score: 0.7498
Std Test Accuracy: 0.0767
Std Test AUC: 0.0571
------------------------- time cost ------------------------- 7.410863876342773
------------------------- time cost ------------------------- 6.325156927108765
------------------------- time cost ------------------------- 6.341256618499756
------------------------- time cost ------------------------- 6.356886625289917
------------------------- time cost ------------------------- 6.423648834228516
------------------------- time cost ------------------------- 6.389638423919678
------------------------- time cost ------------------------- 6.667134523391724
------------------------- time cost ------------------------- 6.420776128768921
------------------------- time cost ------------------------- 6.313321113586426
------------------------- time cost ------------------------- 6.325611591339111

-------------Round number: 60-------------

Evaluate global model
Averaged Train Loss: 0.4679
Averaged Test Accuracy: 0.7829
Averaged Test AUC: 0.7689
Averaged Test Precision: 0.7771
Averaged Test Recall: 0.7829
Averaged Test F1-Score: 0.7559
Std Test Accuracy: 0.0706
Std Test AUC: 0.0556
------------------------- time cost ------------------------- 7.410704612731934
------------------------- time cost ------------------------- 6.448752164840698
------------------------- time cost ------------------------- 6.2598559856414795
------------------------- time cost ------------------------- 6.366872787475586
------------------------- time cost ------------------------- 6.348344802856445
------------------------- time cost ------------------------- 6.50048303604126
------------------------- time cost ------------------------- 6.400484323501587
------------------------- time cost ------------------------- 6.524321556091309
------------------------- time cost ------------------------- 6.266147136688232
------------------------- time cost ------------------------- 6.320998430252075

-------------Round number: 70-------------

Evaluate global model
Averaged Train Loss: 0.4688
Averaged Test Accuracy: 0.7823
Averaged Test AUC: 0.7699
Averaged Test Precision: 0.7792
Averaged Test Recall: 0.7823
Averaged Test F1-Score: 0.7543
Std Test Accuracy: 0.0735
Std Test AUC: 0.0557
------------------------- time cost ------------------------- 7.366042137145996
------------------------- time cost ------------------------- 6.338031053543091
------------------------- time cost ------------------------- 6.30631947517395
------------------------- time cost ------------------------- 6.347049951553345
------------------------- time cost ------------------------- 6.290675163269043
------------------------- time cost ------------------------- 6.374646186828613
------------------------- time cost ------------------------- 6.577301740646362
------------------------- time cost ------------------------- 6.236502170562744
------------------------- time cost ------------------------- 6.4684247970581055
------------------------- time cost ------------------------- 6.279797792434692

-------------Round number: 80-------------

Evaluate global model
Averaged Train Loss: 0.4683
Averaged Test Accuracy: 0.7832
Averaged Test AUC: 0.7712
Averaged Test Precision: 0.7796
Averaged Test Recall: 0.7832
Averaged Test F1-Score: 0.7577
Std Test Accuracy: 0.0715
Std Test AUC: 0.0543
------------------------- time cost ------------------------- 7.467134952545166
------------------------- time cost ------------------------- 6.3691887855529785
------------------------- time cost ------------------------- 6.255343914031982
------------------------- time cost ------------------------- 6.268529176712036
------------------------- time cost ------------------------- 6.289472818374634
------------------------- time cost ------------------------- 6.366924047470093
------------------------- time cost ------------------------- 6.447848081588745
------------------------- time cost ------------------------- 6.316922187805176
------------------------- time cost ------------------------- 6.623284101486206
------------------------- time cost ------------------------- 6.478070259094238

-------------Round number: 90-------------

Evaluate global model
Averaged Train Loss: 0.4681
Averaged Test Accuracy: 0.7787
Averaged Test AUC: 0.7729
Averaged Test Precision: 0.7775
Averaged Test Recall: 0.7787
Averaged Test F1-Score: 0.7469
Std Test Accuracy: 0.0809
Std Test AUC: 0.0527
------------------------- time cost ------------------------- 7.521135091781616
------------------------- time cost ------------------------- 6.37594747543335
------------------------- time cost ------------------------- 6.271395921707153
------------------------- time cost ------------------------- 6.314690828323364
------------------------- time cost ------------------------- 6.2956483364105225
------------------------- time cost ------------------------- 6.394685506820679
------------------------- time cost ------------------------- 6.320796012878418
------------------------- time cost ------------------------- 6.621375799179077
------------------------- time cost ------------------------- 6.667210817337036
------------------------- time cost ------------------------- 7.120427370071411

-------------Round number: 100-------------

Evaluate global model
Averaged Train Loss: 0.4654
Averaged Test Accuracy: 0.7832
Averaged Test AUC: 0.7735
Averaged Test Precision: 0.7790
Averaged Test Recall: 0.7832
Averaged Test F1-Score: 0.7575
Std Test Accuracy: 0.0715
Std Test AUC: 0.0519
------------------------- time cost ------------------------- 8.149070978164673

Best accuracy.
0.7832

Average time cost per round.
6.499656732082367
File path: results/Uci_FedAvg_test/Uci_FedAvg_test_0.h5
Training process CSV file path: results/Uci_FedAvg_test/Uci_FedAvg_test_0_training_process.csv
Training process data saved to: results/Uci_FedAvg_test/Uci_FedAvg_test_0_training_process.csv

平均训练时间: 659.47秒
