实验: Uci_label_skew_minmax_Median_run1
物理GPU ID: 0
CUDA_VISIBLE_DEVICES: 0
时间: 2026-01-24 22:10:01
命令: /miniconda3/bin/python flcore/main.py -data Uci -algo FedAvg -nc 10 -gr 100 -ls 5 -lbs 64 -lr 0.01 -eg 10 -t 1 --heterogeneity label_skew --enable_attack True --attack_mode minmax --malicious_ratio 0.3 --defense_mode median --use_tlbo False --tlbo_iterations 10 --use_autoencoder False --use_committee False
工作目录: /root/DecisionSupportSystem-FedACT/system

[GPU] 使用环境变量指定的GPU: CUDA_VISIBLE_DEVICES=0
============================================================
实验配置:
============================================================
  goal: test
  device: cuda
  device_id: 0
  dataset: Uci
  heterogeneity: label_skew
  model: auto
  num_classes: 2
  batch_size: 64
  local_learning_rate: 0.01
  global_rounds: 100
  local_epochs: 5
  algorithm: FedAvg
  num_clients: 10
  join_ratio: 1.0
  random_join_ratio: False
  prev: 0
  times: 1
  eval_gap: 10
  save_folder_name: results
  learning_rate_decay: False
  learning_rate_decay_gamma: 0.99
  few_shot: 0
  time_select: False
  time_threthold: 10000
  top_cnt: 100
  auto_break: False
  client_drop_rate: 0.0
  train_slow_rate: 0.0
  send_slow_rate: 0.0
  dlg_eval: False
  dlg_gap: 100
  batch_num_per_client: 2
  num_new_clients: 0
  fine_tuning_epoch_new: 0
  mu: 0.01
  beta: 0.0
  lamda: 1.0
  tau: 1.0
  plocal_epochs: 1
  server_learning_rate: 1.0
  enable_attack: True
  attack_mode: minmax
  malicious_ratio: 0.3
  attack_scale: 3.0
  defense_mode: median
  use_autoencoder: False
  autoencoder_latent_dim: 64
  autoencoder_epochs: 20
  committee_size: 5
  vote_threshold: 0.5
  anomaly_threshold: 0.5
  anomaly_lower_coef: 0.7
  anomaly_upper_coef: 1.5
  use_committee: False
  tlbo_iterations: 10
  use_tlbo: False
  use_merkle: True
  use_incentive: True
============================================================

============= 第 1 次实验 =============
正在初始化服务器和客户端...
数据集: Uci, 特征维度: 23
模型参数量: 189,330

Join ratio / total clients: 1.0 / 10
Finished creating server and clients.

-------------Round number: 0-------------

Evaluate global model
Averaged Train Loss: 0.6905
Averaged Test Accuracy: 0.5856
Averaged Test AUC: 0.5178
Averaged Test Precision: 0.6416
Averaged Test Recall: 0.5856
Averaged Test F1-Score: 0.5989
Std Test Accuracy: 0.1062
Std Test AUC: 0.0476
------------------------- time cost ------------------------- 8.15611720085144
------------------------- time cost ------------------------- 6.3771655559539795
------------------------- time cost ------------------------- 6.057301759719849
------------------------- time cost ------------------------- 6.2181713581085205
------------------------- time cost ------------------------- 6.428994417190552
------------------------- time cost ------------------------- 6.359936952590942
------------------------- time cost ------------------------- 6.2471396923065186
------------------------- time cost ------------------------- 6.322146415710449
------------------------- time cost ------------------------- 6.350894212722778
------------------------- time cost ------------------------- 6.329692125320435

-------------Round number: 10-------------

Evaluate global model
Averaged Train Loss: 0.4956
Averaged Test Accuracy: 0.7417
Averaged Test AUC: 0.7418
Averaged Test Precision: 0.7088
Averaged Test Recall: 0.7417
Averaged Test F1-Score: 0.6497
Std Test Accuracy: 0.1012
Std Test AUC: 0.0623
------------------------- time cost ------------------------- 7.337106227874756
------------------------- time cost ------------------------- 6.334038257598877
------------------------- time cost ------------------------- 6.280229806900024
------------------------- time cost ------------------------- 6.272756338119507
------------------------- time cost ------------------------- 6.235724925994873
------------------------- time cost ------------------------- 6.440014600753784
------------------------- time cost ------------------------- 6.269065856933594
------------------------- time cost ------------------------- 6.2295496463775635
------------------------- time cost ------------------------- 6.4163103103637695
------------------------- time cost ------------------------- 6.26853346824646

-------------Round number: 20-------------

Evaluate global model
Averaged Train Loss: 0.4744
Averaged Test Accuracy: 0.7771
Averaged Test AUC: 0.7549
Averaged Test Precision: 0.7748
Averaged Test Recall: 0.7771
Averaged Test F1-Score: 0.7407
Std Test Accuracy: 0.0829
Std Test AUC: 0.0609
------------------------- time cost ------------------------- 7.251337051391602
------------------------- time cost ------------------------- 6.4243903160095215
------------------------- time cost ------------------------- 6.216526031494141
------------------------- time cost ------------------------- 6.229916572570801
------------------------- time cost ------------------------- 6.329840421676636
------------------------- time cost ------------------------- 6.4423840045928955
------------------------- time cost ------------------------- 6.1889519691467285
------------------------- time cost ------------------------- 6.31191349029541
------------------------- time cost ------------------------- 6.275468349456787
------------------------- time cost ------------------------- 6.406228303909302

-------------Round number: 30-------------

Evaluate global model
Averaged Train Loss: 0.4704
Averaged Test Accuracy: 0.7809
Averaged Test AUC: 0.7614
Averaged Test Precision: 0.7768
Averaged Test Recall: 0.7809
Averaged Test F1-Score: 0.7500
Std Test Accuracy: 0.0773
Std Test AUC: 0.0596
------------------------- time cost ------------------------- 7.211237668991089
------------------------- time cost ------------------------- 6.507993936538696
------------------------- time cost ------------------------- 6.240959405899048
------------------------- time cost ------------------------- 6.256544351577759
------------------------- time cost ------------------------- 6.349198818206787
------------------------- time cost ------------------------- 6.311336994171143
------------------------- time cost ------------------------- 6.415385723114014
------------------------- time cost ------------------------- 6.2652318477630615
------------------------- time cost ------------------------- 6.264620780944824
------------------------- time cost ------------------------- 6.3975348472595215

-------------Round number: 40-------------

Evaluate global model
Averaged Train Loss: 0.4702
Averaged Test Accuracy: 0.7764
Averaged Test AUC: 0.7645
Averaged Test Precision: 0.7727
Averaged Test Recall: 0.7764
Averaged Test F1-Score: 0.7444
Std Test Accuracy: 0.0795
Std Test AUC: 0.0590
------------------------- time cost ------------------------- 7.43670392036438
------------------------- time cost ------------------------- 6.389733791351318
------------------------- time cost ------------------------- 6.372576475143433
------------------------- time cost ------------------------- 6.323378562927246
------------------------- time cost ------------------------- 6.3453919887542725
------------------------- time cost ------------------------- 6.326796531677246
------------------------- time cost ------------------------- 6.436854839324951
------------------------- time cost ------------------------- 6.23370099067688
------------------------- time cost ------------------------- 6.293744087219238
------------------------- time cost ------------------------- 6.203953266143799

-------------Round number: 50-------------

Evaluate global model
Averaged Train Loss: 0.4687
Averaged Test Accuracy: 0.7807
Averaged Test AUC: 0.7673
Averaged Test Precision: 0.7759
Averaged Test Recall: 0.7807
Averaged Test F1-Score: 0.7516
Std Test Accuracy: 0.0741
Std Test AUC: 0.0570
------------------------- time cost ------------------------- 7.351870059967041
------------------------- time cost ------------------------- 6.417978286743164
------------------------- time cost ------------------------- 6.265739440917969
------------------------- time cost ------------------------- 6.379549503326416
------------------------- time cost ------------------------- 6.234442234039307
------------------------- time cost ------------------------- 6.285847425460815
------------------------- time cost ------------------------- 6.338375091552734
------------------------- time cost ------------------------- 6.345546007156372
------------------------- time cost ------------------------- 6.249308347702026
------------------------- time cost ------------------------- 6.207483291625977

-------------Round number: 60-------------

Evaluate global model
Averaged Train Loss: 0.4674
Averaged Test Accuracy: 0.7820
Averaged Test AUC: 0.7695
Averaged Test Precision: 0.7777
Averaged Test Recall: 0.7820
Averaged Test F1-Score: 0.7544
Std Test Accuracy: 0.0721
Std Test AUC: 0.0551
------------------------- time cost ------------------------- 7.390972137451172
------------------------- time cost ------------------------- 6.353056907653809
------------------------- time cost ------------------------- 6.412643909454346
------------------------- time cost ------------------------- 6.224976062774658
------------------------- time cost ------------------------- 6.406427383422852
------------------------- time cost ------------------------- 6.2535083293914795
------------------------- time cost ------------------------- 6.290518522262573
------------------------- time cost ------------------------- 6.399915933609009
------------------------- time cost ------------------------- 6.223780155181885
------------------------- time cost ------------------------- 6.218382120132446

-------------Round number: 70-------------

Evaluate global model
Averaged Train Loss: 0.4679
Averaged Test Accuracy: 0.7852
Averaged Test AUC: 0.7702
Averaged Test Precision: 0.7784
Averaged Test Recall: 0.7852
Averaged Test F1-Score: 0.7605
Std Test Accuracy: 0.0678
Std Test AUC: 0.0547
------------------------- time cost ------------------------- 7.409808874130249
------------------------- time cost ------------------------- 6.389549970626831
------------------------- time cost ------------------------- 6.278149843215942
------------------------- time cost ------------------------- 6.322394132614136
------------------------- time cost ------------------------- 6.3278844356536865
------------------------- time cost ------------------------- 6.319579601287842
------------------------- time cost ------------------------- 6.235034465789795
------------------------- time cost ------------------------- 6.335450172424316
------------------------- time cost ------------------------- 6.353865146636963
------------------------- time cost ------------------------- 6.311089754104614

-------------Round number: 80-------------

Evaluate global model
Averaged Train Loss: 0.4668
Averaged Test Accuracy: 0.7811
Averaged Test AUC: 0.7713
Averaged Test Precision: 0.7765
Averaged Test Recall: 0.7811
Averaged Test F1-Score: 0.7543
Std Test Accuracy: 0.0739
Std Test AUC: 0.0534
------------------------- time cost ------------------------- 7.296471357345581
------------------------- time cost ------------------------- 6.223206043243408
------------------------- time cost ------------------------- 6.308312654495239
------------------------- time cost ------------------------- 6.22493839263916
------------------------- time cost ------------------------- 6.449835300445557
------------------------- time cost ------------------------- 6.330807447433472
------------------------- time cost ------------------------- 6.354411840438843
------------------------- time cost ------------------------- 6.231105327606201
------------------------- time cost ------------------------- 6.409743547439575
------------------------- time cost ------------------------- 6.263654708862305

-------------Round number: 90-------------

Evaluate global model
Averaged Train Loss: 0.4678
Averaged Test Accuracy: 0.7861
Averaged Test AUC: 0.7721
Averaged Test Precision: 0.7809
Averaged Test Recall: 0.7861
Averaged Test F1-Score: 0.7615
Std Test Accuracy: 0.0678
Std Test AUC: 0.0531
------------------------- time cost ------------------------- 7.243837833404541
------------------------- time cost ------------------------- 6.28009557723999
------------------------- time cost ------------------------- 6.2737791538238525
------------------------- time cost ------------------------- 6.161632299423218
------------------------- time cost ------------------------- 6.351731538772583
------------------------- time cost ------------------------- 6.489093542098999
------------------------- time cost ------------------------- 6.186472654342651
------------------------- time cost ------------------------- 6.117539644241333
------------------------- time cost ------------------------- 6.414299726486206
------------------------- time cost ------------------------- 6.44485068321228

-------------Round number: 100-------------

Evaluate global model
Averaged Train Loss: 0.4670
Averaged Test Accuracy: 0.7764
Averaged Test AUC: 0.7725
Averaged Test Precision: 0.7756
Averaged Test Recall: 0.7764
Averaged Test F1-Score: 0.7437
Std Test Accuracy: 0.0811
Std Test AUC: 0.0529
------------------------- time cost ------------------------- 7.382740020751953

Best accuracy.
0.7861333333333334

Average time cost per round.
6.414062941074372
File path: results/Uci_FedAvg_test/Uci_FedAvg_test_0.h5
Training process CSV file path: results/Uci_FedAvg_test/Uci_FedAvg_test_0_training_process.csv
Training process data saved to: results/Uci_FedAvg_test/Uci_FedAvg_test_0_training_process.csv

平均训练时间: 650.92秒
