实验: Uci_label_skew_little_RFA_run1
物理GPU ID: 1
CUDA_VISIBLE_DEVICES: 1
时间: 2026-01-24 21:58:58
命令: /miniconda3/bin/python flcore/main.py -data Uci -algo FedAvg -nc 10 -gr 100 -ls 5 -lbs 64 -lr 0.01 -eg 10 -t 1 --heterogeneity label_skew --enable_attack True --attack_mode little --malicious_ratio 0.3 --defense_mode rfa --use_tlbo False --tlbo_iterations 10 --use_autoencoder False --use_committee False
工作目录: /root/DecisionSupportSystem-FedACT/system

[GPU] 使用环境变量指定的GPU: CUDA_VISIBLE_DEVICES=1
============================================================
实验配置:
============================================================
  goal: test
  device: cuda
  device_id: 0
  dataset: Uci
  heterogeneity: label_skew
  model: auto
  num_classes: 2
  batch_size: 64
  local_learning_rate: 0.01
  global_rounds: 100
  local_epochs: 5
  algorithm: FedAvg
  num_clients: 10
  join_ratio: 1.0
  random_join_ratio: False
  prev: 0
  times: 1
  eval_gap: 10
  save_folder_name: results
  learning_rate_decay: False
  learning_rate_decay_gamma: 0.99
  few_shot: 0
  time_select: False
  time_threthold: 10000
  top_cnt: 100
  auto_break: False
  client_drop_rate: 0.0
  train_slow_rate: 0.0
  send_slow_rate: 0.0
  dlg_eval: False
  dlg_gap: 100
  batch_num_per_client: 2
  num_new_clients: 0
  fine_tuning_epoch_new: 0
  mu: 0.01
  beta: 0.0
  lamda: 1.0
  tau: 1.0
  plocal_epochs: 1
  server_learning_rate: 1.0
  enable_attack: True
  attack_mode: little
  malicious_ratio: 0.3
  attack_scale: 3.0
  defense_mode: rfa
  use_autoencoder: False
  autoencoder_latent_dim: 64
  autoencoder_epochs: 20
  committee_size: 5
  vote_threshold: 0.5
  anomaly_threshold: 0.5
  anomaly_lower_coef: 0.7
  anomaly_upper_coef: 1.5
  use_committee: False
  tlbo_iterations: 10
  use_tlbo: False
  use_merkle: True
  use_incentive: True
============================================================

============= 第 1 次实验 =============
正在初始化服务器和客户端...
数据集: Uci, 特征维度: 23
模型参数量: 189,330

Join ratio / total clients: 1.0 / 10
Finished creating server and clients.

-------------Round number: 0-------------

Evaluate global model
Averaged Train Loss: 0.6905
Averaged Test Accuracy: 0.5856
Averaged Test AUC: 0.5178
Averaged Test Precision: 0.6416
Averaged Test Recall: 0.5856
Averaged Test F1-Score: 0.5989
Std Test Accuracy: 0.1062
Std Test AUC: 0.0476
------------------------- time cost ------------------------- 6.9710471630096436
------------------------- time cost ------------------------- 5.8703672885894775
------------------------- time cost ------------------------- 6.065245628356934
------------------------- time cost ------------------------- 6.5182459354400635
------------------------- time cost ------------------------- 6.554582834243774
------------------------- time cost ------------------------- 6.149747133255005
------------------------- time cost ------------------------- 6.347501039505005
------------------------- time cost ------------------------- 6.139319658279419
------------------------- time cost ------------------------- 6.185852289199829
------------------------- time cost ------------------------- 6.261380910873413

-------------Round number: 10-------------

Evaluate global model
Averaged Train Loss: 0.4960
Averaged Test Accuracy: 0.7420
Averaged Test AUC: 0.7409
Averaged Test Precision: 0.7302
Averaged Test Recall: 0.7420
Averaged Test F1-Score: 0.6517
Std Test Accuracy: 0.1012
Std Test AUC: 0.0624
------------------------- time cost ------------------------- 7.244227170944214
------------------------- time cost ------------------------- 6.348818302154541
------------------------- time cost ------------------------- 6.0508928298950195
------------------------- time cost ------------------------- 6.451693296432495
------------------------- time cost ------------------------- 6.13403844833374
------------------------- time cost ------------------------- 6.421344041824341
------------------------- time cost ------------------------- 6.2519941329956055
------------------------- time cost ------------------------- 6.208617687225342
------------------------- time cost ------------------------- 6.190969944000244
------------------------- time cost ------------------------- 6.305406332015991

-------------Round number: 20-------------

Evaluate global model
Averaged Train Loss: 0.4741
Averaged Test Accuracy: 0.7784
Averaged Test AUC: 0.7548
Averaged Test Precision: 0.7746
Averaged Test Recall: 0.7784
Averaged Test F1-Score: 0.7433
Std Test Accuracy: 0.0815
Std Test AUC: 0.0608
------------------------- time cost ------------------------- 7.182614326477051
------------------------- time cost ------------------------- 6.189923048019409
------------------------- time cost ------------------------- 6.29490327835083
------------------------- time cost ------------------------- 6.296860694885254
------------------------- time cost ------------------------- 6.232250213623047
------------------------- time cost ------------------------- 6.286566495895386
------------------------- time cost ------------------------- 6.1561198234558105
------------------------- time cost ------------------------- 6.165839433670044
------------------------- time cost ------------------------- 6.115506172180176
------------------------- time cost ------------------------- 6.30864953994751

-------------Round number: 30-------------

Evaluate global model
Averaged Train Loss: 0.4714
Averaged Test Accuracy: 0.7776
Averaged Test AUC: 0.7611
Averaged Test Precision: 0.7734
Averaged Test Recall: 0.7776
Averaged Test F1-Score: 0.7459
Std Test Accuracy: 0.0799
Std Test AUC: 0.0596
------------------------- time cost ------------------------- 7.149200916290283
------------------------- time cost ------------------------- 6.272539377212524
------------------------- time cost ------------------------- 6.267083406448364
------------------------- time cost ------------------------- 6.314681053161621
------------------------- time cost ------------------------- 6.251821041107178
------------------------- time cost ------------------------- 6.218160390853882
------------------------- time cost ------------------------- 6.366808176040649
------------------------- time cost ------------------------- 6.341152667999268
------------------------- time cost ------------------------- 6.142644643783569
------------------------- time cost ------------------------- 6.187694311141968

-------------Round number: 40-------------

Evaluate global model
Averaged Train Loss: 0.4697
Averaged Test Accuracy: 0.7803
Averaged Test AUC: 0.7648
Averaged Test Precision: 0.7759
Averaged Test Recall: 0.7803
Averaged Test F1-Score: 0.7505
Std Test Accuracy: 0.0768
Std Test AUC: 0.0584
------------------------- time cost ------------------------- 7.21517014503479
------------------------- time cost ------------------------- 6.305542230606079
------------------------- time cost ------------------------- 6.193208694458008
------------------------- time cost ------------------------- 6.394057989120483
------------------------- time cost ------------------------- 6.297307014465332
------------------------- time cost ------------------------- 6.170212268829346
------------------------- time cost ------------------------- 6.479201793670654
------------------------- time cost ------------------------- 6.168185472488403
------------------------- time cost ------------------------- 6.2959229946136475
------------------------- time cost ------------------------- 6.20456337928772

-------------Round number: 50-------------

Evaluate global model
Averaged Train Loss: 0.4678
Averaged Test Accuracy: 0.7827
Averaged Test AUC: 0.7676
Averaged Test Precision: 0.7767
Averaged Test Recall: 0.7827
Averaged Test F1-Score: 0.7555
Std Test Accuracy: 0.0725
Std Test AUC: 0.0564
------------------------- time cost ------------------------- 7.25516152381897
------------------------- time cost ------------------------- 6.376922369003296
------------------------- time cost ------------------------- 6.235769987106323
------------------------- time cost ------------------------- 6.249948263168335
------------------------- time cost ------------------------- 6.3187479972839355
------------------------- time cost ------------------------- 6.318285226821899
------------------------- time cost ------------------------- 6.254404306411743
------------------------- time cost ------------------------- 6.3795740604400635
------------------------- time cost ------------------------- 6.249553203582764
------------------------- time cost ------------------------- 6.2137978076934814

-------------Round number: 60-------------

Evaluate global model
Averaged Train Loss: 0.4663
Averaged Test Accuracy: 0.7873
Averaged Test AUC: 0.7694
Averaged Test Precision: 0.7798
Averaged Test Recall: 0.7873
Averaged Test F1-Score: 0.7621
Std Test Accuracy: 0.0673
Std Test AUC: 0.0546
------------------------- time cost ------------------------- 7.136189699172974
------------------------- time cost ------------------------- 6.282158374786377
------------------------- time cost ------------------------- 6.182953834533691
------------------------- time cost ------------------------- 6.244756460189819
------------------------- time cost ------------------------- 6.244401454925537
------------------------- time cost ------------------------- 6.191044569015503
------------------------- time cost ------------------------- 6.311925411224365
------------------------- time cost ------------------------- 6.322695732116699
------------------------- time cost ------------------------- 6.168338298797607
------------------------- time cost ------------------------- 6.1310389041900635

-------------Round number: 70-------------

Evaluate global model
Averaged Train Loss: 0.4685
Averaged Test Accuracy: 0.7839
Averaged Test AUC: 0.7705
Averaged Test Precision: 0.7796
Averaged Test Recall: 0.7839
Averaged Test F1-Score: 0.7563
Std Test Accuracy: 0.0718
Std Test AUC: 0.0540
------------------------- time cost ------------------------- 7.226940870285034
------------------------- time cost ------------------------- 6.185874938964844
------------------------- time cost ------------------------- 6.241756916046143
------------------------- time cost ------------------------- 6.303341627120972
------------------------- time cost ------------------------- 6.330121040344238
------------------------- time cost ------------------------- 6.157010316848755
------------------------- time cost ------------------------- 6.2884557247161865
------------------------- time cost ------------------------- 6.319859266281128
------------------------- time cost ------------------------- 6.403103828430176
------------------------- time cost ------------------------- 6.269294738769531

-------------Round number: 80-------------

Evaluate global model
Averaged Train Loss: 0.4666
Averaged Test Accuracy: 0.7860
Averaged Test AUC: 0.7720
Averaged Test Precision: 0.7799
Averaged Test Recall: 0.7860
Averaged Test F1-Score: 0.7607
Std Test Accuracy: 0.0664
Std Test AUC: 0.0531
------------------------- time cost ------------------------- 7.270435333251953
------------------------- time cost ------------------------- 6.1867992877960205
------------------------- time cost ------------------------- 6.296872138977051
------------------------- time cost ------------------------- 6.285941123962402
------------------------- time cost ------------------------- 6.385879993438721
------------------------- time cost ------------------------- 6.177105903625488
------------------------- time cost ------------------------- 6.341688394546509
------------------------- time cost ------------------------- 6.269506454467773
------------------------- time cost ------------------------- 6.36732816696167
------------------------- time cost ------------------------- 6.211867570877075

-------------Round number: 90-------------

Evaluate global model
Averaged Train Loss: 0.4656
Averaged Test Accuracy: 0.7844
Averaged Test AUC: 0.7728
Averaged Test Precision: 0.7794
Averaged Test Recall: 0.7844
Averaged Test F1-Score: 0.7589
Std Test Accuracy: 0.0706
Std Test AUC: 0.0527
------------------------- time cost ------------------------- 7.227758169174194
------------------------- time cost ------------------------- 6.292755842208862
------------------------- time cost ------------------------- 6.149864435195923
------------------------- time cost ------------------------- 6.303874731063843
------------------------- time cost ------------------------- 6.28881311416626
------------------------- time cost ------------------------- 6.247124910354614
------------------------- time cost ------------------------- 6.341932773590088
------------------------- time cost ------------------------- 5.947489500045776
------------------------- time cost ------------------------- 5.798223495483398
------------------------- time cost ------------------------- 5.822167634963989

-------------Round number: 100-------------

Evaluate global model
Averaged Train Loss: 0.4669
Averaged Test Accuracy: 0.7772
Averaged Test AUC: 0.7734
Averaged Test Precision: 0.7752
Averaged Test Recall: 0.7772
Averaged Test F1-Score: 0.7445
Std Test Accuracy: 0.0814
Std Test AUC: 0.0517
------------------------- time cost ------------------------- 6.817284822463989

Best accuracy.
0.7873333333333333

Average time cost per round.
6.339887764453888
File path: results/Uci_FedAvg_test/Uci_FedAvg_test_0.h5
Training process CSV file path: results/Uci_FedAvg_test/Uci_FedAvg_test_0_training_process.csv
Training process data saved to: results/Uci_FedAvg_test/Uci_FedAvg_test_0_training_process.csv

平均训练时间: 642.33秒
