实验: Uci_label_skew_little_Krum_run1
物理GPU ID: 3
CUDA_VISIBLE_DEVICES: 3
时间: 2026-01-24 21:59:00
命令: /miniconda3/bin/python flcore/main.py -data Uci -algo FedAvg -nc 10 -gr 100 -ls 5 -lbs 64 -lr 0.01 -eg 10 -t 1 --heterogeneity label_skew --enable_attack True --attack_mode little --malicious_ratio 0.3 --defense_mode krum --use_tlbo False --tlbo_iterations 10 --use_autoencoder False --use_committee False
工作目录: /root/DecisionSupportSystem-FedACT/system

[GPU] 使用环境变量指定的GPU: CUDA_VISIBLE_DEVICES=3
============================================================
实验配置:
============================================================
  goal: test
  device: cuda
  device_id: 0
  dataset: Uci
  heterogeneity: label_skew
  model: auto
  num_classes: 2
  batch_size: 64
  local_learning_rate: 0.01
  global_rounds: 100
  local_epochs: 5
  algorithm: FedAvg
  num_clients: 10
  join_ratio: 1.0
  random_join_ratio: False
  prev: 0
  times: 1
  eval_gap: 10
  save_folder_name: results
  learning_rate_decay: False
  learning_rate_decay_gamma: 0.99
  few_shot: 0
  time_select: False
  time_threthold: 10000
  top_cnt: 100
  auto_break: False
  client_drop_rate: 0.0
  train_slow_rate: 0.0
  send_slow_rate: 0.0
  dlg_eval: False
  dlg_gap: 100
  batch_num_per_client: 2
  num_new_clients: 0
  fine_tuning_epoch_new: 0
  mu: 0.01
  beta: 0.0
  lamda: 1.0
  tau: 1.0
  plocal_epochs: 1
  server_learning_rate: 1.0
  enable_attack: True
  attack_mode: little
  malicious_ratio: 0.3
  attack_scale: 3.0
  defense_mode: krum
  use_autoencoder: False
  autoencoder_latent_dim: 64
  autoencoder_epochs: 20
  committee_size: 5
  vote_threshold: 0.5
  anomaly_threshold: 0.5
  anomaly_lower_coef: 0.7
  anomaly_upper_coef: 1.5
  use_committee: False
  tlbo_iterations: 10
  use_tlbo: False
  use_merkle: True
  use_incentive: True
============================================================

============= 第 1 次实验 =============
正在初始化服务器和客户端...
数据集: Uci, 特征维度: 23
模型参数量: 189,330

Join ratio / total clients: 1.0 / 10
Finished creating server and clients.

-------------Round number: 0-------------

Evaluate global model
Averaged Train Loss: 0.6905
Averaged Test Accuracy: 0.5856
Averaged Test AUC: 0.5178
Averaged Test Precision: 0.6416
Averaged Test Recall: 0.5856
Averaged Test F1-Score: 0.5989
Std Test Accuracy: 0.1062
Std Test AUC: 0.0476
------------------------- time cost ------------------------- 7.67740535736084
------------------------- time cost ------------------------- 5.965299367904663
------------------------- time cost ------------------------- 6.38377046585083
------------------------- time cost ------------------------- 6.086313962936401
------------------------- time cost ------------------------- 6.383485555648804
------------------------- time cost ------------------------- 6.4229419231414795
------------------------- time cost ------------------------- 6.459049224853516
------------------------- time cost ------------------------- 6.305222511291504
------------------------- time cost ------------------------- 6.233200788497925
------------------------- time cost ------------------------- 6.309150695800781

-------------Round number: 10-------------

Evaluate global model
Averaged Train Loss: 0.4955
Averaged Test Accuracy: 0.7412
Averaged Test AUC: 0.7409
Averaged Test Precision: 0.7295
Averaged Test Recall: 0.7412
Averaged Test F1-Score: 0.6483
Std Test Accuracy: 0.1012
Std Test AUC: 0.0618
------------------------- time cost ------------------------- 7.479372024536133
------------------------- time cost ------------------------- 6.358477354049683
------------------------- time cost ------------------------- 6.333431005477905
------------------------- time cost ------------------------- 6.2748095989227295
------------------------- time cost ------------------------- 6.4281532764434814
------------------------- time cost ------------------------- 6.521204233169556
------------------------- time cost ------------------------- 6.24578595161438
------------------------- time cost ------------------------- 6.346757888793945
------------------------- time cost ------------------------- 6.240648984909058
------------------------- time cost ------------------------- 6.241826772689819

-------------Round number: 20-------------

Evaluate global model
Averaged Train Loss: 0.4752
Averaged Test Accuracy: 0.7755
Averaged Test AUC: 0.7544
Averaged Test Precision: 0.7743
Averaged Test Recall: 0.7755
Averaged Test F1-Score: 0.7374
Std Test Accuracy: 0.0840
Std Test AUC: 0.0607
------------------------- time cost ------------------------- 7.467472076416016
------------------------- time cost ------------------------- 6.364842176437378
------------------------- time cost ------------------------- 6.26738429069519
------------------------- time cost ------------------------- 6.417741537094116
------------------------- time cost ------------------------- 6.433048725128174
------------------------- time cost ------------------------- 6.297289609909058
------------------------- time cost ------------------------- 6.334190368652344
------------------------- time cost ------------------------- 6.234941720962524
------------------------- time cost ------------------------- 6.118619680404663
------------------------- time cost ------------------------- 6.2246479988098145

-------------Round number: 30-------------

Evaluate global model
Averaged Train Loss: 0.4724
Averaged Test Accuracy: 0.7769
Averaged Test AUC: 0.7605
Averaged Test Precision: 0.7724
Averaged Test Recall: 0.7769
Averaged Test F1-Score: 0.7442
Std Test Accuracy: 0.0815
Std Test AUC: 0.0602
------------------------- time cost ------------------------- 7.3607707023620605
------------------------- time cost ------------------------- 6.270344495773315
------------------------- time cost ------------------------- 6.2867515087127686
------------------------- time cost ------------------------- 6.377361059188843
------------------------- time cost ------------------------- 6.4655115604400635
------------------------- time cost ------------------------- 6.366266250610352
------------------------- time cost ------------------------- 6.507904291152954
------------------------- time cost ------------------------- 6.345377206802368
------------------------- time cost ------------------------- 6.251912593841553
------------------------- time cost ------------------------- 6.314672470092773

-------------Round number: 40-------------

Evaluate global model
Averaged Train Loss: 0.4694
Averaged Test Accuracy: 0.7804
Averaged Test AUC: 0.7647
Averaged Test Precision: 0.7739
Averaged Test Recall: 0.7804
Averaged Test F1-Score: 0.7515
Std Test Accuracy: 0.0749
Std Test AUC: 0.0580
------------------------- time cost ------------------------- 7.402096748352051
------------------------- time cost ------------------------- 6.290756702423096
------------------------- time cost ------------------------- 6.184733152389526
------------------------- time cost ------------------------- 6.299814462661743
------------------------- time cost ------------------------- 6.356809616088867
------------------------- time cost ------------------------- 6.308931827545166
------------------------- time cost ------------------------- 6.487001180648804
------------------------- time cost ------------------------- 6.345105409622192
------------------------- time cost ------------------------- 6.257248640060425
------------------------- time cost ------------------------- 6.184186935424805

-------------Round number: 50-------------

Evaluate global model
Averaged Train Loss: 0.4686
Averaged Test Accuracy: 0.7819
Averaged Test AUC: 0.7676
Averaged Test Precision: 0.7764
Averaged Test Recall: 0.7819
Averaged Test F1-Score: 0.7533
Std Test Accuracy: 0.0739
Std Test AUC: 0.0565
------------------------- time cost ------------------------- 7.285602331161499
------------------------- time cost ------------------------- 6.273967504501343
------------------------- time cost ------------------------- 6.318036794662476
------------------------- time cost ------------------------- 6.29993200302124
------------------------- time cost ------------------------- 6.412015438079834
------------------------- time cost ------------------------- 6.268967628479004
------------------------- time cost ------------------------- 6.4794886112213135
------------------------- time cost ------------------------- 6.476808071136475
------------------------- time cost ------------------------- 6.258038520812988
------------------------- time cost ------------------------- 6.307108163833618

-------------Round number: 60-------------

Evaluate global model
Averaged Train Loss: 0.4691
Averaged Test Accuracy: 0.7809
Averaged Test AUC: 0.7682
Averaged Test Precision: 0.7775
Averaged Test Recall: 0.7809
Averaged Test F1-Score: 0.7511
Std Test Accuracy: 0.0744
Std Test AUC: 0.0560
------------------------- time cost ------------------------- 7.448421001434326
------------------------- time cost ------------------------- 6.248758792877197
------------------------- time cost ------------------------- 6.228625059127808
------------------------- time cost ------------------------- 6.367307424545288
------------------------- time cost ------------------------- 6.259257793426514
------------------------- time cost ------------------------- 6.214285373687744
------------------------- time cost ------------------------- 6.291202068328857
------------------------- time cost ------------------------- 6.361091375350952
------------------------- time cost ------------------------- 6.177389621734619
------------------------- time cost ------------------------- 6.316549301147461

-------------Round number: 70-------------

Evaluate global model
Averaged Train Loss: 0.4676
Averaged Test Accuracy: 0.7851
Averaged Test AUC: 0.7700
Averaged Test Precision: 0.7798
Averaged Test Recall: 0.7851
Averaged Test F1-Score: 0.7594
Std Test Accuracy: 0.0673
Std Test AUC: 0.0542
------------------------- time cost ------------------------- 7.208235740661621
------------------------- time cost ------------------------- 6.19815468788147
------------------------- time cost ------------------------- 6.299126625061035
------------------------- time cost ------------------------- 6.293299674987793
------------------------- time cost ------------------------- 6.3933494091033936
------------------------- time cost ------------------------- 6.319652080535889
------------------------- time cost ------------------------- 6.3283491134643555
------------------------- time cost ------------------------- 6.3401939868927
------------------------- time cost ------------------------- 6.438083648681641
------------------------- time cost ------------------------- 6.344747066497803

-------------Round number: 80-------------

Evaluate global model
Averaged Train Loss: 0.4684
Averaged Test Accuracy: 0.7820
Averaged Test AUC: 0.7710
Averaged Test Precision: 0.7788
Averaged Test Recall: 0.7820
Averaged Test F1-Score: 0.7544
Std Test Accuracy: 0.0743
Std Test AUC: 0.0543
------------------------- time cost ------------------------- 7.443651914596558
------------------------- time cost ------------------------- 6.315174579620361
------------------------- time cost ------------------------- 6.3786656856536865
------------------------- time cost ------------------------- 6.2335205078125
------------------------- time cost ------------------------- 6.280910015106201
------------------------- time cost ------------------------- 6.261805295944214
------------------------- time cost ------------------------- 6.362839460372925
------------------------- time cost ------------------------- 6.34775447845459
------------------------- time cost ------------------------- 6.405431270599365
------------------------- time cost ------------------------- 6.310277938842773

-------------Round number: 90-------------

Evaluate global model
Averaged Train Loss: 0.4678
Averaged Test Accuracy: 0.7824
Averaged Test AUC: 0.7718
Averaged Test Precision: 0.7785
Averaged Test Recall: 0.7824
Averaged Test F1-Score: 0.7555
Std Test Accuracy: 0.0733
Std Test AUC: 0.0543
------------------------- time cost ------------------------- 7.415125608444214
------------------------- time cost ------------------------- 6.297738075256348
------------------------- time cost ------------------------- 6.177944183349609
------------------------- time cost ------------------------- 6.3811421394348145
------------------------- time cost ------------------------- 6.369414806365967
------------------------- time cost ------------------------- 6.280617713928223
------------------------- time cost ------------------------- 6.469327449798584
------------------------- time cost ------------------------- 6.35570216178894
------------------------- time cost ------------------------- 6.208755970001221
------------------------- time cost ------------------------- 6.472903490066528

-------------Round number: 100-------------

Evaluate global model
Averaged Train Loss: 0.4676
Averaged Test Accuracy: 0.7775
Averaged Test AUC: 0.7725
Averaged Test Precision: 0.7764
Averaged Test Recall: 0.7775
Averaged Test F1-Score: 0.7456
Std Test Accuracy: 0.0804
Std Test AUC: 0.0527
------------------------- time cost ------------------------- 7.343883275985718

Best accuracy.
0.7850666666666667

Average time cost per round.
6.4241126751899715
File path: results/Uci_FedAvg_test/Uci_FedAvg_test_0.h5
Training process CSV file path: results/Uci_FedAvg_test/Uci_FedAvg_test_0_training_process.csv
Training process data saved to: results/Uci_FedAvg_test/Uci_FedAvg_test_0_training_process.csv

平均训练时间: 651.38秒
