实验: Uci_feature_skew_backdoor_Krum_run1
物理GPU ID: 3
CUDA_VISIBLE_DEVICES: 3
时间: 2026-01-25 00:10:12
命令: /miniconda3/bin/python flcore/main.py -data Uci -algo FedAvg -nc 10 -gr 100 -ls 5 -lbs 64 -lr 0.01 -eg 10 -t 1 --heterogeneity feature_skew --enable_attack True --attack_mode backdoor --malicious_ratio 0.3 --defense_mode krum --use_tlbo False --tlbo_iterations 10 --use_autoencoder False --use_committee False
工作目录: /root/DecisionSupportSystem-FedACT/system

[GPU] 使用环境变量指定的GPU: CUDA_VISIBLE_DEVICES=3
============================================================
实验配置:
============================================================
  goal: test
  device: cuda
  device_id: 0
  dataset: Uci
  heterogeneity: feature_skew
  model: auto
  num_classes: 2
  batch_size: 64
  local_learning_rate: 0.01
  global_rounds: 100
  local_epochs: 5
  algorithm: FedAvg
  num_clients: 10
  join_ratio: 1.0
  random_join_ratio: False
  prev: 0
  times: 1
  eval_gap: 10
  save_folder_name: results
  learning_rate_decay: False
  learning_rate_decay_gamma: 0.99
  few_shot: 0
  time_select: False
  time_threthold: 10000
  top_cnt: 100
  auto_break: False
  client_drop_rate: 0.0
  train_slow_rate: 0.0
  send_slow_rate: 0.0
  dlg_eval: False
  dlg_gap: 100
  batch_num_per_client: 2
  num_new_clients: 0
  fine_tuning_epoch_new: 0
  mu: 0.01
  beta: 0.0
  lamda: 1.0
  tau: 1.0
  plocal_epochs: 1
  server_learning_rate: 1.0
  enable_attack: True
  attack_mode: backdoor
  malicious_ratio: 0.3
  attack_scale: 3.0
  defense_mode: krum
  use_autoencoder: False
  autoencoder_latent_dim: 64
  autoencoder_epochs: 20
  committee_size: 5
  vote_threshold: 0.5
  anomaly_threshold: 0.5
  anomaly_lower_coef: 0.7
  anomaly_upper_coef: 1.5
  use_committee: False
  tlbo_iterations: 10
  use_tlbo: False
  use_merkle: True
  use_incentive: True
============================================================

============= 第 1 次实验 =============
正在初始化服务器和客户端...
数据集: Uci, 特征维度: 23
模型参数量: 189,330

Join ratio / total clients: 1.0 / 10
Finished creating server and clients.

-------------Round number: 0-------------

Evaluate global model
Averaged Train Loss: 0.6905
Averaged Test Accuracy: 0.5856
Averaged Test AUC: 0.5178
Averaged Test Precision: 0.6416
Averaged Test Recall: 0.5856
Averaged Test F1-Score: 0.5989
Std Test Accuracy: 0.1062
Std Test AUC: 0.0476
------------------------- time cost ------------------------- 7.802191734313965
------------------------- time cost ------------------------- 6.449451208114624
------------------------- time cost ------------------------- 5.7879743576049805
------------------------- time cost ------------------------- 6.619022607803345
------------------------- time cost ------------------------- 6.7240636348724365
------------------------- time cost ------------------------- 6.396230220794678
------------------------- time cost ------------------------- 6.517518043518066
------------------------- time cost ------------------------- 6.331235408782959
------------------------- time cost ------------------------- 5.83355712890625
------------------------- time cost ------------------------- 6.447558879852295

-------------Round number: 10-------------

Evaluate global model
Averaged Train Loss: 0.4951
Averaged Test Accuracy: 0.7403
Averaged Test AUC: 0.7413
Averaged Test Precision: 0.7198
Averaged Test Recall: 0.7403
Averaged Test F1-Score: 0.6486
Std Test Accuracy: 0.1015
Std Test AUC: 0.0622
------------------------- time cost ------------------------- 7.384427785873413
------------------------- time cost ------------------------- 6.248600006103516
------------------------- time cost ------------------------- 6.338113784790039
------------------------- time cost ------------------------- 6.417742967605591
------------------------- time cost ------------------------- 6.394026517868042
------------------------- time cost ------------------------- 6.5416646003723145
------------------------- time cost ------------------------- 6.397045850753784
------------------------- time cost ------------------------- 6.261418581008911
------------------------- time cost ------------------------- 6.347091436386108
------------------------- time cost ------------------------- 6.26537823677063

-------------Round number: 20-------------

Evaluate global model
Averaged Train Loss: 0.4737
Averaged Test Accuracy: 0.7777
Averaged Test AUC: 0.7556
Averaged Test Precision: 0.7751
Averaged Test Recall: 0.7777
Averaged Test F1-Score: 0.7407
Std Test Accuracy: 0.0816
Std Test AUC: 0.0601
------------------------- time cost ------------------------- 7.394160032272339
------------------------- time cost ------------------------- 6.295417785644531
------------------------- time cost ------------------------- 6.286441326141357
------------------------- time cost ------------------------- 6.28971791267395
------------------------- time cost ------------------------- 6.348898649215698
------------------------- time cost ------------------------- 6.445630073547363
------------------------- time cost ------------------------- 6.344240665435791
------------------------- time cost ------------------------- 6.373802185058594
------------------------- time cost ------------------------- 6.256397008895874
------------------------- time cost ------------------------- 6.434111595153809

-------------Round number: 30-------------

Evaluate global model
Averaged Train Loss: 0.4715
Averaged Test Accuracy: 0.7775
Averaged Test AUC: 0.7608
Averaged Test Precision: 0.7727
Averaged Test Recall: 0.7775
Averaged Test F1-Score: 0.7451
Std Test Accuracy: 0.0803
Std Test AUC: 0.0598
------------------------- time cost ------------------------- 7.367678880691528
------------------------- time cost ------------------------- 6.153017044067383
------------------------- time cost ------------------------- 6.273138046264648
------------------------- time cost ------------------------- 6.322179555892944
------------------------- time cost ------------------------- 6.284120321273804
------------------------- time cost ------------------------- 6.249749183654785
------------------------- time cost ------------------------- 6.459203481674194
------------------------- time cost ------------------------- 6.288784027099609
------------------------- time cost ------------------------- 6.334494352340698
------------------------- time cost ------------------------- 6.384817123413086

-------------Round number: 40-------------

Evaluate global model
Averaged Train Loss: 0.4704
Averaged Test Accuracy: 0.7799
Averaged Test AUC: 0.7647
Averaged Test Precision: 0.7764
Averaged Test Recall: 0.7799
Averaged Test F1-Score: 0.7499
Std Test Accuracy: 0.0777
Std Test AUC: 0.0577
------------------------- time cost ------------------------- 7.342593669891357
------------------------- time cost ------------------------- 6.335681676864624
------------------------- time cost ------------------------- 6.289923429489136
------------------------- time cost ------------------------- 6.335226058959961
------------------------- time cost ------------------------- 6.305537223815918
------------------------- time cost ------------------------- 6.329504728317261
------------------------- time cost ------------------------- 6.409009695053101
------------------------- time cost ------------------------- 6.239465236663818
------------------------- time cost ------------------------- 6.294369697570801
------------------------- time cost ------------------------- 6.379071235656738

-------------Round number: 50-------------

Evaluate global model
Averaged Train Loss: 0.4692
Averaged Test Accuracy: 0.7788
Averaged Test AUC: 0.7679
Averaged Test Precision: 0.7750
Averaged Test Recall: 0.7788
Averaged Test F1-Score: 0.7481
Std Test Accuracy: 0.0786
Std Test AUC: 0.0560
------------------------- time cost ------------------------- 7.423850774765015
------------------------- time cost ------------------------- 6.365957021713257
------------------------- time cost ------------------------- 6.280094623565674
------------------------- time cost ------------------------- 6.250425577163696
------------------------- time cost ------------------------- 6.350543737411499
------------------------- time cost ------------------------- 6.297275543212891
------------------------- time cost ------------------------- 6.394553184509277
------------------------- time cost ------------------------- 6.372285604476929
------------------------- time cost ------------------------- 6.144744157791138
------------------------- time cost ------------------------- 6.350524663925171

-------------Round number: 60-------------

Evaluate global model
Averaged Train Loss: 0.4681
Averaged Test Accuracy: 0.7855
Averaged Test AUC: 0.7687
Averaged Test Precision: 0.7788
Averaged Test Recall: 0.7855
Averaged Test F1-Score: 0.7597
Std Test Accuracy: 0.0682
Std Test AUC: 0.0561
------------------------- time cost ------------------------- 7.344897985458374
------------------------- time cost ------------------------- 6.360376834869385
------------------------- time cost ------------------------- 6.2358317375183105
------------------------- time cost ------------------------- 6.205476760864258
------------------------- time cost ------------------------- 6.32949161529541
------------------------- time cost ------------------------- 6.2740561962127686
------------------------- time cost ------------------------- 6.241744041442871
------------------------- time cost ------------------------- 6.363595724105835
------------------------- time cost ------------------------- 6.143825531005859
------------------------- time cost ------------------------- 6.271033525466919

-------------Round number: 70-------------

Evaluate global model
Averaged Train Loss: 0.4672
Averaged Test Accuracy: 0.7860
Averaged Test AUC: 0.7705
Averaged Test Precision: 0.7795
Averaged Test Recall: 0.7860
Averaged Test F1-Score: 0.7609
Std Test Accuracy: 0.0679
Std Test AUC: 0.0543
------------------------- time cost ------------------------- 7.104655742645264
------------------------- time cost ------------------------- 6.321037292480469
------------------------- time cost ------------------------- 6.153594970703125
------------------------- time cost ------------------------- 6.155135631561279
------------------------- time cost ------------------------- 6.310281991958618
------------------------- time cost ------------------------- 6.263070821762085
------------------------- time cost ------------------------- 6.273487329483032
------------------------- time cost ------------------------- 6.282068729400635
------------------------- time cost ------------------------- 6.229083776473999
------------------------- time cost ------------------------- 6.228905916213989

-------------Round number: 80-------------

Evaluate global model
Averaged Train Loss: 0.4684
Averaged Test Accuracy: 0.7805
Averaged Test AUC: 0.7715
Averaged Test Precision: 0.7769
Averaged Test Recall: 0.7805
Averaged Test F1-Score: 0.7520
Std Test Accuracy: 0.0758
Std Test AUC: 0.0534
------------------------- time cost ------------------------- 7.192938327789307
------------------------- time cost ------------------------- 6.291667938232422
------------------------- time cost ------------------------- 6.249763011932373
------------------------- time cost ------------------------- 6.207799673080444
------------------------- time cost ------------------------- 6.262688398361206
------------------------- time cost ------------------------- 6.40064811706543
------------------------- time cost ------------------------- 6.37243914604187
------------------------- time cost ------------------------- 6.281772136688232
------------------------- time cost ------------------------- 6.435304641723633
------------------------- time cost ------------------------- 6.336208820343018

-------------Round number: 90-------------

Evaluate global model
Averaged Train Loss: 0.4673
Averaged Test Accuracy: 0.7829
Averaged Test AUC: 0.7719
Averaged Test Precision: 0.7777
Averaged Test Recall: 0.7829
Averaged Test F1-Score: 0.7577
Std Test Accuracy: 0.0711
Std Test AUC: 0.0535
------------------------- time cost ------------------------- 7.314056396484375
------------------------- time cost ------------------------- 6.530781269073486
------------------------- time cost ------------------------- 6.26299262046814
------------------------- time cost ------------------------- 6.4184911251068115
------------------------- time cost ------------------------- 6.366143703460693
------------------------- time cost ------------------------- 6.359565496444702
------------------------- time cost ------------------------- 6.361461400985718
------------------------- time cost ------------------------- 6.381729364395142
------------------------- time cost ------------------------- 6.439038991928101
------------------------- time cost ------------------------- 6.54624605178833

-------------Round number: 100-------------

Evaluate global model
Averaged Train Loss: 0.4675
Averaged Test Accuracy: 0.7789
Averaged Test AUC: 0.7728
Averaged Test Precision: 0.7771
Averaged Test Recall: 0.7789
Averaged Test F1-Score: 0.7497
Std Test Accuracy: 0.0777
Std Test AUC: 0.0521
------------------------- time cost ------------------------- 7.336321830749512

Best accuracy.
0.786

Average time cost per round.
6.422184686660767
File path: results/Uci_FedAvg_test/Uci_FedAvg_test_0.h5
Training process CSV file path: results/Uci_FedAvg_test/Uci_FedAvg_test_0_training_process.csv
Training process data saved to: results/Uci_FedAvg_test/Uci_FedAvg_test_0_training_process.csv

平均训练时间: 651.46秒
