实验: Uci_iid_label_flip_RFA_run1
物理GPU ID: 0
CUDA_VISIBLE_DEVICES: 0
时间: 2026-01-24 21:26:29
命令: /miniconda3/bin/python flcore/main.py -data Uci -algo FedAvg -nc 10 -gr 100 -ls 5 -lbs 64 -lr 0.01 -eg 10 -t 1 --heterogeneity iid --enable_attack True --attack_mode label_flip --malicious_ratio 0.3 --defense_mode rfa --use_tlbo False --tlbo_iterations 10 --use_autoencoder False --use_committee False
工作目录: /root/DecisionSupportSystem-FedACT/system

[GPU] 使用环境变量指定的GPU: CUDA_VISIBLE_DEVICES=0
============================================================
实验配置:
============================================================
  goal: test
  device: cuda
  device_id: 0
  dataset: Uci
  heterogeneity: iid
  model: auto
  num_classes: 2
  batch_size: 64
  local_learning_rate: 0.01
  global_rounds: 100
  local_epochs: 5
  algorithm: FedAvg
  num_clients: 10
  join_ratio: 1.0
  random_join_ratio: False
  prev: 0
  times: 1
  eval_gap: 10
  save_folder_name: results
  learning_rate_decay: False
  learning_rate_decay_gamma: 0.99
  few_shot: 0
  time_select: False
  time_threthold: 10000
  top_cnt: 100
  auto_break: False
  client_drop_rate: 0.0
  train_slow_rate: 0.0
  send_slow_rate: 0.0
  dlg_eval: False
  dlg_gap: 100
  batch_num_per_client: 2
  num_new_clients: 0
  fine_tuning_epoch_new: 0
  mu: 0.01
  beta: 0.0
  lamda: 1.0
  tau: 1.0
  plocal_epochs: 1
  server_learning_rate: 1.0
  enable_attack: True
  attack_mode: label_flip
  malicious_ratio: 0.3
  attack_scale: 3.0
  defense_mode: rfa
  use_autoencoder: False
  autoencoder_latent_dim: 64
  autoencoder_epochs: 20
  committee_size: 5
  vote_threshold: 0.5
  anomaly_threshold: 0.5
  anomaly_lower_coef: 0.7
  anomaly_upper_coef: 1.5
  use_committee: False
  tlbo_iterations: 10
  use_tlbo: False
  use_merkle: True
  use_incentive: True
============================================================

============= 第 1 次实验 =============
正在初始化服务器和客户端...
数据集: Uci, 特征维度: 23
模型参数量: 189,330

Join ratio / total clients: 1.0 / 10
Finished creating server and clients.

-------------Round number: 0-------------

Evaluate global model
Averaged Train Loss: 0.6905
Averaged Test Accuracy: 0.5856
Averaged Test AUC: 0.5178
Averaged Test Precision: 0.6416
Averaged Test Recall: 0.5856
Averaged Test F1-Score: 0.5989
Std Test Accuracy: 0.1062
Std Test AUC: 0.0476
------------------------- time cost ------------------------- 7.615857362747192
------------------------- time cost ------------------------- 6.47894549369812
------------------------- time cost ------------------------- 6.329707860946655
------------------------- time cost ------------------------- 6.341066122055054
------------------------- time cost ------------------------- 6.303785085678101
------------------------- time cost ------------------------- 6.289339780807495
------------------------- time cost ------------------------- 6.264731168746948
------------------------- time cost ------------------------- 6.2979724407196045
------------------------- time cost ------------------------- 6.45257043838501
------------------------- time cost ------------------------- 6.359591007232666

-------------Round number: 10-------------

Evaluate global model
Averaged Train Loss: 0.4960
Averaged Test Accuracy: 0.7405
Averaged Test AUC: 0.7421
Averaged Test Precision: 0.7401
Averaged Test Recall: 0.7405
Averaged Test F1-Score: 0.6491
Std Test Accuracy: 0.1017
Std Test AUC: 0.0613
------------------------- time cost ------------------------- 7.316601991653442
------------------------- time cost ------------------------- 6.568666696548462
------------------------- time cost ------------------------- 6.308996200561523
------------------------- time cost ------------------------- 6.279327154159546
------------------------- time cost ------------------------- 6.193021297454834
------------------------- time cost ------------------------- 6.261857986450195
------------------------- time cost ------------------------- 6.249796152114868
------------------------- time cost ------------------------- 6.312185287475586
------------------------- time cost ------------------------- 6.359906196594238
------------------------- time cost ------------------------- 6.471803665161133

-------------Round number: 20-------------

Evaluate global model
Averaged Train Loss: 0.4751
Averaged Test Accuracy: 0.7763
Averaged Test AUC: 0.7554
Averaged Test Precision: 0.7742
Averaged Test Recall: 0.7763
Averaged Test F1-Score: 0.7387
Std Test Accuracy: 0.0826
Std Test AUC: 0.0609
------------------------- time cost ------------------------- 7.450624704360962
------------------------- time cost ------------------------- 6.5819830894470215
------------------------- time cost ------------------------- 6.303158521652222
------------------------- time cost ------------------------- 6.166203498840332
------------------------- time cost ------------------------- 6.28160285949707
------------------------- time cost ------------------------- 6.216385126113892
------------------------- time cost ------------------------- 6.3348493576049805
------------------------- time cost ------------------------- 6.259018421173096
------------------------- time cost ------------------------- 6.4027886390686035
------------------------- time cost ------------------------- 6.314565896987915

-------------Round number: 30-------------

Evaluate global model
Averaged Train Loss: 0.4699
Averaged Test Accuracy: 0.7787
Averaged Test AUC: 0.7620
Averaged Test Precision: 0.7755
Averaged Test Recall: 0.7787
Averaged Test F1-Score: 0.7457
Std Test Accuracy: 0.0797
Std Test AUC: 0.0593
------------------------- time cost ------------------------- 7.640182256698608
------------------------- time cost ------------------------- 6.556749105453491
------------------------- time cost ------------------------- 6.334765672683716
------------------------- time cost ------------------------- 6.34712290763855
------------------------- time cost ------------------------- 6.3135457038879395
------------------------- time cost ------------------------- 6.346696376800537
------------------------- time cost ------------------------- 6.28438138961792
------------------------- time cost ------------------------- 6.335879802703857
------------------------- time cost ------------------------- 6.465198516845703
------------------------- time cost ------------------------- 6.408017158508301

-------------Round number: 40-------------

Evaluate global model
Averaged Train Loss: 0.4692
Averaged Test Accuracy: 0.7807
Averaged Test AUC: 0.7652
Averaged Test Precision: 0.7764
Averaged Test Recall: 0.7807
Averaged Test F1-Score: 0.7495
Std Test Accuracy: 0.0738
Std Test AUC: 0.0584
------------------------- time cost ------------------------- 7.3835484981536865
------------------------- time cost ------------------------- 6.391632080078125
------------------------- time cost ------------------------- 6.247027397155762
------------------------- time cost ------------------------- 6.278912544250488
------------------------- time cost ------------------------- 6.279332637786865
------------------------- time cost ------------------------- 6.170783281326294
------------------------- time cost ------------------------- 6.296830415725708
------------------------- time cost ------------------------- 6.2905967235565186
------------------------- time cost ------------------------- 6.356559753417969
------------------------- time cost ------------------------- 6.294324636459351

-------------Round number: 50-------------

Evaluate global model
Averaged Train Loss: 0.4693
Averaged Test Accuracy: 0.7819
Averaged Test AUC: 0.7676
Averaged Test Precision: 0.7783
Averaged Test Recall: 0.7819
Averaged Test F1-Score: 0.7531
Std Test Accuracy: 0.0741
Std Test AUC: 0.0558
------------------------- time cost ------------------------- 7.397651672363281
------------------------- time cost ------------------------- 6.364081382751465
------------------------- time cost ------------------------- 6.391992807388306
------------------------- time cost ------------------------- 6.269590139389038
------------------------- time cost ------------------------- 6.234695196151733
------------------------- time cost ------------------------- 6.190288066864014
------------------------- time cost ------------------------- 6.297577857971191
------------------------- time cost ------------------------- 6.306423902511597
------------------------- time cost ------------------------- 6.2815282344818115
------------------------- time cost ------------------------- 6.39775538444519

-------------Round number: 60-------------

Evaluate global model
Averaged Train Loss: 0.4686
Averaged Test Accuracy: 0.7800
Averaged Test AUC: 0.7692
Averaged Test Precision: 0.7773
Averaged Test Recall: 0.7800
Averaged Test F1-Score: 0.7496
Std Test Accuracy: 0.0761
Std Test AUC: 0.0547
------------------------- time cost ------------------------- 7.289710998535156
------------------------- time cost ------------------------- 6.39203143119812
------------------------- time cost ------------------------- 6.381766080856323
------------------------- time cost ------------------------- 6.215497970581055
------------------------- time cost ------------------------- 6.3539040088653564
------------------------- time cost ------------------------- 6.305574417114258
------------------------- time cost ------------------------- 6.306930303573608
------------------------- time cost ------------------------- 6.26951265335083
------------------------- time cost ------------------------- 6.374999523162842
------------------------- time cost ------------------------- 6.26474666595459

-------------Round number: 70-------------

Evaluate global model
Averaged Train Loss: 0.4688
Averaged Test Accuracy: 0.7792
Averaged Test AUC: 0.7702
Averaged Test Precision: 0.7759
Averaged Test Recall: 0.7792
Averaged Test F1-Score: 0.7494
Std Test Accuracy: 0.0757
Std Test AUC: 0.0541
------------------------- time cost ------------------------- 7.584174633026123
------------------------- time cost ------------------------- 6.4363768100738525
------------------------- time cost ------------------------- 6.284836292266846
------------------------- time cost ------------------------- 6.337583541870117
------------------------- time cost ------------------------- 6.295561790466309
------------------------- time cost ------------------------- 6.243074655532837
------------------------- time cost ------------------------- 6.3051416873931885
------------------------- time cost ------------------------- 6.314600706100464
------------------------- time cost ------------------------- 6.295745372772217
------------------------- time cost ------------------------- 6.459303379058838

-------------Round number: 80-------------

Evaluate global model
Averaged Train Loss: 0.4679
Averaged Test Accuracy: 0.7843
Averaged Test AUC: 0.7714
Averaged Test Precision: 0.7807
Averaged Test Recall: 0.7843
Averaged Test F1-Score: 0.7581
Std Test Accuracy: 0.0713
Std Test AUC: 0.0535
------------------------- time cost ------------------------- 7.5257909297943115
------------------------- time cost ------------------------- 6.4651384353637695
------------------------- time cost ------------------------- 6.377624988555908
------------------------- time cost ------------------------- 6.245530843734741
------------------------- time cost ------------------------- 6.2559826374053955
------------------------- time cost ------------------------- 6.369298696517944
------------------------- time cost ------------------------- 6.4332520961761475
------------------------- time cost ------------------------- 6.317168712615967
------------------------- time cost ------------------------- 6.27782940864563
------------------------- time cost ------------------------- 6.464339256286621

-------------Round number: 90-------------

Evaluate global model
Averaged Train Loss: 0.4680
Averaged Test Accuracy: 0.7775
Averaged Test AUC: 0.7722
Averaged Test Precision: 0.7772
Averaged Test Recall: 0.7775
Averaged Test F1-Score: 0.7436
Std Test Accuracy: 0.0825
Std Test AUC: 0.0535
------------------------- time cost ------------------------- 7.39405632019043
------------------------- time cost ------------------------- 6.399564027786255
------------------------- time cost ------------------------- 6.344106674194336
------------------------- time cost ------------------------- 6.190694570541382
------------------------- time cost ------------------------- 6.280770301818848
------------------------- time cost ------------------------- 6.252020359039307
------------------------- time cost ------------------------- 6.3873255252838135
------------------------- time cost ------------------------- 6.256905794143677
------------------------- time cost ------------------------- 6.574041128158569
------------------------- time cost ------------------------- 6.126128196716309

-------------Round number: 100-------------

Evaluate global model
Averaged Train Loss: 0.4662
Averaged Test Accuracy: 0.7741
Averaged Test AUC: 0.7733
Averaged Test Precision: 0.7743
Averaged Test Recall: 0.7741
Averaged Test F1-Score: 0.7381
Std Test Accuracy: 0.0867
Std Test AUC: 0.0526
------------------------- time cost ------------------------- 7.363826513290405

Best accuracy.
0.7842666666666667

Average time cost per round.
6.439171919822693
File path: results/Uci_FedAvg_test/Uci_FedAvg_test_0.h5
Training process CSV file path: results/Uci_FedAvg_test/Uci_FedAvg_test_0_training_process.csv
Training process data saved to: results/Uci_FedAvg_test/Uci_FedAvg_test_0_training_process.csv

平均训练时间: 652.93秒
