实验: Uci_feature_skew_gaussian_Krum_run1
物理GPU ID: 4
CUDA_VISIBLE_DEVICES: 4
时间: 2026-01-24 23:27:39
命令: /miniconda3/bin/python flcore/main.py -data Uci -algo FedAvg -nc 10 -gr 100 -ls 5 -lbs 64 -lr 0.01 -eg 10 -t 1 --heterogeneity feature_skew --enable_attack True --attack_mode gaussian --malicious_ratio 0.3 --defense_mode krum --use_tlbo False --tlbo_iterations 10 --use_autoencoder False --use_committee False
工作目录: /root/DecisionSupportSystem-FedACT/system

[GPU] 使用环境变量指定的GPU: CUDA_VISIBLE_DEVICES=4
============================================================
实验配置:
============================================================
  goal: test
  device: cuda
  device_id: 0
  dataset: Uci
  heterogeneity: feature_skew
  model: auto
  num_classes: 2
  batch_size: 64
  local_learning_rate: 0.01
  global_rounds: 100
  local_epochs: 5
  algorithm: FedAvg
  num_clients: 10
  join_ratio: 1.0
  random_join_ratio: False
  prev: 0
  times: 1
  eval_gap: 10
  save_folder_name: results
  learning_rate_decay: False
  learning_rate_decay_gamma: 0.99
  few_shot: 0
  time_select: False
  time_threthold: 10000
  top_cnt: 100
  auto_break: False
  client_drop_rate: 0.0
  train_slow_rate: 0.0
  send_slow_rate: 0.0
  dlg_eval: False
  dlg_gap: 100
  batch_num_per_client: 2
  num_new_clients: 0
  fine_tuning_epoch_new: 0
  mu: 0.01
  beta: 0.0
  lamda: 1.0
  tau: 1.0
  plocal_epochs: 1
  server_learning_rate: 1.0
  enable_attack: True
  attack_mode: gaussian
  malicious_ratio: 0.3
  attack_scale: 3.0
  defense_mode: krum
  use_autoencoder: False
  autoencoder_latent_dim: 64
  autoencoder_epochs: 20
  committee_size: 5
  vote_threshold: 0.5
  anomaly_threshold: 0.5
  anomaly_lower_coef: 0.7
  anomaly_upper_coef: 1.5
  use_committee: False
  tlbo_iterations: 10
  use_tlbo: False
  use_merkle: True
  use_incentive: True
============================================================

============= 第 1 次实验 =============
正在初始化服务器和客户端...
数据集: Uci, 特征维度: 23
模型参数量: 189,330

Join ratio / total clients: 1.0 / 10
Finished creating server and clients.

-------------Round number: 0-------------

Evaluate global model
Averaged Train Loss: 0.6905
Averaged Test Accuracy: 0.5856
Averaged Test AUC: 0.5178
Averaged Test Precision: 0.6416
Averaged Test Recall: 0.5856
Averaged Test F1-Score: 0.5989
Std Test Accuracy: 0.1062
Std Test AUC: 0.0476
------------------------- time cost ------------------------- 7.238078355789185
------------------------- time cost ------------------------- 6.12044620513916
------------------------- time cost ------------------------- 6.180444240570068
------------------------- time cost ------------------------- 6.268336296081543
------------------------- time cost ------------------------- 6.3012237548828125
------------------------- time cost ------------------------- 6.200652837753296
------------------------- time cost ------------------------- 6.276695251464844
------------------------- time cost ------------------------- 6.148742198944092
------------------------- time cost ------------------------- 6.152893781661987
------------------------- time cost ------------------------- 6.266533374786377

-------------Round number: 10-------------

Evaluate global model
Averaged Train Loss: 0.4969
Averaged Test Accuracy: 0.7411
Averaged Test AUC: 0.7418
Averaged Test Precision: 0.7277
Averaged Test Recall: 0.7411
Averaged Test F1-Score: 0.6487
Std Test Accuracy: 0.1015
Std Test AUC: 0.0620
------------------------- time cost ------------------------- 7.328639507293701
------------------------- time cost ------------------------- 6.30416202545166
------------------------- time cost ------------------------- 6.247895002365112
------------------------- time cost ------------------------- 6.2656638622283936
------------------------- time cost ------------------------- 6.325454235076904
------------------------- time cost ------------------------- 6.160133600234985
------------------------- time cost ------------------------- 6.224724292755127
------------------------- time cost ------------------------- 6.215399503707886
------------------------- time cost ------------------------- 6.168737411499023
------------------------- time cost ------------------------- 6.329089164733887

-------------Round number: 20-------------

Evaluate global model
Averaged Train Loss: 0.4751
Averaged Test Accuracy: 0.7763
Averaged Test AUC: 0.7555
Averaged Test Precision: 0.7748
Averaged Test Recall: 0.7763
Averaged Test F1-Score: 0.7387
Std Test Accuracy: 0.0820
Std Test AUC: 0.0601
------------------------- time cost ------------------------- 7.273223400115967
------------------------- time cost ------------------------- 6.104810476303101
------------------------- time cost ------------------------- 6.207594156265259
------------------------- time cost ------------------------- 6.153114557266235
------------------------- time cost ------------------------- 6.232285499572754
------------------------- time cost ------------------------- 6.235234260559082
------------------------- time cost ------------------------- 6.244062900543213
------------------------- time cost ------------------------- 6.215983152389526
------------------------- time cost ------------------------- 6.184514999389648
------------------------- time cost ------------------------- 6.38148832321167

-------------Round number: 30-------------

Evaluate global model
Averaged Train Loss: 0.4718
Averaged Test Accuracy: 0.7804
Averaged Test AUC: 0.7607
Averaged Test Precision: 0.7755
Averaged Test Recall: 0.7804
Averaged Test F1-Score: 0.7491
Std Test Accuracy: 0.0774
Std Test AUC: 0.0602
------------------------- time cost ------------------------- 7.323549270629883
------------------------- time cost ------------------------- 6.141922950744629
------------------------- time cost ------------------------- 6.235193490982056
------------------------- time cost ------------------------- 6.3675696849823
------------------------- time cost ------------------------- 6.2342529296875
------------------------- time cost ------------------------- 6.3533008098602295
------------------------- time cost ------------------------- 6.314818859100342
------------------------- time cost ------------------------- 6.1378257274627686
------------------------- time cost ------------------------- 6.296302318572998
------------------------- time cost ------------------------- 6.175991058349609

-------------Round number: 40-------------

Evaluate global model
Averaged Train Loss: 0.4706
Averaged Test Accuracy: 0.7789
Averaged Test AUC: 0.7644
Averaged Test Precision: 0.7762
Averaged Test Recall: 0.7789
Averaged Test F1-Score: 0.7459
Std Test Accuracy: 0.0770
Std Test AUC: 0.0584
------------------------- time cost ------------------------- 7.252837419509888
------------------------- time cost ------------------------- 6.1578381061553955
------------------------- time cost ------------------------- 6.117488145828247
------------------------- time cost ------------------------- 6.297137260437012
------------------------- time cost ------------------------- 6.326609134674072
------------------------- time cost ------------------------- 6.144477367401123
------------------------- time cost ------------------------- 6.311319828033447
------------------------- time cost ------------------------- 6.245155096054077
------------------------- time cost ------------------------- 6.221594333648682
------------------------- time cost ------------------------- 6.277263641357422

-------------Round number: 50-------------

Evaluate global model
Averaged Train Loss: 0.4691
Averaged Test Accuracy: 0.7804
Averaged Test AUC: 0.7674
Averaged Test Precision: 0.7757
Averaged Test Recall: 0.7804
Averaged Test F1-Score: 0.7510
Std Test Accuracy: 0.0762
Std Test AUC: 0.0571
------------------------- time cost ------------------------- 7.314604043960571
------------------------- time cost ------------------------- 6.294175863265991
------------------------- time cost ------------------------- 6.1343278884887695
------------------------- time cost ------------------------- 6.2879064083099365
------------------------- time cost ------------------------- 6.260201930999756
------------------------- time cost ------------------------- 6.317738771438599
------------------------- time cost ------------------------- 6.172963380813599
------------------------- time cost ------------------------- 6.140639781951904
------------------------- time cost ------------------------- 6.149475812911987
------------------------- time cost ------------------------- 6.158456325531006

-------------Round number: 60-------------

Evaluate global model
Averaged Train Loss: 0.4681
Averaged Test Accuracy: 0.7856
Averaged Test AUC: 0.7690
Averaged Test Precision: 0.7797
Averaged Test Recall: 0.7856
Averaged Test F1-Score: 0.7591
Std Test Accuracy: 0.0693
Std Test AUC: 0.0548
------------------------- time cost ------------------------- 7.254240274429321
------------------------- time cost ------------------------- 6.161922216415405
------------------------- time cost ------------------------- 6.26551365852356
------------------------- time cost ------------------------- 6.247067213058472
------------------------- time cost ------------------------- 6.2926435470581055
------------------------- time cost ------------------------- 6.194068193435669
------------------------- time cost ------------------------- 6.175834655761719
------------------------- time cost ------------------------- 6.268921613693237
------------------------- time cost ------------------------- 6.227350473403931
------------------------- time cost ------------------------- 6.1773521900177

-------------Round number: 70-------------

Evaluate global model
Averaged Train Loss: 0.4670
Averaged Test Accuracy: 0.7863
Averaged Test AUC: 0.7702
Averaged Test Precision: 0.7801
Averaged Test Recall: 0.7863
Averaged Test F1-Score: 0.7612
Std Test Accuracy: 0.0666
Std Test AUC: 0.0548
------------------------- time cost ------------------------- 7.424181699752808
------------------------- time cost ------------------------- 6.179132461547852
------------------------- time cost ------------------------- 6.211154222488403
------------------------- time cost ------------------------- 6.462213516235352
------------------------- time cost ------------------------- 6.300992012023926
------------------------- time cost ------------------------- 6.265487909317017
------------------------- time cost ------------------------- 6.194213390350342
------------------------- time cost ------------------------- 6.168878078460693
------------------------- time cost ------------------------- 6.234768867492676
------------------------- time cost ------------------------- 6.229274272918701

-------------Round number: 80-------------

Evaluate global model
Averaged Train Loss: 0.4691
Averaged Test Accuracy: 0.7773
Averaged Test AUC: 0.7708
Averaged Test Precision: 0.7744
Averaged Test Recall: 0.7773
Averaged Test F1-Score: 0.7481
Std Test Accuracy: 0.0776
Std Test AUC: 0.0548
------------------------- time cost ------------------------- 7.255094051361084
------------------------- time cost ------------------------- 6.1201581954956055
------------------------- time cost ------------------------- 6.120239019393921
------------------------- time cost ------------------------- 6.316567897796631
------------------------- time cost ------------------------- 6.365327596664429
------------------------- time cost ------------------------- 6.3970701694488525
------------------------- time cost ------------------------- 6.277177333831787
------------------------- time cost ------------------------- 6.284797668457031
------------------------- time cost ------------------------- 6.314494609832764
------------------------- time cost ------------------------- 6.540563344955444

-------------Round number: 90-------------

Evaluate global model
Averaged Train Loss: 0.4664
Averaged Test Accuracy: 0.7833
Averaged Test AUC: 0.7722
Averaged Test Precision: 0.7792
Averaged Test Recall: 0.7833
Averaged Test F1-Score: 0.7587
Std Test Accuracy: 0.0710
Std Test AUC: 0.0535
------------------------- time cost ------------------------- 7.725208759307861
------------------------- time cost ------------------------- 6.7916483879089355
------------------------- time cost ------------------------- 6.391885280609131
------------------------- time cost ------------------------- 5.924885511398315
------------------------- time cost ------------------------- 6.470856666564941
------------------------- time cost ------------------------- 5.973365783691406
------------------------- time cost ------------------------- 6.3668012619018555
------------------------- time cost ------------------------- 6.278789043426514
------------------------- time cost ------------------------- 6.31175684928894
------------------------- time cost ------------------------- 6.263103008270264

-------------Round number: 100-------------

Evaluate global model
Averaged Train Loss: 0.4673
Averaged Test Accuracy: 0.7781
Averaged Test AUC: 0.7724
Averaged Test Precision: 0.7761
Averaged Test Recall: 0.7781
Averaged Test F1-Score: 0.7485
Std Test Accuracy: 0.0770
Std Test AUC: 0.0528
------------------------- time cost ------------------------- 7.17535400390625

Best accuracy.
0.7862666666666667

Average time cost per round.
6.35481470823288
File path: results/Uci_FedAvg_test/Uci_FedAvg_test_0.h5
Training process CSV file path: results/Uci_FedAvg_test/Uci_FedAvg_test_0_training_process.csv
Training process data saved to: results/Uci_FedAvg_test/Uci_FedAvg_test_0_training_process.csv

平均训练时间: 644.03秒
