实验: Uci_iid_collision_Median_run1
物理GPU ID: 4
CUDA_VISIBLE_DEVICES: 4
时间: 2026-01-24 21:37:23
命令: /miniconda3/bin/python flcore/main.py -data Uci -algo FedAvg -nc 10 -gr 100 -ls 5 -lbs 64 -lr 0.01 -eg 10 -t 1 --heterogeneity iid --enable_attack True --attack_mode collision --malicious_ratio 0.3 --defense_mode median --use_tlbo False --tlbo_iterations 10 --use_autoencoder False --use_committee False
工作目录: /root/DecisionSupportSystem-FedACT/system

[GPU] 使用环境变量指定的GPU: CUDA_VISIBLE_DEVICES=4
============================================================
实验配置:
============================================================
  goal: test
  device: cuda
  device_id: 0
  dataset: Uci
  heterogeneity: iid
  model: auto
  num_classes: 2
  batch_size: 64
  local_learning_rate: 0.01
  global_rounds: 100
  local_epochs: 5
  algorithm: FedAvg
  num_clients: 10
  join_ratio: 1.0
  random_join_ratio: False
  prev: 0
  times: 1
  eval_gap: 10
  save_folder_name: results
  learning_rate_decay: False
  learning_rate_decay_gamma: 0.99
  few_shot: 0
  time_select: False
  time_threthold: 10000
  top_cnt: 100
  auto_break: False
  client_drop_rate: 0.0
  train_slow_rate: 0.0
  send_slow_rate: 0.0
  dlg_eval: False
  dlg_gap: 100
  batch_num_per_client: 2
  num_new_clients: 0
  fine_tuning_epoch_new: 0
  mu: 0.01
  beta: 0.0
  lamda: 1.0
  tau: 1.0
  plocal_epochs: 1
  server_learning_rate: 1.0
  enable_attack: True
  attack_mode: collision
  malicious_ratio: 0.3
  attack_scale: 3.0
  defense_mode: median
  use_autoencoder: False
  autoencoder_latent_dim: 64
  autoencoder_epochs: 20
  committee_size: 5
  vote_threshold: 0.5
  anomaly_threshold: 0.5
  anomaly_lower_coef: 0.7
  anomaly_upper_coef: 1.5
  use_committee: False
  tlbo_iterations: 10
  use_tlbo: False
  use_merkle: True
  use_incentive: True
============================================================

============= 第 1 次实验 =============
正在初始化服务器和客户端...
数据集: Uci, 特征维度: 23
模型参数量: 189,330

Join ratio / total clients: 1.0 / 10
Finished creating server and clients.

-------------Round number: 0-------------

Evaluate global model
Averaged Train Loss: 0.6905
Averaged Test Accuracy: 0.5856
Averaged Test AUC: 0.5178
Averaged Test Precision: 0.6416
Averaged Test Recall: 0.5856
Averaged Test F1-Score: 0.5989
Std Test Accuracy: 0.1062
Std Test AUC: 0.0476
------------------------- time cost ------------------------- 6.7984044551849365
------------------------- time cost ------------------------- 5.853349447250366
------------------------- time cost ------------------------- 5.94092869758606
------------------------- time cost ------------------------- 6.191149711608887
------------------------- time cost ------------------------- 6.3839850425720215
------------------------- time cost ------------------------- 6.30912446975708
------------------------- time cost ------------------------- 6.36355185508728
------------------------- time cost ------------------------- 6.314002752304077
------------------------- time cost ------------------------- 6.269118547439575
------------------------- time cost ------------------------- 6.295699119567871

-------------Round number: 10-------------

Evaluate global model
Averaged Train Loss: 0.4964
Averaged Test Accuracy: 0.7408
Averaged Test AUC: 0.7409
Averaged Test Precision: 0.7318
Averaged Test Recall: 0.7408
Averaged Test F1-Score: 0.6470
Std Test Accuracy: 0.1018
Std Test AUC: 0.0621
------------------------- time cost ------------------------- 7.462956190109253
------------------------- time cost ------------------------- 6.3689656257629395
------------------------- time cost ------------------------- 6.34177827835083
------------------------- time cost ------------------------- 6.2456207275390625
------------------------- time cost ------------------------- 6.303947448730469
------------------------- time cost ------------------------- 6.486403703689575
------------------------- time cost ------------------------- 6.344592571258545
------------------------- time cost ------------------------- 6.347397327423096
------------------------- time cost ------------------------- 6.326945066452026
------------------------- time cost ------------------------- 6.311996936798096

-------------Round number: 20-------------

Evaluate global model
Averaged Train Loss: 0.4756
Averaged Test Accuracy: 0.7745
Averaged Test AUC: 0.7537
Averaged Test Precision: 0.7741
Averaged Test Recall: 0.7745
Averaged Test F1-Score: 0.7355
Std Test Accuracy: 0.0843
Std Test AUC: 0.0609
------------------------- time cost ------------------------- 7.448164463043213
------------------------- time cost ------------------------- 6.312916994094849
------------------------- time cost ------------------------- 6.362815856933594
------------------------- time cost ------------------------- 6.316346883773804
------------------------- time cost ------------------------- 6.351437568664551
------------------------- time cost ------------------------- 6.4172821044921875
------------------------- time cost ------------------------- 6.254762172698975
------------------------- time cost ------------------------- 6.445660591125488
------------------------- time cost ------------------------- 6.245437383651733
------------------------- time cost ------------------------- 6.385277032852173

-------------Round number: 30-------------

Evaluate global model
Averaged Train Loss: 0.4702
Averaged Test Accuracy: 0.7789
Averaged Test AUC: 0.7606
Averaged Test Precision: 0.7730
Averaged Test Recall: 0.7789
Averaged Test F1-Score: 0.7475
Std Test Accuracy: 0.0783
Std Test AUC: 0.0595
------------------------- time cost ------------------------- 7.31982684135437
------------------------- time cost ------------------------- 6.366047382354736
------------------------- time cost ------------------------- 6.369632005691528
------------------------- time cost ------------------------- 6.240613698959351
------------------------- time cost ------------------------- 6.367375373840332
------------------------- time cost ------------------------- 6.284035921096802
------------------------- time cost ------------------------- 6.342181205749512
------------------------- time cost ------------------------- 6.321198463439941
------------------------- time cost ------------------------- 6.438748836517334
------------------------- time cost ------------------------- 6.232431888580322

-------------Round number: 40-------------

Evaluate global model
Averaged Train Loss: 0.4684
Averaged Test Accuracy: 0.7845
Averaged Test AUC: 0.7648
Averaged Test Precision: 0.7793
Averaged Test Recall: 0.7845
Averaged Test F1-Score: 0.7567
Std Test Accuracy: 0.0719
Std Test AUC: 0.0584
------------------------- time cost ------------------------- 7.305113315582275
------------------------- time cost ------------------------- 6.389978408813477
------------------------- time cost ------------------------- 6.427270412445068
------------------------- time cost ------------------------- 6.247089147567749
------------------------- time cost ------------------------- 6.15891432762146
------------------------- time cost ------------------------- 6.248470783233643
------------------------- time cost ------------------------- 6.4565534591674805
------------------------- time cost ------------------------- 6.311805486679077
------------------------- time cost ------------------------- 6.399134874343872
------------------------- time cost ------------------------- 6.454847097396851

-------------Round number: 50-------------

Evaluate global model
Averaged Train Loss: 0.4686
Averaged Test Accuracy: 0.7839
Averaged Test AUC: 0.7674
Averaged Test Precision: 0.7787
Averaged Test Recall: 0.7839
Averaged Test F1-Score: 0.7566
Std Test Accuracy: 0.0736
Std Test AUC: 0.0560
------------------------- time cost ------------------------- 7.319373369216919
------------------------- time cost ------------------------- 6.250348329544067
------------------------- time cost ------------------------- 6.406914949417114
------------------------- time cost ------------------------- 6.234931945800781
------------------------- time cost ------------------------- 6.336630582809448
------------------------- time cost ------------------------- 6.306478977203369
------------------------- time cost ------------------------- 6.277927398681641
------------------------- time cost ------------------------- 6.399953842163086
------------------------- time cost ------------------------- 6.3703155517578125
------------------------- time cost ------------------------- 6.307690382003784

-------------Round number: 60-------------

Evaluate global model
Averaged Train Loss: 0.4679
Averaged Test Accuracy: 0.7836
Averaged Test AUC: 0.7687
Averaged Test Precision: 0.7788
Averaged Test Recall: 0.7836
Averaged Test F1-Score: 0.7571
Std Test Accuracy: 0.0709
Std Test AUC: 0.0560
------------------------- time cost ------------------------- 7.589892864227295
------------------------- time cost ------------------------- 6.37725305557251
------------------------- time cost ------------------------- 6.4808337688446045
------------------------- time cost ------------------------- 6.234381437301636
------------------------- time cost ------------------------- 6.25887131690979
------------------------- time cost ------------------------- 6.220892429351807
------------------------- time cost ------------------------- 6.305306434631348
------------------------- time cost ------------------------- 6.398874759674072
------------------------- time cost ------------------------- 6.3309714794158936
------------------------- time cost ------------------------- 6.293311595916748

-------------Round number: 70-------------

Evaluate global model
Averaged Train Loss: 0.4667
Averaged Test Accuracy: 0.7875
Averaged Test AUC: 0.7705
Averaged Test Precision: 0.7806
Averaged Test Recall: 0.7875
Averaged Test F1-Score: 0.7641
Std Test Accuracy: 0.0663
Std Test AUC: 0.0540
------------------------- time cost ------------------------- 7.40658164024353
------------------------- time cost ------------------------- 6.370966911315918
------------------------- time cost ------------------------- 6.475205659866333
------------------------- time cost ------------------------- 6.25801682472229
------------------------- time cost ------------------------- 6.216553449630737
------------------------- time cost ------------------------- 6.255311727523804
------------------------- time cost ------------------------- 6.255660533905029
------------------------- time cost ------------------------- 6.297814846038818
------------------------- time cost ------------------------- 6.589121580123901
------------------------- time cost ------------------------- 6.329647064208984

-------------Round number: 80-------------

Evaluate global model
Averaged Train Loss: 0.4682
Averaged Test Accuracy: 0.7817
Averaged Test AUC: 0.7714
Averaged Test Precision: 0.7783
Averaged Test Recall: 0.7817
Averaged Test F1-Score: 0.7543
Std Test Accuracy: 0.0745
Std Test AUC: 0.0536
------------------------- time cost ------------------------- 7.457516670227051
------------------------- time cost ------------------------- 6.4833245277404785
------------------------- time cost ------------------------- 6.40174412727356
------------------------- time cost ------------------------- 6.3861424922943115
------------------------- time cost ------------------------- 6.265395164489746
------------------------- time cost ------------------------- 6.250222206115723
------------------------- time cost ------------------------- 6.226344347000122
------------------------- time cost ------------------------- 6.214757919311523
------------------------- time cost ------------------------- 6.4508585929870605
------------------------- time cost ------------------------- 6.276514530181885

-------------Round number: 90-------------

Evaluate global model
Averaged Train Loss: 0.4673
Averaged Test Accuracy: 0.7853
Averaged Test AUC: 0.7717
Averaged Test Precision: 0.7808
Averaged Test Recall: 0.7853
Averaged Test F1-Score: 0.7612
Std Test Accuracy: 0.0673
Std Test AUC: 0.0540
------------------------- time cost ------------------------- 7.402811527252197
------------------------- time cost ------------------------- 6.308902740478516
------------------------- time cost ------------------------- 6.447146415710449
------------------------- time cost ------------------------- 6.4051268100738525
------------------------- time cost ------------------------- 6.275510549545288
------------------------- time cost ------------------------- 6.38282585144043
------------------------- time cost ------------------------- 6.321770429611206
------------------------- time cost ------------------------- 6.352190017700195
------------------------- time cost ------------------------- 6.172886610031128
------------------------- time cost ------------------------- 6.052642107009888

-------------Round number: 100-------------

Evaluate global model
Averaged Train Loss: 0.4662
Averaged Test Accuracy: 0.7795
Averaged Test AUC: 0.7729
Averaged Test Precision: 0.7785
Averaged Test Recall: 0.7795
Averaged Test F1-Score: 0.7481
Std Test Accuracy: 0.0794
Std Test AUC: 0.0526
------------------------- time cost ------------------------- 7.638669967651367

Best accuracy.
0.7874666666666666

Average time cost per round.
6.430122218132019
File path: results/Uci_FedAvg_test/Uci_FedAvg_test_0.h5
Training process CSV file path: results/Uci_FedAvg_test/Uci_FedAvg_test_0_training_process.csv
Training process data saved to: results/Uci_FedAvg_test/Uci_FedAvg_test_0_training_process.csv

平均训练时间: 651.18秒
