实验: Uci_label_skew_ipm_RFA_run1
物理GPU ID: 2
CUDA_VISIBLE_DEVICES: 2
时间: 2026-01-24 22:09:57
命令: /miniconda3/bin/python flcore/main.py -data Uci -algo FedAvg -nc 10 -gr 100 -ls 5 -lbs 64 -lr 0.01 -eg 10 -t 1 --heterogeneity label_skew --enable_attack True --attack_mode ipm --malicious_ratio 0.3 --defense_mode rfa --use_tlbo False --tlbo_iterations 10 --use_autoencoder False --use_committee False
工作目录: /root/DecisionSupportSystem-FedACT/system

[GPU] 使用环境变量指定的GPU: CUDA_VISIBLE_DEVICES=2
============================================================
实验配置:
============================================================
  goal: test
  device: cuda
  device_id: 0
  dataset: Uci
  heterogeneity: label_skew
  model: auto
  num_classes: 2
  batch_size: 64
  local_learning_rate: 0.01
  global_rounds: 100
  local_epochs: 5
  algorithm: FedAvg
  num_clients: 10
  join_ratio: 1.0
  random_join_ratio: False
  prev: 0
  times: 1
  eval_gap: 10
  save_folder_name: results
  learning_rate_decay: False
  learning_rate_decay_gamma: 0.99
  few_shot: 0
  time_select: False
  time_threthold: 10000
  top_cnt: 100
  auto_break: False
  client_drop_rate: 0.0
  train_slow_rate: 0.0
  send_slow_rate: 0.0
  dlg_eval: False
  dlg_gap: 100
  batch_num_per_client: 2
  num_new_clients: 0
  fine_tuning_epoch_new: 0
  mu: 0.01
  beta: 0.0
  lamda: 1.0
  tau: 1.0
  plocal_epochs: 1
  server_learning_rate: 1.0
  enable_attack: True
  attack_mode: ipm
  malicious_ratio: 0.3
  attack_scale: 3.0
  defense_mode: rfa
  use_autoencoder: False
  autoencoder_latent_dim: 64
  autoencoder_epochs: 20
  committee_size: 5
  vote_threshold: 0.5
  anomaly_threshold: 0.5
  anomaly_lower_coef: 0.7
  anomaly_upper_coef: 1.5
  use_committee: False
  tlbo_iterations: 10
  use_tlbo: False
  use_merkle: True
  use_incentive: True
============================================================

============= 第 1 次实验 =============
正在初始化服务器和客户端...
数据集: Uci, 特征维度: 23
模型参数量: 189,330

Join ratio / total clients: 1.0 / 10
Finished creating server and clients.

-------------Round number: 0-------------

Evaluate global model
Averaged Train Loss: 0.6905
Averaged Test Accuracy: 0.5856
Averaged Test AUC: 0.5178
Averaged Test Precision: 0.6416
Averaged Test Recall: 0.5856
Averaged Test F1-Score: 0.5989
Std Test Accuracy: 0.1062
Std Test AUC: 0.0476
------------------------- time cost ------------------------- 7.780776739120483
------------------------- time cost ------------------------- 5.934115648269653
------------------------- time cost ------------------------- 6.189336776733398
------------------------- time cost ------------------------- 6.436116695404053
------------------------- time cost ------------------------- 6.304170370101929
------------------------- time cost ------------------------- 6.571350812911987
------------------------- time cost ------------------------- 6.965533494949341
------------------------- time cost ------------------------- 6.651361703872681
------------------------- time cost ------------------------- 6.297281265258789
------------------------- time cost ------------------------- 6.353431463241577

-------------Round number: 10-------------

Evaluate global model
Averaged Train Loss: 0.4935
Averaged Test Accuracy: 0.7423
Averaged Test AUC: 0.7424
Averaged Test Precision: 0.7256
Averaged Test Recall: 0.7423
Averaged Test F1-Score: 0.6519
Std Test Accuracy: 0.1016
Std Test AUC: 0.0616
------------------------- time cost ------------------------- 7.450257301330566
------------------------- time cost ------------------------- 6.372936010360718
------------------------- time cost ------------------------- 6.437432527542114
------------------------- time cost ------------------------- 6.2881224155426025
------------------------- time cost ------------------------- 6.253617525100708
------------------------- time cost ------------------------- 6.366955518722534
------------------------- time cost ------------------------- 6.364102840423584
------------------------- time cost ------------------------- 6.210318326950073
------------------------- time cost ------------------------- 6.305821180343628
------------------------- time cost ------------------------- 6.449225902557373

-------------Round number: 20-------------

Evaluate global model
Averaged Train Loss: 0.4744
Averaged Test Accuracy: 0.7781
Averaged Test AUC: 0.7553
Averaged Test Precision: 0.7736
Averaged Test Recall: 0.7781
Averaged Test F1-Score: 0.7429
Std Test Accuracy: 0.0794
Std Test AUC: 0.0611
------------------------- time cost ------------------------- 7.2706663608551025
------------------------- time cost ------------------------- 6.247578859329224
------------------------- time cost ------------------------- 6.395897150039673
------------------------- time cost ------------------------- 6.230946779251099
------------------------- time cost ------------------------- 6.262117624282837
------------------------- time cost ------------------------- 6.473524332046509
------------------------- time cost ------------------------- 6.291203022003174
------------------------- time cost ------------------------- 6.2693164348602295
------------------------- time cost ------------------------- 6.25925087928772
------------------------- time cost ------------------------- 6.228633880615234

-------------Round number: 30-------------

Evaluate global model
Averaged Train Loss: 0.4704
Averaged Test Accuracy: 0.7797
Averaged Test AUC: 0.7621
Averaged Test Precision: 0.7754
Averaged Test Recall: 0.7797
Averaged Test F1-Score: 0.7485
Std Test Accuracy: 0.0769
Std Test AUC: 0.0591
------------------------- time cost ------------------------- 7.512626647949219
------------------------- time cost ------------------------- 6.299180507659912
------------------------- time cost ------------------------- 6.298635482788086
------------------------- time cost ------------------------- 6.361937522888184
------------------------- time cost ------------------------- 6.297107458114624
------------------------- time cost ------------------------- 6.367196559906006
------------------------- time cost ------------------------- 6.369422674179077
------------------------- time cost ------------------------- 6.305768728256226
------------------------- time cost ------------------------- 6.231279611587524
------------------------- time cost ------------------------- 6.225403785705566

-------------Round number: 40-------------

Evaluate global model
Averaged Train Loss: 0.4703
Averaged Test Accuracy: 0.7805
Averaged Test AUC: 0.7651
Averaged Test Precision: 0.7770
Averaged Test Recall: 0.7805
Averaged Test F1-Score: 0.7498
Std Test Accuracy: 0.0775
Std Test AUC: 0.0580
------------------------- time cost ------------------------- 7.3570122718811035
------------------------- time cost ------------------------- 6.323428153991699
------------------------- time cost ------------------------- 6.381848335266113
------------------------- time cost ------------------------- 6.4040491580963135
------------------------- time cost ------------------------- 6.252333641052246
------------------------- time cost ------------------------- 6.415656089782715
------------------------- time cost ------------------------- 6.256163597106934
------------------------- time cost ------------------------- 6.339960098266602
------------------------- time cost ------------------------- 6.147902250289917
------------------------- time cost ------------------------- 6.3048319816589355

-------------Round number: 50-------------

Evaluate global model
Averaged Train Loss: 0.4669
Averaged Test Accuracy: 0.7881
Averaged Test AUC: 0.7677
Averaged Test Precision: 0.7802
Averaged Test Recall: 0.7881
Averaged Test F1-Score: 0.7643
Std Test Accuracy: 0.0674
Std Test AUC: 0.0568
------------------------- time cost ------------------------- 7.525106906890869
------------------------- time cost ------------------------- 6.216208219528198
------------------------- time cost ------------------------- 6.441847085952759
------------------------- time cost ------------------------- 6.3391993045806885
------------------------- time cost ------------------------- 6.318005084991455
------------------------- time cost ------------------------- 6.3456597328186035
------------------------- time cost ------------------------- 6.357404947280884
------------------------- time cost ------------------------- 6.429738521575928
------------------------- time cost ------------------------- 6.221312046051025
------------------------- time cost ------------------------- 6.265729665756226

-------------Round number: 60-------------

Evaluate global model
Averaged Train Loss: 0.4676
Averaged Test Accuracy: 0.7843
Averaged Test AUC: 0.7686
Averaged Test Precision: 0.7781
Averaged Test Recall: 0.7843
Averaged Test F1-Score: 0.7584
Std Test Accuracy: 0.0690
Std Test AUC: 0.0555
------------------------- time cost ------------------------- 7.449833393096924
------------------------- time cost ------------------------- 6.290480136871338
------------------------- time cost ------------------------- 6.372369050979614
------------------------- time cost ------------------------- 6.323444366455078
------------------------- time cost ------------------------- 6.236238241195679
------------------------- time cost ------------------------- 6.499945640563965
------------------------- time cost ------------------------- 6.302033424377441
------------------------- time cost ------------------------- 6.334862232208252
------------------------- time cost ------------------------- 6.337660551071167
------------------------- time cost ------------------------- 6.309810161590576

-------------Round number: 70-------------

Evaluate global model
Averaged Train Loss: 0.4661
Averaged Test Accuracy: 0.7879
Averaged Test AUC: 0.7708
Averaged Test Precision: 0.7816
Averaged Test Recall: 0.7879
Averaged Test F1-Score: 0.7651
Std Test Accuracy: 0.0649
Std Test AUC: 0.0536
------------------------- time cost ------------------------- 7.374993085861206
------------------------- time cost ------------------------- 6.303324222564697
------------------------- time cost ------------------------- 6.31165337562561
------------------------- time cost ------------------------- 6.1411988735198975
------------------------- time cost ------------------------- 6.374490022659302
------------------------- time cost ------------------------- 6.32772421836853
------------------------- time cost ------------------------- 6.426722764968872
------------------------- time cost ------------------------- 6.313429832458496
------------------------- time cost ------------------------- 6.256096363067627
------------------------- time cost ------------------------- 6.225318193435669

-------------Round number: 80-------------

Evaluate global model
Averaged Train Loss: 0.4664
Averaged Test Accuracy: 0.7857
Averaged Test AUC: 0.7718
Averaged Test Precision: 0.7800
Averaged Test Recall: 0.7857
Averaged Test F1-Score: 0.7610
Std Test Accuracy: 0.0691
Std Test AUC: 0.0530
------------------------- time cost ------------------------- 7.3360207080841064
------------------------- time cost ------------------------- 6.300615549087524
------------------------- time cost ------------------------- 6.285181999206543
------------------------- time cost ------------------------- 6.334245920181274
------------------------- time cost ------------------------- 6.32705545425415
------------------------- time cost ------------------------- 6.444311141967773
------------------------- time cost ------------------------- 6.399939298629761
------------------------- time cost ------------------------- 6.340512990951538
------------------------- time cost ------------------------- 6.313891649246216
------------------------- time cost ------------------------- 6.4010536670684814

-------------Round number: 90-------------

Evaluate global model
Averaged Train Loss: 0.4671
Averaged Test Accuracy: 0.7839
Averaged Test AUC: 0.7723
Averaged Test Precision: 0.7793
Averaged Test Recall: 0.7839
Averaged Test F1-Score: 0.7582
Std Test Accuracy: 0.0715
Std Test AUC: 0.0526
------------------------- time cost ------------------------- 7.359312534332275
------------------------- time cost ------------------------- 6.27866005897522
------------------------- time cost ------------------------- 6.375594854354858
------------------------- time cost ------------------------- 6.355848550796509
------------------------- time cost ------------------------- 6.25373911857605
------------------------- time cost ------------------------- 6.400527477264404
------------------------- time cost ------------------------- 6.364025592803955
------------------------- time cost ------------------------- 6.411847829818726
------------------------- time cost ------------------------- 6.453319787979126
------------------------- time cost ------------------------- 6.323119401931763

-------------Round number: 100-------------

Evaluate global model
Averaged Train Loss: 0.4687
Averaged Test Accuracy: 0.7727
Averaged Test AUC: 0.7722
Averaged Test Precision: 0.7729
Averaged Test Recall: 0.7727
Averaged Test F1-Score: 0.7371
Std Test Accuracy: 0.0862
Std Test AUC: 0.0520
------------------------- time cost ------------------------- 7.480588912963867

Best accuracy.
0.7881333333333334

Average time cost per round.
6.440936198234558
File path: results/Uci_FedAvg_test/Uci_FedAvg_test_0.h5
Training process CSV file path: results/Uci_FedAvg_test/Uci_FedAvg_test_0_training_process.csv
Training process data saved to: results/Uci_FedAvg_test/Uci_FedAvg_test_0_training_process.csv

平均训练时间: 653.22秒
