实验: Uci_label_skew_gaussian_None_run1
物理GPU ID: 4
CUDA_VISIBLE_DEVICES: 4
时间: 2026-01-24 21:48:14
命令: /miniconda3/bin/python flcore/main.py -data Uci -algo FedAvg -nc 10 -gr 100 -ls 5 -lbs 64 -lr 0.01 -eg 10 -t 1 --heterogeneity label_skew --enable_attack True --attack_mode gaussian --malicious_ratio 0.3 --defense_mode none --use_tlbo False --tlbo_iterations 10 --use_autoencoder False --use_committee False
工作目录: /root/DecisionSupportSystem-FedACT/system

[GPU] 使用环境变量指定的GPU: CUDA_VISIBLE_DEVICES=4
============================================================
实验配置:
============================================================
  goal: test
  device: cuda
  device_id: 0
  dataset: Uci
  heterogeneity: label_skew
  model: auto
  num_classes: 2
  batch_size: 64
  local_learning_rate: 0.01
  global_rounds: 100
  local_epochs: 5
  algorithm: FedAvg
  num_clients: 10
  join_ratio: 1.0
  random_join_ratio: False
  prev: 0
  times: 1
  eval_gap: 10
  save_folder_name: results
  learning_rate_decay: False
  learning_rate_decay_gamma: 0.99
  few_shot: 0
  time_select: False
  time_threthold: 10000
  top_cnt: 100
  auto_break: False
  client_drop_rate: 0.0
  train_slow_rate: 0.0
  send_slow_rate: 0.0
  dlg_eval: False
  dlg_gap: 100
  batch_num_per_client: 2
  num_new_clients: 0
  fine_tuning_epoch_new: 0
  mu: 0.01
  beta: 0.0
  lamda: 1.0
  tau: 1.0
  plocal_epochs: 1
  server_learning_rate: 1.0
  enable_attack: True
  attack_mode: gaussian
  malicious_ratio: 0.3
  attack_scale: 3.0
  defense_mode: none
  use_autoencoder: False
  autoencoder_latent_dim: 64
  autoencoder_epochs: 20
  committee_size: 5
  vote_threshold: 0.5
  anomaly_threshold: 0.5
  anomaly_lower_coef: 0.7
  anomaly_upper_coef: 1.5
  use_committee: False
  tlbo_iterations: 10
  use_tlbo: False
  use_merkle: True
  use_incentive: True
============================================================

============= 第 1 次实验 =============
正在初始化服务器和客户端...
数据集: Uci, 特征维度: 23
模型参数量: 189,330

Join ratio / total clients: 1.0 / 10
Finished creating server and clients.

-------------Round number: 0-------------

Evaluate global model
Averaged Train Loss: 0.6905
Averaged Test Accuracy: 0.5856
Averaged Test AUC: 0.5178
Averaged Test Precision: 0.6416
Averaged Test Recall: 0.5856
Averaged Test F1-Score: 0.5989
Std Test Accuracy: 0.1062
Std Test AUC: 0.0476
------------------------- time cost ------------------------- 7.696871042251587
------------------------- time cost ------------------------- 6.184966564178467
------------------------- time cost ------------------------- 6.124011516571045
------------------------- time cost ------------------------- 6.321748733520508
------------------------- time cost ------------------------- 6.114271879196167
------------------------- time cost ------------------------- 6.31574821472168
------------------------- time cost ------------------------- 6.3248045444488525
------------------------- time cost ------------------------- 6.320354461669922
------------------------- time cost ------------------------- 6.416392803192139
------------------------- time cost ------------------------- 6.373258590698242

-------------Round number: 10-------------

Evaluate global model
Averaged Train Loss: 0.4949
Averaged Test Accuracy: 0.7397
Averaged Test AUC: 0.7422
Averaged Test Precision: 0.7018
Averaged Test Recall: 0.7397
Averaged Test F1-Score: 0.6453
Std Test Accuracy: 0.1006
Std Test AUC: 0.0616
------------------------- time cost ------------------------- 7.4399590492248535
------------------------- time cost ------------------------- 6.351012468338013
------------------------- time cost ------------------------- 6.441258907318115
------------------------- time cost ------------------------- 6.412886142730713
------------------------- time cost ------------------------- 6.359725713729858
------------------------- time cost ------------------------- 6.463870525360107
------------------------- time cost ------------------------- 6.324092388153076
------------------------- time cost ------------------------- 6.366848707199097
------------------------- time cost ------------------------- 6.340551137924194
------------------------- time cost ------------------------- 6.452052354812622

-------------Round number: 20-------------

Evaluate global model
Averaged Train Loss: 0.4756
Averaged Test Accuracy: 0.7749
Averaged Test AUC: 0.7555
Averaged Test Precision: 0.7749
Averaged Test Recall: 0.7749
Averaged Test F1-Score: 0.7357
Std Test Accuracy: 0.0853
Std Test AUC: 0.0608
------------------------- time cost ------------------------- 7.417475700378418
------------------------- time cost ------------------------- 6.379502773284912
------------------------- time cost ------------------------- 6.425630807876587
------------------------- time cost ------------------------- 6.5021445751190186
------------------------- time cost ------------------------- 6.546434640884399
------------------------- time cost ------------------------- 6.520568132400513
------------------------- time cost ------------------------- 6.289838790893555
------------------------- time cost ------------------------- 6.38452410697937
------------------------- time cost ------------------------- 6.239571571350098
------------------------- time cost ------------------------- 6.3833067417144775

-------------Round number: 30-------------

Evaluate global model
Averaged Train Loss: 0.4719
Averaged Test Accuracy: 0.7796
Averaged Test AUC: 0.7614
Averaged Test Precision: 0.7735
Averaged Test Recall: 0.7796
Averaged Test F1-Score: 0.7489
Std Test Accuracy: 0.0775
Std Test AUC: 0.0599
------------------------- time cost ------------------------- 7.454122304916382
------------------------- time cost ------------------------- 6.498389005661011
------------------------- time cost ------------------------- 6.400797605514526
------------------------- time cost ------------------------- 6.314045429229736
------------------------- time cost ------------------------- 6.389386177062988
------------------------- time cost ------------------------- 6.298046350479126
------------------------- time cost ------------------------- 6.497461795806885
------------------------- time cost ------------------------- 6.3790435791015625
------------------------- time cost ------------------------- 6.424444675445557
------------------------- time cost ------------------------- 6.362937927246094

-------------Round number: 40-------------

Evaluate global model
Averaged Train Loss: 0.4707
Averaged Test Accuracy: 0.7761
Averaged Test AUC: 0.7646
Averaged Test Precision: 0.7742
Averaged Test Recall: 0.7761
Averaged Test F1-Score: 0.7430
Std Test Accuracy: 0.0804
Std Test AUC: 0.0578
------------------------- time cost ------------------------- 7.346660852432251
------------------------- time cost ------------------------- 6.380621671676636
------------------------- time cost ------------------------- 6.344062566757202
------------------------- time cost ------------------------- 6.282247066497803
------------------------- time cost ------------------------- 6.447536945343018
------------------------- time cost ------------------------- 6.29235577583313
------------------------- time cost ------------------------- 6.46719765663147
------------------------- time cost ------------------------- 6.440961599349976
------------------------- time cost ------------------------- 6.387348890304565
------------------------- time cost ------------------------- 6.362015008926392

-------------Round number: 50-------------

Evaluate global model
Averaged Train Loss: 0.4696
Averaged Test Accuracy: 0.7784
Averaged Test AUC: 0.7679
Averaged Test Precision: 0.7756
Averaged Test Recall: 0.7784
Averaged Test F1-Score: 0.7464
Std Test Accuracy: 0.0791
Std Test AUC: 0.0564
------------------------- time cost ------------------------- 7.345546722412109
------------------------- time cost ------------------------- 6.336274862289429
------------------------- time cost ------------------------- 6.449108839035034
------------------------- time cost ------------------------- 6.285935401916504
------------------------- time cost ------------------------- 6.48762583732605
------------------------- time cost ------------------------- 6.313725471496582
------------------------- time cost ------------------------- 6.375751733779907
------------------------- time cost ------------------------- 6.391261100769043
------------------------- time cost ------------------------- 6.490624904632568
------------------------- time cost ------------------------- 6.370650291442871

-------------Round number: 60-------------

Evaluate global model
Averaged Train Loss: 0.4684
Averaged Test Accuracy: 0.7813
Averaged Test AUC: 0.7693
Averaged Test Precision: 0.7778
Averaged Test Recall: 0.7813
Averaged Test F1-Score: 0.7522
Std Test Accuracy: 0.0743
Std Test AUC: 0.0553
------------------------- time cost ------------------------- 7.402080059051514
------------------------- time cost ------------------------- 6.39490532875061
------------------------- time cost ------------------------- 6.4100730419158936
------------------------- time cost ------------------------- 6.319312334060669
------------------------- time cost ------------------------- 6.434025526046753
------------------------- time cost ------------------------- 6.421478033065796
------------------------- time cost ------------------------- 6.346409559249878
------------------------- time cost ------------------------- 6.482525825500488
------------------------- time cost ------------------------- 6.444674491882324
------------------------- time cost ------------------------- 6.444010496139526

-------------Round number: 70-------------

Evaluate global model
Averaged Train Loss: 0.4685
Averaged Test Accuracy: 0.7849
Averaged Test AUC: 0.7706
Averaged Test Precision: 0.7796
Averaged Test Recall: 0.7849
Averaged Test F1-Score: 0.7596
Std Test Accuracy: 0.0700
Std Test AUC: 0.0540
------------------------- time cost ------------------------- 7.433186054229736
------------------------- time cost ------------------------- 6.37830376625061
------------------------- time cost ------------------------- 6.34017539024353
------------------------- time cost ------------------------- 6.337835311889648
------------------------- time cost ------------------------- 6.476600646972656
------------------------- time cost ------------------------- 6.3327765464782715
------------------------- time cost ------------------------- 6.2731287479400635
------------------------- time cost ------------------------- 6.421860933303833
------------------------- time cost ------------------------- 6.555821895599365
------------------------- time cost ------------------------- 6.25063419342041

-------------Round number: 80-------------

Evaluate global model
Averaged Train Loss: 0.4676
Averaged Test Accuracy: 0.7835
Averaged Test AUC: 0.7716
Averaged Test Precision: 0.7789
Averaged Test Recall: 0.7835
Averaged Test F1-Score: 0.7586
Std Test Accuracy: 0.0698
Std Test AUC: 0.0534
------------------------- time cost ------------------------- 7.403906345367432
------------------------- time cost ------------------------- 6.420430421829224
------------------------- time cost ------------------------- 6.330315351486206
------------------------- time cost ------------------------- 6.39243483543396
------------------------- time cost ------------------------- 6.327057600021362
------------------------- time cost ------------------------- 6.3077638149261475
------------------------- time cost ------------------------- 6.3196375370025635
------------------------- time cost ------------------------- 6.418644189834595
------------------------- time cost ------------------------- 6.622911691665649
------------------------- time cost ------------------------- 6.411278963088989

-------------Round number: 90-------------

Evaluate global model
Averaged Train Loss: 0.4670
Averaged Test Accuracy: 0.7772
Averaged Test AUC: 0.7724
Averaged Test Precision: 0.7762
Averaged Test Recall: 0.7772
Averaged Test F1-Score: 0.7453
Std Test Accuracy: 0.0796
Std Test AUC: 0.0536
------------------------- time cost ------------------------- 7.478431224822998
------------------------- time cost ------------------------- 6.384865045547485
------------------------- time cost ------------------------- 6.344046354293823
------------------------- time cost ------------------------- 6.366689205169678
------------------------- time cost ------------------------- 6.354710578918457
------------------------- time cost ------------------------- 6.450349807739258
------------------------- time cost ------------------------- 6.340822219848633
------------------------- time cost ------------------------- 6.514181852340698
------------------------- time cost ------------------------- 6.415852069854736
------------------------- time cost ------------------------- 6.525779962539673

-------------Round number: 100-------------

Evaluate global model
Averaged Train Loss: 0.4675
Averaged Test Accuracy: 0.7793
Averaged Test AUC: 0.7724
Averaged Test Precision: 0.7771
Averaged Test Recall: 0.7793
Averaged Test F1-Score: 0.7512
Std Test Accuracy: 0.0752
Std Test AUC: 0.0522
------------------------- time cost ------------------------- 7.630115032196045

Best accuracy.
0.7849333333333334

Average time cost per round.
6.488130428791046
File path: results/Uci_FedAvg_test/Uci_FedAvg_test_0.h5
Training process CSV file path: results/Uci_FedAvg_test/Uci_FedAvg_test_0_training_process.csv
Training process data saved to: results/Uci_FedAvg_test/Uci_FedAvg_test_0_training_process.csv

平均训练时间: 657.92秒
