实验: Uci_label_skew_gaussian_Median_run1
物理GPU ID: 0
CUDA_VISIBLE_DEVICES: 0
时间: 2026-01-24 21:48:09
命令: /miniconda3/bin/python flcore/main.py -data Uci -algo FedAvg -nc 10 -gr 100 -ls 5 -lbs 64 -lr 0.01 -eg 10 -t 1 --heterogeneity label_skew --enable_attack True --attack_mode gaussian --malicious_ratio 0.3 --defense_mode median --use_tlbo False --tlbo_iterations 10 --use_autoencoder False --use_committee False
工作目录: /root/DecisionSupportSystem-FedACT/system

[GPU] 使用环境变量指定的GPU: CUDA_VISIBLE_DEVICES=0
============================================================
实验配置:
============================================================
  goal: test
  device: cuda
  device_id: 0
  dataset: Uci
  heterogeneity: label_skew
  model: auto
  num_classes: 2
  batch_size: 64
  local_learning_rate: 0.01
  global_rounds: 100
  local_epochs: 5
  algorithm: FedAvg
  num_clients: 10
  join_ratio: 1.0
  random_join_ratio: False
  prev: 0
  times: 1
  eval_gap: 10
  save_folder_name: results
  learning_rate_decay: False
  learning_rate_decay_gamma: 0.99
  few_shot: 0
  time_select: False
  time_threthold: 10000
  top_cnt: 100
  auto_break: False
  client_drop_rate: 0.0
  train_slow_rate: 0.0
  send_slow_rate: 0.0
  dlg_eval: False
  dlg_gap: 100
  batch_num_per_client: 2
  num_new_clients: 0
  fine_tuning_epoch_new: 0
  mu: 0.01
  beta: 0.0
  lamda: 1.0
  tau: 1.0
  plocal_epochs: 1
  server_learning_rate: 1.0
  enable_attack: True
  attack_mode: gaussian
  malicious_ratio: 0.3
  attack_scale: 3.0
  defense_mode: median
  use_autoencoder: False
  autoencoder_latent_dim: 64
  autoencoder_epochs: 20
  committee_size: 5
  vote_threshold: 0.5
  anomaly_threshold: 0.5
  anomaly_lower_coef: 0.7
  anomaly_upper_coef: 1.5
  use_committee: False
  tlbo_iterations: 10
  use_tlbo: False
  use_merkle: True
  use_incentive: True
============================================================

============= 第 1 次实验 =============
正在初始化服务器和客户端...
数据集: Uci, 特征维度: 23
模型参数量: 189,330

Join ratio / total clients: 1.0 / 10
Finished creating server and clients.

-------------Round number: 0-------------

Evaluate global model
Averaged Train Loss: 0.6905
Averaged Test Accuracy: 0.5856
Averaged Test AUC: 0.5178
Averaged Test Precision: 0.6416
Averaged Test Recall: 0.5856
Averaged Test F1-Score: 0.5989
Std Test Accuracy: 0.1062
Std Test AUC: 0.0476
------------------------- time cost ------------------------- 7.795623540878296
------------------------- time cost ------------------------- 6.385931491851807
------------------------- time cost ------------------------- 6.060592889785767
------------------------- time cost ------------------------- 6.473341703414917
------------------------- time cost ------------------------- 6.6526336669921875
------------------------- time cost ------------------------- 6.396498680114746
------------------------- time cost ------------------------- 6.2899932861328125
------------------------- time cost ------------------------- 6.152936697006226
------------------------- time cost ------------------------- 6.33291220664978
------------------------- time cost ------------------------- 6.259223222732544

-------------Round number: 10-------------

Evaluate global model
Averaged Train Loss: 0.4940
Averaged Test Accuracy: 0.7405
Averaged Test AUC: 0.7412
Averaged Test Precision: 0.7275
Averaged Test Recall: 0.7405
Averaged Test F1-Score: 0.6474
Std Test Accuracy: 0.1012
Std Test AUC: 0.0618
------------------------- time cost ------------------------- 7.374626636505127
------------------------- time cost ------------------------- 6.303385019302368
------------------------- time cost ------------------------- 6.253165006637573
------------------------- time cost ------------------------- 6.270862340927124
------------------------- time cost ------------------------- 6.432591438293457
------------------------- time cost ------------------------- 6.320860147476196
------------------------- time cost ------------------------- 6.288442611694336
------------------------- time cost ------------------------- 6.231786727905273
------------------------- time cost ------------------------- 6.380168437957764
------------------------- time cost ------------------------- 6.221676349639893

-------------Round number: 20-------------

Evaluate global model
Averaged Train Loss: 0.4759
Averaged Test Accuracy: 0.7769
Averaged Test AUC: 0.7555
Averaged Test Precision: 0.7750
Averaged Test Recall: 0.7769
Averaged Test F1-Score: 0.7403
Std Test Accuracy: 0.0836
Std Test AUC: 0.0608
------------------------- time cost ------------------------- 7.336702346801758
------------------------- time cost ------------------------- 6.238316297531128
------------------------- time cost ------------------------- 6.356663465499878
------------------------- time cost ------------------------- 6.544825077056885
------------------------- time cost ------------------------- 6.361990690231323
------------------------- time cost ------------------------- 6.416040897369385
------------------------- time cost ------------------------- 6.187669277191162
------------------------- time cost ------------------------- 6.253115653991699
------------------------- time cost ------------------------- 6.393308639526367
------------------------- time cost ------------------------- 6.252067804336548

-------------Round number: 30-------------

Evaluate global model
Averaged Train Loss: 0.4709
Averaged Test Accuracy: 0.7804
Averaged Test AUC: 0.7619
Averaged Test Precision: 0.7755
Averaged Test Recall: 0.7804
Averaged Test F1-Score: 0.7495
Std Test Accuracy: 0.0760
Std Test AUC: 0.0591
------------------------- time cost ------------------------- 7.456416845321655
------------------------- time cost ------------------------- 6.382078409194946
------------------------- time cost ------------------------- 6.423751354217529
------------------------- time cost ------------------------- 6.348536491394043
------------------------- time cost ------------------------- 6.391471862792969
------------------------- time cost ------------------------- 6.284087896347046
------------------------- time cost ------------------------- 6.503541707992554
------------------------- time cost ------------------------- 6.171582221984863
------------------------- time cost ------------------------- 6.364932298660278
------------------------- time cost ------------------------- 6.313697338104248

-------------Round number: 40-------------

Evaluate global model
Averaged Train Loss: 0.4708
Averaged Test Accuracy: 0.7757
Averaged Test AUC: 0.7652
Averaged Test Precision: 0.7723
Averaged Test Recall: 0.7757
Averaged Test F1-Score: 0.7417
Std Test Accuracy: 0.0810
Std Test AUC: 0.0583
------------------------- time cost ------------------------- 7.244124412536621
------------------------- time cost ------------------------- 6.339576244354248
------------------------- time cost ------------------------- 6.287154674530029
------------------------- time cost ------------------------- 6.288395404815674
------------------------- time cost ------------------------- 6.37364387512207
------------------------- time cost ------------------------- 6.298707723617554
------------------------- time cost ------------------------- 6.394434928894043
------------------------- time cost ------------------------- 6.191322326660156
------------------------- time cost ------------------------- 6.285893678665161
------------------------- time cost ------------------------- 6.350703716278076

-------------Round number: 50-------------

Evaluate global model
Averaged Train Loss: 0.4706
Averaged Test Accuracy: 0.7765
Averaged Test AUC: 0.7673
Averaged Test Precision: 0.7752
Averaged Test Recall: 0.7765
Averaged Test F1-Score: 0.7429
Std Test Accuracy: 0.0814
Std Test AUC: 0.0569
------------------------- time cost ------------------------- 7.285692930221558
------------------------- time cost ------------------------- 6.331282615661621
------------------------- time cost ------------------------- 6.272110223770142
------------------------- time cost ------------------------- 6.291688680648804
------------------------- time cost ------------------------- 6.302690744400024
------------------------- time cost ------------------------- 6.2632551193237305
------------------------- time cost ------------------------- 6.212530136108398
------------------------- time cost ------------------------- 6.434873580932617
------------------------- time cost ------------------------- 6.459570407867432
------------------------- time cost ------------------------- 6.321642637252808

-------------Round number: 60-------------

Evaluate global model
Averaged Train Loss: 0.4690
Averaged Test Accuracy: 0.7753
Averaged Test AUC: 0.7697
Averaged Test Precision: 0.7749
Averaged Test Recall: 0.7753
Averaged Test F1-Score: 0.7416
Std Test Accuracy: 0.0819
Std Test AUC: 0.0550
------------------------- time cost ------------------------- 7.4192054271698
------------------------- time cost ------------------------- 6.383768796920776
------------------------- time cost ------------------------- 6.192686080932617
------------------------- time cost ------------------------- 6.3177666664123535
------------------------- time cost ------------------------- 6.4670329093933105
------------------------- time cost ------------------------- 6.2467567920684814
------------------------- time cost ------------------------- 6.251873731613159
------------------------- time cost ------------------------- 6.447983503341675
------------------------- time cost ------------------------- 6.3033740520477295
------------------------- time cost ------------------------- 6.269589185714722

-------------Round number: 70-------------

Evaluate global model
Averaged Train Loss: 0.4673
Averaged Test Accuracy: 0.7840
Averaged Test AUC: 0.7704
Averaged Test Precision: 0.7785
Averaged Test Recall: 0.7840
Averaged Test F1-Score: 0.7578
Std Test Accuracy: 0.0701
Std Test AUC: 0.0541
------------------------- time cost ------------------------- 7.329188108444214
------------------------- time cost ------------------------- 6.522595643997192
------------------------- time cost ------------------------- 6.268919229507446
------------------------- time cost ------------------------- 6.410891771316528
------------------------- time cost ------------------------- 6.3637590408325195
------------------------- time cost ------------------------- 6.225233554840088
------------------------- time cost ------------------------- 6.281203508377075
------------------------- time cost ------------------------- 6.289721727371216
------------------------- time cost ------------------------- 6.4175803661346436
------------------------- time cost ------------------------- 6.301754474639893

-------------Round number: 80-------------

Evaluate global model
Averaged Train Loss: 0.4676
Averaged Test Accuracy: 0.7841
Averaged Test AUC: 0.7717
Averaged Test Precision: 0.7805
Averaged Test Recall: 0.7841
Averaged Test F1-Score: 0.7578
Std Test Accuracy: 0.0706
Std Test AUC: 0.0533
------------------------- time cost ------------------------- 7.3405115604400635
------------------------- time cost ------------------------- 6.339430332183838
------------------------- time cost ------------------------- 6.290764093399048
------------------------- time cost ------------------------- 6.352930068969727
------------------------- time cost ------------------------- 6.3210368156433105
------------------------- time cost ------------------------- 6.3477795124053955
------------------------- time cost ------------------------- 6.30178165435791
------------------------- time cost ------------------------- 6.186794757843018
------------------------- time cost ------------------------- 6.534358739852905
------------------------- time cost ------------------------- 6.281379461288452

-------------Round number: 90-------------

Evaluate global model
Averaged Train Loss: 0.4681
Averaged Test Accuracy: 0.7803
Averaged Test AUC: 0.7720
Averaged Test Precision: 0.7783
Averaged Test Recall: 0.7803
Averaged Test F1-Score: 0.7519
Std Test Accuracy: 0.0731
Std Test AUC: 0.0530
------------------------- time cost ------------------------- 7.3912272453308105
------------------------- time cost ------------------------- 6.419800758361816
------------------------- time cost ------------------------- 6.231091737747192
------------------------- time cost ------------------------- 6.409539461135864
------------------------- time cost ------------------------- 6.340759754180908
------------------------- time cost ------------------------- 6.289243698120117
------------------------- time cost ------------------------- 6.4413697719573975
------------------------- time cost ------------------------- 5.9824159145355225
------------------------- time cost ------------------------- 6.36656379699707
------------------------- time cost ------------------------- 6.391162157058716

-------------Round number: 100-------------

Evaluate global model
Averaged Train Loss: 0.4662
Averaged Test Accuracy: 0.7803
Averaged Test AUC: 0.7727
Averaged Test Precision: 0.7787
Averaged Test Recall: 0.7803
Averaged Test F1-Score: 0.7511
Std Test Accuracy: 0.0736
Std Test AUC: 0.0526
------------------------- time cost ------------------------- 7.498115301132202

Best accuracy.
0.7841333333333333

Average time cost per round.
6.4306066036224365
File path: results/Uci_FedAvg_test/Uci_FedAvg_test_0.h5
Training process CSV file path: results/Uci_FedAvg_test/Uci_FedAvg_test_0_training_process.csv
Training process data saved to: results/Uci_FedAvg_test/Uci_FedAvg_test_0_training_process.csv

平均训练时间: 652.3秒
