实验: Uci_label_skew_gaussian_TrimmedMean_run1
物理GPU ID: 1
CUDA_VISIBLE_DEVICES: 1
时间: 2026-01-24 21:48:08
命令: /miniconda3/bin/python flcore/main.py -data Uci -algo FedAvg -nc 10 -gr 100 -ls 5 -lbs 64 -lr 0.01 -eg 10 -t 1 --heterogeneity label_skew --enable_attack True --attack_mode gaussian --malicious_ratio 0.3 --defense_mode trimmed_mean --use_tlbo False --tlbo_iterations 10 --use_autoencoder False --use_committee False
工作目录: /root/DecisionSupportSystem-FedACT/system

[GPU] 使用环境变量指定的GPU: CUDA_VISIBLE_DEVICES=1
============================================================
实验配置:
============================================================
  goal: test
  device: cuda
  device_id: 0
  dataset: Uci
  heterogeneity: label_skew
  model: auto
  num_classes: 2
  batch_size: 64
  local_learning_rate: 0.01
  global_rounds: 100
  local_epochs: 5
  algorithm: FedAvg
  num_clients: 10
  join_ratio: 1.0
  random_join_ratio: False
  prev: 0
  times: 1
  eval_gap: 10
  save_folder_name: results
  learning_rate_decay: False
  learning_rate_decay_gamma: 0.99
  few_shot: 0
  time_select: False
  time_threthold: 10000
  top_cnt: 100
  auto_break: False
  client_drop_rate: 0.0
  train_slow_rate: 0.0
  send_slow_rate: 0.0
  dlg_eval: False
  dlg_gap: 100
  batch_num_per_client: 2
  num_new_clients: 0
  fine_tuning_epoch_new: 0
  mu: 0.01
  beta: 0.0
  lamda: 1.0
  tau: 1.0
  plocal_epochs: 1
  server_learning_rate: 1.0
  enable_attack: True
  attack_mode: gaussian
  malicious_ratio: 0.3
  attack_scale: 3.0
  defense_mode: trimmed_mean
  use_autoencoder: False
  autoencoder_latent_dim: 64
  autoencoder_epochs: 20
  committee_size: 5
  vote_threshold: 0.5
  anomaly_threshold: 0.5
  anomaly_lower_coef: 0.7
  anomaly_upper_coef: 1.5
  use_committee: False
  tlbo_iterations: 10
  use_tlbo: False
  use_merkle: True
  use_incentive: True
============================================================

============= 第 1 次实验 =============
正在初始化服务器和客户端...
数据集: Uci, 特征维度: 23
模型参数量: 189,330

Join ratio / total clients: 1.0 / 10
Finished creating server and clients.

-------------Round number: 0-------------

Evaluate global model
Averaged Train Loss: 0.6905
Averaged Test Accuracy: 0.5856
Averaged Test AUC: 0.5178
Averaged Test Precision: 0.6416
Averaged Test Recall: 0.5856
Averaged Test F1-Score: 0.5989
Std Test Accuracy: 0.1062
Std Test AUC: 0.0476
------------------------- time cost ------------------------- 7.2414326667785645
------------------------- time cost ------------------------- 6.47109842300415
------------------------- time cost ------------------------- 5.8965981006622314
------------------------- time cost ------------------------- 6.611428737640381
------------------------- time cost ------------------------- 6.584516763687134
------------------------- time cost ------------------------- 6.1737470626831055
------------------------- time cost ------------------------- 6.148296356201172
------------------------- time cost ------------------------- 6.234623908996582
------------------------- time cost ------------------------- 6.3350043296813965
------------------------- time cost ------------------------- 6.210347890853882

-------------Round number: 10-------------

Evaluate global model
Averaged Train Loss: 0.4942
Averaged Test Accuracy: 0.7411
Averaged Test AUC: 0.7412
Averaged Test Precision: 0.7101
Averaged Test Recall: 0.7411
Averaged Test F1-Score: 0.6491
Std Test Accuracy: 0.1009
Std Test AUC: 0.0612
------------------------- time cost ------------------------- 7.260546922683716
------------------------- time cost ------------------------- 6.399641752243042
------------------------- time cost ------------------------- 6.24819278717041
------------------------- time cost ------------------------- 6.280982971191406
------------------------- time cost ------------------------- 6.263920783996582
------------------------- time cost ------------------------- 6.369532346725464
------------------------- time cost ------------------------- 6.258401393890381
------------------------- time cost ------------------------- 6.184696912765503
------------------------- time cost ------------------------- 6.393406629562378
------------------------- time cost ------------------------- 6.234523296356201

-------------Round number: 20-------------

Evaluate global model
Averaged Train Loss: 0.4756
Averaged Test Accuracy: 0.7740
Averaged Test AUC: 0.7551
Averaged Test Precision: 0.7726
Averaged Test Recall: 0.7740
Averaged Test F1-Score: 0.7344
Std Test Accuracy: 0.0859
Std Test AUC: 0.0613
------------------------- time cost ------------------------- 7.202486038208008
------------------------- time cost ------------------------- 6.265970706939697
------------------------- time cost ------------------------- 6.246967792510986
------------------------- time cost ------------------------- 6.274669170379639
------------------------- time cost ------------------------- 6.345198631286621
------------------------- time cost ------------------------- 6.341606140136719
------------------------- time cost ------------------------- 6.19672703742981
------------------------- time cost ------------------------- 6.3670289516448975
------------------------- time cost ------------------------- 6.293141841888428
------------------------- time cost ------------------------- 6.164911270141602

-------------Round number: 30-------------

Evaluate global model
Averaged Train Loss: 0.4707
Averaged Test Accuracy: 0.7800
Averaged Test AUC: 0.7611
Averaged Test Precision: 0.7750
Averaged Test Recall: 0.7800
Averaged Test F1-Score: 0.7483
Std Test Accuracy: 0.0773
Std Test AUC: 0.0600
------------------------- time cost ------------------------- 7.194888114929199
------------------------- time cost ------------------------- 6.344724178314209
------------------------- time cost ------------------------- 6.19561505317688
------------------------- time cost ------------------------- 6.3153300285339355
------------------------- time cost ------------------------- 6.287274360656738
------------------------- time cost ------------------------- 6.298035383224487
------------------------- time cost ------------------------- 6.460234880447388
------------------------- time cost ------------------------- 6.164257764816284
------------------------- time cost ------------------------- 6.361452102661133
------------------------- time cost ------------------------- 6.218554258346558

-------------Round number: 40-------------

Evaluate global model
Averaged Train Loss: 0.4696
Averaged Test Accuracy: 0.7793
Averaged Test AUC: 0.7651
Averaged Test Precision: 0.7739
Averaged Test Recall: 0.7793
Averaged Test F1-Score: 0.7488
Std Test Accuracy: 0.0756
Std Test AUC: 0.0581
------------------------- time cost ------------------------- 7.205916166305542
------------------------- time cost ------------------------- 6.435755014419556
------------------------- time cost ------------------------- 6.335305690765381
------------------------- time cost ------------------------- 6.195538282394409
------------------------- time cost ------------------------- 6.377839803695679
------------------------- time cost ------------------------- 6.209804058074951
------------------------- time cost ------------------------- 6.398595094680786
------------------------- time cost ------------------------- 6.301965951919556
------------------------- time cost ------------------------- 6.273715257644653
------------------------- time cost ------------------------- 6.267840147018433

-------------Round number: 50-------------

Evaluate global model
Averaged Train Loss: 0.4703
Averaged Test Accuracy: 0.7803
Averaged Test AUC: 0.7670
Averaged Test Precision: 0.7773
Averaged Test Recall: 0.7803
Averaged Test F1-Score: 0.7503
Std Test Accuracy: 0.0779
Std Test AUC: 0.0568
------------------------- time cost ------------------------- 7.159510850906372
------------------------- time cost ------------------------- 6.2527289390563965
------------------------- time cost ------------------------- 6.230103969573975
------------------------- time cost ------------------------- 6.213566303253174
------------------------- time cost ------------------------- 6.26570987701416
------------------------- time cost ------------------------- 6.243173360824585
------------------------- time cost ------------------------- 6.167878150939941
------------------------- time cost ------------------------- 6.247187852859497
------------------------- time cost ------------------------- 6.243140459060669
------------------------- time cost ------------------------- 6.2203075885772705

-------------Round number: 60-------------

Evaluate global model
Averaged Train Loss: 0.4682
Averaged Test Accuracy: 0.7797
Averaged Test AUC: 0.7692
Averaged Test Precision: 0.7787
Averaged Test Recall: 0.7797
Averaged Test F1-Score: 0.7484
Std Test Accuracy: 0.0775
Std Test AUC: 0.0555
------------------------- time cost ------------------------- 7.340425729751587
------------------------- time cost ------------------------- 6.28170108795166
------------------------- time cost ------------------------- 6.223822355270386
------------------------- time cost ------------------------- 6.240686893463135
------------------------- time cost ------------------------- 6.421443462371826
------------------------- time cost ------------------------- 6.187549829483032
------------------------- time cost ------------------------- 6.259791135787964
------------------------- time cost ------------------------- 6.384490966796875
------------------------- time cost ------------------------- 6.209785223007202
------------------------- time cost ------------------------- 6.321554183959961

-------------Round number: 70-------------

Evaluate global model
Averaged Train Loss: 0.4675
Averaged Test Accuracy: 0.7857
Averaged Test AUC: 0.7704
Averaged Test Precision: 0.7809
Averaged Test Recall: 0.7857
Averaged Test F1-Score: 0.7585
Std Test Accuracy: 0.0698
Std Test AUC: 0.0549
------------------------- time cost ------------------------- 7.204130411148071
------------------------- time cost ------------------------- 6.329995632171631
------------------------- time cost ------------------------- 6.2484986782073975
------------------------- time cost ------------------------- 6.301929473876953
------------------------- time cost ------------------------- 6.280886888504028
------------------------- time cost ------------------------- 6.2083899974823
------------------------- time cost ------------------------- 6.146718263626099
------------------------- time cost ------------------------- 6.098368883132935
------------------------- time cost ------------------------- 6.3556108474731445
------------------------- time cost ------------------------- 6.247606515884399

-------------Round number: 80-------------

Evaluate global model
Averaged Train Loss: 0.4685
Averaged Test Accuracy: 0.7819
Averaged Test AUC: 0.7714
Averaged Test Precision: 0.7783
Averaged Test Recall: 0.7819
Averaged Test F1-Score: 0.7542
Std Test Accuracy: 0.0722
Std Test AUC: 0.0535
------------------------- time cost ------------------------- 7.423203468322754
------------------------- time cost ------------------------- 6.241762399673462
------------------------- time cost ------------------------- 6.245690822601318
------------------------- time cost ------------------------- 6.4182984828948975
------------------------- time cost ------------------------- 6.221672534942627
------------------------- time cost ------------------------- 6.220298767089844
------------------------- time cost ------------------------- 6.269877195358276
------------------------- time cost ------------------------- 6.139999628067017
------------------------- time cost ------------------------- 6.4586334228515625
------------------------- time cost ------------------------- 6.272496938705444

-------------Round number: 90-------------

Evaluate global model
Averaged Train Loss: 0.4657
Averaged Test Accuracy: 0.7823
Averaged Test AUC: 0.7735
Averaged Test Precision: 0.7793
Averaged Test Recall: 0.7823
Averaged Test F1-Score: 0.7534
Std Test Accuracy: 0.0745
Std Test AUC: 0.0518
------------------------- time cost ------------------------- 7.302709579467773
------------------------- time cost ------------------------- 6.290968894958496
------------------------- time cost ------------------------- 6.202006578445435
------------------------- time cost ------------------------- 6.466933965682983
------------------------- time cost ------------------------- 6.252563238143921
------------------------- time cost ------------------------- 6.234355449676514
------------------------- time cost ------------------------- 6.476889371871948
------------------------- time cost ------------------------- 6.292932033538818
------------------------- time cost ------------------------- 6.385861873626709
------------------------- time cost ------------------------- 6.874290704727173

-------------Round number: 100-------------

Evaluate global model
Averaged Train Loss: 0.4662
Averaged Test Accuracy: 0.7836
Averaged Test AUC: 0.7728
Averaged Test Precision: 0.7798
Averaged Test Recall: 0.7836
Averaged Test F1-Score: 0.7568
Std Test Accuracy: 0.0716
Std Test AUC: 0.0522
------------------------- time cost ------------------------- 7.825387477874756

Best accuracy.
0.7857333333333333

Average time cost per round.
6.391543831825256
File path: results/Uci_FedAvg_test/Uci_FedAvg_test_0.h5
Training process CSV file path: results/Uci_FedAvg_test/Uci_FedAvg_test_0_training_process.csv
Training process data saved to: results/Uci_FedAvg_test/Uci_FedAvg_test_0_training_process.csv

平均训练时间: 647.79秒
