实验: Uci_label_skew_sign_flip_TrimmedMean_run1
物理GPU ID: 3
CUDA_VISIBLE_DEVICES: 3
时间: 2026-01-24 21:37:36
命令: /miniconda3/bin/python flcore/main.py -data Uci -algo FedAvg -nc 10 -gr 100 -ls 5 -lbs 64 -lr 0.01 -eg 10 -t 1 --heterogeneity label_skew --enable_attack True --attack_mode sign_flip --malicious_ratio 0.3 --defense_mode trimmed_mean --use_tlbo False --tlbo_iterations 10 --use_autoencoder False --use_committee False
工作目录: /root/DecisionSupportSystem-FedACT/system

[GPU] 使用环境变量指定的GPU: CUDA_VISIBLE_DEVICES=3
============================================================
实验配置:
============================================================
  goal: test
  device: cuda
  device_id: 0
  dataset: Uci
  heterogeneity: label_skew
  model: auto
  num_classes: 2
  batch_size: 64
  local_learning_rate: 0.01
  global_rounds: 100
  local_epochs: 5
  algorithm: FedAvg
  num_clients: 10
  join_ratio: 1.0
  random_join_ratio: False
  prev: 0
  times: 1
  eval_gap: 10
  save_folder_name: results
  learning_rate_decay: False
  learning_rate_decay_gamma: 0.99
  few_shot: 0
  time_select: False
  time_threthold: 10000
  top_cnt: 100
  auto_break: False
  client_drop_rate: 0.0
  train_slow_rate: 0.0
  send_slow_rate: 0.0
  dlg_eval: False
  dlg_gap: 100
  batch_num_per_client: 2
  num_new_clients: 0
  fine_tuning_epoch_new: 0
  mu: 0.01
  beta: 0.0
  lamda: 1.0
  tau: 1.0
  plocal_epochs: 1
  server_learning_rate: 1.0
  enable_attack: True
  attack_mode: sign_flip
  malicious_ratio: 0.3
  attack_scale: 3.0
  defense_mode: trimmed_mean
  use_autoencoder: False
  autoencoder_latent_dim: 64
  autoencoder_epochs: 20
  committee_size: 5
  vote_threshold: 0.5
  anomaly_threshold: 0.5
  anomaly_lower_coef: 0.7
  anomaly_upper_coef: 1.5
  use_committee: False
  tlbo_iterations: 10
  use_tlbo: False
  use_merkle: True
  use_incentive: True
============================================================

============= 第 1 次实验 =============
正在初始化服务器和客户端...
数据集: Uci, 特征维度: 23
模型参数量: 189,330

Join ratio / total clients: 1.0 / 10
Finished creating server and clients.

-------------Round number: 0-------------

Evaluate global model
Averaged Train Loss: 0.6905
Averaged Test Accuracy: 0.5856
Averaged Test AUC: 0.5178
Averaged Test Precision: 0.6416
Averaged Test Recall: 0.5856
Averaged Test F1-Score: 0.5989
Std Test Accuracy: 0.1062
Std Test AUC: 0.0476
------------------------- time cost ------------------------- 7.771282911300659
------------------------- time cost ------------------------- 6.272651195526123
------------------------- time cost ------------------------- 6.369793891906738
------------------------- time cost ------------------------- 6.242519378662109
------------------------- time cost ------------------------- 6.398760080337524
------------------------- time cost ------------------------- 6.203474998474121
------------------------- time cost ------------------------- 6.222733497619629
------------------------- time cost ------------------------- 6.32171106338501
------------------------- time cost ------------------------- 6.246480226516724
------------------------- time cost ------------------------- 6.315241813659668

-------------Round number: 10-------------

Evaluate global model
Averaged Train Loss: 0.4949
Averaged Test Accuracy: 0.7403
Averaged Test AUC: 0.7409
Averaged Test Precision: 0.7062
Averaged Test Recall: 0.7403
Averaged Test F1-Score: 0.6456
Std Test Accuracy: 0.1009
Std Test AUC: 0.0617
------------------------- time cost ------------------------- 7.200509309768677
------------------------- time cost ------------------------- 6.217240333557129
------------------------- time cost ------------------------- 6.340801000595093
------------------------- time cost ------------------------- 6.208374261856079
------------------------- time cost ------------------------- 6.346843004226685
------------------------- time cost ------------------------- 6.420137166976929
------------------------- time cost ------------------------- 6.345412015914917
------------------------- time cost ------------------------- 6.35184645652771
------------------------- time cost ------------------------- 6.406725883483887
------------------------- time cost ------------------------- 6.3209192752838135

-------------Round number: 20-------------

Evaluate global model
Averaged Train Loss: 0.4732
Averaged Test Accuracy: 0.7781
Averaged Test AUC: 0.7559
Averaged Test Precision: 0.7741
Averaged Test Recall: 0.7781
Averaged Test F1-Score: 0.7431
Std Test Accuracy: 0.0820
Std Test AUC: 0.0596
------------------------- time cost ------------------------- 7.262821912765503
------------------------- time cost ------------------------- 6.374164819717407
------------------------- time cost ------------------------- 6.148397207260132
------------------------- time cost ------------------------- 6.1588733196258545
------------------------- time cost ------------------------- 6.328840017318726
------------------------- time cost ------------------------- 6.375086069107056
------------------------- time cost ------------------------- 6.290937900543213
------------------------- time cost ------------------------- 6.2412426471710205
------------------------- time cost ------------------------- 6.249664306640625
------------------------- time cost ------------------------- 6.353996753692627

-------------Round number: 30-------------

Evaluate global model
Averaged Train Loss: 0.4712
Averaged Test Accuracy: 0.7787
Averaged Test AUC: 0.7613
Averaged Test Precision: 0.7738
Averaged Test Recall: 0.7787
Averaged Test F1-Score: 0.7467
Std Test Accuracy: 0.0788
Std Test AUC: 0.0599
------------------------- time cost ------------------------- 7.215311288833618
------------------------- time cost ------------------------- 6.29630708694458
------------------------- time cost ------------------------- 6.120203256607056
------------------------- time cost ------------------------- 6.143099069595337
------------------------- time cost ------------------------- 6.2630603313446045
------------------------- time cost ------------------------- 6.388246536254883
------------------------- time cost ------------------------- 6.506758451461792
------------------------- time cost ------------------------- 6.364136695861816
------------------------- time cost ------------------------- 6.33947491645813
------------------------- time cost ------------------------- 6.37156343460083

-------------Round number: 40-------------

Evaluate global model
Averaged Train Loss: 0.4705
Averaged Test Accuracy: 0.7788
Averaged Test AUC: 0.7645
Averaged Test Precision: 0.7773
Averaged Test Recall: 0.7788
Averaged Test F1-Score: 0.7474
Std Test Accuracy: 0.0805
Std Test AUC: 0.0582
------------------------- time cost ------------------------- 7.23703670501709
------------------------- time cost ------------------------- 6.221005439758301
------------------------- time cost ------------------------- 6.158473968505859
------------------------- time cost ------------------------- 6.150017261505127
------------------------- time cost ------------------------- 6.2502601146698
------------------------- time cost ------------------------- 6.2493627071380615
------------------------- time cost ------------------------- 6.474919319152832
------------------------- time cost ------------------------- 6.3773345947265625
------------------------- time cost ------------------------- 6.318798780441284
------------------------- time cost ------------------------- 6.343680143356323

-------------Round number: 50-------------

Evaluate global model
Averaged Train Loss: 0.4691
Averaged Test Accuracy: 0.7855
Averaged Test AUC: 0.7677
Averaged Test Precision: 0.7804
Averaged Test Recall: 0.7855
Averaged Test F1-Score: 0.7578
Std Test Accuracy: 0.0729
Std Test AUC: 0.0561
------------------------- time cost ------------------------- 7.281776189804077
------------------------- time cost ------------------------- 6.365739107131958
------------------------- time cost ------------------------- 6.242106199264526
------------------------- time cost ------------------------- 6.252316236495972
------------------------- time cost ------------------------- 6.246222972869873
------------------------- time cost ------------------------- 6.272227048873901
------------------------- time cost ------------------------- 6.323383092880249
------------------------- time cost ------------------------- 6.540468454360962
------------------------- time cost ------------------------- 6.378129005432129
------------------------- time cost ------------------------- 6.422223329544067

-------------Round number: 60-------------

Evaluate global model
Averaged Train Loss: 0.4677
Averaged Test Accuracy: 0.7819
Averaged Test AUC: 0.7692
Averaged Test Precision: 0.7770
Averaged Test Recall: 0.7819
Averaged Test F1-Score: 0.7522
Std Test Accuracy: 0.0731
Std Test AUC: 0.0548
------------------------- time cost ------------------------- 7.2345404624938965
------------------------- time cost ------------------------- 6.2559874057769775
------------------------- time cost ------------------------- 6.249921798706055
------------------------- time cost ------------------------- 6.173178672790527
------------------------- time cost ------------------------- 6.347558498382568
------------------------- time cost ------------------------- 6.267179727554321
------------------------- time cost ------------------------- 6.2523581981658936
------------------------- time cost ------------------------- 6.475583553314209
------------------------- time cost ------------------------- 6.324405908584595
------------------------- time cost ------------------------- 6.344486474990845

-------------Round number: 70-------------

Evaluate global model
Averaged Train Loss: 0.4674
Averaged Test Accuracy: 0.7855
Averaged Test AUC: 0.7702
Averaged Test Precision: 0.7787
Averaged Test Recall: 0.7855
Averaged Test F1-Score: 0.7619
Std Test Accuracy: 0.0667
Std Test AUC: 0.0547
------------------------- time cost ------------------------- 7.174045562744141
------------------------- time cost ------------------------- 6.39917254447937
------------------------- time cost ------------------------- 6.164783239364624
------------------------- time cost ------------------------- 6.2194108963012695
------------------------- time cost ------------------------- 6.124133586883545
------------------------- time cost ------------------------- 6.2626824378967285
------------------------- time cost ------------------------- 6.150711536407471
------------------------- time cost ------------------------- 6.196514129638672
------------------------- time cost ------------------------- 6.457873821258545
------------------------- time cost ------------------------- 6.366975784301758

-------------Round number: 80-------------

Evaluate global model
Averaged Train Loss: 0.4673
Averaged Test Accuracy: 0.7827
Averaged Test AUC: 0.7713
Averaged Test Precision: 0.7788
Averaged Test Recall: 0.7827
Averaged Test F1-Score: 0.7547
Std Test Accuracy: 0.0734
Std Test AUC: 0.0533
------------------------- time cost ------------------------- 7.312160968780518
------------------------- time cost ------------------------- 6.2189414501190186
------------------------- time cost ------------------------- 6.324645280838013
------------------------- time cost ------------------------- 6.317694664001465
------------------------- time cost ------------------------- 6.198429584503174
------------------------- time cost ------------------------- 6.220416784286499
------------------------- time cost ------------------------- 6.180930852890015
------------------------- time cost ------------------------- 6.1307737827301025
------------------------- time cost ------------------------- 6.445319414138794
------------------------- time cost ------------------------- 6.185555934906006

-------------Round number: 90-------------

Evaluate global model
Averaged Train Loss: 0.4672
Averaged Test Accuracy: 0.7841
Averaged Test AUC: 0.7725
Averaged Test Precision: 0.7796
Averaged Test Recall: 0.7841
Averaged Test F1-Score: 0.7581
Std Test Accuracy: 0.0716
Std Test AUC: 0.0529
------------------------- time cost ------------------------- 7.265395402908325
------------------------- time cost ------------------------- 6.229264736175537
------------------------- time cost ------------------------- 6.268366098403931
------------------------- time cost ------------------------- 6.191332817077637
------------------------- time cost ------------------------- 6.401967525482178
------------------------- time cost ------------------------- 6.150955677032471
------------------------- time cost ------------------------- 6.406497001647949
------------------------- time cost ------------------------- 6.1154303550720215
------------------------- time cost ------------------------- 6.826281309127808
------------------------- time cost ------------------------- 6.63285756111145

-------------Round number: 100-------------

Evaluate global model
Averaged Train Loss: 0.4675
Averaged Test Accuracy: 0.7768
Averaged Test AUC: 0.7728
Averaged Test Precision: 0.7749
Averaged Test Recall: 0.7768
Averaged Test F1-Score: 0.7448
Std Test Accuracy: 0.0817
Std Test AUC: 0.0519
------------------------- time cost ------------------------- 7.639766693115234

Best accuracy.
0.7854666666666666

Average time cost per round.
6.397543296813965
File path: results/Uci_FedAvg_test/Uci_FedAvg_test_0.h5
Training process CSV file path: results/Uci_FedAvg_test/Uci_FedAvg_test_0_training_process.csv
Training process data saved to: results/Uci_FedAvg_test/Uci_FedAvg_test_0_training_process.csv

平均训练时间: 648.74秒
