实验: Uci_iid_alie_Median_run1
物理GPU ID: 3
CUDA_VISIBLE_DEVICES: 3
时间: 2026-01-24 21:04:39
命令: /miniconda3/bin/python flcore/main.py -data Uci -algo FedAvg -nc 10 -gr 100 -ls 5 -lbs 64 -lr 0.01 -eg 10 -t 1 --heterogeneity iid --enable_attack True --attack_mode alie --malicious_ratio 0.3 --defense_mode median --use_tlbo False --tlbo_iterations 10 --use_autoencoder False --use_committee False
工作目录: /root/DecisionSupportSystem-FedACT/system

[GPU] 使用环境变量指定的GPU: CUDA_VISIBLE_DEVICES=3
============================================================
实验配置:
============================================================
  goal: test
  device: cuda
  device_id: 0
  dataset: Uci
  heterogeneity: iid
  model: auto
  num_classes: 2
  batch_size: 64
  local_learning_rate: 0.01
  global_rounds: 100
  local_epochs: 5
  algorithm: FedAvg
  num_clients: 10
  join_ratio: 1.0
  random_join_ratio: False
  prev: 0
  times: 1
  eval_gap: 10
  save_folder_name: results
  learning_rate_decay: False
  learning_rate_decay_gamma: 0.99
  few_shot: 0
  time_select: False
  time_threthold: 10000
  top_cnt: 100
  auto_break: False
  client_drop_rate: 0.0
  train_slow_rate: 0.0
  send_slow_rate: 0.0
  dlg_eval: False
  dlg_gap: 100
  batch_num_per_client: 2
  num_new_clients: 0
  fine_tuning_epoch_new: 0
  mu: 0.01
  beta: 0.0
  lamda: 1.0
  tau: 1.0
  plocal_epochs: 1
  server_learning_rate: 1.0
  enable_attack: True
  attack_mode: alie
  malicious_ratio: 0.3
  attack_scale: 3.0
  defense_mode: median
  use_autoencoder: False
  autoencoder_latent_dim: 64
  autoencoder_epochs: 20
  committee_size: 5
  vote_threshold: 0.5
  anomaly_threshold: 0.5
  anomaly_lower_coef: 0.7
  anomaly_upper_coef: 1.5
  use_committee: False
  tlbo_iterations: 10
  use_tlbo: False
  use_merkle: True
  use_incentive: True
============================================================

============= 第 1 次实验 =============
正在初始化服务器和客户端...
数据集: Uci, 特征维度: 23
模型参数量: 189,330

Join ratio / total clients: 1.0 / 10
Finished creating server and clients.

-------------Round number: 0-------------

Evaluate global model
Averaged Train Loss: 0.6905
Averaged Test Accuracy: 0.5856
Averaged Test AUC: 0.5178
Averaged Test Precision: 0.6416
Averaged Test Recall: 0.5856
Averaged Test F1-Score: 0.5989
Std Test Accuracy: 0.1062
Std Test AUC: 0.0476
------------------------- time cost ------------------------- 7.619041204452515
------------------------- time cost ------------------------- 6.332032203674316
------------------------- time cost ------------------------- 6.23527455329895
------------------------- time cost ------------------------- 6.270146608352661
------------------------- time cost ------------------------- 6.334442853927612
------------------------- time cost ------------------------- 6.193561792373657
------------------------- time cost ------------------------- 6.197221279144287
------------------------- time cost ------------------------- 6.26352071762085
------------------------- time cost ------------------------- 6.240764856338501
------------------------- time cost ------------------------- 6.576360702514648

-------------Round number: 10-------------

Evaluate global model
Averaged Train Loss: 0.4960
Averaged Test Accuracy: 0.7392
Averaged Test AUC: 0.7425
Averaged Test Precision: 0.7013
Averaged Test Recall: 0.7392
Averaged Test F1-Score: 0.6435
Std Test Accuracy: 0.1009
Std Test AUC: 0.0609
------------------------- time cost ------------------------- 7.508671045303345
------------------------- time cost ------------------------- 6.294670820236206
------------------------- time cost ------------------------- 6.232269048690796
------------------------- time cost ------------------------- 6.295202016830444
------------------------- time cost ------------------------- 6.362632751464844
------------------------- time cost ------------------------- 6.520425081253052
------------------------- time cost ------------------------- 6.263833522796631
------------------------- time cost ------------------------- 6.303515672683716
------------------------- time cost ------------------------- 6.303985118865967
------------------------- time cost ------------------------- 6.5818657875061035

-------------Round number: 20-------------

Evaluate global model
Averaged Train Loss: 0.4748
Averaged Test Accuracy: 0.7779
Averaged Test AUC: 0.7554
Averaged Test Precision: 0.7760
Averaged Test Recall: 0.7779
Averaged Test F1-Score: 0.7408
Std Test Accuracy: 0.0822
Std Test AUC: 0.0606
------------------------- time cost ------------------------- 7.488685846328735
------------------------- time cost ------------------------- 6.353963136672974
------------------------- time cost ------------------------- 6.235005855560303
------------------------- time cost ------------------------- 6.236445188522339
------------------------- time cost ------------------------- 6.27984094619751
------------------------- time cost ------------------------- 6.541046619415283
------------------------- time cost ------------------------- 6.119874715805054
------------------------- time cost ------------------------- 6.4187188148498535
------------------------- time cost ------------------------- 6.282559871673584
------------------------- time cost ------------------------- 6.481808423995972

-------------Round number: 30-------------

Evaluate global model
Averaged Train Loss: 0.4709
Averaged Test Accuracy: 0.7801
Averaged Test AUC: 0.7622
Averaged Test Precision: 0.7750
Averaged Test Recall: 0.7801
Averaged Test F1-Score: 0.7489
Std Test Accuracy: 0.0771
Std Test AUC: 0.0592
------------------------- time cost ------------------------- 7.478248596191406
------------------------- time cost ------------------------- 6.3921897411346436
------------------------- time cost ------------------------- 6.294721841812134
------------------------- time cost ------------------------- 6.291513442993164
------------------------- time cost ------------------------- 6.248474359512329
------------------------- time cost ------------------------- 6.325808763504028
------------------------- time cost ------------------------- 6.394599199295044
------------------------- time cost ------------------------- 6.338728189468384
------------------------- time cost ------------------------- 6.394284009933472
------------------------- time cost ------------------------- 6.515406370162964

-------------Round number: 40-------------

Evaluate global model
Averaged Train Loss: 0.4702
Averaged Test Accuracy: 0.7747
Averaged Test AUC: 0.7655
Averaged Test Precision: 0.7743
Averaged Test Recall: 0.7747
Averaged Test F1-Score: 0.7390
Std Test Accuracy: 0.0830
Std Test AUC: 0.0576
------------------------- time cost ------------------------- 7.354590177536011
------------------------- time cost ------------------------- 6.351355075836182
------------------------- time cost ------------------------- 6.387121200561523
------------------------- time cost ------------------------- 6.275713920593262
------------------------- time cost ------------------------- 6.356710433959961
------------------------- time cost ------------------------- 6.264836549758911
------------------------- time cost ------------------------- 6.36398720741272
------------------------- time cost ------------------------- 6.344030141830444
------------------------- time cost ------------------------- 6.322903394699097
------------------------- time cost ------------------------- 6.484271764755249

-------------Round number: 50-------------

Evaluate global model
Averaged Train Loss: 0.4703
Averaged Test Accuracy: 0.7761
Averaged Test AUC: 0.7675
Averaged Test Precision: 0.7755
Averaged Test Recall: 0.7761
Averaged Test F1-Score: 0.7420
Std Test Accuracy: 0.0819
Std Test AUC: 0.0567
------------------------- time cost ------------------------- 7.507876873016357
------------------------- time cost ------------------------- 6.373440742492676
------------------------- time cost ------------------------- 6.355672836303711
------------------------- time cost ------------------------- 6.400055170059204
------------------------- time cost ------------------------- 6.2836878299713135
------------------------- time cost ------------------------- 6.290579319000244
------------------------- time cost ------------------------- 6.270179510116577
------------------------- time cost ------------------------- 6.4698498249053955
------------------------- time cost ------------------------- 6.415954113006592
------------------------- time cost ------------------------- 6.44858717918396

-------------Round number: 60-------------

Evaluate global model
Averaged Train Loss: 0.4671
Averaged Test Accuracy: 0.7851
Averaged Test AUC: 0.7690
Averaged Test Precision: 0.7789
Averaged Test Recall: 0.7851
Averaged Test F1-Score: 0.7590
Std Test Accuracy: 0.0683
Std Test AUC: 0.0553
------------------------- time cost ------------------------- 7.569617033004761
------------------------- time cost ------------------------- 6.222400665283203
------------------------- time cost ------------------------- 6.148471117019653
------------------------- time cost ------------------------- 6.279263973236084
------------------------- time cost ------------------------- 6.150867938995361
------------------------- time cost ------------------------- 6.358875036239624
------------------------- time cost ------------------------- 6.275932550430298
------------------------- time cost ------------------------- 6.427218437194824
------------------------- time cost ------------------------- 6.247252702713013
------------------------- time cost ------------------------- 6.5640575885772705

-------------Round number: 70-------------

Evaluate global model
Averaged Train Loss: 0.4684
Averaged Test Accuracy: 0.7801
Averaged Test AUC: 0.7706
Averaged Test Precision: 0.7786
Averaged Test Recall: 0.7801
Averaged Test F1-Score: 0.7489
Std Test Accuracy: 0.0767
Std Test AUC: 0.0545
------------------------- time cost ------------------------- 7.52299165725708
------------------------- time cost ------------------------- 6.431924104690552
------------------------- time cost ------------------------- 6.200941324234009
------------------------- time cost ------------------------- 6.281341075897217
------------------------- time cost ------------------------- 6.317390441894531
------------------------- time cost ------------------------- 6.335919380187988
------------------------- time cost ------------------------- 6.272150278091431
------------------------- time cost ------------------------- 6.358098268508911
------------------------- time cost ------------------------- 6.543291330337524
------------------------- time cost ------------------------- 6.3868019580841064

-------------Round number: 80-------------

Evaluate global model
Averaged Train Loss: 0.4681
Averaged Test Accuracy: 0.7805
Averaged Test AUC: 0.7720
Averaged Test Precision: 0.7781
Averaged Test Recall: 0.7805
Averaged Test F1-Score: 0.7512
Std Test Accuracy: 0.0747
Std Test AUC: 0.0530
------------------------- time cost ------------------------- 7.43967866897583
------------------------- time cost ------------------------- 6.310187578201294
------------------------- time cost ------------------------- 6.3672003746032715
------------------------- time cost ------------------------- 6.238418340682983
------------------------- time cost ------------------------- 6.210843801498413
------------------------- time cost ------------------------- 6.343621253967285
------------------------- time cost ------------------------- 6.237573623657227
------------------------- time cost ------------------------- 6.417741060256958
------------------------- time cost ------------------------- 6.476264476776123
------------------------- time cost ------------------------- 6.467324733734131

-------------Round number: 90-------------

Evaluate global model
Averaged Train Loss: 0.4669
Averaged Test Accuracy: 0.7781
Averaged Test AUC: 0.7727
Averaged Test Precision: 0.7785
Averaged Test Recall: 0.7781
Averaged Test F1-Score: 0.7462
Std Test Accuracy: 0.0810
Std Test AUC: 0.0528
------------------------- time cost ------------------------- 7.28881573677063
------------------------- time cost ------------------------- 6.3596906661987305
------------------------- time cost ------------------------- 6.35190749168396
------------------------- time cost ------------------------- 6.210259914398193
------------------------- time cost ------------------------- 6.316788196563721
------------------------- time cost ------------------------- 6.2031683921813965
------------------------- time cost ------------------------- 6.242466688156128
------------------------- time cost ------------------------- 5.979785680770874
------------------------- time cost ------------------------- 5.892794370651245
------------------------- time cost ------------------------- 6.385800838470459

-------------Round number: 100-------------

Evaluate global model
Averaged Train Loss: 0.4663
Averaged Test Accuracy: 0.7805
Averaged Test AUC: 0.7730
Averaged Test Precision: 0.7784
Averaged Test Recall: 0.7805
Averaged Test F1-Score: 0.7527
Std Test Accuracy: 0.0741
Std Test AUC: 0.0522
------------------------- time cost ------------------------- 7.270333528518677

Best accuracy.
0.7850666666666667

Average time cost per round.
6.436491959095001
File path: results/Uci_FedAvg_test/Uci_FedAvg_test_0.h5
Training process CSV file path: results/Uci_FedAvg_test/Uci_FedAvg_test_0_training_process.csv
Training process data saved to: results/Uci_FedAvg_test/Uci_FedAvg_test_0_training_process.csv

平均训练时间: 652.77秒
