实验: Uci_feature_skew_free_rider_TrimmedMean_run1
物理GPU ID: 0
CUDA_VISIBLE_DEVICES: 0
时间: 2026-01-25 00:10:39
命令: /miniconda3/bin/python flcore/main.py -data Uci -algo FedAvg -nc 10 -gr 100 -ls 5 -lbs 64 -lr 0.01 -eg 10 -t 1 --heterogeneity feature_skew --enable_attack True --attack_mode free_rider --malicious_ratio 0.3 --defense_mode trimmed_mean --use_tlbo False --tlbo_iterations 10 --use_autoencoder False --use_committee False
工作目录: /root/DecisionSupportSystem-FedACT/system

[GPU] 使用环境变量指定的GPU: CUDA_VISIBLE_DEVICES=0
============================================================
实验配置:
============================================================
  goal: test
  device: cuda
  device_id: 0
  dataset: Uci
  heterogeneity: feature_skew
  model: auto
  num_classes: 2
  batch_size: 64
  local_learning_rate: 0.01
  global_rounds: 100
  local_epochs: 5
  algorithm: FedAvg
  num_clients: 10
  join_ratio: 1.0
  random_join_ratio: False
  prev: 0
  times: 1
  eval_gap: 10
  save_folder_name: results
  learning_rate_decay: False
  learning_rate_decay_gamma: 0.99
  few_shot: 0
  time_select: False
  time_threthold: 10000
  top_cnt: 100
  auto_break: False
  client_drop_rate: 0.0
  train_slow_rate: 0.0
  send_slow_rate: 0.0
  dlg_eval: False
  dlg_gap: 100
  batch_num_per_client: 2
  num_new_clients: 0
  fine_tuning_epoch_new: 0
  mu: 0.01
  beta: 0.0
  lamda: 1.0
  tau: 1.0
  plocal_epochs: 1
  server_learning_rate: 1.0
  enable_attack: True
  attack_mode: free_rider
  malicious_ratio: 0.3
  attack_scale: 3.0
  defense_mode: trimmed_mean
  use_autoencoder: False
  autoencoder_latent_dim: 64
  autoencoder_epochs: 20
  committee_size: 5
  vote_threshold: 0.5
  anomaly_threshold: 0.5
  anomaly_lower_coef: 0.7
  anomaly_upper_coef: 1.5
  use_committee: False
  tlbo_iterations: 10
  use_tlbo: False
  use_merkle: True
  use_incentive: True
============================================================

============= 第 1 次实验 =============
正在初始化服务器和客户端...
数据集: Uci, 特征维度: 23
模型参数量: 189,330

Join ratio / total clients: 1.0 / 10
Finished creating server and clients.

-------------Round number: 0-------------

Evaluate global model
Averaged Train Loss: 0.6905
Averaged Test Accuracy: 0.5856
Averaged Test AUC: 0.5178
Averaged Test Precision: 0.6416
Averaged Test Recall: 0.5856
Averaged Test F1-Score: 0.5989
Std Test Accuracy: 0.1062
Std Test AUC: 0.0476
------------------------- time cost ------------------------- 7.385183572769165
------------------------- time cost ------------------------- 5.8843231201171875
------------------------- time cost ------------------------- 5.939455986022949
------------------------- time cost ------------------------- 6.350166320800781
------------------------- time cost ------------------------- 6.550053596496582
------------------------- time cost ------------------------- 6.660628795623779
------------------------- time cost ------------------------- 6.522310733795166
------------------------- time cost ------------------------- 6.317440032958984
------------------------- time cost ------------------------- 6.295241594314575
------------------------- time cost ------------------------- 6.276553630828857

-------------Round number: 10-------------

Evaluate global model
Averaged Train Loss: 0.4965
Averaged Test Accuracy: 0.7416
Averaged Test AUC: 0.7411
Averaged Test Precision: 0.7515
Averaged Test Recall: 0.7416
Averaged Test F1-Score: 0.6486
Std Test Accuracy: 0.1011
Std Test AUC: 0.0623
------------------------- time cost ------------------------- 7.346914768218994
------------------------- time cost ------------------------- 6.420388698577881
------------------------- time cost ------------------------- 6.447926998138428
------------------------- time cost ------------------------- 6.2776854038238525
------------------------- time cost ------------------------- 6.372610092163086
------------------------- time cost ------------------------- 6.456910133361816
------------------------- time cost ------------------------- 6.314940929412842
------------------------- time cost ------------------------- 6.259606122970581
------------------------- time cost ------------------------- 6.3265087604522705
------------------------- time cost ------------------------- 6.254493236541748

-------------Round number: 20-------------

Evaluate global model
Averaged Train Loss: 0.4755
Averaged Test Accuracy: 0.7760
Averaged Test AUC: 0.7555
Averaged Test Precision: 0.7752
Averaged Test Recall: 0.7760
Averaged Test F1-Score: 0.7376
Std Test Accuracy: 0.0836
Std Test AUC: 0.0602
------------------------- time cost ------------------------- 7.31952691078186
------------------------- time cost ------------------------- 6.382822513580322
------------------------- time cost ------------------------- 6.298771381378174
------------------------- time cost ------------------------- 6.32619833946228
------------------------- time cost ------------------------- 6.4389050006866455
------------------------- time cost ------------------------- 6.579893112182617
------------------------- time cost ------------------------- 6.316436529159546
------------------------- time cost ------------------------- 6.311211109161377
------------------------- time cost ------------------------- 6.245820999145508
------------------------- time cost ------------------------- 6.269860029220581

-------------Round number: 30-------------

Evaluate global model
Averaged Train Loss: 0.4707
Averaged Test Accuracy: 0.7785
Averaged Test AUC: 0.7613
Averaged Test Precision: 0.7733
Averaged Test Recall: 0.7785
Averaged Test F1-Score: 0.7460
Std Test Accuracy: 0.0790
Std Test AUC: 0.0599
------------------------- time cost ------------------------- 7.37256646156311
------------------------- time cost ------------------------- 6.282756328582764
------------------------- time cost ------------------------- 6.415986776351929
------------------------- time cost ------------------------- 6.335310459136963
------------------------- time cost ------------------------- 6.424281120300293
------------------------- time cost ------------------------- 6.423849105834961
------------------------- time cost ------------------------- 6.471019983291626
------------------------- time cost ------------------------- 6.3989033699035645
------------------------- time cost ------------------------- 6.301488637924194
------------------------- time cost ------------------------- 6.294161081314087

-------------Round number: 40-------------

Evaluate global model
Averaged Train Loss: 0.4705
Averaged Test Accuracy: 0.7797
Averaged Test AUC: 0.7642
Averaged Test Precision: 0.7755
Averaged Test Recall: 0.7797
Averaged Test F1-Score: 0.7484
Std Test Accuracy: 0.0753
Std Test AUC: 0.0589
------------------------- time cost ------------------------- 7.413384199142456
------------------------- time cost ------------------------- 6.32717227935791
------------------------- time cost ------------------------- 6.3859758377075195
------------------------- time cost ------------------------- 6.30100679397583
------------------------- time cost ------------------------- 6.288694858551025
------------------------- time cost ------------------------- 6.330881118774414
------------------------- time cost ------------------------- 6.519092321395874
------------------------- time cost ------------------------- 6.3781139850616455
------------------------- time cost ------------------------- 6.277125835418701
------------------------- time cost ------------------------- 6.270815849304199

-------------Round number: 50-------------

Evaluate global model
Averaged Train Loss: 0.4701
Averaged Test Accuracy: 0.7791
Averaged Test AUC: 0.7668
Averaged Test Precision: 0.7755
Averaged Test Recall: 0.7791
Averaged Test F1-Score: 0.7485
Std Test Accuracy: 0.0776
Std Test AUC: 0.0573
------------------------- time cost ------------------------- 7.48499870300293
------------------------- time cost ------------------------- 6.163116693496704
------------------------- time cost ------------------------- 6.37973165512085
------------------------- time cost ------------------------- 6.428709030151367
------------------------- time cost ------------------------- 6.285733222961426
------------------------- time cost ------------------------- 6.311434745788574
------------------------- time cost ------------------------- 6.414529800415039
------------------------- time cost ------------------------- 6.399473667144775
------------------------- time cost ------------------------- 6.261974096298218
------------------------- time cost ------------------------- 6.299989223480225

-------------Round number: 60-------------

Evaluate global model
Averaged Train Loss: 0.4685
Averaged Test Accuracy: 0.7817
Averaged Test AUC: 0.7687
Averaged Test Precision: 0.7766
Averaged Test Recall: 0.7817
Averaged Test F1-Score: 0.7546
Std Test Accuracy: 0.0721
Std Test AUC: 0.0551
------------------------- time cost ------------------------- 7.354680299758911
------------------------- time cost ------------------------- 6.284688234329224
------------------------- time cost ------------------------- 6.235914707183838
------------------------- time cost ------------------------- 6.25672459602356
------------------------- time cost ------------------------- 6.192692518234253
------------------------- time cost ------------------------- 6.265550136566162
------------------------- time cost ------------------------- 6.371753215789795
------------------------- time cost ------------------------- 6.4999542236328125
------------------------- time cost ------------------------- 6.182311058044434
------------------------- time cost ------------------------- 6.196463584899902

-------------Round number: 70-------------

Evaluate global model
Averaged Train Loss: 0.4673
Averaged Test Accuracy: 0.7860
Averaged Test AUC: 0.7702
Averaged Test Precision: 0.7779
Averaged Test Recall: 0.7860
Averaged Test F1-Score: 0.7621
Std Test Accuracy: 0.0654
Std Test AUC: 0.0541
------------------------- time cost ------------------------- 7.429558038711548
------------------------- time cost ------------------------- 6.232356071472168
------------------------- time cost ------------------------- 6.418148517608643
------------------------- time cost ------------------------- 6.265926122665405
------------------------- time cost ------------------------- 6.173369407653809
------------------------- time cost ------------------------- 6.296227693557739
------------------------- time cost ------------------------- 6.273910999298096
------------------------- time cost ------------------------- 6.264481782913208
------------------------- time cost ------------------------- 6.371451139450073
------------------------- time cost ------------------------- 6.266922473907471

-------------Round number: 80-------------

Evaluate global model
Averaged Train Loss: 0.4682
Averaged Test Accuracy: 0.7809
Averaged Test AUC: 0.7708
Averaged Test Precision: 0.7781
Averaged Test Recall: 0.7809
Averaged Test F1-Score: 0.7517
Std Test Accuracy: 0.0769
Std Test AUC: 0.0542
------------------------- time cost ------------------------- 7.339006423950195
------------------------- time cost ------------------------- 6.3527727127075195
------------------------- time cost ------------------------- 6.268582582473755
------------------------- time cost ------------------------- 6.418478727340698
------------------------- time cost ------------------------- 6.38480806350708
------------------------- time cost ------------------------- 6.4057722091674805
------------------------- time cost ------------------------- 6.218234062194824
------------------------- time cost ------------------------- 6.375824213027954
------------------------- time cost ------------------------- 6.422964811325073
------------------------- time cost ------------------------- 6.514493703842163

-------------Round number: 90-------------

Evaluate global model
Averaged Train Loss: 0.4672
Averaged Test Accuracy: 0.7809
Averaged Test AUC: 0.7722
Averaged Test Precision: 0.7785
Averaged Test Recall: 0.7809
Averaged Test F1-Score: 0.7505
Std Test Accuracy: 0.0778
Std Test AUC: 0.0533
------------------------- time cost ------------------------- 7.3627729415893555
------------------------- time cost ------------------------- 6.3725996017456055
------------------------- time cost ------------------------- 6.384066104888916
------------------------- time cost ------------------------- 6.345018625259399
------------------------- time cost ------------------------- 6.110555171966553
------------------------- time cost ------------------------- 6.577142238616943
------------------------- time cost ------------------------- 6.37670636177063
------------------------- time cost ------------------------- 6.7851996421813965
------------------------- time cost ------------------------- 6.83146595954895
------------------------- time cost ------------------------- 6.713293552398682

-------------Round number: 100-------------

Evaluate global model
Averaged Train Loss: 0.4660
Averaged Test Accuracy: 0.7825
Averaged Test AUC: 0.7724
Averaged Test Precision: 0.7789
Averaged Test Recall: 0.7825
Averaged Test F1-Score: 0.7565
Std Test Accuracy: 0.0724
Std Test AUC: 0.0528
------------------------- time cost ------------------------- 7.677207708358765

Best accuracy.
0.786

Average time cost per round.
6.454759323596955
File path: results/Uci_FedAvg_test/Uci_FedAvg_test_0.h5
Training process CSV file path: results/Uci_FedAvg_test/Uci_FedAvg_test_0_training_process.csv
Training process data saved to: results/Uci_FedAvg_test/Uci_FedAvg_test_0_training_process.csv

平均训练时间: 654.14秒
