实验: Uci_label_skew_scale_RFA_run1
物理GPU ID: 3
CUDA_VISIBLE_DEVICES: 3
时间: 2026-01-24 21:48:50
命令: /miniconda3/bin/python flcore/main.py -data Uci -algo FedAvg -nc 10 -gr 100 -ls 5 -lbs 64 -lr 0.01 -eg 10 -t 1 --heterogeneity label_skew --enable_attack True --attack_mode scale --malicious_ratio 0.3 --defense_mode rfa --use_tlbo False --tlbo_iterations 10 --use_autoencoder False --use_committee False
工作目录: /root/DecisionSupportSystem-FedACT/system

[GPU] 使用环境变量指定的GPU: CUDA_VISIBLE_DEVICES=3
============================================================
实验配置:
============================================================
  goal: test
  device: cuda
  device_id: 0
  dataset: Uci
  heterogeneity: label_skew
  model: auto
  num_classes: 2
  batch_size: 64
  local_learning_rate: 0.01
  global_rounds: 100
  local_epochs: 5
  algorithm: FedAvg
  num_clients: 10
  join_ratio: 1.0
  random_join_ratio: False
  prev: 0
  times: 1
  eval_gap: 10
  save_folder_name: results
  learning_rate_decay: False
  learning_rate_decay_gamma: 0.99
  few_shot: 0
  time_select: False
  time_threthold: 10000
  top_cnt: 100
  auto_break: False
  client_drop_rate: 0.0
  train_slow_rate: 0.0
  send_slow_rate: 0.0
  dlg_eval: False
  dlg_gap: 100
  batch_num_per_client: 2
  num_new_clients: 0
  fine_tuning_epoch_new: 0
  mu: 0.01
  beta: 0.0
  lamda: 1.0
  tau: 1.0
  plocal_epochs: 1
  server_learning_rate: 1.0
  enable_attack: True
  attack_mode: scale
  malicious_ratio: 0.3
  attack_scale: 3.0
  defense_mode: rfa
  use_autoencoder: False
  autoencoder_latent_dim: 64
  autoencoder_epochs: 20
  committee_size: 5
  vote_threshold: 0.5
  anomaly_threshold: 0.5
  anomaly_lower_coef: 0.7
  anomaly_upper_coef: 1.5
  use_committee: False
  tlbo_iterations: 10
  use_tlbo: False
  use_merkle: True
  use_incentive: True
============================================================

============= 第 1 次实验 =============
正在初始化服务器和客户端...
数据集: Uci, 特征维度: 23
模型参数量: 189,330

Join ratio / total clients: 1.0 / 10
Finished creating server and clients.

-------------Round number: 0-------------

Evaluate global model
Averaged Train Loss: 0.6905
Averaged Test Accuracy: 0.5856
Averaged Test AUC: 0.5178
Averaged Test Precision: 0.6416
Averaged Test Recall: 0.5856
Averaged Test F1-Score: 0.5989
Std Test Accuracy: 0.1062
Std Test AUC: 0.0476
------------------------- time cost ------------------------- 7.6580705642700195
------------------------- time cost ------------------------- 6.432703971862793
------------------------- time cost ------------------------- 6.349774599075317
------------------------- time cost ------------------------- 6.334878444671631
------------------------- time cost ------------------------- 6.450329780578613
------------------------- time cost ------------------------- 6.504512071609497
------------------------- time cost ------------------------- 6.343400239944458
------------------------- time cost ------------------------- 6.48145604133606
------------------------- time cost ------------------------- 6.497518301010132
------------------------- time cost ------------------------- 6.541470766067505

-------------Round number: 10-------------

Evaluate global model
Averaged Train Loss: 0.4949
Averaged Test Accuracy: 0.7409
Averaged Test AUC: 0.7416
Averaged Test Precision: 0.7068
Averaged Test Recall: 0.7409
Averaged Test F1-Score: 0.6488
Std Test Accuracy: 0.1012
Std Test AUC: 0.0623
------------------------- time cost ------------------------- 7.494138956069946
------------------------- time cost ------------------------- 6.647930145263672
------------------------- time cost ------------------------- 6.385113954544067
------------------------- time cost ------------------------- 6.377434730529785
------------------------- time cost ------------------------- 6.456892490386963
------------------------- time cost ------------------------- 6.417440414428711
------------------------- time cost ------------------------- 6.3104941844940186
------------------------- time cost ------------------------- 6.51134729385376
------------------------- time cost ------------------------- 6.561172723770142
------------------------- time cost ------------------------- 6.480063199996948

-------------Round number: 20-------------

Evaluate global model
Averaged Train Loss: 0.4762
Averaged Test Accuracy: 0.7739
Averaged Test AUC: 0.7546
Averaged Test Precision: 0.7742
Averaged Test Recall: 0.7739
Averaged Test F1-Score: 0.7341
Std Test Accuracy: 0.0865
Std Test AUC: 0.0618
------------------------- time cost ------------------------- 7.639391183853149
------------------------- time cost ------------------------- 6.422841310501099
------------------------- time cost ------------------------- 6.392793416976929
------------------------- time cost ------------------------- 6.397190809249878
------------------------- time cost ------------------------- 6.494970321655273
------------------------- time cost ------------------------- 6.492435455322266
------------------------- time cost ------------------------- 6.42424750328064
------------------------- time cost ------------------------- 6.443232297897339
------------------------- time cost ------------------------- 6.4458136558532715
------------------------- time cost ------------------------- 6.476711750030518

-------------Round number: 30-------------

Evaluate global model
Averaged Train Loss: 0.4728
Averaged Test Accuracy: 0.7784
Averaged Test AUC: 0.7603
Averaged Test Precision: 0.7746
Averaged Test Recall: 0.7784
Averaged Test F1-Score: 0.7457
Std Test Accuracy: 0.0794
Std Test AUC: 0.0602
------------------------- time cost ------------------------- 7.673880100250244
------------------------- time cost ------------------------- 6.5172810554504395
------------------------- time cost ------------------------- 6.35543417930603
------------------------- time cost ------------------------- 6.474695444107056
------------------------- time cost ------------------------- 6.498218536376953
------------------------- time cost ------------------------- 6.413558006286621
------------------------- time cost ------------------------- 6.4718005657196045
------------------------- time cost ------------------------- 6.469955682754517
------------------------- time cost ------------------------- 6.460886240005493
------------------------- time cost ------------------------- 6.439999580383301

-------------Round number: 40-------------

Evaluate global model
Averaged Train Loss: 0.4713
Averaged Test Accuracy: 0.7771
Averaged Test AUC: 0.7643
Averaged Test Precision: 0.7743
Averaged Test Recall: 0.7771
Averaged Test F1-Score: 0.7453
Std Test Accuracy: 0.0783
Std Test AUC: 0.0585
------------------------- time cost ------------------------- 7.4394848346710205
------------------------- time cost ------------------------- 6.50687050819397
------------------------- time cost ------------------------- 6.369269132614136
------------------------- time cost ------------------------- 6.409512996673584
------------------------- time cost ------------------------- 6.494638919830322
------------------------- time cost ------------------------- 6.450254440307617
------------------------- time cost ------------------------- 6.399585247039795
------------------------- time cost ------------------------- 6.462117910385132
------------------------- time cost ------------------------- 6.415764570236206
------------------------- time cost ------------------------- 6.273073434829712

-------------Round number: 50-------------

Evaluate global model
Averaged Train Loss: 0.4687
Averaged Test Accuracy: 0.7825
Averaged Test AUC: 0.7671
Averaged Test Precision: 0.7779
Averaged Test Recall: 0.7825
Averaged Test F1-Score: 0.7542
Std Test Accuracy: 0.0751
Std Test AUC: 0.0564
------------------------- time cost ------------------------- 7.5345025062561035
------------------------- time cost ------------------------- 6.3840813636779785
------------------------- time cost ------------------------- 6.387228012084961
------------------------- time cost ------------------------- 6.489150285720825
------------------------- time cost ------------------------- 6.507097005844116
------------------------- time cost ------------------------- 6.5328638553619385
------------------------- time cost ------------------------- 6.400334119796753
------------------------- time cost ------------------------- 6.514649152755737
------------------------- time cost ------------------------- 6.576982259750366
------------------------- time cost ------------------------- 6.448566198348999

-------------Round number: 60-------------

Evaluate global model
Averaged Train Loss: 0.4672
Averaged Test Accuracy: 0.7843
Averaged Test AUC: 0.7694
Averaged Test Precision: 0.7790
Averaged Test Recall: 0.7843
Averaged Test F1-Score: 0.7562
Std Test Accuracy: 0.0712
Std Test AUC: 0.0549
------------------------- time cost ------------------------- 7.455497980117798
------------------------- time cost ------------------------- 6.332960605621338
------------------------- time cost ------------------------- 6.3762195110321045
------------------------- time cost ------------------------- 6.395212173461914
------------------------- time cost ------------------------- 6.299140214920044
------------------------- time cost ------------------------- 6.654505968093872
------------------------- time cost ------------------------- 6.402029991149902
------------------------- time cost ------------------------- 6.5722575187683105
------------------------- time cost ------------------------- 6.53532862663269
------------------------- time cost ------------------------- 6.230099678039551

-------------Round number: 70-------------

Evaluate global model
Averaged Train Loss: 0.4666
Averaged Test Accuracy: 0.7871
Averaged Test AUC: 0.7699
Averaged Test Precision: 0.7800
Averaged Test Recall: 0.7871
Averaged Test F1-Score: 0.7635
Std Test Accuracy: 0.0659
Std Test AUC: 0.0554
------------------------- time cost ------------------------- 7.596750020980835
------------------------- time cost ------------------------- 6.392787933349609
------------------------- time cost ------------------------- 6.443817377090454
------------------------- time cost ------------------------- 6.459075450897217
------------------------- time cost ------------------------- 6.5066869258880615
------------------------- time cost ------------------------- 6.54760217666626
------------------------- time cost ------------------------- 6.448080778121948
------------------------- time cost ------------------------- 6.429922819137573
------------------------- time cost ------------------------- 6.542779922485352
------------------------- time cost ------------------------- 6.380474328994751

-------------Round number: 80-------------

Evaluate global model
Averaged Train Loss: 0.4682
Averaged Test Accuracy: 0.7829
Averaged Test AUC: 0.7709
Averaged Test Precision: 0.7780
Averaged Test Recall: 0.7829
Averaged Test F1-Score: 0.7576
Std Test Accuracy: 0.0700
Std Test AUC: 0.0545
------------------------- time cost ------------------------- 7.409201383590698
------------------------- time cost ------------------------- 6.363676071166992
------------------------- time cost ------------------------- 6.395679235458374
------------------------- time cost ------------------------- 6.499309778213501
------------------------- time cost ------------------------- 6.403600215911865
------------------------- time cost ------------------------- 6.451878309249878
------------------------- time cost ------------------------- 6.421456813812256
------------------------- time cost ------------------------- 6.6153669357299805
------------------------- time cost ------------------------- 6.416905164718628
------------------------- time cost ------------------------- 6.6857733726501465

-------------Round number: 90-------------

Evaluate global model
Averaged Train Loss: 0.4665
Averaged Test Accuracy: 0.7820
Averaged Test AUC: 0.7721
Averaged Test Precision: 0.7777
Averaged Test Recall: 0.7820
Averaged Test F1-Score: 0.7549
Std Test Accuracy: 0.0721
Std Test AUC: 0.0528
------------------------- time cost ------------------------- 7.436654567718506
------------------------- time cost ------------------------- 6.223644733428955
------------------------- time cost ------------------------- 5.9399449825286865
------------------------- time cost ------------------------- 5.959389686584473
------------------------- time cost ------------------------- 6.006327390670776
------------------------- time cost ------------------------- 6.69062066078186
------------------------- time cost ------------------------- 6.0029497146606445
------------------------- time cost ------------------------- 6.489679574966431
------------------------- time cost ------------------------- 6.140671253204346
------------------------- time cost ------------------------- 6.483052968978882

-------------Round number: 100-------------

Evaluate global model
Averaged Train Loss: 0.4666
Averaged Test Accuracy: 0.7812
Averaged Test AUC: 0.7729
Averaged Test Precision: 0.7774
Averaged Test Recall: 0.7812
Averaged Test F1-Score: 0.7534
Std Test Accuracy: 0.0732
Std Test AUC: 0.0522
------------------------- time cost ------------------------- 7.922822713851929

Best accuracy.
0.7870666666666667

Average time cost per round.
6.539392716884613
File path: results/Uci_FedAvg_test/Uci_FedAvg_test_0.h5
Training process CSV file path: results/Uci_FedAvg_test/Uci_FedAvg_test_0_training_process.csv
Training process data saved to: results/Uci_FedAvg_test/Uci_FedAvg_test_0_training_process.csv

平均训练时间: 663.01秒
