实验: Uci_label_skew_free_rider_Median_run1
物理GPU ID: 2
CUDA_VISIBLE_DEVICES: 2
时间: 2026-01-24 22:21:40
命令: /miniconda3/bin/python flcore/main.py -data Uci -algo FedAvg -nc 10 -gr 100 -ls 5 -lbs 64 -lr 0.01 -eg 10 -t 1 --heterogeneity label_skew --enable_attack True --attack_mode free_rider --malicious_ratio 0.3 --defense_mode median --use_tlbo False --tlbo_iterations 10 --use_autoencoder False --use_committee False
工作目录: /root/DecisionSupportSystem-FedACT/system

[GPU] 使用环境变量指定的GPU: CUDA_VISIBLE_DEVICES=2
============================================================
实验配置:
============================================================
  goal: test
  device: cuda
  device_id: 0
  dataset: Uci
  heterogeneity: label_skew
  model: auto
  num_classes: 2
  batch_size: 64
  local_learning_rate: 0.01
  global_rounds: 100
  local_epochs: 5
  algorithm: FedAvg
  num_clients: 10
  join_ratio: 1.0
  random_join_ratio: False
  prev: 0
  times: 1
  eval_gap: 10
  save_folder_name: results
  learning_rate_decay: False
  learning_rate_decay_gamma: 0.99
  few_shot: 0
  time_select: False
  time_threthold: 10000
  top_cnt: 100
  auto_break: False
  client_drop_rate: 0.0
  train_slow_rate: 0.0
  send_slow_rate: 0.0
  dlg_eval: False
  dlg_gap: 100
  batch_num_per_client: 2
  num_new_clients: 0
  fine_tuning_epoch_new: 0
  mu: 0.01
  beta: 0.0
  lamda: 1.0
  tau: 1.0
  plocal_epochs: 1
  server_learning_rate: 1.0
  enable_attack: True
  attack_mode: free_rider
  malicious_ratio: 0.3
  attack_scale: 3.0
  defense_mode: median
  use_autoencoder: False
  autoencoder_latent_dim: 64
  autoencoder_epochs: 20
  committee_size: 5
  vote_threshold: 0.5
  anomaly_threshold: 0.5
  anomaly_lower_coef: 0.7
  anomaly_upper_coef: 1.5
  use_committee: False
  tlbo_iterations: 10
  use_tlbo: False
  use_merkle: True
  use_incentive: True
============================================================

============= 第 1 次实验 =============
正在初始化服务器和客户端...
数据集: Uci, 特征维度: 23
模型参数量: 189,330

Join ratio / total clients: 1.0 / 10
Finished creating server and clients.

-------------Round number: 0-------------

Evaluate global model
Averaged Train Loss: 0.6905
Averaged Test Accuracy: 0.5856
Averaged Test AUC: 0.5178
Averaged Test Precision: 0.6416
Averaged Test Recall: 0.5856
Averaged Test F1-Score: 0.5989
Std Test Accuracy: 0.1062
Std Test AUC: 0.0476
------------------------- time cost ------------------------- 7.665497064590454
------------------------- time cost ------------------------- 6.321893930435181
------------------------- time cost ------------------------- 6.278223276138306
------------------------- time cost ------------------------- 6.298776149749756
------------------------- time cost ------------------------- 6.410923719406128
------------------------- time cost ------------------------- 6.376256465911865
------------------------- time cost ------------------------- 6.362854957580566
------------------------- time cost ------------------------- 6.248414993286133
------------------------- time cost ------------------------- 6.3690290451049805
------------------------- time cost ------------------------- 6.496034622192383

-------------Round number: 10-------------

Evaluate global model
Averaged Train Loss: 0.4946
Averaged Test Accuracy: 0.7411
Averaged Test AUC: 0.7415
Averaged Test Precision: 0.7275
Averaged Test Recall: 0.7411
Averaged Test F1-Score: 0.6489
Std Test Accuracy: 0.1019
Std Test AUC: 0.0616
------------------------- time cost ------------------------- 7.354807138442993
------------------------- time cost ------------------------- 6.371484756469727
------------------------- time cost ------------------------- 6.397233486175537
------------------------- time cost ------------------------- 6.370168924331665
------------------------- time cost ------------------------- 6.2222514152526855
------------------------- time cost ------------------------- 6.471181631088257
------------------------- time cost ------------------------- 6.418612480163574
------------------------- time cost ------------------------- 6.3509252071380615
------------------------- time cost ------------------------- 6.350893497467041
------------------------- time cost ------------------------- 6.3883514404296875

-------------Round number: 20-------------

Evaluate global model
Averaged Train Loss: 0.4753
Averaged Test Accuracy: 0.7763
Averaged Test AUC: 0.7552
Averaged Test Precision: 0.7745
Averaged Test Recall: 0.7763
Averaged Test F1-Score: 0.7390
Std Test Accuracy: 0.0827
Std Test AUC: 0.0596
------------------------- time cost ------------------------- 7.394280910491943
------------------------- time cost ------------------------- 6.323113679885864
------------------------- time cost ------------------------- 6.325433731079102
------------------------- time cost ------------------------- 6.362786769866943
------------------------- time cost ------------------------- 6.322268962860107
------------------------- time cost ------------------------- 6.662875175476074
------------------------- time cost ------------------------- 6.458441495895386
------------------------- time cost ------------------------- 6.273733377456665
------------------------- time cost ------------------------- 6.377946138381958
------------------------- time cost ------------------------- 6.28507661819458

-------------Round number: 30-------------

Evaluate global model
Averaged Train Loss: 0.4703
Averaged Test Accuracy: 0.7791
Averaged Test AUC: 0.7621
Averaged Test Precision: 0.7730
Averaged Test Recall: 0.7791
Averaged Test F1-Score: 0.7482
Std Test Accuracy: 0.0778
Std Test AUC: 0.0586
------------------------- time cost ------------------------- 7.460830450057983
------------------------- time cost ------------------------- 6.354315280914307
------------------------- time cost ------------------------- 6.312726736068726
------------------------- time cost ------------------------- 6.351001262664795
------------------------- time cost ------------------------- 6.295072317123413
------------------------- time cost ------------------------- 6.395330905914307
------------------------- time cost ------------------------- 6.448279142379761
------------------------- time cost ------------------------- 6.377425670623779
------------------------- time cost ------------------------- 6.344409227371216
------------------------- time cost ------------------------- 6.313121795654297

-------------Round number: 40-------------

Evaluate global model
Averaged Train Loss: 0.4686
Averaged Test Accuracy: 0.7856
Averaged Test AUC: 0.7654
Averaged Test Precision: 0.7784
Averaged Test Recall: 0.7856
Averaged Test F1-Score: 0.7581
Std Test Accuracy: 0.0711
Std Test AUC: 0.0578
------------------------- time cost ------------------------- 7.358619213104248
------------------------- time cost ------------------------- 6.331411123275757
------------------------- time cost ------------------------- 6.379866123199463
------------------------- time cost ------------------------- 6.348888158798218
------------------------- time cost ------------------------- 6.201780080795288
------------------------- time cost ------------------------- 6.415064334869385
------------------------- time cost ------------------------- 6.5580902099609375
------------------------- time cost ------------------------- 6.301539897918701
------------------------- time cost ------------------------- 6.4199864864349365
------------------------- time cost ------------------------- 6.2726428508758545

-------------Round number: 50-------------

Evaluate global model
Averaged Train Loss: 0.4684
Averaged Test Accuracy: 0.7852
Averaged Test AUC: 0.7669
Averaged Test Precision: 0.7793
Averaged Test Recall: 0.7852
Averaged Test F1-Score: 0.7591
Std Test Accuracy: 0.0695
Std Test AUC: 0.0570
------------------------- time cost ------------------------- 7.360189199447632
------------------------- time cost ------------------------- 6.3848960399627686
------------------------- time cost ------------------------- 6.402525424957275
------------------------- time cost ------------------------- 6.3765175342559814
------------------------- time cost ------------------------- 6.331991195678711
------------------------- time cost ------------------------- 6.3777382373809814
------------------------- time cost ------------------------- 6.424928903579712
------------------------- time cost ------------------------- 6.494462013244629
------------------------- time cost ------------------------- 6.321167469024658
------------------------- time cost ------------------------- 6.411531686782837

-------------Round number: 60-------------

Evaluate global model
Averaged Train Loss: 0.4685
Averaged Test Accuracy: 0.7792
Averaged Test AUC: 0.7692
Averaged Test Precision: 0.7771
Averaged Test Recall: 0.7792
Averaged Test F1-Score: 0.7482
Std Test Accuracy: 0.0782
Std Test AUC: 0.0553
------------------------- time cost ------------------------- 7.324794292449951
------------------------- time cost ------------------------- 6.282044172286987
------------------------- time cost ------------------------- 6.2359325885772705
------------------------- time cost ------------------------- 6.431591272354126
------------------------- time cost ------------------------- 6.372158050537109
------------------------- time cost ------------------------- 6.268049478530884
------------------------- time cost ------------------------- 6.602184295654297
------------------------- time cost ------------------------- 6.505456209182739
------------------------- time cost ------------------------- 6.281962871551514
------------------------- time cost ------------------------- 6.260017156600952

-------------Round number: 70-------------

Evaluate global model
Averaged Train Loss: 0.4678
Averaged Test Accuracy: 0.7828
Averaged Test AUC: 0.7703
Averaged Test Precision: 0.7768
Averaged Test Recall: 0.7828
Averaged Test F1-Score: 0.7572
Std Test Accuracy: 0.0716
Std Test AUC: 0.0539
------------------------- time cost ------------------------- 7.270266532897949
------------------------- time cost ------------------------- 6.290241003036499
------------------------- time cost ------------------------- 6.330427646636963
------------------------- time cost ------------------------- 6.418359994888306
------------------------- time cost ------------------------- 6.404667377471924
------------------------- time cost ------------------------- 6.461745977401733
------------------------- time cost ------------------------- 6.293321847915649
------------------------- time cost ------------------------- 6.432767152786255
------------------------- time cost ------------------------- 6.494641542434692
------------------------- time cost ------------------------- 6.29235053062439

-------------Round number: 80-------------

Evaluate global model
Averaged Train Loss: 0.4668
Averaged Test Accuracy: 0.7835
Averaged Test AUC: 0.7721
Averaged Test Precision: 0.7782
Averaged Test Recall: 0.7835
Averaged Test F1-Score: 0.7563
Std Test Accuracy: 0.0715
Std Test AUC: 0.0530
------------------------- time cost ------------------------- 7.410313367843628
------------------------- time cost ------------------------- 6.394972562789917
------------------------- time cost ------------------------- 6.189902305603027
------------------------- time cost ------------------------- 6.274917840957642
------------------------- time cost ------------------------- 6.3892083168029785
------------------------- time cost ------------------------- 6.475937128067017
------------------------- time cost ------------------------- 6.341708421707153
------------------------- time cost ------------------------- 6.5225608348846436
------------------------- time cost ------------------------- 6.346022844314575
------------------------- time cost ------------------------- 6.474325180053711

-------------Round number: 90-------------

Evaluate global model
Averaged Train Loss: 0.4660
Averaged Test Accuracy: 0.7841
Averaged Test AUC: 0.7725
Averaged Test Precision: 0.7777
Averaged Test Recall: 0.7841
Averaged Test F1-Score: 0.7596
Std Test Accuracy: 0.0695
Std Test AUC: 0.0531
------------------------- time cost ------------------------- 7.381650447845459
------------------------- time cost ------------------------- 6.3503196239471436
------------------------- time cost ------------------------- 6.264265060424805
------------------------- time cost ------------------------- 6.125976800918579
------------------------- time cost ------------------------- 5.911422491073608
------------------------- time cost ------------------------- 5.928913116455078
------------------------- time cost ------------------------- 6.153024196624756
------------------------- time cost ------------------------- 6.552348852157593
------------------------- time cost ------------------------- 6.417734384536743
------------------------- time cost ------------------------- 6.857588768005371

-------------Round number: 100-------------

Evaluate global model
Averaged Train Loss: 0.4680
Averaged Test Accuracy: 0.7795
Averaged Test AUC: 0.7725
Averaged Test Precision: 0.7783
Averaged Test Recall: 0.7795
Averaged Test F1-Score: 0.7515
Std Test Accuracy: 0.0757
Std Test AUC: 0.0523
------------------------- time cost ------------------------- 7.377040386199951

Best accuracy.
0.7856

Average time cost per round.
6.461637558937073
File path: results/Uci_FedAvg_test/Uci_FedAvg_test_0.h5
Training process CSV file path: results/Uci_FedAvg_test/Uci_FedAvg_test_0_training_process.csv
Training process data saved to: results/Uci_FedAvg_test/Uci_FedAvg_test_0_training_process.csv

平均训练时间: 655.1秒
