实验: Uci_label_skew_trim_attack_MultiKrum_run1
物理GPU ID: 1
CUDA_VISIBLE_DEVICES: 1
时间: 2026-01-24 22:10:31
命令: /miniconda3/bin/python flcore/main.py -data Uci -algo FedAvg -nc 10 -gr 100 -ls 5 -lbs 64 -lr 0.01 -eg 10 -t 1 --heterogeneity label_skew --enable_attack True --attack_mode trim_attack --malicious_ratio 0.3 --defense_mode multi_krum --use_tlbo False --tlbo_iterations 10 --use_autoencoder False --use_committee False
工作目录: /root/DecisionSupportSystem-FedACT/system

[GPU] 使用环境变量指定的GPU: CUDA_VISIBLE_DEVICES=1
============================================================
实验配置:
============================================================
  goal: test
  device: cuda
  device_id: 0
  dataset: Uci
  heterogeneity: label_skew
  model: auto
  num_classes: 2
  batch_size: 64
  local_learning_rate: 0.01
  global_rounds: 100
  local_epochs: 5
  algorithm: FedAvg
  num_clients: 10
  join_ratio: 1.0
  random_join_ratio: False
  prev: 0
  times: 1
  eval_gap: 10
  save_folder_name: results
  learning_rate_decay: False
  learning_rate_decay_gamma: 0.99
  few_shot: 0
  time_select: False
  time_threthold: 10000
  top_cnt: 100
  auto_break: False
  client_drop_rate: 0.0
  train_slow_rate: 0.0
  send_slow_rate: 0.0
  dlg_eval: False
  dlg_gap: 100
  batch_num_per_client: 2
  num_new_clients: 0
  fine_tuning_epoch_new: 0
  mu: 0.01
  beta: 0.0
  lamda: 1.0
  tau: 1.0
  plocal_epochs: 1
  server_learning_rate: 1.0
  enable_attack: True
  attack_mode: trim_attack
  malicious_ratio: 0.3
  attack_scale: 3.0
  defense_mode: multi_krum
  use_autoencoder: False
  autoencoder_latent_dim: 64
  autoencoder_epochs: 20
  committee_size: 5
  vote_threshold: 0.5
  anomaly_threshold: 0.5
  anomaly_lower_coef: 0.7
  anomaly_upper_coef: 1.5
  use_committee: False
  tlbo_iterations: 10
  use_tlbo: False
  use_merkle: True
  use_incentive: True
============================================================

============= 第 1 次实验 =============
正在初始化服务器和客户端...
数据集: Uci, 特征维度: 23
模型参数量: 189,330

Join ratio / total clients: 1.0 / 10
Finished creating server and clients.

-------------Round number: 0-------------

Evaluate global model
Averaged Train Loss: 0.6905
Averaged Test Accuracy: 0.5856
Averaged Test AUC: 0.5178
Averaged Test Precision: 0.6416
Averaged Test Recall: 0.5856
Averaged Test F1-Score: 0.5989
Std Test Accuracy: 0.1062
Std Test AUC: 0.0476
------------------------- time cost ------------------------- 7.648099660873413
------------------------- time cost ------------------------- 6.394491195678711
------------------------- time cost ------------------------- 6.280913352966309
------------------------- time cost ------------------------- 6.303721189498901
------------------------- time cost ------------------------- 6.545555591583252
------------------------- time cost ------------------------- 6.318760395050049
------------------------- time cost ------------------------- 6.452086448669434
------------------------- time cost ------------------------- 6.119478225708008
------------------------- time cost ------------------------- 6.269474744796753
------------------------- time cost ------------------------- 6.240906000137329

-------------Round number: 10-------------

Evaluate global model
Averaged Train Loss: 0.4954
Averaged Test Accuracy: 0.7405
Averaged Test AUC: 0.7420
Averaged Test Precision: 0.7271
Averaged Test Recall: 0.7405
Averaged Test F1-Score: 0.6462
Std Test Accuracy: 0.1019
Std Test AUC: 0.0616
------------------------- time cost ------------------------- 7.325401544570923
------------------------- time cost ------------------------- 6.170064687728882
------------------------- time cost ------------------------- 6.23005747795105
------------------------- time cost ------------------------- 6.32638955116272
------------------------- time cost ------------------------- 6.238327980041504
------------------------- time cost ------------------------- 6.3423240184783936
------------------------- time cost ------------------------- 6.3216552734375
------------------------- time cost ------------------------- 6.252851963043213
------------------------- time cost ------------------------- 6.145612478256226
------------------------- time cost ------------------------- 6.316588878631592

-------------Round number: 20-------------

Evaluate global model
Averaged Train Loss: 0.4760
Averaged Test Accuracy: 0.7761
Averaged Test AUC: 0.7552
Averaged Test Precision: 0.7745
Averaged Test Recall: 0.7761
Averaged Test F1-Score: 0.7388
Std Test Accuracy: 0.0837
Std Test AUC: 0.0611
------------------------- time cost ------------------------- 7.339591026306152
------------------------- time cost ------------------------- 6.191012859344482
------------------------- time cost ------------------------- 6.149125576019287
------------------------- time cost ------------------------- 6.214687824249268
------------------------- time cost ------------------------- 6.316176891326904
------------------------- time cost ------------------------- 6.471207857131958
------------------------- time cost ------------------------- 6.322572231292725
------------------------- time cost ------------------------- 6.298368453979492
------------------------- time cost ------------------------- 6.235262870788574
------------------------- time cost ------------------------- 6.243297338485718

-------------Round number: 30-------------

Evaluate global model
Averaged Train Loss: 0.4703
Averaged Test Accuracy: 0.7799
Averaged Test AUC: 0.7616
Averaged Test Precision: 0.7749
Averaged Test Recall: 0.7799
Averaged Test F1-Score: 0.7485
Std Test Accuracy: 0.0776
Std Test AUC: 0.0590
------------------------- time cost ------------------------- 7.287914276123047
------------------------- time cost ------------------------- 6.238393068313599
------------------------- time cost ------------------------- 6.271524667739868
------------------------- time cost ------------------------- 6.310679912567139
------------------------- time cost ------------------------- 6.256296157836914
------------------------- time cost ------------------------- 6.316674470901489
------------------------- time cost ------------------------- 6.57843017578125
------------------------- time cost ------------------------- 6.210789203643799
------------------------- time cost ------------------------- 6.343704462051392
------------------------- time cost ------------------------- 6.301549673080444

-------------Round number: 40-------------

Evaluate global model
Averaged Train Loss: 0.4693
Averaged Test Accuracy: 0.7785
Averaged Test AUC: 0.7648
Averaged Test Precision: 0.7743
Averaged Test Recall: 0.7785
Averaged Test F1-Score: 0.7473
Std Test Accuracy: 0.0772
Std Test AUC: 0.0580
------------------------- time cost ------------------------- 7.2206926345825195
------------------------- time cost ------------------------- 6.387686014175415
------------------------- time cost ------------------------- 6.2353997230529785
------------------------- time cost ------------------------- 6.235912322998047
------------------------- time cost ------------------------- 6.190078258514404
------------------------- time cost ------------------------- 6.253194332122803
------------------------- time cost ------------------------- 6.3247740268707275
------------------------- time cost ------------------------- 6.356839895248413
------------------------- time cost ------------------------- 6.291175603866577
------------------------- time cost ------------------------- 6.379478216171265

-------------Round number: 50-------------

Evaluate global model
Averaged Train Loss: 0.4686
Averaged Test Accuracy: 0.7811
Averaged Test AUC: 0.7675
Averaged Test Precision: 0.7767
Averaged Test Recall: 0.7811
Averaged Test F1-Score: 0.7533
Std Test Accuracy: 0.0747
Std Test AUC: 0.0565
------------------------- time cost ------------------------- 7.310920000076294
------------------------- time cost ------------------------- 6.379282236099243
------------------------- time cost ------------------------- 6.15722131729126
------------------------- time cost ------------------------- 6.217909097671509
------------------------- time cost ------------------------- 6.216186285018921
------------------------- time cost ------------------------- 6.251312732696533
------------------------- time cost ------------------------- 6.208865404129028
------------------------- time cost ------------------------- 6.627421140670776
------------------------- time cost ------------------------- 6.196006536483765
------------------------- time cost ------------------------- 6.397138595581055

-------------Round number: 60-------------

Evaluate global model
Averaged Train Loss: 0.4672
Averaged Test Accuracy: 0.7855
Averaged Test AUC: 0.7690
Averaged Test Precision: 0.7788
Averaged Test Recall: 0.7855
Averaged Test F1-Score: 0.7608
Std Test Accuracy: 0.0673
Std Test AUC: 0.0551
------------------------- time cost ------------------------- 7.2962658405303955
------------------------- time cost ------------------------- 6.261356830596924
------------------------- time cost ------------------------- 6.2936811447143555
------------------------- time cost ------------------------- 6.155919075012207
------------------------- time cost ------------------------- 6.234966993331909
------------------------- time cost ------------------------- 6.278749227523804
------------------------- time cost ------------------------- 6.190312147140503
------------------------- time cost ------------------------- 6.465426206588745
------------------------- time cost ------------------------- 6.254766941070557
------------------------- time cost ------------------------- 6.284175634384155

-------------Round number: 70-------------

Evaluate global model
Averaged Train Loss: 0.4674
Averaged Test Accuracy: 0.7849
Averaged Test AUC: 0.7702
Averaged Test Precision: 0.7786
Averaged Test Recall: 0.7849
Averaged Test F1-Score: 0.7599
Std Test Accuracy: 0.0688
Std Test AUC: 0.0536
------------------------- time cost ------------------------- 7.349989652633667
------------------------- time cost ------------------------- 6.271545648574829
------------------------- time cost ------------------------- 6.232335090637207
------------------------- time cost ------------------------- 6.192581653594971
------------------------- time cost ------------------------- 6.220168352127075
------------------------- time cost ------------------------- 6.282990455627441
------------------------- time cost ------------------------- 6.2711687088012695
------------------------- time cost ------------------------- 6.261967182159424
------------------------- time cost ------------------------- 6.418005466461182
------------------------- time cost ------------------------- 6.159665822982788

-------------Round number: 80-------------

Evaluate global model
Averaged Train Loss: 0.4678
Averaged Test Accuracy: 0.7816
Averaged Test AUC: 0.7717
Averaged Test Precision: 0.7779
Averaged Test Recall: 0.7816
Averaged Test F1-Score: 0.7540
Std Test Accuracy: 0.0730
Std Test AUC: 0.0533
------------------------- time cost ------------------------- 7.449882507324219
------------------------- time cost ------------------------- 6.275670051574707
------------------------- time cost ------------------------- 6.233624458312988
------------------------- time cost ------------------------- 6.316551446914673
------------------------- time cost ------------------------- 6.202256441116333
------------------------- time cost ------------------------- 6.265425443649292
------------------------- time cost ------------------------- 6.259058237075806
------------------------- time cost ------------------------- 6.298578500747681
------------------------- time cost ------------------------- 6.3400797843933105
------------------------- time cost ------------------------- 6.175545692443848

-------------Round number: 90-------------

Evaluate global model
Averaged Train Loss: 0.4660
Averaged Test Accuracy: 0.7831
Averaged Test AUC: 0.7730
Averaged Test Precision: 0.7783
Averaged Test Recall: 0.7831
Averaged Test F1-Score: 0.7554
Std Test Accuracy: 0.0724
Std Test AUC: 0.0520
------------------------- time cost ------------------------- 7.32035756111145
------------------------- time cost ------------------------- 6.334798812866211
------------------------- time cost ------------------------- 6.528542995452881
------------------------- time cost ------------------------- 6.714309453964233
------------------------- time cost ------------------------- 6.681101322174072
------------------------- time cost ------------------------- 6.32998514175415
------------------------- time cost ------------------------- 6.323862552642822
------------------------- time cost ------------------------- 6.348001956939697
------------------------- time cost ------------------------- 6.356919765472412
------------------------- time cost ------------------------- 6.075209140777588

-------------Round number: 100-------------

Evaluate global model
Averaged Train Loss: 0.4644
Averaged Test Accuracy: 0.7825
Averaged Test AUC: 0.7739
Averaged Test Precision: 0.7784
Averaged Test Recall: 0.7825
Averaged Test F1-Score: 0.7538
Std Test Accuracy: 0.0731
Std Test AUC: 0.0512
------------------------- time cost ------------------------- 7.0232789516448975

Best accuracy.
0.7854666666666666

Average time cost per round.
6.395584926605225
File path: results/Uci_FedAvg_test/Uci_FedAvg_test_0.h5
Training process CSV file path: results/Uci_FedAvg_test/Uci_FedAvg_test_0_training_process.csv
Training process data saved to: results/Uci_FedAvg_test/Uci_FedAvg_test_0_training_process.csv

平均训练时间: 648.51秒
