实验: Uci_label_skew_scale_TrimmedMean_run1
物理GPU ID: 4
CUDA_VISIBLE_DEVICES: 4
时间: 2026-01-24 21:48:33
命令: /miniconda3/bin/python flcore/main.py -data Uci -algo FedAvg -nc 10 -gr 100 -ls 5 -lbs 64 -lr 0.01 -eg 10 -t 1 --heterogeneity label_skew --enable_attack True --attack_mode scale --malicious_ratio 0.3 --defense_mode trimmed_mean --use_tlbo False --tlbo_iterations 10 --use_autoencoder False --use_committee False
工作目录: /root/DecisionSupportSystem-FedACT/system

[GPU] 使用环境变量指定的GPU: CUDA_VISIBLE_DEVICES=4
============================================================
实验配置:
============================================================
  goal: test
  device: cuda
  device_id: 0
  dataset: Uci
  heterogeneity: label_skew
  model: auto
  num_classes: 2
  batch_size: 64
  local_learning_rate: 0.01
  global_rounds: 100
  local_epochs: 5
  algorithm: FedAvg
  num_clients: 10
  join_ratio: 1.0
  random_join_ratio: False
  prev: 0
  times: 1
  eval_gap: 10
  save_folder_name: results
  learning_rate_decay: False
  learning_rate_decay_gamma: 0.99
  few_shot: 0
  time_select: False
  time_threthold: 10000
  top_cnt: 100
  auto_break: False
  client_drop_rate: 0.0
  train_slow_rate: 0.0
  send_slow_rate: 0.0
  dlg_eval: False
  dlg_gap: 100
  batch_num_per_client: 2
  num_new_clients: 0
  fine_tuning_epoch_new: 0
  mu: 0.01
  beta: 0.0
  lamda: 1.0
  tau: 1.0
  plocal_epochs: 1
  server_learning_rate: 1.0
  enable_attack: True
  attack_mode: scale
  malicious_ratio: 0.3
  attack_scale: 3.0
  defense_mode: trimmed_mean
  use_autoencoder: False
  autoencoder_latent_dim: 64
  autoencoder_epochs: 20
  committee_size: 5
  vote_threshold: 0.5
  anomaly_threshold: 0.5
  anomaly_lower_coef: 0.7
  anomaly_upper_coef: 1.5
  use_committee: False
  tlbo_iterations: 10
  use_tlbo: False
  use_merkle: True
  use_incentive: True
============================================================

============= 第 1 次实验 =============
正在初始化服务器和客户端...
数据集: Uci, 特征维度: 23
模型参数量: 189,330

Join ratio / total clients: 1.0 / 10
Finished creating server and clients.

-------------Round number: 0-------------

Evaluate global model
Averaged Train Loss: 0.6905
Averaged Test Accuracy: 0.5856
Averaged Test AUC: 0.5178
Averaged Test Precision: 0.6416
Averaged Test Recall: 0.5856
Averaged Test F1-Score: 0.5989
Std Test Accuracy: 0.1062
Std Test AUC: 0.0476
------------------------- time cost ------------------------- 7.396203994750977
------------------------- time cost ------------------------- 6.15920877456665
------------------------- time cost ------------------------- 6.281973361968994
------------------------- time cost ------------------------- 6.300579309463501
------------------------- time cost ------------------------- 6.303964138031006
------------------------- time cost ------------------------- 6.34172511100769
------------------------- time cost ------------------------- 6.233466863632202
------------------------- time cost ------------------------- 6.399774789810181
------------------------- time cost ------------------------- 6.291769742965698
------------------------- time cost ------------------------- 6.310823678970337

-------------Round number: 10-------------

Evaluate global model
Averaged Train Loss: 0.4957
Averaged Test Accuracy: 0.7399
Averaged Test AUC: 0.7413
Averaged Test Precision: 0.7235
Averaged Test Recall: 0.7399
Averaged Test F1-Score: 0.6449
Std Test Accuracy: 0.1005
Std Test AUC: 0.0619
------------------------- time cost ------------------------- 7.295437812805176
------------------------- time cost ------------------------- 6.494478464126587
------------------------- time cost ------------------------- 6.327746868133545
------------------------- time cost ------------------------- 6.38866662979126
------------------------- time cost ------------------------- 6.249648571014404
------------------------- time cost ------------------------- 6.359098196029663
------------------------- time cost ------------------------- 6.429457187652588
------------------------- time cost ------------------------- 6.43508243560791
------------------------- time cost ------------------------- 6.286651849746704
------------------------- time cost ------------------------- 6.386851787567139

-------------Round number: 20-------------

Evaluate global model
Averaged Train Loss: 0.4754
Averaged Test Accuracy: 0.7757
Averaged Test AUC: 0.7555
Averaged Test Precision: 0.7737
Averaged Test Recall: 0.7757
Averaged Test F1-Score: 0.7379
Std Test Accuracy: 0.0855
Std Test AUC: 0.0608
------------------------- time cost ------------------------- 7.455173015594482
------------------------- time cost ------------------------- 6.3000099658966064
------------------------- time cost ------------------------- 6.384499549865723
------------------------- time cost ------------------------- 6.301063299179077
------------------------- time cost ------------------------- 6.28655481338501
------------------------- time cost ------------------------- 6.434373378753662
------------------------- time cost ------------------------- 6.439624071121216
------------------------- time cost ------------------------- 6.243748426437378
------------------------- time cost ------------------------- 6.2828264236450195
------------------------- time cost ------------------------- 6.33538556098938

-------------Round number: 30-------------

Evaluate global model
Averaged Train Loss: 0.4704
Averaged Test Accuracy: 0.7817
Averaged Test AUC: 0.7618
Averaged Test Precision: 0.7748
Averaged Test Recall: 0.7817
Averaged Test F1-Score: 0.7526
Std Test Accuracy: 0.0745
Std Test AUC: 0.0593
------------------------- time cost ------------------------- 7.5794878005981445
------------------------- time cost ------------------------- 6.310396194458008
------------------------- time cost ------------------------- 6.263736009597778
------------------------- time cost ------------------------- 6.452459812164307
------------------------- time cost ------------------------- 6.295307636260986
------------------------- time cost ------------------------- 6.304185390472412
------------------------- time cost ------------------------- 6.3763587474823
------------------------- time cost ------------------------- 6.310652256011963
------------------------- time cost ------------------------- 6.2666099071502686
------------------------- time cost ------------------------- 6.31096076965332

-------------Round number: 40-------------

Evaluate global model
Averaged Train Loss: 0.4694
Averaged Test Accuracy: 0.7793
Averaged Test AUC: 0.7645
Averaged Test Precision: 0.7740
Averaged Test Recall: 0.7793
Averaged Test F1-Score: 0.7503
Std Test Accuracy: 0.0754
Std Test AUC: 0.0578
------------------------- time cost ------------------------- 7.431901454925537
------------------------- time cost ------------------------- 6.261948347091675
------------------------- time cost ------------------------- 6.266367673873901
------------------------- time cost ------------------------- 6.398907661437988
------------------------- time cost ------------------------- 6.368842363357544
------------------------- time cost ------------------------- 6.347264289855957
------------------------- time cost ------------------------- 6.307837247848511
------------------------- time cost ------------------------- 6.1980462074279785
------------------------- time cost ------------------------- 6.347703218460083
------------------------- time cost ------------------------- 6.35425877571106

-------------Round number: 50-------------

Evaluate global model
Averaged Train Loss: 0.4685
Averaged Test Accuracy: 0.7809
Averaged Test AUC: 0.7681
Averaged Test Precision: 0.7786
Averaged Test Recall: 0.7809
Averaged Test F1-Score: 0.7494
Std Test Accuracy: 0.0772
Std Test AUC: 0.0557
------------------------- time cost ------------------------- 7.489470720291138
------------------------- time cost ------------------------- 6.350224018096924
------------------------- time cost ------------------------- 6.28291392326355
------------------------- time cost ------------------------- 6.304163455963135
------------------------- time cost ------------------------- 6.294876575469971
------------------------- time cost ------------------------- 6.422280788421631
------------------------- time cost ------------------------- 6.374337196350098
------------------------- time cost ------------------------- 6.33396577835083
------------------------- time cost ------------------------- 6.433538913726807
------------------------- time cost ------------------------- 6.324347019195557

-------------Round number: 60-------------

Evaluate global model
Averaged Train Loss: 0.4691
Averaged Test Accuracy: 0.7784
Averaged Test AUC: 0.7688
Averaged Test Precision: 0.7767
Averaged Test Recall: 0.7784
Averaged Test F1-Score: 0.7464
Std Test Accuracy: 0.0787
Std Test AUC: 0.0551
------------------------- time cost ------------------------- 7.281151294708252
------------------------- time cost ------------------------- 6.362260103225708
------------------------- time cost ------------------------- 6.295048952102661
------------------------- time cost ------------------------- 6.24055814743042
------------------------- time cost ------------------------- 6.244921684265137
------------------------- time cost ------------------------- 6.439605712890625
------------------------- time cost ------------------------- 6.348126649856567
------------------------- time cost ------------------------- 6.340601921081543
------------------------- time cost ------------------------- 6.409250974655151
------------------------- time cost ------------------------- 6.330496311187744

-------------Round number: 70-------------

Evaluate global model
Averaged Train Loss: 0.4688
Averaged Test Accuracy: 0.7777
Averaged Test AUC: 0.7708
Averaged Test Precision: 0.7777
Averaged Test Recall: 0.7777
Averaged Test F1-Score: 0.7438
Std Test Accuracy: 0.0806
Std Test AUC: 0.0535
------------------------- time cost ------------------------- 7.458500862121582
------------------------- time cost ------------------------- 6.377397298812866
------------------------- time cost ------------------------- 6.277894973754883
------------------------- time cost ------------------------- 6.200949668884277
------------------------- time cost ------------------------- 6.309642791748047
------------------------- time cost ------------------------- 6.268071889877319
------------------------- time cost ------------------------- 6.3052990436553955
------------------------- time cost ------------------------- 6.329090595245361
------------------------- time cost ------------------------- 6.465393781661987
------------------------- time cost ------------------------- 6.3570334911346436

-------------Round number: 80-------------

Evaluate global model
Averaged Train Loss: 0.4674
Averaged Test Accuracy: 0.7776
Averaged Test AUC: 0.7713
Averaged Test Precision: 0.7766
Averaged Test Recall: 0.7776
Averaged Test F1-Score: 0.7449
Std Test Accuracy: 0.0806
Std Test AUC: 0.0530
------------------------- time cost ------------------------- 7.367896556854248
------------------------- time cost ------------------------- 6.2818779945373535
------------------------- time cost ------------------------- 6.370030164718628
------------------------- time cost ------------------------- 6.343339681625366
------------------------- time cost ------------------------- 6.351767301559448
------------------------- time cost ------------------------- 6.321118116378784
------------------------- time cost ------------------------- 6.424499034881592
------------------------- time cost ------------------------- 6.238206386566162
------------------------- time cost ------------------------- 6.357551336288452
------------------------- time cost ------------------------- 6.49740195274353

-------------Round number: 90-------------

Evaluate global model
Averaged Train Loss: 0.4660
Averaged Test Accuracy: 0.7860
Averaged Test AUC: 0.7718
Averaged Test Precision: 0.7800
Averaged Test Recall: 0.7860
Averaged Test F1-Score: 0.7610
Std Test Accuracy: 0.0682
Std Test AUC: 0.0531
------------------------- time cost ------------------------- 7.44634747505188
------------------------- time cost ------------------------- 6.395198583602905
------------------------- time cost ------------------------- 6.361582279205322
------------------------- time cost ------------------------- 6.307955265045166
------------------------- time cost ------------------------- 6.565167188644409
------------------------- time cost ------------------------- 6.3419013023376465
------------------------- time cost ------------------------- 6.323667049407959
------------------------- time cost ------------------------- 6.514339208602905
------------------------- time cost ------------------------- 6.595243215560913
------------------------- time cost ------------------------- 6.374361515045166

-------------Round number: 100-------------

Evaluate global model
Averaged Train Loss: 0.4660
Averaged Test Accuracy: 0.7804
Averaged Test AUC: 0.7722
Averaged Test Precision: 0.7772
Averaged Test Recall: 0.7804
Averaged Test F1-Score: 0.7530
Std Test Accuracy: 0.0739
Std Test AUC: 0.0522
------------------------- time cost ------------------------- 7.734455108642578

Best accuracy.
0.786

Average time cost per round.
6.452582170963288
File path: results/Uci_FedAvg_test/Uci_FedAvg_test_0.h5
Training process CSV file path: results/Uci_FedAvg_test/Uci_FedAvg_test_0_training_process.csv
Training process data saved to: results/Uci_FedAvg_test/Uci_FedAvg_test_0_training_process.csv

平均训练时间: 653.99秒
