实验: Uci_quantity_skew_gaussian_Median_run1
物理GPU ID: 1
CUDA_VISIBLE_DEVICES: 1
时间: 2026-01-24 22:42:17
命令: /miniconda3/bin/python flcore/main.py -data Uci -algo FedAvg -nc 10 -gr 100 -ls 5 -lbs 64 -lr 0.01 -eg 10 -t 1 --heterogeneity quantity_skew --enable_attack True --attack_mode gaussian --malicious_ratio 0.3 --defense_mode median --use_tlbo False --tlbo_iterations 10 --use_autoencoder False --use_committee False
工作目录: /root/DecisionSupportSystem-FedACT/system

[GPU] 使用环境变量指定的GPU: CUDA_VISIBLE_DEVICES=1
============================================================
实验配置:
============================================================
  goal: test
  device: cuda
  device_id: 0
  dataset: Uci
  heterogeneity: quantity_skew
  model: auto
  num_classes: 2
  batch_size: 64
  local_learning_rate: 0.01
  global_rounds: 100
  local_epochs: 5
  algorithm: FedAvg
  num_clients: 10
  join_ratio: 1.0
  random_join_ratio: False
  prev: 0
  times: 1
  eval_gap: 10
  save_folder_name: results
  learning_rate_decay: False
  learning_rate_decay_gamma: 0.99
  few_shot: 0
  time_select: False
  time_threthold: 10000
  top_cnt: 100
  auto_break: False
  client_drop_rate: 0.0
  train_slow_rate: 0.0
  send_slow_rate: 0.0
  dlg_eval: False
  dlg_gap: 100
  batch_num_per_client: 2
  num_new_clients: 0
  fine_tuning_epoch_new: 0
  mu: 0.01
  beta: 0.0
  lamda: 1.0
  tau: 1.0
  plocal_epochs: 1
  server_learning_rate: 1.0
  enable_attack: True
  attack_mode: gaussian
  malicious_ratio: 0.3
  attack_scale: 3.0
  defense_mode: median
  use_autoencoder: False
  autoencoder_latent_dim: 64
  autoencoder_epochs: 20
  committee_size: 5
  vote_threshold: 0.5
  anomaly_threshold: 0.5
  anomaly_lower_coef: 0.7
  anomaly_upper_coef: 1.5
  use_committee: False
  tlbo_iterations: 10
  use_tlbo: False
  use_merkle: True
  use_incentive: True
============================================================

============= 第 1 次实验 =============
正在初始化服务器和客户端...
数据集: Uci, 特征维度: 23
模型参数量: 189,330

Join ratio / total clients: 1.0 / 10
Finished creating server and clients.

-------------Round number: 0-------------

Evaluate global model
Averaged Train Loss: 0.6905
Averaged Test Accuracy: 0.5856
Averaged Test AUC: 0.5178
Averaged Test Precision: 0.6416
Averaged Test Recall: 0.5856
Averaged Test F1-Score: 0.5989
Std Test Accuracy: 0.1062
Std Test AUC: 0.0476
------------------------- time cost ------------------------- 7.496719598770142
------------------------- time cost ------------------------- 6.301595687866211
------------------------- time cost ------------------------- 5.800723075866699
------------------------- time cost ------------------------- 5.990641117095947
------------------------- time cost ------------------------- 5.569482088088989
------------------------- time cost ------------------------- 5.902922630310059
------------------------- time cost ------------------------- 6.020755052566528
------------------------- time cost ------------------------- 5.877730846405029
------------------------- time cost ------------------------- 5.9950690269470215
------------------------- time cost ------------------------- 5.855795383453369

-------------Round number: 10-------------

Evaluate global model
Averaged Train Loss: 0.4933
Averaged Test Accuracy: 0.7431
Averaged Test AUC: 0.7420
Averaged Test Precision: 0.7374
Averaged Test Recall: 0.7431
Averaged Test F1-Score: 0.6536
Std Test Accuracy: 0.1004
Std Test AUC: 0.0620
------------------------- time cost ------------------------- 7.3710856437683105
------------------------- time cost ------------------------- 6.117690324783325
------------------------- time cost ------------------------- 6.238516569137573
------------------------- time cost ------------------------- 6.347226858139038
------------------------- time cost ------------------------- 6.186357498168945
------------------------- time cost ------------------------- 6.292542457580566
------------------------- time cost ------------------------- 6.160891771316528
------------------------- time cost ------------------------- 6.229539394378662
------------------------- time cost ------------------------- 6.364048957824707
------------------------- time cost ------------------------- 6.170495510101318

-------------Round number: 20-------------

Evaluate global model
Averaged Train Loss: 0.4744
Averaged Test Accuracy: 0.7792
Averaged Test AUC: 0.7547
Averaged Test Precision: 0.7743
Averaged Test Recall: 0.7792
Averaged Test F1-Score: 0.7450
Std Test Accuracy: 0.0803
Std Test AUC: 0.0606
------------------------- time cost ------------------------- 7.267780542373657
------------------------- time cost ------------------------- 6.1431803703308105
------------------------- time cost ------------------------- 6.203703165054321
------------------------- time cost ------------------------- 6.2889487743377686
------------------------- time cost ------------------------- 6.157796859741211
------------------------- time cost ------------------------- 6.4450953006744385
------------------------- time cost ------------------------- 6.215322971343994
------------------------- time cost ------------------------- 6.272732973098755
------------------------- time cost ------------------------- 6.250869989395142
------------------------- time cost ------------------------- 6.2540154457092285

-------------Round number: 30-------------

Evaluate global model
Averaged Train Loss: 0.4700
Averaged Test Accuracy: 0.7800
Averaged Test AUC: 0.7614
Averaged Test Precision: 0.7749
Averaged Test Recall: 0.7800
Averaged Test F1-Score: 0.7491
Std Test Accuracy: 0.0790
Std Test AUC: 0.0594
------------------------- time cost ------------------------- 7.209744215011597
------------------------- time cost ------------------------- 6.22647762298584
------------------------- time cost ------------------------- 6.222562789916992
------------------------- time cost ------------------------- 6.267923593521118
------------------------- time cost ------------------------- 6.23221755027771
------------------------- time cost ------------------------- 6.311113357543945
------------------------- time cost ------------------------- 6.508866548538208
------------------------- time cost ------------------------- 6.186667442321777
------------------------- time cost ------------------------- 6.270822048187256
------------------------- time cost ------------------------- 6.229397773742676

-------------Round number: 40-------------

Evaluate global model
Averaged Train Loss: 0.4713
Averaged Test Accuracy: 0.7728
Averaged Test AUC: 0.7647
Averaged Test Precision: 0.7739
Averaged Test Recall: 0.7728
Averaged Test F1-Score: 0.7362
Std Test Accuracy: 0.0860
Std Test AUC: 0.0590
------------------------- time cost ------------------------- 7.261113166809082
------------------------- time cost ------------------------- 6.323964834213257
------------------------- time cost ------------------------- 6.264561891555786
------------------------- time cost ------------------------- 6.272842645645142
------------------------- time cost ------------------------- 6.219594717025757
------------------------- time cost ------------------------- 6.187201023101807
------------------------- time cost ------------------------- 6.476041316986084
------------------------- time cost ------------------------- 6.261782169342041
------------------------- time cost ------------------------- 6.2784342765808105
------------------------- time cost ------------------------- 6.3904643058776855

-------------Round number: 50-------------

Evaluate global model
Averaged Train Loss: 0.4691
Averaged Test Accuracy: 0.7851
Averaged Test AUC: 0.7678
Averaged Test Precision: 0.7791
Averaged Test Recall: 0.7851
Averaged Test F1-Score: 0.7570
Std Test Accuracy: 0.0724
Std Test AUC: 0.0560
------------------------- time cost ------------------------- 7.29521918296814
------------------------- time cost ------------------------- 6.324853897094727
------------------------- time cost ------------------------- 6.171238422393799
------------------------- time cost ------------------------- 6.213371753692627
------------------------- time cost ------------------------- 6.269093990325928
------------------------- time cost ------------------------- 6.245950222015381
------------------------- time cost ------------------------- 6.289654970169067
------------------------- time cost ------------------------- 6.449262619018555
------------------------- time cost ------------------------- 6.130218982696533
------------------------- time cost ------------------------- 6.287643671035767

-------------Round number: 60-------------

Evaluate global model
Averaged Train Loss: 0.4683
Averaged Test Accuracy: 0.7837
Averaged Test AUC: 0.7690
Averaged Test Precision: 0.7801
Averaged Test Recall: 0.7837
Averaged Test F1-Score: 0.7552
Std Test Accuracy: 0.0722
Std Test AUC: 0.0556
------------------------- time cost ------------------------- 7.284379959106445
------------------------- time cost ------------------------- 6.300589323043823
------------------------- time cost ------------------------- 6.208188056945801
------------------------- time cost ------------------------- 6.20389986038208
------------------------- time cost ------------------------- 6.183505058288574
------------------------- time cost ------------------------- 6.085321426391602
------------------------- time cost ------------------------- 6.239447593688965
------------------------- time cost ------------------------- 6.355653762817383
------------------------- time cost ------------------------- 6.337774753570557
------------------------- time cost ------------------------- 6.282073020935059

-------------Round number: 70-------------

Evaluate global model
Averaged Train Loss: 0.4685
Averaged Test Accuracy: 0.7844
Averaged Test AUC: 0.7704
Averaged Test Precision: 0.7796
Averaged Test Recall: 0.7844
Averaged Test F1-Score: 0.7569
Std Test Accuracy: 0.0714
Std Test AUC: 0.0552
------------------------- time cost ------------------------- 7.389334678649902
------------------------- time cost ------------------------- 6.230867385864258
------------------------- time cost ------------------------- 6.153488636016846
------------------------- time cost ------------------------- 6.083256959915161
------------------------- time cost ------------------------- 6.197917222976685
------------------------- time cost ------------------------- 6.1705522537231445
------------------------- time cost ------------------------- 6.25540828704834
------------------------- time cost ------------------------- 6.208540201187134
------------------------- time cost ------------------------- 6.489345073699951
------------------------- time cost ------------------------- 6.373864650726318

-------------Round number: 80-------------

Evaluate global model
Averaged Train Loss: 0.4674
Averaged Test Accuracy: 0.7825
Averaged Test AUC: 0.7717
Averaged Test Precision: 0.7800
Averaged Test Recall: 0.7825
Averaged Test F1-Score: 0.7530
Std Test Accuracy: 0.0763
Std Test AUC: 0.0533
------------------------- time cost ------------------------- 7.3014442920684814
------------------------- time cost ------------------------- 6.258535385131836
------------------------- time cost ------------------------- 6.312211990356445
------------------------- time cost ------------------------- 6.233196496963501
------------------------- time cost ------------------------- 6.301395654678345
------------------------- time cost ------------------------- 6.243320465087891
------------------------- time cost ------------------------- 6.16867208480835
------------------------- time cost ------------------------- 6.323157787322998
------------------------- time cost ------------------------- 6.3632261753082275
------------------------- time cost ------------------------- 6.192995309829712

-------------Round number: 90-------------

Evaluate global model
Averaged Train Loss: 0.4683
Averaged Test Accuracy: 0.7812
Averaged Test AUC: 0.7719
Averaged Test Precision: 0.7788
Averaged Test Recall: 0.7812
Averaged Test F1-Score: 0.7534
Std Test Accuracy: 0.0748
Std Test AUC: 0.0537
------------------------- time cost ------------------------- 7.248425722122192
------------------------- time cost ------------------------- 6.223795413970947
------------------------- time cost ------------------------- 6.227126836776733
------------------------- time cost ------------------------- 6.113229751586914
------------------------- time cost ------------------------- 6.398009777069092
------------------------- time cost ------------------------- 6.2292749881744385
------------------------- time cost ------------------------- 6.141169548034668
------------------------- time cost ------------------------- 6.291699647903442
------------------------- time cost ------------------------- 6.208965301513672
------------------------- time cost ------------------------- 6.479289531707764

-------------Round number: 100-------------

Evaluate global model
Averaged Train Loss: 0.4660
Averaged Test Accuracy: 0.7799
Averaged Test AUC: 0.7736
Averaged Test Precision: 0.7786
Averaged Test Recall: 0.7799
Averaged Test F1-Score: 0.7474
Std Test Accuracy: 0.0819
Std Test AUC: 0.0521
------------------------- time cost ------------------------- 7.242456912994385

Best accuracy.
0.7850666666666667

Average time cost per round.
6.331058645248413
File path: results/Uci_FedAvg_test/Uci_FedAvg_test_0.h5
Training process CSV file path: results/Uci_FedAvg_test/Uci_FedAvg_test_0_training_process.csv
Training process data saved to: results/Uci_FedAvg_test/Uci_FedAvg_test_0_training_process.csv

平均训练时间: 641.9秒
