实验: Uci_feature_skew_collision_Median_run1
物理GPU ID: 2
CUDA_VISIBLE_DEVICES: 2
时间: 2026-01-25 00:11:29
命令: /miniconda3/bin/python flcore/main.py -data Uci -algo FedAvg -nc 10 -gr 100 -ls 5 -lbs 64 -lr 0.01 -eg 10 -t 1 --heterogeneity feature_skew --enable_attack True --attack_mode collision --malicious_ratio 0.3 --defense_mode median --use_tlbo False --tlbo_iterations 10 --use_autoencoder False --use_committee False
工作目录: /root/DecisionSupportSystem-FedACT/system

[GPU] 使用环境变量指定的GPU: CUDA_VISIBLE_DEVICES=2
============================================================
实验配置:
============================================================
  goal: test
  device: cuda
  device_id: 0
  dataset: Uci
  heterogeneity: feature_skew
  model: auto
  num_classes: 2
  batch_size: 64
  local_learning_rate: 0.01
  global_rounds: 100
  local_epochs: 5
  algorithm: FedAvg
  num_clients: 10
  join_ratio: 1.0
  random_join_ratio: False
  prev: 0
  times: 1
  eval_gap: 10
  save_folder_name: results
  learning_rate_decay: False
  learning_rate_decay_gamma: 0.99
  few_shot: 0
  time_select: False
  time_threthold: 10000
  top_cnt: 100
  auto_break: False
  client_drop_rate: 0.0
  train_slow_rate: 0.0
  send_slow_rate: 0.0
  dlg_eval: False
  dlg_gap: 100
  batch_num_per_client: 2
  num_new_clients: 0
  fine_tuning_epoch_new: 0
  mu: 0.01
  beta: 0.0
  lamda: 1.0
  tau: 1.0
  plocal_epochs: 1
  server_learning_rate: 1.0
  enable_attack: True
  attack_mode: collision
  malicious_ratio: 0.3
  attack_scale: 3.0
  defense_mode: median
  use_autoencoder: False
  autoencoder_latent_dim: 64
  autoencoder_epochs: 20
  committee_size: 5
  vote_threshold: 0.5
  anomaly_threshold: 0.5
  anomaly_lower_coef: 0.7
  anomaly_upper_coef: 1.5
  use_committee: False
  tlbo_iterations: 10
  use_tlbo: False
  use_merkle: True
  use_incentive: True
============================================================

============= 第 1 次实验 =============
正在初始化服务器和客户端...
数据集: Uci, 特征维度: 23
模型参数量: 189,330

Join ratio / total clients: 1.0 / 10
Finished creating server and clients.

-------------Round number: 0-------------

Evaluate global model
Averaged Train Loss: 0.6905
Averaged Test Accuracy: 0.5856
Averaged Test AUC: 0.5178
Averaged Test Precision: 0.6416
Averaged Test Recall: 0.5856
Averaged Test F1-Score: 0.5989
Std Test Accuracy: 0.1062
Std Test AUC: 0.0476
------------------------- time cost ------------------------- 7.882627248764038
------------------------- time cost ------------------------- 6.45749831199646
------------------------- time cost ------------------------- 6.3565263748168945
------------------------- time cost ------------------------- 6.561338901519775
------------------------- time cost ------------------------- 6.4868690967559814
------------------------- time cost ------------------------- 6.5523459911346436
------------------------- time cost ------------------------- 6.418100833892822
------------------------- time cost ------------------------- 6.665517568588257
------------------------- time cost ------------------------- 6.464932203292847
------------------------- time cost ------------------------- 6.505647659301758

-------------Round number: 10-------------

Evaluate global model
Averaged Train Loss: 0.4953
Averaged Test Accuracy: 0.7412
Averaged Test AUC: 0.7423
Averaged Test Precision: 0.7306
Averaged Test Recall: 0.7412
Averaged Test F1-Score: 0.6497
Std Test Accuracy: 0.1006
Std Test AUC: 0.0616
------------------------- time cost ------------------------- 7.54880952835083
------------------------- time cost ------------------------- 6.581570386886597
------------------------- time cost ------------------------- 6.4148619174957275
------------------------- time cost ------------------------- 6.490988492965698
------------------------- time cost ------------------------- 6.436316251754761
------------------------- time cost ------------------------- 6.52673077583313
------------------------- time cost ------------------------- 6.412459135055542
------------------------- time cost ------------------------- 6.560572385787964
------------------------- time cost ------------------------- 6.591769456863403
------------------------- time cost ------------------------- 6.494901895523071

-------------Round number: 20-------------

Evaluate global model
Averaged Train Loss: 0.4724
Averaged Test Accuracy: 0.7792
Averaged Test AUC: 0.7551
Averaged Test Precision: 0.7741
Averaged Test Recall: 0.7792
Averaged Test F1-Score: 0.7451
Std Test Accuracy: 0.0787
Std Test AUC: 0.0607
------------------------- time cost ------------------------- 7.603355169296265
------------------------- time cost ------------------------- 6.5433549880981445
------------------------- time cost ------------------------- 6.42057991027832
------------------------- time cost ------------------------- 6.426971673965454
------------------------- time cost ------------------------- 6.401524305343628
------------------------- time cost ------------------------- 6.533231258392334
------------------------- time cost ------------------------- 6.571235656738281
------------------------- time cost ------------------------- 6.618089199066162
------------------------- time cost ------------------------- 6.369944095611572
------------------------- time cost ------------------------- 6.566610813140869

-------------Round number: 30-------------

Evaluate global model
Averaged Train Loss: 0.4708
Averaged Test Accuracy: 0.7789
Averaged Test AUC: 0.7611
Averaged Test Precision: 0.7742
Averaged Test Recall: 0.7789
Averaged Test F1-Score: 0.7473
Std Test Accuracy: 0.0792
Std Test AUC: 0.0604
------------------------- time cost ------------------------- 7.824449062347412
------------------------- time cost ------------------------- 6.543759822845459
------------------------- time cost ------------------------- 6.482080459594727
------------------------- time cost ------------------------- 6.425186395645142
------------------------- time cost ------------------------- 6.527822732925415
------------------------- time cost ------------------------- 6.500092506408691
------------------------- time cost ------------------------- 6.509633541107178
------------------------- time cost ------------------------- 6.393383741378784
------------------------- time cost ------------------------- 6.421990633010864
------------------------- time cost ------------------------- 6.630246639251709

-------------Round number: 40-------------

Evaluate global model
Averaged Train Loss: 0.4695
Averaged Test Accuracy: 0.7839
Averaged Test AUC: 0.7650
Averaged Test Precision: 0.7794
Averaged Test Recall: 0.7839
Averaged Test F1-Score: 0.7547
Std Test Accuracy: 0.0733
Std Test AUC: 0.0587
------------------------- time cost ------------------------- 7.642511606216431
------------------------- time cost ------------------------- 6.489426612854004
------------------------- time cost ------------------------- 6.3708648681640625
------------------------- time cost ------------------------- 6.4670281410217285
------------------------- time cost ------------------------- 6.481328248977661
------------------------- time cost ------------------------- 6.406624794006348
------------------------- time cost ------------------------- 6.606961011886597
------------------------- time cost ------------------------- 6.488153457641602
------------------------- time cost ------------------------- 6.418004989624023
------------------------- time cost ------------------------- 6.543120384216309

-------------Round number: 50-------------

Evaluate global model
Averaged Train Loss: 0.4688
Averaged Test Accuracy: 0.7803
Averaged Test AUC: 0.7674
Averaged Test Precision: 0.7756
Averaged Test Recall: 0.7803
Averaged Test F1-Score: 0.7520
Std Test Accuracy: 0.0760
Std Test AUC: 0.0571
------------------------- time cost ------------------------- 7.699626207351685
------------------------- time cost ------------------------- 6.296347141265869
------------------------- time cost ------------------------- 6.4275970458984375
------------------------- time cost ------------------------- 6.398961544036865
------------------------- time cost ------------------------- 6.456908702850342
------------------------- time cost ------------------------- 6.487738847732544
------------------------- time cost ------------------------- 6.468831539154053
------------------------- time cost ------------------------- 6.43161416053772
------------------------- time cost ------------------------- 6.4536895751953125
------------------------- time cost ------------------------- 6.3853771686553955

-------------Round number: 60-------------

Evaluate global model
Averaged Train Loss: 0.4673
Averaged Test Accuracy: 0.7812
Averaged Test AUC: 0.7692
Averaged Test Precision: 0.7779
Averaged Test Recall: 0.7812
Averaged Test F1-Score: 0.7526
Std Test Accuracy: 0.0756
Std Test AUC: 0.0546
------------------------- time cost ------------------------- 7.533833026885986
------------------------- time cost ------------------------- 6.483360767364502
------------------------- time cost ------------------------- 6.363016366958618
------------------------- time cost ------------------------- 6.411553382873535
------------------------- time cost ------------------------- 6.4092347621917725
------------------------- time cost ------------------------- 6.476815462112427
------------------------- time cost ------------------------- 6.472355604171753
------------------------- time cost ------------------------- 6.414161682128906
------------------------- time cost ------------------------- 6.40065336227417
------------------------- time cost ------------------------- 6.551442623138428

-------------Round number: 70-------------

Evaluate global model
Averaged Train Loss: 0.4684
Averaged Test Accuracy: 0.7824
Averaged Test AUC: 0.7701
Averaged Test Precision: 0.7782
Averaged Test Recall: 0.7824
Averaged Test F1-Score: 0.7567
Std Test Accuracy: 0.0715
Std Test AUC: 0.0551
------------------------- time cost ------------------------- 7.661398410797119
------------------------- time cost ------------------------- 6.3969035148620605
------------------------- time cost ------------------------- 6.413644552230835
------------------------- time cost ------------------------- 6.512845039367676
------------------------- time cost ------------------------- 6.457099437713623
------------------------- time cost ------------------------- 6.522228717803955
------------------------- time cost ------------------------- 6.583811283111572
------------------------- time cost ------------------------- 6.485194683074951
------------------------- time cost ------------------------- 6.533855676651001
------------------------- time cost ------------------------- 6.460081577301025

-------------Round number: 80-------------

Evaluate global model
Averaged Train Loss: 0.4671
Averaged Test Accuracy: 0.7821
Averaged Test AUC: 0.7716
Averaged Test Precision: 0.7782
Averaged Test Recall: 0.7821
Averaged Test F1-Score: 0.7554
Std Test Accuracy: 0.0718
Std Test AUC: 0.0533
------------------------- time cost ------------------------- 7.750020742416382
------------------------- time cost ------------------------- 6.533212900161743
------------------------- time cost ------------------------- 6.59838604927063
------------------------- time cost ------------------------- 6.491892576217651
------------------------- time cost ------------------------- 6.514793157577515
------------------------- time cost ------------------------- 6.412802219390869
------------------------- time cost ------------------------- 6.535995244979858
------------------------- time cost ------------------------- 6.557265281677246
------------------------- time cost ------------------------- 6.647043466567993
------------------------- time cost ------------------------- 6.288873672485352

-------------Round number: 90-------------

Evaluate global model
Averaged Train Loss: 0.4663
Averaged Test Accuracy: 0.7819
Averaged Test AUC: 0.7714
Averaged Test Precision: 0.7775
Averaged Test Recall: 0.7819
Averaged Test F1-Score: 0.7554
Std Test Accuracy: 0.0721
Std Test AUC: 0.0541
------------------------- time cost ------------------------- 7.206145763397217
------------------------- time cost ------------------------- 5.957547187805176
------------------------- time cost ------------------------- 6.520184278488159
------------------------- time cost ------------------------- 6.836993217468262
------------------------- time cost ------------------------- 6.7644267082214355
------------------------- time cost ------------------------- 6.686541318893433
------------------------- time cost ------------------------- 6.551119565963745
------------------------- time cost ------------------------- 6.84874701499939
------------------------- time cost ------------------------- 6.7893383502960205
------------------------- time cost ------------------------- 7.200151443481445

-------------Round number: 100-------------

Evaluate global model
Averaged Train Loss: 0.4661
Averaged Test Accuracy: 0.7820
Averaged Test AUC: 0.7731
Averaged Test Precision: 0.7796
Averaged Test Recall: 0.7820
Averaged Test F1-Score: 0.7543
Std Test Accuracy: 0.0755
Std Test AUC: 0.0525
------------------------- time cost ------------------------- 8.64411735534668

Best accuracy.
0.7838666666666667

Average time cost per round.
6.621411032676697
File path: results/Uci_FedAvg_test/Uci_FedAvg_test_0.h5
Training process CSV file path: results/Uci_FedAvg_test/Uci_FedAvg_test_0_training_process.csv
Training process data saved to: results/Uci_FedAvg_test/Uci_FedAvg_test_0_training_process.csv

平均训练时间: 671.35秒
