实验: Uci_label_skew_free_rider_MultiKrum_run1
物理GPU ID: 0
CUDA_VISIBLE_DEVICES: 0
时间: 2026-01-24 22:31:32
命令: /miniconda3/bin/python flcore/main.py -data Uci -algo FedAvg -nc 10 -gr 100 -ls 5 -lbs 64 -lr 0.01 -eg 10 -t 1 --heterogeneity label_skew --enable_attack True --attack_mode free_rider --malicious_ratio 0.3 --defense_mode multi_krum --use_tlbo False --tlbo_iterations 10 --use_autoencoder False --use_committee False
工作目录: /root/DecisionSupportSystem-FedACT/system

[GPU] 使用环境变量指定的GPU: CUDA_VISIBLE_DEVICES=0
============================================================
实验配置:
============================================================
  goal: test
  device: cuda
  device_id: 0
  dataset: Uci
  heterogeneity: label_skew
  model: auto
  num_classes: 2
  batch_size: 64
  local_learning_rate: 0.01
  global_rounds: 100
  local_epochs: 5
  algorithm: FedAvg
  num_clients: 10
  join_ratio: 1.0
  random_join_ratio: False
  prev: 0
  times: 1
  eval_gap: 10
  save_folder_name: results
  learning_rate_decay: False
  learning_rate_decay_gamma: 0.99
  few_shot: 0
  time_select: False
  time_threthold: 10000
  top_cnt: 100
  auto_break: False
  client_drop_rate: 0.0
  train_slow_rate: 0.0
  send_slow_rate: 0.0
  dlg_eval: False
  dlg_gap: 100
  batch_num_per_client: 2
  num_new_clients: 0
  fine_tuning_epoch_new: 0
  mu: 0.01
  beta: 0.0
  lamda: 1.0
  tau: 1.0
  plocal_epochs: 1
  server_learning_rate: 1.0
  enable_attack: True
  attack_mode: free_rider
  malicious_ratio: 0.3
  attack_scale: 3.0
  defense_mode: multi_krum
  use_autoencoder: False
  autoencoder_latent_dim: 64
  autoencoder_epochs: 20
  committee_size: 5
  vote_threshold: 0.5
  anomaly_threshold: 0.5
  anomaly_lower_coef: 0.7
  anomaly_upper_coef: 1.5
  use_committee: False
  tlbo_iterations: 10
  use_tlbo: False
  use_merkle: True
  use_incentive: True
============================================================

============= 第 1 次实验 =============
正在初始化服务器和客户端...
数据集: Uci, 特征维度: 23
模型参数量: 189,330

Join ratio / total clients: 1.0 / 10
Finished creating server and clients.

-------------Round number: 0-------------

Evaluate global model
Averaged Train Loss: 0.6905
Averaged Test Accuracy: 0.5856
Averaged Test AUC: 0.5178
Averaged Test Precision: 0.6416
Averaged Test Recall: 0.5856
Averaged Test F1-Score: 0.5989
Std Test Accuracy: 0.1062
Std Test AUC: 0.0476
------------------------- time cost ------------------------- 8.280903577804565
------------------------- time cost ------------------------- 6.4576005935668945
------------------------- time cost ------------------------- 6.445560455322266
------------------------- time cost ------------------------- 6.446347951889038
------------------------- time cost ------------------------- 6.8348493576049805
------------------------- time cost ------------------------- 6.601173639297485
------------------------- time cost ------------------------- 6.509854316711426
------------------------- time cost ------------------------- 6.303422689437866
------------------------- time cost ------------------------- 5.966131925582886
------------------------- time cost ------------------------- 6.265467166900635

-------------Round number: 10-------------

Evaluate global model
Averaged Train Loss: 0.4957
Averaged Test Accuracy: 0.7395
Averaged Test AUC: 0.7414
Averaged Test Precision: 0.7002
Averaged Test Recall: 0.7395
Averaged Test F1-Score: 0.6445
Std Test Accuracy: 0.1020
Std Test AUC: 0.0613
------------------------- time cost ------------------------- 7.402373313903809
------------------------- time cost ------------------------- 6.557467460632324
------------------------- time cost ------------------------- 6.377860069274902
------------------------- time cost ------------------------- 6.463990211486816
------------------------- time cost ------------------------- 6.461829662322998
------------------------- time cost ------------------------- 6.682842016220093
------------------------- time cost ------------------------- 6.500335454940796
------------------------- time cost ------------------------- 6.417812347412109
------------------------- time cost ------------------------- 6.392458915710449
------------------------- time cost ------------------------- 6.551770925521851

-------------Round number: 20-------------

Evaluate global model
Averaged Train Loss: 0.4763
Averaged Test Accuracy: 0.7736
Averaged Test AUC: 0.7549
Averaged Test Precision: 0.7733
Averaged Test Recall: 0.7736
Averaged Test F1-Score: 0.7339
Std Test Accuracy: 0.0857
Std Test AUC: 0.0613
------------------------- time cost ------------------------- 7.381194353103638
------------------------- time cost ------------------------- 6.450239896774292
------------------------- time cost ------------------------- 6.274893760681152
------------------------- time cost ------------------------- 6.460531711578369
------------------------- time cost ------------------------- 6.4815826416015625
------------------------- time cost ------------------------- 6.5757975578308105
------------------------- time cost ------------------------- 6.435642719268799
------------------------- time cost ------------------------- 6.549669027328491
------------------------- time cost ------------------------- 6.428200721740723
------------------------- time cost ------------------------- 6.4452996253967285

-------------Round number: 30-------------

Evaluate global model
Averaged Train Loss: 0.4701
Averaged Test Accuracy: 0.7817
Averaged Test AUC: 0.7614
Averaged Test Precision: 0.7748
Averaged Test Recall: 0.7817
Averaged Test F1-Score: 0.7527
Std Test Accuracy: 0.0744
Std Test AUC: 0.0593
------------------------- time cost ------------------------- 7.464383125305176
------------------------- time cost ------------------------- 6.428478956222534
------------------------- time cost ------------------------- 6.455288648605347
------------------------- time cost ------------------------- 6.5154500007629395
------------------------- time cost ------------------------- 6.402644872665405
------------------------- time cost ------------------------- 6.442890405654907
------------------------- time cost ------------------------- 6.639592170715332
------------------------- time cost ------------------------- 6.521532297134399
------------------------- time cost ------------------------- 6.364201784133911
------------------------- time cost ------------------------- 6.687781810760498

-------------Round number: 40-------------

Evaluate global model
Averaged Train Loss: 0.4703
Averaged Test Accuracy: 0.7779
Averaged Test AUC: 0.7646
Averaged Test Precision: 0.7739
Averaged Test Recall: 0.7779
Averaged Test F1-Score: 0.7464
Std Test Accuracy: 0.0772
Std Test AUC: 0.0583
------------------------- time cost ------------------------- 7.520507335662842
------------------------- time cost ------------------------- 6.533778190612793
------------------------- time cost ------------------------- 6.4318015575408936
------------------------- time cost ------------------------- 6.398556470870972
------------------------- time cost ------------------------- 6.400278806686401
------------------------- time cost ------------------------- 6.528571605682373
------------------------- time cost ------------------------- 6.607006311416626
------------------------- time cost ------------------------- 6.510758876800537
------------------------- time cost ------------------------- 6.453861713409424
------------------------- time cost ------------------------- 6.510831356048584

-------------Round number: 50-------------

Evaluate global model
Averaged Train Loss: 0.4685
Averaged Test Accuracy: 0.7829
Averaged Test AUC: 0.7680
Averaged Test Precision: 0.7778
Averaged Test Recall: 0.7829
Averaged Test F1-Score: 0.7552
Std Test Accuracy: 0.0733
Std Test AUC: 0.0563
------------------------- time cost ------------------------- 7.475579738616943
------------------------- time cost ------------------------- 6.570513010025024
------------------------- time cost ------------------------- 6.525661468505859
------------------------- time cost ------------------------- 6.446751117706299
------------------------- time cost ------------------------- 6.433745622634888
------------------------- time cost ------------------------- 6.451022624969482
------------------------- time cost ------------------------- 6.541424512863159
------------------------- time cost ------------------------- 6.554048776626587
------------------------- time cost ------------------------- 6.452746629714966
------------------------- time cost ------------------------- 6.448883295059204

-------------Round number: 60-------------

Evaluate global model
Averaged Train Loss: 0.4682
Averaged Test Accuracy: 0.7845
Averaged Test AUC: 0.7689
Averaged Test Precision: 0.7789
Averaged Test Recall: 0.7845
Averaged Test F1-Score: 0.7588
Std Test Accuracy: 0.0694
Std Test AUC: 0.0559
------------------------- time cost ------------------------- 7.564453840255737
------------------------- time cost ------------------------- 6.523189067840576
------------------------- time cost ------------------------- 6.331270456314087
------------------------- time cost ------------------------- 6.414161682128906
------------------------- time cost ------------------------- 6.41459059715271
------------------------- time cost ------------------------- 6.48332405090332
------------------------- time cost ------------------------- 6.478367328643799
------------------------- time cost ------------------------- 6.5415167808532715
------------------------- time cost ------------------------- 6.4561450481414795
------------------------- time cost ------------------------- 6.511090278625488

-------------Round number: 70-------------

Evaluate global model
Averaged Train Loss: 0.4680
Averaged Test Accuracy: 0.7825
Averaged Test AUC: 0.7713
Averaged Test Precision: 0.7779
Averaged Test Recall: 0.7825
Averaged Test F1-Score: 0.7549
Std Test Accuracy: 0.0732
Std Test AUC: 0.0532
------------------------- time cost ------------------------- 7.426063060760498
------------------------- time cost ------------------------- 6.5815205574035645
------------------------- time cost ------------------------- 6.473266839981079
------------------------- time cost ------------------------- 6.421689510345459
------------------------- time cost ------------------------- 6.391291618347168
------------------------- time cost ------------------------- 6.480070352554321
------------------------- time cost ------------------------- 6.42038631439209
------------------------- time cost ------------------------- 6.395624160766602
------------------------- time cost ------------------------- 6.45928955078125
------------------------- time cost ------------------------- 6.580893278121948

-------------Round number: 80-------------

Evaluate global model
Averaged Train Loss: 0.4663
Averaged Test Accuracy: 0.7855
Averaged Test AUC: 0.7719
Averaged Test Precision: 0.7798
Averaged Test Recall: 0.7855
Averaged Test F1-Score: 0.7608
Std Test Accuracy: 0.0688
Std Test AUC: 0.0532
------------------------- time cost ------------------------- 7.523205757141113
------------------------- time cost ------------------------- 6.421854496002197
------------------------- time cost ------------------------- 6.396909952163696
------------------------- time cost ------------------------- 6.421774387359619
------------------------- time cost ------------------------- 6.561005353927612
------------------------- time cost ------------------------- 6.452269792556763
------------------------- time cost ------------------------- 6.472577333450317
------------------------- time cost ------------------------- 6.318245887756348
------------------------- time cost ------------------------- 6.734857559204102
------------------------- time cost ------------------------- 6.445653200149536

-------------Round number: 90-------------

Evaluate global model
Averaged Train Loss: 0.4674
Averaged Test Accuracy: 0.7851
Averaged Test AUC: 0.7723
Averaged Test Precision: 0.7795
Averaged Test Recall: 0.7851
Averaged Test F1-Score: 0.7595
Std Test Accuracy: 0.0701
Std Test AUC: 0.0538
------------------------- time cost ------------------------- 7.645178318023682
------------------------- time cost ------------------------- 6.435773134231567
------------------------- time cost ------------------------- 6.515322685241699
------------------------- time cost ------------------------- 6.426889419555664
------------------------- time cost ------------------------- 6.479878902435303
------------------------- time cost ------------------------- 6.420344352722168
------------------------- time cost ------------------------- 6.485821723937988
------------------------- time cost ------------------------- 6.4731690883636475
------------------------- time cost ------------------------- 6.37911057472229
------------------------- time cost ------------------------- 6.6952574253082275

-------------Round number: 100-------------

Evaluate global model
Averaged Train Loss: 0.4679
Averaged Test Accuracy: 0.7792
Averaged Test AUC: 0.7724
Averaged Test Precision: 0.7775
Averaged Test Recall: 0.7792
Averaged Test F1-Score: 0.7493
Std Test Accuracy: 0.0770
Std Test AUC: 0.0529
------------------------- time cost ------------------------- 7.7261645793914795

Best accuracy.
0.7854666666666666

Average time cost per round.
6.576202418804169
File path: results/Uci_FedAvg_test/Uci_FedAvg_test_0.h5
Training process CSV file path: results/Uci_FedAvg_test/Uci_FedAvg_test_0_training_process.csv
Training process data saved to: results/Uci_FedAvg_test/Uci_FedAvg_test_0_training_process.csv

平均训练时间: 667.15秒
