实验: Uci_minmax_r20_TrimmedMean_run1
GPU: 1
时间: 2026-01-23 03:27:08
命令: /miniconda3/bin/python /root/DecisionSupportSystem-FedACT/system/flcore/main.py -data Uci -algo FedTLBO -nc 10 -gr 100 -ls 5 -lbs 64 -lr 0.01 -eg 10 -t 1 --enable_attack True --attack_mode minmax --malicious_ratio 0.2 --defense_mode trimmed_mean --use_tlbo True --tlbo_iterations 10 --use_autoencoder False --use_committee False

============================================================
实验配置:
============================================================
  goal: test
  device: cuda
  device_id: 1
  dataset: Uci
  heterogeneity: iid
  model: auto
  num_classes: 2
  batch_size: 64
  local_learning_rate: 0.01
  global_rounds: 100
  local_epochs: 5
  algorithm: FedTLBO
  num_clients: 10
  join_ratio: 1.0
  random_join_ratio: False
  prev: 0
  times: 1
  eval_gap: 10
  save_folder_name: results
  learning_rate_decay: False
  learning_rate_decay_gamma: 0.99
  few_shot: 0
  time_select: False
  time_threthold: 10000
  top_cnt: 100
  auto_break: False
  client_drop_rate: 0.0
  train_slow_rate: 0.0
  send_slow_rate: 0.0
  dlg_eval: False
  dlg_gap: 100
  batch_num_per_client: 2
  num_new_clients: 0
  fine_tuning_epoch_new: 0
  mu: 0.01
  beta: 0.0
  lamda: 1.0
  tau: 1.0
  plocal_epochs: 1
  server_learning_rate: 1.0
  enable_attack: True
  attack_mode: minmax
  malicious_ratio: 0.2
  attack_scale: 3.0
  defense_mode: trimmed_mean
  use_autoencoder: False
  autoencoder_latent_dim: 64
  autoencoder_epochs: 20
  committee_size: 5
  vote_threshold: 0.5
  anomaly_threshold: 0.5
  anomaly_lower_coef: 0.7
  anomaly_upper_coef: 1.5
  use_committee: False
  tlbo_iterations: 10
  use_tlbo: True
  use_merkle: True
  use_incentive: True
============================================================

============= 第 1 次实验 =============
正在初始化服务器和客户端...
数据集: Uci, 特征维度: 23
模型参数量: 189,330

============================================================
FedACT Server
============================================================
客户端: 10, 轮数: 100
防御模式: trimmed_mean
攻击模式: minmax (恶意客户端: 2)
============================================================


[Round 1/100] 正在训练...
  客户端训练 1/10...
  客户端训练 2/10...
  客户端训练 3/10...
  客户端训练 4/10...
  客户端训练 5/10...
  客户端训练 6/10...
  客户端训练 7/10...
  客户端训练 8/10...
  客户端训练 9/10...
  客户端训练 10/10...
  客户端训练完成 (10)     
[Round 2/100] 正在训练...
  客户端训练 1/10...
  客户端训练 2/10...
  客户端训练 3/10...
  客户端训练 4/10...
  客户端训练 5/10...
  客户端训练 6/10...
  客户端训练 7/10...
  客户端训练 8/10...
  客户端训练 9/10...
  客户端训练 10/10...
  客户端训练完成 (10)     
[Round 3/100] 正在训练...
  客户端训练 1/10...
  客户端训练 2/10...
  客户端训练 3/10...
  客户端训练 4/10...
  客户端训练 5/10...
  客户端训练 6/10...
  客户端训练 7/10...
  客户端训练 8/10...
  客户端训练 9/10...
  客户端训练 10/10...
  客户端训练完成 (10)     
[Round 4/100] 正在训练...
  客户端训练 1/10...
  客户端训练 2/10...
  客户端训练 3/10...
  客户端训练 4/10...
  客户端训练 5/10...
  客户端训练 6/10...
  客户端训练 7/10...
  客户端训练 8/10...
  客户端训练 9/10...
  客户端训练 10/10...
  客户端训练完成 (10)     
[Round 5/100] 正在训练...
  客户端训练 1/10...
  客户端训练 2/10...
  客户端训练 3/10...
  客户端训练 4/10...
  客户端训练 5/10...
  客户端训练 6/10...
  客户端训练 7/10...
  客户端训练 8/10...
  客户端训练 9/10...
  客户端训练 10/10...
  客户端训练完成 (10)     
[Round 6/100] 正在训练...
  客户端训练 1/10...
  客户端训练 2/10...
  客户端训练 3/10...
  客户端训练 4/10...
  客户端训练 5/10...
  客户端训练 6/10...
  客户端训练 7/10...
  客户端训练 8/10...
  客户端训练 9/10...
  客户端训练 10/10...
  客户端训练完成 (10)     
[Round 7/100] 正在训练...
  客户端训练 1/10...
  客户端训练 2/10...
  客户端训练 3/10...
  客户端训练 4/10...
  客户端训练 5/10...
  客户端训练 6/10...
  客户端训练 7/10...
  客户端训练 8/10...
  客户端训练 9/10...
  客户端训练 10/10...
  客户端训练完成 (10)     
[Round 8/100] 正在训练...
  客户端训练 1/10...
  客户端训练 2/10...
  客户端训练 3/10...
  客户端训练 4/10...
  客户端训练 5/10...
  客户端训练 6/10...
  客户端训练 7/10...
  客户端训练 8/10...
  客户端训练 9/10...
  客户端训练 10/10...
  客户端训练完成 (10)     
[Round 9/100] 正在训练...
  客户端训练 1/10...
  客户端训练 2/10...
  客户端训练 3/10...
  客户端训练 4/10...
  客户端训练 5/10...
  客户端训练 6/10...
  客户端训练 7/10...
  客户端训练 8/10...
  客户端训练 9/10...
  客户端训练 10/10...
  客户端训练完成 (10)     
[Round 10/100] 正在训练...
  客户端训练 1/10...
  客户端训练 2/10...
  客户端训练 3/10...
  客户端训练 4/10...
  客户端训练 5/10...
  客户端训练 6/10...
  客户端训练 7/10...
  客户端训练 8/10...
  客户端训练 9/10...
  客户端训练 10/10...
  客户端训练完成 (10)     
[Round 10/100]                              
Averaged Train Loss: 0.5346
Averaged Test Accuracy: 0.7712
Averaged Test AUC: 0.7063
Averaged Test Precision: 0.6806
Averaged Test Recall: 0.7712
Averaged Test F1-Score: 0.6978
Std Test Accuracy: 0.0633
Std Test AUC: 0.0709
  耗时: 6.81s

[Round 11/100] 正在训练...
  客户端训练 1/10...
  客户端训练 2/10...
  客户端训练 3/10...
  客户端训练 4/10...
  客户端训练 5/10...
  客户端训练 6/10...
  客户端训练 7/10...
  客户端训练 8/10...
  客户端训练 9/10...
  客户端训练 10/10...
  客户端训练完成 (10)     
[Round 12/100] 正在训练...
  客户端训练 1/10...
  客户端训练 2/10...
  客户端训练 3/10...
  客户端训练 4/10...
  客户端训练 5/10...
  客户端训练 6/10...
  客户端训练 7/10...
  客户端训练 8/10...
  客户端训练 9/10...
  客户端训练 10/10...
  客户端训练完成 (10)     
[Round 13/100] 正在训练...
  客户端训练 1/10...
  客户端训练 2/10...
  客户端训练 3/10...
  客户端训练 4/10...
  客户端训练 5/10...
  客户端训练 6/10...
  客户端训练 7/10...
  客户端训练 8/10...
  客户端训练 9/10...
  客户端训练 10/10...
  客户端训练完成 (10)     
[Round 14/100] 正在训练...
  客户端训练 1/10...
  客户端训练 2/10...
  客户端训练 3/10...
  客户端训练 4/10...
  客户端训练 5/10...
  客户端训练 6/10...
  客户端训练 7/10...
  客户端训练 8/10...
  客户端训练 9/10...
  客户端训练 10/10...
  客户端训练完成 (10)     
[Round 15/100] 正在训练...
  客户端训练 1/10...
  客户端训练 2/10...
  客户端训练 3/10...
  客户端训练 4/10...
  客户端训练 5/10...
  客户端训练 6/10...
  客户端训练 7/10...
  客户端训练 8/10...
  客户端训练 9/10...
  客户端训练 10/10...
  客户端训练完成 (10)     
[Round 16/100] 正在训练...
  客户端训练 1/10...
  客户端训练 2/10...
  客户端训练 3/10...
  客户端训练 4/10...
  客户端训练 5/10...
  客户端训练 6/10...
  客户端训练 7/10...
  客户端训练 8/10...
  客户端训练 9/10...
  客户端训练 10/10...
  客户端训练完成 (10)     
[Round 17/100] 正在训练...
  客户端训练 1/10...
  客户端训练 2/10...
  客户端训练 3/10...
  客户端训练 4/10...
  客户端训练 5/10...
  客户端训练 6/10...
  客户端训练 7/10...
  客户端训练 8/10...
  客户端训练 9/10...
  客户端训练 10/10...
  客户端训练完成 (10)     
[Round 18/100] 正在训练...
  客户端训练 1/10...
  客户端训练 2/10...
  客户端训练 3/10...
  客户端训练 4/10...
  客户端训练 5/10...
  客户端训练 6/10...
  客户端训练 7/10...
  客户端训练 8/10...
  客户端训练 9/10...
  客户端训练 10/10...
  客户端训练完成 (10)     
[Round 19/100] 正在训练...
  客户端训练 1/10...
  客户端训练 2/10...
  客户端训练 3/10...
  客户端训练 4/10...
  客户端训练 5/10...
  客户端训练 6/10...
  客户端训练 7/10...
  客户端训练 8/10...
  客户端训练 9/10...
  客户端训练 10/10...
  客户端训练完成 (10)     
[Round 20/100] 正在训练...
  客户端训练 1/10...
  客户端训练 2/10...
  客户端训练 3/10...
  客户端训练 4/10...
  客户端训练 5/10...
  客户端训练 6/10...
  客户端训练 7/10...
  客户端训练 8/10...
  客户端训练 9/10...
  客户端训练 10/10...
  客户端训练完成 (10)     
[Round 20/100]                              
Averaged Train Loss: 0.5335
Averaged Test Accuracy: 0.7693
Averaged Test AUC: 0.7032
Averaged Test Precision: 0.6736
Averaged Test Recall: 0.7693
Averaged Test F1-Score: 0.6964
Std Test Accuracy: 0.0648
Std Test AUC: 0.0681
  耗时: 6.85s

[Round 21/100] 正在训练...
  客户端训练 1/10...
  客户端训练 2/10...
  客户端训练 3/10...
  客户端训练 4/10...
  客户端训练 5/10...
  客户端训练 6/10...
  客户端训练 7/10...
  客户端训练 8/10...
  客户端训练 9/10...
  客户端训练 10/10...
  客户端训练完成 (10)     
[Round 22/100] 正在训练...
  客户端训练 1/10...
  客户端训练 2/10...
  客户端训练 3/10...
  客户端训练 4/10...
  客户端训练 5/10...
  客户端训练 6/10...
  客户端训练 7/10...
  客户端训练 8/10...
  客户端训练 9/10...
  客户端训练 10/10...
  客户端训练完成 (10)     
[Round 23/100] 正在训练...
  客户端训练 1/10...
  客户端训练 2/10...
  客户端训练 3/10...
  客户端训练 4/10...
  客户端训练 5/10...
  客户端训练 6/10...
  客户端训练 7/10...
  客户端训练 8/10...
  客户端训练 9/10...
  客户端训练 10/10...
  客户端训练完成 (10)     
[Round 24/100] 正在训练...
  客户端训练 1/10...
  客户端训练 2/10...
  客户端训练 3/10...
  客户端训练 4/10...
  客户端训练 5/10...
  客户端训练 6/10...
  客户端训练 7/10...
  客户端训练 8/10...
  客户端训练 9/10...
  客户端训练 10/10...
  客户端训练完成 (10)     
[Round 25/100] 正在训练...
  客户端训练 1/10...
  客户端训练 2/10...
  客户端训练 3/10...
  客户端训练 4/10...
  客户端训练 5/10...
  客户端训练 6/10...
  客户端训练 7/10...
  客户端训练 8/10...
  客户端训练 9/10...
  客户端训练 10/10...
  客户端训练完成 (10)     
[Round 26/100] 正在训练...
  客户端训练 1/10...
  客户端训练 2/10...
  客户端训练 3/10...
  客户端训练 4/10...
  客户端训练 5/10...
  客户端训练 6/10...
  客户端训练 7/10...
  客户端训练 8/10...
  客户端训练 9/10...
  客户端训练 10/10...
  客户端训练完成 (10)     
[Round 27/100] 正在训练...
  客户端训练 1/10...
  客户端训练 2/10...
  客户端训练 3/10...
  客户端训练 4/10...
  客户端训练 5/10...
  客户端训练 6/10...
  客户端训练 7/10...
  客户端训练 8/10...
  客户端训练 9/10...
  客户端训练 10/10...
  客户端训练完成 (10)     
[Round 28/100] 正在训练...
  客户端训练 1/10...
  客户端训练 2/10...
  客户端训练 3/10...
  客户端训练 4/10...
  客户端训练 5/10...
  客户端训练 6/10...
  客户端训练 7/10...
  客户端训练 8/10...
  客户端训练 9/10...
  客户端训练 10/10...
  客户端训练完成 (10)     
[Round 29/100] 正在训练...
  客户端训练 1/10...
  客户端训练 2/10...
  客户端训练 3/10...
  客户端训练 4/10...
  客户端训练 5/10...
  客户端训练 6/10...
  客户端训练 7/10...
  客户端训练 8/10...
  客户端训练 9/10...
  客户端训练 10/10...
  客户端训练完成 (10)     
[Round 30/100] 正在训练...
  客户端训练 1/10...
  客户端训练 2/10...
  客户端训练 3/10...
  客户端训练 4/10...
  客户端训练 5/10...
  客户端训练 6/10...
  客户端训练 7/10...
  客户端训练 8/10...
  客户端训练 9/10...
  客户端训练 10/10...
  客户端训练完成 (10)     
[Round 30/100]                              
Averaged Train Loss: 0.5306
Averaged Test Accuracy: 0.7663
Averaged Test AUC: 0.7062
Averaged Test Precision: 0.6725
Averaged Test Recall: 0.7663
Averaged Test F1-Score: 0.6922
Std Test Accuracy: 0.0660
Std Test AUC: 0.0668
  耗时: 6.31s

[Round 31/100] 正在训练...
  客户端训练 1/10...
  客户端训练 2/10...
  客户端训练 3/10...
  客户端训练 4/10...
  客户端训练 5/10...
  客户端训练 6/10...
  客户端训练 7/10...
  客户端训练 8/10...
  客户端训练 9/10...
  客户端训练 10/10...
  客户端训练完成 (10)     
[Round 32/100] 正在训练...
  客户端训练 1/10...
  客户端训练 2/10...
  客户端训练 3/10...
  客户端训练 4/10...
  客户端训练 5/10...
  客户端训练 6/10...
  客户端训练 7/10...
  客户端训练 8/10...
  客户端训练 9/10...
  客户端训练 10/10...
  客户端训练完成 (10)     
[Round 33/100] 正在训练...
  客户端训练 1/10...
  客户端训练 2/10...
  客户端训练 3/10...
  客户端训练 4/10...
  客户端训练 5/10...
  客户端训练 6/10...
  客户端训练 7/10...
  客户端训练 8/10...
  客户端训练 9/10...
  客户端训练 10/10...
  客户端训练完成 (10)     
[Round 34/100] 正在训练...
  客户端训练 1/10...
  客户端训练 2/10...
  客户端训练 3/10...
  客户端训练 4/10...
  客户端训练 5/10...
  客户端训练 6/10...
  客户端训练 7/10...
  客户端训练 8/10...
  客户端训练 9/10...
  客户端训练 10/10...
  客户端训练完成 (10)     
[Round 35/100] 正在训练...
  客户端训练 1/10...
  客户端训练 2/10...
  客户端训练 3/10...
  客户端训练 4/10...
  客户端训练 5/10...
  客户端训练 6/10...
  客户端训练 7/10...
  客户端训练 8/10...
  客户端训练 9/10...
  客户端训练 10/10...
  客户端训练完成 (10)     
[Round 36/100] 正在训练...
  客户端训练 1/10...
  客户端训练 2/10...
  客户端训练 3/10...
  客户端训练 4/10...
  客户端训练 5/10...
  客户端训练 6/10...
  客户端训练 7/10...
  客户端训练 8/10...
  客户端训练 9/10...
  客户端训练 10/10...
  客户端训练完成 (10)     
[Round 37/100] 正在训练...
  客户端训练 1/10...
  客户端训练 2/10...
  客户端训练 3/10...
  客户端训练 4/10...
  客户端训练 5/10...
  客户端训练 6/10...
  客户端训练 7/10...
  客户端训练 8/10...
  客户端训练 9/10...
  客户端训练 10/10...
  客户端训练完成 (10)     
[Round 38/100] 正在训练...
  客户端训练 1/10...
  客户端训练 2/10...
  客户端训练 3/10...
  客户端训练 4/10...
  客户端训练 5/10...
  客户端训练 6/10...
  客户端训练 7/10...
  客户端训练 8/10...
  客户端训练 9/10...
  客户端训练 10/10...
  客户端训练完成 (10)     
[Round 39/100] 正在训练...
  客户端训练 1/10...
  客户端训练 2/10...
  客户端训练 3/10...
  客户端训练 4/10...
  客户端训练 5/10...
  客户端训练 6/10...
  客户端训练 7/10...
  客户端训练 8/10...
  客户端训练 9/10...
  客户端训练 10/10...
  客户端训练完成 (10)     
[Round 40/100] 正在训练...
  客户端训练 1/10...
  客户端训练 2/10...
  客户端训练 3/10...
  客户端训练 4/10...
  客户端训练 5/10...
  客户端训练 6/10...
  客户端训练 7/10...
  客户端训练 8/10...
  客户端训练 9/10...
  客户端训练 10/10...
  客户端训练完成 (10)     
[Round 40/100]                              
Averaged Train Loss: 0.5299
Averaged Test Accuracy: 0.7627
Averaged Test AUC: 0.7101
Averaged Test Precision: 0.6725
Averaged Test Recall: 0.7627
Averaged Test F1-Score: 0.6858
Std Test Accuracy: 0.0689
Std Test AUC: 0.0665
  耗时: 6.41s

[Round 41/100] 正在训练...
  客户端训练 1/10...
  客户端训练 2/10...
  客户端训练 3/10...
  客户端训练 4/10...
  客户端训练 5/10...
  客户端训练 6/10...
  客户端训练 7/10...
  客户端训练 8/10...
  客户端训练 9/10...
  客户端训练 10/10...
  客户端训练完成 (10)     
[Round 42/100] 正在训练...
  客户端训练 1/10...
  客户端训练 2/10...
  客户端训练 3/10...
  客户端训练 4/10...
  客户端训练 5/10...
  客户端训练 6/10...
  客户端训练 7/10...
  客户端训练 8/10...
  客户端训练 9/10...
  客户端训练 10/10...
  客户端训练完成 (10)     
[Round 43/100] 正在训练...
  客户端训练 1/10...
  客户端训练 2/10...
  客户端训练 3/10...
  客户端训练 4/10...
  客户端训练 5/10...
  客户端训练 6/10...
  客户端训练 7/10...
  客户端训练 8/10...
  客户端训练 9/10...
  客户端训练 10/10...
  客户端训练完成 (10)     
[Round 44/100] 正在训练...
  客户端训练 1/10...
  客户端训练 2/10...
  客户端训练 3/10...
  客户端训练 4/10...
  客户端训练 5/10...
  客户端训练 6/10...
  客户端训练 7/10...
  客户端训练 8/10...
  客户端训练 9/10...
  客户端训练 10/10...
  客户端训练完成 (10)     
[Round 45/100] 正在训练...
  客户端训练 1/10...
  客户端训练 2/10...
  客户端训练 3/10...
  客户端训练 4/10...
  客户端训练 5/10...
  客户端训练 6/10...
  客户端训练 7/10...
  客户端训练 8/10...
  客户端训练 9/10...
  客户端训练 10/10...
  客户端训练完成 (10)     
[Round 46/100] 正在训练...
  客户端训练 1/10...
  客户端训练 2/10...
  客户端训练 3/10...
  客户端训练 4/10...
  客户端训练 5/10...
  客户端训练 6/10...
  客户端训练 7/10...
  客户端训练 8/10...
  客户端训练 9/10...
  客户端训练 10/10...
  客户端训练完成 (10)     
[Round 47/100] 正在训练...
  客户端训练 1/10...
  客户端训练 2/10...
  客户端训练 3/10...
  客户端训练 4/10...
  客户端训练 5/10...
  客户端训练 6/10...
  客户端训练 7/10...
  客户端训练 8/10...
  客户端训练 9/10...
  客户端训练 10/10...
  客户端训练完成 (10)     
[Round 48/100] 正在训练...
  客户端训练 1/10...
  客户端训练 2/10...
  客户端训练 3/10...
  客户端训练 4/10...
  客户端训练 5/10...
  客户端训练 6/10...
  客户端训练 7/10...
  客户端训练 8/10...
  客户端训练 9/10...
  客户端训练 10/10...
  客户端训练完成 (10)     
[Round 49/100] 正在训练...
  客户端训练 1/10...
  客户端训练 2/10...
  客户端训练 3/10...
  客户端训练 4/10...
  客户端训练 5/10...
  客户端训练 6/10...
  客户端训练 7/10...
  客户端训练 8/10...
  客户端训练 9/10...
  客户端训练 10/10...
  客户端训练完成 (10)     
[Round 50/100] 正在训练...
  客户端训练 1/10...
  客户端训练 2/10...
  客户端训练 3/10...
  客户端训练 4/10...
  客户端训练 5/10...
  客户端训练 6/10...
  客户端训练 7/10...
  客户端训练 8/10...
  客户端训练 9/10...
  客户端训练 10/10...
  客户端训练完成 (10)     
[Round 50/100]                              
Averaged Train Loss: 0.5286
Averaged Test Accuracy: 0.7568
Averaged Test AUC: 0.7096
Averaged Test Precision: 0.6601
Averaged Test Recall: 0.7568
Averaged Test F1-Score: 0.6783
Std Test Accuracy: 0.0744
Std Test AUC: 0.0667
  耗时: 6.45s

[Round 51/100] 正在训练...
  客户端训练 1/10...
  客户端训练 2/10...
  客户端训练 3/10...
  客户端训练 4/10...
  客户端训练 5/10...
  客户端训练 6/10...
  客户端训练 7/10...
  客户端训练 8/10...
  客户端训练 9/10...
  客户端训练 10/10...
  客户端训练完成 (10)     
[Round 52/100] 正在训练...
  客户端训练 1/10...
  客户端训练 2/10...
  客户端训练 3/10...
  客户端训练 4/10...
  客户端训练 5/10...
  客户端训练 6/10...
  客户端训练 7/10...
  客户端训练 8/10...
  客户端训练 9/10...
  客户端训练 10/10...
  客户端训练完成 (10)     
[Round 53/100] 正在训练...
  客户端训练 1/10...
  客户端训练 2/10...
  客户端训练 3/10...
  客户端训练 4/10...
  客户端训练 5/10...
  客户端训练 6/10...
  客户端训练 7/10...
  客户端训练 8/10...
  客户端训练 9/10...
  客户端训练 10/10...
  客户端训练完成 (10)     
[Round 54/100] 正在训练...
  客户端训练 1/10...
  客户端训练 2/10...
  客户端训练 3/10...
  客户端训练 4/10...
  客户端训练 5/10...
  客户端训练 6/10...
  客户端训练 7/10...
  客户端训练 8/10...
  客户端训练 9/10...
  客户端训练 10/10...
  客户端训练完成 (10)     
[Round 55/100] 正在训练...
  客户端训练 1/10...
  客户端训练 2/10...
  客户端训练 3/10...
  客户端训练 4/10...
  客户端训练 5/10...
  客户端训练 6/10...
  客户端训练 7/10...
  客户端训练 8/10...
  客户端训练 9/10...
  客户端训练 10/10...
  客户端训练完成 (10)     
[Round 56/100] 正在训练...
  客户端训练 1/10...
  客户端训练 2/10...
  客户端训练 3/10...
  客户端训练 4/10...
  客户端训练 5/10...
  客户端训练 6/10...
  客户端训练 7/10...
  客户端训练 8/10...
  客户端训练 9/10...
  客户端训练 10/10...
  客户端训练完成 (10)     
[Round 57/100] 正在训练...
  客户端训练 1/10...
  客户端训练 2/10...
  客户端训练 3/10...
  客户端训练 4/10...
  客户端训练 5/10...
  客户端训练 6/10...
  客户端训练 7/10...
  客户端训练 8/10...
  客户端训练 9/10...
  客户端训练 10/10...
  客户端训练完成 (10)     
[Round 58/100] 正在训练...
  客户端训练 1/10...
  客户端训练 2/10...
  客户端训练 3/10...
  客户端训练 4/10...
  客户端训练 5/10...
  客户端训练 6/10...
  客户端训练 7/10...
  客户端训练 8/10...
  客户端训练 9/10...
  客户端训练 10/10...
  客户端训练完成 (10)     
[Round 59/100] 正在训练...
  客户端训练 1/10...
  客户端训练 2/10...
  客户端训练 3/10...
  客户端训练 4/10...
  客户端训练 5/10...
  客户端训练 6/10...
  客户端训练 7/10...
  客户端训练 8/10...
  客户端训练 9/10...
  客户端训练 10/10...
  客户端训练完成 (10)     
[Round 60/100] 正在训练...
  客户端训练 1/10...
  客户端训练 2/10...
  客户端训练 3/10...
  客户端训练 4/10...
  客户端训练 5/10...
  客户端训练 6/10...
  客户端训练 7/10...
  客户端训练 8/10...
  客户端训练 9/10...
  客户端训练 10/10...
  客户端训练完成 (10)     
[Round 60/100]                              
Averaged Train Loss: 0.5269
Averaged Test Accuracy: 0.7641
Averaged Test AUC: 0.7114
Averaged Test Precision: 0.6765
Averaged Test Recall: 0.7641
Averaged Test F1-Score: 0.6885
Std Test Accuracy: 0.0674
Std Test AUC: 0.0671
  耗时: 6.39s

[Round 61/100] 正在训练...
  客户端训练 1/10...
  客户端训练 2/10...
  客户端训练 3/10...
  客户端训练 4/10...
  客户端训练 5/10...
  客户端训练 6/10...
  客户端训练 7/10...
  客户端训练 8/10...
  客户端训练 9/10...
  客户端训练 10/10...
  客户端训练完成 (10)     
[Round 62/100] 正在训练...
  客户端训练 1/10...
  客户端训练 2/10...
  客户端训练 3/10...
  客户端训练 4/10...
  客户端训练 5/10...
  客户端训练 6/10...
  客户端训练 7/10...
  客户端训练 8/10...
  客户端训练 9/10...
  客户端训练 10/10...
  客户端训练完成 (10)     
[Round 63/100] 正在训练...
  客户端训练 1/10...
  客户端训练 2/10...
  客户端训练 3/10...
  客户端训练 4/10...
  客户端训练 5/10...
  客户端训练 6/10...
  客户端训练 7/10...
  客户端训练 8/10...
  客户端训练 9/10...
  客户端训练 10/10...
  客户端训练完成 (10)     
[Round 64/100] 正在训练...
  客户端训练 1/10...
  客户端训练 2/10...
  客户端训练 3/10...
  客户端训练 4/10...
  客户端训练 5/10...
  客户端训练 6/10...
  客户端训练 7/10...
  客户端训练 8/10...
  客户端训练 9/10...
  客户端训练 10/10...
  客户端训练完成 (10)     
[Round 65/100] 正在训练...
  客户端训练 1/10...
  客户端训练 2/10...
  客户端训练 3/10...
  客户端训练 4/10...
  客户端训练 5/10...
  客户端训练 6/10...
  客户端训练 7/10...
  客户端训练 8/10...
  客户端训练 9/10...
  客户端训练 10/10...
  客户端训练完成 (10)     
[Round 66/100] 正在训练...
  客户端训练 1/10...
  客户端训练 2/10...
  客户端训练 3/10...
  客户端训练 4/10...
  客户端训练 5/10...
  客户端训练 6/10...
  客户端训练 7/10...
  客户端训练 8/10...
  客户端训练 9/10...
  客户端训练 10/10...
  客户端训练完成 (10)     
[Round 67/100] 正在训练...
  客户端训练 1/10...
  客户端训练 2/10...
  客户端训练 3/10...
  客户端训练 4/10...
  客户端训练 5/10...
  客户端训练 6/10...
  客户端训练 7/10...
  客户端训练 8/10...
  客户端训练 9/10...
  客户端训练 10/10...
  客户端训练完成 (10)     
[Round 68/100] 正在训练...
  客户端训练 1/10...
  客户端训练 2/10...
  客户端训练 3/10...
  客户端训练 4/10...
  客户端训练 5/10...
  客户端训练 6/10...
  客户端训练 7/10...
  客户端训练 8/10...
  客户端训练 9/10...
  客户端训练 10/10...
  客户端训练完成 (10)     
[Round 69/100] 正在训练...
  客户端训练 1/10...
  客户端训练 2/10...
  客户端训练 3/10...
  客户端训练 4/10...
  客户端训练 5/10...
  客户端训练 6/10...
  客户端训练 7/10...
  客户端训练 8/10...
  客户端训练 9/10...
  客户端训练 10/10...
  客户端训练完成 (10)     
[Round 70/100] 正在训练...
  客户端训练 1/10...
  客户端训练 2/10...
  客户端训练 3/10...
  客户端训练 4/10...
  客户端训练 5/10...
  客户端训练 6/10...
  客户端训练 7/10...
  客户端训练 8/10...
  客户端训练 9/10...
  客户端训练 10/10...
  客户端训练完成 (10)     
[Round 70/100]                              
Averaged Train Loss: 0.5265
Averaged Test Accuracy: 0.7579
Averaged Test AUC: 0.7100
Averaged Test Precision: 0.6667
Averaged Test Recall: 0.7579
Averaged Test F1-Score: 0.6788
Std Test Accuracy: 0.0731
Std Test AUC: 0.0669
  耗时: 6.41s

[Round 71/100] 正在训练...
  客户端训练 1/10...
  客户端训练 2/10...
  客户端训练 3/10...
  客户端训练 4/10...
  客户端训练 5/10...
  客户端训练 6/10...
  客户端训练 7/10...
  客户端训练 8/10...
  客户端训练 9/10...
  客户端训练 10/10...
  客户端训练完成 (10)     
[Round 72/100] 正在训练...
  客户端训练 1/10...
  客户端训练 2/10...
  客户端训练 3/10...
  客户端训练 4/10...
  客户端训练 5/10...
  客户端训练 6/10...
  客户端训练 7/10...
  客户端训练 8/10...
  客户端训练 9/10...
  客户端训练 10/10...
  客户端训练完成 (10)     
[Round 73/100] 正在训练...
  客户端训练 1/10...
  客户端训练 2/10...
  客户端训练 3/10...
  客户端训练 4/10...
  客户端训练 5/10...
  客户端训练 6/10...
  客户端训练 7/10...
  客户端训练 8/10...
  客户端训练 9/10...
  客户端训练 10/10...
  客户端训练完成 (10)     
[Round 74/100] 正在训练...
  客户端训练 1/10...
  客户端训练 2/10...
  客户端训练 3/10...
  客户端训练 4/10...
  客户端训练 5/10...
  客户端训练 6/10...
  客户端训练 7/10...
  客户端训练 8/10...
  客户端训练 9/10...
  客户端训练 10/10...
  客户端训练完成 (10)     
[Round 75/100] 正在训练...
  客户端训练 1/10...
  客户端训练 2/10...
  客户端训练 3/10...
  客户端训练 4/10...
  客户端训练 5/10...
  客户端训练 6/10...
  客户端训练 7/10...
  客户端训练 8/10...
  客户端训练 9/10...
  客户端训练 10/10...
  客户端训练完成 (10)     
[Round 76/100] 正在训练...
  客户端训练 1/10...
  客户端训练 2/10...
  客户端训练 3/10...
  客户端训练 4/10...
  客户端训练 5/10...
  客户端训练 6/10...
  客户端训练 7/10...
  客户端训练 8/10...
  客户端训练 9/10...
  客户端训练 10/10...
  客户端训练完成 (10)     
[Round 77/100] 正在训练...
  客户端训练 1/10...
  客户端训练 2/10...
  客户端训练 3/10...
  客户端训练 4/10...
  客户端训练 5/10...
  客户端训练 6/10...
  客户端训练 7/10...
  客户端训练 8/10...
  客户端训练 9/10...
  客户端训练 10/10...
  客户端训练完成 (10)     
[Round 78/100] 正在训练...
  客户端训练 1/10...
  客户端训练 2/10...
  客户端训练 3/10...
  客户端训练 4/10...
  客户端训练 5/10...
  客户端训练 6/10...
  客户端训练 7/10...
  客户端训练 8/10...
  客户端训练 9/10...
  客户端训练 10/10...
  客户端训练完成 (10)     
[Round 79/100] 正在训练...
  客户端训练 1/10...
  客户端训练 2/10...
  客户端训练 3/10...
  客户端训练 4/10...
  客户端训练 5/10...
  客户端训练 6/10...
  客户端训练 7/10...
  客户端训练 8/10...
  客户端训练 9/10...
  客户端训练 10/10...
  客户端训练完成 (10)     
[Round 80/100] 正在训练...
  客户端训练 1/10...
  客户端训练 2/10...
  客户端训练 3/10...
  客户端训练 4/10...
  客户端训练 5/10...
  客户端训练 6/10...
  客户端训练 7/10...
  客户端训练 8/10...
  客户端训练 9/10...
  客户端训练 10/10...
  客户端训练完成 (10)     
[Round 80/100]                              
Averaged Train Loss: 0.5249
Averaged Test Accuracy: 0.7551
Averaged Test AUC: 0.7140
Averaged Test Precision: 0.6524
Averaged Test Recall: 0.7551
Averaged Test F1-Score: 0.6730
Std Test Accuracy: 0.0771
Std Test AUC: 0.0639
  耗时: 6.92s

[Round 81/100] 正在训练...
  客户端训练 1/10...
  客户端训练 2/10...
  客户端训练 3/10...
  客户端训练 4/10...
  客户端训练 5/10...
  客户端训练 6/10...
  客户端训练 7/10...
  客户端训练 8/10...
  客户端训练 9/10...
  客户端训练 10/10...
  客户端训练完成 (10)     
[Round 82/100] 正在训练...
  客户端训练 1/10...
  客户端训练 2/10...
  客户端训练 3/10...
  客户端训练 4/10...
  客户端训练 5/10...
  客户端训练 6/10...
  客户端训练 7/10...
  客户端训练 8/10...
  客户端训练 9/10...
  客户端训练 10/10...
  客户端训练完成 (10)     
[Round 83/100] 正在训练...
  客户端训练 1/10...
  客户端训练 2/10...
  客户端训练 3/10...
  客户端训练 4/10...
  客户端训练 5/10...
  客户端训练 6/10...
  客户端训练 7/10...
  客户端训练 8/10...
  客户端训练 9/10...
  客户端训练 10/10...
  客户端训练完成 (10)     
[Round 84/100] 正在训练...
  客户端训练 1/10...
  客户端训练 2/10...
  客户端训练 3/10...
  客户端训练 4/10...
  客户端训练 5/10...
  客户端训练 6/10...
  客户端训练 7/10...
  客户端训练 8/10...
  客户端训练 9/10...
  客户端训练 10/10...
  客户端训练完成 (10)     
[Round 85/100] 正在训练...
  客户端训练 1/10...
  客户端训练 2/10...
  客户端训练 3/10...
  客户端训练 4/10...
  客户端训练 5/10...
  客户端训练 6/10...
  客户端训练 7/10...
  客户端训练 8/10...
  客户端训练 9/10...
  客户端训练 10/10...
  客户端训练完成 (10)     
[Round 86/100] 正在训练...
  客户端训练 1/10...
  客户端训练 2/10...
  客户端训练 3/10...
  客户端训练 4/10...
  客户端训练 5/10...
  客户端训练 6/10...
  客户端训练 7/10...
  客户端训练 8/10...
  客户端训练 9/10...
  客户端训练 10/10...
  客户端训练完成 (10)     
[Round 87/100] 正在训练...
  客户端训练 1/10...
  客户端训练 2/10...
  客户端训练 3/10...
  客户端训练 4/10...
  客户端训练 5/10...
  客户端训练 6/10...
  客户端训练 7/10...
  客户端训练 8/10...
  客户端训练 9/10...
  客户端训练 10/10...
  客户端训练完成 (10)     
[Round 88/100] 正在训练...
  客户端训练 1/10...
  客户端训练 2/10...
  客户端训练 3/10...
  客户端训练 4/10...
  客户端训练 5/10...
  客户端训练 6/10...
  客户端训练 7/10...
  客户端训练 8/10...
  客户端训练 9/10...
  客户端训练 10/10...
  客户端训练完成 (10)     
[Round 89/100] 正在训练...
  客户端训练 1/10...
  客户端训练 2/10...
  客户端训练 3/10...
  客户端训练 4/10...
  客户端训练 5/10...
  客户端训练 6/10...
  客户端训练 7/10...
  客户端训练 8/10...
  客户端训练 9/10...
  客户端训练 10/10...
  客户端训练完成 (10)     
[Round 90/100] 正在训练...
  客户端训练 1/10...
  客户端训练 2/10...
  客户端训练 3/10...
  客户端训练 4/10...
  客户端训练 5/10...
  客户端训练 6/10...
  客户端训练 7/10...
  客户端训练 8/10...
  客户端训练 9/10...
  客户端训练 10/10...
  客户端训练完成 (10)     
[Round 90/100]                              
Averaged Train Loss: 0.5231
Averaged Test Accuracy: 0.7532
Averaged Test AUC: 0.7175
Averaged Test Precision: 0.6645
Averaged Test Recall: 0.7532
Averaged Test F1-Score: 0.6697
Std Test Accuracy: 0.0810
Std Test AUC: 0.0636
  耗时: 6.88s

[Round 91/100] 正在训练...
  客户端训练 1/10...
  客户端训练 2/10...
  客户端训练 3/10...
  客户端训练 4/10...
  客户端训练 5/10...
  客户端训练 6/10...
  客户端训练 7/10...
  客户端训练 8/10...
  客户端训练 9/10...
  客户端训练 10/10...
  客户端训练完成 (10)     
[Round 92/100] 正在训练...
  客户端训练 1/10...
  客户端训练 2/10...
  客户端训练 3/10...
  客户端训练 4/10...
  客户端训练 5/10...
  客户端训练 6/10...
  客户端训练 7/10...
  客户端训练 8/10...
  客户端训练 9/10...
  客户端训练 10/10...
  客户端训练完成 (10)     
[Round 93/100] 正在训练...
  客户端训练 1/10...
  客户端训练 2/10...
  客户端训练 3/10...
  客户端训练 4/10...
  客户端训练 5/10...
  客户端训练 6/10...
  客户端训练 7/10...
  客户端训练 8/10...
  客户端训练 9/10...
  客户端训练 10/10...
  客户端训练完成 (10)     
[Round 94/100] 正在训练...
  客户端训练 1/10...
  客户端训练 2/10...
  客户端训练 3/10...
  客户端训练 4/10...
  客户端训练 5/10...
  客户端训练 6/10...
  客户端训练 7/10...
  客户端训练 8/10...
  客户端训练 9/10...
  客户端训练 10/10...
  客户端训练完成 (10)     
[Round 95/100] 正在训练...
  客户端训练 1/10...
  客户端训练 2/10...
  客户端训练 3/10...
  客户端训练 4/10...
  客户端训练 5/10...
  客户端训练 6/10...
  客户端训练 7/10...
  客户端训练 8/10...
  客户端训练 9/10...
  客户端训练 10/10...
  客户端训练完成 (10)     
[Round 96/100] 正在训练...
  客户端训练 1/10...
  客户端训练 2/10...
  客户端训练 3/10...
  客户端训练 4/10...
  客户端训练 5/10...
  客户端训练 6/10...
  客户端训练 7/10...
  客户端训练 8/10...
  客户端训练 9/10...
  客户端训练 10/10...
  客户端训练完成 (10)     
[Round 97/100] 正在训练...
  客户端训练 1/10...
  客户端训练 2/10...
  客户端训练 3/10...
  客户端训练 4/10...
  客户端训练 5/10...
  客户端训练 6/10...
  客户端训练 7/10...
  客户端训练 8/10...
  客户端训练 9/10...
  客户端训练 10/10...
  客户端训练完成 (10)     
[Round 98/100] 正在训练...
  客户端训练 1/10...
  客户端训练 2/10...
  客户端训练 3/10...
  客户端训练 4/10...
  客户端训练 5/10...
  客户端训练 6/10...
  客户端训练 7/10...
  客户端训练 8/10...
  客户端训练 9/10...
  客户端训练 10/10...
  客户端训练完成 (10)     
[Round 99/100] 正在训练...
  客户端训练 1/10...
  客户端训练 2/10...
  客户端训练 3/10...
  客户端训练 4/10...
  客户端训练 5/10...
  客户端训练 6/10...
  客户端训练 7/10...
  客户端训练 8/10...
  客户端训练 9/10...
  客户端训练 10/10...
  客户端训练完成 (10)     
[Round 100/100] 正在训练...
  客户端训练 1/10...
  客户端训练 2/10...
  客户端训练 3/10...
  客户端训练 4/10...
  客户端训练 5/10...
  客户端训练 6/10...
  客户端训练 7/10...
  客户端训练 8/10...
  客户端训练 9/10...
  客户端训练 10/10...
  客户端训练完成 (10)     
[Round 100/100]                              
Averaged Train Loss: 0.5221
Averaged Test Accuracy: 0.7500
Averaged Test AUC: 0.7151
Averaged Test Precision: 0.6657
Averaged Test Recall: 0.7500
Averaged Test F1-Score: 0.6654
Std Test Accuracy: 0.0829
Std Test AUC: 0.0610
  耗时: 6.87s

============================================================
训练完成
============================================================
File path: system/results/Uci_FedTLBO_test/Uci_FedTLBO_test_0.h5
Training process CSV file path: system/results/Uci_FedTLBO_test/Uci_FedTLBO_test_0_training_process.csv
Training process data saved to: system/results/Uci_FedTLBO_test/Uci_FedTLBO_test_0_training_process.csv

平均训练时间: 579.57秒
