实验: Uci_label_skew_little_Median_run1
物理GPU ID: 1
CUDA_VISIBLE_DEVICES: 1
时间: 2026-01-24 21:58:37
命令: /miniconda3/bin/python flcore/main.py -data Uci -algo FedAvg -nc 10 -gr 100 -ls 5 -lbs 64 -lr 0.01 -eg 10 -t 1 --heterogeneity label_skew --enable_attack True --attack_mode little --malicious_ratio 0.3 --defense_mode median --use_tlbo False --tlbo_iterations 10 --use_autoencoder False --use_committee False
工作目录: /root/DecisionSupportSystem-FedACT/system

[GPU] 使用环境变量指定的GPU: CUDA_VISIBLE_DEVICES=1
============================================================
实验配置:
============================================================
  goal: test
  device: cuda
  device_id: 0
  dataset: Uci
  heterogeneity: label_skew
  model: auto
  num_classes: 2
  batch_size: 64
  local_learning_rate: 0.01
  global_rounds: 100
  local_epochs: 5
  algorithm: FedAvg
  num_clients: 10
  join_ratio: 1.0
  random_join_ratio: False
  prev: 0
  times: 1
  eval_gap: 10
  save_folder_name: results
  learning_rate_decay: False
  learning_rate_decay_gamma: 0.99
  few_shot: 0
  time_select: False
  time_threthold: 10000
  top_cnt: 100
  auto_break: False
  client_drop_rate: 0.0
  train_slow_rate: 0.0
  send_slow_rate: 0.0
  dlg_eval: False
  dlg_gap: 100
  batch_num_per_client: 2
  num_new_clients: 0
  fine_tuning_epoch_new: 0
  mu: 0.01
  beta: 0.0
  lamda: 1.0
  tau: 1.0
  plocal_epochs: 1
  server_learning_rate: 1.0
  enable_attack: True
  attack_mode: little
  malicious_ratio: 0.3
  attack_scale: 3.0
  defense_mode: median
  use_autoencoder: False
  autoencoder_latent_dim: 64
  autoencoder_epochs: 20
  committee_size: 5
  vote_threshold: 0.5
  anomaly_threshold: 0.5
  anomaly_lower_coef: 0.7
  anomaly_upper_coef: 1.5
  use_committee: False
  tlbo_iterations: 10
  use_tlbo: False
  use_merkle: True
  use_incentive: True
============================================================

============= 第 1 次实验 =============
正在初始化服务器和客户端...
数据集: Uci, 特征维度: 23
模型参数量: 189,330

Join ratio / total clients: 1.0 / 10
Finished creating server and clients.

-------------Round number: 0-------------

Evaluate global model
Averaged Train Loss: 0.6905
Averaged Test Accuracy: 0.5856
Averaged Test AUC: 0.5178
Averaged Test Precision: 0.6416
Averaged Test Recall: 0.5856
Averaged Test F1-Score: 0.5989
Std Test Accuracy: 0.1062
Std Test AUC: 0.0476
------------------------- time cost ------------------------- 7.995229482650757
------------------------- time cost ------------------------- 6.5427093505859375
------------------------- time cost ------------------------- 5.750517845153809
------------------------- time cost ------------------------- 5.591942310333252
------------------------- time cost ------------------------- 5.939924716949463
------------------------- time cost ------------------------- 5.829932451248169
------------------------- time cost ------------------------- 6.544927358627319
------------------------- time cost ------------------------- 6.010846376419067
------------------------- time cost ------------------------- 6.290273904800415
------------------------- time cost ------------------------- 6.325607061386108

-------------Round number: 10-------------

Evaluate global model
Averaged Train Loss: 0.4965
Averaged Test Accuracy: 0.7404
Averaged Test AUC: 0.7429
Averaged Test Precision: 0.7067
Averaged Test Recall: 0.7404
Averaged Test F1-Score: 0.6472
Std Test Accuracy: 0.1015
Std Test AUC: 0.0607
------------------------- time cost ------------------------- 7.064224720001221
------------------------- time cost ------------------------- 6.238407611846924
------------------------- time cost ------------------------- 6.183349132537842
------------------------- time cost ------------------------- 6.358527183532715
------------------------- time cost ------------------------- 6.3437793254852295
------------------------- time cost ------------------------- 6.478408098220825
------------------------- time cost ------------------------- 6.438448190689087
------------------------- time cost ------------------------- 6.341052055358887
------------------------- time cost ------------------------- 6.315377950668335
------------------------- time cost ------------------------- 6.146125555038452

-------------Round number: 20-------------

Evaluate global model
Averaged Train Loss: 0.4763
Averaged Test Accuracy: 0.7760
Averaged Test AUC: 0.7546
Averaged Test Precision: 0.7736
Averaged Test Recall: 0.7760
Averaged Test F1-Score: 0.7382
Std Test Accuracy: 0.0818
Std Test AUC: 0.0607
------------------------- time cost ------------------------- 7.246340990066528
------------------------- time cost ------------------------- 6.206806659698486
------------------------- time cost ------------------------- 6.206364393234253
------------------------- time cost ------------------------- 6.226048231124878
------------------------- time cost ------------------------- 6.2105395793914795
------------------------- time cost ------------------------- 6.544754505157471
------------------------- time cost ------------------------- 6.290918588638306
------------------------- time cost ------------------------- 6.412644624710083
------------------------- time cost ------------------------- 6.159231185913086
------------------------- time cost ------------------------- 6.22066593170166

-------------Round number: 30-------------

Evaluate global model
Averaged Train Loss: 0.4719
Averaged Test Accuracy: 0.7785
Averaged Test AUC: 0.7606
Averaged Test Precision: 0.7751
Averaged Test Recall: 0.7785
Averaged Test F1-Score: 0.7456
Std Test Accuracy: 0.0801
Std Test AUC: 0.0599
------------------------- time cost ------------------------- 7.165352821350098
------------------------- time cost ------------------------- 6.074864149093628
------------------------- time cost ------------------------- 6.183936595916748
------------------------- time cost ------------------------- 6.25571346282959
------------------------- time cost ------------------------- 6.182730436325073
------------------------- time cost ------------------------- 6.264430284500122
------------------------- time cost ------------------------- 6.418031215667725
------------------------- time cost ------------------------- 6.362949848175049
------------------------- time cost ------------------------- 6.286945104598999
------------------------- time cost ------------------------- 6.3219239711761475

-------------Round number: 40-------------

Evaluate global model
Averaged Train Loss: 0.4709
Averaged Test Accuracy: 0.7776
Averaged Test AUC: 0.7641
Averaged Test Precision: 0.7748
Averaged Test Recall: 0.7776
Averaged Test F1-Score: 0.7455
Std Test Accuracy: 0.0782
Std Test AUC: 0.0588
------------------------- time cost ------------------------- 7.20472526550293
------------------------- time cost ------------------------- 6.142741680145264
------------------------- time cost ------------------------- 6.178805589675903
------------------------- time cost ------------------------- 6.213967561721802
------------------------- time cost ------------------------- 6.316176891326904
------------------------- time cost ------------------------- 6.180724620819092
------------------------- time cost ------------------------- 6.432803153991699
------------------------- time cost ------------------------- 6.378072023391724
------------------------- time cost ------------------------- 6.299735069274902
------------------------- time cost ------------------------- 6.331552267074585

-------------Round number: 50-------------

Evaluate global model
Averaged Train Loss: 0.4672
Averaged Test Accuracy: 0.7851
Averaged Test AUC: 0.7679
Averaged Test Precision: 0.7796
Averaged Test Recall: 0.7851
Averaged Test F1-Score: 0.7586
Std Test Accuracy: 0.0720
Std Test AUC: 0.0562
------------------------- time cost ------------------------- 7.14983868598938
------------------------- time cost ------------------------- 6.161245107650757
------------------------- time cost ------------------------- 6.110498666763306
------------------------- time cost ------------------------- 6.257721662521362
------------------------- time cost ------------------------- 6.29303765296936
------------------------- time cost ------------------------- 6.2619309425354
------------------------- time cost ------------------------- 6.371501922607422
------------------------- time cost ------------------------- 6.473613977432251
------------------------- time cost ------------------------- 6.273959398269653
------------------------- time cost ------------------------- 6.378819704055786

-------------Round number: 60-------------

Evaluate global model
Averaged Train Loss: 0.4678
Averaged Test Accuracy: 0.7836
Averaged Test AUC: 0.7687
Averaged Test Precision: 0.7785
Averaged Test Recall: 0.7836
Averaged Test F1-Score: 0.7568
Std Test Accuracy: 0.0708
Std Test AUC: 0.0553
------------------------- time cost ------------------------- 7.26067852973938
------------------------- time cost ------------------------- 6.266127586364746
------------------------- time cost ------------------------- 6.132446050643921
------------------------- time cost ------------------------- 6.2435290813446045
------------------------- time cost ------------------------- 6.26878809928894
------------------------- time cost ------------------------- 6.276952266693115
------------------------- time cost ------------------------- 6.2831244468688965
------------------------- time cost ------------------------- 6.39225172996521
------------------------- time cost ------------------------- 6.261928081512451
------------------------- time cost ------------------------- 6.201315641403198

-------------Round number: 70-------------

Evaluate global model
Averaged Train Loss: 0.4666
Averaged Test Accuracy: 0.7867
Averaged Test AUC: 0.7699
Averaged Test Precision: 0.7799
Averaged Test Recall: 0.7867
Averaged Test F1-Score: 0.7631
Std Test Accuracy: 0.0656
Std Test AUC: 0.0549
------------------------- time cost ------------------------- 7.263823986053467
------------------------- time cost ------------------------- 6.141463994979858
------------------------- time cost ------------------------- 6.20807671546936
------------------------- time cost ------------------------- 6.121692180633545
------------------------- time cost ------------------------- 6.163845777511597
------------------------- time cost ------------------------- 6.363408803939819
------------------------- time cost ------------------------- 6.225680589675903
------------------------- time cost ------------------------- 6.407102584838867
------------------------- time cost ------------------------- 6.393019914627075
------------------------- time cost ------------------------- 6.249691009521484

-------------Round number: 80-------------

Evaluate global model
Averaged Train Loss: 0.4672
Averaged Test Accuracy: 0.7853
Averaged Test AUC: 0.7706
Averaged Test Precision: 0.7794
Averaged Test Recall: 0.7853
Averaged Test F1-Score: 0.7616
Std Test Accuracy: 0.0676
Std Test AUC: 0.0547
------------------------- time cost ------------------------- 7.299044847488403
------------------------- time cost ------------------------- 6.331627607345581
------------------------- time cost ------------------------- 6.202194690704346
------------------------- time cost ------------------------- 6.3492395877838135
------------------------- time cost ------------------------- 6.239793300628662
------------------------- time cost ------------------------- 6.271842002868652
------------------------- time cost ------------------------- 6.215741395950317
------------------------- time cost ------------------------- 6.254903316497803
------------------------- time cost ------------------------- 6.501352548599243
------------------------- time cost ------------------------- 6.291924238204956

-------------Round number: 90-------------

Evaluate global model
Averaged Train Loss: 0.4664
Averaged Test Accuracy: 0.7837
Averaged Test AUC: 0.7720
Averaged Test Precision: 0.7792
Averaged Test Recall: 0.7837
Averaged Test F1-Score: 0.7577
Std Test Accuracy: 0.0716
Std Test AUC: 0.0534
------------------------- time cost ------------------------- 7.337742805480957
------------------------- time cost ------------------------- 6.230272531509399
------------------------- time cost ------------------------- 6.343265056610107
------------------------- time cost ------------------------- 6.266363143920898
------------------------- time cost ------------------------- 6.193486213684082
------------------------- time cost ------------------------- 6.212543964385986
------------------------- time cost ------------------------- 6.272019386291504
------------------------- time cost ------------------------- 6.171154975891113
------------------------- time cost ------------------------- 6.320814371109009
------------------------- time cost ------------------------- 6.3956828117370605

-------------Round number: 100-------------

Evaluate global model
Averaged Train Loss: 0.4658
Averaged Test Accuracy: 0.7853
Averaged Test AUC: 0.7724
Averaged Test Precision: 0.7807
Averaged Test Recall: 0.7853
Averaged Test F1-Score: 0.7603
Std Test Accuracy: 0.0686
Std Test AUC: 0.0527
------------------------- time cost ------------------------- 7.136905670166016

Best accuracy.
0.7866666666666666

Average time cost per round.
6.353499071598053
File path: results/Uci_FedAvg_test/Uci_FedAvg_test_0.h5
Training process CSV file path: results/Uci_FedAvg_test/Uci_FedAvg_test_0_training_process.csv
Training process data saved to: results/Uci_FedAvg_test/Uci_FedAvg_test_0_training_process.csv

平均训练时间: 644.72秒
