实验: Uci_quantity_skew_trim_attack_Bulyan_run1
物理GPU ID: 3
CUDA_VISIBLE_DEVICES: 3
时间: 2026-01-24 23:05:25
命令: /miniconda3/bin/python flcore/main.py -data Uci -algo FedAvg -nc 10 -gr 100 -ls 5 -lbs 64 -lr 0.01 -eg 10 -t 1 --heterogeneity quantity_skew --enable_attack True --attack_mode trim_attack --malicious_ratio 0.3 --defense_mode bulyan --use_tlbo False --tlbo_iterations 10 --use_autoencoder False --use_committee False
工作目录: /root/DecisionSupportSystem-FedACT/system

[GPU] 使用环境变量指定的GPU: CUDA_VISIBLE_DEVICES=3
============================================================
实验配置:
============================================================
  goal: test
  device: cuda
  device_id: 0
  dataset: Uci
  heterogeneity: quantity_skew
  model: auto
  num_classes: 2
  batch_size: 64
  local_learning_rate: 0.01
  global_rounds: 100
  local_epochs: 5
  algorithm: FedAvg
  num_clients: 10
  join_ratio: 1.0
  random_join_ratio: False
  prev: 0
  times: 1
  eval_gap: 10
  save_folder_name: results
  learning_rate_decay: False
  learning_rate_decay_gamma: 0.99
  few_shot: 0
  time_select: False
  time_threthold: 10000
  top_cnt: 100
  auto_break: False
  client_drop_rate: 0.0
  train_slow_rate: 0.0
  send_slow_rate: 0.0
  dlg_eval: False
  dlg_gap: 100
  batch_num_per_client: 2
  num_new_clients: 0
  fine_tuning_epoch_new: 0
  mu: 0.01
  beta: 0.0
  lamda: 1.0
  tau: 1.0
  plocal_epochs: 1
  server_learning_rate: 1.0
  enable_attack: True
  attack_mode: trim_attack
  malicious_ratio: 0.3
  attack_scale: 3.0
  defense_mode: bulyan
  use_autoencoder: False
  autoencoder_latent_dim: 64
  autoencoder_epochs: 20
  committee_size: 5
  vote_threshold: 0.5
  anomaly_threshold: 0.5
  anomaly_lower_coef: 0.7
  anomaly_upper_coef: 1.5
  use_committee: False
  tlbo_iterations: 10
  use_tlbo: False
  use_merkle: True
  use_incentive: True
============================================================

============= 第 1 次实验 =============
正在初始化服务器和客户端...
数据集: Uci, 特征维度: 23
模型参数量: 189,330

Join ratio / total clients: 1.0 / 10
Finished creating server and clients.

-------------Round number: 0-------------

Evaluate global model
Averaged Train Loss: 0.6905
Averaged Test Accuracy: 0.5856
Averaged Test AUC: 0.5178
Averaged Test Precision: 0.6416
Averaged Test Recall: 0.5856
Averaged Test F1-Score: 0.5989
Std Test Accuracy: 0.1062
Std Test AUC: 0.0476
------------------------- time cost ------------------------- 7.748731374740601
------------------------- time cost ------------------------- 6.487210273742676
------------------------- time cost ------------------------- 6.270333766937256
------------------------- time cost ------------------------- 6.410482168197632
------------------------- time cost ------------------------- 6.600363731384277
------------------------- time cost ------------------------- 6.57724666595459
------------------------- time cost ------------------------- 6.3051488399505615
------------------------- time cost ------------------------- 6.502930164337158
------------------------- time cost ------------------------- 6.355185508728027
------------------------- time cost ------------------------- 6.477885723114014

-------------Round number: 10-------------

Evaluate global model
Averaged Train Loss: 0.4953
Averaged Test Accuracy: 0.7411
Averaged Test AUC: 0.7405
Averaged Test Precision: 0.7016
Averaged Test Recall: 0.7411
Averaged Test F1-Score: 0.6493
Std Test Accuracy: 0.1009
Std Test AUC: 0.0624
------------------------- time cost ------------------------- 7.381972312927246
------------------------- time cost ------------------------- 6.533940076828003
------------------------- time cost ------------------------- 6.352056980133057
------------------------- time cost ------------------------- 6.458230972290039
------------------------- time cost ------------------------- 6.557766675949097
------------------------- time cost ------------------------- 6.5730977058410645
------------------------- time cost ------------------------- 6.368283271789551
------------------------- time cost ------------------------- 6.342681407928467
------------------------- time cost ------------------------- 6.4774558544158936
------------------------- time cost ------------------------- 6.4793195724487305

-------------Round number: 20-------------

Evaluate global model
Averaged Train Loss: 0.4749
Averaged Test Accuracy: 0.7785
Averaged Test AUC: 0.7550
Averaged Test Precision: 0.7743
Averaged Test Recall: 0.7785
Averaged Test F1-Score: 0.7433
Std Test Accuracy: 0.0804
Std Test AUC: 0.0607
------------------------- time cost ------------------------- 7.48946475982666
------------------------- time cost ------------------------- 6.37027907371521
------------------------- time cost ------------------------- 6.314722061157227
------------------------- time cost ------------------------- 6.267852067947388
------------------------- time cost ------------------------- 6.544489145278931
------------------------- time cost ------------------------- 6.551546335220337
------------------------- time cost ------------------------- 6.305154323577881
------------------------- time cost ------------------------- 6.35668683052063
------------------------- time cost ------------------------- 6.319331645965576
------------------------- time cost ------------------------- 6.614205598831177

-------------Round number: 30-------------

Evaluate global model
Averaged Train Loss: 0.4702
Averaged Test Accuracy: 0.7805
Averaged Test AUC: 0.7617
Averaged Test Precision: 0.7743
Averaged Test Recall: 0.7805
Averaged Test F1-Score: 0.7503
Std Test Accuracy: 0.0762
Std Test AUC: 0.0587
------------------------- time cost ------------------------- 7.469245910644531
------------------------- time cost ------------------------- 6.360704183578491
------------------------- time cost ------------------------- 6.243936061859131
------------------------- time cost ------------------------- 6.367037773132324
------------------------- time cost ------------------------- 6.411915063858032
------------------------- time cost ------------------------- 6.4026172161102295
------------------------- time cost ------------------------- 6.5003981590271
------------------------- time cost ------------------------- 6.3770551681518555
------------------------- time cost ------------------------- 6.292028903961182
------------------------- time cost ------------------------- 6.3464295864105225

-------------Round number: 40-------------

Evaluate global model
Averaged Train Loss: 0.4697
Averaged Test Accuracy: 0.7821
Averaged Test AUC: 0.7641
Averaged Test Precision: 0.7779
Averaged Test Recall: 0.7821
Averaged Test F1-Score: 0.7540
Std Test Accuracy: 0.0736
Std Test AUC: 0.0587
------------------------- time cost ------------------------- 7.5204572677612305
------------------------- time cost ------------------------- 6.314826965332031
------------------------- time cost ------------------------- 6.322597026824951
------------------------- time cost ------------------------- 6.259897947311401
------------------------- time cost ------------------------- 6.380703926086426
------------------------- time cost ------------------------- 6.384826183319092
------------------------- time cost ------------------------- 6.3214805126190186
------------------------- time cost ------------------------- 6.298648118972778
------------------------- time cost ------------------------- 6.2753870487213135
------------------------- time cost ------------------------- 6.478274822235107

-------------Round number: 50-------------

Evaluate global model
Averaged Train Loss: 0.4683
Averaged Test Accuracy: 0.7829
Averaged Test AUC: 0.7676
Averaged Test Precision: 0.7775
Averaged Test Recall: 0.7829
Averaged Test F1-Score: 0.7557
Std Test Accuracy: 0.0724
Std Test AUC: 0.0571
------------------------- time cost ------------------------- 7.370354890823364
------------------------- time cost ------------------------- 6.417124271392822
------------------------- time cost ------------------------- 6.281238317489624
------------------------- time cost ------------------------- 6.360840082168579
------------------------- time cost ------------------------- 6.408388137817383
------------------------- time cost ------------------------- 6.40055775642395
------------------------- time cost ------------------------- 6.364009380340576
------------------------- time cost ------------------------- 6.439260721206665
------------------------- time cost ------------------------- 6.3623130321502686
------------------------- time cost ------------------------- 6.420379638671875

-------------Round number: 60-------------

Evaluate global model
Averaged Train Loss: 0.4673
Averaged Test Accuracy: 0.7849
Averaged Test AUC: 0.7690
Averaged Test Precision: 0.7789
Averaged Test Recall: 0.7849
Averaged Test F1-Score: 0.7598
Std Test Accuracy: 0.0684
Std Test AUC: 0.0548
------------------------- time cost ------------------------- 7.412961721420288
------------------------- time cost ------------------------- 6.422558307647705
------------------------- time cost ------------------------- 6.417260408401489
------------------------- time cost ------------------------- 6.415386438369751
------------------------- time cost ------------------------- 6.4699578285217285
------------------------- time cost ------------------------- 6.487717866897583
------------------------- time cost ------------------------- 6.309138774871826
------------------------- time cost ------------------------- 6.406861066818237
------------------------- time cost ------------------------- 6.228700637817383
------------------------- time cost ------------------------- 6.424706935882568

-------------Round number: 70-------------

Evaluate global model
Averaged Train Loss: 0.4673
Averaged Test Accuracy: 0.7868
Averaged Test AUC: 0.7710
Averaged Test Precision: 0.7810
Averaged Test Recall: 0.7868
Averaged Test F1-Score: 0.7609
Std Test Accuracy: 0.0674
Std Test AUC: 0.0541
------------------------- time cost ------------------------- 7.298470973968506
------------------------- time cost ------------------------- 6.3547682762146
------------------------- time cost ------------------------- 6.308933734893799
------------------------- time cost ------------------------- 6.332566261291504
------------------------- time cost ------------------------- 6.4204957485198975
------------------------- time cost ------------------------- 6.4411845207214355
------------------------- time cost ------------------------- 6.382798671722412
------------------------- time cost ------------------------- 6.288056373596191
------------------------- time cost ------------------------- 6.644979476928711
------------------------- time cost ------------------------- 6.35683536529541

-------------Round number: 80-------------

Evaluate global model
Averaged Train Loss: 0.4671
Averaged Test Accuracy: 0.7831
Averaged Test AUC: 0.7716
Averaged Test Precision: 0.7781
Averaged Test Recall: 0.7831
Averaged Test F1-Score: 0.7573
Std Test Accuracy: 0.0715
Std Test AUC: 0.0539
------------------------- time cost ------------------------- 7.463838338851929
------------------------- time cost ------------------------- 6.1668500900268555
------------------------- time cost ------------------------- 6.303571701049805
------------------------- time cost ------------------------- 6.476092100143433
------------------------- time cost ------------------------- 6.466215133666992
------------------------- time cost ------------------------- 6.573731184005737
------------------------- time cost ------------------------- 6.3956239223480225
------------------------- time cost ------------------------- 6.248422861099243
------------------------- time cost ------------------------- 6.5127458572387695
------------------------- time cost ------------------------- 6.352943420410156

-------------Round number: 90-------------

Evaluate global model
Averaged Train Loss: 0.4672
Averaged Test Accuracy: 0.7835
Averaged Test AUC: 0.7720
Averaged Test Precision: 0.7800
Averaged Test Recall: 0.7835
Averaged Test F1-Score: 0.7569
Std Test Accuracy: 0.0715
Std Test AUC: 0.0534
------------------------- time cost ------------------------- 7.468972682952881
------------------------- time cost ------------------------- 6.254162311553955
------------------------- time cost ------------------------- 6.356589078903198
------------------------- time cost ------------------------- 6.324899196624756
------------------------- time cost ------------------------- 6.258103609085083
------------------------- time cost ------------------------- 6.569923162460327
------------------------- time cost ------------------------- 6.504851818084717
------------------------- time cost ------------------------- 6.454272031784058
------------------------- time cost ------------------------- 6.568641185760498
------------------------- time cost ------------------------- 6.6619415283203125

-------------Round number: 100-------------

Evaluate global model
Averaged Train Loss: 0.4668
Averaged Test Accuracy: 0.7761
Averaged Test AUC: 0.7727
Averaged Test Precision: 0.7768
Averaged Test Recall: 0.7761
Averaged Test F1-Score: 0.7424
Std Test Accuracy: 0.0837
Std Test AUC: 0.0529
------------------------- time cost ------------------------- 7.530255556106567

Best accuracy.
0.7868

Average time cost per round.
6.505352437496185
File path: results/Uci_FedAvg_test/Uci_FedAvg_test_0.h5
Training process CSV file path: results/Uci_FedAvg_test/Uci_FedAvg_test_0_training_process.csv
Training process data saved to: results/Uci_FedAvg_test/Uci_FedAvg_test_0_training_process.csv

平均训练时间: 659.72秒
