实验: Uci_label_skew_trim_attack_TrimmedMean_run1
物理GPU ID: 4
CUDA_VISIBLE_DEVICES: 4
时间: 2026-01-24 22:10:34
命令: /miniconda3/bin/python flcore/main.py -data Uci -algo FedAvg -nc 10 -gr 100 -ls 5 -lbs 64 -lr 0.01 -eg 10 -t 1 --heterogeneity label_skew --enable_attack True --attack_mode trim_attack --malicious_ratio 0.3 --defense_mode trimmed_mean --use_tlbo False --tlbo_iterations 10 --use_autoencoder False --use_committee False
工作目录: /root/DecisionSupportSystem-FedACT/system

[GPU] 使用环境变量指定的GPU: CUDA_VISIBLE_DEVICES=4
============================================================
实验配置:
============================================================
  goal: test
  device: cuda
  device_id: 0
  dataset: Uci
  heterogeneity: label_skew
  model: auto
  num_classes: 2
  batch_size: 64
  local_learning_rate: 0.01
  global_rounds: 100
  local_epochs: 5
  algorithm: FedAvg
  num_clients: 10
  join_ratio: 1.0
  random_join_ratio: False
  prev: 0
  times: 1
  eval_gap: 10
  save_folder_name: results
  learning_rate_decay: False
  learning_rate_decay_gamma: 0.99
  few_shot: 0
  time_select: False
  time_threthold: 10000
  top_cnt: 100
  auto_break: False
  client_drop_rate: 0.0
  train_slow_rate: 0.0
  send_slow_rate: 0.0
  dlg_eval: False
  dlg_gap: 100
  batch_num_per_client: 2
  num_new_clients: 0
  fine_tuning_epoch_new: 0
  mu: 0.01
  beta: 0.0
  lamda: 1.0
  tau: 1.0
  plocal_epochs: 1
  server_learning_rate: 1.0
  enable_attack: True
  attack_mode: trim_attack
  malicious_ratio: 0.3
  attack_scale: 3.0
  defense_mode: trimmed_mean
  use_autoencoder: False
  autoencoder_latent_dim: 64
  autoencoder_epochs: 20
  committee_size: 5
  vote_threshold: 0.5
  anomaly_threshold: 0.5
  anomaly_lower_coef: 0.7
  anomaly_upper_coef: 1.5
  use_committee: False
  tlbo_iterations: 10
  use_tlbo: False
  use_merkle: True
  use_incentive: True
============================================================

============= 第 1 次实验 =============
正在初始化服务器和客户端...
数据集: Uci, 特征维度: 23
模型参数量: 189,330

Join ratio / total clients: 1.0 / 10
Finished creating server and clients.

-------------Round number: 0-------------

Evaluate global model
Averaged Train Loss: 0.6905
Averaged Test Accuracy: 0.5856
Averaged Test AUC: 0.5178
Averaged Test Precision: 0.6416
Averaged Test Recall: 0.5856
Averaged Test F1-Score: 0.5989
Std Test Accuracy: 0.1062
Std Test AUC: 0.0476
------------------------- time cost ------------------------- 7.53649115562439
------------------------- time cost ------------------------- 5.859116077423096
------------------------- time cost ------------------------- 5.800670623779297
------------------------- time cost ------------------------- 6.34826135635376
------------------------- time cost ------------------------- 6.574747562408447
------------------------- time cost ------------------------- 6.384066343307495
------------------------- time cost ------------------------- 6.402898073196411
------------------------- time cost ------------------------- 6.428760528564453
------------------------- time cost ------------------------- 6.292844295501709
------------------------- time cost ------------------------- 6.400048494338989

-------------Round number: 10-------------

Evaluate global model
Averaged Train Loss: 0.4969
Averaged Test Accuracy: 0.7400
Averaged Test AUC: 0.7407
Averaged Test Precision: 0.7113
Averaged Test Recall: 0.7400
Averaged Test F1-Score: 0.6445
Std Test Accuracy: 0.1007
Std Test AUC: 0.0624
------------------------- time cost ------------------------- 7.365718126296997
------------------------- time cost ------------------------- 6.448777437210083
------------------------- time cost ------------------------- 6.399033546447754
------------------------- time cost ------------------------- 6.38896632194519
------------------------- time cost ------------------------- 6.4688944816589355
------------------------- time cost ------------------------- 6.409888029098511
------------------------- time cost ------------------------- 6.297672748565674
------------------------- time cost ------------------------- 6.406477451324463
------------------------- time cost ------------------------- 6.335442304611206
------------------------- time cost ------------------------- 6.321737289428711

-------------Round number: 20-------------

Evaluate global model
Averaged Train Loss: 0.4758
Averaged Test Accuracy: 0.7765
Averaged Test AUC: 0.7544
Averaged Test Precision: 0.7753
Averaged Test Recall: 0.7765
Averaged Test F1-Score: 0.7378
Std Test Accuracy: 0.0809
Std Test AUC: 0.0607
------------------------- time cost ------------------------- 7.364328145980835
------------------------- time cost ------------------------- 6.326941728591919
------------------------- time cost ------------------------- 6.316527366638184
------------------------- time cost ------------------------- 6.33901572227478
------------------------- time cost ------------------------- 6.424568176269531
------------------------- time cost ------------------------- 6.625206232070923
------------------------- time cost ------------------------- 6.232444524765015
------------------------- time cost ------------------------- 6.420395135879517
------------------------- time cost ------------------------- 6.340719223022461
------------------------- time cost ------------------------- 6.304865598678589

-------------Round number: 30-------------

Evaluate global model
Averaged Train Loss: 0.4737
Averaged Test Accuracy: 0.7755
Averaged Test AUC: 0.7604
Averaged Test Precision: 0.7735
Averaged Test Recall: 0.7755
Averaged Test F1-Score: 0.7400
Std Test Accuracy: 0.0831
Std Test AUC: 0.0601
------------------------- time cost ------------------------- 7.506911039352417
------------------------- time cost ------------------------- 6.421170234680176
------------------------- time cost ------------------------- 6.334709167480469
------------------------- time cost ------------------------- 6.387819051742554
------------------------- time cost ------------------------- 6.325147390365601
------------------------- time cost ------------------------- 6.360872030258179
------------------------- time cost ------------------------- 6.547693729400635
------------------------- time cost ------------------------- 6.429631471633911
------------------------- time cost ------------------------- 6.356244325637817
------------------------- time cost ------------------------- 6.429783821105957

-------------Round number: 40-------------

Evaluate global model
Averaged Train Loss: 0.4680
Averaged Test Accuracy: 0.7833
Averaged Test AUC: 0.7649
Averaged Test Precision: 0.7767
Averaged Test Recall: 0.7833
Averaged Test F1-Score: 0.7555
Std Test Accuracy: 0.0724
Std Test AUC: 0.0580
------------------------- time cost ------------------------- 7.372973442077637
------------------------- time cost ------------------------- 6.367182970046997
------------------------- time cost ------------------------- 6.376250505447388
------------------------- time cost ------------------------- 6.323172569274902
------------------------- time cost ------------------------- 6.310875654220581
------------------------- time cost ------------------------- 6.344615697860718
------------------------- time cost ------------------------- 6.38616943359375
------------------------- time cost ------------------------- 6.44178032875061
------------------------- time cost ------------------------- 6.395575284957886
------------------------- time cost ------------------------- 6.310058116912842

-------------Round number: 50-------------

Evaluate global model
Averaged Train Loss: 0.4687
Averaged Test Accuracy: 0.7813
Averaged Test AUC: 0.7672
Averaged Test Precision: 0.7767
Averaged Test Recall: 0.7813
Averaged Test F1-Score: 0.7527
Std Test Accuracy: 0.0765
Std Test AUC: 0.0564
------------------------- time cost ------------------------- 7.409098863601685
------------------------- time cost ------------------------- 6.334945440292358
------------------------- time cost ------------------------- 6.278645038604736
------------------------- time cost ------------------------- 6.356526136398315
------------------------- time cost ------------------------- 6.35452938079834
------------------------- time cost ------------------------- 6.462126016616821
------------------------- time cost ------------------------- 6.368946313858032
------------------------- time cost ------------------------- 6.6046142578125
------------------------- time cost ------------------------- 6.446564674377441
------------------------- time cost ------------------------- 6.387063980102539

-------------Round number: 60-------------

Evaluate global model
Averaged Train Loss: 0.4681
Averaged Test Accuracy: 0.7820
Averaged Test AUC: 0.7680
Averaged Test Precision: 0.7761
Averaged Test Recall: 0.7820
Averaged Test F1-Score: 0.7547
Std Test Accuracy: 0.0706
Std Test AUC: 0.0554
------------------------- time cost ------------------------- 7.562297582626343
------------------------- time cost ------------------------- 6.2908477783203125
------------------------- time cost ------------------------- 6.355541467666626
------------------------- time cost ------------------------- 6.297620058059692
------------------------- time cost ------------------------- 6.2697227001190186
------------------------- time cost ------------------------- 6.3988635540008545
------------------------- time cost ------------------------- 6.255419969558716
------------------------- time cost ------------------------- 6.480179071426392
------------------------- time cost ------------------------- 6.410148620605469
------------------------- time cost ------------------------- 6.390968561172485

-------------Round number: 70-------------

Evaluate global model
Averaged Train Loss: 0.4684
Averaged Test Accuracy: 0.7836
Averaged Test AUC: 0.7696
Averaged Test Precision: 0.7787
Averaged Test Recall: 0.7836
Averaged Test F1-Score: 0.7565
Std Test Accuracy: 0.0707
Std Test AUC: 0.0546
------------------------- time cost ------------------------- 7.523906707763672
------------------------- time cost ------------------------- 6.412045478820801
------------------------- time cost ------------------------- 6.2635111808776855
------------------------- time cost ------------------------- 6.280153036117554
------------------------- time cost ------------------------- 6.328110694885254
------------------------- time cost ------------------------- 6.330453395843506
------------------------- time cost ------------------------- 6.2253265380859375
------------------------- time cost ------------------------- 6.408837556838989
------------------------- time cost ------------------------- 6.378301382064819
------------------------- time cost ------------------------- 6.437337398529053

-------------Round number: 80-------------

Evaluate global model
Averaged Train Loss: 0.4670
Averaged Test Accuracy: 0.7829
Averaged Test AUC: 0.7714
Averaged Test Precision: 0.7779
Averaged Test Recall: 0.7829
Averaged Test F1-Score: 0.7554
Std Test Accuracy: 0.0720
Std Test AUC: 0.0534
------------------------- time cost ------------------------- 7.399800062179565
------------------------- time cost ------------------------- 6.326184511184692
------------------------- time cost ------------------------- 6.379395246505737
------------------------- time cost ------------------------- 6.326158761978149
------------------------- time cost ------------------------- 6.317692518234253
------------------------- time cost ------------------------- 6.263681888580322
------------------------- time cost ------------------------- 6.301851987838745
------------------------- time cost ------------------------- 6.335307836532593
------------------------- time cost ------------------------- 6.370706558227539
------------------------- time cost ------------------------- 6.39031457901001

-------------Round number: 90-------------

Evaluate global model
Averaged Train Loss: 0.4659
Averaged Test Accuracy: 0.7836
Averaged Test AUC: 0.7724
Averaged Test Precision: 0.7800
Averaged Test Recall: 0.7836
Averaged Test F1-Score: 0.7562
Std Test Accuracy: 0.0711
Std Test AUC: 0.0526
------------------------- time cost ------------------------- 7.364332437515259
------------------------- time cost ------------------------- 6.435377597808838
------------------------- time cost ------------------------- 6.588667631149292
------------------------- time cost ------------------------- 6.3452677726745605
------------------------- time cost ------------------------- 6.315381765365601
------------------------- time cost ------------------------- 6.358205556869507
------------------------- time cost ------------------------- 6.4232494831085205
------------------------- time cost ------------------------- 6.92200493812561
------------------------- time cost ------------------------- 6.368841171264648
------------------------- time cost ------------------------- 6.635863304138184

-------------Round number: 100-------------

Evaluate global model
Averaged Train Loss: 0.4664
Averaged Test Accuracy: 0.7821
Averaged Test AUC: 0.7720
Averaged Test Precision: 0.7787
Averaged Test Recall: 0.7821
Averaged Test F1-Score: 0.7544
Std Test Accuracy: 0.0742
Std Test AUC: 0.0527
------------------------- time cost ------------------------- 7.383460521697998

Best accuracy.
0.7836

Average time cost per round.
6.476120681762695
File path: results/Uci_FedAvg_test/Uci_FedAvg_test_0.h5
Training process CSV file path: results/Uci_FedAvg_test/Uci_FedAvg_test_0_training_process.csv
Training process data saved to: results/Uci_FedAvg_test/Uci_FedAvg_test_0_training_process.csv

平均训练时间: 656.58秒
