实验: Uci_label_skew_label_flip_None_run1
物理GPU ID: 0
CUDA_VISIBLE_DEVICES: 0
时间: 2026-01-24 22:20:33
命令: /miniconda3/bin/python flcore/main.py -data Uci -algo FedAvg -nc 10 -gr 100 -ls 5 -lbs 64 -lr 0.01 -eg 10 -t 1 --heterogeneity label_skew --enable_attack True --attack_mode label_flip --malicious_ratio 0.3 --defense_mode none --use_tlbo False --tlbo_iterations 10 --use_autoencoder False --use_committee False
工作目录: /root/DecisionSupportSystem-FedACT/system

[GPU] 使用环境变量指定的GPU: CUDA_VISIBLE_DEVICES=0
============================================================
实验配置:
============================================================
  goal: test
  device: cuda
  device_id: 0
  dataset: Uci
  heterogeneity: label_skew
  model: auto
  num_classes: 2
  batch_size: 64
  local_learning_rate: 0.01
  global_rounds: 100
  local_epochs: 5
  algorithm: FedAvg
  num_clients: 10
  join_ratio: 1.0
  random_join_ratio: False
  prev: 0
  times: 1
  eval_gap: 10
  save_folder_name: results
  learning_rate_decay: False
  learning_rate_decay_gamma: 0.99
  few_shot: 0
  time_select: False
  time_threthold: 10000
  top_cnt: 100
  auto_break: False
  client_drop_rate: 0.0
  train_slow_rate: 0.0
  send_slow_rate: 0.0
  dlg_eval: False
  dlg_gap: 100
  batch_num_per_client: 2
  num_new_clients: 0
  fine_tuning_epoch_new: 0
  mu: 0.01
  beta: 0.0
  lamda: 1.0
  tau: 1.0
  plocal_epochs: 1
  server_learning_rate: 1.0
  enable_attack: True
  attack_mode: label_flip
  malicious_ratio: 0.3
  attack_scale: 3.0
  defense_mode: none
  use_autoencoder: False
  autoencoder_latent_dim: 64
  autoencoder_epochs: 20
  committee_size: 5
  vote_threshold: 0.5
  anomaly_threshold: 0.5
  anomaly_lower_coef: 0.7
  anomaly_upper_coef: 1.5
  use_committee: False
  tlbo_iterations: 10
  use_tlbo: False
  use_merkle: True
  use_incentive: True
============================================================

============= 第 1 次实验 =============
正在初始化服务器和客户端...
数据集: Uci, 特征维度: 23
模型参数量: 189,330

Join ratio / total clients: 1.0 / 10
Finished creating server and clients.

-------------Round number: 0-------------

Evaluate global model
Averaged Train Loss: 0.6905
Averaged Test Accuracy: 0.5856
Averaged Test AUC: 0.5178
Averaged Test Precision: 0.6416
Averaged Test Recall: 0.5856
Averaged Test F1-Score: 0.5989
Std Test Accuracy: 0.1062
Std Test AUC: 0.0476
------------------------- time cost ------------------------- 7.547519207000732
------------------------- time cost ------------------------- 6.2014479637146
------------------------- time cost ------------------------- 6.365951776504517
------------------------- time cost ------------------------- 6.100392818450928
------------------------- time cost ------------------------- 6.1081016063690186
------------------------- time cost ------------------------- 5.730754852294922
------------------------- time cost ------------------------- 6.616756916046143
------------------------- time cost ------------------------- 6.512647867202759
------------------------- time cost ------------------------- 6.172022104263306
------------------------- time cost ------------------------- 6.502022981643677

-------------Round number: 10-------------

Evaluate global model
Averaged Train Loss: 0.4961
Averaged Test Accuracy: 0.7400
Averaged Test AUC: 0.7413
Averaged Test Precision: 0.7109
Averaged Test Recall: 0.7400
Averaged Test F1-Score: 0.6457
Std Test Accuracy: 0.1010
Std Test AUC: 0.0615
------------------------- time cost ------------------------- 7.5979931354522705
------------------------- time cost ------------------------- 6.497537851333618
------------------------- time cost ------------------------- 6.382540225982666
------------------------- time cost ------------------------- 6.410625696182251
------------------------- time cost ------------------------- 6.292793035507202
------------------------- time cost ------------------------- 6.314487934112549
------------------------- time cost ------------------------- 6.423926115036011
------------------------- time cost ------------------------- 6.431747674942017
------------------------- time cost ------------------------- 6.408757209777832
------------------------- time cost ------------------------- 6.360595226287842

-------------Round number: 20-------------

Evaluate global model
Averaged Train Loss: 0.4758
Averaged Test Accuracy: 0.7769
Averaged Test AUC: 0.7547
Averaged Test Precision: 0.7757
Averaged Test Recall: 0.7769
Averaged Test F1-Score: 0.7398
Std Test Accuracy: 0.0828
Std Test AUC: 0.0608
------------------------- time cost ------------------------- 7.468843698501587
------------------------- time cost ------------------------- 6.322986841201782
------------------------- time cost ------------------------- 6.364212512969971
------------------------- time cost ------------------------- 6.306024551391602
------------------------- time cost ------------------------- 6.417829751968384
------------------------- time cost ------------------------- 6.389052152633667
------------------------- time cost ------------------------- 6.319885730743408
------------------------- time cost ------------------------- 6.3154215812683105
------------------------- time cost ------------------------- 6.4069788455963135
------------------------- time cost ------------------------- 6.222002744674683

-------------Round number: 30-------------

Evaluate global model
Averaged Train Loss: 0.4710
Averaged Test Accuracy: 0.7789
Averaged Test AUC: 0.7610
Averaged Test Precision: 0.7751
Averaged Test Recall: 0.7789
Averaged Test F1-Score: 0.7464
Std Test Accuracy: 0.0791
Std Test AUC: 0.0601
------------------------- time cost ------------------------- 7.397638320922852
------------------------- time cost ------------------------- 6.457436800003052
------------------------- time cost ------------------------- 6.338262557983398
------------------------- time cost ------------------------- 6.290802240371704
------------------------- time cost ------------------------- 6.333942174911499
------------------------- time cost ------------------------- 6.375458478927612
------------------------- time cost ------------------------- 6.612780332565308
------------------------- time cost ------------------------- 6.353756427764893
------------------------- time cost ------------------------- 6.389740228652954
------------------------- time cost ------------------------- 6.263478517532349

-------------Round number: 40-------------

Evaluate global model
Averaged Train Loss: 0.4706
Averaged Test Accuracy: 0.7799
Averaged Test AUC: 0.7648
Averaged Test Precision: 0.7773
Averaged Test Recall: 0.7799
Averaged Test F1-Score: 0.7485
Std Test Accuracy: 0.0773
Std Test AUC: 0.0577
------------------------- time cost ------------------------- 7.4106364250183105
------------------------- time cost ------------------------- 6.386266708374023
------------------------- time cost ------------------------- 6.222341775894165
------------------------- time cost ------------------------- 6.338646411895752
------------------------- time cost ------------------------- 6.405976057052612
------------------------- time cost ------------------------- 6.283997058868408
------------------------- time cost ------------------------- 6.453448057174683
------------------------- time cost ------------------------- 6.402166366577148
------------------------- time cost ------------------------- 6.410735607147217
------------------------- time cost ------------------------- 6.370465278625488

-------------Round number: 50-------------

Evaluate global model
Averaged Train Loss: 0.4687
Averaged Test Accuracy: 0.7805
Averaged Test AUC: 0.7669
Averaged Test Precision: 0.7759
Averaged Test Recall: 0.7805
Averaged Test F1-Score: 0.7499
Std Test Accuracy: 0.0753
Std Test AUC: 0.0567
------------------------- time cost ------------------------- 7.406089544296265
------------------------- time cost ------------------------- 6.269830942153931
------------------------- time cost ------------------------- 6.49986457824707
------------------------- time cost ------------------------- 6.3245580196380615
------------------------- time cost ------------------------- 6.436458110809326
------------------------- time cost ------------------------- 6.354541301727295
------------------------- time cost ------------------------- 6.3679540157318115
------------------------- time cost ------------------------- 6.401027679443359
------------------------- time cost ------------------------- 6.3071064949035645
------------------------- time cost ------------------------- 6.286614179611206

-------------Round number: 60-------------

Evaluate global model
Averaged Train Loss: 0.4668
Averaged Test Accuracy: 0.7860
Averaged Test AUC: 0.7688
Averaged Test Precision: 0.7786
Averaged Test Recall: 0.7860
Averaged Test F1-Score: 0.7614
Std Test Accuracy: 0.0668
Std Test AUC: 0.0555
------------------------- time cost ------------------------- 7.417034149169922
------------------------- time cost ------------------------- 6.334539890289307
------------------------- time cost ------------------------- 6.256043195724487
------------------------- time cost ------------------------- 6.285198926925659
------------------------- time cost ------------------------- 6.359776496887207
------------------------- time cost ------------------------- 6.384083271026611
------------------------- time cost ------------------------- 6.368714809417725
------------------------- time cost ------------------------- 6.4281675815582275
------------------------- time cost ------------------------- 6.481817245483398
------------------------- time cost ------------------------- 6.435480833053589

-------------Round number: 70-------------

Evaluate global model
Averaged Train Loss: 0.4662
Averaged Test Accuracy: 0.7877
Averaged Test AUC: 0.7707
Averaged Test Precision: 0.7801
Averaged Test Recall: 0.7877
Averaged Test F1-Score: 0.7633
Std Test Accuracy: 0.0660
Std Test AUC: 0.0533
------------------------- time cost ------------------------- 7.5580384731292725
------------------------- time cost ------------------------- 6.321934938430786
------------------------- time cost ------------------------- 6.409241199493408
------------------------- time cost ------------------------- 6.305906295776367
------------------------- time cost ------------------------- 6.42583441734314
------------------------- time cost ------------------------- 6.394514799118042
------------------------- time cost ------------------------- 6.481698751449585
------------------------- time cost ------------------------- 6.4221556186676025
------------------------- time cost ------------------------- 6.653117418289185
------------------------- time cost ------------------------- 6.20648980140686

-------------Round number: 80-------------

Evaluate global model
Averaged Train Loss: 0.4674
Averaged Test Accuracy: 0.7811
Averaged Test AUC: 0.7712
Averaged Test Precision: 0.7783
Averaged Test Recall: 0.7811
Averaged Test F1-Score: 0.7523
Std Test Accuracy: 0.0751
Std Test AUC: 0.0533
------------------------- time cost ------------------------- 7.361608982086182
------------------------- time cost ------------------------- 6.356501817703247
------------------------- time cost ------------------------- 6.347950220108032
------------------------- time cost ------------------------- 6.372793197631836
------------------------- time cost ------------------------- 6.4255211353302
------------------------- time cost ------------------------- 6.458848714828491
------------------------- time cost ------------------------- 6.466768264770508
------------------------- time cost ------------------------- 6.377262115478516
------------------------- time cost ------------------------- 6.43723726272583
------------------------- time cost ------------------------- 6.332634687423706

-------------Round number: 90-------------

Evaluate global model
Averaged Train Loss: 0.4668
Averaged Test Accuracy: 0.7864
Averaged Test AUC: 0.7720
Averaged Test Precision: 0.7813
Averaged Test Recall: 0.7864
Averaged Test F1-Score: 0.7611
Std Test Accuracy: 0.0676
Std Test AUC: 0.0533
------------------------- time cost ------------------------- 7.366150140762329
------------------------- time cost ------------------------- 6.269568204879761
------------------------- time cost ------------------------- 6.326767921447754
------------------------- time cost ------------------------- 6.326629161834717
------------------------- time cost ------------------------- 6.421228408813477
------------------------- time cost ------------------------- 6.4995152950286865
------------------------- time cost ------------------------- 6.534742593765259
------------------------- time cost ------------------------- 6.351663827896118
------------------------- time cost ------------------------- 6.451361656188965
------------------------- time cost ------------------------- 6.398238658905029

-------------Round number: 100-------------

Evaluate global model
Averaged Train Loss: 0.4677
Averaged Test Accuracy: 0.7781
Averaged Test AUC: 0.7723
Averaged Test Precision: 0.7767
Averaged Test Recall: 0.7781
Averaged Test F1-Score: 0.7482
Std Test Accuracy: 0.0771
Std Test AUC: 0.0528
------------------------- time cost ------------------------- 8.066945552825928

Best accuracy.
0.7877333333333333

Average time cost per round.
6.479960880279541
File path: results/Uci_FedAvg_test/Uci_FedAvg_test_0.h5
Training process CSV file path: results/Uci_FedAvg_test/Uci_FedAvg_test_0_training_process.csv
Training process data saved to: results/Uci_FedAvg_test/Uci_FedAvg_test_0_training_process.csv

平均训练时间: 656.84秒
