实验: Uci_feature_skew_little_TrimmedMean_run1
物理GPU ID: 4
CUDA_VISIBLE_DEVICES: 4
时间: 2026-01-24 23:37:59
命令: /miniconda3/bin/python flcore/main.py -data Uci -algo FedAvg -nc 10 -gr 100 -ls 5 -lbs 64 -lr 0.01 -eg 10 -t 1 --heterogeneity feature_skew --enable_attack True --attack_mode little --malicious_ratio 0.3 --defense_mode trimmed_mean --use_tlbo False --tlbo_iterations 10 --use_autoencoder False --use_committee False
工作目录: /root/DecisionSupportSystem-FedACT/system

[GPU] 使用环境变量指定的GPU: CUDA_VISIBLE_DEVICES=4
============================================================
实验配置:
============================================================
  goal: test
  device: cuda
  device_id: 0
  dataset: Uci
  heterogeneity: feature_skew
  model: auto
  num_classes: 2
  batch_size: 64
  local_learning_rate: 0.01
  global_rounds: 100
  local_epochs: 5
  algorithm: FedAvg
  num_clients: 10
  join_ratio: 1.0
  random_join_ratio: False
  prev: 0
  times: 1
  eval_gap: 10
  save_folder_name: results
  learning_rate_decay: False
  learning_rate_decay_gamma: 0.99
  few_shot: 0
  time_select: False
  time_threthold: 10000
  top_cnt: 100
  auto_break: False
  client_drop_rate: 0.0
  train_slow_rate: 0.0
  send_slow_rate: 0.0
  dlg_eval: False
  dlg_gap: 100
  batch_num_per_client: 2
  num_new_clients: 0
  fine_tuning_epoch_new: 0
  mu: 0.01
  beta: 0.0
  lamda: 1.0
  tau: 1.0
  plocal_epochs: 1
  server_learning_rate: 1.0
  enable_attack: True
  attack_mode: little
  malicious_ratio: 0.3
  attack_scale: 3.0
  defense_mode: trimmed_mean
  use_autoencoder: False
  autoencoder_latent_dim: 64
  autoencoder_epochs: 20
  committee_size: 5
  vote_threshold: 0.5
  anomaly_threshold: 0.5
  anomaly_lower_coef: 0.7
  anomaly_upper_coef: 1.5
  use_committee: False
  tlbo_iterations: 10
  use_tlbo: False
  use_merkle: True
  use_incentive: True
============================================================

============= 第 1 次实验 =============
正在初始化服务器和客户端...
数据集: Uci, 特征维度: 23
模型参数量: 189,330

Join ratio / total clients: 1.0 / 10
Finished creating server and clients.

-------------Round number: 0-------------

Evaluate global model
Averaged Train Loss: 0.6905
Averaged Test Accuracy: 0.5856
Averaged Test AUC: 0.5178
Averaged Test Precision: 0.6416
Averaged Test Recall: 0.5856
Averaged Test F1-Score: 0.5989
Std Test Accuracy: 0.1062
Std Test AUC: 0.0476
------------------------- time cost ------------------------- 7.450676441192627
------------------------- time cost ------------------------- 6.419963598251343
------------------------- time cost ------------------------- 6.258883953094482
------------------------- time cost ------------------------- 6.170854806900024
------------------------- time cost ------------------------- 6.219902992248535
------------------------- time cost ------------------------- 6.0262367725372314
------------------------- time cost ------------------------- 6.192324876785278
------------------------- time cost ------------------------- 6.273244142532349
------------------------- time cost ------------------------- 6.27536416053772
------------------------- time cost ------------------------- 6.321318626403809

-------------Round number: 10-------------

Evaluate global model
Averaged Train Loss: 0.4955
Averaged Test Accuracy: 0.7415
Averaged Test AUC: 0.7422
Averaged Test Precision: 0.7505
Averaged Test Recall: 0.7415
Averaged Test F1-Score: 0.6487
Std Test Accuracy: 0.1003
Std Test AUC: 0.0603
------------------------- time cost ------------------------- 7.455936670303345
------------------------- time cost ------------------------- 6.375133991241455
------------------------- time cost ------------------------- 6.281752347946167
------------------------- time cost ------------------------- 6.268818378448486
------------------------- time cost ------------------------- 6.283592700958252
------------------------- time cost ------------------------- 6.45456862449646
------------------------- time cost ------------------------- 6.212880373001099
------------------------- time cost ------------------------- 6.249678134918213
------------------------- time cost ------------------------- 6.299036502838135
------------------------- time cost ------------------------- 6.348678827285767

-------------Round number: 20-------------

Evaluate global model
Averaged Train Loss: 0.4732
Averaged Test Accuracy: 0.7796
Averaged Test AUC: 0.7556
Averaged Test Precision: 0.7741
Averaged Test Recall: 0.7796
Averaged Test F1-Score: 0.7459
Std Test Accuracy: 0.0782
Std Test AUC: 0.0596
------------------------- time cost ------------------------- 7.363879919052124
------------------------- time cost ------------------------- 6.240016460418701
------------------------- time cost ------------------------- 6.286208391189575
------------------------- time cost ------------------------- 6.219400405883789
------------------------- time cost ------------------------- 6.179211378097534
------------------------- time cost ------------------------- 6.534291505813599
------------------------- time cost ------------------------- 6.2124857902526855
------------------------- time cost ------------------------- 6.235232353210449
------------------------- time cost ------------------------- 6.183413505554199
------------------------- time cost ------------------------- 6.270094394683838

-------------Round number: 30-------------

Evaluate global model
Averaged Train Loss: 0.4729
Averaged Test Accuracy: 0.7768
Averaged Test AUC: 0.7612
Averaged Test Precision: 0.7736
Averaged Test Recall: 0.7768
Averaged Test F1-Score: 0.7432
Std Test Accuracy: 0.0815
Std Test AUC: 0.0592
------------------------- time cost ------------------------- 7.341961145401001
------------------------- time cost ------------------------- 6.302757740020752
------------------------- time cost ------------------------- 6.286606073379517
------------------------- time cost ------------------------- 6.324880599975586
------------------------- time cost ------------------------- 6.357247591018677
------------------------- time cost ------------------------- 6.27667498588562
------------------------- time cost ------------------------- 6.395983457565308
------------------------- time cost ------------------------- 6.333412408828735
------------------------- time cost ------------------------- 6.267786026000977
------------------------- time cost ------------------------- 6.322740077972412

-------------Round number: 40-------------

Evaluate global model
Averaged Train Loss: 0.4692
Averaged Test Accuracy: 0.7837
Averaged Test AUC: 0.7648
Averaged Test Precision: 0.7778
Averaged Test Recall: 0.7837
Averaged Test F1-Score: 0.7561
Std Test Accuracy: 0.0702
Std Test AUC: 0.0580
------------------------- time cost ------------------------- 7.347333669662476
------------------------- time cost ------------------------- 6.296329975128174
------------------------- time cost ------------------------- 6.239063262939453
------------------------- time cost ------------------------- 6.359796762466431
------------------------- time cost ------------------------- 6.319888114929199
------------------------- time cost ------------------------- 6.3501296043396
------------------------- time cost ------------------------- 6.374481439590454
------------------------- time cost ------------------------- 6.366629123687744
------------------------- time cost ------------------------- 6.452704906463623
------------------------- time cost ------------------------- 6.368356227874756

-------------Round number: 50-------------

Evaluate global model
Averaged Train Loss: 0.4685
Averaged Test Accuracy: 0.7856
Averaged Test AUC: 0.7676
Averaged Test Precision: 0.7799
Averaged Test Recall: 0.7856
Averaged Test F1-Score: 0.7590
Std Test Accuracy: 0.0710
Std Test AUC: 0.0565
------------------------- time cost ------------------------- 7.54289174079895
------------------------- time cost ------------------------- 6.283941030502319
------------------------- time cost ------------------------- 6.395820379257202
------------------------- time cost ------------------------- 6.335809707641602
------------------------- time cost ------------------------- 6.423868656158447
------------------------- time cost ------------------------- 6.379252910614014
------------------------- time cost ------------------------- 6.248959064483643
------------------------- time cost ------------------------- 6.613477945327759
------------------------- time cost ------------------------- 6.379195690155029
------------------------- time cost ------------------------- 6.40729832649231

-------------Round number: 60-------------

Evaluate global model
Averaged Train Loss: 0.4682
Averaged Test Accuracy: 0.7813
Averaged Test AUC: 0.7684
Averaged Test Precision: 0.7773
Averaged Test Recall: 0.7813
Averaged Test F1-Score: 0.7531
Std Test Accuracy: 0.0726
Std Test AUC: 0.0556
------------------------- time cost ------------------------- 7.360544681549072
------------------------- time cost ------------------------- 6.330763101577759
------------------------- time cost ------------------------- 6.289062976837158
------------------------- time cost ------------------------- 6.2388646602630615
------------------------- time cost ------------------------- 6.32223653793335
------------------------- time cost ------------------------- 6.369678735733032
------------------------- time cost ------------------------- 6.34271764755249
------------------------- time cost ------------------------- 6.569135427474976
------------------------- time cost ------------------------- 6.340502738952637
------------------------- time cost ------------------------- 6.385011434555054

-------------Round number: 70-------------

Evaluate global model
Averaged Train Loss: 0.4682
Averaged Test Accuracy: 0.7831
Averaged Test AUC: 0.7705
Averaged Test Precision: 0.7794
Averaged Test Recall: 0.7831
Averaged Test F1-Score: 0.7541
Std Test Accuracy: 0.0735
Std Test AUC: 0.0543
------------------------- time cost ------------------------- 7.311762809753418
------------------------- time cost ------------------------- 6.460310459136963
------------------------- time cost ------------------------- 6.309027910232544
------------------------- time cost ------------------------- 6.415610074996948
------------------------- time cost ------------------------- 6.238035202026367
------------------------- time cost ------------------------- 6.371745824813843
------------------------- time cost ------------------------- 6.35669732093811
------------------------- time cost ------------------------- 6.415740728378296
------------------------- time cost ------------------------- 6.3846564292907715
------------------------- time cost ------------------------- 6.33737587928772

-------------Round number: 80-------------

Evaluate global model
Averaged Train Loss: 0.4686
Averaged Test Accuracy: 0.7809
Averaged Test AUC: 0.7712
Averaged Test Precision: 0.7784
Averaged Test Recall: 0.7809
Averaged Test F1-Score: 0.7531
Std Test Accuracy: 0.0755
Std Test AUC: 0.0537
------------------------- time cost ------------------------- 7.2537522315979
------------------------- time cost ------------------------- 6.40385627746582
------------------------- time cost ------------------------- 6.26185154914856
------------------------- time cost ------------------------- 6.270781517028809
------------------------- time cost ------------------------- 6.336544752120972
------------------------- time cost ------------------------- 6.335699558258057
------------------------- time cost ------------------------- 6.369622707366943
------------------------- time cost ------------------------- 6.460890293121338
------------------------- time cost ------------------------- 6.5761213302612305
------------------------- time cost ------------------------- 6.343701124191284

-------------Round number: 90-------------

Evaluate global model
Averaged Train Loss: 0.4670
Averaged Test Accuracy: 0.7824
Averaged Test AUC: 0.7722
Averaged Test Precision: 0.7779
Averaged Test Recall: 0.7824
Averaged Test F1-Score: 0.7572
Std Test Accuracy: 0.0714
Std Test AUC: 0.0530
------------------------- time cost ------------------------- 7.334681987762451
------------------------- time cost ------------------------- 6.429683208465576
------------------------- time cost ------------------------- 6.329689264297485
------------------------- time cost ------------------------- 6.462332725524902
------------------------- time cost ------------------------- 6.523462772369385
------------------------- time cost ------------------------- 6.093092679977417
------------------------- time cost ------------------------- 6.15573263168335
------------------------- time cost ------------------------- 6.35727858543396
------------------------- time cost ------------------------- 6.445836544036865
------------------------- time cost ------------------------- 6.626875638961792

-------------Round number: 100-------------

Evaluate global model
Averaged Train Loss: 0.4654
Averaged Test Accuracy: 0.7845
Averaged Test AUC: 0.7737
Averaged Test Precision: 0.7797
Averaged Test Recall: 0.7845
Averaged Test F1-Score: 0.7579
Std Test Accuracy: 0.0698
Std Test AUC: 0.0523
------------------------- time cost ------------------------- 7.6740336418151855

Best accuracy.
0.7856

Average time cost per round.
6.440026848316193
File path: results/Uci_FedAvg_test/Uci_FedAvg_test_0.h5
Training process CSV file path: results/Uci_FedAvg_test/Uci_FedAvg_test_0_training_process.csv
Training process data saved to: results/Uci_FedAvg_test/Uci_FedAvg_test_0_training_process.csv

平均训练时间: 652.91秒
