实验: Uci_iid_little_Bulyan_run1
物理GPU ID: 4
CUDA_VISIBLE_DEVICES: 4
时间: 2026-01-24 21:04:41
命令: /miniconda3/bin/python flcore/main.py -data Uci -algo FedAvg -nc 10 -gr 100 -ls 5 -lbs 64 -lr 0.01 -eg 10 -t 1 --heterogeneity iid --enable_attack True --attack_mode little --malicious_ratio 0.3 --defense_mode bulyan --use_tlbo False --tlbo_iterations 10 --use_autoencoder False --use_committee False
工作目录: /root/DecisionSupportSystem-FedACT/system

[GPU] 使用环境变量指定的GPU: CUDA_VISIBLE_DEVICES=4
============================================================
实验配置:
============================================================
  goal: test
  device: cuda
  device_id: 0
  dataset: Uci
  heterogeneity: iid
  model: auto
  num_classes: 2
  batch_size: 64
  local_learning_rate: 0.01
  global_rounds: 100
  local_epochs: 5
  algorithm: FedAvg
  num_clients: 10
  join_ratio: 1.0
  random_join_ratio: False
  prev: 0
  times: 1
  eval_gap: 10
  save_folder_name: results
  learning_rate_decay: False
  learning_rate_decay_gamma: 0.99
  few_shot: 0
  time_select: False
  time_threthold: 10000
  top_cnt: 100
  auto_break: False
  client_drop_rate: 0.0
  train_slow_rate: 0.0
  send_slow_rate: 0.0
  dlg_eval: False
  dlg_gap: 100
  batch_num_per_client: 2
  num_new_clients: 0
  fine_tuning_epoch_new: 0
  mu: 0.01
  beta: 0.0
  lamda: 1.0
  tau: 1.0
  plocal_epochs: 1
  server_learning_rate: 1.0
  enable_attack: True
  attack_mode: little
  malicious_ratio: 0.3
  attack_scale: 3.0
  defense_mode: bulyan
  use_autoencoder: False
  autoencoder_latent_dim: 64
  autoencoder_epochs: 20
  committee_size: 5
  vote_threshold: 0.5
  anomaly_threshold: 0.5
  anomaly_lower_coef: 0.7
  anomaly_upper_coef: 1.5
  use_committee: False
  tlbo_iterations: 10
  use_tlbo: False
  use_merkle: True
  use_incentive: True
============================================================

============= 第 1 次实验 =============
正在初始化服务器和客户端...
数据集: Uci, 特征维度: 23
模型参数量: 189,330

Join ratio / total clients: 1.0 / 10
Finished creating server and clients.

-------------Round number: 0-------------

Evaluate global model
Averaged Train Loss: 0.6905
Averaged Test Accuracy: 0.5856
Averaged Test AUC: 0.5178
Averaged Test Precision: 0.6416
Averaged Test Recall: 0.5856
Averaged Test F1-Score: 0.5989
Std Test Accuracy: 0.1062
Std Test AUC: 0.0476
------------------------- time cost ------------------------- 7.457673788070679
------------------------- time cost ------------------------- 5.727675199508667
------------------------- time cost ------------------------- 6.1413352489471436
------------------------- time cost ------------------------- 6.359219551086426
------------------------- time cost ------------------------- 6.342153787612915
------------------------- time cost ------------------------- 6.2753746509552
------------------------- time cost ------------------------- 6.308676242828369
------------------------- time cost ------------------------- 6.354787588119507
------------------------- time cost ------------------------- 6.468543767929077
------------------------- time cost ------------------------- 6.455627918243408

-------------Round number: 10-------------

Evaluate global model
Averaged Train Loss: 0.4951
Averaged Test Accuracy: 0.7419
Averaged Test AUC: 0.7420
Averaged Test Precision: 0.7311
Averaged Test Recall: 0.7419
Averaged Test F1-Score: 0.6520
Std Test Accuracy: 0.1015
Std Test AUC: 0.0619
------------------------- time cost ------------------------- 7.60550856590271
------------------------- time cost ------------------------- 6.453901052474976
------------------------- time cost ------------------------- 6.342474460601807
------------------------- time cost ------------------------- 6.130670070648193
------------------------- time cost ------------------------- 6.364356994628906
------------------------- time cost ------------------------- 6.366328239440918
------------------------- time cost ------------------------- 6.281014680862427
------------------------- time cost ------------------------- 6.327755689620972
------------------------- time cost ------------------------- 6.318155527114868
------------------------- time cost ------------------------- 6.384293079376221

-------------Round number: 20-------------

Evaluate global model
Averaged Train Loss: 0.4745
Averaged Test Accuracy: 0.7791
Averaged Test AUC: 0.7548
Averaged Test Precision: 0.7752
Averaged Test Recall: 0.7791
Averaged Test F1-Score: 0.7439
Std Test Accuracy: 0.0809
Std Test AUC: 0.0608
------------------------- time cost ------------------------- 7.524572134017944
------------------------- time cost ------------------------- 6.379455089569092
------------------------- time cost ------------------------- 6.468451499938965
------------------------- time cost ------------------------- 6.306930303573608
------------------------- time cost ------------------------- 6.231856107711792
------------------------- time cost ------------------------- 6.3071441650390625
------------------------- time cost ------------------------- 6.374942064285278
------------------------- time cost ------------------------- 6.320019006729126
------------------------- time cost ------------------------- 6.21967339515686
------------------------- time cost ------------------------- 6.38766884803772

-------------Round number: 30-------------

Evaluate global model
Averaged Train Loss: 0.4716
Averaged Test Accuracy: 0.7780
Averaged Test AUC: 0.7609
Averaged Test Precision: 0.7747
Averaged Test Recall: 0.7780
Averaged Test F1-Score: 0.7450
Std Test Accuracy: 0.0805
Std Test AUC: 0.0602
------------------------- time cost ------------------------- 7.5275022983551025
------------------------- time cost ------------------------- 6.707685232162476
------------------------- time cost ------------------------- 6.317019701004028
------------------------- time cost ------------------------- 6.355637788772583
------------------------- time cost ------------------------- 6.297883987426758
------------------------- time cost ------------------------- 6.256072759628296
------------------------- time cost ------------------------- 6.428158521652222
------------------------- time cost ------------------------- 6.271209239959717
------------------------- time cost ------------------------- 6.444776296615601
------------------------- time cost ------------------------- 6.444358825683594

-------------Round number: 40-------------

Evaluate global model
Averaged Train Loss: 0.4687
Averaged Test Accuracy: 0.7815
Averaged Test AUC: 0.7649
Averaged Test Precision: 0.7755
Averaged Test Recall: 0.7815
Averaged Test F1-Score: 0.7517
Std Test Accuracy: 0.0742
Std Test AUC: 0.0583
------------------------- time cost ------------------------- 7.536229133605957
------------------------- time cost ------------------------- 6.323837041854858
------------------------- time cost ------------------------- 6.309605121612549
------------------------- time cost ------------------------- 6.339182615280151
------------------------- time cost ------------------------- 6.336753606796265
------------------------- time cost ------------------------- 6.227996110916138
------------------------- time cost ------------------------- 6.243274211883545
------------------------- time cost ------------------------- 6.578726291656494
------------------------- time cost ------------------------- 6.29749059677124
------------------------- time cost ------------------------- 6.521821737289429

-------------Round number: 50-------------

Evaluate global model
Averaged Train Loss: 0.4680
Averaged Test Accuracy: 0.7820
Averaged Test AUC: 0.7677
Averaged Test Precision: 0.7771
Averaged Test Recall: 0.7820
Averaged Test F1-Score: 0.7528
Std Test Accuracy: 0.0745
Std Test AUC: 0.0567
------------------------- time cost ------------------------- 7.592988967895508
------------------------- time cost ------------------------- 6.460583925247192
------------------------- time cost ------------------------- 6.422059059143066
------------------------- time cost ------------------------- 6.3157124519348145
------------------------- time cost ------------------------- 6.179453372955322
------------------------- time cost ------------------------- 6.305497169494629
------------------------- time cost ------------------------- 6.368777751922607
------------------------- time cost ------------------------- 6.3959150314331055
------------------------- time cost ------------------------- 6.417074680328369
------------------------- time cost ------------------------- 6.49392557144165

-------------Round number: 60-------------

Evaluate global model
Averaged Train Loss: 0.4682
Averaged Test Accuracy: 0.7780
Averaged Test AUC: 0.7698
Averaged Test Precision: 0.7750
Averaged Test Recall: 0.7780
Averaged Test F1-Score: 0.7459
Std Test Accuracy: 0.0775
Std Test AUC: 0.0545
------------------------- time cost ------------------------- 7.602049112319946
------------------------- time cost ------------------------- 6.371910572052002
------------------------- time cost ------------------------- 6.305410385131836
------------------------- time cost ------------------------- 6.189359188079834
------------------------- time cost ------------------------- 6.244369745254517
------------------------- time cost ------------------------- 6.354419946670532
------------------------- time cost ------------------------- 6.381625413894653
------------------------- time cost ------------------------- 6.418777227401733
------------------------- time cost ------------------------- 6.347492933273315
------------------------- time cost ------------------------- 6.492413520812988

-------------Round number: 70-------------

Evaluate global model
Averaged Train Loss: 0.4680
Averaged Test Accuracy: 0.7824
Averaged Test AUC: 0.7704
Averaged Test Precision: 0.7790
Averaged Test Recall: 0.7824
Averaged Test F1-Score: 0.7534
Std Test Accuracy: 0.0730
Std Test AUC: 0.0542
------------------------- time cost ------------------------- 7.759839773178101
------------------------- time cost ------------------------- 6.457126617431641
------------------------- time cost ------------------------- 6.366983652114868
------------------------- time cost ------------------------- 6.408465623855591
------------------------- time cost ------------------------- 6.422407150268555
------------------------- time cost ------------------------- 6.333327054977417
------------------------- time cost ------------------------- 6.272331476211548
------------------------- time cost ------------------------- 6.416661500930786
------------------------- time cost ------------------------- 6.384819269180298
------------------------- time cost ------------------------- 6.4849371910095215

-------------Round number: 80-------------

Evaluate global model
Averaged Train Loss: 0.4675
Averaged Test Accuracy: 0.7823
Averaged Test AUC: 0.7712
Averaged Test Precision: 0.7770
Averaged Test Recall: 0.7823
Averaged Test F1-Score: 0.7547
Std Test Accuracy: 0.0730
Std Test AUC: 0.0543
------------------------- time cost ------------------------- 7.632695913314819
------------------------- time cost ------------------------- 6.447862148284912
------------------------- time cost ------------------------- 6.2393479347229
------------------------- time cost ------------------------- 6.3139989376068115
------------------------- time cost ------------------------- 6.32174825668335
------------------------- time cost ------------------------- 6.306264877319336
------------------------- time cost ------------------------- 6.32393217086792
------------------------- time cost ------------------------- 6.371088027954102
------------------------- time cost ------------------------- 6.4883222579956055
------------------------- time cost ------------------------- 6.559948921203613

-------------Round number: 90-------------

Evaluate global model
Averaged Train Loss: 0.4670
Averaged Test Accuracy: 0.7820
Averaged Test AUC: 0.7726
Averaged Test Precision: 0.7794
Averaged Test Recall: 0.7820
Averaged Test F1-Score: 0.7541
Std Test Accuracy: 0.0756
Std Test AUC: 0.0528
------------------------- time cost ------------------------- 7.469319820404053
------------------------- time cost ------------------------- 6.302992105484009
------------------------- time cost ------------------------- 6.379551649093628
------------------------- time cost ------------------------- 6.2968995571136475
------------------------- time cost ------------------------- 6.241900444030762
------------------------- time cost ------------------------- 6.33827543258667
------------------------- time cost ------------------------- 6.232877969741821
------------------------- time cost ------------------------- 6.526232957839966
------------------------- time cost ------------------------- 6.458432197570801
------------------------- time cost ------------------------- 6.546845436096191

-------------Round number: 100-------------

Evaluate global model
Averaged Train Loss: 0.4675
Averaged Test Accuracy: 0.7800
Averaged Test AUC: 0.7725
Averaged Test Precision: 0.7790
Averaged Test Recall: 0.7800
Averaged Test F1-Score: 0.7514
Std Test Accuracy: 0.0785
Std Test AUC: 0.0524
------------------------- time cost ------------------------- 7.549648284912109

Best accuracy.
0.7824

Average time cost per round.
6.4760868668556215
File path: results/Uci_FedAvg_test/Uci_FedAvg_test_0.h5
Training process CSV file path: results/Uci_FedAvg_test/Uci_FedAvg_test_0_training_process.csv
Training process data saved to: results/Uci_FedAvg_test/Uci_FedAvg_test_0_training_process.csv

平均训练时间: 656.67秒
