实验: Uci_quantity_skew_gaussian_Krum_run1
物理GPU ID: 3
CUDA_VISIBLE_DEVICES: 3
时间: 2026-01-24 22:42:48
命令: /miniconda3/bin/python flcore/main.py -data Uci -algo FedAvg -nc 10 -gr 100 -ls 5 -lbs 64 -lr 0.01 -eg 10 -t 1 --heterogeneity quantity_skew --enable_attack True --attack_mode gaussian --malicious_ratio 0.3 --defense_mode krum --use_tlbo False --tlbo_iterations 10 --use_autoencoder False --use_committee False
工作目录: /root/DecisionSupportSystem-FedACT/system

[GPU] 使用环境变量指定的GPU: CUDA_VISIBLE_DEVICES=3
============================================================
实验配置:
============================================================
  goal: test
  device: cuda
  device_id: 0
  dataset: Uci
  heterogeneity: quantity_skew
  model: auto
  num_classes: 2
  batch_size: 64
  local_learning_rate: 0.01
  global_rounds: 100
  local_epochs: 5
  algorithm: FedAvg
  num_clients: 10
  join_ratio: 1.0
  random_join_ratio: False
  prev: 0
  times: 1
  eval_gap: 10
  save_folder_name: results
  learning_rate_decay: False
  learning_rate_decay_gamma: 0.99
  few_shot: 0
  time_select: False
  time_threthold: 10000
  top_cnt: 100
  auto_break: False
  client_drop_rate: 0.0
  train_slow_rate: 0.0
  send_slow_rate: 0.0
  dlg_eval: False
  dlg_gap: 100
  batch_num_per_client: 2
  num_new_clients: 0
  fine_tuning_epoch_new: 0
  mu: 0.01
  beta: 0.0
  lamda: 1.0
  tau: 1.0
  plocal_epochs: 1
  server_learning_rate: 1.0
  enable_attack: True
  attack_mode: gaussian
  malicious_ratio: 0.3
  attack_scale: 3.0
  defense_mode: krum
  use_autoencoder: False
  autoencoder_latent_dim: 64
  autoencoder_epochs: 20
  committee_size: 5
  vote_threshold: 0.5
  anomaly_threshold: 0.5
  anomaly_lower_coef: 0.7
  anomaly_upper_coef: 1.5
  use_committee: False
  tlbo_iterations: 10
  use_tlbo: False
  use_merkle: True
  use_incentive: True
============================================================

============= 第 1 次实验 =============
正在初始化服务器和客户端...
数据集: Uci, 特征维度: 23
模型参数量: 189,330

Join ratio / total clients: 1.0 / 10
Finished creating server and clients.

-------------Round number: 0-------------

Evaluate global model
Averaged Train Loss: 0.6905
Averaged Test Accuracy: 0.5856
Averaged Test AUC: 0.5178
Averaged Test Precision: 0.6416
Averaged Test Recall: 0.5856
Averaged Test F1-Score: 0.5989
Std Test Accuracy: 0.1062
Std Test AUC: 0.0476
------------------------- time cost ------------------------- 7.656473636627197
------------------------- time cost ------------------------- 6.531850576400757
------------------------- time cost ------------------------- 6.380109071731567
------------------------- time cost ------------------------- 6.545013666152954
------------------------- time cost ------------------------- 6.361041307449341
------------------------- time cost ------------------------- 6.277515888214111
------------------------- time cost ------------------------- 6.207616806030273
------------------------- time cost ------------------------- 6.249295473098755
------------------------- time cost ------------------------- 6.210965394973755
------------------------- time cost ------------------------- 6.416813611984253

-------------Round number: 10-------------

Evaluate global model
Averaged Train Loss: 0.4950
Averaged Test Accuracy: 0.7412
Averaged Test AUC: 0.7418
Averaged Test Precision: 0.7164
Averaged Test Recall: 0.7412
Averaged Test F1-Score: 0.6490
Std Test Accuracy: 0.1006
Std Test AUC: 0.0620
------------------------- time cost ------------------------- 7.329508304595947
------------------------- time cost ------------------------- 6.255022048950195
------------------------- time cost ------------------------- 6.348901748657227
------------------------- time cost ------------------------- 6.312653064727783
------------------------- time cost ------------------------- 6.296629905700684
------------------------- time cost ------------------------- 6.477797746658325
------------------------- time cost ------------------------- 6.351601839065552
------------------------- time cost ------------------------- 6.289684772491455
------------------------- time cost ------------------------- 6.31984806060791
------------------------- time cost ------------------------- 6.286314964294434

-------------Round number: 20-------------

Evaluate global model
Averaged Train Loss: 0.4736
Averaged Test Accuracy: 0.7764
Averaged Test AUC: 0.7554
Averaged Test Precision: 0.7738
Averaged Test Recall: 0.7764
Averaged Test F1-Score: 0.7385
Std Test Accuracy: 0.0791
Std Test AUC: 0.0602
------------------------- time cost ------------------------- 7.360421895980835
------------------------- time cost ------------------------- 6.3356614112854
------------------------- time cost ------------------------- 6.36896824836731
------------------------- time cost ------------------------- 6.32973313331604
------------------------- time cost ------------------------- 6.255687713623047
------------------------- time cost ------------------------- 6.503140449523926
------------------------- time cost ------------------------- 6.365378379821777
------------------------- time cost ------------------------- 6.3489696979522705
------------------------- time cost ------------------------- 6.25846004486084
------------------------- time cost ------------------------- 6.274846315383911

-------------Round number: 30-------------

Evaluate global model
Averaged Train Loss: 0.4727
Averaged Test Accuracy: 0.7768
Averaged Test AUC: 0.7611
Averaged Test Precision: 0.7749
Averaged Test Recall: 0.7768
Averaged Test F1-Score: 0.7421
Std Test Accuracy: 0.0814
Std Test AUC: 0.0596
------------------------- time cost ------------------------- 7.290738582611084
------------------------- time cost ------------------------- 6.31053352355957
------------------------- time cost ------------------------- 6.294933080673218
------------------------- time cost ------------------------- 6.304035902023315
------------------------- time cost ------------------------- 6.272331714630127
------------------------- time cost ------------------------- 6.329239130020142
------------------------- time cost ------------------------- 6.46699595451355
------------------------- time cost ------------------------- 6.224459648132324
------------------------- time cost ------------------------- 6.289341449737549
------------------------- time cost ------------------------- 6.298435926437378

-------------Round number: 40-------------

Evaluate global model
Averaged Train Loss: 0.4713
Averaged Test Accuracy: 0.7777
Averaged Test AUC: 0.7644
Averaged Test Precision: 0.7746
Averaged Test Recall: 0.7777
Averaged Test F1-Score: 0.7460
Std Test Accuracy: 0.0774
Std Test AUC: 0.0584
------------------------- time cost ------------------------- 7.345668792724609
------------------------- time cost ------------------------- 6.251795053482056
------------------------- time cost ------------------------- 6.3972389698028564
------------------------- time cost ------------------------- 6.492628574371338
------------------------- time cost ------------------------- 6.285758018493652
------------------------- time cost ------------------------- 6.311638832092285
------------------------- time cost ------------------------- 6.460254907608032
------------------------- time cost ------------------------- 6.404768943786621
------------------------- time cost ------------------------- 6.301788091659546
------------------------- time cost ------------------------- 6.352068185806274

-------------Round number: 50-------------

Evaluate global model
Averaged Train Loss: 0.4685
Averaged Test Accuracy: 0.7823
Averaged Test AUC: 0.7672
Averaged Test Precision: 0.7766
Averaged Test Recall: 0.7823
Averaged Test F1-Score: 0.7540
Std Test Accuracy: 0.0743
Std Test AUC: 0.0565
------------------------- time cost ------------------------- 7.2632811069488525
------------------------- time cost ------------------------- 6.302827596664429
------------------------- time cost ------------------------- 6.50248646736145
------------------------- time cost ------------------------- 6.4553587436676025
------------------------- time cost ------------------------- 6.2839272022247314
------------------------- time cost ------------------------- 6.5025763511657715
------------------------- time cost ------------------------- 6.296155691146851
------------------------- time cost ------------------------- 6.365641832351685
------------------------- time cost ------------------------- 6.250463962554932
------------------------- time cost ------------------------- 6.246728181838989

-------------Round number: 60-------------

Evaluate global model
Averaged Train Loss: 0.4680
Averaged Test Accuracy: 0.7825
Averaged Test AUC: 0.7690
Averaged Test Precision: 0.7777
Averaged Test Recall: 0.7825
Averaged Test F1-Score: 0.7551
Std Test Accuracy: 0.0719
Std Test AUC: 0.0553
------------------------- time cost ------------------------- 7.2529919147491455
------------------------- time cost ------------------------- 6.162832021713257
------------------------- time cost ------------------------- 6.512387752532959
------------------------- time cost ------------------------- 6.47787070274353
------------------------- time cost ------------------------- 6.3986310958862305
------------------------- time cost ------------------------- 6.4667463302612305
------------------------- time cost ------------------------- 6.333797931671143
------------------------- time cost ------------------------- 6.442240953445435
------------------------- time cost ------------------------- 6.24796199798584
------------------------- time cost ------------------------- 6.223543643951416

-------------Round number: 70-------------

Evaluate global model
Averaged Train Loss: 0.4688
Averaged Test Accuracy: 0.7811
Averaged Test AUC: 0.7703
Averaged Test Precision: 0.7785
Averaged Test Recall: 0.7811
Averaged Test F1-Score: 0.7516
Std Test Accuracy: 0.0744
Std Test AUC: 0.0548
------------------------- time cost ------------------------- 7.224696636199951
------------------------- time cost ------------------------- 6.247642517089844
------------------------- time cost ------------------------- 6.344133615493774
------------------------- time cost ------------------------- 6.308075666427612
------------------------- time cost ------------------------- 6.3595263957977295
------------------------- time cost ------------------------- 6.428852796554565
------------------------- time cost ------------------------- 6.345185041427612
------------------------- time cost ------------------------- 6.353369235992432
------------------------- time cost ------------------------- 6.408713102340698
------------------------- time cost ------------------------- 6.232549667358398

-------------Round number: 80-------------

Evaluate global model
Averaged Train Loss: 0.4684
Averaged Test Accuracy: 0.7803
Averaged Test AUC: 0.7713
Averaged Test Precision: 0.7773
Averaged Test Recall: 0.7803
Averaged Test F1-Score: 0.7510
Std Test Accuracy: 0.0755
Std Test AUC: 0.0528
------------------------- time cost ------------------------- 7.399489879608154
------------------------- time cost ------------------------- 6.288916349411011
------------------------- time cost ------------------------- 6.437853813171387
------------------------- time cost ------------------------- 6.269810914993286
------------------------- time cost ------------------------- 6.265690088272095
------------------------- time cost ------------------------- 6.41560697555542
------------------------- time cost ------------------------- 6.324058294296265
------------------------- time cost ------------------------- 6.324872732162476
------------------------- time cost ------------------------- 6.483901262283325
------------------------- time cost ------------------------- 6.358958721160889

-------------Round number: 90-------------

Evaluate global model
Averaged Train Loss: 0.4670
Averaged Test Accuracy: 0.7820
Averaged Test AUC: 0.7721
Averaged Test Precision: 0.7771
Averaged Test Recall: 0.7820
Averaged Test F1-Score: 0.7549
Std Test Accuracy: 0.0726
Std Test AUC: 0.0532
------------------------- time cost ------------------------- 7.329651594161987
------------------------- time cost ------------------------- 6.236812591552734
------------------------- time cost ------------------------- 6.428971290588379
------------------------- time cost ------------------------- 6.261533260345459
------------------------- time cost ------------------------- 6.358848333358765
------------------------- time cost ------------------------- 6.310031175613403
------------------------- time cost ------------------------- 6.422379970550537
------------------------- time cost ------------------------- 6.309799432754517
------------------------- time cost ------------------------- 6.304226636886597
------------------------- time cost ------------------------- 6.513594150543213

-------------Round number: 100-------------

Evaluate global model
Averaged Train Loss: 0.4675
Averaged Test Accuracy: 0.7805
Averaged Test AUC: 0.7727
Averaged Test Precision: 0.7778
Averaged Test Recall: 0.7805
Averaged Test F1-Score: 0.7528
Std Test Accuracy: 0.0751
Std Test AUC: 0.0519
------------------------- time cost ------------------------- 7.3655431270599365

Best accuracy.
0.7825333333333333

Average time cost per round.
6.441858515739441
File path: results/Uci_FedAvg_test/Uci_FedAvg_test_0.h5
Training process CSV file path: results/Uci_FedAvg_test/Uci_FedAvg_test_0_training_process.csv
Training process data saved to: results/Uci_FedAvg_test/Uci_FedAvg_test_0_training_process.csv

平均训练时间: 653.09秒
