实验: Uci_label_skew_label_flip_Median_run1
物理GPU ID: 1
CUDA_VISIBLE_DEVICES: 1
时间: 2026-01-24 22:20:21
命令: /miniconda3/bin/python flcore/main.py -data Uci -algo FedAvg -nc 10 -gr 100 -ls 5 -lbs 64 -lr 0.01 -eg 10 -t 1 --heterogeneity label_skew --enable_attack True --attack_mode label_flip --malicious_ratio 0.3 --defense_mode median --use_tlbo False --tlbo_iterations 10 --use_autoencoder False --use_committee False
工作目录: /root/DecisionSupportSystem-FedACT/system

[GPU] 使用环境变量指定的GPU: CUDA_VISIBLE_DEVICES=1
============================================================
实验配置:
============================================================
  goal: test
  device: cuda
  device_id: 0
  dataset: Uci
  heterogeneity: label_skew
  model: auto
  num_classes: 2
  batch_size: 64
  local_learning_rate: 0.01
  global_rounds: 100
  local_epochs: 5
  algorithm: FedAvg
  num_clients: 10
  join_ratio: 1.0
  random_join_ratio: False
  prev: 0
  times: 1
  eval_gap: 10
  save_folder_name: results
  learning_rate_decay: False
  learning_rate_decay_gamma: 0.99
  few_shot: 0
  time_select: False
  time_threthold: 10000
  top_cnt: 100
  auto_break: False
  client_drop_rate: 0.0
  train_slow_rate: 0.0
  send_slow_rate: 0.0
  dlg_eval: False
  dlg_gap: 100
  batch_num_per_client: 2
  num_new_clients: 0
  fine_tuning_epoch_new: 0
  mu: 0.01
  beta: 0.0
  lamda: 1.0
  tau: 1.0
  plocal_epochs: 1
  server_learning_rate: 1.0
  enable_attack: True
  attack_mode: label_flip
  malicious_ratio: 0.3
  attack_scale: 3.0
  defense_mode: median
  use_autoencoder: False
  autoencoder_latent_dim: 64
  autoencoder_epochs: 20
  committee_size: 5
  vote_threshold: 0.5
  anomaly_threshold: 0.5
  anomaly_lower_coef: 0.7
  anomaly_upper_coef: 1.5
  use_committee: False
  tlbo_iterations: 10
  use_tlbo: False
  use_merkle: True
  use_incentive: True
============================================================

============= 第 1 次实验 =============
正在初始化服务器和客户端...
数据集: Uci, 特征维度: 23
模型参数量: 189,330

Join ratio / total clients: 1.0 / 10
Finished creating server and clients.

-------------Round number: 0-------------

Evaluate global model
Averaged Train Loss: 0.6905
Averaged Test Accuracy: 0.5856
Averaged Test AUC: 0.5178
Averaged Test Precision: 0.6416
Averaged Test Recall: 0.5856
Averaged Test F1-Score: 0.5989
Std Test Accuracy: 0.1062
Std Test AUC: 0.0476
------------------------- time cost ------------------------- 7.9979047775268555
------------------------- time cost ------------------------- 6.530667543411255
------------------------- time cost ------------------------- 6.261945962905884
------------------------- time cost ------------------------- 6.356868267059326
------------------------- time cost ------------------------- 6.347432613372803
------------------------- time cost ------------------------- 5.783965826034546
------------------------- time cost ------------------------- 6.184856414794922
------------------------- time cost ------------------------- 6.085438013076782
------------------------- time cost ------------------------- 6.192461967468262
------------------------- time cost ------------------------- 6.222833633422852

-------------Round number: 10-------------

Evaluate global model
Averaged Train Loss: 0.4958
Averaged Test Accuracy: 0.7405
Averaged Test AUC: 0.7414
Averaged Test Precision: 0.7049
Averaged Test Recall: 0.7405
Averaged Test F1-Score: 0.6470
Std Test Accuracy: 0.1011
Std Test AUC: 0.0613
------------------------- time cost ------------------------- 7.224987983703613
------------------------- time cost ------------------------- 6.3308796882629395
------------------------- time cost ------------------------- 6.114611864089966
------------------------- time cost ------------------------- 6.084574460983276
------------------------- time cost ------------------------- 6.1915998458862305
------------------------- time cost ------------------------- 6.3005993366241455
------------------------- time cost ------------------------- 6.257771968841553
------------------------- time cost ------------------------- 6.196056365966797
------------------------- time cost ------------------------- 6.395431280136108
------------------------- time cost ------------------------- 6.211434841156006

-------------Round number: 20-------------

Evaluate global model
Averaged Train Loss: 0.4758
Averaged Test Accuracy: 0.7781
Averaged Test AUC: 0.7537
Averaged Test Precision: 0.7760
Averaged Test Recall: 0.7781
Averaged Test F1-Score: 0.7422
Std Test Accuracy: 0.0817
Std Test AUC: 0.0619
------------------------- time cost ------------------------- 7.183634281158447
------------------------- time cost ------------------------- 6.362874746322632
------------------------- time cost ------------------------- 6.189328908920288
------------------------- time cost ------------------------- 6.194018602371216
------------------------- time cost ------------------------- 6.175621271133423
------------------------- time cost ------------------------- 6.2988200187683105
------------------------- time cost ------------------------- 6.292881965637207
------------------------- time cost ------------------------- 6.110218286514282
------------------------- time cost ------------------------- 6.288109064102173
------------------------- time cost ------------------------- 6.1043195724487305

-------------Round number: 30-------------

Evaluate global model
Averaged Train Loss: 0.4710
Averaged Test Accuracy: 0.7800
Averaged Test AUC: 0.7602
Averaged Test Precision: 0.7744
Averaged Test Recall: 0.7800
Averaged Test F1-Score: 0.7501
Std Test Accuracy: 0.0773
Std Test AUC: 0.0607
------------------------- time cost ------------------------- 7.278230667114258
------------------------- time cost ------------------------- 6.183230638504028
------------------------- time cost ------------------------- 6.18746280670166
------------------------- time cost ------------------------- 6.161230802536011
------------------------- time cost ------------------------- 6.214522838592529
------------------------- time cost ------------------------- 6.162349224090576
------------------------- time cost ------------------------- 6.395235300064087
------------------------- time cost ------------------------- 6.126275062561035
------------------------- time cost ------------------------- 6.167985200881958
------------------------- time cost ------------------------- 6.265227794647217

-------------Round number: 40-------------

Evaluate global model
Averaged Train Loss: 0.4707
Averaged Test Accuracy: 0.7772
Averaged Test AUC: 0.7645
Averaged Test Precision: 0.7751
Averaged Test Recall: 0.7772
Averaged Test F1-Score: 0.7441
Std Test Accuracy: 0.0814
Std Test AUC: 0.0588
------------------------- time cost ------------------------- 7.252263307571411
------------------------- time cost ------------------------- 6.203657150268555
------------------------- time cost ------------------------- 6.3515636920928955
------------------------- time cost ------------------------- 6.256680727005005
------------------------- time cost ------------------------- 6.226234197616577
------------------------- time cost ------------------------- 6.111066818237305
------------------------- time cost ------------------------- 6.286851644515991
------------------------- time cost ------------------------- 6.297188997268677
------------------------- time cost ------------------------- 6.146167993545532
------------------------- time cost ------------------------- 6.206555604934692

-------------Round number: 50-------------

Evaluate global model
Averaged Train Loss: 0.4696
Averaged Test Accuracy: 0.7789
Averaged Test AUC: 0.7675
Averaged Test Precision: 0.7770
Averaged Test Recall: 0.7789
Averaged Test F1-Score: 0.7475
Std Test Accuracy: 0.0797
Std Test AUC: 0.0570
------------------------- time cost ------------------------- 7.1010096073150635
------------------------- time cost ------------------------- 6.16807222366333
------------------------- time cost ------------------------- 6.189329624176025
------------------------- time cost ------------------------- 6.280707120895386
------------------------- time cost ------------------------- 6.1035239696502686
------------------------- time cost ------------------------- 6.285083055496216
------------------------- time cost ------------------------- 6.324550628662109
------------------------- time cost ------------------------- 6.395947217941284
------------------------- time cost ------------------------- 6.251871824264526
------------------------- time cost ------------------------- 6.230583906173706

-------------Round number: 60-------------

Evaluate global model
Averaged Train Loss: 0.4675
Averaged Test Accuracy: 0.7840
Averaged Test AUC: 0.7689
Averaged Test Precision: 0.7793
Averaged Test Recall: 0.7840
Averaged Test F1-Score: 0.7574
Std Test Accuracy: 0.0706
Std Test AUC: 0.0563
------------------------- time cost ------------------------- 7.146771669387817
------------------------- time cost ------------------------- 6.199202060699463
------------------------- time cost ------------------------- 6.1835222244262695
------------------------- time cost ------------------------- 6.181060552597046
------------------------- time cost ------------------------- 6.228343725204468
------------------------- time cost ------------------------- 6.149993658065796
------------------------- time cost ------------------------- 6.249696731567383
------------------------- time cost ------------------------- 6.331783294677734
------------------------- time cost ------------------------- 6.218647480010986
------------------------- time cost ------------------------- 6.208917856216431

-------------Round number: 70-------------

Evaluate global model
Averaged Train Loss: 0.4671
Averaged Test Accuracy: 0.7883
Averaged Test AUC: 0.7701
Averaged Test Precision: 0.7812
Averaged Test Recall: 0.7883
Averaged Test F1-Score: 0.7653
Std Test Accuracy: 0.0651
Std Test AUC: 0.0548
------------------------- time cost ------------------------- 7.253599643707275
------------------------- time cost ------------------------- 6.29495096206665
------------------------- time cost ------------------------- 6.182841539382935
------------------------- time cost ------------------------- 6.173811435699463
------------------------- time cost ------------------------- 6.22454309463501
------------------------- time cost ------------------------- 6.232909440994263
------------------------- time cost ------------------------- 6.227724075317383
------------------------- time cost ------------------------- 6.366464614868164
------------------------- time cost ------------------------- 6.523418426513672
------------------------- time cost ------------------------- 6.268934011459351

-------------Round number: 80-------------

Evaluate global model
Averaged Train Loss: 0.4669
Averaged Test Accuracy: 0.7843
Averaged Test AUC: 0.7712
Averaged Test Precision: 0.7786
Averaged Test Recall: 0.7843
Averaged Test F1-Score: 0.7596
Std Test Accuracy: 0.0699
Std Test AUC: 0.0542
------------------------- time cost ------------------------- 7.210420846939087
------------------------- time cost ------------------------- 6.171793699264526
------------------------- time cost ------------------------- 6.207974672317505
------------------------- time cost ------------------------- 6.323810815811157
------------------------- time cost ------------------------- 6.2040627002716064
------------------------- time cost ------------------------- 6.180887460708618
------------------------- time cost ------------------------- 6.167336702346802
------------------------- time cost ------------------------- 6.187801122665405
------------------------- time cost ------------------------- 6.385848760604858
------------------------- time cost ------------------------- 6.349398374557495

-------------Round number: 90-------------

Evaluate global model
Averaged Train Loss: 0.4666
Averaged Test Accuracy: 0.7863
Averaged Test AUC: 0.7723
Averaged Test Precision: 0.7795
Averaged Test Recall: 0.7863
Averaged Test F1-Score: 0.7623
Std Test Accuracy: 0.0667
Std Test AUC: 0.0530
------------------------- time cost ------------------------- 7.1255199909210205
------------------------- time cost ------------------------- 6.200360059738159
------------------------- time cost ------------------------- 6.281586170196533
------------------------- time cost ------------------------- 6.210347890853882
------------------------- time cost ------------------------- 6.204980373382568
------------------------- time cost ------------------------- 6.253894567489624
------------------------- time cost ------------------------- 6.256425380706787
------------------------- time cost ------------------------- 6.2154481410980225
------------------------- time cost ------------------------- 6.184064149856567
------------------------- time cost ------------------------- 6.458978891372681

-------------Round number: 100-------------

Evaluate global model
Averaged Train Loss: 0.4675
Averaged Test Accuracy: 0.7799
Averaged Test AUC: 0.7723
Averaged Test Precision: 0.7777
Averaged Test Recall: 0.7799
Averaged Test F1-Score: 0.7521
Std Test Accuracy: 0.0751
Std Test AUC: 0.0523
------------------------- time cost ------------------------- 7.2593958377838135

Best accuracy.
0.7882666666666667

Average time cost per round.
6.331723773479462
File path: results/Uci_FedAvg_test/Uci_FedAvg_test_0.h5
Training process CSV file path: results/Uci_FedAvg_test/Uci_FedAvg_test_0_training_process.csv
Training process data saved to: results/Uci_FedAvg_test/Uci_FedAvg_test_0_training_process.csv

平均训练时间: 642.48秒
