实验: Uci_label_skew_alie_Krum_run1
物理GPU ID: 1
CUDA_VISIBLE_DEVICES: 1
时间: 2026-01-24 21:59:16
命令: /miniconda3/bin/python flcore/main.py -data Uci -algo FedAvg -nc 10 -gr 100 -ls 5 -lbs 64 -lr 0.01 -eg 10 -t 1 --heterogeneity label_skew --enable_attack True --attack_mode alie --malicious_ratio 0.3 --defense_mode krum --use_tlbo False --tlbo_iterations 10 --use_autoencoder False --use_committee False
工作目录: /root/DecisionSupportSystem-FedACT/system

[GPU] 使用环境变量指定的GPU: CUDA_VISIBLE_DEVICES=1
============================================================
实验配置:
============================================================
  goal: test
  device: cuda
  device_id: 0
  dataset: Uci
  heterogeneity: label_skew
  model: auto
  num_classes: 2
  batch_size: 64
  local_learning_rate: 0.01
  global_rounds: 100
  local_epochs: 5
  algorithm: FedAvg
  num_clients: 10
  join_ratio: 1.0
  random_join_ratio: False
  prev: 0
  times: 1
  eval_gap: 10
  save_folder_name: results
  learning_rate_decay: False
  learning_rate_decay_gamma: 0.99
  few_shot: 0
  time_select: False
  time_threthold: 10000
  top_cnt: 100
  auto_break: False
  client_drop_rate: 0.0
  train_slow_rate: 0.0
  send_slow_rate: 0.0
  dlg_eval: False
  dlg_gap: 100
  batch_num_per_client: 2
  num_new_clients: 0
  fine_tuning_epoch_new: 0
  mu: 0.01
  beta: 0.0
  lamda: 1.0
  tau: 1.0
  plocal_epochs: 1
  server_learning_rate: 1.0
  enable_attack: True
  attack_mode: alie
  malicious_ratio: 0.3
  attack_scale: 3.0
  defense_mode: krum
  use_autoencoder: False
  autoencoder_latent_dim: 64
  autoencoder_epochs: 20
  committee_size: 5
  vote_threshold: 0.5
  anomaly_threshold: 0.5
  anomaly_lower_coef: 0.7
  anomaly_upper_coef: 1.5
  use_committee: False
  tlbo_iterations: 10
  use_tlbo: False
  use_merkle: True
  use_incentive: True
============================================================

============= 第 1 次实验 =============
正在初始化服务器和客户端...
数据集: Uci, 特征维度: 23
模型参数量: 189,330

Join ratio / total clients: 1.0 / 10
Finished creating server and clients.

-------------Round number: 0-------------

Evaluate global model
Averaged Train Loss: 0.6905
Averaged Test Accuracy: 0.5856
Averaged Test AUC: 0.5178
Averaged Test Precision: 0.6416
Averaged Test Recall: 0.5856
Averaged Test F1-Score: 0.5989
Std Test Accuracy: 0.1062
Std Test AUC: 0.0476
------------------------- time cost ------------------------- 7.659502029418945
------------------------- time cost ------------------------- 6.098295211791992
------------------------- time cost ------------------------- 6.219202280044556
------------------------- time cost ------------------------- 6.259138345718384
------------------------- time cost ------------------------- 6.367772579193115
------------------------- time cost ------------------------- 6.249685764312744
------------------------- time cost ------------------------- 6.312911510467529
------------------------- time cost ------------------------- 6.274760484695435
------------------------- time cost ------------------------- 6.325235605239868
------------------------- time cost ------------------------- 6.2385313510894775

-------------Round number: 10-------------

Evaluate global model
Averaged Train Loss: 0.4960
Averaged Test Accuracy: 0.7416
Averaged Test AUC: 0.7422
Averaged Test Precision: 0.7267
Averaged Test Recall: 0.7416
Averaged Test F1-Score: 0.6501
Std Test Accuracy: 0.1014
Std Test AUC: 0.0622
------------------------- time cost ------------------------- 7.457341909408569
------------------------- time cost ------------------------- 6.166824817657471
------------------------- time cost ------------------------- 6.191498279571533
------------------------- time cost ------------------------- 6.311450242996216
------------------------- time cost ------------------------- 6.049438953399658
------------------------- time cost ------------------------- 6.261902332305908
------------------------- time cost ------------------------- 6.2960546016693115
------------------------- time cost ------------------------- 6.20249080657959
------------------------- time cost ------------------------- 6.179704427719116
------------------------- time cost ------------------------- 6.30500054359436

-------------Round number: 20-------------

Evaluate global model
Averaged Train Loss: 0.4768
Averaged Test Accuracy: 0.7741
Averaged Test AUC: 0.7547
Averaged Test Precision: 0.7746
Averaged Test Recall: 0.7741
Averaged Test F1-Score: 0.7337
Std Test Accuracy: 0.0844
Std Test AUC: 0.0605
------------------------- time cost ------------------------- 7.384500741958618
------------------------- time cost ------------------------- 6.248121023178101
------------------------- time cost ------------------------- 6.1700358390808105
------------------------- time cost ------------------------- 6.228052616119385
------------------------- time cost ------------------------- 6.19257378578186
------------------------- time cost ------------------------- 6.358180284500122
------------------------- time cost ------------------------- 6.282723903656006
------------------------- time cost ------------------------- 6.182631969451904
------------------------- time cost ------------------------- 6.310935735702515
------------------------- time cost ------------------------- 6.167710304260254

-------------Round number: 30-------------

Evaluate global model
Averaged Train Loss: 0.4722
Averaged Test Accuracy: 0.7769
Averaged Test AUC: 0.7609
Averaged Test Precision: 0.7760
Averaged Test Recall: 0.7769
Averaged Test F1-Score: 0.7417
Std Test Accuracy: 0.0834
Std Test AUC: 0.0594
------------------------- time cost ------------------------- 7.388782262802124
------------------------- time cost ------------------------- 6.186697483062744
------------------------- time cost ------------------------- 6.182309627532959
------------------------- time cost ------------------------- 6.2346556186676025
------------------------- time cost ------------------------- 6.313333511352539
------------------------- time cost ------------------------- 6.300225019454956
------------------------- time cost ------------------------- 6.392841577529907
------------------------- time cost ------------------------- 6.273275375366211
------------------------- time cost ------------------------- 6.381788969039917
------------------------- time cost ------------------------- 6.2568511962890625

-------------Round number: 40-------------

Evaluate global model
Averaged Train Loss: 0.4693
Averaged Test Accuracy: 0.7824
Averaged Test AUC: 0.7649
Averaged Test Precision: 0.7767
Averaged Test Recall: 0.7824
Averaged Test F1-Score: 0.7530
Std Test Accuracy: 0.0740
Std Test AUC: 0.0584
------------------------- time cost ------------------------- 7.216730833053589
------------------------- time cost ------------------------- 6.231590509414673
------------------------- time cost ------------------------- 6.168098211288452
------------------------- time cost ------------------------- 6.264474630355835
------------------------- time cost ------------------------- 6.246420860290527
------------------------- time cost ------------------------- 6.250949144363403
------------------------- time cost ------------------------- 6.399043321609497
------------------------- time cost ------------------------- 6.16881799697876
------------------------- time cost ------------------------- 6.311821699142456
------------------------- time cost ------------------------- 6.275963544845581

-------------Round number: 50-------------

Evaluate global model
Averaged Train Loss: 0.4698
Averaged Test Accuracy: 0.7816
Averaged Test AUC: 0.7672
Averaged Test Precision: 0.7771
Averaged Test Recall: 0.7816
Averaged Test F1-Score: 0.7537
Std Test Accuracy: 0.0741
Std Test AUC: 0.0566
------------------------- time cost ------------------------- 7.374234199523926
------------------------- time cost ------------------------- 6.134816646575928
------------------------- time cost ------------------------- 6.335763216018677
------------------------- time cost ------------------------- 6.280578851699829
------------------------- time cost ------------------------- 6.317270278930664
------------------------- time cost ------------------------- 6.231560707092285
------------------------- time cost ------------------------- 6.262209892272949
------------------------- time cost ------------------------- 6.422971725463867
------------------------- time cost ------------------------- 6.186816692352295
------------------------- time cost ------------------------- 6.276707649230957

-------------Round number: 60-------------

Evaluate global model
Averaged Train Loss: 0.4689
Averaged Test Accuracy: 0.7797
Averaged Test AUC: 0.7689
Averaged Test Precision: 0.7760
Averaged Test Recall: 0.7797
Averaged Test F1-Score: 0.7504
Std Test Accuracy: 0.0760
Std Test AUC: 0.0559
------------------------- time cost ------------------------- 7.272357940673828
------------------------- time cost ------------------------- 6.370433568954468
------------------------- time cost ------------------------- 6.204285383224487
------------------------- time cost ------------------------- 6.293085098266602
------------------------- time cost ------------------------- 6.066817998886108
------------------------- time cost ------------------------- 6.220985412597656
------------------------- time cost ------------------------- 6.215961217880249
------------------------- time cost ------------------------- 6.419410943984985
------------------------- time cost ------------------------- 6.121884107589722
------------------------- time cost ------------------------- 6.161903142929077

-------------Round number: 70-------------

Evaluate global model
Averaged Train Loss: 0.4691
Averaged Test Accuracy: 0.7805
Averaged Test AUC: 0.7699
Averaged Test Precision: 0.7760
Averaged Test Recall: 0.7805
Averaged Test F1-Score: 0.7538
Std Test Accuracy: 0.0736
Std Test AUC: 0.0549
------------------------- time cost ------------------------- 7.296306133270264
------------------------- time cost ------------------------- 6.264462471008301
------------------------- time cost ------------------------- 6.268254280090332
------------------------- time cost ------------------------- 6.237668752670288
------------------------- time cost ------------------------- 6.30510401725769
------------------------- time cost ------------------------- 6.1411778926849365
------------------------- time cost ------------------------- 6.324564218521118
------------------------- time cost ------------------------- 6.076240301132202
------------------------- time cost ------------------------- 6.445927143096924
------------------------- time cost ------------------------- 6.204752683639526

-------------Round number: 80-------------

Evaluate global model
Averaged Train Loss: 0.4688
Averaged Test Accuracy: 0.7819
Averaged Test AUC: 0.7709
Averaged Test Precision: 0.7793
Averaged Test Recall: 0.7819
Averaged Test F1-Score: 0.7537
Std Test Accuracy: 0.0745
Std Test AUC: 0.0545
------------------------- time cost ------------------------- 7.241147041320801
------------------------- time cost ------------------------- 6.237337112426758
------------------------- time cost ------------------------- 6.281456470489502
------------------------- time cost ------------------------- 6.202801704406738
------------------------- time cost ------------------------- 6.266002655029297
------------------------- time cost ------------------------- 6.313504695892334
------------------------- time cost ------------------------- 6.256376028060913
------------------------- time cost ------------------------- 6.383713722229004
------------------------- time cost ------------------------- 6.469019651412964
------------------------- time cost ------------------------- 6.18086314201355

-------------Round number: 90-------------

Evaluate global model
Averaged Train Loss: 0.4665
Averaged Test Accuracy: 0.7837
Averaged Test AUC: 0.7724
Averaged Test Precision: 0.7791
Averaged Test Recall: 0.7837
Averaged Test F1-Score: 0.7594
Std Test Accuracy: 0.0694
Std Test AUC: 0.0528
------------------------- time cost ------------------------- 7.292775630950928
------------------------- time cost ------------------------- 6.2340850830078125
------------------------- time cost ------------------------- 6.1773388385772705
------------------------- time cost ------------------------- 6.230413436889648
------------------------- time cost ------------------------- 6.038212537765503
------------------------- time cost ------------------------- 5.775823354721069
------------------------- time cost ------------------------- 5.7488086223602295
------------------------- time cost ------------------------- 5.963241100311279
------------------------- time cost ------------------------- 5.431113243103027
------------------------- time cost ------------------------- 6.200500011444092

-------------Round number: 100-------------

Evaluate global model
Averaged Train Loss: 0.4660
Averaged Test Accuracy: 0.7833
Averaged Test AUC: 0.7729
Averaged Test Precision: 0.7798
Averaged Test Recall: 0.7833
Averaged Test F1-Score: 0.7567
Std Test Accuracy: 0.0727
Std Test AUC: 0.0528
------------------------- time cost ------------------------- 6.714829683303833

Best accuracy.
0.7837333333333333

Average time cost per round.
6.331112539768219
File path: results/Uci_FedAvg_test/Uci_FedAvg_test_0.h5
Training process CSV file path: results/Uci_FedAvg_test/Uci_FedAvg_test_0_training_process.csv
Training process data saved to: results/Uci_FedAvg_test/Uci_FedAvg_test_0_training_process.csv

平均训练时间: 642.16秒
