实验: Uci_label_skew_gaussian_Krum_run1
物理GPU ID: 2
CUDA_VISIBLE_DEVICES: 2
时间: 2026-01-24 21:48:23
命令: /miniconda3/bin/python flcore/main.py -data Uci -algo FedAvg -nc 10 -gr 100 -ls 5 -lbs 64 -lr 0.01 -eg 10 -t 1 --heterogeneity label_skew --enable_attack True --attack_mode gaussian --malicious_ratio 0.3 --defense_mode krum --use_tlbo False --tlbo_iterations 10 --use_autoencoder False --use_committee False
工作目录: /root/DecisionSupportSystem-FedACT/system

[GPU] 使用环境变量指定的GPU: CUDA_VISIBLE_DEVICES=2
============================================================
实验配置:
============================================================
  goal: test
  device: cuda
  device_id: 0
  dataset: Uci
  heterogeneity: label_skew
  model: auto
  num_classes: 2
  batch_size: 64
  local_learning_rate: 0.01
  global_rounds: 100
  local_epochs: 5
  algorithm: FedAvg
  num_clients: 10
  join_ratio: 1.0
  random_join_ratio: False
  prev: 0
  times: 1
  eval_gap: 10
  save_folder_name: results
  learning_rate_decay: False
  learning_rate_decay_gamma: 0.99
  few_shot: 0
  time_select: False
  time_threthold: 10000
  top_cnt: 100
  auto_break: False
  client_drop_rate: 0.0
  train_slow_rate: 0.0
  send_slow_rate: 0.0
  dlg_eval: False
  dlg_gap: 100
  batch_num_per_client: 2
  num_new_clients: 0
  fine_tuning_epoch_new: 0
  mu: 0.01
  beta: 0.0
  lamda: 1.0
  tau: 1.0
  plocal_epochs: 1
  server_learning_rate: 1.0
  enable_attack: True
  attack_mode: gaussian
  malicious_ratio: 0.3
  attack_scale: 3.0
  defense_mode: krum
  use_autoencoder: False
  autoencoder_latent_dim: 64
  autoencoder_epochs: 20
  committee_size: 5
  vote_threshold: 0.5
  anomaly_threshold: 0.5
  anomaly_lower_coef: 0.7
  anomaly_upper_coef: 1.5
  use_committee: False
  tlbo_iterations: 10
  use_tlbo: False
  use_merkle: True
  use_incentive: True
============================================================

============= 第 1 次实验 =============
正在初始化服务器和客户端...
数据集: Uci, 特征维度: 23
模型参数量: 189,330

Join ratio / total clients: 1.0 / 10
Finished creating server and clients.

-------------Round number: 0-------------

Evaluate global model
Averaged Train Loss: 0.6905
Averaged Test Accuracy: 0.5856
Averaged Test AUC: 0.5178
Averaged Test Precision: 0.6416
Averaged Test Recall: 0.5856
Averaged Test F1-Score: 0.5989
Std Test Accuracy: 0.1062
Std Test AUC: 0.0476
------------------------- time cost ------------------------- 7.917389154434204
------------------------- time cost ------------------------- 6.569810390472412
------------------------- time cost ------------------------- 6.776029109954834
------------------------- time cost ------------------------- 6.17069935798645
------------------------- time cost ------------------------- 6.585419654846191
------------------------- time cost ------------------------- 6.403476715087891
------------------------- time cost ------------------------- 6.40895938873291
------------------------- time cost ------------------------- 6.320287704467773
------------------------- time cost ------------------------- 6.320742607116699
------------------------- time cost ------------------------- 6.340184926986694

-------------Round number: 10-------------

Evaluate global model
Averaged Train Loss: 0.4950
Averaged Test Accuracy: 0.7417
Averaged Test AUC: 0.7406
Averaged Test Precision: 0.7267
Averaged Test Recall: 0.7417
Averaged Test F1-Score: 0.6504
Std Test Accuracy: 0.1007
Std Test AUC: 0.0618
------------------------- time cost ------------------------- 7.4944751262664795
------------------------- time cost ------------------------- 6.429137706756592
------------------------- time cost ------------------------- 6.392989158630371
------------------------- time cost ------------------------- 6.48420524597168
------------------------- time cost ------------------------- 6.335355281829834
------------------------- time cost ------------------------- 6.525408983230591
------------------------- time cost ------------------------- 6.352758884429932
------------------------- time cost ------------------------- 6.420199155807495
------------------------- time cost ------------------------- 6.264981031417847
------------------------- time cost ------------------------- 6.523524761199951

-------------Round number: 20-------------

Evaluate global model
Averaged Train Loss: 0.4764
Averaged Test Accuracy: 0.7776
Averaged Test AUC: 0.7546
Averaged Test Precision: 0.7764
Averaged Test Recall: 0.7776
Averaged Test F1-Score: 0.7412
Std Test Accuracy: 0.0834
Std Test AUC: 0.0610
------------------------- time cost ------------------------- 7.39752984046936
------------------------- time cost ------------------------- 6.372954845428467
------------------------- time cost ------------------------- 6.417422533035278
------------------------- time cost ------------------------- 6.301127672195435
------------------------- time cost ------------------------- 6.479760408401489
------------------------- time cost ------------------------- 6.457562685012817
------------------------- time cost ------------------------- 6.377286911010742
------------------------- time cost ------------------------- 6.396361827850342
------------------------- time cost ------------------------- 6.408934831619263
------------------------- time cost ------------------------- 6.372867584228516

-------------Round number: 30-------------

Evaluate global model
Averaged Train Loss: 0.4719
Averaged Test Accuracy: 0.7792
Averaged Test AUC: 0.7605
Averaged Test Precision: 0.7745
Averaged Test Recall: 0.7792
Averaged Test F1-Score: 0.7481
Std Test Accuracy: 0.0771
Std Test AUC: 0.0605
------------------------- time cost ------------------------- 7.4583916664123535
------------------------- time cost ------------------------- 6.407232761383057
------------------------- time cost ------------------------- 6.388728380203247
------------------------- time cost ------------------------- 6.38140082359314
------------------------- time cost ------------------------- 6.333407640457153
------------------------- time cost ------------------------- 6.415716171264648
------------------------- time cost ------------------------- 6.435266971588135
------------------------- time cost ------------------------- 6.350877285003662
------------------------- time cost ------------------------- 6.355121612548828
------------------------- time cost ------------------------- 6.372478246688843

-------------Round number: 40-------------

Evaluate global model
Averaged Train Loss: 0.4695
Averaged Test Accuracy: 0.7804
Averaged Test AUC: 0.7651
Averaged Test Precision: 0.7773
Averaged Test Recall: 0.7804
Averaged Test F1-Score: 0.7497
Std Test Accuracy: 0.0770
Std Test AUC: 0.0581
------------------------- time cost ------------------------- 7.4226133823394775
------------------------- time cost ------------------------- 6.449199676513672
------------------------- time cost ------------------------- 6.395503282546997
------------------------- time cost ------------------------- 6.365050554275513
------------------------- time cost ------------------------- 6.3239336013793945
------------------------- time cost ------------------------- 6.407328367233276
------------------------- time cost ------------------------- 6.640524387359619
------------------------- time cost ------------------------- 6.4058167934417725
------------------------- time cost ------------------------- 6.450464487075806
------------------------- time cost ------------------------- 6.284493684768677

-------------Round number: 50-------------

Evaluate global model
Averaged Train Loss: 0.4687
Averaged Test Accuracy: 0.7819
Averaged Test AUC: 0.7671
Averaged Test Precision: 0.7761
Averaged Test Recall: 0.7819
Averaged Test F1-Score: 0.7538
Std Test Accuracy: 0.0733
Std Test AUC: 0.0561
------------------------- time cost ------------------------- 7.458965063095093
------------------------- time cost ------------------------- 6.4509313106536865
------------------------- time cost ------------------------- 6.3940229415893555
------------------------- time cost ------------------------- 6.573968172073364
------------------------- time cost ------------------------- 6.333010673522949
------------------------- time cost ------------------------- 6.338374376296997
------------------------- time cost ------------------------- 6.354014158248901
------------------------- time cost ------------------------- 6.571300983428955
------------------------- time cost ------------------------- 6.519793272018433
------------------------- time cost ------------------------- 6.354272127151489

-------------Round number: 60-------------

Evaluate global model
Averaged Train Loss: 0.4697
Averaged Test Accuracy: 0.7809
Averaged Test AUC: 0.7683
Averaged Test Precision: 0.7768
Averaged Test Recall: 0.7809
Averaged Test F1-Score: 0.7524
Std Test Accuracy: 0.0735
Std Test AUC: 0.0558
------------------------- time cost ------------------------- 7.437302350997925
------------------------- time cost ------------------------- 6.438507080078125
------------------------- time cost ------------------------- 6.435655355453491
------------------------- time cost ------------------------- 6.376111745834351
------------------------- time cost ------------------------- 6.4179441928863525
------------------------- time cost ------------------------- 6.31408429145813
------------------------- time cost ------------------------- 6.372888565063477
------------------------- time cost ------------------------- 6.496065139770508
------------------------- time cost ------------------------- 6.415241718292236
------------------------- time cost ------------------------- 6.384034156799316

-------------Round number: 70-------------

Evaluate global model
Averaged Train Loss: 0.4661
Averaged Test Accuracy: 0.7881
Averaged Test AUC: 0.7699
Averaged Test Precision: 0.7804
Averaged Test Recall: 0.7881
Averaged Test F1-Score: 0.7651
Std Test Accuracy: 0.0661
Std Test AUC: 0.0550
------------------------- time cost ------------------------- 7.358372926712036
------------------------- time cost ------------------------- 6.627060174942017
------------------------- time cost ------------------------- 6.388864278793335
------------------------- time cost ------------------------- 6.454012870788574
------------------------- time cost ------------------------- 6.394414186477661
------------------------- time cost ------------------------- 6.215522050857544
------------------------- time cost ------------------------- 6.35736346244812
------------------------- time cost ------------------------- 6.405533313751221
------------------------- time cost ------------------------- 6.563236474990845
------------------------- time cost ------------------------- 6.417792797088623

-------------Round number: 80-------------

Evaluate global model
Averaged Train Loss: 0.4678
Averaged Test Accuracy: 0.7812
Averaged Test AUC: 0.7709
Averaged Test Precision: 0.7777
Averaged Test Recall: 0.7812
Averaged Test F1-Score: 0.7532
Std Test Accuracy: 0.0740
Std Test AUC: 0.0545
------------------------- time cost ------------------------- 7.431701183319092
------------------------- time cost ------------------------- 6.5399720668792725
------------------------- time cost ------------------------- 6.575009346008301
------------------------- time cost ------------------------- 6.302432298660278
------------------------- time cost ------------------------- 6.38417911529541
------------------------- time cost ------------------------- 6.2578065395355225
------------------------- time cost ------------------------- 6.43534517288208
------------------------- time cost ------------------------- 6.478760004043579
------------------------- time cost ------------------------- 6.6391518115997314
------------------------- time cost ------------------------- 6.517713785171509

-------------Round number: 90-------------

Evaluate global model
Averaged Train Loss: 0.4658
Averaged Test Accuracy: 0.7885
Averaged Test AUC: 0.7720
Averaged Test Precision: 0.7814
Averaged Test Recall: 0.7885
Averaged Test F1-Score: 0.7666
Std Test Accuracy: 0.0641
Std Test AUC: 0.0529
------------------------- time cost ------------------------- 7.353931427001953
------------------------- time cost ------------------------- 6.579735517501831
------------------------- time cost ------------------------- 6.417391300201416
------------------------- time cost ------------------------- 6.420234441757202
------------------------- time cost ------------------------- 6.462827444076538
------------------------- time cost ------------------------- 6.440983295440674
------------------------- time cost ------------------------- 6.518267631530762
------------------------- time cost ------------------------- 6.238424301147461
------------------------- time cost ------------------------- 6.100852727890015
------------------------- time cost ------------------------- 6.754535675048828

-------------Round number: 100-------------

Evaluate global model
Averaged Train Loss: 0.4665
Averaged Test Accuracy: 0.7793
Averaged Test AUC: 0.7731
Averaged Test Precision: 0.7778
Averaged Test Recall: 0.7793
Averaged Test F1-Score: 0.7488
Std Test Accuracy: 0.0788
Std Test AUC: 0.0524
------------------------- time cost ------------------------- 8.130420923233032

Best accuracy.
0.7885333333333333

Average time cost per round.
6.527423403263092
File path: results/Uci_FedAvg_test/Uci_FedAvg_test_0.h5
Training process CSV file path: results/Uci_FedAvg_test/Uci_FedAvg_test_0_training_process.csv
Training process data saved to: results/Uci_FedAvg_test/Uci_FedAvg_test_0_training_process.csv

平均训练时间: 662.03秒
