实验: Uci_feature_skew_free_rider_MultiKrum_run1
物理GPU ID: 2
CUDA_VISIBLE_DEVICES: 2
时间: 2026-01-25 00:10:52
命令: /miniconda3/bin/python flcore/main.py -data Uci -algo FedAvg -nc 10 -gr 100 -ls 5 -lbs 64 -lr 0.01 -eg 10 -t 1 --heterogeneity feature_skew --enable_attack True --attack_mode free_rider --malicious_ratio 0.3 --defense_mode multi_krum --use_tlbo False --tlbo_iterations 10 --use_autoencoder False --use_committee False
工作目录: /root/DecisionSupportSystem-FedACT/system

[GPU] 使用环境变量指定的GPU: CUDA_VISIBLE_DEVICES=2
============================================================
实验配置:
============================================================
  goal: test
  device: cuda
  device_id: 0
  dataset: Uci
  heterogeneity: feature_skew
  model: auto
  num_classes: 2
  batch_size: 64
  local_learning_rate: 0.01
  global_rounds: 100
  local_epochs: 5
  algorithm: FedAvg
  num_clients: 10
  join_ratio: 1.0
  random_join_ratio: False
  prev: 0
  times: 1
  eval_gap: 10
  save_folder_name: results
  learning_rate_decay: False
  learning_rate_decay_gamma: 0.99
  few_shot: 0
  time_select: False
  time_threthold: 10000
  top_cnt: 100
  auto_break: False
  client_drop_rate: 0.0
  train_slow_rate: 0.0
  send_slow_rate: 0.0
  dlg_eval: False
  dlg_gap: 100
  batch_num_per_client: 2
  num_new_clients: 0
  fine_tuning_epoch_new: 0
  mu: 0.01
  beta: 0.0
  lamda: 1.0
  tau: 1.0
  plocal_epochs: 1
  server_learning_rate: 1.0
  enable_attack: True
  attack_mode: free_rider
  malicious_ratio: 0.3
  attack_scale: 3.0
  defense_mode: multi_krum
  use_autoencoder: False
  autoencoder_latent_dim: 64
  autoencoder_epochs: 20
  committee_size: 5
  vote_threshold: 0.5
  anomaly_threshold: 0.5
  anomaly_lower_coef: 0.7
  anomaly_upper_coef: 1.5
  use_committee: False
  tlbo_iterations: 10
  use_tlbo: False
  use_merkle: True
  use_incentive: True
============================================================

============= 第 1 次实验 =============
正在初始化服务器和客户端...
数据集: Uci, 特征维度: 23
模型参数量: 189,330

Join ratio / total clients: 1.0 / 10
Finished creating server and clients.

-------------Round number: 0-------------

Evaluate global model
Averaged Train Loss: 0.6905
Averaged Test Accuracy: 0.5856
Averaged Test AUC: 0.5178
Averaged Test Precision: 0.6416
Averaged Test Recall: 0.5856
Averaged Test F1-Score: 0.5989
Std Test Accuracy: 0.1062
Std Test AUC: 0.0476
------------------------- time cost ------------------------- 7.908199071884155
------------------------- time cost ------------------------- 6.59085488319397
------------------------- time cost ------------------------- 6.317058801651001
------------------------- time cost ------------------------- 6.276465892791748
------------------------- time cost ------------------------- 6.518246412277222
------------------------- time cost ------------------------- 6.383842706680298
------------------------- time cost ------------------------- 6.362991094589233
------------------------- time cost ------------------------- 6.35918664932251
------------------------- time cost ------------------------- 6.3332507610321045
------------------------- time cost ------------------------- 6.555458068847656

-------------Round number: 10-------------

Evaluate global model
Averaged Train Loss: 0.4965
Averaged Test Accuracy: 0.7412
Averaged Test AUC: 0.7422
Averaged Test Precision: 0.7255
Averaged Test Recall: 0.7412
Averaged Test F1-Score: 0.6487
Std Test Accuracy: 0.1017
Std Test AUC: 0.0620
------------------------- time cost ------------------------- 7.348682165145874
------------------------- time cost ------------------------- 6.538313388824463
------------------------- time cost ------------------------- 6.317413330078125
------------------------- time cost ------------------------- 6.466500997543335
------------------------- time cost ------------------------- 6.3908374309539795
------------------------- time cost ------------------------- 6.619989633560181
------------------------- time cost ------------------------- 6.36873722076416
------------------------- time cost ------------------------- 6.331678867340088
------------------------- time cost ------------------------- 6.423969984054565
------------------------- time cost ------------------------- 6.4169580936431885

-------------Round number: 20-------------

Evaluate global model
Averaged Train Loss: 0.4760
Averaged Test Accuracy: 0.7749
Averaged Test AUC: 0.7554
Averaged Test Precision: 0.7765
Averaged Test Recall: 0.7749
Averaged Test F1-Score: 0.7352
Std Test Accuracy: 0.0867
Std Test AUC: 0.0611
------------------------- time cost ------------------------- 7.328889608383179
------------------------- time cost ------------------------- 6.3634772300720215
------------------------- time cost ------------------------- 6.443124532699585
------------------------- time cost ------------------------- 6.3583924770355225
------------------------- time cost ------------------------- 6.483904838562012
------------------------- time cost ------------------------- 6.609971046447754
------------------------- time cost ------------------------- 6.288331508636475
------------------------- time cost ------------------------- 6.415738582611084
------------------------- time cost ------------------------- 6.381523370742798
------------------------- time cost ------------------------- 6.371554136276245

-------------Round number: 30-------------

Evaluate global model
Averaged Train Loss: 0.4716
Averaged Test Accuracy: 0.7779
Averaged Test AUC: 0.7613
Averaged Test Precision: 0.7743
Averaged Test Recall: 0.7779
Averaged Test F1-Score: 0.7455
Std Test Accuracy: 0.0790
Std Test AUC: 0.0599
------------------------- time cost ------------------------- 7.423974275588989
------------------------- time cost ------------------------- 6.489422082901001
------------------------- time cost ------------------------- 6.363110780715942
------------------------- time cost ------------------------- 6.47920560836792
------------------------- time cost ------------------------- 6.4299633502960205
------------------------- time cost ------------------------- 6.516888618469238
------------------------- time cost ------------------------- 6.4126877784729
------------------------- time cost ------------------------- 6.389014005661011
------------------------- time cost ------------------------- 6.382343292236328
------------------------- time cost ------------------------- 6.427239894866943

-------------Round number: 40-------------

Evaluate global model
Averaged Train Loss: 0.4703
Averaged Test Accuracy: 0.7764
Averaged Test AUC: 0.7651
Averaged Test Precision: 0.7733
Averaged Test Recall: 0.7764
Averaged Test F1-Score: 0.7435
Std Test Accuracy: 0.0795
Std Test AUC: 0.0583
------------------------- time cost ------------------------- 7.40848445892334
------------------------- time cost ------------------------- 6.415825843811035
------------------------- time cost ------------------------- 6.269909620285034
------------------------- time cost ------------------------- 6.364322185516357
------------------------- time cost ------------------------- 6.553857088088989
------------------------- time cost ------------------------- 6.423077583312988
------------------------- time cost ------------------------- 6.587287902832031
------------------------- time cost ------------------------- 6.393040895462036
------------------------- time cost ------------------------- 6.329860687255859
------------------------- time cost ------------------------- 6.392720937728882

-------------Round number: 50-------------

Evaluate global model
Averaged Train Loss: 0.4686
Averaged Test Accuracy: 0.7795
Averaged Test AUC: 0.7680
Averaged Test Precision: 0.7763
Averaged Test Recall: 0.7795
Averaged Test F1-Score: 0.7479
Std Test Accuracy: 0.0779
Std Test AUC: 0.0560
------------------------- time cost ------------------------- 7.425446033477783
------------------------- time cost ------------------------- 6.362011909484863
------------------------- time cost ------------------------- 6.300274610519409
------------------------- time cost ------------------------- 6.389217853546143
------------------------- time cost ------------------------- 6.487622499465942
------------------------- time cost ------------------------- 6.411304712295532
------------------------- time cost ------------------------- 6.26519513130188
------------------------- time cost ------------------------- 6.5324866771698
------------------------- time cost ------------------------- 6.318449020385742
------------------------- time cost ------------------------- 6.356012582778931

-------------Round number: 60-------------

Evaluate global model
Averaged Train Loss: 0.4670
Averaged Test Accuracy: 0.7849
Averaged Test AUC: 0.7694
Averaged Test Precision: 0.7798
Averaged Test Recall: 0.7849
Averaged Test F1-Score: 0.7574
Std Test Accuracy: 0.0701
Std Test AUC: 0.0545
------------------------- time cost ------------------------- 7.463835716247559
------------------------- time cost ------------------------- 6.360088109970093
------------------------- time cost ------------------------- 6.169568061828613
------------------------- time cost ------------------------- 6.336587905883789
------------------------- time cost ------------------------- 6.39014196395874
------------------------- time cost ------------------------- 6.352450609207153
------------------------- time cost ------------------------- 6.214178800582886
------------------------- time cost ------------------------- 6.539757013320923
------------------------- time cost ------------------------- 6.309797286987305
------------------------- time cost ------------------------- 6.27299952507019

-------------Round number: 70-------------

Evaluate global model
Averaged Train Loss: 0.4683
Averaged Test Accuracy: 0.7812
Averaged Test AUC: 0.7707
Averaged Test Precision: 0.7778
Averaged Test Recall: 0.7812
Averaged Test F1-Score: 0.7522
Std Test Accuracy: 0.0742
Std Test AUC: 0.0541
------------------------- time cost ------------------------- 7.3790788650512695
------------------------- time cost ------------------------- 6.294715166091919
------------------------- time cost ------------------------- 6.322085380554199
------------------------- time cost ------------------------- 6.364688158035278
------------------------- time cost ------------------------- 6.2772204875946045
------------------------- time cost ------------------------- 6.265063762664795
------------------------- time cost ------------------------- 6.28641414642334
------------------------- time cost ------------------------- 6.304871082305908
------------------------- time cost ------------------------- 6.519754648208618
------------------------- time cost ------------------------- 6.386271715164185

-------------Round number: 80-------------

Evaluate global model
Averaged Train Loss: 0.4676
Averaged Test Accuracy: 0.7823
Averaged Test AUC: 0.7717
Averaged Test Precision: 0.7784
Averaged Test Recall: 0.7823
Averaged Test F1-Score: 0.7547
Std Test Accuracy: 0.0732
Std Test AUC: 0.0528
------------------------- time cost ------------------------- 7.474923372268677
------------------------- time cost ------------------------- 6.438880681991577
------------------------- time cost ------------------------- 6.337422847747803
------------------------- time cost ------------------------- 6.457721948623657
------------------------- time cost ------------------------- 6.316618919372559
------------------------- time cost ------------------------- 6.51144814491272
------------------------- time cost ------------------------- 6.304945707321167
------------------------- time cost ------------------------- 6.564500331878662
------------------------- time cost ------------------------- 6.588054895401001
------------------------- time cost ------------------------- 6.373660087585449

-------------Round number: 90-------------

Evaluate global model
Averaged Train Loss: 0.4674
Averaged Test Accuracy: 0.7808
Averaged Test AUC: 0.7722
Averaged Test Precision: 0.7778
Averaged Test Recall: 0.7808
Averaged Test F1-Score: 0.7530
Std Test Accuracy: 0.0740
Std Test AUC: 0.0531
------------------------- time cost ------------------------- 7.527783155441284
------------------------- time cost ------------------------- 6.394178628921509
------------------------- time cost ------------------------- 6.53158712387085
------------------------- time cost ------------------------- 6.433957099914551
------------------------- time cost ------------------------- 6.1298511028289795
------------------------- time cost ------------------------- 6.127977132797241
------------------------- time cost ------------------------- 5.853365659713745
------------------------- time cost ------------------------- 6.145738363265991
------------------------- time cost ------------------------- 6.543781042098999
------------------------- time cost ------------------------- 6.8032121658325195

-------------Round number: 100-------------

Evaluate global model
Averaged Train Loss: 0.4638
Averaged Test Accuracy: 0.7881
Averaged Test AUC: 0.7731
Averaged Test Precision: 0.7814
Averaged Test Recall: 0.7881
Averaged Test F1-Score: 0.7660
Std Test Accuracy: 0.0651
Std Test AUC: 0.0523
------------------------- time cost ------------------------- 7.7873358726501465

Best accuracy.
0.7881333333333334

Average time cost per round.
6.497221143245697
File path: results/Uci_FedAvg_test/Uci_FedAvg_test_0.h5
Training process CSV file path: results/Uci_FedAvg_test/Uci_FedAvg_test_0_training_process.csv
Training process data saved to: results/Uci_FedAvg_test/Uci_FedAvg_test_0_training_process.csv

平均训练时间: 658.99秒
