实验: Uci_quantity_skew_gaussian_TrimmedMean_run1
物理GPU ID: 2
CUDA_VISIBLE_DEVICES: 2
时间: 2026-01-24 22:42:48
命令: /miniconda3/bin/python flcore/main.py -data Uci -algo FedAvg -nc 10 -gr 100 -ls 5 -lbs 64 -lr 0.01 -eg 10 -t 1 --heterogeneity quantity_skew --enable_attack True --attack_mode gaussian --malicious_ratio 0.3 --defense_mode trimmed_mean --use_tlbo False --tlbo_iterations 10 --use_autoencoder False --use_committee False
工作目录: /root/DecisionSupportSystem-FedACT/system

[GPU] 使用环境变量指定的GPU: CUDA_VISIBLE_DEVICES=2
============================================================
实验配置:
============================================================
  goal: test
  device: cuda
  device_id: 0
  dataset: Uci
  heterogeneity: quantity_skew
  model: auto
  num_classes: 2
  batch_size: 64
  local_learning_rate: 0.01
  global_rounds: 100
  local_epochs: 5
  algorithm: FedAvg
  num_clients: 10
  join_ratio: 1.0
  random_join_ratio: False
  prev: 0
  times: 1
  eval_gap: 10
  save_folder_name: results
  learning_rate_decay: False
  learning_rate_decay_gamma: 0.99
  few_shot: 0
  time_select: False
  time_threthold: 10000
  top_cnt: 100
  auto_break: False
  client_drop_rate: 0.0
  train_slow_rate: 0.0
  send_slow_rate: 0.0
  dlg_eval: False
  dlg_gap: 100
  batch_num_per_client: 2
  num_new_clients: 0
  fine_tuning_epoch_new: 0
  mu: 0.01
  beta: 0.0
  lamda: 1.0
  tau: 1.0
  plocal_epochs: 1
  server_learning_rate: 1.0
  enable_attack: True
  attack_mode: gaussian
  malicious_ratio: 0.3
  attack_scale: 3.0
  defense_mode: trimmed_mean
  use_autoencoder: False
  autoencoder_latent_dim: 64
  autoencoder_epochs: 20
  committee_size: 5
  vote_threshold: 0.5
  anomaly_threshold: 0.5
  anomaly_lower_coef: 0.7
  anomaly_upper_coef: 1.5
  use_committee: False
  tlbo_iterations: 10
  use_tlbo: False
  use_merkle: True
  use_incentive: True
============================================================

============= 第 1 次实验 =============
正在初始化服务器和客户端...
数据集: Uci, 特征维度: 23
模型参数量: 189,330

Join ratio / total clients: 1.0 / 10
Finished creating server and clients.

-------------Round number: 0-------------

Evaluate global model
Averaged Train Loss: 0.6905
Averaged Test Accuracy: 0.5856
Averaged Test AUC: 0.5178
Averaged Test Precision: 0.6416
Averaged Test Recall: 0.5856
Averaged Test F1-Score: 0.5989
Std Test Accuracy: 0.1062
Std Test AUC: 0.0476
------------------------- time cost ------------------------- 8.407796859741211
------------------------- time cost ------------------------- 6.557929992675781
------------------------- time cost ------------------------- 6.622571229934692
------------------------- time cost ------------------------- 6.294851779937744
------------------------- time cost ------------------------- 6.41205096244812
------------------------- time cost ------------------------- 6.759694576263428
------------------------- time cost ------------------------- 7.08057165145874
------------------------- time cost ------------------------- 7.078339099884033
------------------------- time cost ------------------------- 6.884433746337891
------------------------- time cost ------------------------- 7.022802829742432

-------------Round number: 10-------------

Evaluate global model
Averaged Train Loss: 0.4962
Averaged Test Accuracy: 0.7409
Averaged Test AUC: 0.7409
Averaged Test Precision: 0.7284
Averaged Test Recall: 0.7409
Averaged Test F1-Score: 0.6472
Std Test Accuracy: 0.1009
Std Test AUC: 0.0625
------------------------- time cost ------------------------- 7.673213958740234
------------------------- time cost ------------------------- 6.387499570846558
------------------------- time cost ------------------------- 6.323845386505127
------------------------- time cost ------------------------- 6.360636234283447
------------------------- time cost ------------------------- 6.4140355587005615
------------------------- time cost ------------------------- 6.617523431777954
------------------------- time cost ------------------------- 6.418214797973633
------------------------- time cost ------------------------- 6.477441072463989
------------------------- time cost ------------------------- 6.384750127792358
------------------------- time cost ------------------------- 6.3747782707214355

-------------Round number: 20-------------

Evaluate global model
Averaged Train Loss: 0.4750
Averaged Test Accuracy: 0.7747
Averaged Test AUC: 0.7550
Averaged Test Precision: 0.7734
Averaged Test Recall: 0.7747
Averaged Test F1-Score: 0.7350
Std Test Accuracy: 0.0822
Std Test AUC: 0.0607
------------------------- time cost ------------------------- 7.4951558113098145
------------------------- time cost ------------------------- 6.558939695358276
------------------------- time cost ------------------------- 6.445410251617432
------------------------- time cost ------------------------- 6.326093912124634
------------------------- time cost ------------------------- 6.464754104614258
------------------------- time cost ------------------------- 6.5484678745269775
------------------------- time cost ------------------------- 6.469520092010498
------------------------- time cost ------------------------- 6.4697065353393555
------------------------- time cost ------------------------- 6.411314249038696
------------------------- time cost ------------------------- 6.4247145652771

-------------Round number: 30-------------

Evaluate global model
Averaged Train Loss: 0.4719
Averaged Test Accuracy: 0.7785
Averaged Test AUC: 0.7612
Averaged Test Precision: 0.7756
Averaged Test Recall: 0.7785
Averaged Test F1-Score: 0.7444
Std Test Accuracy: 0.0817
Std Test AUC: 0.0599
------------------------- time cost ------------------------- 7.463363885879517
------------------------- time cost ------------------------- 6.3406500816345215
------------------------- time cost ------------------------- 6.444576025009155
------------------------- time cost ------------------------- 6.384585857391357
------------------------- time cost ------------------------- 6.476078987121582
------------------------- time cost ------------------------- 6.404813289642334
------------------------- time cost ------------------------- 6.495561122894287
------------------------- time cost ------------------------- 6.445590972900391
------------------------- time cost ------------------------- 6.384196758270264
------------------------- time cost ------------------------- 6.430726766586304

-------------Round number: 40-------------

Evaluate global model
Averaged Train Loss: 0.4710
Averaged Test Accuracy: 0.7767
Averaged Test AUC: 0.7642
Averaged Test Precision: 0.7745
Averaged Test Recall: 0.7767
Averaged Test F1-Score: 0.7439
Std Test Accuracy: 0.0801
Std Test AUC: 0.0592
------------------------- time cost ------------------------- 7.583003282546997
------------------------- time cost ------------------------- 6.37480354309082
------------------------- time cost ------------------------- 6.394050121307373
------------------------- time cost ------------------------- 6.347167253494263
------------------------- time cost ------------------------- 6.544193506240845
------------------------- time cost ------------------------- 6.369729042053223
------------------------- time cost ------------------------- 6.618032932281494
------------------------- time cost ------------------------- 6.332979917526245
------------------------- time cost ------------------------- 6.310265302658081
------------------------- time cost ------------------------- 6.437743425369263

-------------Round number: 50-------------

Evaluate global model
Averaged Train Loss: 0.4685
Averaged Test Accuracy: 0.7812
Averaged Test AUC: 0.7674
Averaged Test Precision: 0.7768
Averaged Test Recall: 0.7812
Averaged Test F1-Score: 0.7519
Std Test Accuracy: 0.0749
Std Test AUC: 0.0566
------------------------- time cost ------------------------- 7.565106391906738
------------------------- time cost ------------------------- 6.3270580768585205
------------------------- time cost ------------------------- 6.427396059036255
------------------------- time cost ------------------------- 6.488858222961426
------------------------- time cost ------------------------- 6.538136005401611
------------------------- time cost ------------------------- 6.349370002746582
------------------------- time cost ------------------------- 6.539348125457764
------------------------- time cost ------------------------- 6.4751973152160645
------------------------- time cost ------------------------- 6.3131139278411865
------------------------- time cost ------------------------- 6.3305277824401855

-------------Round number: 60-------------

Evaluate global model
Averaged Train Loss: 0.4689
Averaged Test Accuracy: 0.7780
Averaged Test AUC: 0.7689
Averaged Test Precision: 0.7767
Averaged Test Recall: 0.7780
Averaged Test F1-Score: 0.7464
Std Test Accuracy: 0.0781
Std Test AUC: 0.0552
------------------------- time cost ------------------------- 7.494385719299316
------------------------- time cost ------------------------- 6.299675464630127
------------------------- time cost ------------------------- 6.4003005027771
------------------------- time cost ------------------------- 6.47376275062561
------------------------- time cost ------------------------- 6.506287336349487
------------------------- time cost ------------------------- 6.425457954406738
------------------------- time cost ------------------------- 6.402837514877319
------------------------- time cost ------------------------- 6.575787544250488
------------------------- time cost ------------------------- 6.410101413726807
------------------------- time cost ------------------------- 6.27749228477478

-------------Round number: 70-------------

Evaluate global model
Averaged Train Loss: 0.4686
Averaged Test Accuracy: 0.7815
Averaged Test AUC: 0.7705
Averaged Test Precision: 0.7790
Averaged Test Recall: 0.7815
Averaged Test F1-Score: 0.7527
Std Test Accuracy: 0.0747
Std Test AUC: 0.0541
------------------------- time cost ------------------------- 7.582223653793335
------------------------- time cost ------------------------- 6.347225189208984
------------------------- time cost ------------------------- 6.484570741653442
------------------------- time cost ------------------------- 6.43536114692688
------------------------- time cost ------------------------- 6.4055702686309814
------------------------- time cost ------------------------- 6.502912521362305
------------------------- time cost ------------------------- 6.396567344665527
------------------------- time cost ------------------------- 6.342155694961548
------------------------- time cost ------------------------- 6.597996950149536
------------------------- time cost ------------------------- 6.286495208740234

-------------Round number: 80-------------

Evaluate global model
Averaged Train Loss: 0.4669
Averaged Test Accuracy: 0.7841
Averaged Test AUC: 0.7718
Averaged Test Precision: 0.7805
Averaged Test Recall: 0.7841
Averaged Test F1-Score: 0.7571
Std Test Accuracy: 0.0715
Std Test AUC: 0.0527
------------------------- time cost ------------------------- 7.460949182510376
------------------------- time cost ------------------------- 6.400904178619385
------------------------- time cost ------------------------- 6.545012950897217
------------------------- time cost ------------------------- 6.458441972732544
------------------------- time cost ------------------------- 6.521016836166382
------------------------- time cost ------------------------- 6.520456075668335
------------------------- time cost ------------------------- 6.452744722366333
------------------------- time cost ------------------------- 6.4177939891815186
------------------------- time cost ------------------------- 6.515798091888428
------------------------- time cost ------------------------- 6.351322412490845

-------------Round number: 90-------------

Evaluate global model
Averaged Train Loss: 0.4669
Averaged Test Accuracy: 0.7817
Averaged Test AUC: 0.7730
Averaged Test Precision: 0.7790
Averaged Test Recall: 0.7817
Averaged Test F1-Score: 0.7516
Std Test Accuracy: 0.0757
Std Test AUC: 0.0526
------------------------- time cost ------------------------- 7.513139009475708
------------------------- time cost ------------------------- 6.335080623626709
------------------------- time cost ------------------------- 6.411731719970703
------------------------- time cost ------------------------- 6.490032196044922
------------------------- time cost ------------------------- 6.397019863128662
------------------------- time cost ------------------------- 6.398756742477417
------------------------- time cost ------------------------- 6.523043155670166
------------------------- time cost ------------------------- 6.545461654663086
------------------------- time cost ------------------------- 6.389625310897827
------------------------- time cost ------------------------- 6.617664575576782

-------------Round number: 100-------------

Evaluate global model
Averaged Train Loss: 0.4670
Averaged Test Accuracy: 0.7817
Averaged Test AUC: 0.7720
Averaged Test Precision: 0.7789
Averaged Test Recall: 0.7817
Averaged Test F1-Score: 0.7542
Std Test Accuracy: 0.0737
Std Test AUC: 0.0534
------------------------- time cost ------------------------- 7.676543235778809

Best accuracy.
0.7841333333333333

Average time cost per round.
6.572851910591125
File path: results/Uci_FedAvg_test/Uci_FedAvg_test_0.h5
Training process CSV file path: results/Uci_FedAvg_test/Uci_FedAvg_test_0_training_process.csv
Training process data saved to: results/Uci_FedAvg_test/Uci_FedAvg_test_0_training_process.csv

平均训练时间: 667.03秒
