实验: Uci_iid_gaussian_Bulyan_run1
物理GPU ID: 3
CUDA_VISIBLE_DEVICES: 3
时间: 2026-01-24 20:53:42
命令: /miniconda3/bin/python flcore/main.py -data Uci -algo FedAvg -nc 10 -gr 100 -ls 5 -lbs 64 -lr 0.01 -eg 10 -t 1 --heterogeneity iid --enable_attack True --attack_mode gaussian --malicious_ratio 0.3 --defense_mode bulyan --use_tlbo False --tlbo_iterations 10 --use_autoencoder False --use_committee False
工作目录: /root/DecisionSupportSystem-FedACT/system

[GPU] 使用环境变量指定的GPU: CUDA_VISIBLE_DEVICES=3
============================================================
实验配置:
============================================================
  goal: test
  device: cuda
  device_id: 0
  dataset: Uci
  heterogeneity: iid
  model: auto
  num_classes: 2
  batch_size: 64
  local_learning_rate: 0.01
  global_rounds: 100
  local_epochs: 5
  algorithm: FedAvg
  num_clients: 10
  join_ratio: 1.0
  random_join_ratio: False
  prev: 0
  times: 1
  eval_gap: 10
  save_folder_name: results
  learning_rate_decay: False
  learning_rate_decay_gamma: 0.99
  few_shot: 0
  time_select: False
  time_threthold: 10000
  top_cnt: 100
  auto_break: False
  client_drop_rate: 0.0
  train_slow_rate: 0.0
  send_slow_rate: 0.0
  dlg_eval: False
  dlg_gap: 100
  batch_num_per_client: 2
  num_new_clients: 0
  fine_tuning_epoch_new: 0
  mu: 0.01
  beta: 0.0
  lamda: 1.0
  tau: 1.0
  plocal_epochs: 1
  server_learning_rate: 1.0
  enable_attack: True
  attack_mode: gaussian
  malicious_ratio: 0.3
  attack_scale: 3.0
  defense_mode: bulyan
  use_autoencoder: False
  autoencoder_latent_dim: 64
  autoencoder_epochs: 20
  committee_size: 5
  vote_threshold: 0.5
  anomaly_threshold: 0.5
  anomaly_lower_coef: 0.7
  anomaly_upper_coef: 1.5
  use_committee: False
  tlbo_iterations: 10
  use_tlbo: False
  use_merkle: True
  use_incentive: True
============================================================

============= 第 1 次实验 =============
正在初始化服务器和客户端...
数据集: Uci, 特征维度: 23
模型参数量: 189,330

Join ratio / total clients: 1.0 / 10
Finished creating server and clients.

-------------Round number: 0-------------

Evaluate global model
Averaged Train Loss: 0.6905
Averaged Test Accuracy: 0.5856
Averaged Test AUC: 0.5178
Averaged Test Precision: 0.6416
Averaged Test Recall: 0.5856
Averaged Test F1-Score: 0.5989
Std Test Accuracy: 0.1062
Std Test AUC: 0.0476
------------------------- time cost ------------------------- 8.237237215042114
------------------------- time cost ------------------------- 6.25914192199707
------------------------- time cost ------------------------- 6.250737428665161
------------------------- time cost ------------------------- 6.327675104141235
------------------------- time cost ------------------------- 6.418906927108765
------------------------- time cost ------------------------- 6.325843811035156
------------------------- time cost ------------------------- 6.285457134246826
------------------------- time cost ------------------------- 6.293651103973389
------------------------- time cost ------------------------- 6.325053930282593
------------------------- time cost ------------------------- 6.5133256912231445

-------------Round number: 10-------------

Evaluate global model
Averaged Train Loss: 0.4951
Averaged Test Accuracy: 0.7407
Averaged Test AUC: 0.7420
Averaged Test Precision: 0.7463
Averaged Test Recall: 0.7407
Averaged Test F1-Score: 0.6473
Std Test Accuracy: 0.1005
Std Test AUC: 0.0621
------------------------- time cost ------------------------- 7.708261251449585
------------------------- time cost ------------------------- 6.253050804138184
------------------------- time cost ------------------------- 6.364114761352539
------------------------- time cost ------------------------- 6.173917531967163
------------------------- time cost ------------------------- 6.203583717346191
------------------------- time cost ------------------------- 6.346373796463013
------------------------- time cost ------------------------- 6.256679058074951
------------------------- time cost ------------------------- 6.432877540588379
------------------------- time cost ------------------------- 6.235467195510864
------------------------- time cost ------------------------- 6.580704212188721

-------------Round number: 20-------------

Evaluate global model
Averaged Train Loss: 0.4751
Averaged Test Accuracy: 0.7773
Averaged Test AUC: 0.7554
Averaged Test Precision: 0.7754
Averaged Test Recall: 0.7773
Averaged Test F1-Score: 0.7405
Std Test Accuracy: 0.0821
Std Test AUC: 0.0611
------------------------- time cost ------------------------- 7.610811471939087
------------------------- time cost ------------------------- 6.212415456771851
------------------------- time cost ------------------------- 6.276076793670654
------------------------- time cost ------------------------- 6.3080666065216064
------------------------- time cost ------------------------- 6.287186145782471
------------------------- time cost ------------------------- 6.39446234703064
------------------------- time cost ------------------------- 6.204064846038818
------------------------- time cost ------------------------- 6.293925523757935
------------------------- time cost ------------------------- 6.4032814502716064
------------------------- time cost ------------------------- 6.5636887550354

-------------Round number: 30-------------

Evaluate global model
Averaged Train Loss: 0.4704
Averaged Test Accuracy: 0.7803
Averaged Test AUC: 0.7622
Averaged Test Precision: 0.7744
Averaged Test Recall: 0.7803
Averaged Test F1-Score: 0.7494
Std Test Accuracy: 0.0764
Std Test AUC: 0.0594
------------------------- time cost ------------------------- 7.594990968704224
------------------------- time cost ------------------------- 6.196190357208252
------------------------- time cost ------------------------- 6.186941623687744
------------------------- time cost ------------------------- 6.266709327697754
------------------------- time cost ------------------------- 6.3003294467926025
------------------------- time cost ------------------------- 6.226037502288818
------------------------- time cost ------------------------- 6.4944305419921875
------------------------- time cost ------------------------- 6.201941728591919
------------------------- time cost ------------------------- 6.339927434921265
------------------------- time cost ------------------------- 6.53269362449646

-------------Round number: 40-------------

Evaluate global model
Averaged Train Loss: 0.4711
Averaged Test Accuracy: 0.7761
Averaged Test AUC: 0.7643
Averaged Test Precision: 0.7739
Averaged Test Recall: 0.7761
Averaged Test F1-Score: 0.7429
Std Test Accuracy: 0.0794
Std Test AUC: 0.0588
------------------------- time cost ------------------------- 7.402084589004517
------------------------- time cost ------------------------- 6.2704997062683105
------------------------- time cost ------------------------- 6.265050888061523
------------------------- time cost ------------------------- 6.253406524658203
------------------------- time cost ------------------------- 6.31022310256958
------------------------- time cost ------------------------- 6.279247760772705
------------------------- time cost ------------------------- 6.369577169418335
------------------------- time cost ------------------------- 6.3165576457977295
------------------------- time cost ------------------------- 6.299703598022461
------------------------- time cost ------------------------- 6.600362777709961

-------------Round number: 50-------------

Evaluate global model
Averaged Train Loss: 0.4694
Averaged Test Accuracy: 0.7803
Averaged Test AUC: 0.7671
Averaged Test Precision: 0.7750
Averaged Test Recall: 0.7803
Averaged Test F1-Score: 0.7512
Std Test Accuracy: 0.0747
Std Test AUC: 0.0575
------------------------- time cost ------------------------- 7.534621238708496
------------------------- time cost ------------------------- 6.224768161773682
------------------------- time cost ------------------------- 6.331741571426392
------------------------- time cost ------------------------- 6.233967065811157
------------------------- time cost ------------------------- 6.312475204467773
------------------------- time cost ------------------------- 6.26028847694397
------------------------- time cost ------------------------- 6.248514175415039
------------------------- time cost ------------------------- 6.410139799118042
------------------------- time cost ------------------------- 6.373994827270508
------------------------- time cost ------------------------- 6.507096767425537

-------------Round number: 60-------------

Evaluate global model
Averaged Train Loss: 0.4674
Averaged Test Accuracy: 0.7864
Averaged Test AUC: 0.7692
Averaged Test Precision: 0.7804
Averaged Test Recall: 0.7864
Averaged Test F1-Score: 0.7596
Std Test Accuracy: 0.0696
Std Test AUC: 0.0555
------------------------- time cost ------------------------- 7.384849786758423
------------------------- time cost ------------------------- 6.5439674854278564
------------------------- time cost ------------------------- 6.33257532119751
------------------------- time cost ------------------------- 6.313192844390869
------------------------- time cost ------------------------- 6.276174783706665
------------------------- time cost ------------------------- 6.222590208053589
------------------------- time cost ------------------------- 6.233073472976685
------------------------- time cost ------------------------- 6.349476337432861
------------------------- time cost ------------------------- 6.301650047302246
------------------------- time cost ------------------------- 6.495304346084595

-------------Round number: 70-------------

Evaluate global model
Averaged Train Loss: 0.4687
Averaged Test Accuracy: 0.7813
Averaged Test AUC: 0.7702
Averaged Test Precision: 0.7765
Averaged Test Recall: 0.7813
Averaged Test F1-Score: 0.7545
Std Test Accuracy: 0.0727
Std Test AUC: 0.0542
------------------------- time cost ------------------------- 7.38559103012085
------------------------- time cost ------------------------- 6.36505126953125
------------------------- time cost ------------------------- 6.295756101608276
------------------------- time cost ------------------------- 6.176534175872803
------------------------- time cost ------------------------- 6.296113967895508
------------------------- time cost ------------------------- 6.174419164657593
------------------------- time cost ------------------------- 6.2071852684021
------------------------- time cost ------------------------- 6.218728065490723
------------------------- time cost ------------------------- 6.516511678695679
------------------------- time cost ------------------------- 6.476821184158325

-------------Round number: 80-------------

Evaluate global model
Averaged Train Loss: 0.4675
Averaged Test Accuracy: 0.7812
Averaged Test AUC: 0.7713
Averaged Test Precision: 0.7776
Averaged Test Recall: 0.7812
Averaged Test F1-Score: 0.7517
Std Test Accuracy: 0.0744
Std Test AUC: 0.0539
------------------------- time cost ------------------------- 7.400003671646118
------------------------- time cost ------------------------- 6.233737468719482
------------------------- time cost ------------------------- 6.202906847000122
------------------------- time cost ------------------------- 6.312022924423218
------------------------- time cost ------------------------- 6.152638912200928
------------------------- time cost ------------------------- 6.193992614746094
------------------------- time cost ------------------------- 6.1576104164123535
------------------------- time cost ------------------------- 6.331394910812378
------------------------- time cost ------------------------- 6.557642221450806
------------------------- time cost ------------------------- 6.5207579135894775

-------------Round number: 90-------------

Evaluate global model
Averaged Train Loss: 0.4665
Averaged Test Accuracy: 0.7861
Averaged Test AUC: 0.7722
Averaged Test Precision: 0.7805
Averaged Test Recall: 0.7861
Averaged Test F1-Score: 0.7609
Std Test Accuracy: 0.0693
Std Test AUC: 0.0533
------------------------- time cost ------------------------- 7.278980493545532
------------------------- time cost ------------------------- 6.286360263824463
------------------------- time cost ------------------------- 6.312694787979126
------------------------- time cost ------------------------- 6.231190919876099
------------------------- time cost ------------------------- 6.2218310832977295
------------------------- time cost ------------------------- 6.297394037246704
------------------------- time cost ------------------------- 6.2388951778411865
------------------------- time cost ------------------------- 6.192379474639893
------------------------- time cost ------------------------- 6.4618120193481445
------------------------- time cost ------------------------- 6.671647787094116

-------------Round number: 100-------------

Evaluate global model
Averaged Train Loss: 0.4661
Averaged Test Accuracy: 0.7792
Averaged Test AUC: 0.7729
Averaged Test Precision: 0.7783
Averaged Test Recall: 0.7792
Averaged Test F1-Score: 0.7478
Std Test Accuracy: 0.0793
Std Test AUC: 0.0529
------------------------- time cost ------------------------- 7.790160179138184

Best accuracy.
0.7864

Average time cost per round.
6.438649365901947
File path: results/Uci_FedAvg_test/Uci_FedAvg_test_0.h5
Training process CSV file path: results/Uci_FedAvg_test/Uci_FedAvg_test_0_training_process.csv
Training process data saved to: results/Uci_FedAvg_test/Uci_FedAvg_test_0_training_process.csv

平均训练时间: 656.28秒
