实验: Uci_label_skew_label_flip_MultiKrum_run1
物理GPU ID: 4
CUDA_VISIBLE_DEVICES: 4
时间: 2026-01-24 22:21:01
命令: /miniconda3/bin/python flcore/main.py -data Uci -algo FedAvg -nc 10 -gr 100 -ls 5 -lbs 64 -lr 0.01 -eg 10 -t 1 --heterogeneity label_skew --enable_attack True --attack_mode label_flip --malicious_ratio 0.3 --defense_mode multi_krum --use_tlbo False --tlbo_iterations 10 --use_autoencoder False --use_committee False
工作目录: /root/DecisionSupportSystem-FedACT/system

[GPU] 使用环境变量指定的GPU: CUDA_VISIBLE_DEVICES=4
============================================================
实验配置:
============================================================
  goal: test
  device: cuda
  device_id: 0
  dataset: Uci
  heterogeneity: label_skew
  model: auto
  num_classes: 2
  batch_size: 64
  local_learning_rate: 0.01
  global_rounds: 100
  local_epochs: 5
  algorithm: FedAvg
  num_clients: 10
  join_ratio: 1.0
  random_join_ratio: False
  prev: 0
  times: 1
  eval_gap: 10
  save_folder_name: results
  learning_rate_decay: False
  learning_rate_decay_gamma: 0.99
  few_shot: 0
  time_select: False
  time_threthold: 10000
  top_cnt: 100
  auto_break: False
  client_drop_rate: 0.0
  train_slow_rate: 0.0
  send_slow_rate: 0.0
  dlg_eval: False
  dlg_gap: 100
  batch_num_per_client: 2
  num_new_clients: 0
  fine_tuning_epoch_new: 0
  mu: 0.01
  beta: 0.0
  lamda: 1.0
  tau: 1.0
  plocal_epochs: 1
  server_learning_rate: 1.0
  enable_attack: True
  attack_mode: label_flip
  malicious_ratio: 0.3
  attack_scale: 3.0
  defense_mode: multi_krum
  use_autoencoder: False
  autoencoder_latent_dim: 64
  autoencoder_epochs: 20
  committee_size: 5
  vote_threshold: 0.5
  anomaly_threshold: 0.5
  anomaly_lower_coef: 0.7
  anomaly_upper_coef: 1.5
  use_committee: False
  tlbo_iterations: 10
  use_tlbo: False
  use_merkle: True
  use_incentive: True
============================================================

============= 第 1 次实验 =============
正在初始化服务器和客户端...
数据集: Uci, 特征维度: 23
模型参数量: 189,330

Join ratio / total clients: 1.0 / 10
Finished creating server and clients.

-------------Round number: 0-------------

Evaluate global model
Averaged Train Loss: 0.6905
Averaged Test Accuracy: 0.5856
Averaged Test AUC: 0.5178
Averaged Test Precision: 0.6416
Averaged Test Recall: 0.5856
Averaged Test F1-Score: 0.5989
Std Test Accuracy: 0.1062
Std Test AUC: 0.0476
------------------------- time cost ------------------------- 8.243762493133545
------------------------- time cost ------------------------- 6.477653503417969
------------------------- time cost ------------------------- 6.504036903381348
------------------------- time cost ------------------------- 6.4392945766448975
------------------------- time cost ------------------------- 5.955637216567993
------------------------- time cost ------------------------- 5.974500417709351
------------------------- time cost ------------------------- 5.977899551391602
------------------------- time cost ------------------------- 6.129892349243164
------------------------- time cost ------------------------- 6.341115713119507
------------------------- time cost ------------------------- 6.252440690994263

-------------Round number: 10-------------

Evaluate global model
Averaged Train Loss: 0.4962
Averaged Test Accuracy: 0.7407
Averaged Test AUC: 0.7412
Averaged Test Precision: 0.7284
Averaged Test Recall: 0.7407
Averaged Test F1-Score: 0.6471
Std Test Accuracy: 0.1007
Std Test AUC: 0.0619
------------------------- time cost ------------------------- 7.408022403717041
------------------------- time cost ------------------------- 6.316760301589966
------------------------- time cost ------------------------- 6.389874696731567
------------------------- time cost ------------------------- 6.38510537147522
------------------------- time cost ------------------------- 6.455025672912598
------------------------- time cost ------------------------- 6.55474328994751
------------------------- time cost ------------------------- 6.3645641803741455
------------------------- time cost ------------------------- 6.3230650424957275
------------------------- time cost ------------------------- 6.381763458251953
------------------------- time cost ------------------------- 6.267662286758423

-------------Round number: 20-------------

Evaluate global model
Averaged Train Loss: 0.4753
Averaged Test Accuracy: 0.7761
Averaged Test AUC: 0.7552
Averaged Test Precision: 0.7750
Averaged Test Recall: 0.7761
Averaged Test F1-Score: 0.7373
Std Test Accuracy: 0.0811
Std Test AUC: 0.0609
------------------------- time cost ------------------------- 7.2837512493133545
------------------------- time cost ------------------------- 6.418748378753662
------------------------- time cost ------------------------- 6.4149627685546875
------------------------- time cost ------------------------- 6.299209117889404
------------------------- time cost ------------------------- 6.391788482666016
------------------------- time cost ------------------------- 6.576359748840332
------------------------- time cost ------------------------- 6.4116530418396
------------------------- time cost ------------------------- 6.249273300170898
------------------------- time cost ------------------------- 6.346569776535034
------------------------- time cost ------------------------- 6.35439920425415

-------------Round number: 30-------------

Evaluate global model
Averaged Train Loss: 0.4719
Averaged Test Accuracy: 0.7769
Averaged Test AUC: 0.7612
Averaged Test Precision: 0.7734
Averaged Test Recall: 0.7769
Averaged Test F1-Score: 0.7435
Std Test Accuracy: 0.0803
Std Test AUC: 0.0596
------------------------- time cost ------------------------- 7.3820977210998535
------------------------- time cost ------------------------- 6.396978139877319
------------------------- time cost ------------------------- 6.350383996963501
------------------------- time cost ------------------------- 6.284040689468384
------------------------- time cost ------------------------- 6.3586530685424805
------------------------- time cost ------------------------- 6.393953323364258
------------------------- time cost ------------------------- 6.413105249404907
------------------------- time cost ------------------------- 6.44084095954895
------------------------- time cost ------------------------- 6.304819107055664
------------------------- time cost ------------------------- 6.406641960144043

-------------Round number: 40-------------

Evaluate global model
Averaged Train Loss: 0.4703
Averaged Test Accuracy: 0.7791
Averaged Test AUC: 0.7649
Averaged Test Precision: 0.7747
Averaged Test Recall: 0.7791
Averaged Test F1-Score: 0.7492
Std Test Accuracy: 0.0781
Std Test AUC: 0.0581
------------------------- time cost ------------------------- 7.30029559135437
------------------------- time cost ------------------------- 6.418468713760376
------------------------- time cost ------------------------- 6.388693332672119
------------------------- time cost ------------------------- 6.343793869018555
------------------------- time cost ------------------------- 6.413458585739136
------------------------- time cost ------------------------- 6.383193731307983
------------------------- time cost ------------------------- 6.4800355434417725
------------------------- time cost ------------------------- 6.27790641784668
------------------------- time cost ------------------------- 6.383819103240967
------------------------- time cost ------------------------- 6.298266887664795

-------------Round number: 50-------------

Evaluate global model
Averaged Train Loss: 0.4670
Averaged Test Accuracy: 0.7861
Averaged Test AUC: 0.7674
Averaged Test Precision: 0.7789
Averaged Test Recall: 0.7861
Averaged Test F1-Score: 0.7605
Std Test Accuracy: 0.0683
Std Test AUC: 0.0566
------------------------- time cost ------------------------- 7.401527404785156
------------------------- time cost ------------------------- 6.403823375701904
------------------------- time cost ------------------------- 6.365796089172363
------------------------- time cost ------------------------- 6.354427337646484
------------------------- time cost ------------------------- 6.41215705871582
------------------------- time cost ------------------------- 6.345668792724609
------------------------- time cost ------------------------- 6.343222618103027
------------------------- time cost ------------------------- 6.491951942443848
------------------------- time cost ------------------------- 6.309865474700928
------------------------- time cost ------------------------- 6.379977464675903

-------------Round number: 60-------------

Evaluate global model
Averaged Train Loss: 0.4658
Averaged Test Accuracy: 0.7897
Averaged Test AUC: 0.7692
Averaged Test Precision: 0.7817
Averaged Test Recall: 0.7897
Averaged Test F1-Score: 0.7669
Std Test Accuracy: 0.0630
Std Test AUC: 0.0551
------------------------- time cost ------------------------- 7.413881301879883
------------------------- time cost ------------------------- 6.404248237609863
------------------------- time cost ------------------------- 6.303972244262695
------------------------- time cost ------------------------- 6.32753324508667
------------------------- time cost ------------------------- 6.444637060165405
------------------------- time cost ------------------------- 6.390661716461182
------------------------- time cost ------------------------- 6.370949029922485
------------------------- time cost ------------------------- 6.583636999130249
------------------------- time cost ------------------------- 6.300158262252808
------------------------- time cost ------------------------- 6.397396564483643

-------------Round number: 70-------------

Evaluate global model
Averaged Train Loss: 0.4671
Averaged Test Accuracy: 0.7871
Averaged Test AUC: 0.7698
Averaged Test Precision: 0.7806
Averaged Test Recall: 0.7871
Averaged Test F1-Score: 0.7630
Std Test Accuracy: 0.0664
Std Test AUC: 0.0553
------------------------- time cost ------------------------- 7.387427806854248
------------------------- time cost ------------------------- 6.40929102897644
------------------------- time cost ------------------------- 6.4067702293396
------------------------- time cost ------------------------- 6.4797203540802
------------------------- time cost ------------------------- 6.344166040420532
------------------------- time cost ------------------------- 6.3024373054504395
------------------------- time cost ------------------------- 6.3189520835876465
------------------------- time cost ------------------------- 6.301237106323242
------------------------- time cost ------------------------- 6.349246978759766
------------------------- time cost ------------------------- 6.338546276092529

-------------Round number: 80-------------

Evaluate global model
Averaged Train Loss: 0.4687
Averaged Test Accuracy: 0.7795
Averaged Test AUC: 0.7709
Averaged Test Precision: 0.7780
Averaged Test Recall: 0.7795
Averaged Test F1-Score: 0.7487
Std Test Accuracy: 0.0767
Std Test AUC: 0.0543
------------------------- time cost ------------------------- 7.486062049865723
------------------------- time cost ------------------------- 6.362159013748169
------------------------- time cost ------------------------- 6.419994115829468
------------------------- time cost ------------------------- 6.475733518600464
------------------------- time cost ------------------------- 6.394524335861206
------------------------- time cost ------------------------- 6.39792537689209
------------------------- time cost ------------------------- 6.3412110805511475
------------------------- time cost ------------------------- 6.329699993133545
------------------------- time cost ------------------------- 6.498482704162598
------------------------- time cost ------------------------- 6.3464131355285645

-------------Round number: 90-------------

Evaluate global model
Averaged Train Loss: 0.4682
Averaged Test Accuracy: 0.7812
Averaged Test AUC: 0.7715
Averaged Test Precision: 0.7779
Averaged Test Recall: 0.7812
Averaged Test F1-Score: 0.7531
Std Test Accuracy: 0.0762
Std Test AUC: 0.0548
------------------------- time cost ------------------------- 7.408548593521118
------------------------- time cost ------------------------- 6.557421684265137
------------------------- time cost ------------------------- 6.29990553855896
------------------------- time cost ------------------------- 6.441356658935547
------------------------- time cost ------------------------- 6.278186798095703
------------------------- time cost ------------------------- 6.3504319190979
------------------------- time cost ------------------------- 6.341046094894409
------------------------- time cost ------------------------- 6.411807537078857
------------------------- time cost ------------------------- 6.330148696899414
------------------------- time cost ------------------------- 6.470001697540283

-------------Round number: 100-------------

Evaluate global model
Averaged Train Loss: 0.4673
Averaged Test Accuracy: 0.7768
Averaged Test AUC: 0.7728
Averaged Test Precision: 0.7752
Averaged Test Recall: 0.7768
Averaged Test F1-Score: 0.7460
Std Test Accuracy: 0.0806
Std Test AUC: 0.0522
------------------------- time cost ------------------------- 7.492955923080444

Best accuracy.
0.7897333333333333

Average time cost per round.
6.468825225830078
File path: results/Uci_FedAvg_test/Uci_FedAvg_test_0.h5
Training process CSV file path: results/Uci_FedAvg_test/Uci_FedAvg_test_0_training_process.csv
Training process data saved to: results/Uci_FedAvg_test/Uci_FedAvg_test_0_training_process.csv

平均训练时间: 656.38秒
