实验: Uci_quantity_skew_free_rider_Krum_run1
物理GPU ID: 0
CUDA_VISIBLE_DEVICES: 0
时间: 2026-01-24 23:16:19
命令: /miniconda3/bin/python flcore/main.py -data Uci -algo FedAvg -nc 10 -gr 100 -ls 5 -lbs 64 -lr 0.01 -eg 10 -t 1 --heterogeneity quantity_skew --enable_attack True --attack_mode free_rider --malicious_ratio 0.3 --defense_mode krum --use_tlbo False --tlbo_iterations 10 --use_autoencoder False --use_committee False
工作目录: /root/DecisionSupportSystem-FedACT/system

[GPU] 使用环境变量指定的GPU: CUDA_VISIBLE_DEVICES=0
============================================================
实验配置:
============================================================
  goal: test
  device: cuda
  device_id: 0
  dataset: Uci
  heterogeneity: quantity_skew
  model: auto
  num_classes: 2
  batch_size: 64
  local_learning_rate: 0.01
  global_rounds: 100
  local_epochs: 5
  algorithm: FedAvg
  num_clients: 10
  join_ratio: 1.0
  random_join_ratio: False
  prev: 0
  times: 1
  eval_gap: 10
  save_folder_name: results
  learning_rate_decay: False
  learning_rate_decay_gamma: 0.99
  few_shot: 0
  time_select: False
  time_threthold: 10000
  top_cnt: 100
  auto_break: False
  client_drop_rate: 0.0
  train_slow_rate: 0.0
  send_slow_rate: 0.0
  dlg_eval: False
  dlg_gap: 100
  batch_num_per_client: 2
  num_new_clients: 0
  fine_tuning_epoch_new: 0
  mu: 0.01
  beta: 0.0
  lamda: 1.0
  tau: 1.0
  plocal_epochs: 1
  server_learning_rate: 1.0
  enable_attack: True
  attack_mode: free_rider
  malicious_ratio: 0.3
  attack_scale: 3.0
  defense_mode: krum
  use_autoencoder: False
  autoencoder_latent_dim: 64
  autoencoder_epochs: 20
  committee_size: 5
  vote_threshold: 0.5
  anomaly_threshold: 0.5
  anomaly_lower_coef: 0.7
  anomaly_upper_coef: 1.5
  use_committee: False
  tlbo_iterations: 10
  use_tlbo: False
  use_merkle: True
  use_incentive: True
============================================================

============= 第 1 次实验 =============
正在初始化服务器和客户端...
数据集: Uci, 特征维度: 23
模型参数量: 189,330

Join ratio / total clients: 1.0 / 10
Finished creating server and clients.

-------------Round number: 0-------------

Evaluate global model
Averaged Train Loss: 0.6905
Averaged Test Accuracy: 0.5856
Averaged Test AUC: 0.5178
Averaged Test Precision: 0.6416
Averaged Test Recall: 0.5856
Averaged Test F1-Score: 0.5989
Std Test Accuracy: 0.1062
Std Test AUC: 0.0476
------------------------- time cost ------------------------- 7.47635555267334
------------------------- time cost ------------------------- 6.288401365280151
------------------------- time cost ------------------------- 6.431999683380127
------------------------- time cost ------------------------- 6.326804876327515
------------------------- time cost ------------------------- 6.419338703155518
------------------------- time cost ------------------------- 6.302202224731445
------------------------- time cost ------------------------- 6.1936194896698
------------------------- time cost ------------------------- 6.274269104003906
------------------------- time cost ------------------------- 6.265896320343018
------------------------- time cost ------------------------- 6.304421424865723

-------------Round number: 10-------------

Evaluate global model
Averaged Train Loss: 0.4963
Averaged Test Accuracy: 0.7407
Averaged Test AUC: 0.7414
Averaged Test Precision: 0.7023
Averaged Test Recall: 0.7407
Averaged Test F1-Score: 0.6481
Std Test Accuracy: 0.1018
Std Test AUC: 0.0625
------------------------- time cost ------------------------- 7.3365349769592285
------------------------- time cost ------------------------- 6.218235015869141
------------------------- time cost ------------------------- 6.17828106880188
------------------------- time cost ------------------------- 6.232899188995361
------------------------- time cost ------------------------- 6.270528316497803
------------------------- time cost ------------------------- 6.414416313171387
------------------------- time cost ------------------------- 6.332357883453369
------------------------- time cost ------------------------- 6.213496208190918
------------------------- time cost ------------------------- 6.297638654708862
------------------------- time cost ------------------------- 6.3157124519348145

-------------Round number: 20-------------

Evaluate global model
Averaged Train Loss: 0.4755
Averaged Test Accuracy: 0.7771
Averaged Test AUC: 0.7549
Averaged Test Precision: 0.7741
Averaged Test Recall: 0.7771
Averaged Test F1-Score: 0.7409
Std Test Accuracy: 0.0821
Std Test AUC: 0.0610
------------------------- time cost ------------------------- 7.224808931350708
------------------------- time cost ------------------------- 6.220107078552246
------------------------- time cost ------------------------- 6.329472541809082
------------------------- time cost ------------------------- 6.3172447681427
------------------------- time cost ------------------------- 6.234433889389038
------------------------- time cost ------------------------- 6.583948850631714
------------------------- time cost ------------------------- 6.205263137817383
------------------------- time cost ------------------------- 6.314758539199829
------------------------- time cost ------------------------- 6.223969221115112
------------------------- time cost ------------------------- 6.3098649978637695

-------------Round number: 30-------------

Evaluate global model
Averaged Train Loss: 0.4712
Averaged Test Accuracy: 0.7797
Averaged Test AUC: 0.7607
Averaged Test Precision: 0.7741
Averaged Test Recall: 0.7797
Averaged Test F1-Score: 0.7488
Std Test Accuracy: 0.0788
Std Test AUC: 0.0600
------------------------- time cost ------------------------- 7.327836513519287
------------------------- time cost ------------------------- 6.2524542808532715
------------------------- time cost ------------------------- 6.202769994735718
------------------------- time cost ------------------------- 6.359527349472046
------------------------- time cost ------------------------- 6.264502048492432
------------------------- time cost ------------------------- 6.261844635009766
------------------------- time cost ------------------------- 6.5405433177948
------------------------- time cost ------------------------- 6.320096015930176
------------------------- time cost ------------------------- 6.3527138233184814
------------------------- time cost ------------------------- 6.277294874191284

-------------Round number: 40-------------

Evaluate global model
Averaged Train Loss: 0.4699
Averaged Test Accuracy: 0.7780
Averaged Test AUC: 0.7644
Averaged Test Precision: 0.7731
Averaged Test Recall: 0.7780
Averaged Test F1-Score: 0.7481
Std Test Accuracy: 0.0764
Std Test AUC: 0.0583
------------------------- time cost ------------------------- 7.31624960899353
------------------------- time cost ------------------------- 6.23616886138916
------------------------- time cost ------------------------- 6.211137533187866
------------------------- time cost ------------------------- 6.313335657119751
------------------------- time cost ------------------------- 6.307888031005859
------------------------- time cost ------------------------- 6.284327030181885
------------------------- time cost ------------------------- 6.406362056732178
------------------------- time cost ------------------------- 6.3001203536987305
------------------------- time cost ------------------------- 6.329558372497559
------------------------- time cost ------------------------- 6.416107177734375

-------------Round number: 50-------------

Evaluate global model
Averaged Train Loss: 0.4681
Averaged Test Accuracy: 0.7851
Averaged Test AUC: 0.7668
Averaged Test Precision: 0.7785
Averaged Test Recall: 0.7851
Averaged Test F1-Score: 0.7595
Std Test Accuracy: 0.0691
Std Test AUC: 0.0574
------------------------- time cost ------------------------- 7.465679168701172
------------------------- time cost ------------------------- 6.2194435596466064
------------------------- time cost ------------------------- 6.280517101287842
------------------------- time cost ------------------------- 6.3492653369903564
------------------------- time cost ------------------------- 6.347660303115845
------------------------- time cost ------------------------- 6.246016263961792
------------------------- time cost ------------------------- 6.23197340965271
------------------------- time cost ------------------------- 6.417264938354492
------------------------- time cost ------------------------- 6.315729141235352
------------------------- time cost ------------------------- 6.388864278793335

-------------Round number: 60-------------

Evaluate global model
Averaged Train Loss: 0.4680
Averaged Test Accuracy: 0.7831
Averaged Test AUC: 0.7693
Averaged Test Precision: 0.7775
Averaged Test Recall: 0.7831
Averaged Test F1-Score: 0.7555
Std Test Accuracy: 0.0721
Std Test AUC: 0.0556
------------------------- time cost ------------------------- 7.199446678161621
------------------------- time cost ------------------------- 6.272534132003784
------------------------- time cost ------------------------- 6.167194604873657
------------------------- time cost ------------------------- 6.3474342823028564
------------------------- time cost ------------------------- 6.302381753921509
------------------------- time cost ------------------------- 6.249723196029663
------------------------- time cost ------------------------- 6.279519319534302
------------------------- time cost ------------------------- 6.405060768127441
------------------------- time cost ------------------------- 6.220268964767456
------------------------- time cost ------------------------- 6.348733186721802

-------------Round number: 70-------------

Evaluate global model
Averaged Train Loss: 0.4674
Averaged Test Accuracy: 0.7837
Averaged Test AUC: 0.7697
Averaged Test Precision: 0.7784
Averaged Test Recall: 0.7837
Averaged Test F1-Score: 0.7583
Std Test Accuracy: 0.0702
Std Test AUC: 0.0553
------------------------- time cost ------------------------- 7.24142861366272
------------------------- time cost ------------------------- 6.293883323669434
------------------------- time cost ------------------------- 6.225435256958008
------------------------- time cost ------------------------- 6.30814003944397
------------------------- time cost ------------------------- 6.335992097854614
------------------------- time cost ------------------------- 6.295531272888184
------------------------- time cost ------------------------- 6.2568724155426025
------------------------- time cost ------------------------- 6.225055932998657
------------------------- time cost ------------------------- 6.376447916030884
------------------------- time cost ------------------------- 6.32470178604126

-------------Round number: 80-------------

Evaluate global model
Averaged Train Loss: 0.4673
Averaged Test Accuracy: 0.7824
Averaged Test AUC: 0.7715
Averaged Test Precision: 0.7781
Averaged Test Recall: 0.7824
Averaged Test F1-Score: 0.7543
Std Test Accuracy: 0.0739
Std Test AUC: 0.0536
------------------------- time cost ------------------------- 7.37904691696167
------------------------- time cost ------------------------- 6.20749568939209
------------------------- time cost ------------------------- 6.395223617553711
------------------------- time cost ------------------------- 6.354504346847534
------------------------- time cost ------------------------- 6.245180606842041
------------------------- time cost ------------------------- 6.316174507141113
------------------------- time cost ------------------------- 6.233348369598389
------------------------- time cost ------------------------- 6.272810697555542
------------------------- time cost ------------------------- 6.3776867389678955
------------------------- time cost ------------------------- 6.428065538406372

-------------Round number: 90-------------

Evaluate global model
Averaged Train Loss: 0.4665
Averaged Test Accuracy: 0.7813
Averaged Test AUC: 0.7717
Averaged Test Precision: 0.7769
Averaged Test Recall: 0.7813
Averaged Test F1-Score: 0.7554
Std Test Accuracy: 0.0742
Std Test AUC: 0.0539
------------------------- time cost ------------------------- 7.089227914810181
------------------------- time cost ------------------------- 6.325036287307739
------------------------- time cost ------------------------- 6.437995910644531
------------------------- time cost ------------------------- 6.420545816421509
------------------------- time cost ------------------------- 6.295593976974487
------------------------- time cost ------------------------- 6.497454404830933
------------------------- time cost ------------------------- 6.550975799560547
------------------------- time cost ------------------------- 6.440906524658203
------------------------- time cost ------------------------- 6.474056720733643
------------------------- time cost ------------------------- 6.702322006225586

-------------Round number: 100-------------

Evaluate global model
Averaged Train Loss: 0.4669
Averaged Test Accuracy: 0.7776
Averaged Test AUC: 0.7726
Averaged Test Precision: 0.7753
Averaged Test Recall: 0.7776
Averaged Test F1-Score: 0.7472
Std Test Accuracy: 0.0792
Std Test AUC: 0.0517
------------------------- time cost ------------------------- 7.459986925125122

Best accuracy.
0.7850666666666667

Average time cost per round.
6.417036011219024
File path: results/Uci_FedAvg_test/Uci_FedAvg_test_0.h5
Training process CSV file path: results/Uci_FedAvg_test/Uci_FedAvg_test_0_training_process.csv
Training process data saved to: results/Uci_FedAvg_test/Uci_FedAvg_test_0_training_process.csv

平均训练时间: 650.52秒
