实验: Uci_iid_gaussian_MultiKrum_run1
物理GPU ID: 2
CUDA_VISIBLE_DEVICES: 2
时间: 2026-01-24 20:53:40
命令: /miniconda3/bin/python flcore/main.py -data Uci -algo FedAvg -nc 10 -gr 100 -ls 5 -lbs 64 -lr 0.01 -eg 10 -t 1 --heterogeneity iid --enable_attack True --attack_mode gaussian --malicious_ratio 0.3 --defense_mode multi_krum --use_tlbo False --tlbo_iterations 10 --use_autoencoder False --use_committee False
工作目录: /root/DecisionSupportSystem-FedACT/system

[GPU] 使用环境变量指定的GPU: CUDA_VISIBLE_DEVICES=2
============================================================
实验配置:
============================================================
  goal: test
  device: cuda
  device_id: 0
  dataset: Uci
  heterogeneity: iid
  model: auto
  num_classes: 2
  batch_size: 64
  local_learning_rate: 0.01
  global_rounds: 100
  local_epochs: 5
  algorithm: FedAvg
  num_clients: 10
  join_ratio: 1.0
  random_join_ratio: False
  prev: 0
  times: 1
  eval_gap: 10
  save_folder_name: results
  learning_rate_decay: False
  learning_rate_decay_gamma: 0.99
  few_shot: 0
  time_select: False
  time_threthold: 10000
  top_cnt: 100
  auto_break: False
  client_drop_rate: 0.0
  train_slow_rate: 0.0
  send_slow_rate: 0.0
  dlg_eval: False
  dlg_gap: 100
  batch_num_per_client: 2
  num_new_clients: 0
  fine_tuning_epoch_new: 0
  mu: 0.01
  beta: 0.0
  lamda: 1.0
  tau: 1.0
  plocal_epochs: 1
  server_learning_rate: 1.0
  enable_attack: True
  attack_mode: gaussian
  malicious_ratio: 0.3
  attack_scale: 3.0
  defense_mode: multi_krum
  use_autoencoder: False
  autoencoder_latent_dim: 64
  autoencoder_epochs: 20
  committee_size: 5
  vote_threshold: 0.5
  anomaly_threshold: 0.5
  anomaly_lower_coef: 0.7
  anomaly_upper_coef: 1.5
  use_committee: False
  tlbo_iterations: 10
  use_tlbo: False
  use_merkle: True
  use_incentive: True
============================================================

============= 第 1 次实验 =============
正在初始化服务器和客户端...
数据集: Uci, 特征维度: 23
模型参数量: 189,330

Join ratio / total clients: 1.0 / 10
Finished creating server and clients.

-------------Round number: 0-------------

Evaluate global model
Averaged Train Loss: 0.6905
Averaged Test Accuracy: 0.5856
Averaged Test AUC: 0.5178
Averaged Test Precision: 0.6416
Averaged Test Recall: 0.5856
Averaged Test F1-Score: 0.5989
Std Test Accuracy: 0.1062
Std Test AUC: 0.0476
------------------------- time cost ------------------------- 8.574698448181152
------------------------- time cost ------------------------- 6.266859292984009
------------------------- time cost ------------------------- 6.172231197357178
------------------------- time cost ------------------------- 6.235408782958984
------------------------- time cost ------------------------- 6.297375679016113
------------------------- time cost ------------------------- 6.250662565231323
------------------------- time cost ------------------------- 6.320681810379028
------------------------- time cost ------------------------- 6.267113447189331
------------------------- time cost ------------------------- 6.243819236755371
------------------------- time cost ------------------------- 6.334243059158325

-------------Round number: 10-------------

Evaluate global model
Averaged Train Loss: 0.4961
Averaged Test Accuracy: 0.7403
Averaged Test AUC: 0.7423
Averaged Test Precision: 0.7052
Averaged Test Recall: 0.7403
Averaged Test F1-Score: 0.6471
Std Test Accuracy: 0.1017
Std Test AUC: 0.0620
------------------------- time cost ------------------------- 7.747368574142456
------------------------- time cost ------------------------- 6.229282379150391
------------------------- time cost ------------------------- 6.198297023773193
------------------------- time cost ------------------------- 6.196234464645386
------------------------- time cost ------------------------- 6.26945948600769
------------------------- time cost ------------------------- 6.3140881061553955
------------------------- time cost ------------------------- 6.185808420181274
------------------------- time cost ------------------------- 6.311282634735107
------------------------- time cost ------------------------- 6.343425750732422
------------------------- time cost ------------------------- 6.4272260665893555

-------------Round number: 20-------------

Evaluate global model
Averaged Train Loss: 0.4745
Averaged Test Accuracy: 0.7789
Averaged Test AUC: 0.7548
Averaged Test Precision: 0.7765
Averaged Test Recall: 0.7789
Averaged Test F1-Score: 0.7435
Std Test Accuracy: 0.0803
Std Test AUC: 0.0609
------------------------- time cost ------------------------- 7.541996717453003
------------------------- time cost ------------------------- 6.195710897445679
------------------------- time cost ------------------------- 6.283057451248169
------------------------- time cost ------------------------- 6.279561281204224
------------------------- time cost ------------------------- 6.318498849868774
------------------------- time cost ------------------------- 6.3713226318359375
------------------------- time cost ------------------------- 6.1596715450286865
------------------------- time cost ------------------------- 6.2333574295043945
------------------------- time cost ------------------------- 6.309706211090088
------------------------- time cost ------------------------- 6.577534914016724

-------------Round number: 30-------------

Evaluate global model
Averaged Train Loss: 0.4710
Averaged Test Accuracy: 0.7787
Averaged Test AUC: 0.7610
Averaged Test Precision: 0.7723
Averaged Test Recall: 0.7787
Averaged Test F1-Score: 0.7480
Std Test Accuracy: 0.0775
Std Test AUC: 0.0600
------------------------- time cost ------------------------- 7.598158597946167
------------------------- time cost ------------------------- 6.316329002380371
------------------------- time cost ------------------------- 6.191012620925903
------------------------- time cost ------------------------- 6.258306980133057
------------------------- time cost ------------------------- 6.2620697021484375
------------------------- time cost ------------------------- 6.258998870849609
------------------------- time cost ------------------------- 6.403223037719727
------------------------- time cost ------------------------- 6.201858758926392
------------------------- time cost ------------------------- 6.211978435516357
------------------------- time cost ------------------------- 6.454192638397217

-------------Round number: 40-------------

Evaluate global model
Averaged Train Loss: 0.4696
Averaged Test Accuracy: 0.7783
Averaged Test AUC: 0.7651
Averaged Test Precision: 0.7761
Averaged Test Recall: 0.7783
Averaged Test F1-Score: 0.7464
Std Test Accuracy: 0.0807
Std Test AUC: 0.0576
------------------------- time cost ------------------------- 7.557264804840088
------------------------- time cost ------------------------- 6.339984655380249
------------------------- time cost ------------------------- 6.2688212394714355
------------------------- time cost ------------------------- 6.287154197692871
------------------------- time cost ------------------------- 6.251893997192383
------------------------- time cost ------------------------- 6.321628570556641
------------------------- time cost ------------------------- 6.31528115272522
------------------------- time cost ------------------------- 6.222876787185669
------------------------- time cost ------------------------- 6.272645711898804
------------------------- time cost ------------------------- 6.434991121292114

-------------Round number: 50-------------

Evaluate global model
Averaged Train Loss: 0.4676
Averaged Test Accuracy: 0.7841
Averaged Test AUC: 0.7676
Averaged Test Precision: 0.7767
Averaged Test Recall: 0.7841
Averaged Test F1-Score: 0.7581
Std Test Accuracy: 0.0687
Std Test AUC: 0.0567
------------------------- time cost ------------------------- 7.596010208129883
------------------------- time cost ------------------------- 6.278300762176514
------------------------- time cost ------------------------- 6.360613822937012
------------------------- time cost ------------------------- 6.303098678588867
------------------------- time cost ------------------------- 6.299239873886108
------------------------- time cost ------------------------- 6.2919087409973145
------------------------- time cost ------------------------- 6.267615079879761
------------------------- time cost ------------------------- 6.369106292724609
------------------------- time cost ------------------------- 6.259042739868164
------------------------- time cost ------------------------- 6.508124589920044

-------------Round number: 60-------------

Evaluate global model
Averaged Train Loss: 0.4667
Averaged Test Accuracy: 0.7857
Averaged Test AUC: 0.7695
Averaged Test Precision: 0.7789
Averaged Test Recall: 0.7857
Averaged Test F1-Score: 0.7606
Std Test Accuracy: 0.0695
Std Test AUC: 0.0548
------------------------- time cost ------------------------- 7.606746196746826
------------------------- time cost ------------------------- 6.3401243686676025
------------------------- time cost ------------------------- 6.2682106494903564
------------------------- time cost ------------------------- 6.390299320220947
------------------------- time cost ------------------------- 6.288081169128418
------------------------- time cost ------------------------- 6.26952338218689
------------------------- time cost ------------------------- 6.320735216140747
------------------------- time cost ------------------------- 6.326064825057983
------------------------- time cost ------------------------- 6.420674085617065
------------------------- time cost ------------------------- 6.545044660568237

-------------Round number: 70-------------

Evaluate global model
Averaged Train Loss: 0.4678
Averaged Test Accuracy: 0.7853
Averaged Test AUC: 0.7705
Averaged Test Precision: 0.7798
Averaged Test Recall: 0.7853
Averaged Test F1-Score: 0.7613
Std Test Accuracy: 0.0684
Std Test AUC: 0.0547
------------------------- time cost ------------------------- 7.456657886505127
------------------------- time cost ------------------------- 6.397640943527222
------------------------- time cost ------------------------- 6.318936347961426
------------------------- time cost ------------------------- 6.211333990097046
------------------------- time cost ------------------------- 6.265494346618652
------------------------- time cost ------------------------- 6.222275972366333
------------------------- time cost ------------------------- 6.152562856674194
------------------------- time cost ------------------------- 6.341515302658081
------------------------- time cost ------------------------- 6.374889135360718
------------------------- time cost ------------------------- 6.508930444717407

-------------Round number: 80-------------

Evaluate global model
Averaged Train Loss: 0.4670
Averaged Test Accuracy: 0.7855
Averaged Test AUC: 0.7711
Averaged Test Precision: 0.7802
Averaged Test Recall: 0.7855
Averaged Test F1-Score: 0.7616
Std Test Accuracy: 0.0669
Std Test AUC: 0.0536
------------------------- time cost ------------------------- 7.583605527877808
------------------------- time cost ------------------------- 6.302521228790283
------------------------- time cost ------------------------- 6.257209300994873
------------------------- time cost ------------------------- 6.370811223983765
------------------------- time cost ------------------------- 6.2520222663879395
------------------------- time cost ------------------------- 6.263579607009888
------------------------- time cost ------------------------- 6.178597927093506
------------------------- time cost ------------------------- 6.303400993347168
------------------------- time cost ------------------------- 6.5508503913879395
------------------------- time cost ------------------------- 6.532684803009033

-------------Round number: 90-------------

Evaluate global model
Averaged Train Loss: 0.4658
Averaged Test Accuracy: 0.7849
Averaged Test AUC: 0.7726
Averaged Test Precision: 0.7801
Averaged Test Recall: 0.7849
Averaged Test F1-Score: 0.7585
Std Test Accuracy: 0.0701
Std Test AUC: 0.0523
------------------------- time cost ------------------------- 7.396184682846069
------------------------- time cost ------------------------- 6.284515142440796
------------------------- time cost ------------------------- 6.277519702911377
------------------------- time cost ------------------------- 6.333118200302124
------------------------- time cost ------------------------- 6.246565103530884
------------------------- time cost ------------------------- 6.284682273864746
------------------------- time cost ------------------------- 6.361081123352051
------------------------- time cost ------------------------- 6.366450071334839
------------------------- time cost ------------------------- 5.965436697006226
------------------------- time cost ------------------------- 6.176117420196533

-------------Round number: 100-------------

Evaluate global model
Averaged Train Loss: 0.4652
Averaged Test Accuracy: 0.7849
Averaged Test AUC: 0.7732
Averaged Test Precision: 0.7798
Averaged Test Recall: 0.7849
Averaged Test F1-Score: 0.7599
Std Test Accuracy: 0.0694
Std Test AUC: 0.0521
------------------------- time cost ------------------------- 7.414073705673218

Best accuracy.
0.7857333333333333

Average time cost per round.
6.425697860717773
File path: results/Uci_FedAvg_test/Uci_FedAvg_test_0.h5
Training process CSV file path: results/Uci_FedAvg_test/Uci_FedAvg_test_0_training_process.csv
Training process data saved to: results/Uci_FedAvg_test/Uci_FedAvg_test_0_training_process.csv

平均训练时间: 654.98秒
