实验: Uci_feature_skew_minmax_Krum_run1
物理GPU ID: 4
CUDA_VISIBLE_DEVICES: 4
时间: 2026-01-24 23:49:28
命令: /miniconda3/bin/python flcore/main.py -data Uci -algo FedAvg -nc 10 -gr 100 -ls 5 -lbs 64 -lr 0.01 -eg 10 -t 1 --heterogeneity feature_skew --enable_attack True --attack_mode minmax --malicious_ratio 0.3 --defense_mode krum --use_tlbo False --tlbo_iterations 10 --use_autoencoder False --use_committee False
工作目录: /root/DecisionSupportSystem-FedACT/system

[GPU] 使用环境变量指定的GPU: CUDA_VISIBLE_DEVICES=4
============================================================
实验配置:
============================================================
  goal: test
  device: cuda
  device_id: 0
  dataset: Uci
  heterogeneity: feature_skew
  model: auto
  num_classes: 2
  batch_size: 64
  local_learning_rate: 0.01
  global_rounds: 100
  local_epochs: 5
  algorithm: FedAvg
  num_clients: 10
  join_ratio: 1.0
  random_join_ratio: False
  prev: 0
  times: 1
  eval_gap: 10
  save_folder_name: results
  learning_rate_decay: False
  learning_rate_decay_gamma: 0.99
  few_shot: 0
  time_select: False
  time_threthold: 10000
  top_cnt: 100
  auto_break: False
  client_drop_rate: 0.0
  train_slow_rate: 0.0
  send_slow_rate: 0.0
  dlg_eval: False
  dlg_gap: 100
  batch_num_per_client: 2
  num_new_clients: 0
  fine_tuning_epoch_new: 0
  mu: 0.01
  beta: 0.0
  lamda: 1.0
  tau: 1.0
  plocal_epochs: 1
  server_learning_rate: 1.0
  enable_attack: True
  attack_mode: minmax
  malicious_ratio: 0.3
  attack_scale: 3.0
  defense_mode: krum
  use_autoencoder: False
  autoencoder_latent_dim: 64
  autoencoder_epochs: 20
  committee_size: 5
  vote_threshold: 0.5
  anomaly_threshold: 0.5
  anomaly_lower_coef: 0.7
  anomaly_upper_coef: 1.5
  use_committee: False
  tlbo_iterations: 10
  use_tlbo: False
  use_merkle: True
  use_incentive: True
============================================================

============= 第 1 次实验 =============
正在初始化服务器和客户端...
数据集: Uci, 特征维度: 23
模型参数量: 189,330

Join ratio / total clients: 1.0 / 10
Finished creating server and clients.

-------------Round number: 0-------------

Evaluate global model
Averaged Train Loss: 0.6905
Averaged Test Accuracy: 0.5856
Averaged Test AUC: 0.5178
Averaged Test Precision: 0.6416
Averaged Test Recall: 0.5856
Averaged Test F1-Score: 0.5989
Std Test Accuracy: 0.1062
Std Test AUC: 0.0476
------------------------- time cost ------------------------- 7.3980395793914795
------------------------- time cost ------------------------- 6.344613790512085
------------------------- time cost ------------------------- 6.407879590988159
------------------------- time cost ------------------------- 6.3203125
------------------------- time cost ------------------------- 6.438754320144653
------------------------- time cost ------------------------- 6.244028329849243
------------------------- time cost ------------------------- 6.3943846225738525
------------------------- time cost ------------------------- 6.286083936691284
------------------------- time cost ------------------------- 6.192269325256348
------------------------- time cost ------------------------- 6.201226472854614

-------------Round number: 10-------------

Evaluate global model
Averaged Train Loss: 0.4947
Averaged Test Accuracy: 0.7417
Averaged Test AUC: 0.7413
Averaged Test Precision: 0.7251
Averaged Test Recall: 0.7417
Averaged Test F1-Score: 0.6506
Std Test Accuracy: 0.1003
Std Test AUC: 0.0622
------------------------- time cost ------------------------- 7.267322540283203
------------------------- time cost ------------------------- 6.317718982696533
------------------------- time cost ------------------------- 6.388084411621094
------------------------- time cost ------------------------- 6.339592456817627
------------------------- time cost ------------------------- 6.354150295257568
------------------------- time cost ------------------------- 6.356866121292114
------------------------- time cost ------------------------- 6.342865705490112
------------------------- time cost ------------------------- 6.357891798019409
------------------------- time cost ------------------------- 6.233613729476929
------------------------- time cost ------------------------- 6.3004748821258545

-------------Round number: 20-------------

Evaluate global model
Averaged Train Loss: 0.4757
Averaged Test Accuracy: 0.7765
Averaged Test AUC: 0.7554
Averaged Test Precision: 0.7753
Averaged Test Recall: 0.7765
Averaged Test F1-Score: 0.7392
Std Test Accuracy: 0.0827
Std Test AUC: 0.0604
------------------------- time cost ------------------------- 7.332433462142944
------------------------- time cost ------------------------- 6.229043006896973
------------------------- time cost ------------------------- 6.351595163345337
------------------------- time cost ------------------------- 6.436753273010254
------------------------- time cost ------------------------- 6.247905969619751
------------------------- time cost ------------------------- 6.3413472175598145
------------------------- time cost ------------------------- 6.3319573402404785
------------------------- time cost ------------------------- 6.40826940536499
------------------------- time cost ------------------------- 6.239458084106445
------------------------- time cost ------------------------- 6.330580234527588

-------------Round number: 30-------------

Evaluate global model
Averaged Train Loss: 0.4708
Averaged Test Accuracy: 0.7784
Averaged Test AUC: 0.7615
Averaged Test Precision: 0.7759
Averaged Test Recall: 0.7784
Averaged Test F1-Score: 0.7460
Std Test Accuracy: 0.0798
Std Test AUC: 0.0595
------------------------- time cost ------------------------- 7.309289932250977
------------------------- time cost ------------------------- 6.221130609512329
------------------------- time cost ------------------------- 6.337258815765381
------------------------- time cost ------------------------- 6.464397192001343
------------------------- time cost ------------------------- 6.342281341552734
------------------------- time cost ------------------------- 6.290369510650635
------------------------- time cost ------------------------- 6.417200803756714
------------------------- time cost ------------------------- 6.486082077026367
------------------------- time cost ------------------------- 6.199019432067871
------------------------- time cost ------------------------- 6.207745552062988

-------------Round number: 40-------------

Evaluate global model
Averaged Train Loss: 0.4693
Averaged Test Accuracy: 0.7776
Averaged Test AUC: 0.7650
Averaged Test Precision: 0.7753
Averaged Test Recall: 0.7776
Averaged Test F1-Score: 0.7455
Std Test Accuracy: 0.0800
Std Test AUC: 0.0584
------------------------- time cost ------------------------- 7.209203481674194
------------------------- time cost ------------------------- 6.223186254501343
------------------------- time cost ------------------------- 6.304594278335571
------------------------- time cost ------------------------- 6.411690711975098
------------------------- time cost ------------------------- 6.390864372253418
------------------------- time cost ------------------------- 6.352137327194214
------------------------- time cost ------------------------- 6.525153160095215
------------------------- time cost ------------------------- 6.413726091384888
------------------------- time cost ------------------------- 6.2645862102508545
------------------------- time cost ------------------------- 6.256301164627075

-------------Round number: 50-------------

Evaluate global model
Averaged Train Loss: 0.4690
Averaged Test Accuracy: 0.7791
Averaged Test AUC: 0.7681
Averaged Test Precision: 0.7765
Averaged Test Recall: 0.7791
Averaged Test F1-Score: 0.7482
Std Test Accuracy: 0.0785
Std Test AUC: 0.0566
------------------------- time cost ------------------------- 7.251223564147949
------------------------- time cost ------------------------- 6.261641263961792
------------------------- time cost ------------------------- 6.369940519332886
------------------------- time cost ------------------------- 6.429872989654541
------------------------- time cost ------------------------- 6.361201763153076
------------------------- time cost ------------------------- 6.256955862045288
------------------------- time cost ------------------------- 6.485998153686523
------------------------- time cost ------------------------- 6.468152046203613
------------------------- time cost ------------------------- 6.394379138946533
------------------------- time cost ------------------------- 6.352558612823486

-------------Round number: 60-------------

Evaluate global model
Averaged Train Loss: 0.4675
Averaged Test Accuracy: 0.7832
Averaged Test AUC: 0.7691
Averaged Test Precision: 0.7790
Averaged Test Recall: 0.7832
Averaged Test F1-Score: 0.7558
Std Test Accuracy: 0.0728
Std Test AUC: 0.0550
------------------------- time cost ------------------------- 7.28333592414856
------------------------- time cost ------------------------- 6.197871685028076
------------------------- time cost ------------------------- 6.224164962768555
------------------------- time cost ------------------------- 6.3591978549957275
------------------------- time cost ------------------------- 6.364953994750977
------------------------- time cost ------------------------- 6.1402504444122314
------------------------- time cost ------------------------- 6.283531427383423
------------------------- time cost ------------------------- 6.5051798820495605
------------------------- time cost ------------------------- 6.280978202819824
------------------------- time cost ------------------------- 6.1952879428863525

-------------Round number: 70-------------

Evaluate global model
Averaged Train Loss: 0.4673
Averaged Test Accuracy: 0.7863
Averaged Test AUC: 0.7706
Averaged Test Precision: 0.7807
Averaged Test Recall: 0.7863
Averaged Test F1-Score: 0.7608
Std Test Accuracy: 0.0684
Std Test AUC: 0.0545
------------------------- time cost ------------------------- 7.263553619384766
------------------------- time cost ------------------------- 6.210484981536865
------------------------- time cost ------------------------- 6.236618518829346
------------------------- time cost ------------------------- 6.234966993331909
------------------------- time cost ------------------------- 6.3097243309021
------------------------- time cost ------------------------- 6.157248020172119
------------------------- time cost ------------------------- 6.235941410064697
------------------------- time cost ------------------------- 6.301407814025879
------------------------- time cost ------------------------- 6.434892416000366
------------------------- time cost ------------------------- 6.153682231903076

-------------Round number: 80-------------

Evaluate global model
Averaged Train Loss: 0.4671
Averaged Test Accuracy: 0.7835
Averaged Test AUC: 0.7723
Averaged Test Precision: 0.7780
Averaged Test Recall: 0.7835
Averaged Test F1-Score: 0.7563
Std Test Accuracy: 0.0700
Std Test AUC: 0.0527
------------------------- time cost ------------------------- 7.276861906051636
------------------------- time cost ------------------------- 6.266323089599609
------------------------- time cost ------------------------- 6.186741590499878
------------------------- time cost ------------------------- 6.350046634674072
------------------------- time cost ------------------------- 6.229502439498901
------------------------- time cost ------------------------- 6.326484441757202
------------------------- time cost ------------------------- 6.347863674163818
------------------------- time cost ------------------------- 6.134818077087402
------------------------- time cost ------------------------- 6.533214330673218
------------------------- time cost ------------------------- 6.054366827011108

-------------Round number: 90-------------

Evaluate global model
Averaged Train Loss: 0.4661
Averaged Test Accuracy: 0.7823
Averaged Test AUC: 0.7721
Averaged Test Precision: 0.7769
Averaged Test Recall: 0.7823
Averaged Test F1-Score: 0.7574
Std Test Accuracy: 0.0712
Std Test AUC: 0.0537
------------------------- time cost ------------------------- 6.753659725189209
------------------------- time cost ------------------------- 6.162968635559082
------------------------- time cost ------------------------- 6.405877113342285
------------------------- time cost ------------------------- 6.177944183349609
------------------------- time cost ------------------------- 6.261369466781616
------------------------- time cost ------------------------- 5.984623432159424
------------------------- time cost ------------------------- 6.371537923812866
------------------------- time cost ------------------------- 6.251575946807861
------------------------- time cost ------------------------- 6.304502964019775
------------------------- time cost ------------------------- 6.365874767303467

-------------Round number: 100-------------

Evaluate global model
Averaged Train Loss: 0.4683
Averaged Test Accuracy: 0.7799
Averaged Test AUC: 0.7726
Averaged Test Precision: 0.7769
Averaged Test Recall: 0.7799
Averaged Test F1-Score: 0.7523
Std Test Accuracy: 0.0750
Std Test AUC: 0.0523
------------------------- time cost ------------------------- 7.586345911026001

Best accuracy.
0.7862666666666667

Average time cost per round.
6.403013949394226
File path: results/Uci_FedAvg_test/Uci_FedAvg_test_0.h5
Training process CSV file path: results/Uci_FedAvg_test/Uci_FedAvg_test_0_training_process.csv
Training process data saved to: results/Uci_FedAvg_test/Uci_FedAvg_test_0_training_process.csv

平均训练时间: 649.02秒
