实验: Uci_quantity_skew_alie_Median_run1
物理GPU ID: 0
CUDA_VISIBLE_DEVICES: 0
时间: 2026-01-24 22:53:51
命令: /miniconda3/bin/python flcore/main.py -data Uci -algo FedAvg -nc 10 -gr 100 -ls 5 -lbs 64 -lr 0.01 -eg 10 -t 1 --heterogeneity quantity_skew --enable_attack True --attack_mode alie --malicious_ratio 0.3 --defense_mode median --use_tlbo False --tlbo_iterations 10 --use_autoencoder False --use_committee False
工作目录: /root/DecisionSupportSystem-FedACT/system

[GPU] 使用环境变量指定的GPU: CUDA_VISIBLE_DEVICES=0
============================================================
实验配置:
============================================================
  goal: test
  device: cuda
  device_id: 0
  dataset: Uci
  heterogeneity: quantity_skew
  model: auto
  num_classes: 2
  batch_size: 64
  local_learning_rate: 0.01
  global_rounds: 100
  local_epochs: 5
  algorithm: FedAvg
  num_clients: 10
  join_ratio: 1.0
  random_join_ratio: False
  prev: 0
  times: 1
  eval_gap: 10
  save_folder_name: results
  learning_rate_decay: False
  learning_rate_decay_gamma: 0.99
  few_shot: 0
  time_select: False
  time_threthold: 10000
  top_cnt: 100
  auto_break: False
  client_drop_rate: 0.0
  train_slow_rate: 0.0
  send_slow_rate: 0.0
  dlg_eval: False
  dlg_gap: 100
  batch_num_per_client: 2
  num_new_clients: 0
  fine_tuning_epoch_new: 0
  mu: 0.01
  beta: 0.0
  lamda: 1.0
  tau: 1.0
  plocal_epochs: 1
  server_learning_rate: 1.0
  enable_attack: True
  attack_mode: alie
  malicious_ratio: 0.3
  attack_scale: 3.0
  defense_mode: median
  use_autoencoder: False
  autoencoder_latent_dim: 64
  autoencoder_epochs: 20
  committee_size: 5
  vote_threshold: 0.5
  anomaly_threshold: 0.5
  anomaly_lower_coef: 0.7
  anomaly_upper_coef: 1.5
  use_committee: False
  tlbo_iterations: 10
  use_tlbo: False
  use_merkle: True
  use_incentive: True
============================================================

============= 第 1 次实验 =============
正在初始化服务器和客户端...
数据集: Uci, 特征维度: 23
模型参数量: 189,330

Join ratio / total clients: 1.0 / 10
Finished creating server and clients.

-------------Round number: 0-------------

Evaluate global model
Averaged Train Loss: 0.6905
Averaged Test Accuracy: 0.5856
Averaged Test AUC: 0.5178
Averaged Test Precision: 0.6416
Averaged Test Recall: 0.5856
Averaged Test F1-Score: 0.5989
Std Test Accuracy: 0.1062
Std Test AUC: 0.0476
------------------------- time cost ------------------------- 7.582378149032593
------------------------- time cost ------------------------- 6.443867444992065
------------------------- time cost ------------------------- 6.040963172912598
------------------------- time cost ------------------------- 6.19627833366394
------------------------- time cost ------------------------- 6.039275169372559
------------------------- time cost ------------------------- 5.835558891296387
------------------------- time cost ------------------------- 6.441680908203125
------------------------- time cost ------------------------- 6.438776969909668
------------------------- time cost ------------------------- 6.360673904418945
------------------------- time cost ------------------------- 6.45971941947937

-------------Round number: 10-------------

Evaluate global model
Averaged Train Loss: 0.4957
Averaged Test Accuracy: 0.7411
Averaged Test AUC: 0.7419
Averaged Test Precision: 0.7287
Averaged Test Recall: 0.7411
Averaged Test F1-Score: 0.6489
Std Test Accuracy: 0.1007
Std Test AUC: 0.0621
------------------------- time cost ------------------------- 7.489251375198364
------------------------- time cost ------------------------- 6.33880090713501
------------------------- time cost ------------------------- 6.3352415561676025
------------------------- time cost ------------------------- 6.466566801071167
------------------------- time cost ------------------------- 6.389938116073608
------------------------- time cost ------------------------- 6.3797712326049805
------------------------- time cost ------------------------- 6.381808042526245
------------------------- time cost ------------------------- 6.4250452518463135
------------------------- time cost ------------------------- 6.448713064193726
------------------------- time cost ------------------------- 6.392010688781738

-------------Round number: 20-------------

Evaluate global model
Averaged Train Loss: 0.4741
Averaged Test Accuracy: 0.7780
Averaged Test AUC: 0.7554
Averaged Test Precision: 0.7747
Averaged Test Recall: 0.7780
Averaged Test F1-Score: 0.7430
Std Test Accuracy: 0.0820
Std Test AUC: 0.0612
------------------------- time cost ------------------------- 7.425443410873413
------------------------- time cost ------------------------- 6.33806300163269
------------------------- time cost ------------------------- 6.340587377548218
------------------------- time cost ------------------------- 6.338098526000977
------------------------- time cost ------------------------- 6.3446972370147705
------------------------- time cost ------------------------- 6.474780082702637
------------------------- time cost ------------------------- 6.32032585144043
------------------------- time cost ------------------------- 6.4247190952301025
------------------------- time cost ------------------------- 6.284548044204712
------------------------- time cost ------------------------- 6.466850280761719

-------------Round number: 30-------------

Evaluate global model
Averaged Train Loss: 0.4711
Averaged Test Accuracy: 0.7795
Averaged Test AUC: 0.7610
Averaged Test Precision: 0.7760
Averaged Test Recall: 0.7795
Averaged Test F1-Score: 0.7475
Std Test Accuracy: 0.0801
Std Test AUC: 0.0604
------------------------- time cost ------------------------- 7.479739665985107
------------------------- time cost ------------------------- 6.32569694519043
------------------------- time cost ------------------------- 6.319313287734985
------------------------- time cost ------------------------- 6.380498647689819
------------------------- time cost ------------------------- 6.342336654663086
------------------------- time cost ------------------------- 6.3155176639556885
------------------------- time cost ------------------------- 6.392018556594849
------------------------- time cost ------------------------- 6.427716970443726
------------------------- time cost ------------------------- 6.483792543411255
------------------------- time cost ------------------------- 6.392883062362671

-------------Round number: 40-------------

Evaluate global model
Averaged Train Loss: 0.4693
Averaged Test Accuracy: 0.7779
Averaged Test AUC: 0.7648
Averaged Test Precision: 0.7733
Averaged Test Recall: 0.7779
Averaged Test F1-Score: 0.7468
Std Test Accuracy: 0.0776
Std Test AUC: 0.0585
------------------------- time cost ------------------------- 7.371672868728638
------------------------- time cost ------------------------- 6.281538724899292
------------------------- time cost ------------------------- 6.255257606506348
------------------------- time cost ------------------------- 6.470794916152954
------------------------- time cost ------------------------- 6.381080150604248
------------------------- time cost ------------------------- 6.241697072982788
------------------------- time cost ------------------------- 6.39739203453064
------------------------- time cost ------------------------- 6.387601613998413
------------------------- time cost ------------------------- 6.338420629501343
------------------------- time cost ------------------------- 6.507827520370483

-------------Round number: 50-------------

Evaluate global model
Averaged Train Loss: 0.4697
Averaged Test Accuracy: 0.7815
Averaged Test AUC: 0.7670
Averaged Test Precision: 0.7776
Averaged Test Recall: 0.7815
Averaged Test F1-Score: 0.7529
Std Test Accuracy: 0.0755
Std Test AUC: 0.0567
------------------------- time cost ------------------------- 7.403076410293579
------------------------- time cost ------------------------- 6.422671318054199
------------------------- time cost ------------------------- 6.237573146820068
------------------------- time cost ------------------------- 6.4351489543914795
------------------------- time cost ------------------------- 6.343692302703857
------------------------- time cost ------------------------- 6.254316091537476
------------------------- time cost ------------------------- 6.241225242614746
------------------------- time cost ------------------------- 6.470746278762817
------------------------- time cost ------------------------- 6.321981430053711
------------------------- time cost ------------------------- 6.40449857711792

-------------Round number: 60-------------

Evaluate global model
Averaged Train Loss: 0.4667
Averaged Test Accuracy: 0.7853
Averaged Test AUC: 0.7692
Averaged Test Precision: 0.7798
Averaged Test Recall: 0.7853
Averaged Test F1-Score: 0.7599
Std Test Accuracy: 0.0700
Std Test AUC: 0.0552
------------------------- time cost ------------------------- 7.473194122314453
------------------------- time cost ------------------------- 6.395145416259766
------------------------- time cost ------------------------- 6.291097640991211
------------------------- time cost ------------------------- 6.389007568359375
------------------------- time cost ------------------------- 6.375171661376953
------------------------- time cost ------------------------- 6.26747989654541
------------------------- time cost ------------------------- 6.2750232219696045
------------------------- time cost ------------------------- 6.4454262256622314
------------------------- time cost ------------------------- 6.39451265335083
------------------------- time cost ------------------------- 6.406679630279541

-------------Round number: 70-------------

Evaluate global model
Averaged Train Loss: 0.4670
Averaged Test Accuracy: 0.7841
Averaged Test AUC: 0.7714
Averaged Test Precision: 0.7787
Averaged Test Recall: 0.7841
Averaged Test F1-Score: 0.7589
Std Test Accuracy: 0.0702
Std Test AUC: 0.0533
------------------------- time cost ------------------------- 7.408804893493652
------------------------- time cost ------------------------- 6.368865251541138
------------------------- time cost ------------------------- 6.355302095413208
------------------------- time cost ------------------------- 6.39580774307251
------------------------- time cost ------------------------- 6.4320762157440186
------------------------- time cost ------------------------- 6.298608779907227
------------------------- time cost ------------------------- 6.323019981384277
------------------------- time cost ------------------------- 6.348469257354736
------------------------- time cost ------------------------- 6.452363014221191
------------------------- time cost ------------------------- 6.367568254470825

-------------Round number: 80-------------

Evaluate global model
Averaged Train Loss: 0.4664
Averaged Test Accuracy: 0.7859
Averaged Test AUC: 0.7719
Averaged Test Precision: 0.7806
Averaged Test Recall: 0.7859
Averaged Test F1-Score: 0.7611
Std Test Accuracy: 0.0694
Std Test AUC: 0.0534
------------------------- time cost ------------------------- 7.3700878620147705
------------------------- time cost ------------------------- 6.4940185546875
------------------------- time cost ------------------------- 6.312629222869873
------------------------- time cost ------------------------- 6.49756646156311
------------------------- time cost ------------------------- 6.437836647033691
------------------------- time cost ------------------------- 6.191158056259155
------------------------- time cost ------------------------- 6.427213668823242
------------------------- time cost ------------------------- 6.328990936279297
------------------------- time cost ------------------------- 6.497943162918091
------------------------- time cost ------------------------- 6.4524009227752686

-------------Round number: 90-------------

Evaluate global model
Averaged Train Loss: 0.4662
Averaged Test Accuracy: 0.7831
Averaged Test AUC: 0.7728
Averaged Test Precision: 0.7789
Averaged Test Recall: 0.7831
Averaged Test F1-Score: 0.7568
Std Test Accuracy: 0.0715
Std Test AUC: 0.0528
------------------------- time cost ------------------------- 7.315996408462524
------------------------- time cost ------------------------- 6.2757251262664795
------------------------- time cost ------------------------- 6.302393674850464
------------------------- time cost ------------------------- 6.426831960678101
------------------------- time cost ------------------------- 6.39297342300415
------------------------- time cost ------------------------- 6.162607192993164
------------------------- time cost ------------------------- 6.029239654541016
------------------------- time cost ------------------------- 6.464787244796753
------------------------- time cost ------------------------- 6.373307228088379
------------------------- time cost ------------------------- 6.472245693206787

-------------Round number: 100-------------

Evaluate global model
Averaged Train Loss: 0.4666
Averaged Test Accuracy: 0.7797
Averaged Test AUC: 0.7729
Averaged Test Precision: 0.7779
Averaged Test Recall: 0.7797
Averaged Test F1-Score: 0.7516
Std Test Accuracy: 0.0771
Std Test AUC: 0.0519
------------------------- time cost ------------------------- 7.542765378952026

Best accuracy.
0.7858666666666667

Average time cost per round.
6.463221230506897
File path: results/Uci_FedAvg_test/Uci_FedAvg_test_0.h5
Training process CSV file path: results/Uci_FedAvg_test/Uci_FedAvg_test_0_training_process.csv
Training process data saved to: results/Uci_FedAvg_test/Uci_FedAvg_test_0_training_process.csv

平均训练时间: 655.19秒
