实验: Uci_minmax_r20_Median_run1
GPU: 0
时间: 2026-01-23 03:27:10
命令: /miniconda3/bin/python /root/DecisionSupportSystem-FedACT/system/flcore/main.py -data Uci -algo FedTLBO -nc 10 -gr 100 -ls 5 -lbs 64 -lr 0.01 -eg 10 -t 1 --enable_attack True --attack_mode minmax --malicious_ratio 0.2 --defense_mode median --use_tlbo True --tlbo_iterations 10 --use_autoencoder False --use_committee False

============================================================
实验配置:
============================================================
  goal: test
  device: cuda
  device_id: 0
  dataset: Uci
  heterogeneity: iid
  model: auto
  num_classes: 2
  batch_size: 64
  local_learning_rate: 0.01
  global_rounds: 100
  local_epochs: 5
  algorithm: FedTLBO
  num_clients: 10
  join_ratio: 1.0
  random_join_ratio: False
  prev: 0
  times: 1
  eval_gap: 10
  save_folder_name: results
  learning_rate_decay: False
  learning_rate_decay_gamma: 0.99
  few_shot: 0
  time_select: False
  time_threthold: 10000
  top_cnt: 100
  auto_break: False
  client_drop_rate: 0.0
  train_slow_rate: 0.0
  send_slow_rate: 0.0
  dlg_eval: False
  dlg_gap: 100
  batch_num_per_client: 2
  num_new_clients: 0
  fine_tuning_epoch_new: 0
  mu: 0.01
  beta: 0.0
  lamda: 1.0
  tau: 1.0
  plocal_epochs: 1
  server_learning_rate: 1.0
  enable_attack: True
  attack_mode: minmax
  malicious_ratio: 0.2
  attack_scale: 3.0
  defense_mode: median
  use_autoencoder: False
  autoencoder_latent_dim: 64
  autoencoder_epochs: 20
  committee_size: 5
  vote_threshold: 0.5
  anomaly_threshold: 0.5
  anomaly_lower_coef: 0.7
  anomaly_upper_coef: 1.5
  use_committee: False
  tlbo_iterations: 10
  use_tlbo: True
  use_merkle: True
  use_incentive: True
============================================================

============= 第 1 次实验 =============
正在初始化服务器和客户端...
数据集: Uci, 特征维度: 23
模型参数量: 189,330

============================================================
FedACT Server
============================================================
客户端: 10, 轮数: 100
防御模式: median
攻击模式: minmax (恶意客户端: 2)
============================================================


[Round 1/100] 正在训练...
  客户端训练 1/10...
  客户端训练 2/10...
  客户端训练 3/10...
  客户端训练 4/10...
  客户端训练 5/10...
  客户端训练 6/10...
  客户端训练 7/10...
  客户端训练 8/10...
  客户端训练 9/10...
  客户端训练 10/10...
  客户端训练完成 (10)     
[Round 2/100] 正在训练...
  客户端训练 1/10...
  客户端训练 2/10...
  客户端训练 3/10...
  客户端训练 4/10...
  客户端训练 5/10...
  客户端训练 6/10...
  客户端训练 7/10...
  客户端训练 8/10...
  客户端训练 9/10...
  客户端训练 10/10...
  客户端训练完成 (10)     
[Round 3/100] 正在训练...
  客户端训练 1/10...
  客户端训练 2/10...
  客户端训练 3/10...
  客户端训练 4/10...
  客户端训练 5/10...
  客户端训练 6/10...
  客户端训练 7/10...
  客户端训练 8/10...
  客户端训练 9/10...
  客户端训练 10/10...
  客户端训练完成 (10)     
[Round 4/100] 正在训练...
  客户端训练 1/10...
  客户端训练 2/10...
  客户端训练 3/10...
  客户端训练 4/10...
  客户端训练 5/10...
  客户端训练 6/10...
  客户端训练 7/10...
  客户端训练 8/10...
  客户端训练 9/10...
  客户端训练 10/10...
  客户端训练完成 (10)     
[Round 5/100] 正在训练...
  客户端训练 1/10...
  客户端训练 2/10...
  客户端训练 3/10...
  客户端训练 4/10...
  客户端训练 5/10...
  客户端训练 6/10...
  客户端训练 7/10...
  客户端训练 8/10...
  客户端训练 9/10...
  客户端训练 10/10...
  客户端训练完成 (10)     
[Round 6/100] 正在训练...
  客户端训练 1/10...
  客户端训练 2/10...
  客户端训练 3/10...
  客户端训练 4/10...
  客户端训练 5/10...
  客户端训练 6/10...
  客户端训练 7/10...
  客户端训练 8/10...
  客户端训练 9/10...
  客户端训练 10/10...
  客户端训练完成 (10)     
[Round 7/100] 正在训练...
  客户端训练 1/10...
  客户端训练 2/10...
  客户端训练 3/10...
  客户端训练 4/10...
  客户端训练 5/10...
  客户端训练 6/10...
  客户端训练 7/10...
  客户端训练 8/10...
  客户端训练 9/10...
  客户端训练 10/10...
  客户端训练完成 (10)     
[Round 8/100] 正在训练...
  客户端训练 1/10...
  客户端训练 2/10...
  客户端训练 3/10...
  客户端训练 4/10...
  客户端训练 5/10...
  客户端训练 6/10...
  客户端训练 7/10...
  客户端训练 8/10...
  客户端训练 9/10...
  客户端训练 10/10...
  客户端训练完成 (10)     
[Round 9/100] 正在训练...
  客户端训练 1/10...
  客户端训练 2/10...
  客户端训练 3/10...
  客户端训练 4/10...
  客户端训练 5/10...
  客户端训练 6/10...
  客户端训练 7/10...
  客户端训练 8/10...
  客户端训练 9/10...
  客户端训练 10/10...
  客户端训练完成 (10)     
[Round 10/100] 正在训练...
  客户端训练 1/10...
  客户端训练 2/10...
  客户端训练 3/10...
  客户端训练 4/10...
  客户端训练 5/10...
  客户端训练 6/10...
  客户端训练 7/10...
  客户端训练 8/10...
  客户端训练 9/10...
  客户端训练 10/10...
  客户端训练完成 (10)     
[Round 10/100]                              
Averaged Train Loss: 0.5348
Averaged Test Accuracy: 0.7716
Averaged Test AUC: 0.7053
Averaged Test Precision: 0.6803
Averaged Test Recall: 0.7716
Averaged Test F1-Score: 0.6988
Std Test Accuracy: 0.0635
Std Test AUC: 0.0662
  耗时: 6.95s

[Round 11/100] 正在训练...
  客户端训练 1/10...
  客户端训练 2/10...
  客户端训练 3/10...
  客户端训练 4/10...
  客户端训练 5/10...
  客户端训练 6/10...
  客户端训练 7/10...
  客户端训练 8/10...
  客户端训练 9/10...
  客户端训练 10/10...
  客户端训练完成 (10)     
[Round 12/100] 正在训练...
  客户端训练 1/10...
  客户端训练 2/10...
  客户端训练 3/10...
  客户端训练 4/10...
  客户端训练 5/10...
  客户端训练 6/10...
  客户端训练 7/10...
  客户端训练 8/10...
  客户端训练 9/10...
  客户端训练 10/10...
  客户端训练完成 (10)     
[Round 13/100] 正在训练...
  客户端训练 1/10...
  客户端训练 2/10...
  客户端训练 3/10...
  客户端训练 4/10...
  客户端训练 5/10...
  客户端训练 6/10...
  客户端训练 7/10...
  客户端训练 8/10...
  客户端训练 9/10...
  客户端训练 10/10...
  客户端训练完成 (10)     
[Round 14/100] 正在训练...
  客户端训练 1/10...
  客户端训练 2/10...
  客户端训练 3/10...
  客户端训练 4/10...
  客户端训练 5/10...
  客户端训练 6/10...
  客户端训练 7/10...
  客户端训练 8/10...
  客户端训练 9/10...
  客户端训练 10/10...
  客户端训练完成 (10)     
[Round 15/100] 正在训练...
  客户端训练 1/10...
  客户端训练 2/10...
  客户端训练 3/10...
  客户端训练 4/10...
  客户端训练 5/10...
  客户端训练 6/10...
  客户端训练 7/10...
  客户端训练 8/10...
  客户端训练 9/10...
  客户端训练 10/10...
  客户端训练完成 (10)     
[Round 16/100] 正在训练...
  客户端训练 1/10...
  客户端训练 2/10...
  客户端训练 3/10...
  客户端训练 4/10...
  客户端训练 5/10...
  客户端训练 6/10...
  客户端训练 7/10...
  客户端训练 8/10...
  客户端训练 9/10...
  客户端训练 10/10...
  客户端训练完成 (10)     
[Round 17/100] 正在训练...
  客户端训练 1/10...
  客户端训练 2/10...
  客户端训练 3/10...
  客户端训练 4/10...
  客户端训练 5/10...
  客户端训练 6/10...
  客户端训练 7/10...
  客户端训练 8/10...
  客户端训练 9/10...
  客户端训练 10/10...
  客户端训练完成 (10)     
[Round 18/100] 正在训练...
  客户端训练 1/10...
  客户端训练 2/10...
  客户端训练 3/10...
  客户端训练 4/10...
  客户端训练 5/10...
  客户端训练 6/10...
  客户端训练 7/10...
  客户端训练 8/10...
  客户端训练 9/10...
  客户端训练 10/10...
  客户端训练完成 (10)     
[Round 19/100] 正在训练...
  客户端训练 1/10...
  客户端训练 2/10...
  客户端训练 3/10...
  客户端训练 4/10...
  客户端训练 5/10...
  客户端训练 6/10...
  客户端训练 7/10...
  客户端训练 8/10...
  客户端训练 9/10...
  客户端训练 10/10...
  客户端训练完成 (10)     
[Round 20/100] 正在训练...
  客户端训练 1/10...
  客户端训练 2/10...
  客户端训练 3/10...
  客户端训练 4/10...
  客户端训练 5/10...
  客户端训练 6/10...
  客户端训练 7/10...
  客户端训练 8/10...
  客户端训练 9/10...
  客户端训练 10/10...
  客户端训练完成 (10)     
[Round 20/100]                              
Averaged Train Loss: 0.5337
Averaged Test Accuracy: 0.7696
Averaged Test AUC: 0.7054
Averaged Test Precision: 0.6767
Averaged Test Recall: 0.7696
Averaged Test F1-Score: 0.6964
Std Test Accuracy: 0.0642
Std Test AUC: 0.0672
  耗时: 6.70s

[Round 21/100] 正在训练...
  客户端训练 1/10...
  客户端训练 2/10...
  客户端训练 3/10...
  客户端训练 4/10...
  客户端训练 5/10...
  客户端训练 6/10...
  客户端训练 7/10...
  客户端训练 8/10...
  客户端训练 9/10...
  客户端训练 10/10...
  客户端训练完成 (10)     
[Round 22/100] 正在训练...
  客户端训练 1/10...
  客户端训练 2/10...
  客户端训练 3/10...
  客户端训练 4/10...
  客户端训练 5/10...
  客户端训练 6/10...
  客户端训练 7/10...
  客户端训练 8/10...
  客户端训练 9/10...
  客户端训练 10/10...
  客户端训练完成 (10)     
[Round 23/100] 正在训练...
  客户端训练 1/10...
  客户端训练 2/10...
  客户端训练 3/10...
  客户端训练 4/10...
  客户端训练 5/10...
  客户端训练 6/10...
  客户端训练 7/10...
  客户端训练 8/10...
  客户端训练 9/10...
  客户端训练 10/10...
  客户端训练完成 (10)     
[Round 24/100] 正在训练...
  客户端训练 1/10...
  客户端训练 2/10...
  客户端训练 3/10...
  客户端训练 4/10...
  客户端训练 5/10...
  客户端训练 6/10...
  客户端训练 7/10...
  客户端训练 8/10...
  客户端训练 9/10...
  客户端训练 10/10...
  客户端训练完成 (10)     
[Round 25/100] 正在训练...
  客户端训练 1/10...
  客户端训练 2/10...
  客户端训练 3/10...
  客户端训练 4/10...
  客户端训练 5/10...
  客户端训练 6/10...
  客户端训练 7/10...
  客户端训练 8/10...
  客户端训练 9/10...
  客户端训练 10/10...
  客户端训练完成 (10)     
[Round 26/100] 正在训练...
  客户端训练 1/10...
  客户端训练 2/10...
  客户端训练 3/10...
  客户端训练 4/10...
  客户端训练 5/10...
  客户端训练 6/10...
  客户端训练 7/10...
  客户端训练 8/10...
  客户端训练 9/10...
  客户端训练 10/10...
  客户端训练完成 (10)     
[Round 27/100] 正在训练...
  客户端训练 1/10...
  客户端训练 2/10...
  客户端训练 3/10...
  客户端训练 4/10...
  客户端训练 5/10...
  客户端训练 6/10...
  客户端训练 7/10...
  客户端训练 8/10...
  客户端训练 9/10...
  客户端训练 10/10...
  客户端训练完成 (10)     
[Round 28/100] 正在训练...
  客户端训练 1/10...
  客户端训练 2/10...
  客户端训练 3/10...
  客户端训练 4/10...
  客户端训练 5/10...
  客户端训练 6/10...
  客户端训练 7/10...
  客户端训练 8/10...
  客户端训练 9/10...
  客户端训练 10/10...
  客户端训练完成 (10)     
[Round 29/100] 正在训练...
  客户端训练 1/10...
  客户端训练 2/10...
  客户端训练 3/10...
  客户端训练 4/10...
  客户端训练 5/10...
  客户端训练 6/10...
  客户端训练 7/10...
  客户端训练 8/10...
  客户端训练 9/10...
  客户端训练 10/10...
  客户端训练完成 (10)     
[Round 30/100] 正在训练...
  客户端训练 1/10...
  客户端训练 2/10...
  客户端训练 3/10...
  客户端训练 4/10...
  客户端训练 5/10...
  客户端训练 6/10...
  客户端训练 7/10...
  客户端训练 8/10...
  客户端训练 9/10...
  客户端训练 10/10...
  客户端训练完成 (10)     
[Round 30/100]                              
Averaged Train Loss: 0.5322
Averaged Test Accuracy: 0.7696
Averaged Test AUC: 0.7049
Averaged Test Precision: 0.6772
Averaged Test Recall: 0.7696
Averaged Test F1-Score: 0.6959
Std Test Accuracy: 0.0646
Std Test AUC: 0.0700
  耗时: 7.21s

[Round 31/100] 正在训练...
  客户端训练 1/10...
  客户端训练 2/10...
  客户端训练 3/10...
  客户端训练 4/10...
  客户端训练 5/10...
  客户端训练 6/10...
  客户端训练 7/10...
  客户端训练 8/10...
  客户端训练 9/10...
  客户端训练 10/10...
  客户端训练完成 (10)     
[Round 32/100] 正在训练...
  客户端训练 1/10...
  客户端训练 2/10...
  客户端训练 3/10...
  客户端训练 4/10...
  客户端训练 5/10...
  客户端训练 6/10...
  客户端训练 7/10...
  客户端训练 8/10...
  客户端训练 9/10...
  客户端训练 10/10...
  客户端训练完成 (10)     
[Round 33/100] 正在训练...
  客户端训练 1/10...
  客户端训练 2/10...
  客户端训练 3/10...
  客户端训练 4/10...
  客户端训练 5/10...
  客户端训练 6/10...
  客户端训练 7/10...
  客户端训练 8/10...
  客户端训练 9/10...
  客户端训练 10/10...
  客户端训练完成 (10)     
[Round 34/100] 正在训练...
  客户端训练 1/10...
  客户端训练 2/10...
  客户端训练 3/10...
  客户端训练 4/10...
  客户端训练 5/10...
  客户端训练 6/10...
  客户端训练 7/10...
  客户端训练 8/10...
  客户端训练 9/10...
  客户端训练 10/10...
  客户端训练完成 (10)     
[Round 35/100] 正在训练...
  客户端训练 1/10...
  客户端训练 2/10...
  客户端训练 3/10...
  客户端训练 4/10...
  客户端训练 5/10...
  客户端训练 6/10...
  客户端训练 7/10...
  客户端训练 8/10...
  客户端训练 9/10...
  客户端训练 10/10...
  客户端训练完成 (10)     
[Round 36/100] 正在训练...
  客户端训练 1/10...
  客户端训练 2/10...
  客户端训练 3/10...
  客户端训练 4/10...
  客户端训练 5/10...
  客户端训练 6/10...
  客户端训练 7/10...
  客户端训练 8/10...
  客户端训练 9/10...
  客户端训练 10/10...
  客户端训练完成 (10)     
[Round 37/100] 正在训练...
  客户端训练 1/10...
  客户端训练 2/10...
  客户端训练 3/10...
  客户端训练 4/10...
  客户端训练 5/10...
  客户端训练 6/10...
  客户端训练 7/10...
  客户端训练 8/10...
  客户端训练 9/10...
  客户端训练 10/10...
  客户端训练完成 (10)     
[Round 38/100] 正在训练...
  客户端训练 1/10...
  客户端训练 2/10...
  客户端训练 3/10...
  客户端训练 4/10...
  客户端训练 5/10...
  客户端训练 6/10...
  客户端训练 7/10...
  客户端训练 8/10...
  客户端训练 9/10...
  客户端训练 10/10...
  客户端训练完成 (10)     
[Round 39/100] 正在训练...
  客户端训练 1/10...
  客户端训练 2/10...
  客户端训练 3/10...
  客户端训练 4/10...
  客户端训练 5/10...
  客户端训练 6/10...
  客户端训练 7/10...
  客户端训练 8/10...
  客户端训练 9/10...
  客户端训练 10/10...
  客户端训练完成 (10)     
[Round 40/100] 正在训练...
  客户端训练 1/10...
  客户端训练 2/10...
  客户端训练 3/10...
  客户端训练 4/10...
  客户端训练 5/10...
  客户端训练 6/10...
  客户端训练 7/10...
  客户端训练 8/10...
  客户端训练 9/10...
  客户端训练 10/10...
  客户端训练完成 (10)     
[Round 40/100]                              
Averaged Train Loss: 0.5298
Averaged Test Accuracy: 0.7652
Averaged Test AUC: 0.7054
Averaged Test Precision: 0.6817
Averaged Test Recall: 0.7652
Averaged Test F1-Score: 0.6903
Std Test Accuracy: 0.0658
Std Test AUC: 0.0721
  耗时: 7.31s

[Round 41/100] 正在训练...
  客户端训练 1/10...
  客户端训练 2/10...
  客户端训练 3/10...
  客户端训练 4/10...
  客户端训练 5/10...
  客户端训练 6/10...
  客户端训练 7/10...
  客户端训练 8/10...
  客户端训练 9/10...
  客户端训练 10/10...
  客户端训练完成 (10)     
[Round 42/100] 正在训练...
  客户端训练 1/10...
  客户端训练 2/10...
  客户端训练 3/10...
  客户端训练 4/10...
  客户端训练 5/10...
  客户端训练 6/10...
  客户端训练 7/10...
  客户端训练 8/10...
  客户端训练 9/10...
  客户端训练 10/10...
  客户端训练完成 (10)     
[Round 43/100] 正在训练...
  客户端训练 1/10...
  客户端训练 2/10...
  客户端训练 3/10...
  客户端训练 4/10...
  客户端训练 5/10...
  客户端训练 6/10...
  客户端训练 7/10...
  客户端训练 8/10...
  客户端训练 9/10...
  客户端训练 10/10...
  客户端训练完成 (10)     
[Round 44/100] 正在训练...
  客户端训练 1/10...
  客户端训练 2/10...
  客户端训练 3/10...
  客户端训练 4/10...
  客户端训练 5/10...
  客户端训练 6/10...
  客户端训练 7/10...
  客户端训练 8/10...
  客户端训练 9/10...
  客户端训练 10/10...
  客户端训练完成 (10)     
[Round 45/100] 正在训练...
  客户端训练 1/10...
  客户端训练 2/10...
  客户端训练 3/10...
  客户端训练 4/10...
  客户端训练 5/10...
  客户端训练 6/10...
  客户端训练 7/10...
  客户端训练 8/10...
  客户端训练 9/10...
  客户端训练 10/10...
  客户端训练完成 (10)     
[Round 46/100] 正在训练...
  客户端训练 1/10...
  客户端训练 2/10...
  客户端训练 3/10...
  客户端训练 4/10...
  客户端训练 5/10...
  客户端训练 6/10...
  客户端训练 7/10...
  客户端训练 8/10...
  客户端训练 9/10...
  客户端训练 10/10...
  客户端训练完成 (10)     
[Round 47/100] 正在训练...
  客户端训练 1/10...
  客户端训练 2/10...
  客户端训练 3/10...
  客户端训练 4/10...
  客户端训练 5/10...
  客户端训练 6/10...
  客户端训练 7/10...
  客户端训练 8/10...
  客户端训练 9/10...
  客户端训练 10/10...
  客户端训练完成 (10)     
[Round 48/100] 正在训练...
  客户端训练 1/10...
  客户端训练 2/10...
  客户端训练 3/10...
  客户端训练 4/10...
  客户端训练 5/10...
  客户端训练 6/10...
  客户端训练 7/10...
  客户端训练 8/10...
  客户端训练 9/10...
  客户端训练 10/10...
  客户端训练完成 (10)     
[Round 49/100] 正在训练...
  客户端训练 1/10...
  客户端训练 2/10...
  客户端训练 3/10...
  客户端训练 4/10...
  客户端训练 5/10...
  客户端训练 6/10...
  客户端训练 7/10...
  客户端训练 8/10...
  客户端训练 9/10...
  客户端训练 10/10...
  客户端训练完成 (10)     
[Round 50/100] 正在训练...
  客户端训练 1/10...
  客户端训练 2/10...
  客户端训练 3/10...
  客户端训练 4/10...
  客户端训练 5/10...
  客户端训练 6/10...
  客户端训练 7/10...
  客户端训练 8/10...
  客户端训练 9/10...
  客户端训练 10/10...
  客户端训练完成 (10)     
[Round 50/100]                              
Averaged Train Loss: 0.5284
Averaged Test Accuracy: 0.7628
Averaged Test AUC: 0.7073
Averaged Test Precision: 0.6721
Averaged Test Recall: 0.7628
Averaged Test F1-Score: 0.6868
Std Test Accuracy: 0.0685
Std Test AUC: 0.0649
  耗时: 6.71s

[Round 51/100] 正在训练...
  客户端训练 1/10...
  客户端训练 2/10...
  客户端训练 3/10...
  客户端训练 4/10...
  客户端训练 5/10...
  客户端训练 6/10...
  客户端训练 7/10...
  客户端训练 8/10...
  客户端训练 9/10...
  客户端训练 10/10...
  客户端训练完成 (10)     
[Round 52/100] 正在训练...
  客户端训练 1/10...
  客户端训练 2/10...
  客户端训练 3/10...
  客户端训练 4/10...
  客户端训练 5/10...
  客户端训练 6/10...
  客户端训练 7/10...
  客户端训练 8/10...
  客户端训练 9/10...
  客户端训练 10/10...
  客户端训练完成 (10)     
[Round 53/100] 正在训练...
  客户端训练 1/10...
  客户端训练 2/10...
  客户端训练 3/10...
  客户端训练 4/10...
  客户端训练 5/10...
  客户端训练 6/10...
  客户端训练 7/10...
  客户端训练 8/10...
  客户端训练 9/10...
  客户端训练 10/10...
  客户端训练完成 (10)     
[Round 54/100] 正在训练...
  客户端训练 1/10...
  客户端训练 2/10...
  客户端训练 3/10...
  客户端训练 4/10...
  客户端训练 5/10...
  客户端训练 6/10...
  客户端训练 7/10...
  客户端训练 8/10...
  客户端训练 9/10...
  客户端训练 10/10...
  客户端训练完成 (10)     
[Round 55/100] 正在训练...
  客户端训练 1/10...
  客户端训练 2/10...
  客户端训练 3/10...
  客户端训练 4/10...
  客户端训练 5/10...
  客户端训练 6/10...
  客户端训练 7/10...
  客户端训练 8/10...
  客户端训练 9/10...
  客户端训练 10/10...
  客户端训练完成 (10)     
[Round 56/100] 正在训练...
  客户端训练 1/10...
  客户端训练 2/10...
  客户端训练 3/10...
  客户端训练 4/10...
  客户端训练 5/10...
  客户端训练 6/10...
  客户端训练 7/10...
  客户端训练 8/10...
  客户端训练 9/10...
  客户端训练 10/10...
  客户端训练完成 (10)     
[Round 57/100] 正在训练...
  客户端训练 1/10...
  客户端训练 2/10...
  客户端训练 3/10...
  客户端训练 4/10...
  客户端训练 5/10...
  客户端训练 6/10...
  客户端训练 7/10...
  客户端训练 8/10...
  客户端训练 9/10...
  客户端训练 10/10...
  客户端训练完成 (10)     
[Round 58/100] 正在训练...
  客户端训练 1/10...
  客户端训练 2/10...
  客户端训练 3/10...
  客户端训练 4/10...
  客户端训练 5/10...
  客户端训练 6/10...
  客户端训练 7/10...
  客户端训练 8/10...
  客户端训练 9/10...
  客户端训练 10/10...
  客户端训练完成 (10)     
[Round 59/100] 正在训练...
  客户端训练 1/10...
  客户端训练 2/10...
  客户端训练 3/10...
  客户端训练 4/10...
  客户端训练 5/10...
  客户端训练 6/10...
  客户端训练 7/10...
  客户端训练 8/10...
  客户端训练 9/10...
  客户端训练 10/10...
  客户端训练完成 (10)     
[Round 60/100] 正在训练...
  客户端训练 1/10...
  客户端训练 2/10...
  客户端训练 3/10...
  客户端训练 4/10...
  客户端训练 5/10...
  客户端训练 6/10...
  客户端训练 7/10...
  客户端训练 8/10...
  客户端训练 9/10...
  客户端训练 10/10...
  客户端训练完成 (10)     
[Round 60/100]                              
Averaged Train Loss: 0.5275
Averaged Test Accuracy: 0.7612
Averaged Test AUC: 0.7107
Averaged Test Precision: 0.6581
Averaged Test Recall: 0.7612
Averaged Test F1-Score: 0.6841
Std Test Accuracy: 0.0702
Std Test AUC: 0.0681
  耗时: 6.19s

[Round 61/100] 正在训练...
  客户端训练 1/10...
  客户端训练 2/10...
  客户端训练 3/10...
  客户端训练 4/10...
  客户端训练 5/10...
  客户端训练 6/10...
  客户端训练 7/10...
  客户端训练 8/10...
  客户端训练 9/10...
  客户端训练 10/10...
  客户端训练完成 (10)     
[Round 62/100] 正在训练...
  客户端训练 1/10...
  客户端训练 2/10...
  客户端训练 3/10...
  客户端训练 4/10...
  客户端训练 5/10...
  客户端训练 6/10...
  客户端训练 7/10...
  客户端训练 8/10...
  客户端训练 9/10...
  客户端训练 10/10...
  客户端训练完成 (10)     
[Round 63/100] 正在训练...
  客户端训练 1/10...
  客户端训练 2/10...
  客户端训练 3/10...
  客户端训练 4/10...
  客户端训练 5/10...
  客户端训练 6/10...
  客户端训练 7/10...
  客户端训练 8/10...
  客户端训练 9/10...
  客户端训练 10/10...
  客户端训练完成 (10)     
[Round 64/100] 正在训练...
  客户端训练 1/10...
  客户端训练 2/10...
  客户端训练 3/10...
  客户端训练 4/10...
  客户端训练 5/10...
  客户端训练 6/10...
  客户端训练 7/10...
  客户端训练 8/10...
  客户端训练 9/10...
  客户端训练 10/10...
  客户端训练完成 (10)     
[Round 65/100] 正在训练...
  客户端训练 1/10...
  客户端训练 2/10...
  客户端训练 3/10...
  客户端训练 4/10...
  客户端训练 5/10...
  客户端训练 6/10...
  客户端训练 7/10...
  客户端训练 8/10...
  客户端训练 9/10...
  客户端训练 10/10...
  客户端训练完成 (10)     
[Round 66/100] 正在训练...
  客户端训练 1/10...
  客户端训练 2/10...
  客户端训练 3/10...
  客户端训练 4/10...
  客户端训练 5/10...
  客户端训练 6/10...
  客户端训练 7/10...
  客户端训练 8/10...
  客户端训练 9/10...
  客户端训练 10/10...
  客户端训练完成 (10)     
[Round 67/100] 正在训练...
  客户端训练 1/10...
  客户端训练 2/10...
  客户端训练 3/10...
  客户端训练 4/10...
  客户端训练 5/10...
  客户端训练 6/10...
  客户端训练 7/10...
  客户端训练 8/10...
  客户端训练 9/10...
  客户端训练 10/10...
  客户端训练完成 (10)     
[Round 68/100] 正在训练...
  客户端训练 1/10...
  客户端训练 2/10...
  客户端训练 3/10...
  客户端训练 4/10...
  客户端训练 5/10...
  客户端训练 6/10...
  客户端训练 7/10...
  客户端训练 8/10...
  客户端训练 9/10...
  客户端训练 10/10...
  客户端训练完成 (10)     
[Round 69/100] 正在训练...
  客户端训练 1/10...
  客户端训练 2/10...
  客户端训练 3/10...
  客户端训练 4/10...
  客户端训练 5/10...
  客户端训练 6/10...
  客户端训练 7/10...
  客户端训练 8/10...
  客户端训练 9/10...
  客户端训练 10/10...
  客户端训练完成 (10)     
[Round 70/100] 正在训练...
  客户端训练 1/10...
  客户端训练 2/10...
  客户端训练 3/10...
  客户端训练 4/10...
  客户端训练 5/10...
  客户端训练 6/10...
  客户端训练 7/10...
  客户端训练 8/10...
  客户端训练 9/10...
  客户端训练 10/10...
  客户端训练完成 (10)     
[Round 70/100]                              
Averaged Train Loss: 0.5264
Averaged Test Accuracy: 0.7580
Averaged Test AUC: 0.7123
Averaged Test Precision: 0.6643
Averaged Test Recall: 0.7580
Averaged Test F1-Score: 0.6798
Std Test Accuracy: 0.0736
Std Test AUC: 0.0654
  耗时: 6.65s

[Round 71/100] 正在训练...
  客户端训练 1/10...
  客户端训练 2/10...
  客户端训练 3/10...
  客户端训练 4/10...
  客户端训练 5/10...
  客户端训练 6/10...
  客户端训练 7/10...
  客户端训练 8/10...
  客户端训练 9/10...
  客户端训练 10/10...
  客户端训练完成 (10)     
[Round 72/100] 正在训练...
  客户端训练 1/10...
  客户端训练 2/10...
  客户端训练 3/10...
  客户端训练 4/10...
  客户端训练 5/10...
  客户端训练 6/10...
  客户端训练 7/10...
  客户端训练 8/10...
  客户端训练 9/10...
  客户端训练 10/10...
  客户端训练完成 (10)     
[Round 73/100] 正在训练...
  客户端训练 1/10...
  客户端训练 2/10...
  客户端训练 3/10...
  客户端训练 4/10...
  客户端训练 5/10...
  客户端训练 6/10...
  客户端训练 7/10...
  客户端训练 8/10...
  客户端训练 9/10...
  客户端训练 10/10...
  客户端训练完成 (10)     
[Round 74/100] 正在训练...
  客户端训练 1/10...
  客户端训练 2/10...
  客户端训练 3/10...
  客户端训练 4/10...
  客户端训练 5/10...
  客户端训练 6/10...
  客户端训练 7/10...
  客户端训练 8/10...
  客户端训练 9/10...
  客户端训练 10/10...
  客户端训练完成 (10)     
[Round 75/100] 正在训练...
  客户端训练 1/10...
  客户端训练 2/10...
  客户端训练 3/10...
  客户端训练 4/10...
  客户端训练 5/10...
  客户端训练 6/10...
  客户端训练 7/10...
  客户端训练 8/10...
  客户端训练 9/10...
  客户端训练 10/10...
  客户端训练完成 (10)     
[Round 76/100] 正在训练...
  客户端训练 1/10...
  客户端训练 2/10...
  客户端训练 3/10...
  客户端训练 4/10...
  客户端训练 5/10...
  客户端训练 6/10...
  客户端训练 7/10...
  客户端训练 8/10...
  客户端训练 9/10...
  客户端训练 10/10...
  客户端训练完成 (10)     
[Round 77/100] 正在训练...
  客户端训练 1/10...
  客户端训练 2/10...
  客户端训练 3/10...
  客户端训练 4/10...
  客户端训练 5/10...
  客户端训练 6/10...
  客户端训练 7/10...
  客户端训练 8/10...
  客户端训练 9/10...
  客户端训练 10/10...
  客户端训练完成 (10)     
[Round 78/100] 正在训练...
  客户端训练 1/10...
  客户端训练 2/10...
  客户端训练 3/10...
  客户端训练 4/10...
  客户端训练 5/10...
  客户端训练 6/10...
  客户端训练 7/10...
  客户端训练 8/10...
  客户端训练 9/10...
  客户端训练 10/10...
  客户端训练完成 (10)     
[Round 79/100] 正在训练...
  客户端训练 1/10...
  客户端训练 2/10...
  客户端训练 3/10...
  客户端训练 4/10...
  客户端训练 5/10...
  客户端训练 6/10...
  客户端训练 7/10...
  客户端训练 8/10...
  客户端训练 9/10...
  客户端训练 10/10...
  客户端训练完成 (10)     
[Round 80/100] 正在训练...
  客户端训练 1/10...
  客户端训练 2/10...
  客户端训练 3/10...
  客户端训练 4/10...
  客户端训练 5/10...
  客户端训练 6/10...
  客户端训练 7/10...
  客户端训练 8/10...
  客户端训练 9/10...
  客户端训练 10/10...
  客户端训练完成 (10)     
[Round 80/100]                              
Averaged Train Loss: 0.5251
Averaged Test Accuracy: 0.7575
Averaged Test AUC: 0.7128
Averaged Test Precision: 0.6680
Averaged Test Recall: 0.7575
Averaged Test F1-Score: 0.6768
Std Test Accuracy: 0.0748
Std Test AUC: 0.0635
  耗时: 6.28s

[Round 81/100] 正在训练...
  客户端训练 1/10...
  客户端训练 2/10...
  客户端训练 3/10...
  客户端训练 4/10...
  客户端训练 5/10...
  客户端训练 6/10...
  客户端训练 7/10...
  客户端训练 8/10...
  客户端训练 9/10...
  客户端训练 10/10...
  客户端训练完成 (10)     
[Round 82/100] 正在训练...
  客户端训练 1/10...
  客户端训练 2/10...
  客户端训练 3/10...
  客户端训练 4/10...
  客户端训练 5/10...
  客户端训练 6/10...
  客户端训练 7/10...
  客户端训练 8/10...
  客户端训练 9/10...
  客户端训练 10/10...
  客户端训练完成 (10)     
[Round 83/100] 正在训练...
  客户端训练 1/10...
  客户端训练 2/10...
  客户端训练 3/10...
  客户端训练 4/10...
  客户端训练 5/10...
  客户端训练 6/10...
  客户端训练 7/10...
  客户端训练 8/10...
  客户端训练 9/10...
  客户端训练 10/10...
  客户端训练完成 (10)     
[Round 84/100] 正在训练...
  客户端训练 1/10...
  客户端训练 2/10...
  客户端训练 3/10...
  客户端训练 4/10...
  客户端训练 5/10...
  客户端训练 6/10...
  客户端训练 7/10...
  客户端训练 8/10...
  客户端训练 9/10...
  客户端训练 10/10...
  客户端训练完成 (10)     
[Round 85/100] 正在训练...
  客户端训练 1/10...
  客户端训练 2/10...
  客户端训练 3/10...
  客户端训练 4/10...
  客户端训练 5/10...
  客户端训练 6/10...
  客户端训练 7/10...
  客户端训练 8/10...
  客户端训练 9/10...
  客户端训练 10/10...
  客户端训练完成 (10)     
[Round 86/100] 正在训练...
  客户端训练 1/10...
  客户端训练 2/10...
  客户端训练 3/10...
  客户端训练 4/10...
  客户端训练 5/10...
  客户端训练 6/10...
  客户端训练 7/10...
  客户端训练 8/10...
  客户端训练 9/10...
  客户端训练 10/10...
  客户端训练完成 (10)     
[Round 87/100] 正在训练...
  客户端训练 1/10...
  客户端训练 2/10...
  客户端训练 3/10...
  客户端训练 4/10...
  客户端训练 5/10...
  客户端训练 6/10...
  客户端训练 7/10...
  客户端训练 8/10...
  客户端训练 9/10...
  客户端训练 10/10...
  客户端训练完成 (10)     
[Round 88/100] 正在训练...
  客户端训练 1/10...
  客户端训练 2/10...
  客户端训练 3/10...
  客户端训练 4/10...
  客户端训练 5/10...
  客户端训练 6/10...
  客户端训练 7/10...
  客户端训练 8/10...
  客户端训练 9/10...
  客户端训练 10/10...
  客户端训练完成 (10)     
[Round 89/100] 正在训练...
  客户端训练 1/10...
  客户端训练 2/10...
  客户端训练 3/10...
  客户端训练 4/10...
  客户端训练 5/10...
  客户端训练 6/10...
  客户端训练 7/10...
  客户端训练 8/10...
  客户端训练 9/10...
  客户端训练 10/10...
  客户端训练完成 (10)     
[Round 90/100] 正在训练...
  客户端训练 1/10...
  客户端训练 2/10...
  客户端训练 3/10...
  客户端训练 4/10...
  客户端训练 5/10...
  客户端训练 6/10...
  客户端训练 7/10...
  客户端训练 8/10...
  客户端训练 9/10...
  客户端训练 10/10...
  客户端训练完成 (10)     
[Round 90/100]                              
Averaged Train Loss: 0.5239
Averaged Test Accuracy: 0.7555
Averaged Test AUC: 0.7133
Averaged Test Precision: 0.6699
Averaged Test Recall: 0.7555
Averaged Test F1-Score: 0.6740
Std Test Accuracy: 0.0767
Std Test AUC: 0.0649
  耗时: 6.72s

[Round 91/100] 正在训练...
  客户端训练 1/10...
  客户端训练 2/10...
  客户端训练 3/10...
  客户端训练 4/10...
  客户端训练 5/10...
  客户端训练 6/10...
  客户端训练 7/10...
  客户端训练 8/10...
  客户端训练 9/10...
  客户端训练 10/10...
  客户端训练完成 (10)     
[Round 92/100] 正在训练...
  客户端训练 1/10...
  客户端训练 2/10...
  客户端训练 3/10...
  客户端训练 4/10...
  客户端训练 5/10...
  客户端训练 6/10...
  客户端训练 7/10...
  客户端训练 8/10...
  客户端训练 9/10...
  客户端训练 10/10...
  客户端训练完成 (10)     
[Round 93/100] 正在训练...
  客户端训练 1/10...
  客户端训练 2/10...
  客户端训练 3/10...
  客户端训练 4/10...
  客户端训练 5/10...
  客户端训练 6/10...
  客户端训练 7/10...
  客户端训练 8/10...
  客户端训练 9/10...
  客户端训练 10/10...
  客户端训练完成 (10)     
[Round 94/100] 正在训练...
  客户端训练 1/10...
  客户端训练 2/10...
  客户端训练 3/10...
  客户端训练 4/10...
  客户端训练 5/10...
  客户端训练 6/10...
  客户端训练 7/10...
  客户端训练 8/10...
  客户端训练 9/10...
  客户端训练 10/10...
  客户端训练完成 (10)     
[Round 95/100] 正在训练...
  客户端训练 1/10...
  客户端训练 2/10...
  客户端训练 3/10...
  客户端训练 4/10...
  客户端训练 5/10...
  客户端训练 6/10...
  客户端训练 7/10...
  客户端训练 8/10...
  客户端训练 9/10...
  客户端训练 10/10...
  客户端训练完成 (10)     
[Round 96/100] 正在训练...
  客户端训练 1/10...
  客户端训练 2/10...
  客户端训练 3/10...
  客户端训练 4/10...
  客户端训练 5/10...
  客户端训练 6/10...
  客户端训练 7/10...
  客户端训练 8/10...
  客户端训练 9/10...
  客户端训练 10/10...
  客户端训练完成 (10)     
[Round 97/100] 正在训练...
  客户端训练 1/10...
  客户端训练 2/10...
  客户端训练 3/10...
  客户端训练 4/10...
  客户端训练 5/10...
  客户端训练 6/10...
  客户端训练 7/10...
  客户端训练 8/10...
  客户端训练 9/10...
  客户端训练 10/10...
  客户端训练完成 (10)     
[Round 98/100] 正在训练...
  客户端训练 1/10...
  客户端训练 2/10...
  客户端训练 3/10...
  客户端训练 4/10...
  客户端训练 5/10...
  客户端训练 6/10...
  客户端训练 7/10...
  客户端训练 8/10...
  客户端训练 9/10...
  客户端训练 10/10...
  客户端训练完成 (10)     
[Round 99/100] 正在训练...
  客户端训练 1/10...
  客户端训练 2/10...
  客户端训练 3/10...
  客户端训练 4/10...
  客户端训练 5/10...
  客户端训练 6/10...
  客户端训练 7/10...
  客户端训练 8/10...
  客户端训练 9/10...
  客户端训练 10/10...
  客户端训练完成 (10)     
[Round 100/100] 正在训练...
  客户端训练 1/10...
  客户端训练 2/10...
  客户端训练 3/10...
  客户端训练 4/10...
  客户端训练 5/10...
  客户端训练 6/10...
  客户端训练 7/10...
  客户端训练 8/10...
  客户端训练 9/10...
  客户端训练 10/10...
  客户端训练完成 (10)     
[Round 100/100]                              
Averaged Train Loss: 0.5220
Averaged Test Accuracy: 0.7532
Averaged Test AUC: 0.7143
Averaged Test Precision: 0.6474
Averaged Test Recall: 0.7532
Averaged Test F1-Score: 0.6702
Std Test Accuracy: 0.0795
Std Test AUC: 0.0619
  耗时: 6.79s

============================================================
训练完成
============================================================
File path: system/results/Uci_FedTLBO_test/Uci_FedTLBO_test_0.h5
Training process CSV file path: system/results/Uci_FedTLBO_test/Uci_FedTLBO_test_0_training_process.csv
Training process data saved to: system/results/Uci_FedTLBO_test/Uci_FedTLBO_test_0_training_process.csv

平均训练时间: 583.47秒
