实验: Uci_feature_skew_collision_RFA_run1
物理GPU ID: 2
CUDA_VISIBLE_DEVICES: 2
时间: 2026-01-25 00:21:55
命令: /miniconda3/bin/python flcore/main.py -data Uci -algo FedAvg -nc 10 -gr 100 -ls 5 -lbs 64 -lr 0.01 -eg 10 -t 1 --heterogeneity feature_skew --enable_attack True --attack_mode collision --malicious_ratio 0.3 --defense_mode rfa --use_tlbo False --tlbo_iterations 10 --use_autoencoder False --use_committee False
工作目录: /root/DecisionSupportSystem-FedACT/system

[GPU] 使用环境变量指定的GPU: CUDA_VISIBLE_DEVICES=2
============================================================
实验配置:
============================================================
  goal: test
  device: cuda
  device_id: 0
  dataset: Uci
  heterogeneity: feature_skew
  model: auto
  num_classes: 2
  batch_size: 64
  local_learning_rate: 0.01
  global_rounds: 100
  local_epochs: 5
  algorithm: FedAvg
  num_clients: 10
  join_ratio: 1.0
  random_join_ratio: False
  prev: 0
  times: 1
  eval_gap: 10
  save_folder_name: results
  learning_rate_decay: False
  learning_rate_decay_gamma: 0.99
  few_shot: 0
  time_select: False
  time_threthold: 10000
  top_cnt: 100
  auto_break: False
  client_drop_rate: 0.0
  train_slow_rate: 0.0
  send_slow_rate: 0.0
  dlg_eval: False
  dlg_gap: 100
  batch_num_per_client: 2
  num_new_clients: 0
  fine_tuning_epoch_new: 0
  mu: 0.01
  beta: 0.0
  lamda: 1.0
  tau: 1.0
  plocal_epochs: 1
  server_learning_rate: 1.0
  enable_attack: True
  attack_mode: collision
  malicious_ratio: 0.3
  attack_scale: 3.0
  defense_mode: rfa
  use_autoencoder: False
  autoencoder_latent_dim: 64
  autoencoder_epochs: 20
  committee_size: 5
  vote_threshold: 0.5
  anomaly_threshold: 0.5
  anomaly_lower_coef: 0.7
  anomaly_upper_coef: 1.5
  use_committee: False
  tlbo_iterations: 10
  use_tlbo: False
  use_merkle: True
  use_incentive: True
============================================================

============= 第 1 次实验 =============
正在初始化服务器和客户端...
数据集: Uci, 特征维度: 23
模型参数量: 189,330

Join ratio / total clients: 1.0 / 10
Finished creating server and clients.

-------------Round number: 0-------------

Evaluate global model
Averaged Train Loss: 0.6905
Averaged Test Accuracy: 0.5856
Averaged Test AUC: 0.5178
Averaged Test Precision: 0.6416
Averaged Test Recall: 0.5856
Averaged Test F1-Score: 0.5989
Std Test Accuracy: 0.1062
Std Test AUC: 0.0476
------------------------- time cost ------------------------- 7.227285861968994
------------------------- time cost ------------------------- 5.9256370067596436
------------------------- time cost ------------------------- 6.494524955749512
------------------------- time cost ------------------------- 6.699666500091553
------------------------- time cost ------------------------- 6.65393590927124
------------------------- time cost ------------------------- 6.4868199825286865
------------------------- time cost ------------------------- 6.5765297412872314
------------------------- time cost ------------------------- 6.908158302307129
------------------------- time cost ------------------------- 6.763952016830444
------------------------- time cost ------------------------- 7.2732093334198

-------------Round number: 10-------------

Evaluate global model
Averaged Train Loss: 0.4940
Averaged Test Accuracy: 0.7409
Averaged Test AUC: 0.7419
Averaged Test Precision: 0.7079
Averaged Test Recall: 0.7409
Averaged Test F1-Score: 0.6492
Std Test Accuracy: 0.1004
Std Test AUC: 0.0617
------------------------- time cost ------------------------- 8.525974750518799
------------------------- time cost ------------------------- 6.949398517608643
------------------------- time cost ------------------------- 6.866887331008911
------------------------- time cost ------------------------- 6.803699731826782
------------------------- time cost ------------------------- 6.800993204116821
------------------------- time cost ------------------------- 6.724389314651489
------------------------- time cost ------------------------- 6.709585428237915
------------------------- time cost ------------------------- 6.807433843612671
------------------------- time cost ------------------------- 6.7842419147491455
------------------------- time cost ------------------------- 6.745336294174194

-------------Round number: 20-------------

Evaluate global model
Averaged Train Loss: 0.4742
Averaged Test Accuracy: 0.7795
Averaged Test AUC: 0.7541
Averaged Test Precision: 0.7753
Averaged Test Recall: 0.7795
Averaged Test F1-Score: 0.7444
Std Test Accuracy: 0.0775
Std Test AUC: 0.0612
------------------------- time cost ------------------------- 7.936751842498779
------------------------- time cost ------------------------- 6.704227685928345
------------------------- time cost ------------------------- 6.811532497406006
------------------------- time cost ------------------------- 6.904372692108154
------------------------- time cost ------------------------- 6.859742164611816
------------------------- time cost ------------------------- 6.768580436706543
------------------------- time cost ------------------------- 6.78716516494751
------------------------- time cost ------------------------- 6.921828031539917
------------------------- time cost ------------------------- 6.83024263381958
------------------------- time cost ------------------------- 6.811300039291382

-------------Round number: 30-------------

Evaluate global model
Averaged Train Loss: 0.4712
Averaged Test Accuracy: 0.7799
Averaged Test AUC: 0.7606
Averaged Test Precision: 0.7747
Averaged Test Recall: 0.7799
Averaged Test F1-Score: 0.7497
Std Test Accuracy: 0.0770
Std Test AUC: 0.0600
------------------------- time cost ------------------------- 8.057724475860596
------------------------- time cost ------------------------- 6.728593587875366
------------------------- time cost ------------------------- 6.777185678482056
------------------------- time cost ------------------------- 6.805736541748047
------------------------- time cost ------------------------- 6.785065412521362
------------------------- time cost ------------------------- 6.855640888214111
------------------------- time cost ------------------------- 6.852004528045654
------------------------- time cost ------------------------- 6.69638466835022
------------------------- time cost ------------------------- 6.783284664154053
------------------------- time cost ------------------------- 6.788159132003784

-------------Round number: 40-------------

Evaluate global model
Averaged Train Loss: 0.4705
Averaged Test Accuracy: 0.7780
Averaged Test AUC: 0.7644
Averaged Test Precision: 0.7731
Averaged Test Recall: 0.7780
Averaged Test F1-Score: 0.7472
Std Test Accuracy: 0.0747
Std Test AUC: 0.0588
------------------------- time cost ------------------------- 7.7359702587127686
------------------------- time cost ------------------------- 6.7821946144104
------------------------- time cost ------------------------- 6.716202020645142
------------------------- time cost ------------------------- 6.84224009513855
------------------------- time cost ------------------------- 6.78622841835022
------------------------- time cost ------------------------- 6.806463241577148
------------------------- time cost ------------------------- 6.780609607696533
------------------------- time cost ------------------------- 6.7678937911987305
------------------------- time cost ------------------------- 6.832536935806274
------------------------- time cost ------------------------- 6.871126174926758

-------------Round number: 50-------------

Evaluate global model
Averaged Train Loss: 0.4677
Averaged Test Accuracy: 0.7863
Averaged Test AUC: 0.7668
Averaged Test Precision: 0.7786
Averaged Test Recall: 0.7863
Averaged Test F1-Score: 0.7618
Std Test Accuracy: 0.0689
Std Test AUC: 0.0571
------------------------- time cost ------------------------- 8.00415587425232
------------------------- time cost ------------------------- 6.69301962852478
------------------------- time cost ------------------------- 6.713797092437744
------------------------- time cost ------------------------- 6.69256067276001
------------------------- time cost ------------------------- 6.791828155517578
------------------------- time cost ------------------------- 6.736274003982544
------------------------- time cost ------------------------- 6.83729887008667
------------------------- time cost ------------------------- 6.834881067276001
------------------------- time cost ------------------------- 6.725878953933716
------------------------- time cost ------------------------- 6.678889513015747

-------------Round number: 60-------------

Evaluate global model
Averaged Train Loss: 0.4684
Averaged Test Accuracy: 0.7853
Averaged Test AUC: 0.7682
Averaged Test Precision: 0.7798
Averaged Test Recall: 0.7853
Averaged Test F1-Score: 0.7594
Std Test Accuracy: 0.0699
Std Test AUC: 0.0564
------------------------- time cost ------------------------- 7.845219373703003
------------------------- time cost ------------------------- 6.764163494110107
------------------------- time cost ------------------------- 6.774557590484619
------------------------- time cost ------------------------- 6.755464315414429
------------------------- time cost ------------------------- 6.831771373748779
------------------------- time cost ------------------------- 6.8513195514678955
------------------------- time cost ------------------------- 6.754534959793091
------------------------- time cost ------------------------- 6.725905656814575
------------------------- time cost ------------------------- 6.737577676773071
------------------------- time cost ------------------------- 6.656454086303711

-------------Round number: 70-------------

Evaluate global model
Averaged Train Loss: 0.4664
Averaged Test Accuracy: 0.7868
Averaged Test AUC: 0.7705
Averaged Test Precision: 0.7797
Averaged Test Recall: 0.7868
Averaged Test F1-Score: 0.7642
Std Test Accuracy: 0.0658
Std Test AUC: 0.0536
------------------------- time cost ------------------------- 7.936644792556763
------------------------- time cost ------------------------- 6.7492005825042725
------------------------- time cost ------------------------- 6.785146474838257
------------------------- time cost ------------------------- 6.7265565395355225
------------------------- time cost ------------------------- 6.927379131317139
------------------------- time cost ------------------------- 6.784844636917114
------------------------- time cost ------------------------- 6.9593541622161865
------------------------- time cost ------------------------- 6.825075387954712
------------------------- time cost ------------------------- 6.772762775421143
------------------------- time cost ------------------------- 6.745606899261475

-------------Round number: 80-------------

Evaluate global model
Averaged Train Loss: 0.4679
Averaged Test Accuracy: 0.7813
Averaged Test AUC: 0.7712
Averaged Test Precision: 0.7772
Averaged Test Recall: 0.7813
Averaged Test F1-Score: 0.7544
Std Test Accuracy: 0.0740
Std Test AUC: 0.0532
------------------------- time cost ------------------------- 7.85112738609314
------------------------- time cost ------------------------- 6.9180967807769775
------------------------- time cost ------------------------- 6.31072211265564
------------------------- time cost ------------------------- 6.615437984466553
------------------------- time cost ------------------------- 6.868544101715088
------------------------- time cost ------------------------- 7.0784807205200195
------------------------- time cost ------------------------- 7.02994704246521
------------------------- time cost ------------------------- 7.602733612060547
------------------------- time cost ------------------------- 6.971921682357788
------------------------- time cost ------------------------- 6.907824754714966

-------------Round number: 90-------------

Evaluate global model
Averaged Train Loss: 0.4657
Averaged Test Accuracy: 0.7840
Averaged Test AUC: 0.7722
Averaged Test Precision: 0.7775
Averaged Test Recall: 0.7840
Averaged Test F1-Score: 0.7588
Std Test Accuracy: 0.0697
Std Test AUC: 0.0537
------------------------- time cost ------------------------- 8.691599607467651
------------------------- time cost ------------------------- 6.907145261764526
------------------------- time cost ------------------------- 6.8257434368133545
------------------------- time cost ------------------------- 6.773791790008545
------------------------- time cost ------------------------- 6.902417182922363
------------------------- time cost ------------------------- 6.861134767532349
------------------------- time cost ------------------------- 6.881228446960449
------------------------- time cost ------------------------- 6.715425968170166
------------------------- time cost ------------------------- 7.0229997634887695
------------------------- time cost ------------------------- 7.7684245109558105

-------------Round number: 100-------------

Evaluate global model
Averaged Train Loss: 0.4652
Averaged Test Accuracy: 0.7852
Averaged Test AUC: 0.7730
Averaged Test Precision: 0.7781
Averaged Test Recall: 0.7852
Averaged Test F1-Score: 0.7613
Std Test Accuracy: 0.0668
Std Test AUC: 0.0526
------------------------- time cost ------------------------- 8.851819038391113

Best accuracy.
0.7868

Average time cost per round.
6.938620512485504
File path: results/Uci_FedAvg_test/Uci_FedAvg_test_0.h5
Training process CSV file path: results/Uci_FedAvg_test/Uci_FedAvg_test_0_training_process.csv
Training process data saved to: results/Uci_FedAvg_test/Uci_FedAvg_test_0_training_process.csv

平均训练时间: 702.59秒
