实验: Uci_feature_skew_little_Median_run1
物理GPU ID: 3
CUDA_VISIBLE_DEVICES: 3
时间: 2026-01-24 23:38:14
命令: /miniconda3/bin/python flcore/main.py -data Uci -algo FedAvg -nc 10 -gr 100 -ls 5 -lbs 64 -lr 0.01 -eg 10 -t 1 --heterogeneity feature_skew --enable_attack True --attack_mode little --malicious_ratio 0.3 --defense_mode median --use_tlbo False --tlbo_iterations 10 --use_autoencoder False --use_committee False
工作目录: /root/DecisionSupportSystem-FedACT/system

[GPU] 使用环境变量指定的GPU: CUDA_VISIBLE_DEVICES=3
============================================================
实验配置:
============================================================
  goal: test
  device: cuda
  device_id: 0
  dataset: Uci
  heterogeneity: feature_skew
  model: auto
  num_classes: 2
  batch_size: 64
  local_learning_rate: 0.01
  global_rounds: 100
  local_epochs: 5
  algorithm: FedAvg
  num_clients: 10
  join_ratio: 1.0
  random_join_ratio: False
  prev: 0
  times: 1
  eval_gap: 10
  save_folder_name: results
  learning_rate_decay: False
  learning_rate_decay_gamma: 0.99
  few_shot: 0
  time_select: False
  time_threthold: 10000
  top_cnt: 100
  auto_break: False
  client_drop_rate: 0.0
  train_slow_rate: 0.0
  send_slow_rate: 0.0
  dlg_eval: False
  dlg_gap: 100
  batch_num_per_client: 2
  num_new_clients: 0
  fine_tuning_epoch_new: 0
  mu: 0.01
  beta: 0.0
  lamda: 1.0
  tau: 1.0
  plocal_epochs: 1
  server_learning_rate: 1.0
  enable_attack: True
  attack_mode: little
  malicious_ratio: 0.3
  attack_scale: 3.0
  defense_mode: median
  use_autoencoder: False
  autoencoder_latent_dim: 64
  autoencoder_epochs: 20
  committee_size: 5
  vote_threshold: 0.5
  anomaly_threshold: 0.5
  anomaly_lower_coef: 0.7
  anomaly_upper_coef: 1.5
  use_committee: False
  tlbo_iterations: 10
  use_tlbo: False
  use_merkle: True
  use_incentive: True
============================================================

============= 第 1 次实验 =============
正在初始化服务器和客户端...
数据集: Uci, 特征维度: 23
模型参数量: 189,330

Join ratio / total clients: 1.0 / 10
Finished creating server and clients.

-------------Round number: 0-------------

Evaluate global model
Averaged Train Loss: 0.6905
Averaged Test Accuracy: 0.5856
Averaged Test AUC: 0.5178
Averaged Test Precision: 0.6416
Averaged Test Recall: 0.5856
Averaged Test F1-Score: 0.5989
Std Test Accuracy: 0.1062
Std Test AUC: 0.0476
------------------------- time cost ------------------------- 7.8813157081604
------------------------- time cost ------------------------- 6.510945558547974
------------------------- time cost ------------------------- 6.314468860626221
------------------------- time cost ------------------------- 6.405229806900024
------------------------- time cost ------------------------- 6.284979343414307
------------------------- time cost ------------------------- 6.500188827514648
------------------------- time cost ------------------------- 6.420241832733154
------------------------- time cost ------------------------- 6.479620456695557
------------------------- time cost ------------------------- 6.486719846725464
------------------------- time cost ------------------------- 6.474836111068726

-------------Round number: 10-------------

Evaluate global model
Averaged Train Loss: 0.4956
Averaged Test Accuracy: 0.7403
Averaged Test AUC: 0.7426
Averaged Test Precision: 0.7072
Averaged Test Recall: 0.7403
Averaged Test F1-Score: 0.6464
Std Test Accuracy: 0.1010
Std Test AUC: 0.0611
------------------------- time cost ------------------------- 7.498070240020752
------------------------- time cost ------------------------- 6.406288385391235
------------------------- time cost ------------------------- 6.406344890594482
------------------------- time cost ------------------------- 6.440888166427612
------------------------- time cost ------------------------- 6.391058683395386
------------------------- time cost ------------------------- 6.559800624847412
------------------------- time cost ------------------------- 6.356449604034424
------------------------- time cost ------------------------- 6.29913592338562
------------------------- time cost ------------------------- 6.560141563415527
------------------------- time cost ------------------------- 6.536069393157959

-------------Round number: 20-------------

Evaluate global model
Averaged Train Loss: 0.4750
Averaged Test Accuracy: 0.7765
Averaged Test AUC: 0.7551
Averaged Test Precision: 0.7760
Averaged Test Recall: 0.7765
Averaged Test F1-Score: 0.7386
Std Test Accuracy: 0.0845
Std Test AUC: 0.0605
------------------------- time cost ------------------------- 7.415389776229858
------------------------- time cost ------------------------- 6.279195308685303
------------------------- time cost ------------------------- 6.605494260787964
------------------------- time cost ------------------------- 6.4117865562438965
------------------------- time cost ------------------------- 6.316692590713501
------------------------- time cost ------------------------- 6.503503799438477
------------------------- time cost ------------------------- 6.4694664478302
------------------------- time cost ------------------------- 6.437496185302734
------------------------- time cost ------------------------- 6.400322437286377
------------------------- time cost ------------------------- 6.538672685623169

-------------Round number: 30-------------

Evaluate global model
Averaged Train Loss: 0.4712
Averaged Test Accuracy: 0.7781
Averaged Test AUC: 0.7618
Averaged Test Precision: 0.7744
Averaged Test Recall: 0.7781
Averaged Test F1-Score: 0.7456
Std Test Accuracy: 0.0804
Std Test AUC: 0.0593
------------------------- time cost ------------------------- 7.362964391708374
------------------------- time cost ------------------------- 6.462859392166138
------------------------- time cost ------------------------- 6.235881328582764
------------------------- time cost ------------------------- 6.503959894180298
------------------------- time cost ------------------------- 6.476723670959473
------------------------- time cost ------------------------- 6.360428333282471
------------------------- time cost ------------------------- 6.644152879714966
------------------------- time cost ------------------------- 6.424047470092773
------------------------- time cost ------------------------- 6.358199596405029
------------------------- time cost ------------------------- 6.486104488372803

-------------Round number: 40-------------

Evaluate global model
Averaged Train Loss: 0.4696
Averaged Test Accuracy: 0.7799
Averaged Test AUC: 0.7648
Averaged Test Precision: 0.7767
Averaged Test Recall: 0.7799
Averaged Test F1-Score: 0.7494
Std Test Accuracy: 0.0786
Std Test AUC: 0.0574
------------------------- time cost ------------------------- 7.484454154968262
------------------------- time cost ------------------------- 6.52396035194397
------------------------- time cost ------------------------- 6.464184761047363
------------------------- time cost ------------------------- 6.479336261749268
------------------------- time cost ------------------------- 6.480568885803223
------------------------- time cost ------------------------- 6.595688104629517
------------------------- time cost ------------------------- 6.777384042739868
------------------------- time cost ------------------------- 6.560935735702515
------------------------- time cost ------------------------- 6.613402366638184
------------------------- time cost ------------------------- 6.5865607261657715

-------------Round number: 50-------------

Evaluate global model
Averaged Train Loss: 0.4688
Averaged Test Accuracy: 0.7825
Averaged Test AUC: 0.7674
Averaged Test Precision: 0.7775
Averaged Test Recall: 0.7825
Averaged Test F1-Score: 0.7555
Std Test Accuracy: 0.0736
Std Test AUC: 0.0566
------------------------- time cost ------------------------- 7.586901664733887
------------------------- time cost ------------------------- 6.47391414642334
------------------------- time cost ------------------------- 6.521380424499512
------------------------- time cost ------------------------- 6.565847158432007
------------------------- time cost ------------------------- 6.536957025527954
------------------------- time cost ------------------------- 6.373858690261841
------------------------- time cost ------------------------- 6.516095876693726
------------------------- time cost ------------------------- 6.581502437591553
------------------------- time cost ------------------------- 6.512399911880493
------------------------- time cost ------------------------- 6.472152471542358

-------------Round number: 60-------------

Evaluate global model
Averaged Train Loss: 0.4669
Averaged Test Accuracy: 0.7871
Averaged Test AUC: 0.7693
Averaged Test Precision: 0.7798
Averaged Test Recall: 0.7871
Averaged Test F1-Score: 0.7626
Std Test Accuracy: 0.0680
Std Test AUC: 0.0550
------------------------- time cost ------------------------- 7.485400915145874
------------------------- time cost ------------------------- 6.437855005264282
------------------------- time cost ------------------------- 6.408742904663086
------------------------- time cost ------------------------- 6.426032304763794
------------------------- time cost ------------------------- 6.402401685714722
------------------------- time cost ------------------------- 6.463699102401733
------------------------- time cost ------------------------- 6.587174415588379
------------------------- time cost ------------------------- 6.641906261444092
------------------------- time cost ------------------------- 6.519665241241455
------------------------- time cost ------------------------- 6.296000719070435

-------------Round number: 70-------------

Evaluate global model
Averaged Train Loss: 0.4674
Averaged Test Accuracy: 0.7857
Averaged Test AUC: 0.7700
Averaged Test Precision: 0.7785
Averaged Test Recall: 0.7857
Averaged Test F1-Score: 0.7617
Std Test Accuracy: 0.0666
Std Test AUC: 0.0553
------------------------- time cost ------------------------- 7.563701152801514
------------------------- time cost ------------------------- 6.416995525360107
------------------------- time cost ------------------------- 6.384061098098755
------------------------- time cost ------------------------- 6.475207328796387
------------------------- time cost ------------------------- 6.639621734619141
------------------------- time cost ------------------------- 6.420630216598511
------------------------- time cost ------------------------- 6.620392560958862
------------------------- time cost ------------------------- 6.404295206069946
------------------------- time cost ------------------------- 6.6407246589660645
------------------------- time cost ------------------------- 6.408890247344971

-------------Round number: 80-------------

Evaluate global model
Averaged Train Loss: 0.4675
Averaged Test Accuracy: 0.7831
Averaged Test AUC: 0.7716
Averaged Test Precision: 0.7795
Averaged Test Recall: 0.7831
Averaged Test F1-Score: 0.7574
Std Test Accuracy: 0.0723
Std Test AUC: 0.0539
------------------------- time cost ------------------------- 7.502918481826782
------------------------- time cost ------------------------- 6.355116605758667
------------------------- time cost ------------------------- 6.492879629135132
------------------------- time cost ------------------------- 6.489208936691284
------------------------- time cost ------------------------- 6.381490468978882
------------------------- time cost ------------------------- 6.579346179962158
------------------------- time cost ------------------------- 6.657800674438477
------------------------- time cost ------------------------- 6.487553358078003
------------------------- time cost ------------------------- 6.62593150138855
------------------------- time cost ------------------------- 6.583001375198364

-------------Round number: 90-------------

Evaluate global model
Averaged Train Loss: 0.4671
Averaged Test Accuracy: 0.7833
Averaged Test AUC: 0.7725
Averaged Test Precision: 0.7790
Averaged Test Recall: 0.7833
Averaged Test F1-Score: 0.7558
Std Test Accuracy: 0.0711
Std Test AUC: 0.0530
------------------------- time cost ------------------------- 7.552468776702881
------------------------- time cost ------------------------- 6.161903142929077
------------------------- time cost ------------------------- 6.235868453979492
------------------------- time cost ------------------------- 6.47997522354126
------------------------- time cost ------------------------- 6.459955930709839
------------------------- time cost ------------------------- 6.638564109802246
------------------------- time cost ------------------------- 6.384883642196655
------------------------- time cost ------------------------- 6.444483757019043
------------------------- time cost ------------------------- 6.690208435058594
------------------------- time cost ------------------------- 7.261984825134277

-------------Round number: 100-------------

Evaluate global model
Averaged Train Loss: 0.4671
Averaged Test Accuracy: 0.7824
Averaged Test AUC: 0.7726
Averaged Test Precision: 0.7781
Averaged Test Recall: 0.7824
Averaged Test F1-Score: 0.7579
Std Test Accuracy: 0.0723
Std Test AUC: 0.0527
------------------------- time cost ------------------------- 8.117987871170044

Best accuracy.
0.7870666666666667

Average time cost per round.
6.589592344760895
File path: results/Uci_FedAvg_test/Uci_FedAvg_test_0.h5
Training process CSV file path: results/Uci_FedAvg_test/Uci_FedAvg_test_0_training_process.csv
Training process data saved to: results/Uci_FedAvg_test/Uci_FedAvg_test_0_training_process.csv

平均训练时间: 668.35秒
