实验: Xinwang_quantity_skew_backdoor_RFA_run1
物理GPU ID: 4
CUDA_VISIBLE_DEVICES: 4
时间: 2026-01-25 02:23:29
命令: /miniconda3/bin/python flcore/main.py -data Xinwang -algo FedAvg -nc 10 -gr 100 -ls 5 -lbs 64 -lr 0.01 -eg 10 -t 1 --heterogeneity quantity_skew --enable_attack True --attack_mode backdoor --malicious_ratio 0.3 --defense_mode rfa --use_tlbo False --tlbo_iterations 10 --use_autoencoder False --use_committee False
工作目录: /root/DecisionSupportSystem-FedACT/system

[GPU] 使用环境变量指定的GPU: CUDA_VISIBLE_DEVICES=4
============================================================
实验配置:
============================================================
  goal: test
  device: cuda
  device_id: 0
  dataset: Xinwang
  heterogeneity: quantity_skew
  model: auto
  num_classes: 2
  batch_size: 64
  local_learning_rate: 0.01
  global_rounds: 100
  local_epochs: 5
  algorithm: FedAvg
  num_clients: 10
  join_ratio: 1.0
  random_join_ratio: False
  prev: 0
  times: 1
  eval_gap: 10
  save_folder_name: results
  learning_rate_decay: False
  learning_rate_decay_gamma: 0.99
  few_shot: 0
  time_select: False
  time_threthold: 10000
  top_cnt: 100
  auto_break: False
  client_drop_rate: 0.0
  train_slow_rate: 0.0
  send_slow_rate: 0.0
  dlg_eval: False
  dlg_gap: 100
  batch_num_per_client: 2
  num_new_clients: 0
  fine_tuning_epoch_new: 0
  mu: 0.01
  beta: 0.0
  lamda: 1.0
  tau: 1.0
  plocal_epochs: 1
  server_learning_rate: 1.0
  enable_attack: True
  attack_mode: backdoor
  malicious_ratio: 0.3
  attack_scale: 3.0
  defense_mode: rfa
  use_autoencoder: False
  autoencoder_latent_dim: 64
  autoencoder_epochs: 20
  committee_size: 5
  vote_threshold: 0.5
  anomaly_threshold: 0.5
  anomaly_lower_coef: 0.7
  anomaly_upper_coef: 1.5
  use_committee: False
  tlbo_iterations: 10
  use_tlbo: False
  use_merkle: True
  use_incentive: True
============================================================

============= 第 1 次实验 =============
正在初始化服务器和客户端...
数据集: Xinwang, 特征维度: 38
模型参数量: 921,634

Join ratio / total clients: 1.0 / 10
Finished creating server and clients.

-------------Round number: 0-------------

Evaluate global model
Averaged Train Loss: 0.5754
Averaged Test Accuracy: 0.8826
Averaged Test AUC: 0.5676
Averaged Test Precision: 0.8560
Averaged Test Recall: 0.8826
Averaged Test F1-Score: 0.8646
Std Test Accuracy: 0.0776
Std Test AUC: 0.1101
------------------------- time cost ------------------------- 6.511469125747681
------------------------- time cost ------------------------- 5.4043848514556885
------------------------- time cost ------------------------- 5.592363595962524
------------------------- time cost ------------------------- 5.299434661865234
------------------------- time cost ------------------------- 5.53309440612793
------------------------- time cost ------------------------- 5.378172874450684
------------------------- time cost ------------------------- 5.349412441253662
------------------------- time cost ------------------------- 5.378662824630737
------------------------- time cost ------------------------- 5.515732765197754
------------------------- time cost ------------------------- 5.369885206222534

-------------Round number: 10-------------

Evaluate global model
Averaged Train Loss: 0.3498
Averaged Test Accuracy: 0.9148
Averaged Test AUC: 0.5547
Averaged Test Precision: 0.8385
Averaged Test Recall: 0.9148
Averaged Test F1-Score: 0.8746
Std Test Accuracy: 0.0416
Std Test AUC: 0.1459
------------------------- time cost ------------------------- 6.310346364974976
------------------------- time cost ------------------------- 5.741893768310547
------------------------- time cost ------------------------- 5.556245803833008
------------------------- time cost ------------------------- 5.571049451828003
------------------------- time cost ------------------------- 5.334163188934326
------------------------- time cost ------------------------- 5.146276473999023
------------------------- time cost ------------------------- 5.3312108516693115
------------------------- time cost ------------------------- 5.288676977157593
------------------------- time cost ------------------------- 5.290215015411377
------------------------- time cost ------------------------- 5.355502367019653

-------------Round number: 20-------------

Evaluate global model
Averaged Train Loss: 0.3406
Averaged Test Accuracy: 0.9148
Averaged Test AUC: 0.6032
Averaged Test Precision: 0.8385
Averaged Test Recall: 0.9148
Averaged Test F1-Score: 0.8746
Std Test Accuracy: 0.0416
Std Test AUC: 0.1032
------------------------- time cost ------------------------- 6.142391920089722
------------------------- time cost ------------------------- 5.444922924041748
------------------------- time cost ------------------------- 5.5068535804748535
------------------------- time cost ------------------------- 5.441638231277466
------------------------- time cost ------------------------- 5.499664545059204
------------------------- time cost ------------------------- 5.397130489349365
------------------------- time cost ------------------------- 5.344103574752808
------------------------- time cost ------------------------- 5.3490519523620605
------------------------- time cost ------------------------- 5.338887453079224
------------------------- time cost ------------------------- 5.2848968505859375

-------------Round number: 30-------------

Evaluate global model
Averaged Train Loss: 0.3374
Averaged Test Accuracy: 0.9148
Averaged Test AUC: 0.6463
Averaged Test Precision: 0.8385
Averaged Test Recall: 0.9148
Averaged Test F1-Score: 0.8746
Std Test Accuracy: 0.0416
Std Test AUC: 0.0829
------------------------- time cost ------------------------- 6.226985692977905
------------------------- time cost ------------------------- 5.501397371292114
------------------------- time cost ------------------------- 5.473647117614746
------------------------- time cost ------------------------- 5.460078716278076
------------------------- time cost ------------------------- 5.414674282073975
------------------------- time cost ------------------------- 5.346974849700928
------------------------- time cost ------------------------- 5.42992377281189
------------------------- time cost ------------------------- 5.473253488540649
------------------------- time cost ------------------------- 5.515954256057739
------------------------- time cost ------------------------- 5.601963996887207

-------------Round number: 40-------------

Evaluate global model
Averaged Train Loss: 0.3367
Averaged Test Accuracy: 0.9148
Averaged Test AUC: 0.6907
Averaged Test Precision: 0.8385
Averaged Test Recall: 0.9148
Averaged Test F1-Score: 0.8746
Std Test Accuracy: 0.0416
Std Test AUC: 0.0487
------------------------- time cost ------------------------- 6.2494237422943115
------------------------- time cost ------------------------- 5.4716668128967285
------------------------- time cost ------------------------- 5.4126317501068115
------------------------- time cost ------------------------- 5.462219715118408
------------------------- time cost ------------------------- 5.513999938964844
------------------------- time cost ------------------------- 5.392979621887207
------------------------- time cost ------------------------- 5.428700923919678
------------------------- time cost ------------------------- 5.329388856887817
------------------------- time cost ------------------------- 5.442632436752319
------------------------- time cost ------------------------- 5.420172452926636

-------------Round number: 50-------------

Evaluate global model
Averaged Train Loss: 0.3379
Averaged Test Accuracy: 0.9148
Averaged Test AUC: 0.7217
Averaged Test Precision: 0.8385
Averaged Test Recall: 0.9148
Averaged Test F1-Score: 0.8746
Std Test Accuracy: 0.0416
Std Test AUC: 0.0539
------------------------- time cost ------------------------- 6.267649412155151
------------------------- time cost ------------------------- 5.4124157428741455
------------------------- time cost ------------------------- 5.421122789382935
------------------------- time cost ------------------------- 5.378686428070068
------------------------- time cost ------------------------- 5.358696699142456
------------------------- time cost ------------------------- 5.512517929077148
------------------------- time cost ------------------------- 5.430668592453003
------------------------- time cost ------------------------- 5.321654558181763
------------------------- time cost ------------------------- 5.47164511680603
------------------------- time cost ------------------------- 5.368007183074951

-------------Round number: 60-------------

Evaluate global model
Averaged Train Loss: 0.3360
Averaged Test Accuracy: 0.9148
Averaged Test AUC: 0.7488
Averaged Test Precision: 0.8385
Averaged Test Recall: 0.9148
Averaged Test F1-Score: 0.8746
Std Test Accuracy: 0.0416
Std Test AUC: 0.0536
------------------------- time cost ------------------------- 6.324846267700195
------------------------- time cost ------------------------- 5.4024035930633545
------------------------- time cost ------------------------- 5.652268171310425
------------------------- time cost ------------------------- 5.287710666656494
------------------------- time cost ------------------------- 5.4901885986328125
------------------------- time cost ------------------------- 5.45889139175415
------------------------- time cost ------------------------- 5.359992742538452
------------------------- time cost ------------------------- 5.361461877822876
------------------------- time cost ------------------------- 5.412045001983643
------------------------- time cost ------------------------- 5.335646629333496

-------------Round number: 70-------------

Evaluate global model
Averaged Train Loss: 0.3368
Averaged Test Accuracy: 0.9148
Averaged Test AUC: 0.7708
Averaged Test Precision: 0.8385
Averaged Test Recall: 0.9148
Averaged Test F1-Score: 0.8746
Std Test Accuracy: 0.0416
Std Test AUC: 0.0597
------------------------- time cost ------------------------- 6.162703037261963
------------------------- time cost ------------------------- 5.346657037734985
------------------------- time cost ------------------------- 5.506896495819092
------------------------- time cost ------------------------- 5.387508869171143
------------------------- time cost ------------------------- 5.403055667877197
------------------------- time cost ------------------------- 5.419958829879761
------------------------- time cost ------------------------- 5.346696615219116
------------------------- time cost ------------------------- 5.438345670700073
------------------------- time cost ------------------------- 5.533681869506836
------------------------- time cost ------------------------- 5.462285280227661

-------------Round number: 80-------------

Evaluate global model
Averaged Train Loss: 0.3342
Averaged Test Accuracy: 0.9148
Averaged Test AUC: 0.7888
Averaged Test Precision: 0.8385
Averaged Test Recall: 0.9148
Averaged Test F1-Score: 0.8746
Std Test Accuracy: 0.0416
Std Test AUC: 0.0672
------------------------- time cost ------------------------- 6.278777360916138
------------------------- time cost ------------------------- 5.441547155380249
------------------------- time cost ------------------------- 5.477009057998657
------------------------- time cost ------------------------- 5.646900653839111
------------------------- time cost ------------------------- 5.435371398925781
------------------------- time cost ------------------------- 5.504627466201782
------------------------- time cost ------------------------- 5.437482118606567
------------------------- time cost ------------------------- 5.364223480224609
------------------------- time cost ------------------------- 5.467271566390991
------------------------- time cost ------------------------- 5.3339457511901855

-------------Round number: 90-------------

Evaluate global model
Averaged Train Loss: 0.3360
Averaged Test Accuracy: 0.9148
Averaged Test AUC: 0.7984
Averaged Test Precision: 0.8385
Averaged Test Recall: 0.9148
Averaged Test F1-Score: 0.8746
Std Test Accuracy: 0.0416
Std Test AUC: 0.0599
------------------------- time cost ------------------------- 6.229219436645508
------------------------- time cost ------------------------- 5.2901082038879395
------------------------- time cost ------------------------- 5.241099834442139
------------------------- time cost ------------------------- 5.758584976196289
------------------------- time cost ------------------------- 5.404277801513672
------------------------- time cost ------------------------- 5.427123785018921
------------------------- time cost ------------------------- 5.5343217849731445
------------------------- time cost ------------------------- 5.499244689941406
------------------------- time cost ------------------------- 5.507880687713623
------------------------- time cost ------------------------- 5.522130489349365

-------------Round number: 100-------------

Evaluate global model
Averaged Train Loss: 0.3329
Averaged Test Accuracy: 0.9148
Averaged Test AUC: 0.8141
Averaged Test Precision: 0.8385
Averaged Test Recall: 0.9148
Averaged Test F1-Score: 0.8746
Std Test Accuracy: 0.0416
Std Test AUC: 0.0517
------------------------- time cost ------------------------- 6.4349164962768555

Best accuracy.
0.9147651006711409

Average time cost per round.
5.513373081684112
File path: results/Xinwang_FedAvg_test/Xinwang_FedAvg_test_0.h5
Training process CSV file path: results/Xinwang_FedAvg_test/Xinwang_FedAvg_test_0_training_process.csv
Training process data saved to: results/Xinwang_FedAvg_test/Xinwang_FedAvg_test_0_training_process.csv

平均训练时间: 559.23秒
