实验: Xinwang_label_skew_gaussian_MultiKrum_run1
物理GPU ID: 2
CUDA_VISIBLE_DEVICES: 2
时间: 2026-01-25 01:07:42
命令: /miniconda3/bin/python flcore/main.py -data Xinwang -algo FedAvg -nc 10 -gr 100 -ls 5 -lbs 64 -lr 0.01 -eg 10 -t 1 --heterogeneity label_skew --enable_attack True --attack_mode gaussian --malicious_ratio 0.3 --defense_mode multi_krum --use_tlbo False --tlbo_iterations 10 --use_autoencoder False --use_committee False
工作目录: /root/DecisionSupportSystem-FedACT/system

[GPU] 使用环境变量指定的GPU: CUDA_VISIBLE_DEVICES=2
============================================================
实验配置:
============================================================
  goal: test
  device: cuda
  device_id: 0
  dataset: Xinwang
  heterogeneity: label_skew
  model: auto
  num_classes: 2
  batch_size: 64
  local_learning_rate: 0.01
  global_rounds: 100
  local_epochs: 5
  algorithm: FedAvg
  num_clients: 10
  join_ratio: 1.0
  random_join_ratio: False
  prev: 0
  times: 1
  eval_gap: 10
  save_folder_name: results
  learning_rate_decay: False
  learning_rate_decay_gamma: 0.99
  few_shot: 0
  time_select: False
  time_threthold: 10000
  top_cnt: 100
  auto_break: False
  client_drop_rate: 0.0
  train_slow_rate: 0.0
  send_slow_rate: 0.0
  dlg_eval: False
  dlg_gap: 100
  batch_num_per_client: 2
  num_new_clients: 0
  fine_tuning_epoch_new: 0
  mu: 0.01
  beta: 0.0
  lamda: 1.0
  tau: 1.0
  plocal_epochs: 1
  server_learning_rate: 1.0
  enable_attack: True
  attack_mode: gaussian
  malicious_ratio: 0.3
  attack_scale: 3.0
  defense_mode: multi_krum
  use_autoencoder: False
  autoencoder_latent_dim: 64
  autoencoder_epochs: 20
  committee_size: 5
  vote_threshold: 0.5
  anomaly_threshold: 0.5
  anomaly_lower_coef: 0.7
  anomaly_upper_coef: 1.5
  use_committee: False
  tlbo_iterations: 10
  use_tlbo: False
  use_merkle: True
  use_incentive: True
============================================================

============= 第 1 次实验 =============
正在初始化服务器和客户端...
数据集: Xinwang, 特征维度: 38
模型参数量: 921,634

Join ratio / total clients: 1.0 / 10
Finished creating server and clients.

-------------Round number: 0-------------

Evaluate global model
Averaged Train Loss: 0.5754
Averaged Test Accuracy: 0.8826
Averaged Test AUC: 0.5676
Averaged Test Precision: 0.8560
Averaged Test Recall: 0.8826
Averaged Test F1-Score: 0.8646
Std Test Accuracy: 0.0776
Std Test AUC: 0.1101
------------------------- time cost ------------------------- 6.493861675262451
------------------------- time cost ------------------------- 5.36330771446228
------------------------- time cost ------------------------- 5.398407936096191
------------------------- time cost ------------------------- 5.477248191833496
------------------------- time cost ------------------------- 5.573396921157837
------------------------- time cost ------------------------- 5.530518531799316
------------------------- time cost ------------------------- 5.437047958374023
------------------------- time cost ------------------------- 5.479543685913086
------------------------- time cost ------------------------- 5.434408187866211
------------------------- time cost ------------------------- 5.34175443649292

-------------Round number: 10-------------

Evaluate global model
Averaged Train Loss: 0.3487
Averaged Test Accuracy: 0.9148
Averaged Test AUC: 0.5768
Averaged Test Precision: 0.8385
Averaged Test Recall: 0.9148
Averaged Test F1-Score: 0.8746
Std Test Accuracy: 0.0416
Std Test AUC: 0.1256
------------------------- time cost ------------------------- 6.2991180419921875
------------------------- time cost ------------------------- 5.65667986869812
------------------------- time cost ------------------------- 5.431090593338013
------------------------- time cost ------------------------- 5.3738157749176025
------------------------- time cost ------------------------- 5.504544258117676
------------------------- time cost ------------------------- 5.596450090408325
------------------------- time cost ------------------------- 5.484650135040283
------------------------- time cost ------------------------- 5.4254279136657715
------------------------- time cost ------------------------- 5.50039267539978
------------------------- time cost ------------------------- 5.467048168182373

-------------Round number: 20-------------

Evaluate global model
Averaged Train Loss: 0.3386
Averaged Test Accuracy: 0.9148
Averaged Test AUC: 0.6208
Averaged Test Precision: 0.8385
Averaged Test Recall: 0.9148
Averaged Test F1-Score: 0.8746
Std Test Accuracy: 0.0416
Std Test AUC: 0.0983
------------------------- time cost ------------------------- 6.199467182159424
------------------------- time cost ------------------------- 5.387741804122925
------------------------- time cost ------------------------- 5.54118013381958
------------------------- time cost ------------------------- 5.320424556732178
------------------------- time cost ------------------------- 5.400179386138916
------------------------- time cost ------------------------- 5.485332727432251
------------------------- time cost ------------------------- 5.392991304397583
------------------------- time cost ------------------------- 5.478319406509399
------------------------- time cost ------------------------- 5.222929000854492
------------------------- time cost ------------------------- 5.418859243392944

-------------Round number: 30-------------

Evaluate global model
Averaged Train Loss: 0.3340
Averaged Test Accuracy: 0.9148
Averaged Test AUC: 0.6563
Averaged Test Precision: 0.8385
Averaged Test Recall: 0.9148
Averaged Test F1-Score: 0.8746
Std Test Accuracy: 0.0416
Std Test AUC: 0.0616
------------------------- time cost ------------------------- 6.2389256954193115
------------------------- time cost ------------------------- 5.456592321395874
------------------------- time cost ------------------------- 5.595897912979126
------------------------- time cost ------------------------- 5.4698569774627686
------------------------- time cost ------------------------- 5.481463670730591
------------------------- time cost ------------------------- 5.375102758407593
------------------------- time cost ------------------------- 5.362528324127197
------------------------- time cost ------------------------- 5.495072841644287
------------------------- time cost ------------------------- 5.273270130157471
------------------------- time cost ------------------------- 5.434165954589844

-------------Round number: 40-------------

Evaluate global model
Averaged Train Loss: 0.3344
Averaged Test Accuracy: 0.9148
Averaged Test AUC: 0.6902
Averaged Test Precision: 0.8385
Averaged Test Recall: 0.9148
Averaged Test F1-Score: 0.8746
Std Test Accuracy: 0.0416
Std Test AUC: 0.0581
------------------------- time cost ------------------------- 6.102795362472534
------------------------- time cost ------------------------- 5.575082302093506
------------------------- time cost ------------------------- 5.30500864982605
------------------------- time cost ------------------------- 5.595114707946777
------------------------- time cost ------------------------- 5.406221389770508
------------------------- time cost ------------------------- 5.567786931991577
------------------------- time cost ------------------------- 5.545716762542725
------------------------- time cost ------------------------- 5.503451824188232
------------------------- time cost ------------------------- 5.297297954559326
------------------------- time cost ------------------------- 5.306776523590088

-------------Round number: 50-------------

Evaluate global model
Averaged Train Loss: 0.3358
Averaged Test Accuracy: 0.9148
Averaged Test AUC: 0.7339
Averaged Test Precision: 0.8385
Averaged Test Recall: 0.9148
Averaged Test F1-Score: 0.8746
Std Test Accuracy: 0.0416
Std Test AUC: 0.0649
------------------------- time cost ------------------------- 6.201431512832642
------------------------- time cost ------------------------- 5.485306739807129
------------------------- time cost ------------------------- 5.407002687454224
------------------------- time cost ------------------------- 5.471198320388794
------------------------- time cost ------------------------- 5.360265731811523
------------------------- time cost ------------------------- 5.534197092056274
------------------------- time cost ------------------------- 5.54255223274231
------------------------- time cost ------------------------- 5.4365527629852295
------------------------- time cost ------------------------- 5.341262340545654
------------------------- time cost ------------------------- 5.462796688079834

-------------Round number: 60-------------

Evaluate global model
Averaged Train Loss: 0.3331
Averaged Test Accuracy: 0.9148
Averaged Test AUC: 0.7479
Averaged Test Precision: 0.8385
Averaged Test Recall: 0.9148
Averaged Test F1-Score: 0.8746
Std Test Accuracy: 0.0416
Std Test AUC: 0.0636
------------------------- time cost ------------------------- 6.124669313430786
------------------------- time cost ------------------------- 5.506928443908691
------------------------- time cost ------------------------- 5.438835382461548
------------------------- time cost ------------------------- 5.514931678771973
------------------------- time cost ------------------------- 5.375280380249023
------------------------- time cost ------------------------- 5.510147571563721
------------------------- time cost ------------------------- 5.461031675338745
------------------------- time cost ------------------------- 5.563002109527588
------------------------- time cost ------------------------- 5.372531414031982
------------------------- time cost ------------------------- 5.321821451187134

-------------Round number: 70-------------

Evaluate global model
Averaged Train Loss: 0.3358
Averaged Test Accuracy: 0.9148
Averaged Test AUC: 0.7737
Averaged Test Precision: 0.8385
Averaged Test Recall: 0.9148
Averaged Test F1-Score: 0.8746
Std Test Accuracy: 0.0416
Std Test AUC: 0.0684
------------------------- time cost ------------------------- 6.187663316726685
------------------------- time cost ------------------------- 5.489804267883301
------------------------- time cost ------------------------- 5.423150300979614
------------------------- time cost ------------------------- 5.437375783920288
------------------------- time cost ------------------------- 5.413070917129517
------------------------- time cost ------------------------- 5.6357581615448
------------------------- time cost ------------------------- 5.418818950653076
------------------------- time cost ------------------------- 5.444425106048584
------------------------- time cost ------------------------- 5.385513782501221
------------------------- time cost ------------------------- 5.339256048202515

-------------Round number: 80-------------

Evaluate global model
Averaged Train Loss: 0.3353
Averaged Test Accuracy: 0.9148
Averaged Test AUC: 0.7868
Averaged Test Precision: 0.8385
Averaged Test Recall: 0.9148
Averaged Test F1-Score: 0.8746
Std Test Accuracy: 0.0416
Std Test AUC: 0.0689
------------------------- time cost ------------------------- 6.281771183013916
------------------------- time cost ------------------------- 5.664947509765625
------------------------- time cost ------------------------- 5.476713180541992
------------------------- time cost ------------------------- 5.665591716766357
------------------------- time cost ------------------------- 5.419243097305298
------------------------- time cost ------------------------- 5.597985744476318
------------------------- time cost ------------------------- 5.363711357116699
------------------------- time cost ------------------------- 5.465777158737183
------------------------- time cost ------------------------- 5.310812473297119
------------------------- time cost ------------------------- 5.310607671737671

-------------Round number: 90-------------

Evaluate global model
Averaged Train Loss: 0.3345
Averaged Test Accuracy: 0.9148
Averaged Test AUC: 0.8060
Averaged Test Precision: 0.8385
Averaged Test Recall: 0.9148
Averaged Test F1-Score: 0.8746
Std Test Accuracy: 0.0416
Std Test AUC: 0.0746
------------------------- time cost ------------------------- 6.222640514373779
------------------------- time cost ------------------------- 5.36168360710144
------------------------- time cost ------------------------- 5.469540596008301
------------------------- time cost ------------------------- 5.3472511768341064
------------------------- time cost ------------------------- 5.519736051559448
------------------------- time cost ------------------------- 5.418215751647949
------------------------- time cost ------------------------- 5.223775148391724
------------------------- time cost ------------------------- 5.16350793838501
------------------------- time cost ------------------------- 5.782187223434448
------------------------- time cost ------------------------- 5.432826519012451

-------------Round number: 100-------------

Evaluate global model
Averaged Train Loss: 0.3327
Averaged Test Accuracy: 0.9148
Averaged Test AUC: 0.8166
Averaged Test Precision: 0.8385
Averaged Test Recall: 0.9148
Averaged Test F1-Score: 0.8746
Std Test Accuracy: 0.0416
Std Test AUC: 0.0591
------------------------- time cost ------------------------- 6.25591516494751

Best accuracy.
0.9147651006711409

Average time cost per round.
5.523714277744293
File path: results/Xinwang_FedAvg_test/Xinwang_FedAvg_test_0.h5
Training process CSV file path: results/Xinwang_FedAvg_test/Xinwang_FedAvg_test_0_training_process.csv
Training process data saved to: results/Xinwang_FedAvg_test/Xinwang_FedAvg_test_0_training_process.csv

平均训练时间: 560.31秒
