实验: Xinwang_quantity_skew_free_rider_Median_run1
物理GPU ID: 2
CUDA_VISIBLE_DEVICES: 2
时间: 2026-01-25 02:24:34
命令: /miniconda3/bin/python flcore/main.py -data Xinwang -algo FedAvg -nc 10 -gr 100 -ls 5 -lbs 64 -lr 0.01 -eg 10 -t 1 --heterogeneity quantity_skew --enable_attack True --attack_mode free_rider --malicious_ratio 0.3 --defense_mode median --use_tlbo False --tlbo_iterations 10 --use_autoencoder False --use_committee False
工作目录: /root/DecisionSupportSystem-FedACT/system

[GPU] 使用环境变量指定的GPU: CUDA_VISIBLE_DEVICES=2
============================================================
实验配置:
============================================================
  goal: test
  device: cuda
  device_id: 0
  dataset: Xinwang
  heterogeneity: quantity_skew
  model: auto
  num_classes: 2
  batch_size: 64
  local_learning_rate: 0.01
  global_rounds: 100
  local_epochs: 5
  algorithm: FedAvg
  num_clients: 10
  join_ratio: 1.0
  random_join_ratio: False
  prev: 0
  times: 1
  eval_gap: 10
  save_folder_name: results
  learning_rate_decay: False
  learning_rate_decay_gamma: 0.99
  few_shot: 0
  time_select: False
  time_threthold: 10000
  top_cnt: 100
  auto_break: False
  client_drop_rate: 0.0
  train_slow_rate: 0.0
  send_slow_rate: 0.0
  dlg_eval: False
  dlg_gap: 100
  batch_num_per_client: 2
  num_new_clients: 0
  fine_tuning_epoch_new: 0
  mu: 0.01
  beta: 0.0
  lamda: 1.0
  tau: 1.0
  plocal_epochs: 1
  server_learning_rate: 1.0
  enable_attack: True
  attack_mode: free_rider
  malicious_ratio: 0.3
  attack_scale: 3.0
  defense_mode: median
  use_autoencoder: False
  autoencoder_latent_dim: 64
  autoencoder_epochs: 20
  committee_size: 5
  vote_threshold: 0.5
  anomaly_threshold: 0.5
  anomaly_lower_coef: 0.7
  anomaly_upper_coef: 1.5
  use_committee: False
  tlbo_iterations: 10
  use_tlbo: False
  use_merkle: True
  use_incentive: True
============================================================

============= 第 1 次实验 =============
正在初始化服务器和客户端...
数据集: Xinwang, 特征维度: 38
模型参数量: 921,634

Join ratio / total clients: 1.0 / 10
Finished creating server and clients.

-------------Round number: 0-------------

Evaluate global model
Averaged Train Loss: 0.5754
Averaged Test Accuracy: 0.8826
Averaged Test AUC: 0.5676
Averaged Test Precision: 0.8560
Averaged Test Recall: 0.8826
Averaged Test F1-Score: 0.8646
Std Test Accuracy: 0.0776
Std Test AUC: 0.1101
------------------------- time cost ------------------------- 6.556348562240601
------------------------- time cost ------------------------- 5.711414337158203
------------------------- time cost ------------------------- 5.598697662353516
------------------------- time cost ------------------------- 5.532951593399048
------------------------- time cost ------------------------- 5.471702337265015
------------------------- time cost ------------------------- 5.597197771072388
------------------------- time cost ------------------------- 5.450393915176392
------------------------- time cost ------------------------- 5.323745489120483
------------------------- time cost ------------------------- 5.315593004226685
------------------------- time cost ------------------------- 5.503203392028809

-------------Round number: 10-------------

Evaluate global model
Averaged Train Loss: 0.3469
Averaged Test Accuracy: 0.9148
Averaged Test AUC: 0.5884
Averaged Test Precision: 0.8385
Averaged Test Recall: 0.9148
Averaged Test F1-Score: 0.8746
Std Test Accuracy: 0.0416
Std Test AUC: 0.1360
------------------------- time cost ------------------------- 6.342038154602051
------------------------- time cost ------------------------- 5.575579643249512
------------------------- time cost ------------------------- 5.607098817825317
------------------------- time cost ------------------------- 5.4501793384552
------------------------- time cost ------------------------- 5.3953351974487305
------------------------- time cost ------------------------- 5.490408182144165
------------------------- time cost ------------------------- 5.395871877670288
------------------------- time cost ------------------------- 5.500014543533325
------------------------- time cost ------------------------- 5.4111106395721436
------------------------- time cost ------------------------- 5.6026365756988525

-------------Round number: 20-------------

Evaluate global model
Averaged Train Loss: 0.3391
Averaged Test Accuracy: 0.9148
Averaged Test AUC: 0.6390
Averaged Test Precision: 0.8385
Averaged Test Recall: 0.9148
Averaged Test F1-Score: 0.8746
Std Test Accuracy: 0.0416
Std Test AUC: 0.0766
------------------------- time cost ------------------------- 6.402759552001953
------------------------- time cost ------------------------- 5.402749538421631
------------------------- time cost ------------------------- 5.63522481918335
------------------------- time cost ------------------------- 5.444789886474609
------------------------- time cost ------------------------- 5.395259857177734
------------------------- time cost ------------------------- 5.501587390899658
------------------------- time cost ------------------------- 5.413050413131714
------------------------- time cost ------------------------- 5.4985997676849365
------------------------- time cost ------------------------- 5.3610522747039795
------------------------- time cost ------------------------- 5.610321760177612

-------------Round number: 30-------------

Evaluate global model
Averaged Train Loss: 0.3351
Averaged Test Accuracy: 0.9148
Averaged Test AUC: 0.6501
Averaged Test Precision: 0.8385
Averaged Test Recall: 0.9148
Averaged Test F1-Score: 0.8746
Std Test Accuracy: 0.0416
Std Test AUC: 0.0798
------------------------- time cost ------------------------- 6.1890528202056885
------------------------- time cost ------------------------- 5.569905519485474
------------------------- time cost ------------------------- 5.572607517242432
------------------------- time cost ------------------------- 5.4930524826049805
------------------------- time cost ------------------------- 5.520768642425537
------------------------- time cost ------------------------- 5.437230825424194
------------------------- time cost ------------------------- 5.453383684158325
------------------------- time cost ------------------------- 5.518043756484985
------------------------- time cost ------------------------- 5.381282329559326
------------------------- time cost ------------------------- 5.688570022583008

-------------Round number: 40-------------

Evaluate global model
Averaged Train Loss: 0.3369
Averaged Test Accuracy: 0.9148
Averaged Test AUC: 0.6980
Averaged Test Precision: 0.8385
Averaged Test Recall: 0.9148
Averaged Test F1-Score: 0.8746
Std Test Accuracy: 0.0416
Std Test AUC: 0.0532
------------------------- time cost ------------------------- 6.261144399642944
------------------------- time cost ------------------------- 5.612223863601685
------------------------- time cost ------------------------- 5.505144357681274
------------------------- time cost ------------------------- 5.477808475494385
------------------------- time cost ------------------------- 5.511789321899414
------------------------- time cost ------------------------- 5.5087316036224365
------------------------- time cost ------------------------- 5.402052640914917
------------------------- time cost ------------------------- 5.405687570571899
------------------------- time cost ------------------------- 5.374612331390381
------------------------- time cost ------------------------- 5.4901323318481445

-------------Round number: 50-------------

Evaluate global model
Averaged Train Loss: 0.3351
Averaged Test Accuracy: 0.9148
Averaged Test AUC: 0.7212
Averaged Test Precision: 0.8385
Averaged Test Recall: 0.9148
Averaged Test F1-Score: 0.8746
Std Test Accuracy: 0.0416
Std Test AUC: 0.0553
------------------------- time cost ------------------------- 6.213817358016968
------------------------- time cost ------------------------- 5.690609931945801
------------------------- time cost ------------------------- 5.507793664932251
------------------------- time cost ------------------------- 5.4487786293029785
------------------------- time cost ------------------------- 5.588393449783325
------------------------- time cost ------------------------- 5.520215749740601
------------------------- time cost ------------------------- 5.531601190567017
------------------------- time cost ------------------------- 5.421650648117065
------------------------- time cost ------------------------- 5.410362958908081
------------------------- time cost ------------------------- 5.609111547470093

-------------Round number: 60-------------

Evaluate global model
Averaged Train Loss: 0.3351
Averaged Test Accuracy: 0.9148
Averaged Test AUC: 0.7494
Averaged Test Precision: 0.8385
Averaged Test Recall: 0.9148
Averaged Test F1-Score: 0.8746
Std Test Accuracy: 0.0416
Std Test AUC: 0.0623
------------------------- time cost ------------------------- 6.147945165634155
------------------------- time cost ------------------------- 5.481222152709961
------------------------- time cost ------------------------- 5.610152244567871
------------------------- time cost ------------------------- 5.414167404174805
------------------------- time cost ------------------------- 5.664397239685059
------------------------- time cost ------------------------- 5.411355495452881
------------------------- time cost ------------------------- 5.599201440811157
------------------------- time cost ------------------------- 5.5156779289245605
------------------------- time cost ------------------------- 5.407114028930664
------------------------- time cost ------------------------- 5.49420166015625

-------------Round number: 70-------------

Evaluate global model
Averaged Train Loss: 0.3369
Averaged Test Accuracy: 0.9148
Averaged Test AUC: 0.7730
Averaged Test Precision: 0.8385
Averaged Test Recall: 0.9148
Averaged Test F1-Score: 0.8746
Std Test Accuracy: 0.0416
Std Test AUC: 0.0593
------------------------- time cost ------------------------- 6.413225173950195
------------------------- time cost ------------------------- 5.5523841381073
------------------------- time cost ------------------------- 5.853394508361816
------------------------- time cost ------------------------- 5.429553031921387
------------------------- time cost ------------------------- 5.489512205123901
------------------------- time cost ------------------------- 5.483218193054199
------------------------- time cost ------------------------- 5.4884185791015625
------------------------- time cost ------------------------- 5.592748403549194
------------------------- time cost ------------------------- 5.570811033248901
------------------------- time cost ------------------------- 5.5477986335754395

-------------Round number: 80-------------

Evaluate global model
Averaged Train Loss: 0.3350
Averaged Test Accuracy: 0.9148
Averaged Test AUC: 0.7924
Averaged Test Precision: 0.8385
Averaged Test Recall: 0.9148
Averaged Test F1-Score: 0.8746
Std Test Accuracy: 0.0416
Std Test AUC: 0.0678
------------------------- time cost ------------------------- 6.581869602203369
------------------------- time cost ------------------------- 5.938986301422119
------------------------- time cost ------------------------- 5.580564022064209
------------------------- time cost ------------------------- 5.941228628158569
------------------------- time cost ------------------------- 5.363606691360474
------------------------- time cost ------------------------- 5.582658767700195
------------------------- time cost ------------------------- 5.533353328704834
------------------------- time cost ------------------------- 5.374135732650757
------------------------- time cost ------------------------- 5.577606678009033
------------------------- time cost ------------------------- 5.514598608016968

-------------Round number: 90-------------

Evaluate global model
Averaged Train Loss: 0.3358
Averaged Test Accuracy: 0.9148
Averaged Test AUC: 0.8058
Averaged Test Precision: 0.8385
Averaged Test Recall: 0.9148
Averaged Test F1-Score: 0.8746
Std Test Accuracy: 0.0416
Std Test AUC: 0.0688
------------------------- time cost ------------------------- 6.434514760971069
------------------------- time cost ------------------------- 5.527442216873169
------------------------- time cost ------------------------- 5.749685525894165
------------------------- time cost ------------------------- 5.507678270339966
------------------------- time cost ------------------------- 5.453806161880493
------------------------- time cost ------------------------- 5.6271631717681885
------------------------- time cost ------------------------- 5.391722917556763
------------------------- time cost ------------------------- 5.5030622482299805
------------------------- time cost ------------------------- 5.46480393409729
------------------------- time cost ------------------------- 5.443408489227295

-------------Round number: 100-------------

Evaluate global model
Averaged Train Loss: 0.3333
Averaged Test Accuracy: 0.9148
Averaged Test AUC: 0.8200
Averaged Test Precision: 0.8385
Averaged Test Recall: 0.9148
Averaged Test F1-Score: 0.8746
Std Test Accuracy: 0.0416
Std Test AUC: 0.0681
------------------------- time cost ------------------------- 6.469566822052002

Best accuracy.
0.9147651006711409

Average time cost per round.
5.599840888977051
File path: results/Xinwang_FedAvg_test/Xinwang_FedAvg_test_0.h5
Training process CSV file path: results/Xinwang_FedAvg_test/Xinwang_FedAvg_test_0_training_process.csv
Training process data saved to: results/Xinwang_FedAvg_test/Xinwang_FedAvg_test_0_training_process.csv

平均训练时间: 567.97秒
