实验: Xinwang_feature_skew_trim_attack_Krum_run1
物理GPU ID: 1
CUDA_VISIBLE_DEVICES: 1
时间: 2026-01-25 03:00:35
命令: /miniconda3/bin/python flcore/main.py -data Xinwang -algo FedAvg -nc 10 -gr 100 -ls 5 -lbs 64 -lr 0.01 -eg 10 -t 1 --heterogeneity feature_skew --enable_attack True --attack_mode trim_attack --malicious_ratio 0.3 --defense_mode krum --use_tlbo False --tlbo_iterations 10 --use_autoencoder False --use_committee False
工作目录: /root/DecisionSupportSystem-FedACT/system

[GPU] 使用环境变量指定的GPU: CUDA_VISIBLE_DEVICES=1
============================================================
实验配置:
============================================================
  goal: test
  device: cuda
  device_id: 0
  dataset: Xinwang
  heterogeneity: feature_skew
  model: auto
  num_classes: 2
  batch_size: 64
  local_learning_rate: 0.01
  global_rounds: 100
  local_epochs: 5
  algorithm: FedAvg
  num_clients: 10
  join_ratio: 1.0
  random_join_ratio: False
  prev: 0
  times: 1
  eval_gap: 10
  save_folder_name: results
  learning_rate_decay: False
  learning_rate_decay_gamma: 0.99
  few_shot: 0
  time_select: False
  time_threthold: 10000
  top_cnt: 100
  auto_break: False
  client_drop_rate: 0.0
  train_slow_rate: 0.0
  send_slow_rate: 0.0
  dlg_eval: False
  dlg_gap: 100
  batch_num_per_client: 2
  num_new_clients: 0
  fine_tuning_epoch_new: 0
  mu: 0.01
  beta: 0.0
  lamda: 1.0
  tau: 1.0
  plocal_epochs: 1
  server_learning_rate: 1.0
  enable_attack: True
  attack_mode: trim_attack
  malicious_ratio: 0.3
  attack_scale: 3.0
  defense_mode: krum
  use_autoencoder: False
  autoencoder_latent_dim: 64
  autoencoder_epochs: 20
  committee_size: 5
  vote_threshold: 0.5
  anomaly_threshold: 0.5
  anomaly_lower_coef: 0.7
  anomaly_upper_coef: 1.5
  use_committee: False
  tlbo_iterations: 10
  use_tlbo: False
  use_merkle: True
  use_incentive: True
============================================================

============= 第 1 次实验 =============
正在初始化服务器和客户端...
数据集: Xinwang, 特征维度: 38
模型参数量: 921,634

Join ratio / total clients: 1.0 / 10
Finished creating server and clients.

-------------Round number: 0-------------

Evaluate global model
Averaged Train Loss: 0.5754
Averaged Test Accuracy: 0.8826
Averaged Test AUC: 0.5676
Averaged Test Precision: 0.8560
Averaged Test Recall: 0.8826
Averaged Test F1-Score: 0.8646
Std Test Accuracy: 0.0776
Std Test AUC: 0.1101
------------------------- time cost ------------------------- 6.424497127532959
------------------------- time cost ------------------------- 5.203733205795288
------------------------- time cost ------------------------- 5.516506195068359
------------------------- time cost ------------------------- 5.398441314697266
------------------------- time cost ------------------------- 5.507344961166382
------------------------- time cost ------------------------- 5.210494041442871
------------------------- time cost ------------------------- 5.314560890197754
------------------------- time cost ------------------------- 5.354542255401611
------------------------- time cost ------------------------- 5.292705535888672
------------------------- time cost ------------------------- 5.243578195571899

-------------Round number: 10-------------

Evaluate global model
Averaged Train Loss: 0.3480
Averaged Test Accuracy: 0.9148
Averaged Test AUC: 0.5779
Averaged Test Precision: 0.8385
Averaged Test Recall: 0.9148
Averaged Test F1-Score: 0.8746
Std Test Accuracy: 0.0416
Std Test AUC: 0.1332
------------------------- time cost ------------------------- 6.162721395492554
------------------------- time cost ------------------------- 5.391901016235352
------------------------- time cost ------------------------- 5.360559701919556
------------------------- time cost ------------------------- 5.307348012924194
------------------------- time cost ------------------------- 5.268438100814819
------------------------- time cost ------------------------- 5.377405643463135
------------------------- time cost ------------------------- 5.4383225440979
------------------------- time cost ------------------------- 5.37241005897522
------------------------- time cost ------------------------- 5.3520097732543945
------------------------- time cost ------------------------- 5.4193596839904785

-------------Round number: 20-------------

Evaluate global model
Averaged Train Loss: 0.3393
Averaged Test Accuracy: 0.9148
Averaged Test AUC: 0.6021
Averaged Test Precision: 0.8385
Averaged Test Recall: 0.9148
Averaged Test F1-Score: 0.8746
Std Test Accuracy: 0.0416
Std Test AUC: 0.0992
------------------------- time cost ------------------------- 6.146728754043579
------------------------- time cost ------------------------- 5.412184238433838
------------------------- time cost ------------------------- 5.249517917633057
------------------------- time cost ------------------------- 5.348540782928467
------------------------- time cost ------------------------- 5.186476469039917
------------------------- time cost ------------------------- 5.304296970367432
------------------------- time cost ------------------------- 5.396632194519043
------------------------- time cost ------------------------- 5.350084543228149
------------------------- time cost ------------------------- 5.350356101989746
------------------------- time cost ------------------------- 5.34442138671875

-------------Round number: 30-------------

Evaluate global model
Averaged Train Loss: 0.3367
Averaged Test Accuracy: 0.9148
Averaged Test AUC: 0.6444
Averaged Test Precision: 0.8385
Averaged Test Recall: 0.9148
Averaged Test F1-Score: 0.8746
Std Test Accuracy: 0.0416
Std Test AUC: 0.0735
------------------------- time cost ------------------------- 6.012757778167725
------------------------- time cost ------------------------- 5.3439013957977295
------------------------- time cost ------------------------- 5.486084699630737
------------------------- time cost ------------------------- 5.3366005420684814
------------------------- time cost ------------------------- 5.273732662200928
------------------------- time cost ------------------------- 5.431700229644775
------------------------- time cost ------------------------- 5.386765480041504
------------------------- time cost ------------------------- 5.332962274551392
------------------------- time cost ------------------------- 5.291178226470947
------------------------- time cost ------------------------- 5.526029825210571

-------------Round number: 40-------------

Evaluate global model
Averaged Train Loss: 0.3358
Averaged Test Accuracy: 0.9148
Averaged Test AUC: 0.6807
Averaged Test Precision: 0.8385
Averaged Test Recall: 0.9148
Averaged Test F1-Score: 0.8746
Std Test Accuracy: 0.0416
Std Test AUC: 0.0465
------------------------- time cost ------------------------- 6.147974729537964
------------------------- time cost ------------------------- 5.368537425994873
------------------------- time cost ------------------------- 5.474517583847046
------------------------- time cost ------------------------- 5.276913166046143
------------------------- time cost ------------------------- 5.376374244689941
------------------------- time cost ------------------------- 5.374321222305298
------------------------- time cost ------------------------- 5.42705225944519
------------------------- time cost ------------------------- 5.336292266845703
------------------------- time cost ------------------------- 5.440381288528442
------------------------- time cost ------------------------- 5.368100166320801

-------------Round number: 50-------------

Evaluate global model
Averaged Train Loss: 0.3379
Averaged Test Accuracy: 0.9148
Averaged Test AUC: 0.7203
Averaged Test Precision: 0.8385
Averaged Test Recall: 0.9148
Averaged Test F1-Score: 0.8746
Std Test Accuracy: 0.0416
Std Test AUC: 0.0509
------------------------- time cost ------------------------- 6.161088943481445
------------------------- time cost ------------------------- 5.390843629837036
------------------------- time cost ------------------------- 5.299110412597656
------------------------- time cost ------------------------- 5.313277721405029
------------------------- time cost ------------------------- 5.361086368560791
------------------------- time cost ------------------------- 5.632789373397827
------------------------- time cost ------------------------- 5.415491580963135
------------------------- time cost ------------------------- 5.313225269317627
------------------------- time cost ------------------------- 5.477674961090088
------------------------- time cost ------------------------- 5.4650514125823975

-------------Round number: 60-------------

Evaluate global model
Averaged Train Loss: 0.3363
Averaged Test Accuracy: 0.9148
Averaged Test AUC: 0.7427
Averaged Test Precision: 0.8385
Averaged Test Recall: 0.9148
Averaged Test F1-Score: 0.8746
Std Test Accuracy: 0.0416
Std Test AUC: 0.0522
------------------------- time cost ------------------------- 6.153498888015747
------------------------- time cost ------------------------- 5.2521278858184814
------------------------- time cost ------------------------- 5.371656656265259
------------------------- time cost ------------------------- 5.280831813812256
------------------------- time cost ------------------------- 5.273200035095215
------------------------- time cost ------------------------- 5.393388509750366
------------------------- time cost ------------------------- 5.56143045425415
------------------------- time cost ------------------------- 5.436462879180908
------------------------- time cost ------------------------- 5.469048500061035
------------------------- time cost ------------------------- 5.290934801101685

-------------Round number: 70-------------

Evaluate global model
Averaged Train Loss: 0.3396
Averaged Test Accuracy: 0.9148
Averaged Test AUC: 0.7652
Averaged Test Precision: 0.8385
Averaged Test Recall: 0.9148
Averaged Test F1-Score: 0.8746
Std Test Accuracy: 0.0416
Std Test AUC: 0.0574
------------------------- time cost ------------------------- 5.987898826599121
------------------------- time cost ------------------------- 5.4621241092681885
------------------------- time cost ------------------------- 5.313430070877075
------------------------- time cost ------------------------- 5.422139883041382
------------------------- time cost ------------------------- 5.23981785774231
------------------------- time cost ------------------------- 5.261131048202515
------------------------- time cost ------------------------- 5.395418167114258
------------------------- time cost ------------------------- 5.392650127410889
------------------------- time cost ------------------------- 5.3833327293396
------------------------- time cost ------------------------- 5.498293876647949

-------------Round number: 80-------------

Evaluate global model
Averaged Train Loss: 0.3346
Averaged Test Accuracy: 0.9148
Averaged Test AUC: 0.7816
Averaged Test Precision: 0.8385
Averaged Test Recall: 0.9148
Averaged Test F1-Score: 0.8746
Std Test Accuracy: 0.0416
Std Test AUC: 0.0615
------------------------- time cost ------------------------- 6.133842706680298
------------------------- time cost ------------------------- 5.305548906326294
------------------------- time cost ------------------------- 5.55910587310791
------------------------- time cost ------------------------- 5.307610511779785
------------------------- time cost ------------------------- 5.324018478393555
------------------------- time cost ------------------------- 5.436162710189819
------------------------- time cost ------------------------- 5.400205612182617
------------------------- time cost ------------------------- 5.406944036483765
------------------------- time cost ------------------------- 5.286221504211426
------------------------- time cost ------------------------- 5.540410280227661

-------------Round number: 90-------------

Evaluate global model
Averaged Train Loss: 0.3365
Averaged Test Accuracy: 0.9148
Averaged Test AUC: 0.7970
Averaged Test Precision: 0.8385
Averaged Test Recall: 0.9148
Averaged Test F1-Score: 0.8746
Std Test Accuracy: 0.0416
Std Test AUC: 0.0598
------------------------- time cost ------------------------- 6.1438610553741455
------------------------- time cost ------------------------- 5.372928142547607
------------------------- time cost ------------------------- 5.240945816040039
------------------------- time cost ------------------------- 5.320632457733154
------------------------- time cost ------------------------- 5.438149452209473
------------------------- time cost ------------------------- 5.292625904083252
------------------------- time cost ------------------------- 5.407117605209351
------------------------- time cost ------------------------- 5.352125883102417
------------------------- time cost ------------------------- 5.350623607635498
------------------------- time cost ------------------------- 5.579951763153076

-------------Round number: 100-------------

Evaluate global model
Averaged Train Loss: 0.3332
Averaged Test Accuracy: 0.9148
Averaged Test AUC: 0.8115
Averaged Test Precision: 0.8385
Averaged Test Recall: 0.9148
Averaged Test F1-Score: 0.8746
Std Test Accuracy: 0.0416
Std Test AUC: 0.0558
------------------------- time cost ------------------------- 6.026127099990845

Best accuracy.
0.9147651006711409

Average time cost per round.
5.444874155521393
File path: results/Xinwang_FedAvg_test/Xinwang_FedAvg_test_0.h5
Training process CSV file path: results/Xinwang_FedAvg_test/Xinwang_FedAvg_test_0_training_process.csv
Training process data saved to: results/Xinwang_FedAvg_test/Xinwang_FedAvg_test_0_training_process.csv

平均训练时间: 552.14秒
