实验: Xinwang_label_skew_gaussian_Krum_run1
物理GPU ID: 1
CUDA_VISIBLE_DEVICES: 1
时间: 2026-01-25 01:07:24
命令: /miniconda3/bin/python flcore/main.py -data Xinwang -algo FedAvg -nc 10 -gr 100 -ls 5 -lbs 64 -lr 0.01 -eg 10 -t 1 --heterogeneity label_skew --enable_attack True --attack_mode gaussian --malicious_ratio 0.3 --defense_mode krum --use_tlbo False --tlbo_iterations 10 --use_autoencoder False --use_committee False
工作目录: /root/DecisionSupportSystem-FedACT/system

[GPU] 使用环境变量指定的GPU: CUDA_VISIBLE_DEVICES=1
============================================================
实验配置:
============================================================
  goal: test
  device: cuda
  device_id: 0
  dataset: Xinwang
  heterogeneity: label_skew
  model: auto
  num_classes: 2
  batch_size: 64
  local_learning_rate: 0.01
  global_rounds: 100
  local_epochs: 5
  algorithm: FedAvg
  num_clients: 10
  join_ratio: 1.0
  random_join_ratio: False
  prev: 0
  times: 1
  eval_gap: 10
  save_folder_name: results
  learning_rate_decay: False
  learning_rate_decay_gamma: 0.99
  few_shot: 0
  time_select: False
  time_threthold: 10000
  top_cnt: 100
  auto_break: False
  client_drop_rate: 0.0
  train_slow_rate: 0.0
  send_slow_rate: 0.0
  dlg_eval: False
  dlg_gap: 100
  batch_num_per_client: 2
  num_new_clients: 0
  fine_tuning_epoch_new: 0
  mu: 0.01
  beta: 0.0
  lamda: 1.0
  tau: 1.0
  plocal_epochs: 1
  server_learning_rate: 1.0
  enable_attack: True
  attack_mode: gaussian
  malicious_ratio: 0.3
  attack_scale: 3.0
  defense_mode: krum
  use_autoencoder: False
  autoencoder_latent_dim: 64
  autoencoder_epochs: 20
  committee_size: 5
  vote_threshold: 0.5
  anomaly_threshold: 0.5
  anomaly_lower_coef: 0.7
  anomaly_upper_coef: 1.5
  use_committee: False
  tlbo_iterations: 10
  use_tlbo: False
  use_merkle: True
  use_incentive: True
============================================================

============= 第 1 次实验 =============
正在初始化服务器和客户端...
数据集: Xinwang, 特征维度: 38
模型参数量: 921,634

Join ratio / total clients: 1.0 / 10
Finished creating server and clients.

-------------Round number: 0-------------

Evaluate global model
Averaged Train Loss: 0.5754
Averaged Test Accuracy: 0.8826
Averaged Test AUC: 0.5676
Averaged Test Precision: 0.8560
Averaged Test Recall: 0.8826
Averaged Test F1-Score: 0.8646
Std Test Accuracy: 0.0776
Std Test AUC: 0.1101
------------------------- time cost ------------------------- 6.425551891326904
------------------------- time cost ------------------------- 5.354759693145752
------------------------- time cost ------------------------- 5.680910587310791
------------------------- time cost ------------------------- 5.351794481277466
------------------------- time cost ------------------------- 5.449482679367065
------------------------- time cost ------------------------- 5.351759433746338
------------------------- time cost ------------------------- 5.416797637939453
------------------------- time cost ------------------------- 5.491903066635132
------------------------- time cost ------------------------- 5.418505430221558
------------------------- time cost ------------------------- 5.350440263748169

-------------Round number: 10-------------

Evaluate global model
Averaged Train Loss: 0.3479
Averaged Test Accuracy: 0.9148
Averaged Test AUC: 0.5699
Averaged Test Precision: 0.8385
Averaged Test Recall: 0.9148
Averaged Test F1-Score: 0.8746
Std Test Accuracy: 0.0416
Std Test AUC: 0.1511
------------------------- time cost ------------------------- 6.001163721084595
------------------------- time cost ------------------------- 5.490136623382568
------------------------- time cost ------------------------- 5.4836649894714355
------------------------- time cost ------------------------- 5.445390224456787
------------------------- time cost ------------------------- 5.510643243789673
------------------------- time cost ------------------------- 5.568370819091797
------------------------- time cost ------------------------- 5.383312225341797
------------------------- time cost ------------------------- 5.484121561050415
------------------------- time cost ------------------------- 5.502011775970459
------------------------- time cost ------------------------- 5.343277215957642

-------------Round number: 20-------------

Evaluate global model
Averaged Train Loss: 0.3373
Averaged Test Accuracy: 0.9148
Averaged Test AUC: 0.6076
Averaged Test Precision: 0.8385
Averaged Test Recall: 0.9148
Averaged Test F1-Score: 0.8746
Std Test Accuracy: 0.0416
Std Test AUC: 0.1036
------------------------- time cost ------------------------- 6.208817720413208
------------------------- time cost ------------------------- 5.426842451095581
------------------------- time cost ------------------------- 5.369740009307861
------------------------- time cost ------------------------- 5.4865477085113525
------------------------- time cost ------------------------- 5.288388967514038
------------------------- time cost ------------------------- 5.427826881408691
------------------------- time cost ------------------------- 5.4999377727508545
------------------------- time cost ------------------------- 5.361392974853516
------------------------- time cost ------------------------- 5.4503655433654785
------------------------- time cost ------------------------- 5.511142730712891

-------------Round number: 30-------------

Evaluate global model
Averaged Train Loss: 0.3379
Averaged Test Accuracy: 0.9148
Averaged Test AUC: 0.6396
Averaged Test Precision: 0.8385
Averaged Test Recall: 0.9148
Averaged Test F1-Score: 0.8746
Std Test Accuracy: 0.0416
Std Test AUC: 0.0782
------------------------- time cost ------------------------- 6.0436975955963135
------------------------- time cost ------------------------- 5.300566673278809
------------------------- time cost ------------------------- 5.418928861618042
------------------------- time cost ------------------------- 5.458735466003418
------------------------- time cost ------------------------- 5.270009279251099
------------------------- time cost ------------------------- 5.4965057373046875
------------------------- time cost ------------------------- 5.392806053161621
------------------------- time cost ------------------------- 5.563408374786377
------------------------- time cost ------------------------- 5.485843181610107
------------------------- time cost ------------------------- 5.5939764976501465

-------------Round number: 40-------------

Evaluate global model
Averaged Train Loss: 0.3361
Averaged Test Accuracy: 0.9148
Averaged Test AUC: 0.7011
Averaged Test Precision: 0.8385
Averaged Test Recall: 0.9148
Averaged Test F1-Score: 0.8746
Std Test Accuracy: 0.0416
Std Test AUC: 0.0538
------------------------- time cost ------------------------- 6.057953119277954
------------------------- time cost ------------------------- 5.290574312210083
------------------------- time cost ------------------------- 5.350746154785156
------------------------- time cost ------------------------- 5.425041437149048
------------------------- time cost ------------------------- 5.383441925048828
------------------------- time cost ------------------------- 5.510772705078125
------------------------- time cost ------------------------- 5.4196977615356445
------------------------- time cost ------------------------- 5.407008409500122
------------------------- time cost ------------------------- 5.544536828994751
------------------------- time cost ------------------------- 5.3324384689331055

-------------Round number: 50-------------

Evaluate global model
Averaged Train Loss: 0.3381
Averaged Test Accuracy: 0.9148
Averaged Test AUC: 0.7276
Averaged Test Precision: 0.8385
Averaged Test Recall: 0.9148
Averaged Test F1-Score: 0.8746
Std Test Accuracy: 0.0416
Std Test AUC: 0.0608
------------------------- time cost ------------------------- 6.201265811920166
------------------------- time cost ------------------------- 5.302230596542358
------------------------- time cost ------------------------- 5.470527172088623
------------------------- time cost ------------------------- 5.433027029037476
------------------------- time cost ------------------------- 5.501266717910767
------------------------- time cost ------------------------- 5.342568874359131
------------------------- time cost ------------------------- 5.594705104827881
------------------------- time cost ------------------------- 5.497955322265625
------------------------- time cost ------------------------- 5.589513063430786
------------------------- time cost ------------------------- 5.450106143951416

-------------Round number: 60-------------

Evaluate global model
Averaged Train Loss: 0.3372
Averaged Test Accuracy: 0.9148
Averaged Test AUC: 0.7558
Averaged Test Precision: 0.8385
Averaged Test Recall: 0.9148
Averaged Test F1-Score: 0.8746
Std Test Accuracy: 0.0416
Std Test AUC: 0.0620
------------------------- time cost ------------------------- 6.145322561264038
------------------------- time cost ------------------------- 5.433520078659058
------------------------- time cost ------------------------- 5.409191131591797
------------------------- time cost ------------------------- 5.464788913726807
------------------------- time cost ------------------------- 5.462019920349121
------------------------- time cost ------------------------- 5.443819284439087
------------------------- time cost ------------------------- 5.365211486816406
------------------------- time cost ------------------------- 5.267308235168457
------------------------- time cost ------------------------- 5.537395477294922
------------------------- time cost ------------------------- 5.349569797515869

-------------Round number: 70-------------

Evaluate global model
Averaged Train Loss: 0.3354
Averaged Test Accuracy: 0.9148
Averaged Test AUC: 0.7800
Averaged Test Precision: 0.8385
Averaged Test Recall: 0.9148
Averaged Test F1-Score: 0.8746
Std Test Accuracy: 0.0416
Std Test AUC: 0.0722
------------------------- time cost ------------------------- 6.27342963218689
------------------------- time cost ------------------------- 5.495582342147827
------------------------- time cost ------------------------- 5.387490272521973
------------------------- time cost ------------------------- 5.410029649734497
------------------------- time cost ------------------------- 5.410875558853149
------------------------- time cost ------------------------- 5.349044561386108
------------------------- time cost ------------------------- 5.319120168685913
------------------------- time cost ------------------------- 5.340662002563477
------------------------- time cost ------------------------- 5.670853137969971
------------------------- time cost ------------------------- 5.30627179145813

-------------Round number: 80-------------

Evaluate global model
Averaged Train Loss: 0.3389
Averaged Test Accuracy: 0.9148
Averaged Test AUC: 0.7844
Averaged Test Precision: 0.8385
Averaged Test Recall: 0.9148
Averaged Test F1-Score: 0.8746
Std Test Accuracy: 0.0416
Std Test AUC: 0.0641
------------------------- time cost ------------------------- 6.2590882778167725
------------------------- time cost ------------------------- 5.351678371429443
------------------------- time cost ------------------------- 5.281202793121338
------------------------- time cost ------------------------- 5.710317134857178
------------------------- time cost ------------------------- 5.526574611663818
------------------------- time cost ------------------------- 5.378655672073364
------------------------- time cost ------------------------- 5.35247015953064
------------------------- time cost ------------------------- 5.392014026641846
------------------------- time cost ------------------------- 5.62579345703125
------------------------- time cost ------------------------- 5.273482084274292

-------------Round number: 90-------------

Evaluate global model
Averaged Train Loss: 0.3373
Averaged Test Accuracy: 0.9148
Averaged Test AUC: 0.8079
Averaged Test Precision: 0.8385
Averaged Test Recall: 0.9148
Averaged Test F1-Score: 0.8746
Std Test Accuracy: 0.0416
Std Test AUC: 0.0736
------------------------- time cost ------------------------- 6.2063024044036865
------------------------- time cost ------------------------- 5.201703071594238
------------------------- time cost ------------------------- 5.38938570022583
------------------------- time cost ------------------------- 5.387896299362183
------------------------- time cost ------------------------- 5.383119583129883
------------------------- time cost ------------------------- 5.31925106048584
------------------------- time cost ------------------------- 5.252624273300171
------------------------- time cost ------------------------- 5.3263163566589355
------------------------- time cost ------------------------- 5.050696134567261
------------------------- time cost ------------------------- 5.207826375961304

-------------Round number: 100-------------

Evaluate global model
Averaged Train Loss: 0.3355
Averaged Test Accuracy: 0.9148
Averaged Test AUC: 0.8132
Averaged Test Precision: 0.8385
Averaged Test Recall: 0.9148
Averaged Test F1-Score: 0.8746
Std Test Accuracy: 0.0416
Std Test AUC: 0.0570
------------------------- time cost ------------------------- 6.0210418701171875

Best accuracy.
0.9147651006711409

Average time cost per round.
5.4897824883460995
File path: results/Xinwang_FedAvg_test/Xinwang_FedAvg_test_0.h5
Training process CSV file path: results/Xinwang_FedAvg_test/Xinwang_FedAvg_test_0_training_process.csv
Training process data saved to: results/Xinwang_FedAvg_test/Xinwang_FedAvg_test_0_training_process.csv

平均训练时间: 556.7秒
