实验: Xinwang_iid_alie_Median_run1
物理GPU ID: 2
CUDA_VISIBLE_DEVICES: 2
时间: 2026-01-25 00:31:14
命令: /miniconda3/bin/python flcore/main.py -data Xinwang -algo FedAvg -nc 10 -gr 100 -ls 5 -lbs 64 -lr 0.01 -eg 10 -t 1 --heterogeneity iid --enable_attack True --attack_mode alie --malicious_ratio 0.3 --defense_mode median --use_tlbo False --tlbo_iterations 10 --use_autoencoder False --use_committee False
工作目录: /root/DecisionSupportSystem-FedACT/system

[GPU] 使用环境变量指定的GPU: CUDA_VISIBLE_DEVICES=2
============================================================
实验配置:
============================================================
  goal: test
  device: cuda
  device_id: 0
  dataset: Xinwang
  heterogeneity: iid
  model: auto
  num_classes: 2
  batch_size: 64
  local_learning_rate: 0.01
  global_rounds: 100
  local_epochs: 5
  algorithm: FedAvg
  num_clients: 10
  join_ratio: 1.0
  random_join_ratio: False
  prev: 0
  times: 1
  eval_gap: 10
  save_folder_name: results
  learning_rate_decay: False
  learning_rate_decay_gamma: 0.99
  few_shot: 0
  time_select: False
  time_threthold: 10000
  top_cnt: 100
  auto_break: False
  client_drop_rate: 0.0
  train_slow_rate: 0.0
  send_slow_rate: 0.0
  dlg_eval: False
  dlg_gap: 100
  batch_num_per_client: 2
  num_new_clients: 0
  fine_tuning_epoch_new: 0
  mu: 0.01
  beta: 0.0
  lamda: 1.0
  tau: 1.0
  plocal_epochs: 1
  server_learning_rate: 1.0
  enable_attack: True
  attack_mode: alie
  malicious_ratio: 0.3
  attack_scale: 3.0
  defense_mode: median
  use_autoencoder: False
  autoencoder_latent_dim: 64
  autoencoder_epochs: 20
  committee_size: 5
  vote_threshold: 0.5
  anomaly_threshold: 0.5
  anomaly_lower_coef: 0.7
  anomaly_upper_coef: 1.5
  use_committee: False
  tlbo_iterations: 10
  use_tlbo: False
  use_merkle: True
  use_incentive: True
============================================================

============= 第 1 次实验 =============
正在初始化服务器和客户端...
数据集: Xinwang, 特征维度: 38
模型参数量: 921,634

Join ratio / total clients: 1.0 / 10
Finished creating server and clients.

-------------Round number: 0-------------

Evaluate global model
Averaged Train Loss: 0.5754
Averaged Test Accuracy: 0.8826
Averaged Test AUC: 0.5676
Averaged Test Precision: 0.8560
Averaged Test Recall: 0.8826
Averaged Test F1-Score: 0.8646
Std Test Accuracy: 0.0776
Std Test AUC: 0.1101
------------------------- time cost ------------------------- 6.947492599487305
------------------------- time cost ------------------------- 5.862926721572876
------------------------- time cost ------------------------- 5.819050312042236
------------------------- time cost ------------------------- 5.646944761276245
------------------------- time cost ------------------------- 5.558204889297485
------------------------- time cost ------------------------- 5.581606388092041
------------------------- time cost ------------------------- 5.528735399246216
------------------------- time cost ------------------------- 5.5562520027160645
------------------------- time cost ------------------------- 5.5010528564453125
------------------------- time cost ------------------------- 5.5625457763671875

-------------Round number: 10-------------

Evaluate global model
Averaged Train Loss: 0.3487
Averaged Test Accuracy: 0.9148
Averaged Test AUC: 0.5800
Averaged Test Precision: 0.8385
Averaged Test Recall: 0.9148
Averaged Test F1-Score: 0.8746
Std Test Accuracy: 0.0416
Std Test AUC: 0.1182
------------------------- time cost ------------------------- 6.522441387176514
------------------------- time cost ------------------------- 5.595757722854614
------------------------- time cost ------------------------- 5.414292335510254
------------------------- time cost ------------------------- 5.629268646240234
------------------------- time cost ------------------------- 5.616949558258057
------------------------- time cost ------------------------- 5.632654428482056
------------------------- time cost ------------------------- 5.557170391082764
------------------------- time cost ------------------------- 5.428547620773315
------------------------- time cost ------------------------- 5.521334171295166
------------------------- time cost ------------------------- 5.696356534957886

-------------Round number: 20-------------

Evaluate global model
Averaged Train Loss: 0.3377
Averaged Test Accuracy: 0.9148
Averaged Test AUC: 0.6092
Averaged Test Precision: 0.8385
Averaged Test Recall: 0.9148
Averaged Test F1-Score: 0.8746
Std Test Accuracy: 0.0416
Std Test AUC: 0.0882
------------------------- time cost ------------------------- 6.4461915493011475
------------------------- time cost ------------------------- 5.4585301876068115
------------------------- time cost ------------------------- 5.537064075469971
------------------------- time cost ------------------------- 5.641316175460815
------------------------- time cost ------------------------- 5.545109272003174
------------------------- time cost ------------------------- 5.552811145782471
------------------------- time cost ------------------------- 5.498489856719971
------------------------- time cost ------------------------- 5.495502710342407
------------------------- time cost ------------------------- 5.458480358123779
------------------------- time cost ------------------------- 5.578704595565796

-------------Round number: 30-------------

Evaluate global model
Averaged Train Loss: 0.3345
Averaged Test Accuracy: 0.9148
Averaged Test AUC: 0.6577
Averaged Test Precision: 0.8385
Averaged Test Recall: 0.9148
Averaged Test F1-Score: 0.8746
Std Test Accuracy: 0.0416
Std Test AUC: 0.0517
------------------------- time cost ------------------------- 6.389581918716431
------------------------- time cost ------------------------- 5.555716514587402
------------------------- time cost ------------------------- 5.522545337677002
------------------------- time cost ------------------------- 5.701740503311157
------------------------- time cost ------------------------- 5.646314859390259
------------------------- time cost ------------------------- 5.579253673553467
------------------------- time cost ------------------------- 5.589455842971802
------------------------- time cost ------------------------- 5.650627851486206
------------------------- time cost ------------------------- 5.460743427276611
------------------------- time cost ------------------------- 5.660043716430664

-------------Round number: 40-------------

Evaluate global model
Averaged Train Loss: 0.3343
Averaged Test Accuracy: 0.9148
Averaged Test AUC: 0.6989
Averaged Test Precision: 0.8385
Averaged Test Recall: 0.9148
Averaged Test F1-Score: 0.8746
Std Test Accuracy: 0.0416
Std Test AUC: 0.0485
------------------------- time cost ------------------------- 6.375629901885986
------------------------- time cost ------------------------- 5.4902544021606445
------------------------- time cost ------------------------- 5.540245056152344
------------------------- time cost ------------------------- 5.6798694133758545
------------------------- time cost ------------------------- 5.536168098449707
------------------------- time cost ------------------------- 5.593637228012085
------------------------- time cost ------------------------- 5.52571964263916
------------------------- time cost ------------------------- 5.638333797454834
------------------------- time cost ------------------------- 5.647650957107544
------------------------- time cost ------------------------- 5.588883399963379

-------------Round number: 50-------------

Evaluate global model
Averaged Train Loss: 0.3363
Averaged Test Accuracy: 0.9148
Averaged Test AUC: 0.7277
Averaged Test Precision: 0.8385
Averaged Test Recall: 0.9148
Averaged Test F1-Score: 0.8746
Std Test Accuracy: 0.0416
Std Test AUC: 0.0529
------------------------- time cost ------------------------- 6.270542621612549
------------------------- time cost ------------------------- 5.488660097122192
------------------------- time cost ------------------------- 5.566660642623901
------------------------- time cost ------------------------- 5.531030178070068
------------------------- time cost ------------------------- 5.56143593788147
------------------------- time cost ------------------------- 5.579970121383667
------------------------- time cost ------------------------- 5.831453084945679
------------------------- time cost ------------------------- 5.738930940628052
------------------------- time cost ------------------------- 5.601036787033081
------------------------- time cost ------------------------- 5.635085105895996

-------------Round number: 60-------------

Evaluate global model
Averaged Train Loss: 0.3348
Averaged Test Accuracy: 0.9148
Averaged Test AUC: 0.7509
Averaged Test Precision: 0.8385
Averaged Test Recall: 0.9148
Averaged Test F1-Score: 0.8746
Std Test Accuracy: 0.0416
Std Test AUC: 0.0580
------------------------- time cost ------------------------- 6.40281343460083
------------------------- time cost ------------------------- 5.48636794090271
------------------------- time cost ------------------------- 5.590676546096802
------------------------- time cost ------------------------- 5.527298212051392
------------------------- time cost ------------------------- 5.554030179977417
------------------------- time cost ------------------------- 5.5238683223724365
------------------------- time cost ------------------------- 5.568451404571533
------------------------- time cost ------------------------- 5.604248285293579
------------------------- time cost ------------------------- 5.5696563720703125
------------------------- time cost ------------------------- 5.655125141143799

-------------Round number: 70-------------

Evaluate global model
Averaged Train Loss: 0.3374
Averaged Test Accuracy: 0.9148
Averaged Test AUC: 0.7743
Averaged Test Precision: 0.8385
Averaged Test Recall: 0.9148
Averaged Test F1-Score: 0.8746
Std Test Accuracy: 0.0416
Std Test AUC: 0.0684
------------------------- time cost ------------------------- 6.4419474601745605
------------------------- time cost ------------------------- 5.60424542427063
------------------------- time cost ------------------------- 5.684084892272949
------------------------- time cost ------------------------- 5.62575626373291
------------------------- time cost ------------------------- 5.595661640167236
------------------------- time cost ------------------------- 5.5876686573028564
------------------------- time cost ------------------------- 5.647610902786255
------------------------- time cost ------------------------- 5.5116541385650635
------------------------- time cost ------------------------- 5.695424795150757
------------------------- time cost ------------------------- 5.545694589614868

-------------Round number: 80-------------

Evaluate global model
Averaged Train Loss: 0.3356
Averaged Test Accuracy: 0.9148
Averaged Test AUC: 0.7794
Averaged Test Precision: 0.8385
Averaged Test Recall: 0.9148
Averaged Test F1-Score: 0.8746
Std Test Accuracy: 0.0416
Std Test AUC: 0.0541
------------------------- time cost ------------------------- 6.374650716781616
------------------------- time cost ------------------------- 5.486242771148682
------------------------- time cost ------------------------- 5.550336837768555
------------------------- time cost ------------------------- 5.90234899520874
------------------------- time cost ------------------------- 5.795782566070557
------------------------- time cost ------------------------- 5.85390830039978
------------------------- time cost ------------------------- 5.731206655502319
------------------------- time cost ------------------------- 5.50703501701355
------------------------- time cost ------------------------- 5.891783237457275
------------------------- time cost ------------------------- 5.9527363777160645

-------------Round number: 90-------------

Evaluate global model
Averaged Train Loss: 0.3347
Averaged Test Accuracy: 0.9148
Averaged Test AUC: 0.8014
Averaged Test Precision: 0.8385
Averaged Test Recall: 0.9148
Averaged Test F1-Score: 0.8746
Std Test Accuracy: 0.0416
Std Test AUC: 0.0588
------------------------- time cost ------------------------- 6.403899192810059
------------------------- time cost ------------------------- 5.446015119552612
------------------------- time cost ------------------------- 5.550604820251465
------------------------- time cost ------------------------- 5.554758787155151
------------------------- time cost ------------------------- 5.748780965805054
------------------------- time cost ------------------------- 5.577083587646484
------------------------- time cost ------------------------- 5.735023021697998
------------------------- time cost ------------------------- 5.567963123321533
------------------------- time cost ------------------------- 5.785573244094849
------------------------- time cost ------------------------- 5.801299333572388

-------------Round number: 100-------------

Evaluate global model
Averaged Train Loss: 0.3326
Averaged Test Accuracy: 0.9148
Averaged Test AUC: 0.8068
Averaged Test Precision: 0.8385
Averaged Test Recall: 0.9148
Averaged Test F1-Score: 0.8746
Std Test Accuracy: 0.0416
Std Test AUC: 0.0508
------------------------- time cost ------------------------- 6.9681782722473145

Best accuracy.
0.9147651006711409

Average time cost per round.
5.69229008436203
File path: results/Xinwang_FedAvg_test/Xinwang_FedAvg_test_0.h5
Training process CSV file path: results/Xinwang_FedAvg_test/Xinwang_FedAvg_test_0_training_process.csv
Training process data saved to: results/Xinwang_FedAvg_test/Xinwang_FedAvg_test_0_training_process.csv

平均训练时间: 577.76秒
