实验: Xinwang_iid_label_flip_TrimmedMean_run1
物理GPU ID: 0
CUDA_VISIBLE_DEVICES: 0
时间: 2026-01-25 00:48:51
命令: /miniconda3/bin/python flcore/main.py -data Xinwang -algo FedAvg -nc 10 -gr 100 -ls 5 -lbs 64 -lr 0.01 -eg 10 -t 1 --heterogeneity iid --enable_attack True --attack_mode label_flip --malicious_ratio 0.3 --defense_mode trimmed_mean --use_tlbo False --tlbo_iterations 10 --use_autoencoder False --use_committee False
工作目录: /root/DecisionSupportSystem-FedACT/system

[GPU] 使用环境变量指定的GPU: CUDA_VISIBLE_DEVICES=0
============================================================
实验配置:
============================================================
  goal: test
  device: cuda
  device_id: 0
  dataset: Xinwang
  heterogeneity: iid
  model: auto
  num_classes: 2
  batch_size: 64
  local_learning_rate: 0.01
  global_rounds: 100
  local_epochs: 5
  algorithm: FedAvg
  num_clients: 10
  join_ratio: 1.0
  random_join_ratio: False
  prev: 0
  times: 1
  eval_gap: 10
  save_folder_name: results
  learning_rate_decay: False
  learning_rate_decay_gamma: 0.99
  few_shot: 0
  time_select: False
  time_threthold: 10000
  top_cnt: 100
  auto_break: False
  client_drop_rate: 0.0
  train_slow_rate: 0.0
  send_slow_rate: 0.0
  dlg_eval: False
  dlg_gap: 100
  batch_num_per_client: 2
  num_new_clients: 0
  fine_tuning_epoch_new: 0
  mu: 0.01
  beta: 0.0
  lamda: 1.0
  tau: 1.0
  plocal_epochs: 1
  server_learning_rate: 1.0
  enable_attack: True
  attack_mode: label_flip
  malicious_ratio: 0.3
  attack_scale: 3.0
  defense_mode: trimmed_mean
  use_autoencoder: False
  autoencoder_latent_dim: 64
  autoencoder_epochs: 20
  committee_size: 5
  vote_threshold: 0.5
  anomaly_threshold: 0.5
  anomaly_lower_coef: 0.7
  anomaly_upper_coef: 1.5
  use_committee: False
  tlbo_iterations: 10
  use_tlbo: False
  use_merkle: True
  use_incentive: True
============================================================

============= 第 1 次实验 =============
正在初始化服务器和客户端...
数据集: Xinwang, 特征维度: 38
模型参数量: 921,634

Join ratio / total clients: 1.0 / 10
Finished creating server and clients.

-------------Round number: 0-------------

Evaluate global model
Averaged Train Loss: 0.5754
Averaged Test Accuracy: 0.8826
Averaged Test AUC: 0.5676
Averaged Test Precision: 0.8560
Averaged Test Recall: 0.8826
Averaged Test F1-Score: 0.8646
Std Test Accuracy: 0.0776
Std Test AUC: 0.1101
------------------------- time cost ------------------------- 6.877246856689453
------------------------- time cost ------------------------- 5.514136791229248
------------------------- time cost ------------------------- 5.633251905441284
------------------------- time cost ------------------------- 5.525594472885132
------------------------- time cost ------------------------- 5.525346755981445
------------------------- time cost ------------------------- 5.493363857269287
------------------------- time cost ------------------------- 5.16370964050293
------------------------- time cost ------------------------- 5.603301048278809
------------------------- time cost ------------------------- 5.524527311325073
------------------------- time cost ------------------------- 5.647517204284668

-------------Round number: 10-------------

Evaluate global model
Averaged Train Loss: 0.3475
Averaged Test Accuracy: 0.9148
Averaged Test AUC: 0.5626
Averaged Test Precision: 0.8385
Averaged Test Recall: 0.9148
Averaged Test F1-Score: 0.8746
Std Test Accuracy: 0.0416
Std Test AUC: 0.1548
------------------------- time cost ------------------------- 6.576937675476074
------------------------- time cost ------------------------- 5.639588117599487
------------------------- time cost ------------------------- 5.723704099655151
------------------------- time cost ------------------------- 5.560734033584595
------------------------- time cost ------------------------- 5.675893545150757
------------------------- time cost ------------------------- 5.676147222518921
------------------------- time cost ------------------------- 5.718964576721191
------------------------- time cost ------------------------- 5.537089824676514
------------------------- time cost ------------------------- 5.470256328582764
------------------------- time cost ------------------------- 5.519172668457031

-------------Round number: 20-------------

Evaluate global model
Averaged Train Loss: 0.3370
Averaged Test Accuracy: 0.9148
Averaged Test AUC: 0.6111
Averaged Test Precision: 0.8385
Averaged Test Recall: 0.9148
Averaged Test F1-Score: 0.8746
Std Test Accuracy: 0.0416
Std Test AUC: 0.1054
------------------------- time cost ------------------------- 6.516523361206055
------------------------- time cost ------------------------- 5.6509013175964355
------------------------- time cost ------------------------- 5.577731370925903
------------------------- time cost ------------------------- 5.451592445373535
------------------------- time cost ------------------------- 5.582457542419434
------------------------- time cost ------------------------- 5.507177114486694
------------------------- time cost ------------------------- 5.61010217666626
------------------------- time cost ------------------------- 5.526533126831055
------------------------- time cost ------------------------- 5.482253313064575
------------------------- time cost ------------------------- 5.618246555328369

-------------Round number: 30-------------

Evaluate global model
Averaged Train Loss: 0.3365
Averaged Test Accuracy: 0.9148
Averaged Test AUC: 0.6658
Averaged Test Precision: 0.8385
Averaged Test Recall: 0.9148
Averaged Test F1-Score: 0.8746
Std Test Accuracy: 0.0416
Std Test AUC: 0.0562
------------------------- time cost ------------------------- 6.2542102336883545
------------------------- time cost ------------------------- 5.619327545166016
------------------------- time cost ------------------------- 5.664078235626221
------------------------- time cost ------------------------- 5.5951783657073975
------------------------- time cost ------------------------- 5.587812662124634
------------------------- time cost ------------------------- 5.460442304611206
------------------------- time cost ------------------------- 5.636204242706299
------------------------- time cost ------------------------- 5.525655746459961
------------------------- time cost ------------------------- 5.427152633666992
------------------------- time cost ------------------------- 5.75896143913269

-------------Round number: 40-------------

Evaluate global model
Averaged Train Loss: 0.3352
Averaged Test Accuracy: 0.9148
Averaged Test AUC: 0.6985
Averaged Test Precision: 0.8385
Averaged Test Recall: 0.9148
Averaged Test F1-Score: 0.8746
Std Test Accuracy: 0.0416
Std Test AUC: 0.0458
------------------------- time cost ------------------------- 6.412752151489258
------------------------- time cost ------------------------- 5.471298694610596
------------------------- time cost ------------------------- 5.5278098583221436
------------------------- time cost ------------------------- 5.56061315536499
------------------------- time cost ------------------------- 5.683470249176025
------------------------- time cost ------------------------- 5.557271718978882
------------------------- time cost ------------------------- 5.690221071243286
------------------------- time cost ------------------------- 5.51951789855957
------------------------- time cost ------------------------- 5.458935737609863
------------------------- time cost ------------------------- 5.480200290679932

-------------Round number: 50-------------

Evaluate global model
Averaged Train Loss: 0.3380
Averaged Test Accuracy: 0.9148
Averaged Test AUC: 0.7353
Averaged Test Precision: 0.8385
Averaged Test Recall: 0.9148
Averaged Test F1-Score: 0.8746
Std Test Accuracy: 0.0416
Std Test AUC: 0.0571
------------------------- time cost ------------------------- 6.193341970443726
------------------------- time cost ------------------------- 5.557789087295532
------------------------- time cost ------------------------- 5.350629806518555
------------------------- time cost ------------------------- 5.429651737213135
------------------------- time cost ------------------------- 5.47850489616394
------------------------- time cost ------------------------- 5.570154905319214
------------------------- time cost ------------------------- 5.798966407775879
------------------------- time cost ------------------------- 5.475763559341431
------------------------- time cost ------------------------- 5.688615560531616
------------------------- time cost ------------------------- 5.588786602020264

-------------Round number: 60-------------

Evaluate global model
Averaged Train Loss: 0.3357
Averaged Test Accuracy: 0.9148
Averaged Test AUC: 0.7531
Averaged Test Precision: 0.8385
Averaged Test Recall: 0.9148
Averaged Test F1-Score: 0.8746
Std Test Accuracy: 0.0416
Std Test AUC: 0.0600
------------------------- time cost ------------------------- 6.42505955696106
------------------------- time cost ------------------------- 5.51938009262085
------------------------- time cost ------------------------- 5.507781267166138
------------------------- time cost ------------------------- 5.595808506011963
------------------------- time cost ------------------------- 5.383312940597534
------------------------- time cost ------------------------- 5.546246528625488
------------------------- time cost ------------------------- 5.6595299243927
------------------------- time cost ------------------------- 5.499689340591431
------------------------- time cost ------------------------- 5.456810712814331
------------------------- time cost ------------------------- 5.6003499031066895

-------------Round number: 70-------------

Evaluate global model
Averaged Train Loss: 0.3386
Averaged Test Accuracy: 0.9148
Averaged Test AUC: 0.7701
Averaged Test Precision: 0.8385
Averaged Test Recall: 0.9148
Averaged Test F1-Score: 0.8746
Std Test Accuracy: 0.0416
Std Test AUC: 0.0563
------------------------- time cost ------------------------- 6.269294738769531
------------------------- time cost ------------------------- 5.5284364223480225
------------------------- time cost ------------------------- 5.479712009429932
------------------------- time cost ------------------------- 5.506283521652222
------------------------- time cost ------------------------- 5.480670690536499
------------------------- time cost ------------------------- 5.568873882293701
------------------------- time cost ------------------------- 5.459618091583252
------------------------- time cost ------------------------- 5.575725793838501
------------------------- time cost ------------------------- 5.470663070678711
------------------------- time cost ------------------------- 5.462592124938965

-------------Round number: 80-------------

Evaluate global model
Averaged Train Loss: 0.3376
Averaged Test Accuracy: 0.9148
Averaged Test AUC: 0.7836
Averaged Test Precision: 0.8385
Averaged Test Recall: 0.9148
Averaged Test F1-Score: 0.8746
Std Test Accuracy: 0.0416
Std Test AUC: 0.0622
------------------------- time cost ------------------------- 6.359918832778931
------------------------- time cost ------------------------- 5.506058931350708
------------------------- time cost ------------------------- 5.439706087112427
------------------------- time cost ------------------------- 5.625112056732178
------------------------- time cost ------------------------- 5.662705183029175
------------------------- time cost ------------------------- 5.617185831069946
------------------------- time cost ------------------------- 5.528656244277954
------------------------- time cost ------------------------- 5.609912872314453
------------------------- time cost ------------------------- 5.55423903465271
------------------------- time cost ------------------------- 5.488036155700684

-------------Round number: 90-------------

Evaluate global model
Averaged Train Loss: 0.3364
Averaged Test Accuracy: 0.9148
Averaged Test AUC: 0.7911
Averaged Test Precision: 0.8385
Averaged Test Recall: 0.9148
Averaged Test F1-Score: 0.8746
Std Test Accuracy: 0.0416
Std Test AUC: 0.0488
------------------------- time cost ------------------------- 6.3125319480896
------------------------- time cost ------------------------- 5.206197738647461
------------------------- time cost ------------------------- 5.607756853103638
------------------------- time cost ------------------------- 5.44424033164978
------------------------- time cost ------------------------- 5.51800274848938
------------------------- time cost ------------------------- 5.384121894836426
------------------------- time cost ------------------------- 5.691984415054321
------------------------- time cost ------------------------- 5.763134717941284
------------------------- time cost ------------------------- 5.48142409324646
------------------------- time cost ------------------------- 5.810236215591431

-------------Round number: 100-------------

Evaluate global model
Averaged Train Loss: 0.3378
Averaged Test Accuracy: 0.9148
Averaged Test AUC: 0.8155
Averaged Test Precision: 0.8385
Averaged Test Recall: 0.9148
Averaged Test F1-Score: 0.8746
Std Test Accuracy: 0.0416
Std Test AUC: 0.0521
------------------------- time cost ------------------------- 7.166935205459595

Best accuracy.
0.9147651006711409

Average time cost per round.
5.6405001068115235
File path: results/Xinwang_FedAvg_test/Xinwang_FedAvg_test_0.h5
Training process CSV file path: results/Xinwang_FedAvg_test/Xinwang_FedAvg_test_0_training_process.csv
Training process data saved to: results/Xinwang_FedAvg_test/Xinwang_FedAvg_test_0_training_process.csv

平均训练时间: 572.37秒
