实验: Xinwang_label_skew_minmax_TrimmedMean_run1
物理GPU ID: 0
CUDA_VISIBLE_DEVICES: 0
时间: 2026-01-25 01:26:15
命令: /miniconda3/bin/python flcore/main.py -data Xinwang -algo FedAvg -nc 10 -gr 100 -ls 5 -lbs 64 -lr 0.01 -eg 10 -t 1 --heterogeneity label_skew --enable_attack True --attack_mode minmax --malicious_ratio 0.3 --defense_mode trimmed_mean --use_tlbo False --tlbo_iterations 10 --use_autoencoder False --use_committee False
工作目录: /root/DecisionSupportSystem-FedACT/system

[GPU] 使用环境变量指定的GPU: CUDA_VISIBLE_DEVICES=0
============================================================
实验配置:
============================================================
  goal: test
  device: cuda
  device_id: 0
  dataset: Xinwang
  heterogeneity: label_skew
  model: auto
  num_classes: 2
  batch_size: 64
  local_learning_rate: 0.01
  global_rounds: 100
  local_epochs: 5
  algorithm: FedAvg
  num_clients: 10
  join_ratio: 1.0
  random_join_ratio: False
  prev: 0
  times: 1
  eval_gap: 10
  save_folder_name: results
  learning_rate_decay: False
  learning_rate_decay_gamma: 0.99
  few_shot: 0
  time_select: False
  time_threthold: 10000
  top_cnt: 100
  auto_break: False
  client_drop_rate: 0.0
  train_slow_rate: 0.0
  send_slow_rate: 0.0
  dlg_eval: False
  dlg_gap: 100
  batch_num_per_client: 2
  num_new_clients: 0
  fine_tuning_epoch_new: 0
  mu: 0.01
  beta: 0.0
  lamda: 1.0
  tau: 1.0
  plocal_epochs: 1
  server_learning_rate: 1.0
  enable_attack: True
  attack_mode: minmax
  malicious_ratio: 0.3
  attack_scale: 3.0
  defense_mode: trimmed_mean
  use_autoencoder: False
  autoencoder_latent_dim: 64
  autoencoder_epochs: 20
  committee_size: 5
  vote_threshold: 0.5
  anomaly_threshold: 0.5
  anomaly_lower_coef: 0.7
  anomaly_upper_coef: 1.5
  use_committee: False
  tlbo_iterations: 10
  use_tlbo: False
  use_merkle: True
  use_incentive: True
============================================================

============= 第 1 次实验 =============
正在初始化服务器和客户端...
数据集: Xinwang, 特征维度: 38
模型参数量: 921,634

Join ratio / total clients: 1.0 / 10
Finished creating server and clients.

-------------Round number: 0-------------

Evaluate global model
Averaged Train Loss: 0.5754
Averaged Test Accuracy: 0.8826
Averaged Test AUC: 0.5676
Averaged Test Precision: 0.8560
Averaged Test Recall: 0.8826
Averaged Test F1-Score: 0.8646
Std Test Accuracy: 0.0776
Std Test AUC: 0.1101
------------------------- time cost ------------------------- 6.498727798461914
------------------------- time cost ------------------------- 5.316643476486206
------------------------- time cost ------------------------- 5.29694390296936
------------------------- time cost ------------------------- 5.363675594329834
------------------------- time cost ------------------------- 5.496988296508789
------------------------- time cost ------------------------- 5.306421279907227
------------------------- time cost ------------------------- 5.38822340965271
------------------------- time cost ------------------------- 5.507715940475464
------------------------- time cost ------------------------- 5.265759229660034
------------------------- time cost ------------------------- 5.31299614906311

-------------Round number: 10-------------

Evaluate global model
Averaged Train Loss: 0.3477
Averaged Test Accuracy: 0.9148
Averaged Test AUC: 0.5715
Averaged Test Precision: 0.8385
Averaged Test Recall: 0.9148
Averaged Test F1-Score: 0.8746
Std Test Accuracy: 0.0416
Std Test AUC: 0.1318
------------------------- time cost ------------------------- 6.271576881408691
------------------------- time cost ------------------------- 5.637089252471924
------------------------- time cost ------------------------- 5.35544753074646
------------------------- time cost ------------------------- 5.439584732055664
------------------------- time cost ------------------------- 5.450189590454102
------------------------- time cost ------------------------- 5.44509482383728
------------------------- time cost ------------------------- 5.3973777294158936
------------------------- time cost ------------------------- 5.629120349884033
------------------------- time cost ------------------------- 5.4500510692596436
------------------------- time cost ------------------------- 5.491046905517578

-------------Round number: 20-------------

Evaluate global model
Averaged Train Loss: 0.3399
Averaged Test Accuracy: 0.9148
Averaged Test AUC: 0.6300
Averaged Test Precision: 0.8385
Averaged Test Recall: 0.9148
Averaged Test F1-Score: 0.8746
Std Test Accuracy: 0.0416
Std Test AUC: 0.1012
------------------------- time cost ------------------------- 6.223680734634399
------------------------- time cost ------------------------- 5.3828511238098145
------------------------- time cost ------------------------- 5.360301971435547
------------------------- time cost ------------------------- 5.491515636444092
------------------------- time cost ------------------------- 5.402864933013916
------------------------- time cost ------------------------- 5.359976768493652
------------------------- time cost ------------------------- 5.3103837966918945
------------------------- time cost ------------------------- 5.375470161437988
------------------------- time cost ------------------------- 5.43944525718689
------------------------- time cost ------------------------- 5.479812383651733

-------------Round number: 30-------------

Evaluate global model
Averaged Train Loss: 0.3367
Averaged Test Accuracy: 0.9148
Averaged Test AUC: 0.6498
Averaged Test Precision: 0.8385
Averaged Test Recall: 0.9148
Averaged Test F1-Score: 0.8746
Std Test Accuracy: 0.0416
Std Test AUC: 0.0644
------------------------- time cost ------------------------- 6.126634836196899
------------------------- time cost ------------------------- 5.366871356964111
------------------------- time cost ------------------------- 5.363224506378174
------------------------- time cost ------------------------- 5.473076820373535
------------------------- time cost ------------------------- 5.445610523223877
------------------------- time cost ------------------------- 5.438434362411499
------------------------- time cost ------------------------- 5.464839696884155
------------------------- time cost ------------------------- 5.4727911949157715
------------------------- time cost ------------------------- 5.493041276931763
------------------------- time cost ------------------------- 5.709697008132935

-------------Round number: 40-------------

Evaluate global model
Averaged Train Loss: 0.3368
Averaged Test Accuracy: 0.9148
Averaged Test AUC: 0.7041
Averaged Test Precision: 0.8385
Averaged Test Recall: 0.9148
Averaged Test F1-Score: 0.8746
Std Test Accuracy: 0.0416
Std Test AUC: 0.0521
------------------------- time cost ------------------------- 6.20838475227356
------------------------- time cost ------------------------- 5.376383066177368
------------------------- time cost ------------------------- 5.385053396224976
------------------------- time cost ------------------------- 5.428713083267212
------------------------- time cost ------------------------- 5.445181369781494
------------------------- time cost ------------------------- 5.469113826751709
------------------------- time cost ------------------------- 5.507342100143433
------------------------- time cost ------------------------- 5.4111127853393555
------------------------- time cost ------------------------- 5.48159122467041
------------------------- time cost ------------------------- 5.478050470352173

-------------Round number: 50-------------

Evaluate global model
Averaged Train Loss: 0.3380
Averaged Test Accuracy: 0.9148
Averaged Test AUC: 0.7351
Averaged Test Precision: 0.8385
Averaged Test Recall: 0.9148
Averaged Test F1-Score: 0.8746
Std Test Accuracy: 0.0416
Std Test AUC: 0.0595
------------------------- time cost ------------------------- 6.0497729778289795
------------------------- time cost ------------------------- 5.245143175125122
------------------------- time cost ------------------------- 5.430309295654297
------------------------- time cost ------------------------- 5.410328388214111
------------------------- time cost ------------------------- 5.310332298278809
------------------------- time cost ------------------------- 5.392431735992432
------------------------- time cost ------------------------- 5.482642889022827
------------------------- time cost ------------------------- 5.468968629837036
------------------------- time cost ------------------------- 5.483189105987549
------------------------- time cost ------------------------- 5.599209785461426

-------------Round number: 60-------------

Evaluate global model
Averaged Train Loss: 0.3363
Averaged Test Accuracy: 0.9148
Averaged Test AUC: 0.7500
Averaged Test Precision: 0.8385
Averaged Test Recall: 0.9148
Averaged Test F1-Score: 0.8746
Std Test Accuracy: 0.0416
Std Test AUC: 0.0566
------------------------- time cost ------------------------- 6.203753232955933
------------------------- time cost ------------------------- 5.405217170715332
------------------------- time cost ------------------------- 5.3926777839660645
------------------------- time cost ------------------------- 5.4010303020477295
------------------------- time cost ------------------------- 5.352083444595337
------------------------- time cost ------------------------- 5.432638168334961
------------------------- time cost ------------------------- 5.446310520172119
------------------------- time cost ------------------------- 5.398615598678589
------------------------- time cost ------------------------- 5.472246408462524
------------------------- time cost ------------------------- 5.393926620483398

-------------Round number: 70-------------

Evaluate global model
Averaged Train Loss: 0.3387
Averaged Test Accuracy: 0.9148
Averaged Test AUC: 0.7649
Averaged Test Precision: 0.8385
Averaged Test Recall: 0.9148
Averaged Test F1-Score: 0.8746
Std Test Accuracy: 0.0416
Std Test AUC: 0.0584
------------------------- time cost ------------------------- 6.284789800643921
------------------------- time cost ------------------------- 5.461469650268555
------------------------- time cost ------------------------- 5.505910158157349
------------------------- time cost ------------------------- 5.4873480796813965
------------------------- time cost ------------------------- 5.438322067260742
------------------------- time cost ------------------------- 5.416639804840088
------------------------- time cost ------------------------- 5.370332717895508
------------------------- time cost ------------------------- 5.4182517528533936
------------------------- time cost ------------------------- 5.40882420539856
------------------------- time cost ------------------------- 5.401249408721924

-------------Round number: 80-------------

Evaluate global model
Averaged Train Loss: 0.3336
Averaged Test Accuracy: 0.9148
Averaged Test AUC: 0.7929
Averaged Test Precision: 0.8385
Averaged Test Recall: 0.9148
Averaged Test F1-Score: 0.8746
Std Test Accuracy: 0.0416
Std Test AUC: 0.0727
------------------------- time cost ------------------------- 6.131047010421753
------------------------- time cost ------------------------- 5.387722969055176
------------------------- time cost ------------------------- 5.4864232540130615
------------------------- time cost ------------------------- 5.367343425750732
------------------------- time cost ------------------------- 5.473887205123901
------------------------- time cost ------------------------- 5.402834177017212
------------------------- time cost ------------------------- 5.354904651641846
------------------------- time cost ------------------------- 5.46155309677124
------------------------- time cost ------------------------- 5.352217197418213
------------------------- time cost ------------------------- 5.4684271812438965

-------------Round number: 90-------------

Evaluate global model
Averaged Train Loss: 0.3352
Averaged Test Accuracy: 0.9148
Averaged Test AUC: 0.7940
Averaged Test Precision: 0.8385
Averaged Test Recall: 0.9148
Averaged Test F1-Score: 0.8746
Std Test Accuracy: 0.0416
Std Test AUC: 0.0602
------------------------- time cost ------------------------- 6.141162157058716
------------------------- time cost ------------------------- 5.4810631275177
------------------------- time cost ------------------------- 5.398460626602173
------------------------- time cost ------------------------- 5.449606657028198
------------------------- time cost ------------------------- 5.50222373008728
------------------------- time cost ------------------------- 5.569141626358032
------------------------- time cost ------------------------- 5.626644134521484
------------------------- time cost ------------------------- 5.564368963241577
------------------------- time cost ------------------------- 5.290258169174194
------------------------- time cost ------------------------- 5.478682994842529

-------------Round number: 100-------------

Evaluate global model
Averaged Train Loss: 0.3333
Averaged Test Accuracy: 0.9148
Averaged Test AUC: 0.8175
Averaged Test Precision: 0.8385
Averaged Test Recall: 0.9148
Averaged Test F1-Score: 0.8746
Std Test Accuracy: 0.0416
Std Test AUC: 0.0599
------------------------- time cost ------------------------- 6.8952555656433105

Best accuracy.
0.9147651006711409

Average time cost per round.
5.514405896663666
File path: results/Xinwang_FedAvg_test/Xinwang_FedAvg_test_0.h5
Training process CSV file path: results/Xinwang_FedAvg_test/Xinwang_FedAvg_test_0_training_process.csv
Training process data saved to: results/Xinwang_FedAvg_test/Xinwang_FedAvg_test_0_training_process.csv

平均训练时间: 559.26秒
