实验: Xinwang_label_skew_backdoor_MultiKrum_run1
物理GPU ID: 1
CUDA_VISIBLE_DEVICES: 1
时间: 2026-01-25 01:36:42
命令: /miniconda3/bin/python flcore/main.py -data Xinwang -algo FedAvg -nc 10 -gr 100 -ls 5 -lbs 64 -lr 0.01 -eg 10 -t 1 --heterogeneity label_skew --enable_attack True --attack_mode backdoor --malicious_ratio 0.3 --defense_mode multi_krum --use_tlbo False --tlbo_iterations 10 --use_autoencoder False --use_committee False
工作目录: /root/DecisionSupportSystem-FedACT/system

[GPU] 使用环境变量指定的GPU: CUDA_VISIBLE_DEVICES=1
============================================================
实验配置:
============================================================
  goal: test
  device: cuda
  device_id: 0
  dataset: Xinwang
  heterogeneity: label_skew
  model: auto
  num_classes: 2
  batch_size: 64
  local_learning_rate: 0.01
  global_rounds: 100
  local_epochs: 5
  algorithm: FedAvg
  num_clients: 10
  join_ratio: 1.0
  random_join_ratio: False
  prev: 0
  times: 1
  eval_gap: 10
  save_folder_name: results
  learning_rate_decay: False
  learning_rate_decay_gamma: 0.99
  few_shot: 0
  time_select: False
  time_threthold: 10000
  top_cnt: 100
  auto_break: False
  client_drop_rate: 0.0
  train_slow_rate: 0.0
  send_slow_rate: 0.0
  dlg_eval: False
  dlg_gap: 100
  batch_num_per_client: 2
  num_new_clients: 0
  fine_tuning_epoch_new: 0
  mu: 0.01
  beta: 0.0
  lamda: 1.0
  tau: 1.0
  plocal_epochs: 1
  server_learning_rate: 1.0
  enable_attack: True
  attack_mode: backdoor
  malicious_ratio: 0.3
  attack_scale: 3.0
  defense_mode: multi_krum
  use_autoencoder: False
  autoencoder_latent_dim: 64
  autoencoder_epochs: 20
  committee_size: 5
  vote_threshold: 0.5
  anomaly_threshold: 0.5
  anomaly_lower_coef: 0.7
  anomaly_upper_coef: 1.5
  use_committee: False
  tlbo_iterations: 10
  use_tlbo: False
  use_merkle: True
  use_incentive: True
============================================================

============= 第 1 次实验 =============
正在初始化服务器和客户端...
数据集: Xinwang, 特征维度: 38
模型参数量: 921,634

Join ratio / total clients: 1.0 / 10
Finished creating server and clients.

-------------Round number: 0-------------

Evaluate global model
Averaged Train Loss: 0.5754
Averaged Test Accuracy: 0.8826
Averaged Test AUC: 0.5676
Averaged Test Precision: 0.8560
Averaged Test Recall: 0.8826
Averaged Test F1-Score: 0.8646
Std Test Accuracy: 0.0776
Std Test AUC: 0.1101
------------------------- time cost ------------------------- 6.485597610473633
------------------------- time cost ------------------------- 5.418282508850098
------------------------- time cost ------------------------- 5.353106737136841
------------------------- time cost ------------------------- 5.455781698226929
------------------------- time cost ------------------------- 5.46080756187439
------------------------- time cost ------------------------- 5.349980592727661
------------------------- time cost ------------------------- 5.376757860183716
------------------------- time cost ------------------------- 5.402905464172363
------------------------- time cost ------------------------- 5.469348669052124
------------------------- time cost ------------------------- 5.303325653076172

-------------Round number: 10-------------

Evaluate global model
Averaged Train Loss: 0.3478
Averaged Test Accuracy: 0.9148
Averaged Test AUC: 0.5643
Averaged Test Precision: 0.8385
Averaged Test Recall: 0.9148
Averaged Test F1-Score: 0.8746
Std Test Accuracy: 0.0416
Std Test AUC: 0.1474
------------------------- time cost ------------------------- 6.233209133148193
------------------------- time cost ------------------------- 5.420610427856445
------------------------- time cost ------------------------- 5.3187596797943115
------------------------- time cost ------------------------- 5.2845399379730225
------------------------- time cost ------------------------- 5.357573747634888
------------------------- time cost ------------------------- 5.318602085113525
------------------------- time cost ------------------------- 5.480172634124756
------------------------- time cost ------------------------- 5.436480283737183
------------------------- time cost ------------------------- 5.34183406829834
------------------------- time cost ------------------------- 5.288839817047119

-------------Round number: 20-------------

Evaluate global model
Averaged Train Loss: 0.3375
Averaged Test Accuracy: 0.9148
Averaged Test AUC: 0.6276
Averaged Test Precision: 0.8385
Averaged Test Recall: 0.9148
Averaged Test F1-Score: 0.8746
Std Test Accuracy: 0.0416
Std Test AUC: 0.0857
------------------------- time cost ------------------------- 6.156826734542847
------------------------- time cost ------------------------- 5.44655179977417
------------------------- time cost ------------------------- 5.289510250091553
------------------------- time cost ------------------------- 5.373982667922974
------------------------- time cost ------------------------- 5.3840837478637695
------------------------- time cost ------------------------- 5.365044116973877
------------------------- time cost ------------------------- 5.396694660186768
------------------------- time cost ------------------------- 5.366661787033081
------------------------- time cost ------------------------- 5.366894960403442
------------------------- time cost ------------------------- 5.358666658401489

-------------Round number: 30-------------

Evaluate global model
Averaged Train Loss: 0.3363
Averaged Test Accuracy: 0.9148
Averaged Test AUC: 0.6587
Averaged Test Precision: 0.8385
Averaged Test Recall: 0.9148
Averaged Test F1-Score: 0.8746
Std Test Accuracy: 0.0416
Std Test AUC: 0.0818
------------------------- time cost ------------------------- 6.0348029136657715
------------------------- time cost ------------------------- 5.349300861358643
------------------------- time cost ------------------------- 5.304916858673096
------------------------- time cost ------------------------- 5.328632831573486
------------------------- time cost ------------------------- 5.334214925765991
------------------------- time cost ------------------------- 5.428840637207031
------------------------- time cost ------------------------- 5.326797246932983
------------------------- time cost ------------------------- 5.436360120773315
------------------------- time cost ------------------------- 5.370363712310791
------------------------- time cost ------------------------- 5.431392431259155

-------------Round number: 40-------------

Evaluate global model
Averaged Train Loss: 0.3382
Averaged Test Accuracy: 0.9148
Averaged Test AUC: 0.7055
Averaged Test Precision: 0.8385
Averaged Test Recall: 0.9148
Averaged Test F1-Score: 0.8746
Std Test Accuracy: 0.0416
Std Test AUC: 0.0515
------------------------- time cost ------------------------- 6.014869689941406
------------------------- time cost ------------------------- 5.476049900054932
------------------------- time cost ------------------------- 5.386846542358398
------------------------- time cost ------------------------- 5.29395604133606
------------------------- time cost ------------------------- 5.481215953826904
------------------------- time cost ------------------------- 5.3974645137786865
------------------------- time cost ------------------------- 5.461959600448608
------------------------- time cost ------------------------- 5.473119258880615
------------------------- time cost ------------------------- 5.409027338027954
------------------------- time cost ------------------------- 5.332847833633423

-------------Round number: 50-------------

Evaluate global model
Averaged Train Loss: 0.3397
Averaged Test Accuracy: 0.9148
Averaged Test AUC: 0.7263
Averaged Test Precision: 0.8385
Averaged Test Recall: 0.9148
Averaged Test F1-Score: 0.8746
Std Test Accuracy: 0.0416
Std Test AUC: 0.0542
------------------------- time cost ------------------------- 6.137254953384399
------------------------- time cost ------------------------- 5.426531791687012
------------------------- time cost ------------------------- 5.3642730712890625
------------------------- time cost ------------------------- 5.458137035369873
------------------------- time cost ------------------------- 5.321828126907349
------------------------- time cost ------------------------- 5.398718357086182
------------------------- time cost ------------------------- 5.607610464096069
------------------------- time cost ------------------------- 5.412978172302246
------------------------- time cost ------------------------- 5.311861991882324
------------------------- time cost ------------------------- 5.457177639007568

-------------Round number: 60-------------

Evaluate global model
Averaged Train Loss: 0.3379
Averaged Test Accuracy: 0.9148
Averaged Test AUC: 0.7512
Averaged Test Precision: 0.8385
Averaged Test Recall: 0.9148
Averaged Test F1-Score: 0.8746
Std Test Accuracy: 0.0416
Std Test AUC: 0.0553
------------------------- time cost ------------------------- 6.162444829940796
------------------------- time cost ------------------------- 5.424049377441406
------------------------- time cost ------------------------- 5.525397062301636
------------------------- time cost ------------------------- 5.340345859527588
------------------------- time cost ------------------------- 5.268129348754883
------------------------- time cost ------------------------- 5.430756092071533
------------------------- time cost ------------------------- 5.405681133270264
------------------------- time cost ------------------------- 5.407895565032959
------------------------- time cost ------------------------- 5.4524970054626465
------------------------- time cost ------------------------- 5.310879468917847

-------------Round number: 70-------------

Evaluate global model
Averaged Train Loss: 0.3368
Averaged Test Accuracy: 0.9148
Averaged Test AUC: 0.7732
Averaged Test Precision: 0.8385
Averaged Test Recall: 0.9148
Averaged Test F1-Score: 0.8746
Std Test Accuracy: 0.0416
Std Test AUC: 0.0710
------------------------- time cost ------------------------- 6.0185933113098145
------------------------- time cost ------------------------- 5.30262303352356
------------------------- time cost ------------------------- 5.431617498397827
------------------------- time cost ------------------------- 5.286153793334961
------------------------- time cost ------------------------- 5.4032557010650635
------------------------- time cost ------------------------- 5.496841907501221
------------------------- time cost ------------------------- 5.303964853286743
------------------------- time cost ------------------------- 5.500698089599609
------------------------- time cost ------------------------- 5.497419834136963
------------------------- time cost ------------------------- 5.363993167877197

-------------Round number: 80-------------

Evaluate global model
Averaged Train Loss: 0.3376
Averaged Test Accuracy: 0.9148
Averaged Test AUC: 0.7875
Averaged Test Precision: 0.8385
Averaged Test Recall: 0.9148
Averaged Test F1-Score: 0.8746
Std Test Accuracy: 0.0416
Std Test AUC: 0.0729
------------------------- time cost ------------------------- 5.980160236358643
------------------------- time cost ------------------------- 5.375711441040039
------------------------- time cost ------------------------- 5.4084038734436035
------------------------- time cost ------------------------- 5.295403242111206
------------------------- time cost ------------------------- 5.470104694366455
------------------------- time cost ------------------------- 5.564715385437012
------------------------- time cost ------------------------- 5.46005916595459
------------------------- time cost ------------------------- 5.610968589782715
------------------------- time cost ------------------------- 5.304802894592285
------------------------- time cost ------------------------- 5.1665239334106445

-------------Round number: 90-------------

Evaluate global model
Averaged Train Loss: 0.3385
Averaged Test Accuracy: 0.9148
Averaged Test AUC: 0.7996
Averaged Test Precision: 0.8385
Averaged Test Recall: 0.9148
Averaged Test F1-Score: 0.8746
Std Test Accuracy: 0.0416
Std Test AUC: 0.0713
------------------------- time cost ------------------------- 5.962845087051392
------------------------- time cost ------------------------- 5.326336145401001
------------------------- time cost ------------------------- 5.283738613128662
------------------------- time cost ------------------------- 5.346311807632446
------------------------- time cost ------------------------- 5.3215718269348145
------------------------- time cost ------------------------- 5.5358617305755615
------------------------- time cost ------------------------- 5.456351280212402
------------------------- time cost ------------------------- 5.380444765090942
------------------------- time cost ------------------------- 5.429900169372559
------------------------- time cost ------------------------- 5.454902172088623

-------------Round number: 100-------------

Evaluate global model
Averaged Train Loss: 0.3358
Averaged Test Accuracy: 0.9148
Averaged Test AUC: 0.8184
Averaged Test Precision: 0.8385
Averaged Test Recall: 0.9148
Averaged Test F1-Score: 0.8746
Std Test Accuracy: 0.0416
Std Test AUC: 0.0618
------------------------- time cost ------------------------- 6.493306398391724

Best accuracy.
0.9147651006711409

Average time cost per round.
5.465068471431732
File path: results/Xinwang_FedAvg_test/Xinwang_FedAvg_test_0.h5
Training process CSV file path: results/Xinwang_FedAvg_test/Xinwang_FedAvg_test_0_training_process.csv
Training process data saved to: results/Xinwang_FedAvg_test/Xinwang_FedAvg_test_0_training_process.csv

平均训练时间: 554.24秒
