实验: Xinwang_feature_skew_label_flip_None_run1
物理GPU ID: 1
CUDA_VISIBLE_DEVICES: 1
时间: 2026-01-25 03:01:11
命令: /miniconda3/bin/python flcore/main.py -data Xinwang -algo FedAvg -nc 10 -gr 100 -ls 5 -lbs 64 -lr 0.01 -eg 10 -t 1 --heterogeneity feature_skew --enable_attack True --attack_mode label_flip --malicious_ratio 0.3 --defense_mode none --use_tlbo False --tlbo_iterations 10 --use_autoencoder False --use_committee False
工作目录: /root/DecisionSupportSystem-FedACT/system

[GPU] 使用环境变量指定的GPU: CUDA_VISIBLE_DEVICES=1
============================================================
实验配置:
============================================================
  goal: test
  device: cuda
  device_id: 0
  dataset: Xinwang
  heterogeneity: feature_skew
  model: auto
  num_classes: 2
  batch_size: 64
  local_learning_rate: 0.01
  global_rounds: 100
  local_epochs: 5
  algorithm: FedAvg
  num_clients: 10
  join_ratio: 1.0
  random_join_ratio: False
  prev: 0
  times: 1
  eval_gap: 10
  save_folder_name: results
  learning_rate_decay: False
  learning_rate_decay_gamma: 0.99
  few_shot: 0
  time_select: False
  time_threthold: 10000
  top_cnt: 100
  auto_break: False
  client_drop_rate: 0.0
  train_slow_rate: 0.0
  send_slow_rate: 0.0
  dlg_eval: False
  dlg_gap: 100
  batch_num_per_client: 2
  num_new_clients: 0
  fine_tuning_epoch_new: 0
  mu: 0.01
  beta: 0.0
  lamda: 1.0
  tau: 1.0
  plocal_epochs: 1
  server_learning_rate: 1.0
  enable_attack: True
  attack_mode: label_flip
  malicious_ratio: 0.3
  attack_scale: 3.0
  defense_mode: none
  use_autoencoder: False
  autoencoder_latent_dim: 64
  autoencoder_epochs: 20
  committee_size: 5
  vote_threshold: 0.5
  anomaly_threshold: 0.5
  anomaly_lower_coef: 0.7
  anomaly_upper_coef: 1.5
  use_committee: False
  tlbo_iterations: 10
  use_tlbo: False
  use_merkle: True
  use_incentive: True
============================================================

============= 第 1 次实验 =============
正在初始化服务器和客户端...
数据集: Xinwang, 特征维度: 38
模型参数量: 921,634

Join ratio / total clients: 1.0 / 10
Finished creating server and clients.

-------------Round number: 0-------------

Evaluate global model
Averaged Train Loss: 0.5754
Averaged Test Accuracy: 0.8826
Averaged Test AUC: 0.5676
Averaged Test Precision: 0.8560
Averaged Test Recall: 0.8826
Averaged Test F1-Score: 0.8646
Std Test Accuracy: 0.0776
Std Test AUC: 0.1101
------------------------- time cost ------------------------- 6.363482236862183
------------------------- time cost ------------------------- 5.280777931213379
------------------------- time cost ------------------------- 5.426550626754761
------------------------- time cost ------------------------- 5.389666557312012
------------------------- time cost ------------------------- 5.3228912353515625
------------------------- time cost ------------------------- 5.250319242477417
------------------------- time cost ------------------------- 5.35356879234314
------------------------- time cost ------------------------- 5.3505542278289795
------------------------- time cost ------------------------- 5.335839033126831
------------------------- time cost ------------------------- 5.530442714691162

-------------Round number: 10-------------

Evaluate global model
Averaged Train Loss: 0.3493
Averaged Test Accuracy: 0.9148
Averaged Test AUC: 0.5688
Averaged Test Precision: 0.8385
Averaged Test Recall: 0.9148
Averaged Test F1-Score: 0.8746
Std Test Accuracy: 0.0416
Std Test AUC: 0.1448
------------------------- time cost ------------------------- 6.320914030075073
------------------------- time cost ------------------------- 5.591734170913696
------------------------- time cost ------------------------- 5.391422986984253
------------------------- time cost ------------------------- 5.510804653167725
------------------------- time cost ------------------------- 5.305058479309082
------------------------- time cost ------------------------- 5.461328029632568
------------------------- time cost ------------------------- 5.510779857635498
------------------------- time cost ------------------------- 5.456175088882446
------------------------- time cost ------------------------- 5.3604981899261475
------------------------- time cost ------------------------- 5.431103467941284

-------------Round number: 20-------------

Evaluate global model
Averaged Train Loss: 0.3388
Averaged Test Accuracy: 0.9148
Averaged Test AUC: 0.6168
Averaged Test Precision: 0.8385
Averaged Test Recall: 0.9148
Averaged Test F1-Score: 0.8746
Std Test Accuracy: 0.0416
Std Test AUC: 0.0813
------------------------- time cost ------------------------- 6.117751836776733
------------------------- time cost ------------------------- 5.193983554840088
------------------------- time cost ------------------------- 5.515989780426025
------------------------- time cost ------------------------- 5.313783407211304
------------------------- time cost ------------------------- 5.442448854446411
------------------------- time cost ------------------------- 5.267614841461182
------------------------- time cost ------------------------- 5.364781379699707
------------------------- time cost ------------------------- 5.370571136474609
------------------------- time cost ------------------------- 5.30320930480957
------------------------- time cost ------------------------- 5.503112077713013

-------------Round number: 30-------------

Evaluate global model
Averaged Train Loss: 0.3379
Averaged Test Accuracy: 0.9148
Averaged Test AUC: 0.6555
Averaged Test Precision: 0.8385
Averaged Test Recall: 0.9148
Averaged Test F1-Score: 0.8746
Std Test Accuracy: 0.0416
Std Test AUC: 0.0524
------------------------- time cost ------------------------- 6.124312877655029
------------------------- time cost ------------------------- 5.308159828186035
------------------------- time cost ------------------------- 5.3816752433776855
------------------------- time cost ------------------------- 5.424946546554565
------------------------- time cost ------------------------- 5.363370656967163
------------------------- time cost ------------------------- 5.4879279136657715
------------------------- time cost ------------------------- 5.367074728012085
------------------------- time cost ------------------------- 5.404994010925293
------------------------- time cost ------------------------- 5.286210775375366
------------------------- time cost ------------------------- 5.6302783489227295

-------------Round number: 40-------------

Evaluate global model
Averaged Train Loss: 0.3370
Averaged Test Accuracy: 0.9148
Averaged Test AUC: 0.7007
Averaged Test Precision: 0.8385
Averaged Test Recall: 0.9148
Averaged Test F1-Score: 0.8746
Std Test Accuracy: 0.0416
Std Test AUC: 0.0599
------------------------- time cost ------------------------- 6.149712324142456
------------------------- time cost ------------------------- 5.365312576293945
------------------------- time cost ------------------------- 5.29484748840332
------------------------- time cost ------------------------- 5.43257999420166
------------------------- time cost ------------------------- 5.290469169616699
------------------------- time cost ------------------------- 5.391258716583252
------------------------- time cost ------------------------- 5.356158971786499
------------------------- time cost ------------------------- 5.365337371826172
------------------------- time cost ------------------------- 5.283728122711182
------------------------- time cost ------------------------- 5.417857646942139

-------------Round number: 50-------------

Evaluate global model
Averaged Train Loss: 0.3403
Averaged Test Accuracy: 0.9148
Averaged Test AUC: 0.7307
Averaged Test Precision: 0.8385
Averaged Test Recall: 0.9148
Averaged Test F1-Score: 0.8746
Std Test Accuracy: 0.0416
Std Test AUC: 0.0576
------------------------- time cost ------------------------- 6.346157073974609
------------------------- time cost ------------------------- 5.31396746635437
------------------------- time cost ------------------------- 5.4069154262542725
------------------------- time cost ------------------------- 5.368765115737915
------------------------- time cost ------------------------- 5.318999528884888
------------------------- time cost ------------------------- 5.418269634246826
------------------------- time cost ------------------------- 5.374419450759888
------------------------- time cost ------------------------- 5.392035007476807
------------------------- time cost ------------------------- 5.431476354598999
------------------------- time cost ------------------------- 5.323881149291992

-------------Round number: 60-------------

Evaluate global model
Averaged Train Loss: 0.3377
Averaged Test Accuracy: 0.9148
Averaged Test AUC: 0.7504
Averaged Test Precision: 0.8385
Averaged Test Recall: 0.9148
Averaged Test F1-Score: 0.8746
Std Test Accuracy: 0.0416
Std Test AUC: 0.0616
------------------------- time cost ------------------------- 6.267622232437134
------------------------- time cost ------------------------- 5.388219833374023
------------------------- time cost ------------------------- 5.498879671096802
------------------------- time cost ------------------------- 5.4309728145599365
------------------------- time cost ------------------------- 5.315568685531616
------------------------- time cost ------------------------- 5.3720057010650635
------------------------- time cost ------------------------- 5.301546812057495
------------------------- time cost ------------------------- 5.332274675369263
------------------------- time cost ------------------------- 5.42669415473938
------------------------- time cost ------------------------- 5.441911935806274

-------------Round number: 70-------------

Evaluate global model
Averaged Train Loss: 0.3384
Averaged Test Accuracy: 0.9148
Averaged Test AUC: 0.7712
Averaged Test Precision: 0.8385
Averaged Test Recall: 0.9148
Averaged Test F1-Score: 0.8746
Std Test Accuracy: 0.0416
Std Test AUC: 0.0629
------------------------- time cost ------------------------- 6.267746925354004
------------------------- time cost ------------------------- 5.31198525428772
------------------------- time cost ------------------------- 5.460892200469971
------------------------- time cost ------------------------- 5.5679638385772705
------------------------- time cost ------------------------- 5.498789548873901
------------------------- time cost ------------------------- 5.332138299942017
------------------------- time cost ------------------------- 5.330946922302246
------------------------- time cost ------------------------- 5.387945890426636
------------------------- time cost ------------------------- 5.2718236446380615
------------------------- time cost ------------------------- 5.385829448699951

-------------Round number: 80-------------

Evaluate global model
Averaged Train Loss: 0.3394
Averaged Test Accuracy: 0.9148
Averaged Test AUC: 0.7889
Averaged Test Precision: 0.8385
Averaged Test Recall: 0.9148
Averaged Test F1-Score: 0.8746
Std Test Accuracy: 0.0416
Std Test AUC: 0.0688
------------------------- time cost ------------------------- 6.144026279449463
------------------------- time cost ------------------------- 5.332204580307007
------------------------- time cost ------------------------- 5.448545217514038
------------------------- time cost ------------------------- 5.60626482963562
------------------------- time cost ------------------------- 5.297353744506836
------------------------- time cost ------------------------- 5.3542516231536865
------------------------- time cost ------------------------- 5.341973304748535
------------------------- time cost ------------------------- 5.482667922973633
------------------------- time cost ------------------------- 5.359451770782471
------------------------- time cost ------------------------- 5.133760452270508

-------------Round number: 90-------------

Evaluate global model
Averaged Train Loss: 0.3398
Averaged Test Accuracy: 0.9148
Averaged Test AUC: 0.7998
Averaged Test Precision: 0.8385
Averaged Test Recall: 0.9148
Averaged Test F1-Score: 0.8746
Std Test Accuracy: 0.0416
Std Test AUC: 0.0655
------------------------- time cost ------------------------- 6.208221435546875
------------------------- time cost ------------------------- 5.551727294921875
------------------------- time cost ------------------------- 5.425858497619629
------------------------- time cost ------------------------- 5.188859701156616
------------------------- time cost ------------------------- 5.4025914669036865
------------------------- time cost ------------------------- 5.485421419143677
------------------------- time cost ------------------------- 5.467960357666016
------------------------- time cost ------------------------- 5.404414892196655
------------------------- time cost ------------------------- 5.563448905944824
------------------------- time cost ------------------------- 5.359821081161499

-------------Round number: 100-------------

Evaluate global model
Averaged Train Loss: 0.3332
Averaged Test Accuracy: 0.9148
Averaged Test AUC: 0.8199
Averaged Test Precision: 0.8385
Averaged Test Recall: 0.9148
Averaged Test F1-Score: 0.8746
Std Test Accuracy: 0.0416
Std Test AUC: 0.0661
------------------------- time cost ------------------------- 6.536718130111694

Best accuracy.
0.9147651006711409

Average time cost per round.
5.474820764064789
File path: results/Xinwang_FedAvg_test/Xinwang_FedAvg_test_0.h5
Training process CSV file path: results/Xinwang_FedAvg_test/Xinwang_FedAvg_test_0_training_process.csv
Training process data saved to: results/Xinwang_FedAvg_test/Xinwang_FedAvg_test_0_training_process.csv

平均训练时间: 555.25秒
