实验: Xinwang_quantity_skew_collision_MultiKrum_run1
物理GPU ID: 3
CUDA_VISIBLE_DEVICES: 3
时间: 2026-01-25 02:32:14
命令: /miniconda3/bin/python flcore/main.py -data Xinwang -algo FedAvg -nc 10 -gr 100 -ls 5 -lbs 64 -lr 0.01 -eg 10 -t 1 --heterogeneity quantity_skew --enable_attack True --attack_mode collision --malicious_ratio 0.3 --defense_mode multi_krum --use_tlbo False --tlbo_iterations 10 --use_autoencoder False --use_committee False
工作目录: /root/DecisionSupportSystem-FedACT/system

[GPU] 使用环境变量指定的GPU: CUDA_VISIBLE_DEVICES=3
============================================================
实验配置:
============================================================
  goal: test
  device: cuda
  device_id: 0
  dataset: Xinwang
  heterogeneity: quantity_skew
  model: auto
  num_classes: 2
  batch_size: 64
  local_learning_rate: 0.01
  global_rounds: 100
  local_epochs: 5
  algorithm: FedAvg
  num_clients: 10
  join_ratio: 1.0
  random_join_ratio: False
  prev: 0
  times: 1
  eval_gap: 10
  save_folder_name: results
  learning_rate_decay: False
  learning_rate_decay_gamma: 0.99
  few_shot: 0
  time_select: False
  time_threthold: 10000
  top_cnt: 100
  auto_break: False
  client_drop_rate: 0.0
  train_slow_rate: 0.0
  send_slow_rate: 0.0
  dlg_eval: False
  dlg_gap: 100
  batch_num_per_client: 2
  num_new_clients: 0
  fine_tuning_epoch_new: 0
  mu: 0.01
  beta: 0.0
  lamda: 1.0
  tau: 1.0
  plocal_epochs: 1
  server_learning_rate: 1.0
  enable_attack: True
  attack_mode: collision
  malicious_ratio: 0.3
  attack_scale: 3.0
  defense_mode: multi_krum
  use_autoencoder: False
  autoencoder_latent_dim: 64
  autoencoder_epochs: 20
  committee_size: 5
  vote_threshold: 0.5
  anomaly_threshold: 0.5
  anomaly_lower_coef: 0.7
  anomaly_upper_coef: 1.5
  use_committee: False
  tlbo_iterations: 10
  use_tlbo: False
  use_merkle: True
  use_incentive: True
============================================================

============= 第 1 次实验 =============
正在初始化服务器和客户端...
数据集: Xinwang, 特征维度: 38
模型参数量: 921,634

Join ratio / total clients: 1.0 / 10
Finished creating server and clients.

-------------Round number: 0-------------

Evaluate global model
Averaged Train Loss: 0.5754
Averaged Test Accuracy: 0.8826
Averaged Test AUC: 0.5676
Averaged Test Precision: 0.8560
Averaged Test Recall: 0.8826
Averaged Test F1-Score: 0.8646
Std Test Accuracy: 0.0776
Std Test AUC: 0.1101
------------------------- time cost ------------------------- 6.5209596157073975
------------------------- time cost ------------------------- 5.459620237350464
------------------------- time cost ------------------------- 5.407273769378662
------------------------- time cost ------------------------- 5.4663732051849365
------------------------- time cost ------------------------- 5.134512901306152
------------------------- time cost ------------------------- 5.394030570983887
------------------------- time cost ------------------------- 5.568360328674316
------------------------- time cost ------------------------- 5.503804922103882
------------------------- time cost ------------------------- 5.5907816886901855
------------------------- time cost ------------------------- 5.618345499038696

-------------Round number: 10-------------

Evaluate global model
Averaged Train Loss: 0.3477
Averaged Test Accuracy: 0.9148
Averaged Test AUC: 0.5711
Averaged Test Precision: 0.8385
Averaged Test Recall: 0.9148
Averaged Test F1-Score: 0.8746
Std Test Accuracy: 0.0416
Std Test AUC: 0.1362
------------------------- time cost ------------------------- 6.207808017730713
------------------------- time cost ------------------------- 5.615825653076172
------------------------- time cost ------------------------- 5.429961681365967
------------------------- time cost ------------------------- 5.38410496711731
------------------------- time cost ------------------------- 5.35981297492981
------------------------- time cost ------------------------- 5.418457746505737
------------------------- time cost ------------------------- 5.412341117858887
------------------------- time cost ------------------------- 5.38602352142334
------------------------- time cost ------------------------- 5.580908298492432
------------------------- time cost ------------------------- 5.672603368759155

-------------Round number: 20-------------

Evaluate global model
Averaged Train Loss: 0.3409
Averaged Test Accuracy: 0.9148
Averaged Test AUC: 0.6122
Averaged Test Precision: 0.8385
Averaged Test Recall: 0.9148
Averaged Test F1-Score: 0.8746
Std Test Accuracy: 0.0416
Std Test AUC: 0.1083
------------------------- time cost ------------------------- 6.128679275512695
------------------------- time cost ------------------------- 5.289738893508911
------------------------- time cost ------------------------- 5.430699348449707
------------------------- time cost ------------------------- 5.444458723068237
------------------------- time cost ------------------------- 5.366268873214722
------------------------- time cost ------------------------- 5.405102491378784
------------------------- time cost ------------------------- 5.3584794998168945
------------------------- time cost ------------------------- 5.418895483016968
------------------------- time cost ------------------------- 5.45210337638855
------------------------- time cost ------------------------- 5.513527870178223

-------------Round number: 30-------------

Evaluate global model
Averaged Train Loss: 0.3352
Averaged Test Accuracy: 0.9148
Averaged Test AUC: 0.6741
Averaged Test Precision: 0.8385
Averaged Test Recall: 0.9148
Averaged Test F1-Score: 0.8746
Std Test Accuracy: 0.0416
Std Test AUC: 0.0691
------------------------- time cost ------------------------- 6.155786752700806
------------------------- time cost ------------------------- 5.426285266876221
------------------------- time cost ------------------------- 5.387912034988403
------------------------- time cost ------------------------- 5.3913843631744385
------------------------- time cost ------------------------- 5.494977712631226
------------------------- time cost ------------------------- 5.386120080947876
------------------------- time cost ------------------------- 5.457197666168213
------------------------- time cost ------------------------- 5.303991079330444
------------------------- time cost ------------------------- 5.5551183223724365
------------------------- time cost ------------------------- 5.7018585205078125

-------------Round number: 40-------------

Evaluate global model
Averaged Train Loss: 0.3377
Averaged Test Accuracy: 0.9148
Averaged Test AUC: 0.7030
Averaged Test Precision: 0.8385
Averaged Test Recall: 0.9148
Averaged Test F1-Score: 0.8746
Std Test Accuracy: 0.0416
Std Test AUC: 0.0593
------------------------- time cost ------------------------- 6.191687822341919
------------------------- time cost ------------------------- 5.466678619384766
------------------------- time cost ------------------------- 5.291366338729858
------------------------- time cost ------------------------- 5.339418888092041
------------------------- time cost ------------------------- 5.547508478164673
------------------------- time cost ------------------------- 5.406287431716919
------------------------- time cost ------------------------- 5.315491199493408
------------------------- time cost ------------------------- 5.411919832229614
------------------------- time cost ------------------------- 5.4089295864105225
------------------------- time cost ------------------------- 5.502360105514526

-------------Round number: 50-------------

Evaluate global model
Averaged Train Loss: 0.3384
Averaged Test Accuracy: 0.9148
Averaged Test AUC: 0.7369
Averaged Test Precision: 0.8385
Averaged Test Recall: 0.9148
Averaged Test F1-Score: 0.8746
Std Test Accuracy: 0.0416
Std Test AUC: 0.0563
------------------------- time cost ------------------------- 6.26910662651062
------------------------- time cost ------------------------- 5.370713233947754
------------------------- time cost ------------------------- 5.418723821640015
------------------------- time cost ------------------------- 5.281938076019287
------------------------- time cost ------------------------- 5.366688966751099
------------------------- time cost ------------------------- 5.5075523853302
------------------------- time cost ------------------------- 5.5510900020599365
------------------------- time cost ------------------------- 5.438847780227661
------------------------- time cost ------------------------- 5.370657205581665
------------------------- time cost ------------------------- 5.558933734893799

-------------Round number: 60-------------

Evaluate global model
Averaged Train Loss: 0.3359
Averaged Test Accuracy: 0.9148
Averaged Test AUC: 0.7569
Averaged Test Precision: 0.8385
Averaged Test Recall: 0.9148
Averaged Test F1-Score: 0.8746
Std Test Accuracy: 0.0416
Std Test AUC: 0.0661
------------------------- time cost ------------------------- 6.31480598449707
------------------------- time cost ------------------------- 5.486819505691528
------------------------- time cost ------------------------- 5.3273468017578125
------------------------- time cost ------------------------- 5.24579930305481
------------------------- time cost ------------------------- 5.4335291385650635
------------------------- time cost ------------------------- 5.45787239074707
------------------------- time cost ------------------------- 5.37525200843811
------------------------- time cost ------------------------- 5.375653982162476
------------------------- time cost ------------------------- 5.4042274951934814
------------------------- time cost ------------------------- 5.649009466171265

-------------Round number: 70-------------

Evaluate global model
Averaged Train Loss: 0.3371
Averaged Test Accuracy: 0.9148
Averaged Test AUC: 0.7783
Averaged Test Precision: 0.8385
Averaged Test Recall: 0.9148
Averaged Test F1-Score: 0.8746
Std Test Accuracy: 0.0416
Std Test AUC: 0.0680
------------------------- time cost ------------------------- 6.2855448722839355
------------------------- time cost ------------------------- 5.342548608779907
------------------------- time cost ------------------------- 5.428834676742554
------------------------- time cost ------------------------- 5.339462518692017
------------------------- time cost ------------------------- 5.4151647090911865
------------------------- time cost ------------------------- 5.473069429397583
------------------------- time cost ------------------------- 5.461547613143921
------------------------- time cost ------------------------- 5.419934034347534
------------------------- time cost ------------------------- 5.495406866073608
------------------------- time cost ------------------------- 5.467116355895996

-------------Round number: 80-------------

Evaluate global model
Averaged Train Loss: 0.3356
Averaged Test Accuracy: 0.9148
Averaged Test AUC: 0.7893
Averaged Test Precision: 0.8385
Averaged Test Recall: 0.9148
Averaged Test F1-Score: 0.8746
Std Test Accuracy: 0.0416
Std Test AUC: 0.0688
------------------------- time cost ------------------------- 6.172403335571289
------------------------- time cost ------------------------- 5.4640045166015625
------------------------- time cost ------------------------- 5.501394510269165
------------------------- time cost ------------------------- 5.519802093505859
------------------------- time cost ------------------------- 5.438691139221191
------------------------- time cost ------------------------- 5.390980958938599
------------------------- time cost ------------------------- 5.427504062652588
------------------------- time cost ------------------------- 5.4162914752960205
------------------------- time cost ------------------------- 5.369688272476196
------------------------- time cost ------------------------- 5.472232818603516

-------------Round number: 90-------------

Evaluate global model
Averaged Train Loss: 0.3331
Averaged Test Accuracy: 0.9148
Averaged Test AUC: 0.8002
Averaged Test Precision: 0.8385
Averaged Test Recall: 0.9148
Averaged Test F1-Score: 0.8746
Std Test Accuracy: 0.0416
Std Test AUC: 0.0597
------------------------- time cost ------------------------- 6.397671222686768
------------------------- time cost ------------------------- 5.542598247528076
------------------------- time cost ------------------------- 5.443739414215088
------------------------- time cost ------------------------- 5.3256165981292725
------------------------- time cost ------------------------- 5.3432252407073975
------------------------- time cost ------------------------- 5.365127325057983
------------------------- time cost ------------------------- 5.447484493255615
------------------------- time cost ------------------------- 5.453222990036011
------------------------- time cost ------------------------- 5.335518836975098
------------------------- time cost ------------------------- 5.328076362609863

-------------Round number: 100-------------

Evaluate global model
Averaged Train Loss: 0.3339
Averaged Test Accuracy: 0.9148
Averaged Test AUC: 0.8121
Averaged Test Precision: 0.8385
Averaged Test Recall: 0.9148
Averaged Test F1-Score: 0.8746
Std Test Accuracy: 0.0416
Std Test AUC: 0.0546
------------------------- time cost ------------------------- 6.440448760986328

Best accuracy.
0.9147651006711409

Average time cost per round.
5.51490104675293
File path: results/Xinwang_FedAvg_test/Xinwang_FedAvg_test_0.h5
Training process CSV file path: results/Xinwang_FedAvg_test/Xinwang_FedAvg_test_0_training_process.csv
Training process data saved to: results/Xinwang_FedAvg_test/Xinwang_FedAvg_test_0_training_process.csv

平均训练时间: 559.33秒
