实验: Xinwang_quantity_skew_label_flip_TrimmedMean_run1
物理GPU ID: 2
CUDA_VISIBLE_DEVICES: 2
时间: 2026-01-25 02:22:43
命令: /miniconda3/bin/python flcore/main.py -data Xinwang -algo FedAvg -nc 10 -gr 100 -ls 5 -lbs 64 -lr 0.01 -eg 10 -t 1 --heterogeneity quantity_skew --enable_attack True --attack_mode label_flip --malicious_ratio 0.3 --defense_mode trimmed_mean --use_tlbo False --tlbo_iterations 10 --use_autoencoder False --use_committee False
工作目录: /root/DecisionSupportSystem-FedACT/system

[GPU] 使用环境变量指定的GPU: CUDA_VISIBLE_DEVICES=2
============================================================
实验配置:
============================================================
  goal: test
  device: cuda
  device_id: 0
  dataset: Xinwang
  heterogeneity: quantity_skew
  model: auto
  num_classes: 2
  batch_size: 64
  local_learning_rate: 0.01
  global_rounds: 100
  local_epochs: 5
  algorithm: FedAvg
  num_clients: 10
  join_ratio: 1.0
  random_join_ratio: False
  prev: 0
  times: 1
  eval_gap: 10
  save_folder_name: results
  learning_rate_decay: False
  learning_rate_decay_gamma: 0.99
  few_shot: 0
  time_select: False
  time_threthold: 10000
  top_cnt: 100
  auto_break: False
  client_drop_rate: 0.0
  train_slow_rate: 0.0
  send_slow_rate: 0.0
  dlg_eval: False
  dlg_gap: 100
  batch_num_per_client: 2
  num_new_clients: 0
  fine_tuning_epoch_new: 0
  mu: 0.01
  beta: 0.0
  lamda: 1.0
  tau: 1.0
  plocal_epochs: 1
  server_learning_rate: 1.0
  enable_attack: True
  attack_mode: label_flip
  malicious_ratio: 0.3
  attack_scale: 3.0
  defense_mode: trimmed_mean
  use_autoencoder: False
  autoencoder_latent_dim: 64
  autoencoder_epochs: 20
  committee_size: 5
  vote_threshold: 0.5
  anomaly_threshold: 0.5
  anomaly_lower_coef: 0.7
  anomaly_upper_coef: 1.5
  use_committee: False
  tlbo_iterations: 10
  use_tlbo: False
  use_merkle: True
  use_incentive: True
============================================================

============= 第 1 次实验 =============
正在初始化服务器和客户端...
数据集: Xinwang, 特征维度: 38
模型参数量: 921,634

Join ratio / total clients: 1.0 / 10
Finished creating server and clients.

-------------Round number: 0-------------

Evaluate global model
Averaged Train Loss: 0.5754
Averaged Test Accuracy: 0.8826
Averaged Test AUC: 0.5676
Averaged Test Precision: 0.8560
Averaged Test Recall: 0.8826
Averaged Test F1-Score: 0.8646
Std Test Accuracy: 0.0776
Std Test AUC: 0.1101
------------------------- time cost ------------------------- 7.092909812927246
------------------------- time cost ------------------------- 5.665916919708252
------------------------- time cost ------------------------- 5.649479389190674
------------------------- time cost ------------------------- 5.408070087432861
------------------------- time cost ------------------------- 5.732175588607788
------------------------- time cost ------------------------- 5.702940225601196
------------------------- time cost ------------------------- 5.5743937492370605
------------------------- time cost ------------------------- 5.641030311584473
------------------------- time cost ------------------------- 5.222109079360962
------------------------- time cost ------------------------- 5.688517332077026

-------------Round number: 10-------------

Evaluate global model
Averaged Train Loss: 0.3472
Averaged Test Accuracy: 0.9148
Averaged Test AUC: 0.5740
Averaged Test Precision: 0.8385
Averaged Test Recall: 0.9148
Averaged Test F1-Score: 0.8746
Std Test Accuracy: 0.0416
Std Test AUC: 0.1523
------------------------- time cost ------------------------- 6.5264692306518555
------------------------- time cost ------------------------- 5.979354381561279
------------------------- time cost ------------------------- 5.571229457855225
------------------------- time cost ------------------------- 5.660834550857544
------------------------- time cost ------------------------- 5.489065885543823
------------------------- time cost ------------------------- 5.564540147781372
------------------------- time cost ------------------------- 5.658245801925659
------------------------- time cost ------------------------- 5.472690105438232
------------------------- time cost ------------------------- 5.596758604049683
------------------------- time cost ------------------------- 5.497565984725952

-------------Round number: 20-------------

Evaluate global model
Averaged Train Loss: 0.3395
Averaged Test Accuracy: 0.9148
Averaged Test AUC: 0.6210
Averaged Test Precision: 0.8385
Averaged Test Recall: 0.9148
Averaged Test F1-Score: 0.8746
Std Test Accuracy: 0.0416
Std Test AUC: 0.1034
------------------------- time cost ------------------------- 6.094811916351318
------------------------- time cost ------------------------- 5.6254565715789795
------------------------- time cost ------------------------- 5.635188579559326
------------------------- time cost ------------------------- 5.578486919403076
------------------------- time cost ------------------------- 5.693700313568115
------------------------- time cost ------------------------- 5.568875551223755
------------------------- time cost ------------------------- 5.7116382122039795
------------------------- time cost ------------------------- 5.625263214111328
------------------------- time cost ------------------------- 5.507070779800415
------------------------- time cost ------------------------- 5.564058542251587

-------------Round number: 30-------------

Evaluate global model
Averaged Train Loss: 0.3366
Averaged Test Accuracy: 0.9148
Averaged Test AUC: 0.6503
Averaged Test Precision: 0.8385
Averaged Test Recall: 0.9148
Averaged Test F1-Score: 0.8746
Std Test Accuracy: 0.0416
Std Test AUC: 0.0744
------------------------- time cost ------------------------- 6.3771562576293945
------------------------- time cost ------------------------- 5.643187761306763
------------------------- time cost ------------------------- 5.514538049697876
------------------------- time cost ------------------------- 5.58366847038269
------------------------- time cost ------------------------- 5.63592791557312
------------------------- time cost ------------------------- 5.572241544723511
------------------------- time cost ------------------------- 5.728861331939697
------------------------- time cost ------------------------- 5.552975654602051
------------------------- time cost ------------------------- 5.61698579788208
------------------------- time cost ------------------------- 5.60598349571228

-------------Round number: 40-------------

Evaluate global model
Averaged Train Loss: 0.3345
Averaged Test Accuracy: 0.9148
Averaged Test AUC: 0.6955
Averaged Test Precision: 0.8385
Averaged Test Recall: 0.9148
Averaged Test F1-Score: 0.8746
Std Test Accuracy: 0.0416
Std Test AUC: 0.0501
------------------------- time cost ------------------------- 6.459710359573364
------------------------- time cost ------------------------- 5.715327739715576
------------------------- time cost ------------------------- 5.566399335861206
------------------------- time cost ------------------------- 5.661503553390503
------------------------- time cost ------------------------- 5.52815318107605
------------------------- time cost ------------------------- 5.680798053741455
------------------------- time cost ------------------------- 5.463098049163818
------------------------- time cost ------------------------- 5.5660552978515625
------------------------- time cost ------------------------- 5.643110513687134
------------------------- time cost ------------------------- 5.6543707847595215

-------------Round number: 50-------------

Evaluate global model
Averaged Train Loss: 0.3378
Averaged Test Accuracy: 0.9148
Averaged Test AUC: 0.7300
Averaged Test Precision: 0.8385
Averaged Test Recall: 0.9148
Averaged Test F1-Score: 0.8746
Std Test Accuracy: 0.0416
Std Test AUC: 0.0522
------------------------- time cost ------------------------- 6.43877387046814
------------------------- time cost ------------------------- 5.694456338882446
------------------------- time cost ------------------------- 5.698328971862793
------------------------- time cost ------------------------- 5.655447244644165
------------------------- time cost ------------------------- 5.544183969497681
------------------------- time cost ------------------------- 5.5435285568237305
------------------------- time cost ------------------------- 5.792324066162109
------------------------- time cost ------------------------- 5.648946523666382
------------------------- time cost ------------------------- 5.612210512161255
------------------------- time cost ------------------------- 5.729045867919922

-------------Round number: 60-------------

Evaluate global model
Averaged Train Loss: 0.3364
Averaged Test Accuracy: 0.9148
Averaged Test AUC: 0.7498
Averaged Test Precision: 0.8385
Averaged Test Recall: 0.9148
Averaged Test F1-Score: 0.8746
Std Test Accuracy: 0.0416
Std Test AUC: 0.0606
------------------------- time cost ------------------------- 6.229319334030151
------------------------- time cost ------------------------- 5.74549126625061
------------------------- time cost ------------------------- 5.612841606140137
------------------------- time cost ------------------------- 5.544538974761963
------------------------- time cost ------------------------- 5.567299842834473
------------------------- time cost ------------------------- 5.533950328826904
------------------------- time cost ------------------------- 5.423501253128052
------------------------- time cost ------------------------- 5.5813751220703125
------------------------- time cost ------------------------- 5.4957804679870605
------------------------- time cost ------------------------- 5.662592172622681

-------------Round number: 70-------------

Evaluate global model
Averaged Train Loss: 0.3386
Averaged Test Accuracy: 0.9148
Averaged Test AUC: 0.7711
Averaged Test Precision: 0.8385
Averaged Test Recall: 0.9148
Averaged Test F1-Score: 0.8746
Std Test Accuracy: 0.0416
Std Test AUC: 0.0679
------------------------- time cost ------------------------- 6.3905930519104
------------------------- time cost ------------------------- 5.6514177322387695
------------------------- time cost ------------------------- 5.678373575210571
------------------------- time cost ------------------------- 5.650587320327759
------------------------- time cost ------------------------- 5.570791959762573
------------------------- time cost ------------------------- 5.615931987762451
------------------------- time cost ------------------------- 5.486674785614014
------------------------- time cost ------------------------- 5.555118560791016
------------------------- time cost ------------------------- 5.414184093475342
------------------------- time cost ------------------------- 5.53491997718811

-------------Round number: 80-------------

Evaluate global model
Averaged Train Loss: 0.3396
Averaged Test Accuracy: 0.9148
Averaged Test AUC: 0.7915
Averaged Test Precision: 0.8385
Averaged Test Recall: 0.9148
Averaged Test F1-Score: 0.8746
Std Test Accuracy: 0.0416
Std Test AUC: 0.0726
------------------------- time cost ------------------------- 6.25572395324707
------------------------- time cost ------------------------- 5.680676698684692
------------------------- time cost ------------------------- 5.63078761100769
------------------------- time cost ------------------------- 5.756716966629028
------------------------- time cost ------------------------- 5.644130706787109
------------------------- time cost ------------------------- 5.68325400352478
------------------------- time cost ------------------------- 5.5547873973846436
------------------------- time cost ------------------------- 5.432269096374512
------------------------- time cost ------------------------- 5.562342882156372
------------------------- time cost ------------------------- 5.598608016967773

-------------Round number: 90-------------

Evaluate global model
Averaged Train Loss: 0.3373
Averaged Test Accuracy: 0.9148
Averaged Test AUC: 0.8080
Averaged Test Precision: 0.8385
Averaged Test Recall: 0.9148
Averaged Test F1-Score: 0.8746
Std Test Accuracy: 0.0416
Std Test AUC: 0.0698
------------------------- time cost ------------------------- 6.436548709869385
------------------------- time cost ------------------------- 5.570703506469727
------------------------- time cost ------------------------- 5.823292255401611
------------------------- time cost ------------------------- 5.516266584396362
------------------------- time cost ------------------------- 5.707089424133301
------------------------- time cost ------------------------- 5.5981996059417725
------------------------- time cost ------------------------- 5.747147083282471
------------------------- time cost ------------------------- 5.610387325286865
------------------------- time cost ------------------------- 5.606687307357788
------------------------- time cost ------------------------- 5.8326735496521

-------------Round number: 100-------------

Evaluate global model
Averaged Train Loss: 0.3349
Averaged Test Accuracy: 0.9148
Averaged Test AUC: 0.8192
Averaged Test Precision: 0.8385
Averaged Test Recall: 0.9148
Averaged Test F1-Score: 0.8746
Std Test Accuracy: 0.0416
Std Test AUC: 0.0668
------------------------- time cost ------------------------- 7.026703596115112

Best accuracy.
0.9147651006711409

Average time cost per round.
5.692535161972046
File path: results/Xinwang_FedAvg_test/Xinwang_FedAvg_test_0.h5
Training process CSV file path: results/Xinwang_FedAvg_test/Xinwang_FedAvg_test_0_training_process.csv
Training process data saved to: results/Xinwang_FedAvg_test/Xinwang_FedAvg_test_0_training_process.csv

平均训练时间: 577.72秒
