实验: Xinwang_quantity_skew_sign_flip_MultiKrum_run1
物理GPU ID: 0
CUDA_VISIBLE_DEVICES: 0
时间: 2026-01-25 01:53:46
命令: /miniconda3/bin/python flcore/main.py -data Xinwang -algo FedAvg -nc 10 -gr 100 -ls 5 -lbs 64 -lr 0.01 -eg 10 -t 1 --heterogeneity quantity_skew --enable_attack True --attack_mode sign_flip --malicious_ratio 0.3 --defense_mode multi_krum --use_tlbo False --tlbo_iterations 10 --use_autoencoder False --use_committee False
工作目录: /root/DecisionSupportSystem-FedACT/system

[GPU] 使用环境变量指定的GPU: CUDA_VISIBLE_DEVICES=0
============================================================
实验配置:
============================================================
  goal: test
  device: cuda
  device_id: 0
  dataset: Xinwang
  heterogeneity: quantity_skew
  model: auto
  num_classes: 2
  batch_size: 64
  local_learning_rate: 0.01
  global_rounds: 100
  local_epochs: 5
  algorithm: FedAvg
  num_clients: 10
  join_ratio: 1.0
  random_join_ratio: False
  prev: 0
  times: 1
  eval_gap: 10
  save_folder_name: results
  learning_rate_decay: False
  learning_rate_decay_gamma: 0.99
  few_shot: 0
  time_select: False
  time_threthold: 10000
  top_cnt: 100
  auto_break: False
  client_drop_rate: 0.0
  train_slow_rate: 0.0
  send_slow_rate: 0.0
  dlg_eval: False
  dlg_gap: 100
  batch_num_per_client: 2
  num_new_clients: 0
  fine_tuning_epoch_new: 0
  mu: 0.01
  beta: 0.0
  lamda: 1.0
  tau: 1.0
  plocal_epochs: 1
  server_learning_rate: 1.0
  enable_attack: True
  attack_mode: sign_flip
  malicious_ratio: 0.3
  attack_scale: 3.0
  defense_mode: multi_krum
  use_autoencoder: False
  autoencoder_latent_dim: 64
  autoencoder_epochs: 20
  committee_size: 5
  vote_threshold: 0.5
  anomaly_threshold: 0.5
  anomaly_lower_coef: 0.7
  anomaly_upper_coef: 1.5
  use_committee: False
  tlbo_iterations: 10
  use_tlbo: False
  use_merkle: True
  use_incentive: True
============================================================

============= 第 1 次实验 =============
正在初始化服务器和客户端...
数据集: Xinwang, 特征维度: 38
模型参数量: 921,634

Join ratio / total clients: 1.0 / 10
Finished creating server and clients.

-------------Round number: 0-------------

Evaluate global model
Averaged Train Loss: 0.5754
Averaged Test Accuracy: 0.8826
Averaged Test AUC: 0.5676
Averaged Test Precision: 0.8560
Averaged Test Recall: 0.8826
Averaged Test F1-Score: 0.8646
Std Test Accuracy: 0.0776
Std Test AUC: 0.1101
------------------------- time cost ------------------------- 6.41283392906189
------------------------- time cost ------------------------- 5.409685850143433
------------------------- time cost ------------------------- 5.682560920715332
------------------------- time cost ------------------------- 5.405585050582886
------------------------- time cost ------------------------- 5.600493431091309
------------------------- time cost ------------------------- 5.514805793762207
------------------------- time cost ------------------------- 5.810763597488403
------------------------- time cost ------------------------- 5.739507675170898
------------------------- time cost ------------------------- 5.160330533981323
------------------------- time cost ------------------------- 5.466026544570923

-------------Round number: 10-------------

Evaluate global model
Averaged Train Loss: 0.3472
Averaged Test Accuracy: 0.9148
Averaged Test AUC: 0.5760
Averaged Test Precision: 0.8385
Averaged Test Recall: 0.9148
Averaged Test F1-Score: 0.8746
Std Test Accuracy: 0.0416
Std Test AUC: 0.1348
------------------------- time cost ------------------------- 6.2374937534332275
------------------------- time cost ------------------------- 5.528271913528442
------------------------- time cost ------------------------- 5.389753580093384
------------------------- time cost ------------------------- 5.505001544952393
------------------------- time cost ------------------------- 5.227802276611328
------------------------- time cost ------------------------- 5.577581405639648
------------------------- time cost ------------------------- 5.502794027328491
------------------------- time cost ------------------------- 5.491682529449463
------------------------- time cost ------------------------- 5.623845100402832
------------------------- time cost ------------------------- 5.48614501953125

-------------Round number: 20-------------

Evaluate global model
Averaged Train Loss: 0.3376
Averaged Test Accuracy: 0.9148
Averaged Test AUC: 0.6192
Averaged Test Precision: 0.8385
Averaged Test Recall: 0.9148
Averaged Test F1-Score: 0.8746
Std Test Accuracy: 0.0416
Std Test AUC: 0.0908
------------------------- time cost ------------------------- 6.104444980621338
------------------------- time cost ------------------------- 5.390210151672363
------------------------- time cost ------------------------- 5.425267219543457
------------------------- time cost ------------------------- 5.431636810302734
------------------------- time cost ------------------------- 5.564007043838501
------------------------- time cost ------------------------- 5.553357839584351
------------------------- time cost ------------------------- 5.423253297805786
------------------------- time cost ------------------------- 5.576857089996338
------------------------- time cost ------------------------- 5.545348882675171
------------------------- time cost ------------------------- 5.479501485824585

-------------Round number: 30-------------

Evaluate global model
Averaged Train Loss: 0.3344
Averaged Test Accuracy: 0.9148
Averaged Test AUC: 0.6604
Averaged Test Precision: 0.8385
Averaged Test Recall: 0.9148
Averaged Test F1-Score: 0.8746
Std Test Accuracy: 0.0416
Std Test AUC: 0.0659
------------------------- time cost ------------------------- 6.1615307331085205
------------------------- time cost ------------------------- 5.469346523284912
------------------------- time cost ------------------------- 5.375072717666626
------------------------- time cost ------------------------- 5.386265754699707
------------------------- time cost ------------------------- 5.466710090637207
------------------------- time cost ------------------------- 5.430696725845337
------------------------- time cost ------------------------- 5.444571018218994
------------------------- time cost ------------------------- 5.50060772895813
------------------------- time cost ------------------------- 5.453269004821777
------------------------- time cost ------------------------- 5.677752733230591

-------------Round number: 40-------------

Evaluate global model
Averaged Train Loss: 0.3353
Averaged Test Accuracy: 0.9148
Averaged Test AUC: 0.7038
Averaged Test Precision: 0.8385
Averaged Test Recall: 0.9148
Averaged Test F1-Score: 0.8746
Std Test Accuracy: 0.0416
Std Test AUC: 0.0478
------------------------- time cost ------------------------- 6.235204458236694
------------------------- time cost ------------------------- 5.397212982177734
------------------------- time cost ------------------------- 5.45303201675415
------------------------- time cost ------------------------- 5.422206878662109
------------------------- time cost ------------------------- 5.544778347015381
------------------------- time cost ------------------------- 5.483157634735107
------------------------- time cost ------------------------- 5.517181873321533
------------------------- time cost ------------------------- 5.508989334106445
------------------------- time cost ------------------------- 5.585094690322876
------------------------- time cost ------------------------- 5.536409854888916

-------------Round number: 50-------------

Evaluate global model
Averaged Train Loss: 0.3376
Averaged Test Accuracy: 0.9148
Averaged Test AUC: 0.7215
Averaged Test Precision: 0.8385
Averaged Test Recall: 0.9148
Averaged Test F1-Score: 0.8746
Std Test Accuracy: 0.0416
Std Test AUC: 0.0390
------------------------- time cost ------------------------- 6.067291736602783
------------------------- time cost ------------------------- 5.417292356491089
------------------------- time cost ------------------------- 5.386354207992554
------------------------- time cost ------------------------- 5.526712894439697
------------------------- time cost ------------------------- 5.4346466064453125
------------------------- time cost ------------------------- 5.616790771484375
------------------------- time cost ------------------------- 5.642205476760864
------------------------- time cost ------------------------- 5.44972825050354
------------------------- time cost ------------------------- 5.453067064285278
------------------------- time cost ------------------------- 5.517011642456055

-------------Round number: 60-------------

Evaluate global model
Averaged Train Loss: 0.3360
Averaged Test Accuracy: 0.9148
Averaged Test AUC: 0.7446
Averaged Test Precision: 0.8385
Averaged Test Recall: 0.9148
Averaged Test F1-Score: 0.8746
Std Test Accuracy: 0.0416
Std Test AUC: 0.0504
------------------------- time cost ------------------------- 6.295047760009766
------------------------- time cost ------------------------- 5.441559314727783
------------------------- time cost ------------------------- 5.373170375823975
------------------------- time cost ------------------------- 5.424456834793091
------------------------- time cost ------------------------- 5.368275165557861
------------------------- time cost ------------------------- 5.380351305007935
------------------------- time cost ------------------------- 5.494646787643433
------------------------- time cost ------------------------- 5.439103364944458
------------------------- time cost ------------------------- 5.487173318862915
------------------------- time cost ------------------------- 5.449096918106079

-------------Round number: 70-------------

Evaluate global model
Averaged Train Loss: 0.3369
Averaged Test Accuracy: 0.9148
Averaged Test AUC: 0.7714
Averaged Test Precision: 0.8385
Averaged Test Recall: 0.9148
Averaged Test F1-Score: 0.8746
Std Test Accuracy: 0.0416
Std Test AUC: 0.0676
------------------------- time cost ------------------------- 6.2289347648620605
------------------------- time cost ------------------------- 5.342725992202759
------------------------- time cost ------------------------- 5.289301872253418
------------------------- time cost ------------------------- 5.438353061676025
------------------------- time cost ------------------------- 5.376230001449585
------------------------- time cost ------------------------- 5.447598218917847
------------------------- time cost ------------------------- 5.413049936294556
------------------------- time cost ------------------------- 5.457587957382202
------------------------- time cost ------------------------- 5.65006685256958
------------------------- time cost ------------------------- 5.445150136947632

-------------Round number: 80-------------

Evaluate global model
Averaged Train Loss: 0.3367
Averaged Test Accuracy: 0.9148
Averaged Test AUC: 0.7911
Averaged Test Precision: 0.8385
Averaged Test Recall: 0.9148
Averaged Test F1-Score: 0.8746
Std Test Accuracy: 0.0416
Std Test AUC: 0.0688
------------------------- time cost ------------------------- 6.152938604354858
------------------------- time cost ------------------------- 5.418643951416016
------------------------- time cost ------------------------- 5.407978057861328
------------------------- time cost ------------------------- 5.6548919677734375
------------------------- time cost ------------------------- 5.489267110824585
------------------------- time cost ------------------------- 5.369080305099487
------------------------- time cost ------------------------- 5.259264230728149
------------------------- time cost ------------------------- 5.523805141448975
------------------------- time cost ------------------------- 5.503312349319458
------------------------- time cost ------------------------- 5.4134063720703125

-------------Round number: 90-------------

Evaluate global model
Averaged Train Loss: 0.3362
Averaged Test Accuracy: 0.9148
Averaged Test AUC: 0.8104
Averaged Test Precision: 0.8385
Averaged Test Recall: 0.9148
Averaged Test F1-Score: 0.8746
Std Test Accuracy: 0.0416
Std Test AUC: 0.0715
------------------------- time cost ------------------------- 6.221602916717529
------------------------- time cost ------------------------- 5.32310938835144
------------------------- time cost ------------------------- 5.3876142501831055
------------------------- time cost ------------------------- 5.437237739562988
------------------------- time cost ------------------------- 5.294732332229614
------------------------- time cost ------------------------- 5.460791110992432
------------------------- time cost ------------------------- 5.423230409622192
------------------------- time cost ------------------------- 5.316153526306152
------------------------- time cost ------------------------- 5.440519332885742
------------------------- time cost ------------------------- 5.449577331542969

-------------Round number: 100-------------

Evaluate global model
Averaged Train Loss: 0.3346
Averaged Test Accuracy: 0.9148
Averaged Test AUC: 0.8220
Averaged Test Precision: 0.8385
Averaged Test Recall: 0.9148
Averaged Test F1-Score: 0.8746
Std Test Accuracy: 0.0416
Std Test AUC: 0.0662
------------------------- time cost ------------------------- 6.218615293502808

Best accuracy.
0.9147651006711409

Average time cost per round.
5.5382185912132265
File path: results/Xinwang_FedAvg_test/Xinwang_FedAvg_test_0.h5
Training process CSV file path: results/Xinwang_FedAvg_test/Xinwang_FedAvg_test_0_training_process.csv
Training process data saved to: results/Xinwang_FedAvg_test/Xinwang_FedAvg_test_0_training_process.csv

平均训练时间: 561.57秒
