实验: Xinwang_feature_skew_scale_MultiKrum_run1
物理GPU ID: 2
CUDA_VISIBLE_DEVICES: 2
时间: 2026-01-25 02:42:10
命令: /miniconda3/bin/python flcore/main.py -data Xinwang -algo FedAvg -nc 10 -gr 100 -ls 5 -lbs 64 -lr 0.01 -eg 10 -t 1 --heterogeneity feature_skew --enable_attack True --attack_mode scale --malicious_ratio 0.3 --defense_mode multi_krum --use_tlbo False --tlbo_iterations 10 --use_autoencoder False --use_committee False
工作目录: /root/DecisionSupportSystem-FedACT/system

[GPU] 使用环境变量指定的GPU: CUDA_VISIBLE_DEVICES=2
============================================================
实验配置:
============================================================
  goal: test
  device: cuda
  device_id: 0
  dataset: Xinwang
  heterogeneity: feature_skew
  model: auto
  num_classes: 2
  batch_size: 64
  local_learning_rate: 0.01
  global_rounds: 100
  local_epochs: 5
  algorithm: FedAvg
  num_clients: 10
  join_ratio: 1.0
  random_join_ratio: False
  prev: 0
  times: 1
  eval_gap: 10
  save_folder_name: results
  learning_rate_decay: False
  learning_rate_decay_gamma: 0.99
  few_shot: 0
  time_select: False
  time_threthold: 10000
  top_cnt: 100
  auto_break: False
  client_drop_rate: 0.0
  train_slow_rate: 0.0
  send_slow_rate: 0.0
  dlg_eval: False
  dlg_gap: 100
  batch_num_per_client: 2
  num_new_clients: 0
  fine_tuning_epoch_new: 0
  mu: 0.01
  beta: 0.0
  lamda: 1.0
  tau: 1.0
  plocal_epochs: 1
  server_learning_rate: 1.0
  enable_attack: True
  attack_mode: scale
  malicious_ratio: 0.3
  attack_scale: 3.0
  defense_mode: multi_krum
  use_autoencoder: False
  autoencoder_latent_dim: 64
  autoencoder_epochs: 20
  committee_size: 5
  vote_threshold: 0.5
  anomaly_threshold: 0.5
  anomaly_lower_coef: 0.7
  anomaly_upper_coef: 1.5
  use_committee: False
  tlbo_iterations: 10
  use_tlbo: False
  use_merkle: True
  use_incentive: True
============================================================

============= 第 1 次实验 =============
正在初始化服务器和客户端...
数据集: Xinwang, 特征维度: 38
模型参数量: 921,634

Join ratio / total clients: 1.0 / 10
Finished creating server and clients.

-------------Round number: 0-------------

Evaluate global model
Averaged Train Loss: 0.5754
Averaged Test Accuracy: 0.8826
Averaged Test AUC: 0.5676
Averaged Test Precision: 0.8560
Averaged Test Recall: 0.8826
Averaged Test F1-Score: 0.8646
Std Test Accuracy: 0.0776
Std Test AUC: 0.1101
------------------------- time cost ------------------------- 6.466531991958618
------------------------- time cost ------------------------- 5.5834572315216064
------------------------- time cost ------------------------- 5.562012434005737
------------------------- time cost ------------------------- 5.553351879119873
------------------------- time cost ------------------------- 5.612472772598267
------------------------- time cost ------------------------- 5.594932556152344
------------------------- time cost ------------------------- 5.4127442836761475
------------------------- time cost ------------------------- 5.5037641525268555
------------------------- time cost ------------------------- 5.403132200241089
------------------------- time cost ------------------------- 5.543248414993286

-------------Round number: 10-------------

Evaluate global model
Averaged Train Loss: 0.3480
Averaged Test Accuracy: 0.9148
Averaged Test AUC: 0.5641
Averaged Test Precision: 0.8385
Averaged Test Recall: 0.9148
Averaged Test F1-Score: 0.8746
Std Test Accuracy: 0.0416
Std Test AUC: 0.1326
------------------------- time cost ------------------------- 6.218829393386841
------------------------- time cost ------------------------- 5.6574547290802
------------------------- time cost ------------------------- 5.4764723777771
------------------------- time cost ------------------------- 5.377842664718628
------------------------- time cost ------------------------- 5.502376079559326
------------------------- time cost ------------------------- 5.559848308563232
------------------------- time cost ------------------------- 5.718516826629639
------------------------- time cost ------------------------- 5.378345966339111
------------------------- time cost ------------------------- 5.505885362625122
------------------------- time cost ------------------------- 5.435645341873169

-------------Round number: 20-------------

Evaluate global model
Averaged Train Loss: 0.3398
Averaged Test Accuracy: 0.9148
Averaged Test AUC: 0.6154
Averaged Test Precision: 0.8385
Averaged Test Recall: 0.9148
Averaged Test F1-Score: 0.8746
Std Test Accuracy: 0.0416
Std Test AUC: 0.1064
------------------------- time cost ------------------------- 6.333346605300903
------------------------- time cost ------------------------- 5.485553503036499
------------------------- time cost ------------------------- 5.466338396072388
------------------------- time cost ------------------------- 5.491235017776489
------------------------- time cost ------------------------- 5.502716541290283
------------------------- time cost ------------------------- 5.494797706604004
------------------------- time cost ------------------------- 5.567084789276123
------------------------- time cost ------------------------- 5.528874635696411
------------------------- time cost ------------------------- 5.4348249435424805
------------------------- time cost ------------------------- 5.414637565612793

-------------Round number: 30-------------

Evaluate global model
Averaged Train Loss: 0.3362
Averaged Test Accuracy: 0.9148
Averaged Test AUC: 0.6350
Averaged Test Precision: 0.8385
Averaged Test Recall: 0.9148
Averaged Test F1-Score: 0.8746
Std Test Accuracy: 0.0416
Std Test AUC: 0.0959
------------------------- time cost ------------------------- 6.3605921268463135
------------------------- time cost ------------------------- 5.537524461746216
------------------------- time cost ------------------------- 5.355931758880615
------------------------- time cost ------------------------- 5.46731972694397
------------------------- time cost ------------------------- 5.6292884349823
------------------------- time cost ------------------------- 5.579235315322876
------------------------- time cost ------------------------- 5.511275053024292
------------------------- time cost ------------------------- 5.451108694076538
------------------------- time cost ------------------------- 5.461681127548218
------------------------- time cost ------------------------- 5.6163551807403564

-------------Round number: 40-------------

Evaluate global model
Averaged Train Loss: 0.3370
Averaged Test Accuracy: 0.9148
Averaged Test AUC: 0.6947
Averaged Test Precision: 0.8385
Averaged Test Recall: 0.9148
Averaged Test F1-Score: 0.8746
Std Test Accuracy: 0.0416
Std Test AUC: 0.0479
------------------------- time cost ------------------------- 6.291252613067627
------------------------- time cost ------------------------- 5.440694093704224
------------------------- time cost ------------------------- 5.583034038543701
------------------------- time cost ------------------------- 5.4497058391571045
------------------------- time cost ------------------------- 5.665525436401367
------------------------- time cost ------------------------- 5.595282793045044
------------------------- time cost ------------------------- 5.584570407867432
------------------------- time cost ------------------------- 5.485568523406982
------------------------- time cost ------------------------- 5.49986720085144
------------------------- time cost ------------------------- 5.409263849258423

-------------Round number: 50-------------

Evaluate global model
Averaged Train Loss: 0.3376
Averaged Test Accuracy: 0.9148
Averaged Test AUC: 0.7303
Averaged Test Precision: 0.8385
Averaged Test Recall: 0.9148
Averaged Test F1-Score: 0.8746
Std Test Accuracy: 0.0416
Std Test AUC: 0.0553
------------------------- time cost ------------------------- 6.332931756973267
------------------------- time cost ------------------------- 5.5152504444122314
------------------------- time cost ------------------------- 5.458698749542236
------------------------- time cost ------------------------- 5.456233501434326
------------------------- time cost ------------------------- 5.659156084060669
------------------------- time cost ------------------------- 5.623432636260986
------------------------- time cost ------------------------- 5.4965550899505615
------------------------- time cost ------------------------- 5.575922012329102
------------------------- time cost ------------------------- 5.431273460388184
------------------------- time cost ------------------------- 5.3935325145721436

-------------Round number: 60-------------

Evaluate global model
Averaged Train Loss: 0.3363
Averaged Test Accuracy: 0.9148
Averaged Test AUC: 0.7465
Averaged Test Precision: 0.8385
Averaged Test Recall: 0.9148
Averaged Test F1-Score: 0.8746
Std Test Accuracy: 0.0416
Std Test AUC: 0.0561
------------------------- time cost ------------------------- 6.263172149658203
------------------------- time cost ------------------------- 5.451827764511108
------------------------- time cost ------------------------- 5.49235725402832
------------------------- time cost ------------------------- 5.435860633850098
------------------------- time cost ------------------------- 5.582213401794434
------------------------- time cost ------------------------- 5.562282085418701
------------------------- time cost ------------------------- 5.450371265411377
------------------------- time cost ------------------------- 5.601100206375122
------------------------- time cost ------------------------- 5.359842538833618
------------------------- time cost ------------------------- 5.392301082611084

-------------Round number: 70-------------

Evaluate global model
Averaged Train Loss: 0.3380
Averaged Test Accuracy: 0.9148
Averaged Test AUC: 0.7706
Averaged Test Precision: 0.8385
Averaged Test Recall: 0.9148
Averaged Test F1-Score: 0.8746
Std Test Accuracy: 0.0416
Std Test AUC: 0.0615
------------------------- time cost ------------------------- 6.261853456497192
------------------------- time cost ------------------------- 5.468205451965332
------------------------- time cost ------------------------- 5.561639308929443
------------------------- time cost ------------------------- 5.346749782562256
------------------------- time cost ------------------------- 5.57150411605835
------------------------- time cost ------------------------- 5.51360821723938
------------------------- time cost ------------------------- 5.5838916301727295
------------------------- time cost ------------------------- 5.469543218612671
------------------------- time cost ------------------------- 5.389565944671631
------------------------- time cost ------------------------- 5.533550500869751

-------------Round number: 80-------------

Evaluate global model
Averaged Train Loss: 0.3374
Averaged Test Accuracy: 0.9148
Averaged Test AUC: 0.7842
Averaged Test Precision: 0.8385
Averaged Test Recall: 0.9148
Averaged Test F1-Score: 0.8746
Std Test Accuracy: 0.0416
Std Test AUC: 0.0618
------------------------- time cost ------------------------- 6.205456018447876
------------------------- time cost ------------------------- 5.4858222007751465
------------------------- time cost ------------------------- 5.5199294090271
------------------------- time cost ------------------------- 5.741394519805908
------------------------- time cost ------------------------- 5.659192800521851
------------------------- time cost ------------------------- 5.4646759033203125
------------------------- time cost ------------------------- 5.518736362457275
------------------------- time cost ------------------------- 5.58331036567688
------------------------- time cost ------------------------- 5.521840810775757
------------------------- time cost ------------------------- 5.496350288391113

-------------Round number: 90-------------

Evaluate global model
Averaged Train Loss: 0.3371
Averaged Test Accuracy: 0.9148
Averaged Test AUC: 0.7983
Averaged Test Precision: 0.8385
Averaged Test Recall: 0.9148
Averaged Test F1-Score: 0.8746
Std Test Accuracy: 0.0416
Std Test AUC: 0.0571
------------------------- time cost ------------------------- 6.249906778335571
------------------------- time cost ------------------------- 5.553631544113159
------------------------- time cost ------------------------- 5.647895574569702
------------------------- time cost ------------------------- 5.193397045135498
------------------------- time cost ------------------------- 5.441572666168213
------------------------- time cost ------------------------- 5.517572641372681
------------------------- time cost ------------------------- 5.58423376083374
------------------------- time cost ------------------------- 5.509202718734741
------------------------- time cost ------------------------- 5.495361089706421
------------------------- time cost ------------------------- 5.386196136474609

-------------Round number: 100-------------

Evaluate global model
Averaged Train Loss: 0.3325
Averaged Test Accuracy: 0.9148
Averaged Test AUC: 0.8151
Averaged Test Precision: 0.8385
Averaged Test Recall: 0.9148
Averaged Test F1-Score: 0.8746
Std Test Accuracy: 0.0416
Std Test AUC: 0.0560
------------------------- time cost ------------------------- 6.514501571655273

Best accuracy.
0.9147651006711409

Average time cost per round.
5.5881942582130435
File path: results/Xinwang_FedAvg_test/Xinwang_FedAvg_test_0.h5
Training process CSV file path: results/Xinwang_FedAvg_test/Xinwang_FedAvg_test_0_training_process.csv
Training process data saved to: results/Xinwang_FedAvg_test/Xinwang_FedAvg_test_0_training_process.csv

平均训练时间: 566.74秒
