实验: Xinwang_quantity_skew_sign_flip_RFA_run1
物理GPU ID: 2
CUDA_VISIBLE_DEVICES: 2
时间: 2026-01-25 01:54:10
命令: /miniconda3/bin/python flcore/main.py -data Xinwang -algo FedAvg -nc 10 -gr 100 -ls 5 -lbs 64 -lr 0.01 -eg 10 -t 1 --heterogeneity quantity_skew --enable_attack True --attack_mode sign_flip --malicious_ratio 0.3 --defense_mode rfa --use_tlbo False --tlbo_iterations 10 --use_autoencoder False --use_committee False
工作目录: /root/DecisionSupportSystem-FedACT/system

[GPU] 使用环境变量指定的GPU: CUDA_VISIBLE_DEVICES=2
============================================================
实验配置:
============================================================
  goal: test
  device: cuda
  device_id: 0
  dataset: Xinwang
  heterogeneity: quantity_skew
  model: auto
  num_classes: 2
  batch_size: 64
  local_learning_rate: 0.01
  global_rounds: 100
  local_epochs: 5
  algorithm: FedAvg
  num_clients: 10
  join_ratio: 1.0
  random_join_ratio: False
  prev: 0
  times: 1
  eval_gap: 10
  save_folder_name: results
  learning_rate_decay: False
  learning_rate_decay_gamma: 0.99
  few_shot: 0
  time_select: False
  time_threthold: 10000
  top_cnt: 100
  auto_break: False
  client_drop_rate: 0.0
  train_slow_rate: 0.0
  send_slow_rate: 0.0
  dlg_eval: False
  dlg_gap: 100
  batch_num_per_client: 2
  num_new_clients: 0
  fine_tuning_epoch_new: 0
  mu: 0.01
  beta: 0.0
  lamda: 1.0
  tau: 1.0
  plocal_epochs: 1
  server_learning_rate: 1.0
  enable_attack: True
  attack_mode: sign_flip
  malicious_ratio: 0.3
  attack_scale: 3.0
  defense_mode: rfa
  use_autoencoder: False
  autoencoder_latent_dim: 64
  autoencoder_epochs: 20
  committee_size: 5
  vote_threshold: 0.5
  anomaly_threshold: 0.5
  anomaly_lower_coef: 0.7
  anomaly_upper_coef: 1.5
  use_committee: False
  tlbo_iterations: 10
  use_tlbo: False
  use_merkle: True
  use_incentive: True
============================================================

============= 第 1 次实验 =============
正在初始化服务器和客户端...
数据集: Xinwang, 特征维度: 38
模型参数量: 921,634

Join ratio / total clients: 1.0 / 10
Finished creating server and clients.

-------------Round number: 0-------------

Evaluate global model
Averaged Train Loss: 0.5754
Averaged Test Accuracy: 0.8826
Averaged Test AUC: 0.5676
Averaged Test Precision: 0.8560
Averaged Test Recall: 0.8826
Averaged Test F1-Score: 0.8646
Std Test Accuracy: 0.0776
Std Test AUC: 0.1101
------------------------- time cost ------------------------- 6.50726580619812
------------------------- time cost ------------------------- 5.629709720611572
------------------------- time cost ------------------------- 5.61705756187439
------------------------- time cost ------------------------- 5.544229745864868
------------------------- time cost ------------------------- 5.5048744678497314
------------------------- time cost ------------------------- 5.721252918243408
------------------------- time cost ------------------------- 5.785170078277588
------------------------- time cost ------------------------- 5.64007306098938
------------------------- time cost ------------------------- 5.506892204284668
------------------------- time cost ------------------------- 5.600554704666138

-------------Round number: 10-------------

Evaluate global model
Averaged Train Loss: 0.3479
Averaged Test Accuracy: 0.9148
Averaged Test AUC: 0.5744
Averaged Test Precision: 0.8385
Averaged Test Recall: 0.9148
Averaged Test F1-Score: 0.8746
Std Test Accuracy: 0.0416
Std Test AUC: 0.0903
------------------------- time cost ------------------------- 6.6331892013549805
------------------------- time cost ------------------------- 6.0058348178863525
------------------------- time cost ------------------------- 5.978988170623779
------------------------- time cost ------------------------- 5.669304370880127
------------------------- time cost ------------------------- 5.677453279495239
------------------------- time cost ------------------------- 5.626488208770752
------------------------- time cost ------------------------- 5.609975337982178
------------------------- time cost ------------------------- 5.616927623748779
------------------------- time cost ------------------------- 5.457007169723511
------------------------- time cost ------------------------- 5.592441082000732

-------------Round number: 20-------------

Evaluate global model
Averaged Train Loss: 0.3383
Averaged Test Accuracy: 0.9148
Averaged Test AUC: 0.6075
Averaged Test Precision: 0.8385
Averaged Test Recall: 0.9148
Averaged Test F1-Score: 0.8746
Std Test Accuracy: 0.0416
Std Test AUC: 0.1054
------------------------- time cost ------------------------- 6.106471538543701
------------------------- time cost ------------------------- 5.425392150878906
------------------------- time cost ------------------------- 5.636419296264648
------------------------- time cost ------------------------- 5.491882801055908
------------------------- time cost ------------------------- 5.633065462112427
------------------------- time cost ------------------------- 5.693506240844727
------------------------- time cost ------------------------- 5.611741542816162
------------------------- time cost ------------------------- 5.647481679916382
------------------------- time cost ------------------------- 5.419853210449219
------------------------- time cost ------------------------- 5.457472324371338

-------------Round number: 30-------------

Evaluate global model
Averaged Train Loss: 0.3362
Averaged Test Accuracy: 0.9148
Averaged Test AUC: 0.6523
Averaged Test Precision: 0.8385
Averaged Test Recall: 0.9148
Averaged Test F1-Score: 0.8746
Std Test Accuracy: 0.0416
Std Test AUC: 0.0546
------------------------- time cost ------------------------- 6.229803085327148
------------------------- time cost ------------------------- 5.474605083465576
------------------------- time cost ------------------------- 5.540299654006958
------------------------- time cost ------------------------- 5.581705093383789
------------------------- time cost ------------------------- 5.69973087310791
------------------------- time cost ------------------------- 5.68428635597229
------------------------- time cost ------------------------- 5.553905248641968
------------------------- time cost ------------------------- 5.675234317779541
------------------------- time cost ------------------------- 5.426040172576904
------------------------- time cost ------------------------- 5.768466472625732

-------------Round number: 40-------------

Evaluate global model
Averaged Train Loss: 0.3372
Averaged Test Accuracy: 0.9148
Averaged Test AUC: 0.6926
Averaged Test Precision: 0.8385
Averaged Test Recall: 0.9148
Averaged Test F1-Score: 0.8746
Std Test Accuracy: 0.0416
Std Test AUC: 0.0498
------------------------- time cost ------------------------- 6.3323071002960205
------------------------- time cost ------------------------- 5.544092178344727
------------------------- time cost ------------------------- 5.666954278945923
------------------------- time cost ------------------------- 5.529188871383667
------------------------- time cost ------------------------- 5.579989194869995
------------------------- time cost ------------------------- 5.457926511764526
------------------------- time cost ------------------------- 5.509241819381714
------------------------- time cost ------------------------- 5.4481823444366455
------------------------- time cost ------------------------- 5.49056601524353
------------------------- time cost ------------------------- 5.397412061691284

-------------Round number: 50-------------

Evaluate global model
Averaged Train Loss: 0.3379
Averaged Test Accuracy: 0.9148
Averaged Test AUC: 0.7233
Averaged Test Precision: 0.8385
Averaged Test Recall: 0.9148
Averaged Test F1-Score: 0.8746
Std Test Accuracy: 0.0416
Std Test AUC: 0.0514
------------------------- time cost ------------------------- 6.260436058044434
------------------------- time cost ------------------------- 5.553737640380859
------------------------- time cost ------------------------- 5.632271766662598
------------------------- time cost ------------------------- 5.652341604232788
------------------------- time cost ------------------------- 5.623088836669922
------------------------- time cost ------------------------- 5.6103432178497314
------------------------- time cost ------------------------- 5.8023974895477295
------------------------- time cost ------------------------- 5.493611574172974
------------------------- time cost ------------------------- 5.529559850692749
------------------------- time cost ------------------------- 5.481145620346069

-------------Round number: 60-------------

Evaluate global model
Averaged Train Loss: 0.3373
Averaged Test Accuracy: 0.9148
Averaged Test AUC: 0.7460
Averaged Test Precision: 0.8385
Averaged Test Recall: 0.9148
Averaged Test F1-Score: 0.8746
Std Test Accuracy: 0.0416
Std Test AUC: 0.0631
------------------------- time cost ------------------------- 6.399842262268066
------------------------- time cost ------------------------- 5.589746952056885
------------------------- time cost ------------------------- 5.484123468399048
------------------------- time cost ------------------------- 5.566097974777222
------------------------- time cost ------------------------- 5.584711313247681
------------------------- time cost ------------------------- 5.5096800327301025
------------------------- time cost ------------------------- 5.51109766960144
------------------------- time cost ------------------------- 5.5521275997161865
------------------------- time cost ------------------------- 5.4745423793792725
------------------------- time cost ------------------------- 5.503244876861572

-------------Round number: 70-------------

Evaluate global model
Averaged Train Loss: 0.3391
Averaged Test Accuracy: 0.9148
Averaged Test AUC: 0.7666
Averaged Test Precision: 0.8385
Averaged Test Recall: 0.9148
Averaged Test F1-Score: 0.8746
Std Test Accuracy: 0.0416
Std Test AUC: 0.0599
------------------------- time cost ------------------------- 6.275985956192017
------------------------- time cost ------------------------- 5.655720949172974
------------------------- time cost ------------------------- 5.45674729347229
------------------------- time cost ------------------------- 5.43395471572876
------------------------- time cost ------------------------- 5.625324964523315
------------------------- time cost ------------------------- 5.6062235832214355
------------------------- time cost ------------------------- 5.458162069320679
------------------------- time cost ------------------------- 5.453362226486206
------------------------- time cost ------------------------- 5.5055742263793945
------------------------- time cost ------------------------- 5.4004645347595215

-------------Round number: 80-------------

Evaluate global model
Averaged Train Loss: 0.3359
Averaged Test Accuracy: 0.9148
Averaged Test AUC: 0.7846
Averaged Test Precision: 0.8385
Averaged Test Recall: 0.9148
Averaged Test F1-Score: 0.8746
Std Test Accuracy: 0.0416
Std Test AUC: 0.0606
------------------------- time cost ------------------------- 6.294162750244141
------------------------- time cost ------------------------- 5.664006233215332
------------------------- time cost ------------------------- 5.582525730133057
------------------------- time cost ------------------------- 5.624328374862671
------------------------- time cost ------------------------- 5.696947336196899
------------------------- time cost ------------------------- 5.552914142608643
------------------------- time cost ------------------------- 5.562504291534424
------------------------- time cost ------------------------- 5.426724433898926
------------------------- time cost ------------------------- 5.487501859664917
------------------------- time cost ------------------------- 5.447593927383423

-------------Round number: 90-------------

Evaluate global model
Averaged Train Loss: 0.3346
Averaged Test Accuracy: 0.9148
Averaged Test AUC: 0.8014
Averaged Test Precision: 0.8385
Averaged Test Recall: 0.9148
Averaged Test F1-Score: 0.8746
Std Test Accuracy: 0.0416
Std Test AUC: 0.0596
------------------------- time cost ------------------------- 6.343653678894043
------------------------- time cost ------------------------- 5.455808162689209
------------------------- time cost ------------------------- 5.581747055053711
------------------------- time cost ------------------------- 5.473625659942627
------------------------- time cost ------------------------- 5.797864198684692
------------------------- time cost ------------------------- 5.497706174850464
------------------------- time cost ------------------------- 5.670796155929565
------------------------- time cost ------------------------- 5.6158154010772705
------------------------- time cost ------------------------- 5.470773220062256
------------------------- time cost ------------------------- 5.503408193588257

-------------Round number: 100-------------

Evaluate global model
Averaged Train Loss: 0.3334
Averaged Test Accuracy: 0.9148
Averaged Test AUC: 0.8213
Averaged Test Precision: 0.8385
Averaged Test Recall: 0.9148
Averaged Test F1-Score: 0.8746
Std Test Accuracy: 0.0416
Std Test AUC: 0.0629
------------------------- time cost ------------------------- 6.745257139205933

Best accuracy.
0.9147651006711409

Average time cost per round.
5.653119795322418
File path: results/Xinwang_FedAvg_test/Xinwang_FedAvg_test_0.h5
Training process CSV file path: results/Xinwang_FedAvg_test/Xinwang_FedAvg_test_0_training_process.csv
Training process data saved to: results/Xinwang_FedAvg_test/Xinwang_FedAvg_test_0_training_process.csv

平均训练时间: 573.28秒
