实验: Xinwang_quantity_skew_ipm_None_run1
物理GPU ID: 1
CUDA_VISIBLE_DEVICES: 1
时间: 2026-01-25 02:05:02
命令: /miniconda3/bin/python flcore/main.py -data Xinwang -algo FedAvg -nc 10 -gr 100 -ls 5 -lbs 64 -lr 0.01 -eg 10 -t 1 --heterogeneity quantity_skew --enable_attack True --attack_mode ipm --malicious_ratio 0.3 --defense_mode none --use_tlbo False --tlbo_iterations 10 --use_autoencoder False --use_committee False
工作目录: /root/DecisionSupportSystem-FedACT/system

[GPU] 使用环境变量指定的GPU: CUDA_VISIBLE_DEVICES=1
============================================================
实验配置:
============================================================
  goal: test
  device: cuda
  device_id: 0
  dataset: Xinwang
  heterogeneity: quantity_skew
  model: auto
  num_classes: 2
  batch_size: 64
  local_learning_rate: 0.01
  global_rounds: 100
  local_epochs: 5
  algorithm: FedAvg
  num_clients: 10
  join_ratio: 1.0
  random_join_ratio: False
  prev: 0
  times: 1
  eval_gap: 10
  save_folder_name: results
  learning_rate_decay: False
  learning_rate_decay_gamma: 0.99
  few_shot: 0
  time_select: False
  time_threthold: 10000
  top_cnt: 100
  auto_break: False
  client_drop_rate: 0.0
  train_slow_rate: 0.0
  send_slow_rate: 0.0
  dlg_eval: False
  dlg_gap: 100
  batch_num_per_client: 2
  num_new_clients: 0
  fine_tuning_epoch_new: 0
  mu: 0.01
  beta: 0.0
  lamda: 1.0
  tau: 1.0
  plocal_epochs: 1
  server_learning_rate: 1.0
  enable_attack: True
  attack_mode: ipm
  malicious_ratio: 0.3
  attack_scale: 3.0
  defense_mode: none
  use_autoencoder: False
  autoencoder_latent_dim: 64
  autoencoder_epochs: 20
  committee_size: 5
  vote_threshold: 0.5
  anomaly_threshold: 0.5
  anomaly_lower_coef: 0.7
  anomaly_upper_coef: 1.5
  use_committee: False
  tlbo_iterations: 10
  use_tlbo: False
  use_merkle: True
  use_incentive: True
============================================================

============= 第 1 次实验 =============
正在初始化服务器和客户端...
数据集: Xinwang, 特征维度: 38
模型参数量: 921,634

Join ratio / total clients: 1.0 / 10
Finished creating server and clients.

-------------Round number: 0-------------

Evaluate global model
Averaged Train Loss: 0.5754
Averaged Test Accuracy: 0.8826
Averaged Test AUC: 0.5676
Averaged Test Precision: 0.8560
Averaged Test Recall: 0.8826
Averaged Test F1-Score: 0.8646
Std Test Accuracy: 0.0776
Std Test AUC: 0.1101
------------------------- time cost ------------------------- 6.476152181625366
------------------------- time cost ------------------------- 5.499506950378418
------------------------- time cost ------------------------- 5.488620758056641
------------------------- time cost ------------------------- 5.40681004524231
------------------------- time cost ------------------------- 5.514903545379639
------------------------- time cost ------------------------- 5.54609227180481
------------------------- time cost ------------------------- 5.6577606201171875
------------------------- time cost ------------------------- 5.6419384479522705
------------------------- time cost ------------------------- 5.4445836544036865
------------------------- time cost ------------------------- 5.563551187515259

-------------Round number: 10-------------

Evaluate global model
Averaged Train Loss: 0.3474
Averaged Test Accuracy: 0.9148
Averaged Test AUC: 0.5743
Averaged Test Precision: 0.8385
Averaged Test Recall: 0.9148
Averaged Test F1-Score: 0.8746
Std Test Accuracy: 0.0416
Std Test AUC: 0.1413
------------------------- time cost ------------------------- 6.574893474578857
------------------------- time cost ------------------------- 5.672855615615845
------------------------- time cost ------------------------- 5.461716651916504
------------------------- time cost ------------------------- 5.447216272354126
------------------------- time cost ------------------------- 5.579695224761963
------------------------- time cost ------------------------- 5.5472187995910645
------------------------- time cost ------------------------- 5.551620721817017
------------------------- time cost ------------------------- 5.57682728767395
------------------------- time cost ------------------------- 5.486034870147705
------------------------- time cost ------------------------- 5.468305349349976

-------------Round number: 20-------------

Evaluate global model
Averaged Train Loss: 0.3401
Averaged Test Accuracy: 0.9148
Averaged Test AUC: 0.6134
Averaged Test Precision: 0.8385
Averaged Test Recall: 0.9148
Averaged Test F1-Score: 0.8746
Std Test Accuracy: 0.0416
Std Test AUC: 0.0962
------------------------- time cost ------------------------- 6.4677228927612305
------------------------- time cost ------------------------- 5.433474779129028
------------------------- time cost ------------------------- 5.507726669311523
------------------------- time cost ------------------------- 5.472214221954346
------------------------- time cost ------------------------- 5.595813512802124
------------------------- time cost ------------------------- 5.57112455368042
------------------------- time cost ------------------------- 5.413128137588501
------------------------- time cost ------------------------- 5.619144916534424
------------------------- time cost ------------------------- 5.4074037075042725
------------------------- time cost ------------------------- 5.5382726192474365

-------------Round number: 30-------------

Evaluate global model
Averaged Train Loss: 0.3364
Averaged Test Accuracy: 0.9148
Averaged Test AUC: 0.6444
Averaged Test Precision: 0.8385
Averaged Test Recall: 0.9148
Averaged Test F1-Score: 0.8746
Std Test Accuracy: 0.0416
Std Test AUC: 0.0896
------------------------- time cost ------------------------- 6.246168613433838
------------------------- time cost ------------------------- 5.467618465423584
------------------------- time cost ------------------------- 5.3278632164001465
------------------------- time cost ------------------------- 5.417528867721558
------------------------- time cost ------------------------- 5.444076061248779
------------------------- time cost ------------------------- 5.638253927230835
------------------------- time cost ------------------------- 5.606635332107544
------------------------- time cost ------------------------- 5.646048307418823
------------------------- time cost ------------------------- 5.353790044784546
------------------------- time cost ------------------------- 5.635859966278076

-------------Round number: 40-------------

Evaluate global model
Averaged Train Loss: 0.3357
Averaged Test Accuracy: 0.9148
Averaged Test AUC: 0.7031
Averaged Test Precision: 0.8385
Averaged Test Recall: 0.9148
Averaged Test F1-Score: 0.8746
Std Test Accuracy: 0.0416
Std Test AUC: 0.0512
------------------------- time cost ------------------------- 6.5726470947265625
------------------------- time cost ------------------------- 5.4626734256744385
------------------------- time cost ------------------------- 5.428414344787598
------------------------- time cost ------------------------- 5.520070791244507
------------------------- time cost ------------------------- 5.531983375549316
------------------------- time cost ------------------------- 5.615612030029297
------------------------- time cost ------------------------- 5.527926921844482
------------------------- time cost ------------------------- 5.634002685546875
------------------------- time cost ------------------------- 5.457112789154053
------------------------- time cost ------------------------- 5.561432123184204

-------------Round number: 50-------------

Evaluate global model
Averaged Train Loss: 0.3370
Averaged Test Accuracy: 0.9148
Averaged Test AUC: 0.7264
Averaged Test Precision: 0.8385
Averaged Test Recall: 0.9148
Averaged Test F1-Score: 0.8746
Std Test Accuracy: 0.0416
Std Test AUC: 0.0538
------------------------- time cost ------------------------- 6.3689751625061035
------------------------- time cost ------------------------- 5.457169771194458
------------------------- time cost ------------------------- 5.4739086627960205
------------------------- time cost ------------------------- 5.461829423904419
------------------------- time cost ------------------------- 5.411369323730469
------------------------- time cost ------------------------- 5.611017942428589
------------------------- time cost ------------------------- 5.833863735198975
------------------------- time cost ------------------------- 5.545583963394165
------------------------- time cost ------------------------- 5.439429521560669
------------------------- time cost ------------------------- 5.689114809036255

-------------Round number: 60-------------

Evaluate global model
Averaged Train Loss: 0.3360
Averaged Test Accuracy: 0.9148
Averaged Test AUC: 0.7529
Averaged Test Precision: 0.8385
Averaged Test Recall: 0.9148
Averaged Test F1-Score: 0.8746
Std Test Accuracy: 0.0416
Std Test AUC: 0.0561
------------------------- time cost ------------------------- 6.264463186264038
------------------------- time cost ------------------------- 5.520318269729614
------------------------- time cost ------------------------- 5.48137903213501
------------------------- time cost ------------------------- 5.486407518386841
------------------------- time cost ------------------------- 5.544912338256836
------------------------- time cost ------------------------- 5.522611856460571
------------------------- time cost ------------------------- 5.556286573410034
------------------------- time cost ------------------------- 5.509636402130127
------------------------- time cost ------------------------- 5.5741658210754395
------------------------- time cost ------------------------- 5.490782022476196

-------------Round number: 70-------------

Evaluate global model
Averaged Train Loss: 0.3355
Averaged Test Accuracy: 0.9148
Averaged Test AUC: 0.7808
Averaged Test Precision: 0.8385
Averaged Test Recall: 0.9148
Averaged Test F1-Score: 0.8746
Std Test Accuracy: 0.0416
Std Test AUC: 0.0694
------------------------- time cost ------------------------- 6.326204299926758
------------------------- time cost ------------------------- 5.461107015609741
------------------------- time cost ------------------------- 5.422397136688232
------------------------- time cost ------------------------- 5.447170734405518
------------------------- time cost ------------------------- 5.534821510314941
------------------------- time cost ------------------------- 5.551779747009277
------------------------- time cost ------------------------- 5.681303024291992
------------------------- time cost ------------------------- 5.489477157592773
------------------------- time cost ------------------------- 5.5252251625061035
------------------------- time cost ------------------------- 5.493608713150024

-------------Round number: 80-------------

Evaluate global model
Averaged Train Loss: 0.3355
Averaged Test Accuracy: 0.9148
Averaged Test AUC: 0.7867
Averaged Test Precision: 0.8385
Averaged Test Recall: 0.9148
Averaged Test F1-Score: 0.8746
Std Test Accuracy: 0.0416
Std Test AUC: 0.0656
------------------------- time cost ------------------------- 6.31858229637146
------------------------- time cost ------------------------- 5.273913621902466
------------------------- time cost ------------------------- 5.462631940841675
------------------------- time cost ------------------------- 5.737782955169678
------------------------- time cost ------------------------- 5.606961250305176
------------------------- time cost ------------------------- 5.578997611999512
------------------------- time cost ------------------------- 5.7459716796875
------------------------- time cost ------------------------- 5.613845586776733
------------------------- time cost ------------------------- 5.4998579025268555
------------------------- time cost ------------------------- 5.612675189971924

-------------Round number: 90-------------

Evaluate global model
Averaged Train Loss: 0.3339
Averaged Test Accuracy: 0.9148
Averaged Test AUC: 0.8101
Averaged Test Precision: 0.8385
Averaged Test Recall: 0.9148
Averaged Test F1-Score: 0.8746
Std Test Accuracy: 0.0416
Std Test AUC: 0.0655
------------------------- time cost ------------------------- 6.361230134963989
------------------------- time cost ------------------------- 5.419633865356445
------------------------- time cost ------------------------- 5.392677068710327
------------------------- time cost ------------------------- 5.336875677108765
------------------------- time cost ------------------------- 5.536410570144653
------------------------- time cost ------------------------- 5.718235492706299
------------------------- time cost ------------------------- 5.64676833152771
------------------------- time cost ------------------------- 5.820052146911621
------------------------- time cost ------------------------- 5.535133361816406
------------------------- time cost ------------------------- 5.514665126800537

-------------Round number: 100-------------

Evaluate global model
Averaged Train Loss: 0.3332
Averaged Test Accuracy: 0.9148
Averaged Test AUC: 0.8285
Averaged Test Precision: 0.8385
Averaged Test Recall: 0.9148
Averaged Test F1-Score: 0.8746
Std Test Accuracy: 0.0416
Std Test AUC: 0.0658
------------------------- time cost ------------------------- 6.604031324386597

Best accuracy.
0.9147651006711409

Average time cost per round.
5.617651491165161
File path: results/Xinwang_FedAvg_test/Xinwang_FedAvg_test_0.h5
Training process CSV file path: results/Xinwang_FedAvg_test/Xinwang_FedAvg_test_0_training_process.csv
Training process data saved to: results/Xinwang_FedAvg_test/Xinwang_FedAvg_test_0_training_process.csv

平均训练时间: 569.55秒
