实验: Xinwang_iid_free_rider_Median_run1
物理GPU ID: 0
CUDA_VISIBLE_DEVICES: 0
时间: 2026-01-25 00:57:42
命令: /miniconda3/bin/python flcore/main.py -data Xinwang -algo FedAvg -nc 10 -gr 100 -ls 5 -lbs 64 -lr 0.01 -eg 10 -t 1 --heterogeneity iid --enable_attack True --attack_mode free_rider --malicious_ratio 0.3 --defense_mode median --use_tlbo False --tlbo_iterations 10 --use_autoencoder False --use_committee False
工作目录: /root/DecisionSupportSystem-FedACT/system

[GPU] 使用环境变量指定的GPU: CUDA_VISIBLE_DEVICES=0
============================================================
实验配置:
============================================================
  goal: test
  device: cuda
  device_id: 0
  dataset: Xinwang
  heterogeneity: iid
  model: auto
  num_classes: 2
  batch_size: 64
  local_learning_rate: 0.01
  global_rounds: 100
  local_epochs: 5
  algorithm: FedAvg
  num_clients: 10
  join_ratio: 1.0
  random_join_ratio: False
  prev: 0
  times: 1
  eval_gap: 10
  save_folder_name: results
  learning_rate_decay: False
  learning_rate_decay_gamma: 0.99
  few_shot: 0
  time_select: False
  time_threthold: 10000
  top_cnt: 100
  auto_break: False
  client_drop_rate: 0.0
  train_slow_rate: 0.0
  send_slow_rate: 0.0
  dlg_eval: False
  dlg_gap: 100
  batch_num_per_client: 2
  num_new_clients: 0
  fine_tuning_epoch_new: 0
  mu: 0.01
  beta: 0.0
  lamda: 1.0
  tau: 1.0
  plocal_epochs: 1
  server_learning_rate: 1.0
  enable_attack: True
  attack_mode: free_rider
  malicious_ratio: 0.3
  attack_scale: 3.0
  defense_mode: median
  use_autoencoder: False
  autoencoder_latent_dim: 64
  autoencoder_epochs: 20
  committee_size: 5
  vote_threshold: 0.5
  anomaly_threshold: 0.5
  anomaly_lower_coef: 0.7
  anomaly_upper_coef: 1.5
  use_committee: False
  tlbo_iterations: 10
  use_tlbo: False
  use_merkle: True
  use_incentive: True
============================================================

============= 第 1 次实验 =============
正在初始化服务器和客户端...
数据集: Xinwang, 特征维度: 38
模型参数量: 921,634

Join ratio / total clients: 1.0 / 10
Finished creating server and clients.

-------------Round number: 0-------------

Evaluate global model
Averaged Train Loss: 0.5754
Averaged Test Accuracy: 0.8826
Averaged Test AUC: 0.5676
Averaged Test Precision: 0.8560
Averaged Test Recall: 0.8826
Averaged Test F1-Score: 0.8646
Std Test Accuracy: 0.0776
Std Test AUC: 0.1101
------------------------- time cost ------------------------- 6.473045110702515
------------------------- time cost ------------------------- 5.405609130859375
------------------------- time cost ------------------------- 5.57508659362793
------------------------- time cost ------------------------- 5.70804500579834
------------------------- time cost ------------------------- 5.8860924243927
------------------------- time cost ------------------------- 5.360044240951538
------------------------- time cost ------------------------- 5.578635931015015
------------------------- time cost ------------------------- 5.227029085159302
------------------------- time cost ------------------------- 5.43001914024353
------------------------- time cost ------------------------- 5.359362602233887

-------------Round number: 10-------------

Evaluate global model
Averaged Train Loss: 0.3460
Averaged Test Accuracy: 0.9148
Averaged Test AUC: 0.5868
Averaged Test Precision: 0.8385
Averaged Test Recall: 0.9148
Averaged Test F1-Score: 0.8746
Std Test Accuracy: 0.0416
Std Test AUC: 0.1167
------------------------- time cost ------------------------- 5.968442440032959
------------------------- time cost ------------------------- 5.660935640335083
------------------------- time cost ------------------------- 5.455932855606079
------------------------- time cost ------------------------- 5.420478582382202
------------------------- time cost ------------------------- 5.390509128570557
------------------------- time cost ------------------------- 5.402854919433594
------------------------- time cost ------------------------- 5.545369625091553
------------------------- time cost ------------------------- 5.404252290725708
------------------------- time cost ------------------------- 5.461277484893799
------------------------- time cost ------------------------- 5.444258689880371

-------------Round number: 20-------------

Evaluate global model
Averaged Train Loss: 0.3395
Averaged Test Accuracy: 0.9148
Averaged Test AUC: 0.6139
Averaged Test Precision: 0.8385
Averaged Test Recall: 0.9148
Averaged Test F1-Score: 0.8746
Std Test Accuracy: 0.0416
Std Test AUC: 0.0952
------------------------- time cost ------------------------- 6.212225914001465
------------------------- time cost ------------------------- 5.481311559677124
------------------------- time cost ------------------------- 5.397328853607178
------------------------- time cost ------------------------- 5.45856499671936
------------------------- time cost ------------------------- 5.40329909324646
------------------------- time cost ------------------------- 5.436946153640747
------------------------- time cost ------------------------- 5.7040040493011475
------------------------- time cost ------------------------- 5.445940017700195
------------------------- time cost ------------------------- 5.43395209312439
------------------------- time cost ------------------------- 5.356155157089233

-------------Round number: 30-------------

Evaluate global model
Averaged Train Loss: 0.3352
Averaged Test Accuracy: 0.9148
Averaged Test AUC: 0.6551
Averaged Test Precision: 0.8385
Averaged Test Recall: 0.9148
Averaged Test F1-Score: 0.8746
Std Test Accuracy: 0.0416
Std Test AUC: 0.0707
------------------------- time cost ------------------------- 6.189962387084961
------------------------- time cost ------------------------- 5.539383888244629
------------------------- time cost ------------------------- 5.449031114578247
------------------------- time cost ------------------------- 5.3413965702056885
------------------------- time cost ------------------------- 5.305297613143921
------------------------- time cost ------------------------- 5.349022388458252
------------------------- time cost ------------------------- 5.586084842681885
------------------------- time cost ------------------------- 5.397413015365601
------------------------- time cost ------------------------- 5.4044647216796875
------------------------- time cost ------------------------- 5.563751697540283

-------------Round number: 40-------------

Evaluate global model
Averaged Train Loss: 0.3369
Averaged Test Accuracy: 0.9148
Averaged Test AUC: 0.6905
Averaged Test Precision: 0.8385
Averaged Test Recall: 0.9148
Averaged Test F1-Score: 0.8746
Std Test Accuracy: 0.0416
Std Test AUC: 0.0618
------------------------- time cost ------------------------- 6.257990837097168
------------------------- time cost ------------------------- 5.40925145149231
------------------------- time cost ------------------------- 5.325512647628784
------------------------- time cost ------------------------- 5.29880952835083
------------------------- time cost ------------------------- 5.45076847076416
------------------------- time cost ------------------------- 5.352910757064819
------------------------- time cost ------------------------- 5.503150224685669
------------------------- time cost ------------------------- 5.466919183731079
------------------------- time cost ------------------------- 5.442507266998291
------------------------- time cost ------------------------- 5.448182821273804

-------------Round number: 50-------------

Evaluate global model
Averaged Train Loss: 0.3393
Averaged Test Accuracy: 0.9148
Averaged Test AUC: 0.7292
Averaged Test Precision: 0.8385
Averaged Test Recall: 0.9148
Averaged Test F1-Score: 0.8746
Std Test Accuracy: 0.0416
Std Test AUC: 0.0509
------------------------- time cost ------------------------- 6.295788764953613
------------------------- time cost ------------------------- 5.395995855331421
------------------------- time cost ------------------------- 5.430325984954834
------------------------- time cost ------------------------- 5.445103883743286
------------------------- time cost ------------------------- 5.407979249954224
------------------------- time cost ------------------------- 5.3514440059661865
------------------------- time cost ------------------------- 5.600487470626831
------------------------- time cost ------------------------- 5.4254045486450195
------------------------- time cost ------------------------- 5.46355414390564
------------------------- time cost ------------------------- 5.384664297103882

-------------Round number: 60-------------

Evaluate global model
Averaged Train Loss: 0.3376
Averaged Test Accuracy: 0.9148
Averaged Test AUC: 0.7492
Averaged Test Precision: 0.8385
Averaged Test Recall: 0.9148
Averaged Test F1-Score: 0.8746
Std Test Accuracy: 0.0416
Std Test AUC: 0.0621
------------------------- time cost ------------------------- 6.177041053771973
------------------------- time cost ------------------------- 5.359237432479858
------------------------- time cost ------------------------- 5.520819664001465
------------------------- time cost ------------------------- 5.404098749160767
------------------------- time cost ------------------------- 5.458346843719482
------------------------- time cost ------------------------- 5.368725299835205
------------------------- time cost ------------------------- 5.428889274597168
------------------------- time cost ------------------------- 5.381611347198486
------------------------- time cost ------------------------- 5.482768297195435
------------------------- time cost ------------------------- 5.49148964881897

-------------Round number: 70-------------

Evaluate global model
Averaged Train Loss: 0.3368
Averaged Test Accuracy: 0.9148
Averaged Test AUC: 0.7786
Averaged Test Precision: 0.8385
Averaged Test Recall: 0.9148
Averaged Test F1-Score: 0.8746
Std Test Accuracy: 0.0416
Std Test AUC: 0.0699
------------------------- time cost ------------------------- 6.22066855430603
------------------------- time cost ------------------------- 5.4987616539001465
------------------------- time cost ------------------------- 5.450707197189331
------------------------- time cost ------------------------- 5.40420937538147
------------------------- time cost ------------------------- 5.448914289474487
------------------------- time cost ------------------------- 5.343391180038452
------------------------- time cost ------------------------- 5.329834222793579
------------------------- time cost ------------------------- 5.443753480911255
------------------------- time cost ------------------------- 5.474674701690674
------------------------- time cost ------------------------- 5.372654914855957

-------------Round number: 80-------------

Evaluate global model
Averaged Train Loss: 0.3368
Averaged Test Accuracy: 0.9148
Averaged Test AUC: 0.7845
Averaged Test Precision: 0.8385
Averaged Test Recall: 0.9148
Averaged Test F1-Score: 0.8746
Std Test Accuracy: 0.0416
Std Test AUC: 0.0660
------------------------- time cost ------------------------- 6.237914800643921
------------------------- time cost ------------------------- 5.46878981590271
------------------------- time cost ------------------------- 5.326425313949585
------------------------- time cost ------------------------- 5.529078483581543
------------------------- time cost ------------------------- 5.410798072814941
------------------------- time cost ------------------------- 5.391773223876953
------------------------- time cost ------------------------- 5.405676364898682
------------------------- time cost ------------------------- 5.506124973297119
------------------------- time cost ------------------------- 5.494868993759155
------------------------- time cost ------------------------- 5.495694160461426

-------------Round number: 90-------------

Evaluate global model
Averaged Train Loss: 0.3362
Averaged Test Accuracy: 0.9148
Averaged Test AUC: 0.7993
Averaged Test Precision: 0.8385
Averaged Test Recall: 0.9148
Averaged Test F1-Score: 0.8746
Std Test Accuracy: 0.0416
Std Test AUC: 0.0623
------------------------- time cost ------------------------- 6.171386957168579
------------------------- time cost ------------------------- 5.620785236358643
------------------------- time cost ------------------------- 5.5530219078063965
------------------------- time cost ------------------------- 5.376051425933838
------------------------- time cost ------------------------- 5.303667783737183
------------------------- time cost ------------------------- 5.469866991043091
------------------------- time cost ------------------------- 5.4853596687316895
------------------------- time cost ------------------------- 5.385615825653076
------------------------- time cost ------------------------- 5.573052167892456
------------------------- time cost ------------------------- 5.767559289932251

-------------Round number: 100-------------

Evaluate global model
Averaged Train Loss: 0.3356
Averaged Test Accuracy: 0.9148
Averaged Test AUC: 0.8134
Averaged Test Precision: 0.8385
Averaged Test Recall: 0.9148
Averaged Test F1-Score: 0.8746
Std Test Accuracy: 0.0416
Std Test AUC: 0.0617
------------------------- time cost ------------------------- 6.767938852310181

Best accuracy.
0.9147651006711409

Average time cost per round.
5.530985708236694
File path: results/Xinwang_FedAvg_test/Xinwang_FedAvg_test_0.h5
Training process CSV file path: results/Xinwang_FedAvg_test/Xinwang_FedAvg_test_0_training_process.csv
Training process data saved to: results/Xinwang_FedAvg_test/Xinwang_FedAvg_test_0_training_process.csv

平均训练时间: 561.0秒
