实验: Xinwang_iid_minmax_MultiKrum_run1
物理GPU ID: 1
CUDA_VISIBLE_DEVICES: 1
时间: 2026-01-25 00:40:13
命令: /miniconda3/bin/python flcore/main.py -data Xinwang -algo FedAvg -nc 10 -gr 100 -ls 5 -lbs 64 -lr 0.01 -eg 10 -t 1 --heterogeneity iid --enable_attack True --attack_mode minmax --malicious_ratio 0.3 --defense_mode multi_krum --use_tlbo False --tlbo_iterations 10 --use_autoencoder False --use_committee False
工作目录: /root/DecisionSupportSystem-FedACT/system

[GPU] 使用环境变量指定的GPU: CUDA_VISIBLE_DEVICES=1
============================================================
实验配置:
============================================================
  goal: test
  device: cuda
  device_id: 0
  dataset: Xinwang
  heterogeneity: iid
  model: auto
  num_classes: 2
  batch_size: 64
  local_learning_rate: 0.01
  global_rounds: 100
  local_epochs: 5
  algorithm: FedAvg
  num_clients: 10
  join_ratio: 1.0
  random_join_ratio: False
  prev: 0
  times: 1
  eval_gap: 10
  save_folder_name: results
  learning_rate_decay: False
  learning_rate_decay_gamma: 0.99
  few_shot: 0
  time_select: False
  time_threthold: 10000
  top_cnt: 100
  auto_break: False
  client_drop_rate: 0.0
  train_slow_rate: 0.0
  send_slow_rate: 0.0
  dlg_eval: False
  dlg_gap: 100
  batch_num_per_client: 2
  num_new_clients: 0
  fine_tuning_epoch_new: 0
  mu: 0.01
  beta: 0.0
  lamda: 1.0
  tau: 1.0
  plocal_epochs: 1
  server_learning_rate: 1.0
  enable_attack: True
  attack_mode: minmax
  malicious_ratio: 0.3
  attack_scale: 3.0
  defense_mode: multi_krum
  use_autoencoder: False
  autoencoder_latent_dim: 64
  autoencoder_epochs: 20
  committee_size: 5
  vote_threshold: 0.5
  anomaly_threshold: 0.5
  anomaly_lower_coef: 0.7
  anomaly_upper_coef: 1.5
  use_committee: False
  tlbo_iterations: 10
  use_tlbo: False
  use_merkle: True
  use_incentive: True
============================================================

============= 第 1 次实验 =============
正在初始化服务器和客户端...
数据集: Xinwang, 特征维度: 38
模型参数量: 921,634

Join ratio / total clients: 1.0 / 10
Finished creating server and clients.

-------------Round number: 0-------------

Evaluate global model
Averaged Train Loss: 0.5754
Averaged Test Accuracy: 0.8826
Averaged Test AUC: 0.5676
Averaged Test Precision: 0.8560
Averaged Test Recall: 0.8826
Averaged Test F1-Score: 0.8646
Std Test Accuracy: 0.0776
Std Test AUC: 0.1101
------------------------- time cost ------------------------- 6.531583786010742
------------------------- time cost ------------------------- 5.513563394546509
------------------------- time cost ------------------------- 5.6546790599823
------------------------- time cost ------------------------- 5.521972179412842
------------------------- time cost ------------------------- 5.563467979431152
------------------------- time cost ------------------------- 5.719415187835693
------------------------- time cost ------------------------- 5.614392518997192
------------------------- time cost ------------------------- 5.489410638809204
------------------------- time cost ------------------------- 5.472090721130371
------------------------- time cost ------------------------- 5.599637746810913

-------------Round number: 10-------------

Evaluate global model
Averaged Train Loss: 0.3490
Averaged Test Accuracy: 0.9148
Averaged Test AUC: 0.5546
Averaged Test Precision: 0.8385
Averaged Test Recall: 0.9148
Averaged Test F1-Score: 0.8746
Std Test Accuracy: 0.0416
Std Test AUC: 0.1487
------------------------- time cost ------------------------- 6.396536111831665
------------------------- time cost ------------------------- 5.760938405990601
------------------------- time cost ------------------------- 5.551451206207275
------------------------- time cost ------------------------- 5.506757497787476
------------------------- time cost ------------------------- 5.550295114517212
------------------------- time cost ------------------------- 5.553529500961304
------------------------- time cost ------------------------- 5.67637300491333
------------------------- time cost ------------------------- 5.366667032241821
------------------------- time cost ------------------------- 5.467757940292358
------------------------- time cost ------------------------- 5.480623245239258

-------------Round number: 20-------------

Evaluate global model
Averaged Train Loss: 0.3385
Averaged Test Accuracy: 0.9148
Averaged Test AUC: 0.5975
Averaged Test Precision: 0.8385
Averaged Test Recall: 0.9148
Averaged Test F1-Score: 0.8746
Std Test Accuracy: 0.0416
Std Test AUC: 0.1182
------------------------- time cost ------------------------- 6.21045184135437
------------------------- time cost ------------------------- 5.602187633514404
------------------------- time cost ------------------------- 5.40169095993042
------------------------- time cost ------------------------- 5.640412092208862
------------------------- time cost ------------------------- 5.523091554641724
------------------------- time cost ------------------------- 5.500787258148193
------------------------- time cost ------------------------- 5.459479093551636
------------------------- time cost ------------------------- 5.43142032623291
------------------------- time cost ------------------------- 5.4868574142456055
------------------------- time cost ------------------------- 5.458226442337036

-------------Round number: 30-------------

Evaluate global model
Averaged Train Loss: 0.3346
Averaged Test Accuracy: 0.9148
Averaged Test AUC: 0.6465
Averaged Test Precision: 0.8385
Averaged Test Recall: 0.9148
Averaged Test F1-Score: 0.8746
Std Test Accuracy: 0.0416
Std Test AUC: 0.0779
------------------------- time cost ------------------------- 6.212069034576416
------------------------- time cost ------------------------- 5.554609298706055
------------------------- time cost ------------------------- 5.509831190109253
------------------------- time cost ------------------------- 5.602510452270508
------------------------- time cost ------------------------- 5.670126438140869
------------------------- time cost ------------------------- 5.466782093048096
------------------------- time cost ------------------------- 5.590195178985596
------------------------- time cost ------------------------- 5.5846638679504395
------------------------- time cost ------------------------- 5.56016206741333
------------------------- time cost ------------------------- 5.705004930496216

-------------Round number: 40-------------

Evaluate global model
Averaged Train Loss: 0.3347
Averaged Test Accuracy: 0.9148
Averaged Test AUC: 0.6906
Averaged Test Precision: 0.8385
Averaged Test Recall: 0.9148
Averaged Test F1-Score: 0.8746
Std Test Accuracy: 0.0416
Std Test AUC: 0.0576
------------------------- time cost ------------------------- 6.131353378295898
------------------------- time cost ------------------------- 5.601780891418457
------------------------- time cost ------------------------- 5.397164344787598
------------------------- time cost ------------------------- 5.4578118324279785
------------------------- time cost ------------------------- 5.559433221817017
------------------------- time cost ------------------------- 5.34799599647522
------------------------- time cost ------------------------- 5.614217519760132
------------------------- time cost ------------------------- 5.4321112632751465
------------------------- time cost ------------------------- 5.582263708114624
------------------------- time cost ------------------------- 5.635133743286133

-------------Round number: 50-------------

Evaluate global model
Averaged Train Loss: 0.3383
Averaged Test Accuracy: 0.9148
Averaged Test AUC: 0.7218
Averaged Test Precision: 0.8385
Averaged Test Recall: 0.9148
Averaged Test F1-Score: 0.8746
Std Test Accuracy: 0.0416
Std Test AUC: 0.0584
------------------------- time cost ------------------------- 6.368708610534668
------------------------- time cost ------------------------- 5.536620616912842
------------------------- time cost ------------------------- 5.508950471878052
------------------------- time cost ------------------------- 5.45937967300415
------------------------- time cost ------------------------- 5.508318185806274
------------------------- time cost ------------------------- 5.439019680023193
------------------------- time cost ------------------------- 5.612847328186035
------------------------- time cost ------------------------- 5.581837177276611
------------------------- time cost ------------------------- 5.421988010406494
------------------------- time cost ------------------------- 5.425825119018555

-------------Round number: 60-------------

Evaluate global model
Averaged Train Loss: 0.3375
Averaged Test Accuracy: 0.9148
Averaged Test AUC: 0.7548
Averaged Test Precision: 0.8385
Averaged Test Recall: 0.9148
Averaged Test F1-Score: 0.8746
Std Test Accuracy: 0.0416
Std Test AUC: 0.0643
------------------------- time cost ------------------------- 6.367608308792114
------------------------- time cost ------------------------- 5.679488658905029
------------------------- time cost ------------------------- 5.5274598598480225
------------------------- time cost ------------------------- 5.565641403198242
------------------------- time cost ------------------------- 5.585877895355225
------------------------- time cost ------------------------- 5.587862491607666
------------------------- time cost ------------------------- 5.454488515853882
------------------------- time cost ------------------------- 5.592017650604248
------------------------- time cost ------------------------- 5.544857978820801
------------------------- time cost ------------------------- 5.497930526733398

-------------Round number: 70-------------

Evaluate global model
Averaged Train Loss: 0.3379
Averaged Test Accuracy: 0.9148
Averaged Test AUC: 0.7820
Averaged Test Precision: 0.8385
Averaged Test Recall: 0.9148
Averaged Test F1-Score: 0.8746
Std Test Accuracy: 0.0416
Std Test AUC: 0.0714
------------------------- time cost ------------------------- 6.35881781578064
------------------------- time cost ------------------------- 5.5360143184661865
------------------------- time cost ------------------------- 5.561506271362305
------------------------- time cost ------------------------- 5.6321494579315186
------------------------- time cost ------------------------- 5.463138818740845
------------------------- time cost ------------------------- 5.630155563354492
------------------------- time cost ------------------------- 5.547875881195068
------------------------- time cost ------------------------- 5.5687947273254395
------------------------- time cost ------------------------- 5.537449598312378
------------------------- time cost ------------------------- 5.505160570144653

-------------Round number: 80-------------

Evaluate global model
Averaged Train Loss: 0.3368
Averaged Test Accuracy: 0.9148
Averaged Test AUC: 0.7886
Averaged Test Precision: 0.8385
Averaged Test Recall: 0.9148
Averaged Test F1-Score: 0.8746
Std Test Accuracy: 0.0416
Std Test AUC: 0.0692
------------------------- time cost ------------------------- 6.301345348358154
------------------------- time cost ------------------------- 5.463955640792847
------------------------- time cost ------------------------- 5.386368989944458
------------------------- time cost ------------------------- 5.9322216510772705
------------------------- time cost ------------------------- 5.512676477432251
------------------------- time cost ------------------------- 5.352496385574341
------------------------- time cost ------------------------- 5.605360269546509
------------------------- time cost ------------------------- 5.458277225494385
------------------------- time cost ------------------------- 5.338991641998291
------------------------- time cost ------------------------- 5.585777997970581

-------------Round number: 90-------------

Evaluate global model
Averaged Train Loss: 0.3362
Averaged Test Accuracy: 0.9148
Averaged Test AUC: 0.8094
Averaged Test Precision: 0.8385
Averaged Test Recall: 0.9148
Averaged Test F1-Score: 0.8746
Std Test Accuracy: 0.0416
Std Test AUC: 0.0716
------------------------- time cost ------------------------- 6.414466857910156
------------------------- time cost ------------------------- 5.3819193840026855
------------------------- time cost ------------------------- 5.760468482971191
------------------------- time cost ------------------------- 5.5110085010528564
------------------------- time cost ------------------------- 5.536011457443237
------------------------- time cost ------------------------- 5.535290956497192
------------------------- time cost ------------------------- 5.5782506465911865
------------------------- time cost ------------------------- 5.553472280502319
------------------------- time cost ------------------------- 5.718470573425293
------------------------- time cost ------------------------- 5.548324346542358

-------------Round number: 100-------------

Evaluate global model
Averaged Train Loss: 0.3380
Averaged Test Accuracy: 0.9148
Averaged Test AUC: 0.8256
Averaged Test Precision: 0.8385
Averaged Test Recall: 0.9148
Averaged Test F1-Score: 0.8746
Std Test Accuracy: 0.0416
Std Test AUC: 0.0640
------------------------- time cost ------------------------- 6.677988529205322

Best accuracy.
0.9147651006711409

Average time cost per round.
5.621503183841705
File path: results/Xinwang_FedAvg_test/Xinwang_FedAvg_test_0.h5
Training process CSV file path: results/Xinwang_FedAvg_test/Xinwang_FedAvg_test_0_training_process.csv
Training process data saved to: results/Xinwang_FedAvg_test/Xinwang_FedAvg_test_0_training_process.csv

平均训练时间: 570.02秒
