实验: Xinwang_iid_ipm_MultiKrum_run1
物理GPU ID: 3
CUDA_VISIBLE_DEVICES: 3
时间: 2026-01-25 00:39:15
命令: /miniconda3/bin/python flcore/main.py -data Xinwang -algo FedAvg -nc 10 -gr 100 -ls 5 -lbs 64 -lr 0.01 -eg 10 -t 1 --heterogeneity iid --enable_attack True --attack_mode ipm --malicious_ratio 0.3 --defense_mode multi_krum --use_tlbo False --tlbo_iterations 10 --use_autoencoder False --use_committee False
工作目录: /root/DecisionSupportSystem-FedACT/system

[GPU] 使用环境变量指定的GPU: CUDA_VISIBLE_DEVICES=3
============================================================
实验配置:
============================================================
  goal: test
  device: cuda
  device_id: 0
  dataset: Xinwang
  heterogeneity: iid
  model: auto
  num_classes: 2
  batch_size: 64
  local_learning_rate: 0.01
  global_rounds: 100
  local_epochs: 5
  algorithm: FedAvg
  num_clients: 10
  join_ratio: 1.0
  random_join_ratio: False
  prev: 0
  times: 1
  eval_gap: 10
  save_folder_name: results
  learning_rate_decay: False
  learning_rate_decay_gamma: 0.99
  few_shot: 0
  time_select: False
  time_threthold: 10000
  top_cnt: 100
  auto_break: False
  client_drop_rate: 0.0
  train_slow_rate: 0.0
  send_slow_rate: 0.0
  dlg_eval: False
  dlg_gap: 100
  batch_num_per_client: 2
  num_new_clients: 0
  fine_tuning_epoch_new: 0
  mu: 0.01
  beta: 0.0
  lamda: 1.0
  tau: 1.0
  plocal_epochs: 1
  server_learning_rate: 1.0
  enable_attack: True
  attack_mode: ipm
  malicious_ratio: 0.3
  attack_scale: 3.0
  defense_mode: multi_krum
  use_autoencoder: False
  autoencoder_latent_dim: 64
  autoencoder_epochs: 20
  committee_size: 5
  vote_threshold: 0.5
  anomaly_threshold: 0.5
  anomaly_lower_coef: 0.7
  anomaly_upper_coef: 1.5
  use_committee: False
  tlbo_iterations: 10
  use_tlbo: False
  use_merkle: True
  use_incentive: True
============================================================

============= 第 1 次实验 =============
正在初始化服务器和客户端...
数据集: Xinwang, 特征维度: 38
模型参数量: 921,634

Join ratio / total clients: 1.0 / 10
Finished creating server and clients.

-------------Round number: 0-------------

Evaluate global model
Averaged Train Loss: 0.5754
Averaged Test Accuracy: 0.8826
Averaged Test AUC: 0.5676
Averaged Test Precision: 0.8560
Averaged Test Recall: 0.8826
Averaged Test F1-Score: 0.8646
Std Test Accuracy: 0.0776
Std Test AUC: 0.1101
------------------------- time cost ------------------------- 6.767591714859009
------------------------- time cost ------------------------- 5.213995933532715
------------------------- time cost ------------------------- 5.448592185974121
------------------------- time cost ------------------------- 5.517345190048218
------------------------- time cost ------------------------- 5.685170650482178
------------------------- time cost ------------------------- 5.507616281509399
------------------------- time cost ------------------------- 5.585100412368774
------------------------- time cost ------------------------- 5.507012367248535
------------------------- time cost ------------------------- 5.712648391723633
------------------------- time cost ------------------------- 5.574545860290527

-------------Round number: 10-------------

Evaluate global model
Averaged Train Loss: 0.3496
Averaged Test Accuracy: 0.9148
Averaged Test AUC: 0.5857
Averaged Test Precision: 0.8385
Averaged Test Recall: 0.9148
Averaged Test F1-Score: 0.8746
Std Test Accuracy: 0.0416
Std Test AUC: 0.1325
------------------------- time cost ------------------------- 6.3633131980896
------------------------- time cost ------------------------- 5.514193296432495
------------------------- time cost ------------------------- 5.261850595474243
------------------------- time cost ------------------------- 5.009897947311401
------------------------- time cost ------------------------- 5.193143129348755
------------------------- time cost ------------------------- 5.22030782699585
------------------------- time cost ------------------------- 5.347293376922607
------------------------- time cost ------------------------- 5.676598072052002
------------------------- time cost ------------------------- 5.4491493701934814
------------------------- time cost ------------------------- 5.564284563064575

-------------Round number: 20-------------

Evaluate global model
Averaged Train Loss: 0.3401
Averaged Test Accuracy: 0.9148
Averaged Test AUC: 0.6268
Averaged Test Precision: 0.8385
Averaged Test Recall: 0.9148
Averaged Test F1-Score: 0.8746
Std Test Accuracy: 0.0416
Std Test AUC: 0.1117
------------------------- time cost ------------------------- 6.506075620651245
------------------------- time cost ------------------------- 5.467547655105591
------------------------- time cost ------------------------- 5.488418102264404
------------------------- time cost ------------------------- 5.582186698913574
------------------------- time cost ------------------------- 5.490736484527588
------------------------- time cost ------------------------- 5.5333569049835205
------------------------- time cost ------------------------- 5.603959560394287
------------------------- time cost ------------------------- 5.5351316928863525
------------------------- time cost ------------------------- 5.502800941467285
------------------------- time cost ------------------------- 5.451960802078247

-------------Round number: 30-------------

Evaluate global model
Averaged Train Loss: 0.3352
Averaged Test Accuracy: 0.9148
Averaged Test AUC: 0.6644
Averaged Test Precision: 0.8385
Averaged Test Recall: 0.9148
Averaged Test F1-Score: 0.8746
Std Test Accuracy: 0.0416
Std Test AUC: 0.0665
------------------------- time cost ------------------------- 6.250365257263184
------------------------- time cost ------------------------- 5.409250497817993
------------------------- time cost ------------------------- 5.542730093002319
------------------------- time cost ------------------------- 5.557913303375244
------------------------- time cost ------------------------- 5.528554439544678
------------------------- time cost ------------------------- 5.541510343551636
------------------------- time cost ------------------------- 5.559340953826904
------------------------- time cost ------------------------- 5.569715738296509
------------------------- time cost ------------------------- 5.365041017532349
------------------------- time cost ------------------------- 5.567912340164185

-------------Round number: 40-------------

Evaluate global model
Averaged Train Loss: 0.3360
Averaged Test Accuracy: 0.9148
Averaged Test AUC: 0.7007
Averaged Test Precision: 0.8385
Averaged Test Recall: 0.9148
Averaged Test F1-Score: 0.8746
Std Test Accuracy: 0.0416
Std Test AUC: 0.0574
------------------------- time cost ------------------------- 6.227336883544922
------------------------- time cost ------------------------- 5.474025011062622
------------------------- time cost ------------------------- 5.5533881187438965
------------------------- time cost ------------------------- 5.537452936172485
------------------------- time cost ------------------------- 5.553280591964722
------------------------- time cost ------------------------- 5.589125156402588
------------------------- time cost ------------------------- 5.572296857833862
------------------------- time cost ------------------------- 5.676037311553955
------------------------- time cost ------------------------- 5.5736083984375
------------------------- time cost ------------------------- 5.498305797576904

-------------Round number: 50-------------

Evaluate global model
Averaged Train Loss: 0.3379
Averaged Test Accuracy: 0.9148
Averaged Test AUC: 0.7268
Averaged Test Precision: 0.8385
Averaged Test Recall: 0.9148
Averaged Test F1-Score: 0.8746
Std Test Accuracy: 0.0416
Std Test AUC: 0.0498
------------------------- time cost ------------------------- 6.345563888549805
------------------------- time cost ------------------------- 5.51617693901062
------------------------- time cost ------------------------- 5.563493967056274
------------------------- time cost ------------------------- 5.526824951171875
------------------------- time cost ------------------------- 5.652978181838989
------------------------- time cost ------------------------- 5.472885608673096
------------------------- time cost ------------------------- 5.516744375228882
------------------------- time cost ------------------------- 5.537377834320068
------------------------- time cost ------------------------- 5.474757432937622
------------------------- time cost ------------------------- 5.5620903968811035

-------------Round number: 60-------------

Evaluate global model
Averaged Train Loss: 0.3359
Averaged Test Accuracy: 0.9148
Averaged Test AUC: 0.7591
Averaged Test Precision: 0.8385
Averaged Test Recall: 0.9148
Averaged Test F1-Score: 0.8746
Std Test Accuracy: 0.0416
Std Test AUC: 0.0693
------------------------- time cost ------------------------- 6.3952248096466064
------------------------- time cost ------------------------- 5.573692083358765
------------------------- time cost ------------------------- 5.572689771652222
------------------------- time cost ------------------------- 5.650598764419556
------------------------- time cost ------------------------- 5.635729551315308
------------------------- time cost ------------------------- 5.551598310470581
------------------------- time cost ------------------------- 5.679201364517212
------------------------- time cost ------------------------- 5.553285360336304
------------------------- time cost ------------------------- 5.568930387496948
------------------------- time cost ------------------------- 5.567775249481201

-------------Round number: 70-------------

Evaluate global model
Averaged Train Loss: 0.3370
Averaged Test Accuracy: 0.9148
Averaged Test AUC: 0.7818
Averaged Test Precision: 0.8385
Averaged Test Recall: 0.9148
Averaged Test F1-Score: 0.8746
Std Test Accuracy: 0.0416
Std Test AUC: 0.0786
------------------------- time cost ------------------------- 6.340333461761475
------------------------- time cost ------------------------- 5.646053075790405
------------------------- time cost ------------------------- 5.5716392993927
------------------------- time cost ------------------------- 5.608152627944946
------------------------- time cost ------------------------- 5.680353164672852
------------------------- time cost ------------------------- 5.563404083251953
------------------------- time cost ------------------------- 5.461778879165649
------------------------- time cost ------------------------- 5.571004629135132
------------------------- time cost ------------------------- 5.5311713218688965
------------------------- time cost ------------------------- 5.587897777557373

-------------Round number: 80-------------

Evaluate global model
Averaged Train Loss: 0.3338
Averaged Test Accuracy: 0.9148
Averaged Test AUC: 0.7871
Averaged Test Precision: 0.8385
Averaged Test Recall: 0.9148
Averaged Test F1-Score: 0.8746
Std Test Accuracy: 0.0416
Std Test AUC: 0.0694
------------------------- time cost ------------------------- 6.302404880523682
------------------------- time cost ------------------------- 5.5857954025268555
------------------------- time cost ------------------------- 5.477879285812378
------------------------- time cost ------------------------- 5.759871006011963
------------------------- time cost ------------------------- 5.704958438873291
------------------------- time cost ------------------------- 5.526602268218994
------------------------- time cost ------------------------- 5.734679460525513
------------------------- time cost ------------------------- 5.623215436935425
------------------------- time cost ------------------------- 5.543866872787476
------------------------- time cost ------------------------- 5.4696691036224365

-------------Round number: 90-------------

Evaluate global model
Averaged Train Loss: 0.3348
Averaged Test Accuracy: 0.9148
Averaged Test AUC: 0.8055
Averaged Test Precision: 0.8385
Averaged Test Recall: 0.9148
Averaged Test F1-Score: 0.8746
Std Test Accuracy: 0.0416
Std Test AUC: 0.0651
------------------------- time cost ------------------------- 6.405521631240845
------------------------- time cost ------------------------- 5.465425968170166
------------------------- time cost ------------------------- 5.515805006027222
------------------------- time cost ------------------------- 5.521358013153076
------------------------- time cost ------------------------- 5.262485027313232
------------------------- time cost ------------------------- 5.2229084968566895
------------------------- time cost ------------------------- 5.565203666687012
------------------------- time cost ------------------------- 5.799368143081665
------------------------- time cost ------------------------- 5.583614110946655
------------------------- time cost ------------------------- 5.612587213516235

-------------Round number: 100-------------

Evaluate global model
Averaged Train Loss: 0.3317
Averaged Test Accuracy: 0.9148
Averaged Test AUC: 0.8222
Averaged Test Precision: 0.8385
Averaged Test Recall: 0.9148
Averaged Test F1-Score: 0.8746
Std Test Accuracy: 0.0416
Std Test AUC: 0.0628
------------------------- time cost ------------------------- 6.901570558547974

Best accuracy.
0.9147651006711409

Average time cost per round.
5.617256217002868
File path: results/Xinwang_FedAvg_test/Xinwang_FedAvg_test_0.h5
Training process CSV file path: results/Xinwang_FedAvg_test/Xinwang_FedAvg_test_0_training_process.csv
Training process data saved to: results/Xinwang_FedAvg_test/Xinwang_FedAvg_test_0_training_process.csv

平均训练时间: 569.82秒
