实验: Xinwang_feature_skew_collision_TrimmedMean_run1
物理GPU ID: 2
CUDA_VISIBLE_DEVICES: 2
时间: 2026-01-25 03:17:01
命令: /miniconda3/bin/python flcore/main.py -data Xinwang -algo FedAvg -nc 10 -gr 100 -ls 5 -lbs 64 -lr 0.01 -eg 10 -t 1 --heterogeneity feature_skew --enable_attack True --attack_mode collision --malicious_ratio 0.3 --defense_mode trimmed_mean --use_tlbo False --tlbo_iterations 10 --use_autoencoder False --use_committee False
工作目录: /root/DecisionSupportSystem-FedACT/system

[GPU] 使用环境变量指定的GPU: CUDA_VISIBLE_DEVICES=2
============================================================
实验配置:
============================================================
  goal: test
  device: cuda
  device_id: 0
  dataset: Xinwang
  heterogeneity: feature_skew
  model: auto
  num_classes: 2
  batch_size: 64
  local_learning_rate: 0.01
  global_rounds: 100
  local_epochs: 5
  algorithm: FedAvg
  num_clients: 10
  join_ratio: 1.0
  random_join_ratio: False
  prev: 0
  times: 1
  eval_gap: 10
  save_folder_name: results
  learning_rate_decay: False
  learning_rate_decay_gamma: 0.99
  few_shot: 0
  time_select: False
  time_threthold: 10000
  top_cnt: 100
  auto_break: False
  client_drop_rate: 0.0
  train_slow_rate: 0.0
  send_slow_rate: 0.0
  dlg_eval: False
  dlg_gap: 100
  batch_num_per_client: 2
  num_new_clients: 0
  fine_tuning_epoch_new: 0
  mu: 0.01
  beta: 0.0
  lamda: 1.0
  tau: 1.0
  plocal_epochs: 1
  server_learning_rate: 1.0
  enable_attack: True
  attack_mode: collision
  malicious_ratio: 0.3
  attack_scale: 3.0
  defense_mode: trimmed_mean
  use_autoencoder: False
  autoencoder_latent_dim: 64
  autoencoder_epochs: 20
  committee_size: 5
  vote_threshold: 0.5
  anomaly_threshold: 0.5
  anomaly_lower_coef: 0.7
  anomaly_upper_coef: 1.5
  use_committee: False
  tlbo_iterations: 10
  use_tlbo: False
  use_merkle: True
  use_incentive: True
============================================================

============= 第 1 次实验 =============
正在初始化服务器和客户端...
数据集: Xinwang, 特征维度: 38
模型参数量: 921,634

Join ratio / total clients: 1.0 / 10
Finished creating server and clients.

-------------Round number: 0-------------

Evaluate global model
Averaged Train Loss: 0.5754
Averaged Test Accuracy: 0.8826
Averaged Test AUC: 0.5676
Averaged Test Precision: 0.8560
Averaged Test Recall: 0.8826
Averaged Test F1-Score: 0.8646
Std Test Accuracy: 0.0776
Std Test AUC: 0.1101
------------------------- time cost ------------------------- 6.98109769821167
------------------------- time cost ------------------------- 5.696367025375366
------------------------- time cost ------------------------- 5.222669839859009
------------------------- time cost ------------------------- 5.239707946777344
------------------------- time cost ------------------------- 5.261454343795776
------------------------- time cost ------------------------- 5.241140604019165
------------------------- time cost ------------------------- 5.152327060699463
------------------------- time cost ------------------------- 4.905446767807007
------------------------- time cost ------------------------- 4.895028114318848
------------------------- time cost ------------------------- 4.653772354125977

-------------Round number: 10-------------

Evaluate global model
Averaged Train Loss: 0.3445
Averaged Test Accuracy: 0.9148
Averaged Test AUC: 0.5792
Averaged Test Precision: 0.8385
Averaged Test Recall: 0.9148
Averaged Test F1-Score: 0.8746
Std Test Accuracy: 0.0416
Std Test AUC: 0.1474
------------------------- time cost ------------------------- 5.327012062072754
------------------------- time cost ------------------------- 4.677468538284302
------------------------- time cost ------------------------- 4.611269235610962
------------------------- time cost ------------------------- 4.521731376647949
------------------------- time cost ------------------------- 4.549036741256714
------------------------- time cost ------------------------- 4.6556806564331055
------------------------- time cost ------------------------- 4.662737846374512
------------------------- time cost ------------------------- 4.566812038421631
------------------------- time cost ------------------------- 4.535629987716675
------------------------- time cost ------------------------- 4.55011510848999

-------------Round number: 20-------------

Evaluate global model
Averaged Train Loss: 0.3376
Averaged Test Accuracy: 0.9148
Averaged Test AUC: 0.6037
Averaged Test Precision: 0.8385
Averaged Test Recall: 0.9148
Averaged Test F1-Score: 0.8746
Std Test Accuracy: 0.0416
Std Test AUC: 0.1009
------------------------- time cost ------------------------- 5.225153684616089
------------------------- time cost ------------------------- 4.595255374908447
------------------------- time cost ------------------------- 4.2069878578186035
------------------------- time cost ------------------------- 4.199227809906006
------------------------- time cost ------------------------- 4.089295864105225
------------------------- time cost ------------------------- 4.128790616989136
------------------------- time cost ------------------------- 4.103816032409668
------------------------- time cost ------------------------- 4.175954103469849
------------------------- time cost ------------------------- 4.003851413726807
------------------------- time cost ------------------------- 4.012715578079224

-------------Round number: 30-------------

Evaluate global model
Averaged Train Loss: 0.3348
Averaged Test Accuracy: 0.9148
Averaged Test AUC: 0.6416
Averaged Test Precision: 0.8385
Averaged Test Recall: 0.9148
Averaged Test F1-Score: 0.8746
Std Test Accuracy: 0.0416
Std Test AUC: 0.0767
------------------------- time cost ------------------------- 4.644423484802246
------------------------- time cost ------------------------- 4.029080390930176
------------------------- time cost ------------------------- 4.076537609100342
------------------------- time cost ------------------------- 4.008856773376465
------------------------- time cost ------------------------- 3.9817605018615723
------------------------- time cost ------------------------- 4.092586994171143
------------------------- time cost ------------------------- 4.008808135986328
------------------------- time cost ------------------------- 4.0763609409332275
------------------------- time cost ------------------------- 4.074669122695923
------------------------- time cost ------------------------- 4.347311496734619

-------------Round number: 40-------------

Evaluate global model
Averaged Train Loss: 0.3338
Averaged Test Accuracy: 0.9148
Averaged Test AUC: 0.6892
Averaged Test Precision: 0.8385
Averaged Test Recall: 0.9148
Averaged Test F1-Score: 0.8746
Std Test Accuracy: 0.0416
Std Test AUC: 0.0468
------------------------- time cost ------------------------- 4.769902229309082
------------------------- time cost ------------------------- 4.064374685287476
------------------------- time cost ------------------------- 3.999445676803589
------------------------- time cost ------------------------- 4.150071382522583
------------------------- time cost ------------------------- 4.098447561264038
------------------------- time cost ------------------------- 4.033177137374878
------------------------- time cost ------------------------- 4.0802223682403564
------------------------- time cost ------------------------- 4.155639410018921
------------------------- time cost ------------------------- 4.08107852935791
------------------------- time cost ------------------------- 4.093128442764282

-------------Round number: 50-------------

Evaluate global model
Averaged Train Loss: 0.3362
Averaged Test Accuracy: 0.9148
Averaged Test AUC: 0.7293
Averaged Test Precision: 0.8385
Averaged Test Recall: 0.9148
Averaged Test F1-Score: 0.8746
Std Test Accuracy: 0.0416
Std Test AUC: 0.0552
------------------------- time cost ------------------------- 4.666650772094727
------------------------- time cost ------------------------- 3.9947214126586914
------------------------- time cost ------------------------- 3.98040771484375
------------------------- time cost ------------------------- 4.038605451583862
------------------------- time cost ------------------------- 4.057664155960083
------------------------- time cost ------------------------- 4.100444078445435
------------------------- time cost ------------------------- 4.165612697601318
------------------------- time cost ------------------------- 4.106101036071777
------------------------- time cost ------------------------- 4.0946996212005615
------------------------- time cost ------------------------- 4.077999830245972

-------------Round number: 60-------------

Evaluate global model
Averaged Train Loss: 0.3357
Averaged Test Accuracy: 0.9148
Averaged Test AUC: 0.7524
Averaged Test Precision: 0.8385
Averaged Test Recall: 0.9148
Averaged Test F1-Score: 0.8746
Std Test Accuracy: 0.0416
Std Test AUC: 0.0671
------------------------- time cost ------------------------- 4.643715858459473
------------------------- time cost ------------------------- 4.103273153305054
------------------------- time cost ------------------------- 4.072937726974487
------------------------- time cost ------------------------- 4.098375082015991
------------------------- time cost ------------------------- 3.9988603591918945
------------------------- time cost ------------------------- 4.188746213912964
------------------------- time cost ------------------------- 4.121082067489624
------------------------- time cost ------------------------- 4.1160430908203125
------------------------- time cost ------------------------- 4.12367844581604
------------------------- time cost ------------------------- 4.0569164752960205

-------------Round number: 70-------------

Evaluate global model
Averaged Train Loss: 0.3351
Averaged Test Accuracy: 0.9148
Averaged Test AUC: 0.7718
Averaged Test Precision: 0.8385
Averaged Test Recall: 0.9148
Averaged Test F1-Score: 0.8746
Std Test Accuracy: 0.0416
Std Test AUC: 0.0625
------------------------- time cost ------------------------- 4.805755138397217
------------------------- time cost ------------------------- 4.076162576675415
------------------------- time cost ------------------------- 4.04319953918457
------------------------- time cost ------------------------- 4.047319412231445
------------------------- time cost ------------------------- 4.137018918991089
------------------------- time cost ------------------------- 4.108489513397217
------------------------- time cost ------------------------- 4.018760919570923
------------------------- time cost ------------------------- 4.114067554473877
------------------------- time cost ------------------------- 4.081599473953247
------------------------- time cost ------------------------- 3.9922237396240234

-------------Round number: 80-------------

Evaluate global model
Averaged Train Loss: 0.3362
Averaged Test Accuracy: 0.9148
Averaged Test AUC: 0.7796
Averaged Test Precision: 0.8385
Averaged Test Recall: 0.9148
Averaged Test F1-Score: 0.8746
Std Test Accuracy: 0.0416
Std Test AUC: 0.0582
------------------------- time cost ------------------------- 4.675933122634888
------------------------- time cost ------------------------- 4.086883783340454
------------------------- time cost ------------------------- 4.187668085098267
------------------------- time cost ------------------------- 4.14742374420166
------------------------- time cost ------------------------- 3.981117010116577
------------------------- time cost ------------------------- 4.2214035987854
------------------------- time cost ------------------------- 4.066751003265381
------------------------- time cost ------------------------- 4.114266395568848
------------------------- time cost ------------------------- 4.062727451324463
------------------------- time cost ------------------------- 4.110186338424683

-------------Round number: 90-------------

Evaluate global model
Averaged Train Loss: 0.3373
Averaged Test Accuracy: 0.9148
Averaged Test AUC: 0.7925
Averaged Test Precision: 0.8385
Averaged Test Recall: 0.9148
Averaged Test F1-Score: 0.8746
Std Test Accuracy: 0.0416
Std Test AUC: 0.0499
------------------------- time cost ------------------------- 4.723962783813477
------------------------- time cost ------------------------- 4.132681131362915
------------------------- time cost ------------------------- 4.126338958740234
------------------------- time cost ------------------------- 4.119108438491821
------------------------- time cost ------------------------- 4.089077472686768
------------------------- time cost ------------------------- 3.9688730239868164
------------------------- time cost ------------------------- 3.9318461418151855
------------------------- time cost ------------------------- 3.989478349685669
------------------------- time cost ------------------------- 3.9149105548858643
------------------------- time cost ------------------------- 3.8930110931396484

-------------Round number: 100-------------

Evaluate global model
Averaged Train Loss: 0.3318
Averaged Test Accuracy: 0.9148
Averaged Test AUC: 0.8088
Averaged Test Precision: 0.8385
Averaged Test Recall: 0.9148
Averaged Test F1-Score: 0.8746
Std Test Accuracy: 0.0416
Std Test AUC: 0.0515
------------------------- time cost ------------------------- 4.6823389530181885

Best accuracy.
0.9147651006711409

Average time cost per round.
4.29989458322525
File path: results/Xinwang_FedAvg_test/Xinwang_FedAvg_test_0.h5
Training process CSV file path: results/Xinwang_FedAvg_test/Xinwang_FedAvg_test_0_training_process.csv
Training process data saved to: results/Xinwang_FedAvg_test/Xinwang_FedAvg_test_0_training_process.csv

平均训练时间: 438.32秒
