实验: Xinwang_label_skew_backdoor_Median_run1
物理GPU ID: 3
CUDA_VISIBLE_DEVICES: 3
时间: 2026-01-25 01:36:12
命令: /miniconda3/bin/python flcore/main.py -data Xinwang -algo FedAvg -nc 10 -gr 100 -ls 5 -lbs 64 -lr 0.01 -eg 10 -t 1 --heterogeneity label_skew --enable_attack True --attack_mode backdoor --malicious_ratio 0.3 --defense_mode median --use_tlbo False --tlbo_iterations 10 --use_autoencoder False --use_committee False
工作目录: /root/DecisionSupportSystem-FedACT/system

[GPU] 使用环境变量指定的GPU: CUDA_VISIBLE_DEVICES=3
============================================================
实验配置:
============================================================
  goal: test
  device: cuda
  device_id: 0
  dataset: Xinwang
  heterogeneity: label_skew
  model: auto
  num_classes: 2
  batch_size: 64
  local_learning_rate: 0.01
  global_rounds: 100
  local_epochs: 5
  algorithm: FedAvg
  num_clients: 10
  join_ratio: 1.0
  random_join_ratio: False
  prev: 0
  times: 1
  eval_gap: 10
  save_folder_name: results
  learning_rate_decay: False
  learning_rate_decay_gamma: 0.99
  few_shot: 0
  time_select: False
  time_threthold: 10000
  top_cnt: 100
  auto_break: False
  client_drop_rate: 0.0
  train_slow_rate: 0.0
  send_slow_rate: 0.0
  dlg_eval: False
  dlg_gap: 100
  batch_num_per_client: 2
  num_new_clients: 0
  fine_tuning_epoch_new: 0
  mu: 0.01
  beta: 0.0
  lamda: 1.0
  tau: 1.0
  plocal_epochs: 1
  server_learning_rate: 1.0
  enable_attack: True
  attack_mode: backdoor
  malicious_ratio: 0.3
  attack_scale: 3.0
  defense_mode: median
  use_autoencoder: False
  autoencoder_latent_dim: 64
  autoencoder_epochs: 20
  committee_size: 5
  vote_threshold: 0.5
  anomaly_threshold: 0.5
  anomaly_lower_coef: 0.7
  anomaly_upper_coef: 1.5
  use_committee: False
  tlbo_iterations: 10
  use_tlbo: False
  use_merkle: True
  use_incentive: True
============================================================

============= 第 1 次实验 =============
正在初始化服务器和客户端...
数据集: Xinwang, 特征维度: 38
模型参数量: 921,634

Join ratio / total clients: 1.0 / 10
Finished creating server and clients.

-------------Round number: 0-------------

Evaluate global model
Averaged Train Loss: 0.5754
Averaged Test Accuracy: 0.8826
Averaged Test AUC: 0.5676
Averaged Test Precision: 0.8560
Averaged Test Recall: 0.8826
Averaged Test F1-Score: 0.8646
Std Test Accuracy: 0.0776
Std Test AUC: 0.1101
------------------------- time cost ------------------------- 6.408709287643433
------------------------- time cost ------------------------- 5.40995979309082
------------------------- time cost ------------------------- 5.570806980133057
------------------------- time cost ------------------------- 5.584868431091309
------------------------- time cost ------------------------- 5.514893054962158
------------------------- time cost ------------------------- 5.3923444747924805
------------------------- time cost ------------------------- 5.478480815887451
------------------------- time cost ------------------------- 5.454290390014648
------------------------- time cost ------------------------- 5.570252895355225
------------------------- time cost ------------------------- 5.3692238330841064

-------------Round number: 10-------------

Evaluate global model
Averaged Train Loss: 0.3486
Averaged Test Accuracy: 0.9148
Averaged Test AUC: 0.5561
Averaged Test Precision: 0.8385
Averaged Test Recall: 0.9148
Averaged Test F1-Score: 0.8746
Std Test Accuracy: 0.0416
Std Test AUC: 0.1355
------------------------- time cost ------------------------- 6.113816261291504
------------------------- time cost ------------------------- 5.576057195663452
------------------------- time cost ------------------------- 5.376914024353027
------------------------- time cost ------------------------- 5.593847751617432
------------------------- time cost ------------------------- 5.487304925918579
------------------------- time cost ------------------------- 5.543983459472656
------------------------- time cost ------------------------- 5.416706323623657
------------------------- time cost ------------------------- 5.360241413116455
------------------------- time cost ------------------------- 5.421210050582886
------------------------- time cost ------------------------- 5.427485704421997

-------------Round number: 20-------------

Evaluate global model
Averaged Train Loss: 0.3382
Averaged Test Accuracy: 0.9148
Averaged Test AUC: 0.6055
Averaged Test Precision: 0.8385
Averaged Test Recall: 0.9148
Averaged Test F1-Score: 0.8746
Std Test Accuracy: 0.0416
Std Test AUC: 0.1013
------------------------- time cost ------------------------- 6.299004077911377
------------------------- time cost ------------------------- 5.432538747787476
------------------------- time cost ------------------------- 5.414646148681641
------------------------- time cost ------------------------- 5.577658414840698
------------------------- time cost ------------------------- 5.355564832687378
------------------------- time cost ------------------------- 5.361254930496216
------------------------- time cost ------------------------- 5.380885362625122
------------------------- time cost ------------------------- 5.508200407028198
------------------------- time cost ------------------------- 5.47698712348938
------------------------- time cost ------------------------- 5.367818355560303

-------------Round number: 30-------------

Evaluate global model
Averaged Train Loss: 0.3354
Averaged Test Accuracy: 0.9148
Averaged Test AUC: 0.6545
Averaged Test Precision: 0.8385
Averaged Test Recall: 0.9148
Averaged Test F1-Score: 0.8746
Std Test Accuracy: 0.0416
Std Test AUC: 0.0678
------------------------- time cost ------------------------- 6.24573016166687
------------------------- time cost ------------------------- 5.456716537475586
------------------------- time cost ------------------------- 5.40569806098938
------------------------- time cost ------------------------- 5.610278606414795
------------------------- time cost ------------------------- 5.498791456222534
------------------------- time cost ------------------------- 5.383616209030151
------------------------- time cost ------------------------- 5.388512134552002
------------------------- time cost ------------------------- 5.4231812953948975
------------------------- time cost ------------------------- 5.415427207946777
------------------------- time cost ------------------------- 5.558441400527954

-------------Round number: 40-------------

Evaluate global model
Averaged Train Loss: 0.3347
Averaged Test Accuracy: 0.9148
Averaged Test AUC: 0.6938
Averaged Test Precision: 0.8385
Averaged Test Recall: 0.9148
Averaged Test F1-Score: 0.8746
Std Test Accuracy: 0.0416
Std Test AUC: 0.0463
------------------------- time cost ------------------------- 6.313363313674927
------------------------- time cost ------------------------- 5.448134660720825
------------------------- time cost ------------------------- 5.5840959548950195
------------------------- time cost ------------------------- 5.5699622631073
------------------------- time cost ------------------------- 5.661059617996216
------------------------- time cost ------------------------- 5.490761041641235
------------------------- time cost ------------------------- 5.37768816947937
------------------------- time cost ------------------------- 5.450627326965332
------------------------- time cost ------------------------- 5.411630630493164
------------------------- time cost ------------------------- 5.339026927947998

-------------Round number: 50-------------

Evaluate global model
Averaged Train Loss: 0.3371
Averaged Test Accuracy: 0.9148
Averaged Test AUC: 0.7269
Averaged Test Precision: 0.8385
Averaged Test Recall: 0.9148
Averaged Test F1-Score: 0.8746
Std Test Accuracy: 0.0416
Std Test AUC: 0.0556
------------------------- time cost ------------------------- 6.228372097015381
------------------------- time cost ------------------------- 5.4671947956085205
------------------------- time cost ------------------------- 5.395264387130737
------------------------- time cost ------------------------- 5.5110297203063965
------------------------- time cost ------------------------- 5.49760103225708
------------------------- time cost ------------------------- 5.403571367263794
------------------------- time cost ------------------------- 5.631436586380005
------------------------- time cost ------------------------- 5.3705878257751465
------------------------- time cost ------------------------- 5.466084718704224
------------------------- time cost ------------------------- 5.404818534851074

-------------Round number: 60-------------

Evaluate global model
Averaged Train Loss: 0.3359
Averaged Test Accuracy: 0.9148
Averaged Test AUC: 0.7558
Averaged Test Precision: 0.8385
Averaged Test Recall: 0.9148
Averaged Test F1-Score: 0.8746
Std Test Accuracy: 0.0416
Std Test AUC: 0.0551
------------------------- time cost ------------------------- 6.2190842628479
------------------------- time cost ------------------------- 5.455288887023926
------------------------- time cost ------------------------- 5.438777923583984
------------------------- time cost ------------------------- 5.383806943893433
------------------------- time cost ------------------------- 5.5502400398254395
------------------------- time cost ------------------------- 5.421404123306274
------------------------- time cost ------------------------- 5.5924694538116455
------------------------- time cost ------------------------- 5.544479131698608
------------------------- time cost ------------------------- 5.547964096069336
------------------------- time cost ------------------------- 5.379176616668701

-------------Round number: 70-------------

Evaluate global model
Averaged Train Loss: 0.3380
Averaged Test Accuracy: 0.9148
Averaged Test AUC: 0.7683
Averaged Test Precision: 0.8385
Averaged Test Recall: 0.9148
Averaged Test F1-Score: 0.8746
Std Test Accuracy: 0.0416
Std Test AUC: 0.0633
------------------------- time cost ------------------------- 6.238186597824097
------------------------- time cost ------------------------- 5.47302770614624
------------------------- time cost ------------------------- 5.592488527297974
------------------------- time cost ------------------------- 5.4862048625946045
------------------------- time cost ------------------------- 5.400569915771484
------------------------- time cost ------------------------- 5.412269115447998
------------------------- time cost ------------------------- 5.5149641036987305
------------------------- time cost ------------------------- 5.478816986083984
------------------------- time cost ------------------------- 5.6071062088012695
------------------------- time cost ------------------------- 5.373961925506592

-------------Round number: 80-------------

Evaluate global model
Averaged Train Loss: 0.3368
Averaged Test Accuracy: 0.9148
Averaged Test AUC: 0.7920
Averaged Test Precision: 0.8385
Averaged Test Recall: 0.9148
Averaged Test F1-Score: 0.8746
Std Test Accuracy: 0.0416
Std Test AUC: 0.0657
------------------------- time cost ------------------------- 6.227731704711914
------------------------- time cost ------------------------- 5.530416488647461
------------------------- time cost ------------------------- 5.657942533493042
------------------------- time cost ------------------------- 5.548917055130005
------------------------- time cost ------------------------- 5.419719696044922
------------------------- time cost ------------------------- 5.534050464630127
------------------------- time cost ------------------------- 5.391347408294678
------------------------- time cost ------------------------- 5.439281225204468
------------------------- time cost ------------------------- 5.536551237106323
------------------------- time cost ------------------------- 5.626065969467163

-------------Round number: 90-------------

Evaluate global model
Averaged Train Loss: 0.3392
Averaged Test Accuracy: 0.9148
Averaged Test AUC: 0.7989
Averaged Test Precision: 0.8385
Averaged Test Recall: 0.9148
Averaged Test F1-Score: 0.8746
Std Test Accuracy: 0.0416
Std Test AUC: 0.0549
------------------------- time cost ------------------------- 6.3106749057769775
------------------------- time cost ------------------------- 5.427781343460083
------------------------- time cost ------------------------- 5.1774187088012695
------------------------- time cost ------------------------- 5.3699891567230225
------------------------- time cost ------------------------- 5.695011138916016
------------------------- time cost ------------------------- 5.291012525558472
------------------------- time cost ------------------------- 5.775017499923706
------------------------- time cost ------------------------- 5.357440948486328
------------------------- time cost ------------------------- 5.4119789600372314
------------------------- time cost ------------------------- 5.454388618469238

-------------Round number: 100-------------

Evaluate global model
Averaged Train Loss: 0.3357
Averaged Test Accuracy: 0.9148
Averaged Test AUC: 0.8140
Averaged Test Precision: 0.8385
Averaged Test Recall: 0.9148
Averaged Test F1-Score: 0.8746
Std Test Accuracy: 0.0416
Std Test AUC: 0.0618
------------------------- time cost ------------------------- 6.375162601470947

Best accuracy.
0.9147651006711409

Average time cost per round.
5.54914137840271
File path: results/Xinwang_FedAvg_test/Xinwang_FedAvg_test_0.h5
Training process CSV file path: results/Xinwang_FedAvg_test/Xinwang_FedAvg_test_0_training_process.csv
Training process data saved to: results/Xinwang_FedAvg_test/Xinwang_FedAvg_test_0_training_process.csv

平均训练时间: 562.72秒
