实验: Xinwang_quantity_skew_minmax_TrimmedMean_run1
物理GPU ID: 1
CUDA_VISIBLE_DEVICES: 1
时间: 2026-01-25 02:13:13
命令: /miniconda3/bin/python flcore/main.py -data Xinwang -algo FedAvg -nc 10 -gr 100 -ls 5 -lbs 64 -lr 0.01 -eg 10 -t 1 --heterogeneity quantity_skew --enable_attack True --attack_mode minmax --malicious_ratio 0.3 --defense_mode trimmed_mean --use_tlbo False --tlbo_iterations 10 --use_autoencoder False --use_committee False
工作目录: /root/DecisionSupportSystem-FedACT/system

[GPU] 使用环境变量指定的GPU: CUDA_VISIBLE_DEVICES=1
============================================================
实验配置:
============================================================
  goal: test
  device: cuda
  device_id: 0
  dataset: Xinwang
  heterogeneity: quantity_skew
  model: auto
  num_classes: 2
  batch_size: 64
  local_learning_rate: 0.01
  global_rounds: 100
  local_epochs: 5
  algorithm: FedAvg
  num_clients: 10
  join_ratio: 1.0
  random_join_ratio: False
  prev: 0
  times: 1
  eval_gap: 10
  save_folder_name: results
  learning_rate_decay: False
  learning_rate_decay_gamma: 0.99
  few_shot: 0
  time_select: False
  time_threthold: 10000
  top_cnt: 100
  auto_break: False
  client_drop_rate: 0.0
  train_slow_rate: 0.0
  send_slow_rate: 0.0
  dlg_eval: False
  dlg_gap: 100
  batch_num_per_client: 2
  num_new_clients: 0
  fine_tuning_epoch_new: 0
  mu: 0.01
  beta: 0.0
  lamda: 1.0
  tau: 1.0
  plocal_epochs: 1
  server_learning_rate: 1.0
  enable_attack: True
  attack_mode: minmax
  malicious_ratio: 0.3
  attack_scale: 3.0
  defense_mode: trimmed_mean
  use_autoencoder: False
  autoencoder_latent_dim: 64
  autoencoder_epochs: 20
  committee_size: 5
  vote_threshold: 0.5
  anomaly_threshold: 0.5
  anomaly_lower_coef: 0.7
  anomaly_upper_coef: 1.5
  use_committee: False
  tlbo_iterations: 10
  use_tlbo: False
  use_merkle: True
  use_incentive: True
============================================================

============= 第 1 次实验 =============
正在初始化服务器和客户端...
数据集: Xinwang, 特征维度: 38
模型参数量: 921,634

Join ratio / total clients: 1.0 / 10
Finished creating server and clients.

-------------Round number: 0-------------

Evaluate global model
Averaged Train Loss: 0.5754
Averaged Test Accuracy: 0.8826
Averaged Test AUC: 0.5676
Averaged Test Precision: 0.8560
Averaged Test Recall: 0.8826
Averaged Test F1-Score: 0.8646
Std Test Accuracy: 0.0776
Std Test AUC: 0.1101
------------------------- time cost ------------------------- 6.38842511177063
------------------------- time cost ------------------------- 5.275670528411865
------------------------- time cost ------------------------- 5.120117425918579
------------------------- time cost ------------------------- 5.249250888824463
------------------------- time cost ------------------------- 5.361566066741943
------------------------- time cost ------------------------- 5.506689071655273
------------------------- time cost ------------------------- 5.524165868759155
------------------------- time cost ------------------------- 5.691778182983398
------------------------- time cost ------------------------- 5.263873815536499
------------------------- time cost ------------------------- 5.283125400543213

-------------Round number: 10-------------

Evaluate global model
Averaged Train Loss: 0.3477
Averaged Test Accuracy: 0.9148
Averaged Test AUC: 0.5603
Averaged Test Precision: 0.8385
Averaged Test Recall: 0.9148
Averaged Test F1-Score: 0.8746
Std Test Accuracy: 0.0416
Std Test AUC: 0.1338
------------------------- time cost ------------------------- 6.131079435348511
------------------------- time cost ------------------------- 5.322203874588013
------------------------- time cost ------------------------- 5.310202121734619
------------------------- time cost ------------------------- 5.255918979644775
------------------------- time cost ------------------------- 5.226792335510254
------------------------- time cost ------------------------- 5.293740749359131
------------------------- time cost ------------------------- 5.336315870285034
------------------------- time cost ------------------------- 5.482618093490601
------------------------- time cost ------------------------- 5.481261968612671
------------------------- time cost ------------------------- 5.2751617431640625

-------------Round number: 20-------------

Evaluate global model
Averaged Train Loss: 0.3377
Averaged Test Accuracy: 0.9148
Averaged Test AUC: 0.5915
Averaged Test Precision: 0.8385
Averaged Test Recall: 0.9148
Averaged Test F1-Score: 0.8746
Std Test Accuracy: 0.0416
Std Test AUC: 0.0935
------------------------- time cost ------------------------- 6.392291784286499
------------------------- time cost ------------------------- 5.369958162307739
------------------------- time cost ------------------------- 5.448649644851685
------------------------- time cost ------------------------- 5.342000961303711
------------------------- time cost ------------------------- 5.290027856826782
------------------------- time cost ------------------------- 5.344646453857422
------------------------- time cost ------------------------- 5.222211837768555
------------------------- time cost ------------------------- 5.45318078994751
------------------------- time cost ------------------------- 5.480828523635864
------------------------- time cost ------------------------- 5.261356830596924

-------------Round number: 30-------------

Evaluate global model
Averaged Train Loss: 0.3353
Averaged Test Accuracy: 0.9148
Averaged Test AUC: 0.6628
Averaged Test Precision: 0.8385
Averaged Test Recall: 0.9148
Averaged Test F1-Score: 0.8746
Std Test Accuracy: 0.0416
Std Test AUC: 0.0590
------------------------- time cost ------------------------- 6.0669965744018555
------------------------- time cost ------------------------- 5.4429731369018555
------------------------- time cost ------------------------- 5.499648809432983
------------------------- time cost ------------------------- 5.391725301742554
------------------------- time cost ------------------------- 5.337543964385986
------------------------- time cost ------------------------- 5.321111679077148
------------------------- time cost ------------------------- 5.371881484985352
------------------------- time cost ------------------------- 5.340795993804932
------------------------- time cost ------------------------- 5.4686784744262695
------------------------- time cost ------------------------- 5.510761976242065

-------------Round number: 40-------------

Evaluate global model
Averaged Train Loss: 0.3355
Averaged Test Accuracy: 0.9148
Averaged Test AUC: 0.6952
Averaged Test Precision: 0.8385
Averaged Test Recall: 0.9148
Averaged Test F1-Score: 0.8746
Std Test Accuracy: 0.0416
Std Test AUC: 0.0448
------------------------- time cost ------------------------- 6.033308506011963
------------------------- time cost ------------------------- 5.40819525718689
------------------------- time cost ------------------------- 5.348285436630249
------------------------- time cost ------------------------- 5.377553462982178
------------------------- time cost ------------------------- 5.330653190612793
------------------------- time cost ------------------------- 5.374472618103027
------------------------- time cost ------------------------- 5.370133876800537
------------------------- time cost ------------------------- 5.250750541687012
------------------------- time cost ------------------------- 5.498714923858643
------------------------- time cost ------------------------- 5.405706882476807

-------------Round number: 50-------------

Evaluate global model
Averaged Train Loss: 0.3370
Averaged Test Accuracy: 0.9148
Averaged Test AUC: 0.7267
Averaged Test Precision: 0.8385
Averaged Test Recall: 0.9148
Averaged Test F1-Score: 0.8746
Std Test Accuracy: 0.0416
Std Test AUC: 0.0567
------------------------- time cost ------------------------- 6.096173286437988
------------------------- time cost ------------------------- 5.357025861740112
------------------------- time cost ------------------------- 5.323538064956665
------------------------- time cost ------------------------- 5.422961711883545
------------------------- time cost ------------------------- 5.340062379837036
------------------------- time cost ------------------------- 5.316939830780029
------------------------- time cost ------------------------- 5.459286212921143
------------------------- time cost ------------------------- 5.326993703842163
------------------------- time cost ------------------------- 5.569023370742798
------------------------- time cost ------------------------- 5.410589933395386

-------------Round number: 60-------------

Evaluate global model
Averaged Train Loss: 0.3383
Averaged Test Accuracy: 0.9148
Averaged Test AUC: 0.7595
Averaged Test Precision: 0.8385
Averaged Test Recall: 0.9148
Averaged Test F1-Score: 0.8746
Std Test Accuracy: 0.0416
Std Test AUC: 0.0604
------------------------- time cost ------------------------- 6.231541872024536
------------------------- time cost ------------------------- 5.310062885284424
------------------------- time cost ------------------------- 5.363863945007324
------------------------- time cost ------------------------- 5.40259861946106
------------------------- time cost ------------------------- 5.291371583938599
------------------------- time cost ------------------------- 5.293220281600952
------------------------- time cost ------------------------- 5.4288411140441895
------------------------- time cost ------------------------- 5.277439832687378
------------------------- time cost ------------------------- 5.423945665359497
------------------------- time cost ------------------------- 5.3832848072052

-------------Round number: 70-------------

Evaluate global model
Averaged Train Loss: 0.3377
Averaged Test Accuracy: 0.9148
Averaged Test AUC: 0.7715
Averaged Test Precision: 0.8385
Averaged Test Recall: 0.9148
Averaged Test F1-Score: 0.8746
Std Test Accuracy: 0.0416
Std Test AUC: 0.0623
------------------------- time cost ------------------------- 6.1500163078308105
------------------------- time cost ------------------------- 5.459576845169067
------------------------- time cost ------------------------- 5.412522077560425
------------------------- time cost ------------------------- 5.498517036437988
------------------------- time cost ------------------------- 5.396935224533081
------------------------- time cost ------------------------- 5.384917974472046
------------------------- time cost ------------------------- 5.294743776321411
------------------------- time cost ------------------------- 5.31562352180481
------------------------- time cost ------------------------- 5.4397804737091064
------------------------- time cost ------------------------- 5.496987819671631

-------------Round number: 80-------------

Evaluate global model
Averaged Train Loss: 0.3384
Averaged Test Accuracy: 0.9148
Averaged Test AUC: 0.7912
Averaged Test Precision: 0.8385
Averaged Test Recall: 0.9148
Averaged Test F1-Score: 0.8746
Std Test Accuracy: 0.0416
Std Test AUC: 0.0707
------------------------- time cost ------------------------- 6.063495397567749
------------------------- time cost ------------------------- 5.367222309112549
------------------------- time cost ------------------------- 5.4500274658203125
------------------------- time cost ------------------------- 5.5551841259002686
------------------------- time cost ------------------------- 5.463756322860718
------------------------- time cost ------------------------- 5.302076816558838
------------------------- time cost ------------------------- 5.296220779418945
------------------------- time cost ------------------------- 5.236417055130005
------------------------- time cost ------------------------- 5.408386945724487
------------------------- time cost ------------------------- 5.45406436920166

-------------Round number: 90-------------

Evaluate global model
Averaged Train Loss: 0.3363
Averaged Test Accuracy: 0.9148
Averaged Test AUC: 0.8086
Averaged Test Precision: 0.8385
Averaged Test Recall: 0.9148
Averaged Test F1-Score: 0.8746
Std Test Accuracy: 0.0416
Std Test AUC: 0.0700
------------------------- time cost ------------------------- 6.041604518890381
------------------------- time cost ------------------------- 5.442784309387207
------------------------- time cost ------------------------- 5.141633749008179
------------------------- time cost ------------------------- 5.035184621810913
------------------------- time cost ------------------------- 5.05063533782959
------------------------- time cost ------------------------- 5.324682235717773
------------------------- time cost ------------------------- 5.329682350158691
------------------------- time cost ------------------------- 5.363993167877197
------------------------- time cost ------------------------- 5.565145015716553
------------------------- time cost ------------------------- 5.504425287246704

-------------Round number: 100-------------

Evaluate global model
Averaged Train Loss: 0.3365
Averaged Test Accuracy: 0.9148
Averaged Test AUC: 0.8241
Averaged Test Precision: 0.8385
Averaged Test Recall: 0.9148
Averaged Test F1-Score: 0.8746
Std Test Accuracy: 0.0416
Std Test AUC: 0.0631
------------------------- time cost ------------------------- 6.532658338546753

Best accuracy.
0.9147651006711409

Average time cost per round.
5.449542438983917
File path: results/Xinwang_FedAvg_test/Xinwang_FedAvg_test_0.h5
Training process CSV file path: results/Xinwang_FedAvg_test/Xinwang_FedAvg_test_0_training_process.csv
Training process data saved to: results/Xinwang_FedAvg_test/Xinwang_FedAvg_test_0_training_process.csv

平均训练时间: 553.04秒
