实验: Xinwang_quantity_skew_gaussian_Median_run1
物理GPU ID: 0
CUDA_VISIBLE_DEVICES: 0
时间: 2026-01-25 01:54:34
命令: /miniconda3/bin/python flcore/main.py -data Xinwang -algo FedAvg -nc 10 -gr 100 -ls 5 -lbs 64 -lr 0.01 -eg 10 -t 1 --heterogeneity quantity_skew --enable_attack True --attack_mode gaussian --malicious_ratio 0.3 --defense_mode median --use_tlbo False --tlbo_iterations 10 --use_autoencoder False --use_committee False
工作目录: /root/DecisionSupportSystem-FedACT/system

[GPU] 使用环境变量指定的GPU: CUDA_VISIBLE_DEVICES=0
============================================================
实验配置:
============================================================
  goal: test
  device: cuda
  device_id: 0
  dataset: Xinwang
  heterogeneity: quantity_skew
  model: auto
  num_classes: 2
  batch_size: 64
  local_learning_rate: 0.01
  global_rounds: 100
  local_epochs: 5
  algorithm: FedAvg
  num_clients: 10
  join_ratio: 1.0
  random_join_ratio: False
  prev: 0
  times: 1
  eval_gap: 10
  save_folder_name: results
  learning_rate_decay: False
  learning_rate_decay_gamma: 0.99
  few_shot: 0
  time_select: False
  time_threthold: 10000
  top_cnt: 100
  auto_break: False
  client_drop_rate: 0.0
  train_slow_rate: 0.0
  send_slow_rate: 0.0
  dlg_eval: False
  dlg_gap: 100
  batch_num_per_client: 2
  num_new_clients: 0
  fine_tuning_epoch_new: 0
  mu: 0.01
  beta: 0.0
  lamda: 1.0
  tau: 1.0
  plocal_epochs: 1
  server_learning_rate: 1.0
  enable_attack: True
  attack_mode: gaussian
  malicious_ratio: 0.3
  attack_scale: 3.0
  defense_mode: median
  use_autoencoder: False
  autoencoder_latent_dim: 64
  autoencoder_epochs: 20
  committee_size: 5
  vote_threshold: 0.5
  anomaly_threshold: 0.5
  anomaly_lower_coef: 0.7
  anomaly_upper_coef: 1.5
  use_committee: False
  tlbo_iterations: 10
  use_tlbo: False
  use_merkle: True
  use_incentive: True
============================================================

============= 第 1 次实验 =============
正在初始化服务器和客户端...
数据集: Xinwang, 特征维度: 38
模型参数量: 921,634

Join ratio / total clients: 1.0 / 10
Finished creating server and clients.

-------------Round number: 0-------------

Evaluate global model
Averaged Train Loss: 0.5754
Averaged Test Accuracy: 0.8826
Averaged Test AUC: 0.5676
Averaged Test Precision: 0.8560
Averaged Test Recall: 0.8826
Averaged Test F1-Score: 0.8646
Std Test Accuracy: 0.0776
Std Test AUC: 0.1101
------------------------- time cost ------------------------- 7.0557520389556885
------------------------- time cost ------------------------- 5.559063673019409
------------------------- time cost ------------------------- 5.545539379119873
------------------------- time cost ------------------------- 5.584064245223999
------------------------- time cost ------------------------- 5.457213401794434
------------------------- time cost ------------------------- 5.560191631317139
------------------------- time cost ------------------------- 5.595263481140137
------------------------- time cost ------------------------- 5.344047546386719
------------------------- time cost ------------------------- 5.4035563468933105
------------------------- time cost ------------------------- 5.587346076965332

-------------Round number: 10-------------

Evaluate global model
Averaged Train Loss: 0.3492
Averaged Test Accuracy: 0.9148
Averaged Test AUC: 0.5555
Averaged Test Precision: 0.8385
Averaged Test Recall: 0.9148
Averaged Test F1-Score: 0.8746
Std Test Accuracy: 0.0416
Std Test AUC: 0.1159
------------------------- time cost ------------------------- 6.462052822113037
------------------------- time cost ------------------------- 5.862885236740112
------------------------- time cost ------------------------- 5.575556039810181
------------------------- time cost ------------------------- 5.539058685302734
------------------------- time cost ------------------------- 5.398871898651123
------------------------- time cost ------------------------- 5.537631034851074
------------------------- time cost ------------------------- 5.597477674484253
------------------------- time cost ------------------------- 5.581762790679932
------------------------- time cost ------------------------- 5.653492450714111
------------------------- time cost ------------------------- 5.619054794311523

-------------Round number: 20-------------

Evaluate global model
Averaged Train Loss: 0.3375
Averaged Test Accuracy: 0.9148
Averaged Test AUC: 0.6043
Averaged Test Precision: 0.8385
Averaged Test Recall: 0.9148
Averaged Test F1-Score: 0.8746
Std Test Accuracy: 0.0416
Std Test AUC: 0.1016
------------------------- time cost ------------------------- 6.5755615234375
------------------------- time cost ------------------------- 5.519038200378418
------------------------- time cost ------------------------- 5.615141153335571
------------------------- time cost ------------------------- 5.499919414520264
------------------------- time cost ------------------------- 5.416884899139404
------------------------- time cost ------------------------- 5.53951358795166
------------------------- time cost ------------------------- 5.483545303344727
------------------------- time cost ------------------------- 5.628278970718384
------------------------- time cost ------------------------- 5.598814249038696
------------------------- time cost ------------------------- 5.563767671585083

-------------Round number: 30-------------

Evaluate global model
Averaged Train Loss: 0.3341
Averaged Test Accuracy: 0.9148
Averaged Test AUC: 0.6455
Averaged Test Precision: 0.8385
Averaged Test Recall: 0.9148
Averaged Test F1-Score: 0.8746
Std Test Accuracy: 0.0416
Std Test AUC: 0.0721
------------------------- time cost ------------------------- 6.347691059112549
------------------------- time cost ------------------------- 5.608835458755493
------------------------- time cost ------------------------- 5.5669310092926025
------------------------- time cost ------------------------- 5.587630748748779
------------------------- time cost ------------------------- 5.417598009109497
------------------------- time cost ------------------------- 5.4771223068237305
------------------------- time cost ------------------------- 5.6454548835754395
------------------------- time cost ------------------------- 5.562021970748901
------------------------- time cost ------------------------- 5.527514696121216
------------------------- time cost ------------------------- 5.7324206829071045

-------------Round number: 40-------------

Evaluate global model
Averaged Train Loss: 0.3339
Averaged Test Accuracy: 0.9148
Averaged Test AUC: 0.6985
Averaged Test Precision: 0.8385
Averaged Test Recall: 0.9148
Averaged Test F1-Score: 0.8746
Std Test Accuracy: 0.0416
Std Test AUC: 0.0516
------------------------- time cost ------------------------- 6.38434362411499
------------------------- time cost ------------------------- 5.546770811080933
------------------------- time cost ------------------------- 5.4947638511657715
------------------------- time cost ------------------------- 5.529409646987915
------------------------- time cost ------------------------- 5.422915935516357
------------------------- time cost ------------------------- 5.5949132442474365
------------------------- time cost ------------------------- 5.577724933624268
------------------------- time cost ------------------------- 5.567765712738037
------------------------- time cost ------------------------- 5.457799673080444
------------------------- time cost ------------------------- 5.5892720222473145

-------------Round number: 50-------------

Evaluate global model
Averaged Train Loss: 0.3375
Averaged Test Accuracy: 0.9148
Averaged Test AUC: 0.7394
Averaged Test Precision: 0.8385
Averaged Test Recall: 0.9148
Averaged Test F1-Score: 0.8746
Std Test Accuracy: 0.0416
Std Test AUC: 0.0674
------------------------- time cost ------------------------- 6.427235126495361
------------------------- time cost ------------------------- 5.629538297653198
------------------------- time cost ------------------------- 5.525827884674072
------------------------- time cost ------------------------- 5.507826566696167
------------------------- time cost ------------------------- 5.438746452331543
------------------------- time cost ------------------------- 5.503414869308472
------------------------- time cost ------------------------- 5.636960506439209
------------------------- time cost ------------------------- 5.59492826461792
------------------------- time cost ------------------------- 5.5365118980407715
------------------------- time cost ------------------------- 5.5085320472717285

-------------Round number: 60-------------

Evaluate global model
Averaged Train Loss: 0.3361
Averaged Test Accuracy: 0.9148
Averaged Test AUC: 0.7513
Averaged Test Precision: 0.8385
Averaged Test Recall: 0.9148
Averaged Test F1-Score: 0.8746
Std Test Accuracy: 0.0416
Std Test AUC: 0.0603
------------------------- time cost ------------------------- 6.524561166763306
------------------------- time cost ------------------------- 5.625522136688232
------------------------- time cost ------------------------- 5.585542917251587
------------------------- time cost ------------------------- 5.522023916244507
------------------------- time cost ------------------------- 5.3781492710113525
------------------------- time cost ------------------------- 5.507629632949829
------------------------- time cost ------------------------- 5.511681318283081
------------------------- time cost ------------------------- 5.5324342250823975
------------------------- time cost ------------------------- 5.466750860214233
------------------------- time cost ------------------------- 5.491889953613281

-------------Round number: 70-------------

Evaluate global model
Averaged Train Loss: 0.3383
Averaged Test Accuracy: 0.9148
Averaged Test AUC: 0.7791
Averaged Test Precision: 0.8385
Averaged Test Recall: 0.9148
Averaged Test F1-Score: 0.8746
Std Test Accuracy: 0.0416
Std Test AUC: 0.0738
------------------------- time cost ------------------------- 6.390575408935547
------------------------- time cost ------------------------- 5.719791412353516
------------------------- time cost ------------------------- 5.4652369022369385
------------------------- time cost ------------------------- 5.519299268722534
------------------------- time cost ------------------------- 5.478265762329102
------------------------- time cost ------------------------- 5.437270402908325
------------------------- time cost ------------------------- 5.400317430496216
------------------------- time cost ------------------------- 5.67142391204834
------------------------- time cost ------------------------- 5.571139097213745
------------------------- time cost ------------------------- 5.628297567367554

-------------Round number: 80-------------

Evaluate global model
Averaged Train Loss: 0.3377
Averaged Test Accuracy: 0.9148
Averaged Test AUC: 0.7890
Averaged Test Precision: 0.8385
Averaged Test Recall: 0.9148
Averaged Test F1-Score: 0.8746
Std Test Accuracy: 0.0416
Std Test AUC: 0.0664
------------------------- time cost ------------------------- 6.410233020782471
------------------------- time cost ------------------------- 5.523740530014038
------------------------- time cost ------------------------- 5.525094509124756
------------------------- time cost ------------------------- 5.6690123081207275
------------------------- time cost ------------------------- 5.46069073677063
------------------------- time cost ------------------------- 5.62404465675354
------------------------- time cost ------------------------- 5.532610654830933
------------------------- time cost ------------------------- 5.567920684814453
------------------------- time cost ------------------------- 5.545888423919678
------------------------- time cost ------------------------- 5.607164621353149

-------------Round number: 90-------------

Evaluate global model
Averaged Train Loss: 0.3359
Averaged Test Accuracy: 0.9148
Averaged Test AUC: 0.8057
Averaged Test Precision: 0.8385
Averaged Test Recall: 0.9148
Averaged Test F1-Score: 0.8746
Std Test Accuracy: 0.0416
Std Test AUC: 0.0727
------------------------- time cost ------------------------- 6.460611343383789
------------------------- time cost ------------------------- 5.526865720748901
------------------------- time cost ------------------------- 5.736602544784546
------------------------- time cost ------------------------- 5.605031728744507
------------------------- time cost ------------------------- 5.490571737289429
------------------------- time cost ------------------------- 5.561237573623657
------------------------- time cost ------------------------- 5.522581577301025
------------------------- time cost ------------------------- 5.637840032577515
------------------------- time cost ------------------------- 5.778753042221069
------------------------- time cost ------------------------- 5.847475528717041

-------------Round number: 100-------------

Evaluate global model
Averaged Train Loss: 0.3328
Averaged Test Accuracy: 0.9148
Averaged Test AUC: 0.8170
Averaged Test Precision: 0.8385
Averaged Test Recall: 0.9148
Averaged Test F1-Score: 0.8746
Std Test Accuracy: 0.0416
Std Test AUC: 0.0652
------------------------- time cost ------------------------- 6.586472272872925

Best accuracy.
0.9147651006711409

Average time cost per round.
5.6450126218795775
File path: results/Xinwang_FedAvg_test/Xinwang_FedAvg_test_0.h5
Training process CSV file path: results/Xinwang_FedAvg_test/Xinwang_FedAvg_test_0_training_process.csv
Training process data saved to: results/Xinwang_FedAvg_test/Xinwang_FedAvg_test_0_training_process.csv

平均训练时间: 572.98秒
