实验: Xinwang_quantity_skew_collision_RFA_run1
物理GPU ID: 0
CUDA_VISIBLE_DEVICES: 0
时间: 2026-01-25 02:32:23
命令: /miniconda3/bin/python flcore/main.py -data Xinwang -algo FedAvg -nc 10 -gr 100 -ls 5 -lbs 64 -lr 0.01 -eg 10 -t 1 --heterogeneity quantity_skew --enable_attack True --attack_mode collision --malicious_ratio 0.3 --defense_mode rfa --use_tlbo False --tlbo_iterations 10 --use_autoencoder False --use_committee False
工作目录: /root/DecisionSupportSystem-FedACT/system

[GPU] 使用环境变量指定的GPU: CUDA_VISIBLE_DEVICES=0
============================================================
实验配置:
============================================================
  goal: test
  device: cuda
  device_id: 0
  dataset: Xinwang
  heterogeneity: quantity_skew
  model: auto
  num_classes: 2
  batch_size: 64
  local_learning_rate: 0.01
  global_rounds: 100
  local_epochs: 5
  algorithm: FedAvg
  num_clients: 10
  join_ratio: 1.0
  random_join_ratio: False
  prev: 0
  times: 1
  eval_gap: 10
  save_folder_name: results
  learning_rate_decay: False
  learning_rate_decay_gamma: 0.99
  few_shot: 0
  time_select: False
  time_threthold: 10000
  top_cnt: 100
  auto_break: False
  client_drop_rate: 0.0
  train_slow_rate: 0.0
  send_slow_rate: 0.0
  dlg_eval: False
  dlg_gap: 100
  batch_num_per_client: 2
  num_new_clients: 0
  fine_tuning_epoch_new: 0
  mu: 0.01
  beta: 0.0
  lamda: 1.0
  tau: 1.0
  plocal_epochs: 1
  server_learning_rate: 1.0
  enable_attack: True
  attack_mode: collision
  malicious_ratio: 0.3
  attack_scale: 3.0
  defense_mode: rfa
  use_autoencoder: False
  autoencoder_latent_dim: 64
  autoencoder_epochs: 20
  committee_size: 5
  vote_threshold: 0.5
  anomaly_threshold: 0.5
  anomaly_lower_coef: 0.7
  anomaly_upper_coef: 1.5
  use_committee: False
  tlbo_iterations: 10
  use_tlbo: False
  use_merkle: True
  use_incentive: True
============================================================

============= 第 1 次实验 =============
正在初始化服务器和客户端...
数据集: Xinwang, 特征维度: 38
模型参数量: 921,634

Join ratio / total clients: 1.0 / 10
Finished creating server and clients.

-------------Round number: 0-------------

Evaluate global model
Averaged Train Loss: 0.5754
Averaged Test Accuracy: 0.8826
Averaged Test AUC: 0.5676
Averaged Test Precision: 0.8560
Averaged Test Recall: 0.8826
Averaged Test F1-Score: 0.8646
Std Test Accuracy: 0.0776
Std Test AUC: 0.1101
------------------------- time cost ------------------------- 6.466825246810913
------------------------- time cost ------------------------- 5.456948518753052
------------------------- time cost ------------------------- 5.382582902908325
------------------------- time cost ------------------------- 5.595397472381592
------------------------- time cost ------------------------- 5.453322649002075
------------------------- time cost ------------------------- 5.549585819244385
------------------------- time cost ------------------------- 5.469131708145142
------------------------- time cost ------------------------- 5.082424879074097
------------------------- time cost ------------------------- 5.501075029373169
------------------------- time cost ------------------------- 5.388170003890991

-------------Round number: 10-------------

Evaluate global model
Averaged Train Loss: 0.3496
Averaged Test Accuracy: 0.9148
Averaged Test AUC: 0.5734
Averaged Test Precision: 0.8385
Averaged Test Recall: 0.9148
Averaged Test F1-Score: 0.8746
Std Test Accuracy: 0.0416
Std Test AUC: 0.1133
------------------------- time cost ------------------------- 6.366130828857422
------------------------- time cost ------------------------- 5.6047608852386475
------------------------- time cost ------------------------- 5.351640701293945
------------------------- time cost ------------------------- 5.508293390274048
------------------------- time cost ------------------------- 5.443749189376831
------------------------- time cost ------------------------- 5.4146928787231445
------------------------- time cost ------------------------- 5.531288146972656
------------------------- time cost ------------------------- 5.652980804443359
------------------------- time cost ------------------------- 5.471888065338135
------------------------- time cost ------------------------- 5.432845830917358

-------------Round number: 20-------------

Evaluate global model
Averaged Train Loss: 0.3401
Averaged Test Accuracy: 0.9148
Averaged Test AUC: 0.6164
Averaged Test Precision: 0.8385
Averaged Test Recall: 0.9148
Averaged Test F1-Score: 0.8746
Std Test Accuracy: 0.0416
Std Test AUC: 0.0963
------------------------- time cost ------------------------- 6.309605836868286
------------------------- time cost ------------------------- 5.475467681884766
------------------------- time cost ------------------------- 5.430776596069336
------------------------- time cost ------------------------- 5.401370286941528
------------------------- time cost ------------------------- 5.392896413803101
------------------------- time cost ------------------------- 5.376762866973877
------------------------- time cost ------------------------- 5.513073444366455
------------------------- time cost ------------------------- 5.582398176193237
------------------------- time cost ------------------------- 5.546297311782837
------------------------- time cost ------------------------- 5.5517566204071045

-------------Round number: 30-------------

Evaluate global model
Averaged Train Loss: 0.3381
Averaged Test Accuracy: 0.9148
Averaged Test AUC: 0.6454
Averaged Test Precision: 0.8385
Averaged Test Recall: 0.9148
Averaged Test F1-Score: 0.8746
Std Test Accuracy: 0.0416
Std Test AUC: 0.0696
------------------------- time cost ------------------------- 6.320148468017578
------------------------- time cost ------------------------- 5.41757607460022
------------------------- time cost ------------------------- 5.3528430461883545
------------------------- time cost ------------------------- 5.406328439712524
------------------------- time cost ------------------------- 5.379771709442139
------------------------- time cost ------------------------- 5.397797584533691
------------------------- time cost ------------------------- 5.4150214195251465
------------------------- time cost ------------------------- 5.509554386138916
------------------------- time cost ------------------------- 5.507338523864746
------------------------- time cost ------------------------- 5.52777624130249

-------------Round number: 40-------------

Evaluate global model
Averaged Train Loss: 0.3395
Averaged Test Accuracy: 0.9148
Averaged Test AUC: 0.7042
Averaged Test Precision: 0.8385
Averaged Test Recall: 0.9148
Averaged Test F1-Score: 0.8746
Std Test Accuracy: 0.0416
Std Test AUC: 0.0577
------------------------- time cost ------------------------- 6.367764234542847
------------------------- time cost ------------------------- 5.402300834655762
------------------------- time cost ------------------------- 5.435913801193237
------------------------- time cost ------------------------- 5.439742565155029
------------------------- time cost ------------------------- 5.396242380142212
------------------------- time cost ------------------------- 5.416871786117554
------------------------- time cost ------------------------- 5.496262788772583
------------------------- time cost ------------------------- 5.432201862335205
------------------------- time cost ------------------------- 5.547243356704712
------------------------- time cost ------------------------- 5.390157699584961

-------------Round number: 50-------------

Evaluate global model
Averaged Train Loss: 0.3392
Averaged Test Accuracy: 0.9148
Averaged Test AUC: 0.7286
Averaged Test Precision: 0.8385
Averaged Test Recall: 0.9148
Averaged Test F1-Score: 0.8746
Std Test Accuracy: 0.0416
Std Test AUC: 0.0597
------------------------- time cost ------------------------- 6.302016258239746
------------------------- time cost ------------------------- 5.365054368972778
------------------------- time cost ------------------------- 5.309487819671631
------------------------- time cost ------------------------- 5.4197728633880615
------------------------- time cost ------------------------- 5.382174015045166
------------------------- time cost ------------------------- 5.580548048019409
------------------------- time cost ------------------------- 5.497807025909424
------------------------- time cost ------------------------- 5.465652704238892
------------------------- time cost ------------------------- 5.593552589416504
------------------------- time cost ------------------------- 5.438717603683472

-------------Round number: 60-------------

Evaluate global model
Averaged Train Loss: 0.3373
Averaged Test Accuracy: 0.9148
Averaged Test AUC: 0.7581
Averaged Test Precision: 0.8385
Averaged Test Recall: 0.9148
Averaged Test F1-Score: 0.8746
Std Test Accuracy: 0.0416
Std Test AUC: 0.0636
------------------------- time cost ------------------------- 6.239254951477051
------------------------- time cost ------------------------- 5.4059154987335205
------------------------- time cost ------------------------- 5.329623460769653
------------------------- time cost ------------------------- 5.45750880241394
------------------------- time cost ------------------------- 5.386895179748535
------------------------- time cost ------------------------- 5.496815919876099
------------------------- time cost ------------------------- 5.520706415176392
------------------------- time cost ------------------------- 5.489136695861816
------------------------- time cost ------------------------- 5.61364221572876
------------------------- time cost ------------------------- 5.45251727104187

-------------Round number: 70-------------

Evaluate global model
Averaged Train Loss: 0.3417
Averaged Test Accuracy: 0.9148
Averaged Test AUC: 0.7711
Averaged Test Precision: 0.8385
Averaged Test Recall: 0.9148
Averaged Test F1-Score: 0.8746
Std Test Accuracy: 0.0416
Std Test AUC: 0.0627
------------------------- time cost ------------------------- 6.282514333724976
------------------------- time cost ------------------------- 5.391714096069336
------------------------- time cost ------------------------- 5.397339344024658
------------------------- time cost ------------------------- 5.424408435821533
------------------------- time cost ------------------------- 5.373012065887451
------------------------- time cost ------------------------- 5.594501256942749
------------------------- time cost ------------------------- 5.371046543121338
------------------------- time cost ------------------------- 5.427620887756348
------------------------- time cost ------------------------- 5.610866069793701
------------------------- time cost ------------------------- 5.433117389678955

-------------Round number: 80-------------

Evaluate global model
Averaged Train Loss: 0.3383
Averaged Test Accuracy: 0.9148
Averaged Test AUC: 0.7913
Averaged Test Precision: 0.8385
Averaged Test Recall: 0.9148
Averaged Test F1-Score: 0.8746
Std Test Accuracy: 0.0416
Std Test AUC: 0.0737
------------------------- time cost ------------------------- 6.272578239440918
------------------------- time cost ------------------------- 5.345227003097534
------------------------- time cost ------------------------- 5.446158170700073
------------------------- time cost ------------------------- 5.477549314498901
------------------------- time cost ------------------------- 5.46685004234314
------------------------- time cost ------------------------- 5.48008394241333
------------------------- time cost ------------------------- 5.408968448638916
------------------------- time cost ------------------------- 5.438928127288818
------------------------- time cost ------------------------- 5.263860702514648
------------------------- time cost ------------------------- 5.341351747512817

-------------Round number: 90-------------

Evaluate global model
Averaged Train Loss: 0.3383
Averaged Test Accuracy: 0.9148
Averaged Test AUC: 0.8040
Averaged Test Precision: 0.8385
Averaged Test Recall: 0.9148
Averaged Test F1-Score: 0.8746
Std Test Accuracy: 0.0416
Std Test AUC: 0.0673
------------------------- time cost ------------------------- 6.507198333740234
------------------------- time cost ------------------------- 5.470776319503784
------------------------- time cost ------------------------- 5.382549047470093
------------------------- time cost ------------------------- 5.40984320640564
------------------------- time cost ------------------------- 5.405249834060669
------------------------- time cost ------------------------- 5.478400707244873
------------------------- time cost ------------------------- 5.49178671836853
------------------------- time cost ------------------------- 5.595530986785889
------------------------- time cost ------------------------- 5.542845726013184
------------------------- time cost ------------------------- 5.659871816635132

-------------Round number: 100-------------

Evaluate global model
Averaged Train Loss: 0.3387
Averaged Test Accuracy: 0.9148
Averaged Test AUC: 0.8178
Averaged Test Precision: 0.8385
Averaged Test Recall: 0.9148
Averaged Test F1-Score: 0.8746
Std Test Accuracy: 0.0416
Std Test AUC: 0.0627
------------------------- time cost ------------------------- 6.543191432952881

Best accuracy.
0.9147651006711409

Average time cost per round.
5.542779121398926
File path: results/Xinwang_FedAvg_test/Xinwang_FedAvg_test_0.h5
Training process CSV file path: results/Xinwang_FedAvg_test/Xinwang_FedAvg_test_0_training_process.csv
Training process data saved to: results/Xinwang_FedAvg_test/Xinwang_FedAvg_test_0_training_process.csv

平均训练时间: 562.17秒
