实验: Xinwang_iid_little_Median_run1
物理GPU ID: 4
CUDA_VISIBLE_DEVICES: 4
时间: 2026-01-25 00:29:27
命令: /miniconda3/bin/python flcore/main.py -data Xinwang -algo FedAvg -nc 10 -gr 100 -ls 5 -lbs 64 -lr 0.01 -eg 10 -t 1 --heterogeneity iid --enable_attack True --attack_mode little --malicious_ratio 0.3 --defense_mode median --use_tlbo False --tlbo_iterations 10 --use_autoencoder False --use_committee False
工作目录: /root/DecisionSupportSystem-FedACT/system

[GPU] 使用环境变量指定的GPU: CUDA_VISIBLE_DEVICES=4
============================================================
实验配置:
============================================================
  goal: test
  device: cuda
  device_id: 0
  dataset: Xinwang
  heterogeneity: iid
  model: auto
  num_classes: 2
  batch_size: 64
  local_learning_rate: 0.01
  global_rounds: 100
  local_epochs: 5
  algorithm: FedAvg
  num_clients: 10
  join_ratio: 1.0
  random_join_ratio: False
  prev: 0
  times: 1
  eval_gap: 10
  save_folder_name: results
  learning_rate_decay: False
  learning_rate_decay_gamma: 0.99
  few_shot: 0
  time_select: False
  time_threthold: 10000
  top_cnt: 100
  auto_break: False
  client_drop_rate: 0.0
  train_slow_rate: 0.0
  send_slow_rate: 0.0
  dlg_eval: False
  dlg_gap: 100
  batch_num_per_client: 2
  num_new_clients: 0
  fine_tuning_epoch_new: 0
  mu: 0.01
  beta: 0.0
  lamda: 1.0
  tau: 1.0
  plocal_epochs: 1
  server_learning_rate: 1.0
  enable_attack: True
  attack_mode: little
  malicious_ratio: 0.3
  attack_scale: 3.0
  defense_mode: median
  use_autoencoder: False
  autoencoder_latent_dim: 64
  autoencoder_epochs: 20
  committee_size: 5
  vote_threshold: 0.5
  anomaly_threshold: 0.5
  anomaly_lower_coef: 0.7
  anomaly_upper_coef: 1.5
  use_committee: False
  tlbo_iterations: 10
  use_tlbo: False
  use_merkle: True
  use_incentive: True
============================================================

============= 第 1 次实验 =============
正在初始化服务器和客户端...
数据集: Xinwang, 特征维度: 38
模型参数量: 921,634

Join ratio / total clients: 1.0 / 10
Finished creating server and clients.

-------------Round number: 0-------------

Evaluate global model
Averaged Train Loss: 0.5754
Averaged Test Accuracy: 0.8826
Averaged Test AUC: 0.5676
Averaged Test Precision: 0.8560
Averaged Test Recall: 0.8826
Averaged Test F1-Score: 0.8646
Std Test Accuracy: 0.0776
Std Test AUC: 0.1101
------------------------- time cost ------------------------- 5.872300148010254
------------------------- time cost ------------------------- 5.050360918045044
------------------------- time cost ------------------------- 5.1387224197387695
------------------------- time cost ------------------------- 5.05919623374939
------------------------- time cost ------------------------- 5.181032657623291
------------------------- time cost ------------------------- 5.365769624710083
------------------------- time cost ------------------------- 5.413175344467163
------------------------- time cost ------------------------- 4.989370822906494
------------------------- time cost ------------------------- 4.866779565811157
------------------------- time cost ------------------------- 5.107954978942871

-------------Round number: 10-------------

Evaluate global model
Averaged Train Loss: 0.3473
Averaged Test Accuracy: 0.9148
Averaged Test AUC: 0.5765
Averaged Test Precision: 0.8385
Averaged Test Recall: 0.9148
Averaged Test F1-Score: 0.8746
Std Test Accuracy: 0.0416
Std Test AUC: 0.1545
------------------------- time cost ------------------------- 5.71066951751709
------------------------- time cost ------------------------- 5.119461297988892
------------------------- time cost ------------------------- 4.957247257232666
------------------------- time cost ------------------------- 4.875566244125366
------------------------- time cost ------------------------- 5.0651164054870605
------------------------- time cost ------------------------- 5.200191259384155
------------------------- time cost ------------------------- 4.990122079849243
------------------------- time cost ------------------------- 4.953145503997803
------------------------- time cost ------------------------- 5.043382883071899
------------------------- time cost ------------------------- 5.258848428726196

-------------Round number: 20-------------

Evaluate global model
Averaged Train Loss: 0.3384
Averaged Test Accuracy: 0.9148
Averaged Test AUC: 0.6169
Averaged Test Precision: 0.8385
Averaged Test Recall: 0.9148
Averaged Test F1-Score: 0.8746
Std Test Accuracy: 0.0416
Std Test AUC: 0.1020
------------------------- time cost ------------------------- 6.2055439949035645
------------------------- time cost ------------------------- 5.428772449493408
------------------------- time cost ------------------------- 5.4374473094940186
------------------------- time cost ------------------------- 5.393314599990845
------------------------- time cost ------------------------- 5.488997220993042
------------------------- time cost ------------------------- 5.565454006195068
------------------------- time cost ------------------------- 5.375541687011719
------------------------- time cost ------------------------- 5.303837299346924
------------------------- time cost ------------------------- 5.335684537887573
------------------------- time cost ------------------------- 5.484845161437988

-------------Round number: 30-------------

Evaluate global model
Averaged Train Loss: 0.3345
Averaged Test Accuracy: 0.9148
Averaged Test AUC: 0.6630
Averaged Test Precision: 0.8385
Averaged Test Recall: 0.9148
Averaged Test F1-Score: 0.8746
Std Test Accuracy: 0.0416
Std Test AUC: 0.0655
------------------------- time cost ------------------------- 6.126254320144653
------------------------- time cost ------------------------- 5.382286310195923
------------------------- time cost ------------------------- 5.404110670089722
------------------------- time cost ------------------------- 5.400312185287476
------------------------- time cost ------------------------- 5.303879499435425
------------------------- time cost ------------------------- 5.4268951416015625
------------------------- time cost ------------------------- 5.454357385635376
------------------------- time cost ------------------------- 5.358502149581909
------------------------- time cost ------------------------- 5.406806230545044
------------------------- time cost ------------------------- 5.5115039348602295

-------------Round number: 40-------------

Evaluate global model
Averaged Train Loss: 0.3329
Averaged Test Accuracy: 0.9148
Averaged Test AUC: 0.7065
Averaged Test Precision: 0.8385
Averaged Test Recall: 0.9148
Averaged Test F1-Score: 0.8746
Std Test Accuracy: 0.0416
Std Test AUC: 0.0599
------------------------- time cost ------------------------- 6.17458438873291
------------------------- time cost ------------------------- 5.425784111022949
------------------------- time cost ------------------------- 5.358239412307739
------------------------- time cost ------------------------- 5.343510866165161
------------------------- time cost ------------------------- 5.36492133140564
------------------------- time cost ------------------------- 5.4092347621917725
------------------------- time cost ------------------------- 5.367551565170288
------------------------- time cost ------------------------- 5.359051465988159
------------------------- time cost ------------------------- 5.353100776672363
------------------------- time cost ------------------------- 5.389419078826904

-------------Round number: 50-------------

Evaluate global model
Averaged Train Loss: 0.3372
Averaged Test Accuracy: 0.9148
Averaged Test AUC: 0.7294
Averaged Test Precision: 0.8385
Averaged Test Recall: 0.9148
Averaged Test F1-Score: 0.8746
Std Test Accuracy: 0.0416
Std Test AUC: 0.0576
------------------------- time cost ------------------------- 6.300152063369751
------------------------- time cost ------------------------- 5.365498065948486
------------------------- time cost ------------------------- 5.517581939697266
------------------------- time cost ------------------------- 5.325993061065674
------------------------- time cost ------------------------- 5.342184543609619
------------------------- time cost ------------------------- 5.378942012786865
------------------------- time cost ------------------------- 5.482764005661011
------------------------- time cost ------------------------- 5.366286754608154
------------------------- time cost ------------------------- 5.288289785385132
------------------------- time cost ------------------------- 5.271456241607666

-------------Round number: 60-------------

Evaluate global model
Averaged Train Loss: 0.3346
Averaged Test Accuracy: 0.9148
Averaged Test AUC: 0.7466
Averaged Test Precision: 0.8385
Averaged Test Recall: 0.9148
Averaged Test F1-Score: 0.8746
Std Test Accuracy: 0.0416
Std Test AUC: 0.0588
------------------------- time cost ------------------------- 6.303460121154785
------------------------- time cost ------------------------- 5.373393535614014
------------------------- time cost ------------------------- 5.544328212738037
------------------------- time cost ------------------------- 5.275652885437012
------------------------- time cost ------------------------- 5.346570730209351
------------------------- time cost ------------------------- 5.385774374008179
------------------------- time cost ------------------------- 5.4404027462005615
------------------------- time cost ------------------------- 5.425305604934692
------------------------- time cost ------------------------- 5.240630865097046
------------------------- time cost ------------------------- 5.36739182472229

-------------Round number: 70-------------

Evaluate global model
Averaged Train Loss: 0.3361
Averaged Test Accuracy: 0.9148
Averaged Test AUC: 0.7759
Averaged Test Precision: 0.8385
Averaged Test Recall: 0.9148
Averaged Test F1-Score: 0.8746
Std Test Accuracy: 0.0416
Std Test AUC: 0.0703
------------------------- time cost ------------------------- 6.166070461273193
------------------------- time cost ------------------------- 5.5060083866119385
------------------------- time cost ------------------------- 5.470844984054565
------------------------- time cost ------------------------- 5.403155326843262
------------------------- time cost ------------------------- 5.490189552307129
------------------------- time cost ------------------------- 5.533287525177002
------------------------- time cost ------------------------- 5.391291856765747
------------------------- time cost ------------------------- 5.555257797241211
------------------------- time cost ------------------------- 5.286602735519409
------------------------- time cost ------------------------- 5.454974174499512

-------------Round number: 80-------------

Evaluate global model
Averaged Train Loss: 0.3349
Averaged Test Accuracy: 0.9148
Averaged Test AUC: 0.7901
Averaged Test Precision: 0.8385
Averaged Test Recall: 0.9148
Averaged Test F1-Score: 0.8746
Std Test Accuracy: 0.0416
Std Test AUC: 0.0717
------------------------- time cost ------------------------- 6.13220477104187
------------------------- time cost ------------------------- 5.295264005661011
------------------------- time cost ------------------------- 5.343602657318115
------------------------- time cost ------------------------- 5.538979530334473
------------------------- time cost ------------------------- 5.446494817733765
------------------------- time cost ------------------------- 5.465518951416016
------------------------- time cost ------------------------- 5.495421409606934
------------------------- time cost ------------------------- 5.48783278465271
------------------------- time cost ------------------------- 5.285723924636841
------------------------- time cost ------------------------- 5.496216058731079

-------------Round number: 90-------------

Evaluate global model
Averaged Train Loss: 0.3354
Averaged Test Accuracy: 0.9148
Averaged Test AUC: 0.8009
Averaged Test Precision: 0.8385
Averaged Test Recall: 0.9148
Averaged Test F1-Score: 0.8746
Std Test Accuracy: 0.0416
Std Test AUC: 0.0616
------------------------- time cost ------------------------- 6.128117799758911
------------------------- time cost ------------------------- 5.434059381484985
------------------------- time cost ------------------------- 5.407137632369995
------------------------- time cost ------------------------- 5.4525697231292725
------------------------- time cost ------------------------- 5.390096187591553
------------------------- time cost ------------------------- 5.4680328369140625
------------------------- time cost ------------------------- 5.491307735443115
------------------------- time cost ------------------------- 5.29799485206604
------------------------- time cost ------------------------- 5.131167888641357
------------------------- time cost ------------------------- 5.3202714920043945

-------------Round number: 100-------------

Evaluate global model
Averaged Train Loss: 0.3314
Averaged Test Accuracy: 0.9148
Averaged Test AUC: 0.8198
Averaged Test Precision: 0.8385
Averaged Test Recall: 0.9148
Averaged Test F1-Score: 0.8746
Std Test Accuracy: 0.0416
Std Test AUC: 0.0642
------------------------- time cost ------------------------- 5.9544312953948975

Best accuracy.
0.9147651006711409

Average time cost per round.
5.417480452060699
File path: results/Xinwang_FedAvg_test/Xinwang_FedAvg_test_0.h5
Training process CSV file path: results/Xinwang_FedAvg_test/Xinwang_FedAvg_test_0_training_process.csv
Training process data saved to: results/Xinwang_FedAvg_test/Xinwang_FedAvg_test_0_training_process.csv

平均训练时间: 549.0秒
