实验: Xinwang_iid_collision_RFA_run1
物理GPU ID: 3
CUDA_VISIBLE_DEVICES: 3
时间: 2026-01-25 00:59:26
命令: /miniconda3/bin/python flcore/main.py -data Xinwang -algo FedAvg -nc 10 -gr 100 -ls 5 -lbs 64 -lr 0.01 -eg 10 -t 1 --heterogeneity iid --enable_attack True --attack_mode collision --malicious_ratio 0.3 --defense_mode rfa --use_tlbo False --tlbo_iterations 10 --use_autoencoder False --use_committee False
工作目录: /root/DecisionSupportSystem-FedACT/system

[GPU] 使用环境变量指定的GPU: CUDA_VISIBLE_DEVICES=3
============================================================
实验配置:
============================================================
  goal: test
  device: cuda
  device_id: 0
  dataset: Xinwang
  heterogeneity: iid
  model: auto
  num_classes: 2
  batch_size: 64
  local_learning_rate: 0.01
  global_rounds: 100
  local_epochs: 5
  algorithm: FedAvg
  num_clients: 10
  join_ratio: 1.0
  random_join_ratio: False
  prev: 0
  times: 1
  eval_gap: 10
  save_folder_name: results
  learning_rate_decay: False
  learning_rate_decay_gamma: 0.99
  few_shot: 0
  time_select: False
  time_threthold: 10000
  top_cnt: 100
  auto_break: False
  client_drop_rate: 0.0
  train_slow_rate: 0.0
  send_slow_rate: 0.0
  dlg_eval: False
  dlg_gap: 100
  batch_num_per_client: 2
  num_new_clients: 0
  fine_tuning_epoch_new: 0
  mu: 0.01
  beta: 0.0
  lamda: 1.0
  tau: 1.0
  plocal_epochs: 1
  server_learning_rate: 1.0
  enable_attack: True
  attack_mode: collision
  malicious_ratio: 0.3
  attack_scale: 3.0
  defense_mode: rfa
  use_autoencoder: False
  autoencoder_latent_dim: 64
  autoencoder_epochs: 20
  committee_size: 5
  vote_threshold: 0.5
  anomaly_threshold: 0.5
  anomaly_lower_coef: 0.7
  anomaly_upper_coef: 1.5
  use_committee: False
  tlbo_iterations: 10
  use_tlbo: False
  use_merkle: True
  use_incentive: True
============================================================

============= 第 1 次实验 =============
正在初始化服务器和客户端...
数据集: Xinwang, 特征维度: 38
模型参数量: 921,634

Join ratio / total clients: 1.0 / 10
Finished creating server and clients.

-------------Round number: 0-------------

Evaluate global model
Averaged Train Loss: 0.5754
Averaged Test Accuracy: 0.8826
Averaged Test AUC: 0.5676
Averaged Test Precision: 0.8560
Averaged Test Recall: 0.8826
Averaged Test F1-Score: 0.8646
Std Test Accuracy: 0.0776
Std Test AUC: 0.1101
------------------------- time cost ------------------------- 6.384857177734375
------------------------- time cost ------------------------- 5.608228921890259
------------------------- time cost ------------------------- 5.396254062652588
------------------------- time cost ------------------------- 5.356966733932495
------------------------- time cost ------------------------- 5.551798582077026
------------------------- time cost ------------------------- 5.435227632522583
------------------------- time cost ------------------------- 5.515700340270996
------------------------- time cost ------------------------- 5.449666500091553
------------------------- time cost ------------------------- 5.661101579666138
------------------------- time cost ------------------------- 5.561861276626587

-------------Round number: 10-------------

Evaluate global model
Averaged Train Loss: 0.3447
Averaged Test Accuracy: 0.9148
Averaged Test AUC: 0.5675
Averaged Test Precision: 0.8385
Averaged Test Recall: 0.9148
Averaged Test F1-Score: 0.8746
Std Test Accuracy: 0.0416
Std Test AUC: 0.1504
------------------------- time cost ------------------------- 6.323243618011475
------------------------- time cost ------------------------- 5.754248857498169
------------------------- time cost ------------------------- 5.535610914230347
------------------------- time cost ------------------------- 5.519629001617432
------------------------- time cost ------------------------- 5.484671592712402
------------------------- time cost ------------------------- 5.428142547607422
------------------------- time cost ------------------------- 5.346800088882446
------------------------- time cost ------------------------- 5.4188313484191895
------------------------- time cost ------------------------- 5.6703879833221436
------------------------- time cost ------------------------- 5.480441093444824

-------------Round number: 20-------------

Evaluate global model
Averaged Train Loss: 0.3352
Averaged Test Accuracy: 0.9148
Averaged Test AUC: 0.5997
Averaged Test Precision: 0.8385
Averaged Test Recall: 0.9148
Averaged Test F1-Score: 0.8746
Std Test Accuracy: 0.0416
Std Test AUC: 0.1067
------------------------- time cost ------------------------- 6.2586774826049805
------------------------- time cost ------------------------- 5.591131687164307
------------------------- time cost ------------------------- 5.409037113189697
------------------------- time cost ------------------------- 5.44868803024292
------------------------- time cost ------------------------- 5.506481409072876
------------------------- time cost ------------------------- 5.404191017150879
------------------------- time cost ------------------------- 5.42308783531189
------------------------- time cost ------------------------- 5.411749601364136
------------------------- time cost ------------------------- 5.527691602706909
------------------------- time cost ------------------------- 5.503873825073242

-------------Round number: 30-------------

Evaluate global model
Averaged Train Loss: 0.3345
Averaged Test Accuracy: 0.9148
Averaged Test AUC: 0.6435
Averaged Test Precision: 0.8385
Averaged Test Recall: 0.9148
Averaged Test F1-Score: 0.8746
Std Test Accuracy: 0.0416
Std Test AUC: 0.0617
------------------------- time cost ------------------------- 6.254886627197266
------------------------- time cost ------------------------- 5.670306205749512
------------------------- time cost ------------------------- 5.527980089187622
------------------------- time cost ------------------------- 5.591057062149048
------------------------- time cost ------------------------- 5.412245512008667
------------------------- time cost ------------------------- 5.4678850173950195
------------------------- time cost ------------------------- 5.424089670181274
------------------------- time cost ------------------------- 5.466820955276489
------------------------- time cost ------------------------- 5.5221641063690186
------------------------- time cost ------------------------- 5.613316535949707

-------------Round number: 40-------------

Evaluate global model
Averaged Train Loss: 0.3364
Averaged Test Accuracy: 0.9148
Averaged Test AUC: 0.7001
Averaged Test Precision: 0.8385
Averaged Test Recall: 0.9148
Averaged Test F1-Score: 0.8746
Std Test Accuracy: 0.0416
Std Test AUC: 0.0473
------------------------- time cost ------------------------- 6.227524518966675
------------------------- time cost ------------------------- 5.512627601623535
------------------------- time cost ------------------------- 5.485532999038696
------------------------- time cost ------------------------- 5.643040657043457
------------------------- time cost ------------------------- 5.501047134399414
------------------------- time cost ------------------------- 5.482707500457764
------------------------- time cost ------------------------- 5.4269750118255615
------------------------- time cost ------------------------- 5.510260581970215
------------------------- time cost ------------------------- 5.402935266494751
------------------------- time cost ------------------------- 5.561779499053955

-------------Round number: 50-------------

Evaluate global model
Averaged Train Loss: 0.3373
Averaged Test Accuracy: 0.9148
Averaged Test AUC: 0.7191
Averaged Test Precision: 0.8385
Averaged Test Recall: 0.9148
Averaged Test F1-Score: 0.8746
Std Test Accuracy: 0.0416
Std Test AUC: 0.0412
------------------------- time cost ------------------------- 6.208603620529175
------------------------- time cost ------------------------- 5.437311172485352
------------------------- time cost ------------------------- 5.5418031215667725
------------------------- time cost ------------------------- 5.524585485458374
------------------------- time cost ------------------------- 5.369731903076172
------------------------- time cost ------------------------- 5.325613498687744
------------------------- time cost ------------------------- 5.63429069519043
------------------------- time cost ------------------------- 5.579578161239624
------------------------- time cost ------------------------- 5.48713493347168
------------------------- time cost ------------------------- 5.594362497329712

-------------Round number: 60-------------

Evaluate global model
Averaged Train Loss: 0.3350
Averaged Test Accuracy: 0.9148
Averaged Test AUC: 0.7439
Averaged Test Precision: 0.8385
Averaged Test Recall: 0.9148
Averaged Test F1-Score: 0.8746
Std Test Accuracy: 0.0416
Std Test AUC: 0.0533
------------------------- time cost ------------------------- 6.204453229904175
------------------------- time cost ------------------------- 5.556529521942139
------------------------- time cost ------------------------- 5.508086442947388
------------------------- time cost ------------------------- 5.4685704708099365
------------------------- time cost ------------------------- 5.521036148071289
------------------------- time cost ------------------------- 5.430493593215942
------------------------- time cost ------------------------- 5.348013877868652
------------------------- time cost ------------------------- 5.540285110473633
------------------------- time cost ------------------------- 5.527083396911621
------------------------- time cost ------------------------- 5.583494663238525

-------------Round number: 70-------------

Evaluate global model
Averaged Train Loss: 0.3368
Averaged Test Accuracy: 0.9148
Averaged Test AUC: 0.7736
Averaged Test Precision: 0.8385
Averaged Test Recall: 0.9148
Averaged Test F1-Score: 0.8746
Std Test Accuracy: 0.0416
Std Test AUC: 0.0702
------------------------- time cost ------------------------- 6.40544319152832
------------------------- time cost ------------------------- 5.405418872833252
------------------------- time cost ------------------------- 5.459024906158447
------------------------- time cost ------------------------- 5.416001081466675
------------------------- time cost ------------------------- 5.381751537322998
------------------------- time cost ------------------------- 5.533145189285278
------------------------- time cost ------------------------- 5.374893665313721
------------------------- time cost ------------------------- 5.458783388137817
------------------------- time cost ------------------------- 5.3777015209198
------------------------- time cost ------------------------- 5.457319021224976

-------------Round number: 80-------------

Evaluate global model
Averaged Train Loss: 0.3369
Averaged Test Accuracy: 0.9148
Averaged Test AUC: 0.7848
Averaged Test Precision: 0.8385
Averaged Test Recall: 0.9148
Averaged Test F1-Score: 0.8746
Std Test Accuracy: 0.0416
Std Test AUC: 0.0710
------------------------- time cost ------------------------- 6.18091082572937
------------------------- time cost ------------------------- 5.452800273895264
------------------------- time cost ------------------------- 5.52867865562439
------------------------- time cost ------------------------- 5.413142204284668
------------------------- time cost ------------------------- 5.456940412521362
------------------------- time cost ------------------------- 5.47793436050415
------------------------- time cost ------------------------- 5.384873390197754
------------------------- time cost ------------------------- 5.544697999954224
------------------------- time cost ------------------------- 5.335453987121582
------------------------- time cost ------------------------- 5.373951196670532

-------------Round number: 90-------------

Evaluate global model
Averaged Train Loss: 0.3359
Averaged Test Accuracy: 0.9148
Averaged Test AUC: 0.7993
Averaged Test Precision: 0.8385
Averaged Test Recall: 0.9148
Averaged Test F1-Score: 0.8746
Std Test Accuracy: 0.0416
Std Test AUC: 0.0597
------------------------- time cost ------------------------- 6.263263702392578
------------------------- time cost ------------------------- 5.420072555541992
------------------------- time cost ------------------------- 5.398720741271973
------------------------- time cost ------------------------- 5.513712406158447
------------------------- time cost ------------------------- 5.549835920333862
------------------------- time cost ------------------------- 5.397848129272461
------------------------- time cost ------------------------- 5.6127753257751465
------------------------- time cost ------------------------- 5.458857774734497
------------------------- time cost ------------------------- 5.3795530796051025
------------------------- time cost ------------------------- 5.4490156173706055

-------------Round number: 100-------------

Evaluate global model
Averaged Train Loss: 0.3332
Averaged Test Accuracy: 0.9148
Averaged Test AUC: 0.8084
Averaged Test Precision: 0.8385
Averaged Test Recall: 0.9148
Averaged Test F1-Score: 0.8746
Std Test Accuracy: 0.0416
Std Test AUC: 0.0543
------------------------- time cost ------------------------- 6.534185409545898

Best accuracy.
0.9147651006711409

Average time cost per round.
5.564763727188111
File path: results/Xinwang_FedAvg_test/Xinwang_FedAvg_test_0.h5
Training process CSV file path: results/Xinwang_FedAvg_test/Xinwang_FedAvg_test_0_training_process.csv
Training process data saved to: results/Xinwang_FedAvg_test/Xinwang_FedAvg_test_0_training_process.csv

平均训练时间: 564.31秒
