实验: Xinwang_feature_skew_sign_flip_None_run1
物理GPU ID: 2
CUDA_VISIBLE_DEVICES: 2
时间: 2026-01-25 02:32:40
命令: /miniconda3/bin/python flcore/main.py -data Xinwang -algo FedAvg -nc 10 -gr 100 -ls 5 -lbs 64 -lr 0.01 -eg 10 -t 1 --heterogeneity feature_skew --enable_attack True --attack_mode sign_flip --malicious_ratio 0.3 --defense_mode none --use_tlbo False --tlbo_iterations 10 --use_autoencoder False --use_committee False
工作目录: /root/DecisionSupportSystem-FedACT/system

[GPU] 使用环境变量指定的GPU: CUDA_VISIBLE_DEVICES=2
============================================================
实验配置:
============================================================
  goal: test
  device: cuda
  device_id: 0
  dataset: Xinwang
  heterogeneity: feature_skew
  model: auto
  num_classes: 2
  batch_size: 64
  local_learning_rate: 0.01
  global_rounds: 100
  local_epochs: 5
  algorithm: FedAvg
  num_clients: 10
  join_ratio: 1.0
  random_join_ratio: False
  prev: 0
  times: 1
  eval_gap: 10
  save_folder_name: results
  learning_rate_decay: False
  learning_rate_decay_gamma: 0.99
  few_shot: 0
  time_select: False
  time_threthold: 10000
  top_cnt: 100
  auto_break: False
  client_drop_rate: 0.0
  train_slow_rate: 0.0
  send_slow_rate: 0.0
  dlg_eval: False
  dlg_gap: 100
  batch_num_per_client: 2
  num_new_clients: 0
  fine_tuning_epoch_new: 0
  mu: 0.01
  beta: 0.0
  lamda: 1.0
  tau: 1.0
  plocal_epochs: 1
  server_learning_rate: 1.0
  enable_attack: True
  attack_mode: sign_flip
  malicious_ratio: 0.3
  attack_scale: 3.0
  defense_mode: none
  use_autoencoder: False
  autoencoder_latent_dim: 64
  autoencoder_epochs: 20
  committee_size: 5
  vote_threshold: 0.5
  anomaly_threshold: 0.5
  anomaly_lower_coef: 0.7
  anomaly_upper_coef: 1.5
  use_committee: False
  tlbo_iterations: 10
  use_tlbo: False
  use_merkle: True
  use_incentive: True
============================================================

============= 第 1 次实验 =============
正在初始化服务器和客户端...
数据集: Xinwang, 特征维度: 38
模型参数量: 921,634

Join ratio / total clients: 1.0 / 10
Finished creating server and clients.

-------------Round number: 0-------------

Evaluate global model
Averaged Train Loss: 0.5754
Averaged Test Accuracy: 0.8826
Averaged Test AUC: 0.5676
Averaged Test Precision: 0.8560
Averaged Test Recall: 0.8826
Averaged Test F1-Score: 0.8646
Std Test Accuracy: 0.0776
Std Test AUC: 0.1101
------------------------- time cost ------------------------- 6.464310169219971
------------------------- time cost ------------------------- 5.64639949798584
------------------------- time cost ------------------------- 5.45407247543335
------------------------- time cost ------------------------- 5.477569580078125
------------------------- time cost ------------------------- 5.677319288253784
------------------------- time cost ------------------------- 5.348094940185547
------------------------- time cost ------------------------- 5.349478483200073
------------------------- time cost ------------------------- 5.265911817550659
------------------------- time cost ------------------------- 5.386774063110352
------------------------- time cost ------------------------- 5.416029453277588

-------------Round number: 10-------------

Evaluate global model
Averaged Train Loss: 0.3473
Averaged Test Accuracy: 0.9148
Averaged Test AUC: 0.5641
Averaged Test Precision: 0.8385
Averaged Test Recall: 0.9148
Averaged Test F1-Score: 0.8746
Std Test Accuracy: 0.0416
Std Test AUC: 0.1458
------------------------- time cost ------------------------- 6.2669360637664795
------------------------- time cost ------------------------- 5.508291006088257
------------------------- time cost ------------------------- 5.213552474975586
------------------------- time cost ------------------------- 5.356557846069336
------------------------- time cost ------------------------- 5.565986394882202
------------------------- time cost ------------------------- 5.49924635887146
------------------------- time cost ------------------------- 5.557691335678101
------------------------- time cost ------------------------- 5.417792797088623
------------------------- time cost ------------------------- 5.275046110153198
------------------------- time cost ------------------------- 5.3984010219573975

-------------Round number: 20-------------

Evaluate global model
Averaged Train Loss: 0.3387
Averaged Test Accuracy: 0.9148
Averaged Test AUC: 0.6069
Averaged Test Precision: 0.8385
Averaged Test Recall: 0.9148
Averaged Test F1-Score: 0.8746
Std Test Accuracy: 0.0416
Std Test AUC: 0.1115
------------------------- time cost ------------------------- 6.180308818817139
------------------------- time cost ------------------------- 5.416646957397461
------------------------- time cost ------------------------- 5.368791818618774
------------------------- time cost ------------------------- 5.248290538787842
------------------------- time cost ------------------------- 5.55452036857605
------------------------- time cost ------------------------- 5.316948890686035
------------------------- time cost ------------------------- 5.491931438446045
------------------------- time cost ------------------------- 5.380450487136841
------------------------- time cost ------------------------- 5.414818048477173
------------------------- time cost ------------------------- 5.3589372634887695

-------------Round number: 30-------------

Evaluate global model
Averaged Train Loss: 0.3350
Averaged Test Accuracy: 0.9148
Averaged Test AUC: 0.6351
Averaged Test Precision: 0.8385
Averaged Test Recall: 0.9148
Averaged Test F1-Score: 0.8746
Std Test Accuracy: 0.0416
Std Test AUC: 0.0700
------------------------- time cost ------------------------- 6.0790674686431885
------------------------- time cost ------------------------- 5.423502206802368
------------------------- time cost ------------------------- 5.330457925796509
------------------------- time cost ------------------------- 5.477369546890259
------------------------- time cost ------------------------- 5.563985109329224
------------------------- time cost ------------------------- 5.457499027252197
------------------------- time cost ------------------------- 5.573716878890991
------------------------- time cost ------------------------- 5.443868160247803
------------------------- time cost ------------------------- 5.372070550918579
------------------------- time cost ------------------------- 5.517959117889404

-------------Round number: 40-------------

Evaluate global model
Averaged Train Loss: 0.3367
Averaged Test Accuracy: 0.9148
Averaged Test AUC: 0.6913
Averaged Test Precision: 0.8385
Averaged Test Recall: 0.9148
Averaged Test F1-Score: 0.8746
Std Test Accuracy: 0.0416
Std Test AUC: 0.0478
------------------------- time cost ------------------------- 6.115901470184326
------------------------- time cost ------------------------- 5.476175785064697
------------------------- time cost ------------------------- 5.3098530769348145
------------------------- time cost ------------------------- 5.433728218078613
------------------------- time cost ------------------------- 5.459619045257568
------------------------- time cost ------------------------- 5.547985076904297
------------------------- time cost ------------------------- 5.495271444320679
------------------------- time cost ------------------------- 5.320451498031616
------------------------- time cost ------------------------- 5.357033014297485
------------------------- time cost ------------------------- 5.3262269496917725

-------------Round number: 50-------------

Evaluate global model
Averaged Train Loss: 0.3368
Averaged Test Accuracy: 0.9148
Averaged Test AUC: 0.7274
Averaged Test Precision: 0.8385
Averaged Test Recall: 0.9148
Averaged Test F1-Score: 0.8746
Std Test Accuracy: 0.0416
Std Test AUC: 0.0544
------------------------- time cost ------------------------- 6.218607187271118
------------------------- time cost ------------------------- 5.454682350158691
------------------------- time cost ------------------------- 5.364538192749023
------------------------- time cost ------------------------- 5.351314067840576
------------------------- time cost ------------------------- 5.596078395843506
------------------------- time cost ------------------------- 5.544095516204834
------------------------- time cost ------------------------- 5.58017897605896
------------------------- time cost ------------------------- 5.34552001953125
------------------------- time cost ------------------------- 5.365031003952026
------------------------- time cost ------------------------- 5.290892124176025

-------------Round number: 60-------------

Evaluate global model
Averaged Train Loss: 0.3342
Averaged Test Accuracy: 0.9148
Averaged Test AUC: 0.7518
Averaged Test Precision: 0.8385
Averaged Test Recall: 0.9148
Averaged Test F1-Score: 0.8746
Std Test Accuracy: 0.0416
Std Test AUC: 0.0541
------------------------- time cost ------------------------- 6.2038795948028564
------------------------- time cost ------------------------- 5.357295989990234
------------------------- time cost ------------------------- 5.360642910003662
------------------------- time cost ------------------------- 5.392545938491821
------------------------- time cost ------------------------- 5.441289186477661
------------------------- time cost ------------------------- 5.3946473598480225
------------------------- time cost ------------------------- 5.500973463058472
------------------------- time cost ------------------------- 5.289874076843262
------------------------- time cost ------------------------- 5.335696220397949
------------------------- time cost ------------------------- 5.332423210144043

-------------Round number: 70-------------

Evaluate global model
Averaged Train Loss: 0.3372
Averaged Test Accuracy: 0.9148
Averaged Test AUC: 0.7739
Averaged Test Precision: 0.8385
Averaged Test Recall: 0.9148
Averaged Test F1-Score: 0.8746
Std Test Accuracy: 0.0416
Std Test AUC: 0.0609
------------------------- time cost ------------------------- 6.137835741043091
------------------------- time cost ------------------------- 5.375229835510254
------------------------- time cost ------------------------- 5.43551778793335
------------------------- time cost ------------------------- 5.33671498298645
------------------------- time cost ------------------------- 5.376875638961792
------------------------- time cost ------------------------- 5.503819704055786
------------------------- time cost ------------------------- 5.479720115661621
------------------------- time cost ------------------------- 5.44022274017334
------------------------- time cost ------------------------- 5.332872152328491
------------------------- time cost ------------------------- 5.3948633670806885

-------------Round number: 80-------------

Evaluate global model
Averaged Train Loss: 0.3356
Averaged Test Accuracy: 0.9148
Averaged Test AUC: 0.7854
Averaged Test Precision: 0.8385
Averaged Test Recall: 0.9148
Averaged Test F1-Score: 0.8746
Std Test Accuracy: 0.0416
Std Test AUC: 0.0628
------------------------- time cost ------------------------- 6.184659004211426
------------------------- time cost ------------------------- 5.31225061416626
------------------------- time cost ------------------------- 5.4563562870025635
------------------------- time cost ------------------------- 5.392512798309326
------------------------- time cost ------------------------- 5.517002820968628
------------------------- time cost ------------------------- 5.47089695930481
------------------------- time cost ------------------------- 5.413736343383789
------------------------- time cost ------------------------- 5.402742147445679
------------------------- time cost ------------------------- 5.403069734573364
------------------------- time cost ------------------------- 5.312551736831665

-------------Round number: 90-------------

Evaluate global model
Averaged Train Loss: 0.3360
Averaged Test Accuracy: 0.9148
Averaged Test AUC: 0.8065
Averaged Test Precision: 0.8385
Averaged Test Recall: 0.9148
Averaged Test F1-Score: 0.8746
Std Test Accuracy: 0.0416
Std Test AUC: 0.0634
------------------------- time cost ------------------------- 6.09825873374939
------------------------- time cost ------------------------- 5.386181116104126
------------------------- time cost ------------------------- 5.382666826248169
------------------------- time cost ------------------------- 5.368791341781616
------------------------- time cost ------------------------- 5.354757785797119
------------------------- time cost ------------------------- 5.568271160125732
------------------------- time cost ------------------------- 5.07960319519043
------------------------- time cost ------------------------- 5.456444978713989
------------------------- time cost ------------------------- 5.568893194198608
------------------------- time cost ------------------------- 5.48748254776001

-------------Round number: 100-------------

Evaluate global model
Averaged Train Loss: 0.3341
Averaged Test Accuracy: 0.9148
Averaged Test AUC: 0.8201
Averaged Test Precision: 0.8385
Averaged Test Recall: 0.9148
Averaged Test F1-Score: 0.8746
Std Test Accuracy: 0.0416
Std Test AUC: 0.0567
------------------------- time cost ------------------------- 6.487187385559082

Best accuracy.
0.9147651006711409

Average time cost per round.
5.4953273177146915
File path: results/Xinwang_FedAvg_test/Xinwang_FedAvg_test_0.h5
Training process CSV file path: results/Xinwang_FedAvg_test/Xinwang_FedAvg_test_0_training_process.csv
Training process data saved to: results/Xinwang_FedAvg_test/Xinwang_FedAvg_test_0_training_process.csv

平均训练时间: 557.38秒
