实验: Xinwang_quantity_skew_ipm_MultiKrum_run1
物理GPU ID: 0
CUDA_VISIBLE_DEVICES: 0
时间: 2026-01-25 02:12:32
命令: /miniconda3/bin/python flcore/main.py -data Xinwang -algo FedAvg -nc 10 -gr 100 -ls 5 -lbs 64 -lr 0.01 -eg 10 -t 1 --heterogeneity quantity_skew --enable_attack True --attack_mode ipm --malicious_ratio 0.3 --defense_mode multi_krum --use_tlbo False --tlbo_iterations 10 --use_autoencoder False --use_committee False
工作目录: /root/DecisionSupportSystem-FedACT/system

[GPU] 使用环境变量指定的GPU: CUDA_VISIBLE_DEVICES=0
============================================================
实验配置:
============================================================
  goal: test
  device: cuda
  device_id: 0
  dataset: Xinwang
  heterogeneity: quantity_skew
  model: auto
  num_classes: 2
  batch_size: 64
  local_learning_rate: 0.01
  global_rounds: 100
  local_epochs: 5
  algorithm: FedAvg
  num_clients: 10
  join_ratio: 1.0
  random_join_ratio: False
  prev: 0
  times: 1
  eval_gap: 10
  save_folder_name: results
  learning_rate_decay: False
  learning_rate_decay_gamma: 0.99
  few_shot: 0
  time_select: False
  time_threthold: 10000
  top_cnt: 100
  auto_break: False
  client_drop_rate: 0.0
  train_slow_rate: 0.0
  send_slow_rate: 0.0
  dlg_eval: False
  dlg_gap: 100
  batch_num_per_client: 2
  num_new_clients: 0
  fine_tuning_epoch_new: 0
  mu: 0.01
  beta: 0.0
  lamda: 1.0
  tau: 1.0
  plocal_epochs: 1
  server_learning_rate: 1.0
  enable_attack: True
  attack_mode: ipm
  malicious_ratio: 0.3
  attack_scale: 3.0
  defense_mode: multi_krum
  use_autoencoder: False
  autoencoder_latent_dim: 64
  autoencoder_epochs: 20
  committee_size: 5
  vote_threshold: 0.5
  anomaly_threshold: 0.5
  anomaly_lower_coef: 0.7
  anomaly_upper_coef: 1.5
  use_committee: False
  tlbo_iterations: 10
  use_tlbo: False
  use_merkle: True
  use_incentive: True
============================================================

============= 第 1 次实验 =============
正在初始化服务器和客户端...
数据集: Xinwang, 特征维度: 38
模型参数量: 921,634

Join ratio / total clients: 1.0 / 10
Finished creating server and clients.

-------------Round number: 0-------------

Evaluate global model
Averaged Train Loss: 0.5754
Averaged Test Accuracy: 0.8826
Averaged Test AUC: 0.5676
Averaged Test Precision: 0.8560
Averaged Test Recall: 0.8826
Averaged Test F1-Score: 0.8646
Std Test Accuracy: 0.0776
Std Test AUC: 0.1101
------------------------- time cost ------------------------- 6.448496103286743
------------------------- time cost ------------------------- 5.409623384475708
------------------------- time cost ------------------------- 5.329211950302124
------------------------- time cost ------------------------- 5.629571199417114
------------------------- time cost ------------------------- 5.578186750411987
------------------------- time cost ------------------------- 5.637759208679199
------------------------- time cost ------------------------- 5.485138177871704
------------------------- time cost ------------------------- 5.605455636978149
------------------------- time cost ------------------------- 6.138110876083374
------------------------- time cost ------------------------- 5.945091724395752

-------------Round number: 10-------------

Evaluate global model
Averaged Train Loss: 0.3484
Averaged Test Accuracy: 0.9148
Averaged Test AUC: 0.5732
Averaged Test Precision: 0.8385
Averaged Test Recall: 0.9148
Averaged Test F1-Score: 0.8746
Std Test Accuracy: 0.0416
Std Test AUC: 0.1468
------------------------- time cost ------------------------- 6.386171579360962
------------------------- time cost ------------------------- 5.499043703079224
------------------------- time cost ------------------------- 5.470352649688721
------------------------- time cost ------------------------- 5.499715566635132
------------------------- time cost ------------------------- 5.57069993019104
------------------------- time cost ------------------------- 5.419563293457031
------------------------- time cost ------------------------- 5.503902196884155
------------------------- time cost ------------------------- 5.4684693813323975
------------------------- time cost ------------------------- 5.610514402389526
------------------------- time cost ------------------------- 5.591778993606567

-------------Round number: 20-------------

Evaluate global model
Averaged Train Loss: 0.3401
Averaged Test Accuracy: 0.9148
Averaged Test AUC: 0.6166
Averaged Test Precision: 0.8385
Averaged Test Recall: 0.9148
Averaged Test F1-Score: 0.8746
Std Test Accuracy: 0.0416
Std Test AUC: 0.0840
------------------------- time cost ------------------------- 6.2667927742004395
------------------------- time cost ------------------------- 5.4298834800720215
------------------------- time cost ------------------------- 5.317981243133545
------------------------- time cost ------------------------- 5.3117077350616455
------------------------- time cost ------------------------- 5.452641487121582
------------------------- time cost ------------------------- 5.41652774810791
------------------------- time cost ------------------------- 5.5956666469573975
------------------------- time cost ------------------------- 5.488061428070068
------------------------- time cost ------------------------- 5.601592540740967
------------------------- time cost ------------------------- 5.386035203933716

-------------Round number: 30-------------

Evaluate global model
Averaged Train Loss: 0.3361
Averaged Test Accuracy: 0.9148
Averaged Test AUC: 0.6674
Averaged Test Precision: 0.8385
Averaged Test Recall: 0.9148
Averaged Test F1-Score: 0.8746
Std Test Accuracy: 0.0416
Std Test AUC: 0.0627
------------------------- time cost ------------------------- 6.443368196487427
------------------------- time cost ------------------------- 5.495626211166382
------------------------- time cost ------------------------- 5.4196085929870605
------------------------- time cost ------------------------- 5.380153179168701
------------------------- time cost ------------------------- 5.441488742828369
------------------------- time cost ------------------------- 5.417766332626343
------------------------- time cost ------------------------- 5.443086385726929
------------------------- time cost ------------------------- 5.415157318115234
------------------------- time cost ------------------------- 5.460262298583984
------------------------- time cost ------------------------- 5.605940818786621

-------------Round number: 40-------------

Evaluate global model
Averaged Train Loss: 0.3354
Averaged Test Accuracy: 0.9148
Averaged Test AUC: 0.6975
Averaged Test Precision: 0.8385
Averaged Test Recall: 0.9148
Averaged Test F1-Score: 0.8746
Std Test Accuracy: 0.0416
Std Test AUC: 0.0529
------------------------- time cost ------------------------- 6.290303468704224
------------------------- time cost ------------------------- 5.4793291091918945
------------------------- time cost ------------------------- 5.219343185424805
------------------------- time cost ------------------------- 5.370371580123901
------------------------- time cost ------------------------- 5.4650962352752686
------------------------- time cost ------------------------- 5.3924548625946045
------------------------- time cost ------------------------- 5.541377782821655
------------------------- time cost ------------------------- 5.50653338432312
------------------------- time cost ------------------------- 5.463923454284668
------------------------- time cost ------------------------- 5.488163232803345

-------------Round number: 50-------------

Evaluate global model
Averaged Train Loss: 0.3348
Averaged Test Accuracy: 0.9148
Averaged Test AUC: 0.7356
Averaged Test Precision: 0.8385
Averaged Test Recall: 0.9148
Averaged Test F1-Score: 0.8746
Std Test Accuracy: 0.0416
Std Test AUC: 0.0541
------------------------- time cost ------------------------- 6.260182619094849
------------------------- time cost ------------------------- 5.402912616729736
------------------------- time cost ------------------------- 5.341846704483032
------------------------- time cost ------------------------- 5.450422525405884
------------------------- time cost ------------------------- 5.414820671081543
------------------------- time cost ------------------------- 5.344820976257324
------------------------- time cost ------------------------- 5.68953013420105
------------------------- time cost ------------------------- 5.470090389251709
------------------------- time cost ------------------------- 5.430518627166748
------------------------- time cost ------------------------- 5.397017955780029

-------------Round number: 60-------------

Evaluate global model
Averaged Train Loss: 0.3345
Averaged Test Accuracy: 0.9148
Averaged Test AUC: 0.7519
Averaged Test Precision: 0.8385
Averaged Test Recall: 0.9148
Averaged Test F1-Score: 0.8746
Std Test Accuracy: 0.0416
Std Test AUC: 0.0665
------------------------- time cost ------------------------- 6.2472453117370605
------------------------- time cost ------------------------- 5.488566160202026
------------------------- time cost ------------------------- 5.412900447845459
------------------------- time cost ------------------------- 5.336726665496826
------------------------- time cost ------------------------- 5.4166481494903564
------------------------- time cost ------------------------- 5.284414529800415
------------------------- time cost ------------------------- 5.647000551223755
------------------------- time cost ------------------------- 5.4755120277404785
------------------------- time cost ------------------------- 5.463741302490234
------------------------- time cost ------------------------- 5.433307647705078

-------------Round number: 70-------------

Evaluate global model
Averaged Train Loss: 0.3370
Averaged Test Accuracy: 0.9148
Averaged Test AUC: 0.7667
Averaged Test Precision: 0.8385
Averaged Test Recall: 0.9148
Averaged Test F1-Score: 0.8746
Std Test Accuracy: 0.0416
Std Test AUC: 0.0638
------------------------- time cost ------------------------- 6.299771547317505
------------------------- time cost ------------------------- 5.481588840484619
------------------------- time cost ------------------------- 5.355326175689697
------------------------- time cost ------------------------- 5.376797914505005
------------------------- time cost ------------------------- 5.426868438720703
------------------------- time cost ------------------------- 5.324479341506958
------------------------- time cost ------------------------- 5.426213502883911
------------------------- time cost ------------------------- 5.382557153701782
------------------------- time cost ------------------------- 5.56182861328125
------------------------- time cost ------------------------- 5.446668863296509

-------------Round number: 80-------------

Evaluate global model
Averaged Train Loss: 0.3341
Averaged Test Accuracy: 0.9148
Averaged Test AUC: 0.7808
Averaged Test Precision: 0.8385
Averaged Test Recall: 0.9148
Averaged Test F1-Score: 0.8746
Std Test Accuracy: 0.0416
Std Test AUC: 0.0683
------------------------- time cost ------------------------- 6.275141954421997
------------------------- time cost ------------------------- 5.504574775695801
------------------------- time cost ------------------------- 5.484152555465698
------------------------- time cost ------------------------- 5.430109977722168
------------------------- time cost ------------------------- 5.37037205696106
------------------------- time cost ------------------------- 5.456106901168823
------------------------- time cost ------------------------- 5.549858570098877
------------------------- time cost ------------------------- 5.425005197525024
------------------------- time cost ------------------------- 5.476066589355469
------------------------- time cost ------------------------- 5.4550018310546875

-------------Round number: 90-------------

Evaluate global model
Averaged Train Loss: 0.3359
Averaged Test Accuracy: 0.9148
Averaged Test AUC: 0.8016
Averaged Test Precision: 0.8385
Averaged Test Recall: 0.9148
Averaged Test F1-Score: 0.8746
Std Test Accuracy: 0.0416
Std Test AUC: 0.0636
------------------------- time cost ------------------------- 6.237666368484497
------------------------- time cost ------------------------- 5.3873114585876465
------------------------- time cost ------------------------- 5.43966269493103
------------------------- time cost ------------------------- 5.387813329696655
------------------------- time cost ------------------------- 5.536161184310913
------------------------- time cost ------------------------- 5.339397430419922
------------------------- time cost ------------------------- 5.547135829925537
------------------------- time cost ------------------------- 5.423622369766235
------------------------- time cost ------------------------- 5.568587779998779
------------------------- time cost ------------------------- 5.49384880065918

-------------Round number: 100-------------

Evaluate global model
Averaged Train Loss: 0.3331
Averaged Test Accuracy: 0.9148
Averaged Test AUC: 0.8120
Averaged Test Precision: 0.8385
Averaged Test Recall: 0.9148
Averaged Test F1-Score: 0.8746
Std Test Accuracy: 0.0416
Std Test AUC: 0.0569
------------------------- time cost ------------------------- 6.503467559814453

Best accuracy.
0.9147651006711409

Average time cost per round.
5.555659968852996
File path: results/Xinwang_FedAvg_test/Xinwang_FedAvg_test_0.h5
Training process CSV file path: results/Xinwang_FedAvg_test/Xinwang_FedAvg_test_0_training_process.csv
Training process data saved to: results/Xinwang_FedAvg_test/Xinwang_FedAvg_test_0_training_process.csv

平均训练时间: 563.35秒
