实验: Xinwang_iid_free_rider_Krum_run1
物理GPU ID: 2
CUDA_VISIBLE_DEVICES: 2
时间: 2026-01-25 00:58:04
命令: /miniconda3/bin/python flcore/main.py -data Xinwang -algo FedAvg -nc 10 -gr 100 -ls 5 -lbs 64 -lr 0.01 -eg 10 -t 1 --heterogeneity iid --enable_attack True --attack_mode free_rider --malicious_ratio 0.3 --defense_mode krum --use_tlbo False --tlbo_iterations 10 --use_autoencoder False --use_committee False
工作目录: /root/DecisionSupportSystem-FedACT/system

[GPU] 使用环境变量指定的GPU: CUDA_VISIBLE_DEVICES=2
============================================================
实验配置:
============================================================
  goal: test
  device: cuda
  device_id: 0
  dataset: Xinwang
  heterogeneity: iid
  model: auto
  num_classes: 2
  batch_size: 64
  local_learning_rate: 0.01
  global_rounds: 100
  local_epochs: 5
  algorithm: FedAvg
  num_clients: 10
  join_ratio: 1.0
  random_join_ratio: False
  prev: 0
  times: 1
  eval_gap: 10
  save_folder_name: results
  learning_rate_decay: False
  learning_rate_decay_gamma: 0.99
  few_shot: 0
  time_select: False
  time_threthold: 10000
  top_cnt: 100
  auto_break: False
  client_drop_rate: 0.0
  train_slow_rate: 0.0
  send_slow_rate: 0.0
  dlg_eval: False
  dlg_gap: 100
  batch_num_per_client: 2
  num_new_clients: 0
  fine_tuning_epoch_new: 0
  mu: 0.01
  beta: 0.0
  lamda: 1.0
  tau: 1.0
  plocal_epochs: 1
  server_learning_rate: 1.0
  enable_attack: True
  attack_mode: free_rider
  malicious_ratio: 0.3
  attack_scale: 3.0
  defense_mode: krum
  use_autoencoder: False
  autoencoder_latent_dim: 64
  autoencoder_epochs: 20
  committee_size: 5
  vote_threshold: 0.5
  anomaly_threshold: 0.5
  anomaly_lower_coef: 0.7
  anomaly_upper_coef: 1.5
  use_committee: False
  tlbo_iterations: 10
  use_tlbo: False
  use_merkle: True
  use_incentive: True
============================================================

============= 第 1 次实验 =============
正在初始化服务器和客户端...
数据集: Xinwang, 特征维度: 38
模型参数量: 921,634

Join ratio / total clients: 1.0 / 10
Finished creating server and clients.

-------------Round number: 0-------------

Evaluate global model
Averaged Train Loss: 0.5754
Averaged Test Accuracy: 0.8826
Averaged Test AUC: 0.5676
Averaged Test Precision: 0.8560
Averaged Test Recall: 0.8826
Averaged Test F1-Score: 0.8646
Std Test Accuracy: 0.0776
Std Test AUC: 0.1101
------------------------- time cost ------------------------- 6.672213077545166
------------------------- time cost ------------------------- 5.559139728546143
------------------------- time cost ------------------------- 5.482337951660156
------------------------- time cost ------------------------- 5.492225885391235
------------------------- time cost ------------------------- 5.620465993881226
------------------------- time cost ------------------------- 5.69826602935791
------------------------- time cost ------------------------- 5.448976039886475
------------------------- time cost ------------------------- 5.516915321350098
------------------------- time cost ------------------------- 5.662748336791992
------------------------- time cost ------------------------- 5.698874473571777

-------------Round number: 10-------------

Evaluate global model
Averaged Train Loss: 0.3463
Averaged Test Accuracy: 0.9148
Averaged Test AUC: 0.5869
Averaged Test Precision: 0.8385
Averaged Test Recall: 0.9148
Averaged Test F1-Score: 0.8746
Std Test Accuracy: 0.0416
Std Test AUC: 0.1168
------------------------- time cost ------------------------- 6.327984094619751
------------------------- time cost ------------------------- 5.737478256225586
------------------------- time cost ------------------------- 5.648684740066528
------------------------- time cost ------------------------- 5.473551273345947
------------------------- time cost ------------------------- 5.289788007736206
------------------------- time cost ------------------------- 5.570770025253296
------------------------- time cost ------------------------- 5.716659069061279
------------------------- time cost ------------------------- 5.437905311584473
------------------------- time cost ------------------------- 5.825254917144775
------------------------- time cost ------------------------- 5.543965816497803

-------------Round number: 20-------------

Evaluate global model
Averaged Train Loss: 0.3375
Averaged Test Accuracy: 0.9148
Averaged Test AUC: 0.6308
Averaged Test Precision: 0.8385
Averaged Test Recall: 0.9148
Averaged Test F1-Score: 0.8746
Std Test Accuracy: 0.0416
Std Test AUC: 0.0992
------------------------- time cost ------------------------- 6.343583106994629
------------------------- time cost ------------------------- 5.422185659408569
------------------------- time cost ------------------------- 5.710394620895386
------------------------- time cost ------------------------- 5.591385364532471
------------------------- time cost ------------------------- 5.62940239906311
------------------------- time cost ------------------------- 5.590726852416992
------------------------- time cost ------------------------- 5.597997188568115
------------------------- time cost ------------------------- 5.514443635940552
------------------------- time cost ------------------------- 5.505061388015747
------------------------- time cost ------------------------- 5.533998489379883

-------------Round number: 30-------------

Evaluate global model
Averaged Train Loss: 0.3353
Averaged Test Accuracy: 0.9148
Averaged Test AUC: 0.6791
Averaged Test Precision: 0.8385
Averaged Test Recall: 0.9148
Averaged Test F1-Score: 0.8746
Std Test Accuracy: 0.0416
Std Test AUC: 0.0640
------------------------- time cost ------------------------- 6.39808201789856
------------------------- time cost ------------------------- 5.567479848861694
------------------------- time cost ------------------------- 5.420594692230225
------------------------- time cost ------------------------- 5.528585195541382
------------------------- time cost ------------------------- 5.628738880157471
------------------------- time cost ------------------------- 5.65351676940918
------------------------- time cost ------------------------- 5.636843204498291
------------------------- time cost ------------------------- 5.564957141876221
------------------------- time cost ------------------------- 5.627886533737183
------------------------- time cost ------------------------- 5.770731687545776

-------------Round number: 40-------------

Evaluate global model
Averaged Train Loss: 0.3353
Averaged Test Accuracy: 0.9148
Averaged Test AUC: 0.7092
Averaged Test Precision: 0.8385
Averaged Test Recall: 0.9148
Averaged Test F1-Score: 0.8746
Std Test Accuracy: 0.0416
Std Test AUC: 0.0632
------------------------- time cost ------------------------- 6.4108593463897705
------------------------- time cost ------------------------- 5.459211587905884
------------------------- time cost ------------------------- 5.62142539024353
------------------------- time cost ------------------------- 5.397813081741333
------------------------- time cost ------------------------- 5.680893421173096
------------------------- time cost ------------------------- 5.611303091049194
------------------------- time cost ------------------------- 5.453263998031616
------------------------- time cost ------------------------- 5.6088478565216064
------------------------- time cost ------------------------- 5.629387140274048
------------------------- time cost ------------------------- 5.6311352252960205

-------------Round number: 50-------------

Evaluate global model
Averaged Train Loss: 0.3385
Averaged Test Accuracy: 0.9148
Averaged Test AUC: 0.7311
Averaged Test Precision: 0.8385
Averaged Test Recall: 0.9148
Averaged Test F1-Score: 0.8746
Std Test Accuracy: 0.0416
Std Test AUC: 0.0572
------------------------- time cost ------------------------- 6.372267007827759
------------------------- time cost ------------------------- 5.530215263366699
------------------------- time cost ------------------------- 5.55623722076416
------------------------- time cost ------------------------- 5.5872886180877686
------------------------- time cost ------------------------- 5.6161370277404785
------------------------- time cost ------------------------- 5.609301567077637
------------------------- time cost ------------------------- 5.666608572006226
------------------------- time cost ------------------------- 5.56149697303772
------------------------- time cost ------------------------- 5.56533408164978
------------------------- time cost ------------------------- 5.746747732162476

-------------Round number: 60-------------

Evaluate global model
Averaged Train Loss: 0.3369
Averaged Test Accuracy: 0.9148
Averaged Test AUC: 0.7518
Averaged Test Precision: 0.8385
Averaged Test Recall: 0.9148
Averaged Test F1-Score: 0.8746
Std Test Accuracy: 0.0416
Std Test AUC: 0.0596
------------------------- time cost ------------------------- 6.332431316375732
------------------------- time cost ------------------------- 5.48964262008667
------------------------- time cost ------------------------- 5.601295471191406
------------------------- time cost ------------------------- 5.567151308059692
------------------------- time cost ------------------------- 5.497686862945557
------------------------- time cost ------------------------- 5.599533557891846
------------------------- time cost ------------------------- 5.540681600570679
------------------------- time cost ------------------------- 5.61113166809082
------------------------- time cost ------------------------- 5.631494045257568
------------------------- time cost ------------------------- 5.676992654800415

-------------Round number: 70-------------

Evaluate global model
Averaged Train Loss: 0.3374
Averaged Test Accuracy: 0.9148
Averaged Test AUC: 0.7729
Averaged Test Precision: 0.8385
Averaged Test Recall: 0.9148
Averaged Test F1-Score: 0.8746
Std Test Accuracy: 0.0416
Std Test AUC: 0.0571
------------------------- time cost ------------------------- 6.360989093780518
------------------------- time cost ------------------------- 5.595962285995483
------------------------- time cost ------------------------- 5.575520038604736
------------------------- time cost ------------------------- 5.6146321296691895
------------------------- time cost ------------------------- 5.6710333824157715
------------------------- time cost ------------------------- 5.68158745765686
------------------------- time cost ------------------------- 5.634367227554321
------------------------- time cost ------------------------- 5.590807914733887
------------------------- time cost ------------------------- 5.661837816238403
------------------------- time cost ------------------------- 5.615301132202148

-------------Round number: 80-------------

Evaluate global model
Averaged Train Loss: 0.3362
Averaged Test Accuracy: 0.9148
Averaged Test AUC: 0.7923
Averaged Test Precision: 0.8385
Averaged Test Recall: 0.9148
Averaged Test F1-Score: 0.8746
Std Test Accuracy: 0.0416
Std Test AUC: 0.0706
------------------------- time cost ------------------------- 6.514151096343994
------------------------- time cost ------------------------- 5.4698567390441895
------------------------- time cost ------------------------- 5.446757793426514
------------------------- time cost ------------------------- 5.802234411239624
------------------------- time cost ------------------------- 5.5151848793029785
------------------------- time cost ------------------------- 5.7172698974609375
------------------------- time cost ------------------------- 5.733779430389404
------------------------- time cost ------------------------- 5.596337080001831
------------------------- time cost ------------------------- 5.630866765975952
------------------------- time cost ------------------------- 5.56555700302124

-------------Round number: 90-------------

Evaluate global model
Averaged Train Loss: 0.3363
Averaged Test Accuracy: 0.9148
Averaged Test AUC: 0.8046
Averaged Test Precision: 0.8385
Averaged Test Recall: 0.9148
Averaged Test F1-Score: 0.8746
Std Test Accuracy: 0.0416
Std Test AUC: 0.0700
------------------------- time cost ------------------------- 6.291046142578125
------------------------- time cost ------------------------- 5.540084362030029
------------------------- time cost ------------------------- 5.550658464431763
------------------------- time cost ------------------------- 5.594226598739624
------------------------- time cost ------------------------- 5.485466718673706
------------------------- time cost ------------------------- 5.726235389709473
------------------------- time cost ------------------------- 5.426082134246826
------------------------- time cost ------------------------- 5.793833494186401
------------------------- time cost ------------------------- 5.794732093811035
------------------------- time cost ------------------------- 5.985276699066162

-------------Round number: 100-------------

Evaluate global model
Averaged Train Loss: 0.3328
Averaged Test Accuracy: 0.9148
Averaged Test AUC: 0.8200
Averaged Test Precision: 0.8385
Averaged Test Recall: 0.9148
Averaged Test F1-Score: 0.8746
Std Test Accuracy: 0.0416
Std Test AUC: 0.0652
------------------------- time cost ------------------------- 7.2140562534332275

Best accuracy.
0.9147651006711409

Average time cost per round.
5.682481331825256
File path: results/Xinwang_FedAvg_test/Xinwang_FedAvg_test_0.h5
Training process CSV file path: results/Xinwang_FedAvg_test/Xinwang_FedAvg_test_0_training_process.csv
Training process data saved to: results/Xinwang_FedAvg_test/Xinwang_FedAvg_test_0_training_process.csv

平均训练时间: 576.26秒
