实验: Xinwang_iid_ipm_TrimmedMean_run1
物理GPU ID: 1
CUDA_VISIBLE_DEVICES: 1
时间: 2026-01-25 00:38:51
命令: /miniconda3/bin/python flcore/main.py -data Xinwang -algo FedAvg -nc 10 -gr 100 -ls 5 -lbs 64 -lr 0.01 -eg 10 -t 1 --heterogeneity iid --enable_attack True --attack_mode ipm --malicious_ratio 0.3 --defense_mode trimmed_mean --use_tlbo False --tlbo_iterations 10 --use_autoencoder False --use_committee False
工作目录: /root/DecisionSupportSystem-FedACT/system

[GPU] 使用环境变量指定的GPU: CUDA_VISIBLE_DEVICES=1
============================================================
实验配置:
============================================================
  goal: test
  device: cuda
  device_id: 0
  dataset: Xinwang
  heterogeneity: iid
  model: auto
  num_classes: 2
  batch_size: 64
  local_learning_rate: 0.01
  global_rounds: 100
  local_epochs: 5
  algorithm: FedAvg
  num_clients: 10
  join_ratio: 1.0
  random_join_ratio: False
  prev: 0
  times: 1
  eval_gap: 10
  save_folder_name: results
  learning_rate_decay: False
  learning_rate_decay_gamma: 0.99
  few_shot: 0
  time_select: False
  time_threthold: 10000
  top_cnt: 100
  auto_break: False
  client_drop_rate: 0.0
  train_slow_rate: 0.0
  send_slow_rate: 0.0
  dlg_eval: False
  dlg_gap: 100
  batch_num_per_client: 2
  num_new_clients: 0
  fine_tuning_epoch_new: 0
  mu: 0.01
  beta: 0.0
  lamda: 1.0
  tau: 1.0
  plocal_epochs: 1
  server_learning_rate: 1.0
  enable_attack: True
  attack_mode: ipm
  malicious_ratio: 0.3
  attack_scale: 3.0
  defense_mode: trimmed_mean
  use_autoencoder: False
  autoencoder_latent_dim: 64
  autoencoder_epochs: 20
  committee_size: 5
  vote_threshold: 0.5
  anomaly_threshold: 0.5
  anomaly_lower_coef: 0.7
  anomaly_upper_coef: 1.5
  use_committee: False
  tlbo_iterations: 10
  use_tlbo: False
  use_merkle: True
  use_incentive: True
============================================================

============= 第 1 次实验 =============
正在初始化服务器和客户端...
数据集: Xinwang, 特征维度: 38
模型参数量: 921,634

Join ratio / total clients: 1.0 / 10
Finished creating server and clients.

-------------Round number: 0-------------

Evaluate global model
Averaged Train Loss: 0.5754
Averaged Test Accuracy: 0.8826
Averaged Test AUC: 0.5676
Averaged Test Precision: 0.8560
Averaged Test Recall: 0.8826
Averaged Test F1-Score: 0.8646
Std Test Accuracy: 0.0776
Std Test AUC: 0.1101
------------------------- time cost ------------------------- 6.641593933105469
------------------------- time cost ------------------------- 5.17805290222168
------------------------- time cost ------------------------- 5.1059699058532715
------------------------- time cost ------------------------- 4.983826637268066
------------------------- time cost ------------------------- 5.524630069732666
------------------------- time cost ------------------------- 5.366475582122803
------------------------- time cost ------------------------- 5.356899738311768
------------------------- time cost ------------------------- 5.403385162353516
------------------------- time cost ------------------------- 5.351431846618652
------------------------- time cost ------------------------- 5.379148006439209

-------------Round number: 10-------------

Evaluate global model
Averaged Train Loss: 0.3439
Averaged Test Accuracy: 0.9148
Averaged Test AUC: 0.5619
Averaged Test Precision: 0.8385
Averaged Test Recall: 0.9148
Averaged Test F1-Score: 0.8746
Std Test Accuracy: 0.0416
Std Test AUC: 0.1660
------------------------- time cost ------------------------- 6.306514024734497
------------------------- time cost ------------------------- 5.248833894729614
------------------------- time cost ------------------------- 5.454977035522461
------------------------- time cost ------------------------- 5.394525051116943
------------------------- time cost ------------------------- 5.399166822433472
------------------------- time cost ------------------------- 5.391484022140503
------------------------- time cost ------------------------- 5.388000249862671
------------------------- time cost ------------------------- 5.319006681442261
------------------------- time cost ------------------------- 5.494793653488159
------------------------- time cost ------------------------- 5.447263240814209

-------------Round number: 20-------------

Evaluate global model
Averaged Train Loss: 0.3367
Averaged Test Accuracy: 0.9148
Averaged Test AUC: 0.6357
Averaged Test Precision: 0.8385
Averaged Test Recall: 0.9148
Averaged Test F1-Score: 0.8746
Std Test Accuracy: 0.0416
Std Test AUC: 0.0919
------------------------- time cost ------------------------- 6.128315448760986
------------------------- time cost ------------------------- 5.40970778465271
------------------------- time cost ------------------------- 5.285670042037964
------------------------- time cost ------------------------- 5.398596286773682
------------------------- time cost ------------------------- 5.438117980957031
------------------------- time cost ------------------------- 5.433505535125732
------------------------- time cost ------------------------- 5.319804906845093
------------------------- time cost ------------------------- 5.372057914733887
------------------------- time cost ------------------------- 5.429565668106079
------------------------- time cost ------------------------- 5.224804162979126

-------------Round number: 30-------------

Evaluate global model
Averaged Train Loss: 0.3361
Averaged Test Accuracy: 0.9148
Averaged Test AUC: 0.6455
Averaged Test Precision: 0.8385
Averaged Test Recall: 0.9148
Averaged Test F1-Score: 0.8746
Std Test Accuracy: 0.0416
Std Test AUC: 0.0746
------------------------- time cost ------------------------- 6.120771884918213
------------------------- time cost ------------------------- 5.4021315574646
------------------------- time cost ------------------------- 5.278649806976318
------------------------- time cost ------------------------- 5.246203899383545
------------------------- time cost ------------------------- 5.403003931045532
------------------------- time cost ------------------------- 5.2816784381866455
------------------------- time cost ------------------------- 5.371474266052246
------------------------- time cost ------------------------- 5.364590883255005
------------------------- time cost ------------------------- 5.350993871688843
------------------------- time cost ------------------------- 5.479952573776245

-------------Round number: 40-------------

Evaluate global model
Averaged Train Loss: 0.3357
Averaged Test Accuracy: 0.9148
Averaged Test AUC: 0.6956
Averaged Test Precision: 0.8385
Averaged Test Recall: 0.9148
Averaged Test F1-Score: 0.8746
Std Test Accuracy: 0.0416
Std Test AUC: 0.0518
------------------------- time cost ------------------------- 6.060344457626343
------------------------- time cost ------------------------- 5.422954559326172
------------------------- time cost ------------------------- 5.3118672370910645
------------------------- time cost ------------------------- 5.298526287078857
------------------------- time cost ------------------------- 5.391377925872803
------------------------- time cost ------------------------- 5.4203033447265625
------------------------- time cost ------------------------- 5.331555366516113
------------------------- time cost ------------------------- 5.487600803375244
------------------------- time cost ------------------------- 5.400319814682007
------------------------- time cost ------------------------- 5.417443037033081

-------------Round number: 50-------------

Evaluate global model
Averaged Train Loss: 0.3389
Averaged Test Accuracy: 0.9148
Averaged Test AUC: 0.7325
Averaged Test Precision: 0.8385
Averaged Test Recall: 0.9148
Averaged Test F1-Score: 0.8746
Std Test Accuracy: 0.0416
Std Test AUC: 0.0610
------------------------- time cost ------------------------- 6.173463821411133
------------------------- time cost ------------------------- 5.38328742980957
------------------------- time cost ------------------------- 5.362588167190552
------------------------- time cost ------------------------- 5.344449281692505
------------------------- time cost ------------------------- 5.320094108581543
------------------------- time cost ------------------------- 5.402918100357056
------------------------- time cost ------------------------- 5.386871814727783
------------------------- time cost ------------------------- 5.510278940200806
------------------------- time cost ------------------------- 5.22834324836731
------------------------- time cost ------------------------- 5.443653583526611

-------------Round number: 60-------------

Evaluate global model
Averaged Train Loss: 0.3368
Averaged Test Accuracy: 0.9148
Averaged Test AUC: 0.7539
Averaged Test Precision: 0.8385
Averaged Test Recall: 0.9148
Averaged Test F1-Score: 0.8746
Std Test Accuracy: 0.0416
Std Test AUC: 0.0654
------------------------- time cost ------------------------- 6.147347688674927
------------------------- time cost ------------------------- 5.389782190322876
------------------------- time cost ------------------------- 5.403350353240967
------------------------- time cost ------------------------- 5.33933687210083
------------------------- time cost ------------------------- 5.553332328796387
------------------------- time cost ------------------------- 5.384175062179565
------------------------- time cost ------------------------- 5.344276666641235
------------------------- time cost ------------------------- 5.392404794692993
------------------------- time cost ------------------------- 5.333251714706421
------------------------- time cost ------------------------- 5.27592921257019

-------------Round number: 70-------------

Evaluate global model
Averaged Train Loss: 0.3365
Averaged Test Accuracy: 0.9148
Averaged Test AUC: 0.7770
Averaged Test Precision: 0.8385
Averaged Test Recall: 0.9148
Averaged Test F1-Score: 0.8746
Std Test Accuracy: 0.0416
Std Test AUC: 0.0695
------------------------- time cost ------------------------- 6.218055725097656
------------------------- time cost ------------------------- 5.309734582901001
------------------------- time cost ------------------------- 5.364127159118652
------------------------- time cost ------------------------- 5.355687618255615
------------------------- time cost ------------------------- 5.417830944061279
------------------------- time cost ------------------------- 5.405821084976196
------------------------- time cost ------------------------- 5.440964937210083
------------------------- time cost ------------------------- 5.434567451477051
------------------------- time cost ------------------------- 5.301767110824585
------------------------- time cost ------------------------- 5.247772932052612

-------------Round number: 80-------------

Evaluate global model
Averaged Train Loss: 0.3358
Averaged Test Accuracy: 0.9148
Averaged Test AUC: 0.7896
Averaged Test Precision: 0.8385
Averaged Test Recall: 0.9148
Averaged Test F1-Score: 0.8746
Std Test Accuracy: 0.0416
Std Test AUC: 0.0682
------------------------- time cost ------------------------- 6.078676462173462
------------------------- time cost ------------------------- 5.4178972244262695
------------------------- time cost ------------------------- 5.498953104019165
------------------------- time cost ------------------------- 5.315739154815674
------------------------- time cost ------------------------- 5.364997625350952
------------------------- time cost ------------------------- 5.333401203155518
------------------------- time cost ------------------------- 5.3339619636535645
------------------------- time cost ------------------------- 5.40985894203186
------------------------- time cost ------------------------- 5.399264335632324
------------------------- time cost ------------------------- 5.369028568267822

-------------Round number: 90-------------

Evaluate global model
Averaged Train Loss: 0.3351
Averaged Test Accuracy: 0.9148
Averaged Test AUC: 0.8009
Averaged Test Precision: 0.8385
Averaged Test Recall: 0.9148
Averaged Test F1-Score: 0.8746
Std Test Accuracy: 0.0416
Std Test AUC: 0.0654
------------------------- time cost ------------------------- 6.139441967010498
------------------------- time cost ------------------------- 5.4948954582214355
------------------------- time cost ------------------------- 5.359589576721191
------------------------- time cost ------------------------- 5.435761213302612
------------------------- time cost ------------------------- 5.419972896575928
------------------------- time cost ------------------------- 5.264212369918823
------------------------- time cost ------------------------- 5.333728313446045
------------------------- time cost ------------------------- 5.381979465484619
------------------------- time cost ------------------------- 5.436942100524902
------------------------- time cost ------------------------- 5.4035804271698

-------------Round number: 100-------------

Evaluate global model
Averaged Train Loss: 0.3356
Averaged Test Accuracy: 0.9148
Averaged Test AUC: 0.8156
Averaged Test Precision: 0.8385
Averaged Test Recall: 0.9148
Averaged Test F1-Score: 0.8746
Std Test Accuracy: 0.0416
Std Test AUC: 0.0583
------------------------- time cost ------------------------- 6.219789028167725

Best accuracy.
0.9147651006711409

Average time cost per round.
5.448034105300903
File path: results/Xinwang_FedAvg_test/Xinwang_FedAvg_test_0.h5
Training process CSV file path: results/Xinwang_FedAvg_test/Xinwang_FedAvg_test_0_training_process.csv
Training process data saved to: results/Xinwang_FedAvg_test/Xinwang_FedAvg_test_0_training_process.csv

平均训练时间: 552.8秒
