实验: Xinwang_label_skew_ipm_Bulyan_run1
物理GPU ID: 0
CUDA_VISIBLE_DEVICES: 0
时间: 2026-01-25 01:26:20
命令: /miniconda3/bin/python flcore/main.py -data Xinwang -algo FedAvg -nc 10 -gr 100 -ls 5 -lbs 64 -lr 0.01 -eg 10 -t 1 --heterogeneity label_skew --enable_attack True --attack_mode ipm --malicious_ratio 0.3 --defense_mode bulyan --use_tlbo False --tlbo_iterations 10 --use_autoencoder False --use_committee False
工作目录: /root/DecisionSupportSystem-FedACT/system

[GPU] 使用环境变量指定的GPU: CUDA_VISIBLE_DEVICES=0
============================================================
实验配置:
============================================================
  goal: test
  device: cuda
  device_id: 0
  dataset: Xinwang
  heterogeneity: label_skew
  model: auto
  num_classes: 2
  batch_size: 64
  local_learning_rate: 0.01
  global_rounds: 100
  local_epochs: 5
  algorithm: FedAvg
  num_clients: 10
  join_ratio: 1.0
  random_join_ratio: False
  prev: 0
  times: 1
  eval_gap: 10
  save_folder_name: results
  learning_rate_decay: False
  learning_rate_decay_gamma: 0.99
  few_shot: 0
  time_select: False
  time_threthold: 10000
  top_cnt: 100
  auto_break: False
  client_drop_rate: 0.0
  train_slow_rate: 0.0
  send_slow_rate: 0.0
  dlg_eval: False
  dlg_gap: 100
  batch_num_per_client: 2
  num_new_clients: 0
  fine_tuning_epoch_new: 0
  mu: 0.01
  beta: 0.0
  lamda: 1.0
  tau: 1.0
  plocal_epochs: 1
  server_learning_rate: 1.0
  enable_attack: True
  attack_mode: ipm
  malicious_ratio: 0.3
  attack_scale: 3.0
  defense_mode: bulyan
  use_autoencoder: False
  autoencoder_latent_dim: 64
  autoencoder_epochs: 20
  committee_size: 5
  vote_threshold: 0.5
  anomaly_threshold: 0.5
  anomaly_lower_coef: 0.7
  anomaly_upper_coef: 1.5
  use_committee: False
  tlbo_iterations: 10
  use_tlbo: False
  use_merkle: True
  use_incentive: True
============================================================

============= 第 1 次实验 =============
正在初始化服务器和客户端...
数据集: Xinwang, 特征维度: 38
模型参数量: 921,634

Join ratio / total clients: 1.0 / 10
Finished creating server and clients.

-------------Round number: 0-------------

Evaluate global model
Averaged Train Loss: 0.5754
Averaged Test Accuracy: 0.8826
Averaged Test AUC: 0.5676
Averaged Test Precision: 0.8560
Averaged Test Recall: 0.8826
Averaged Test F1-Score: 0.8646
Std Test Accuracy: 0.0776
Std Test AUC: 0.1101
------------------------- time cost ------------------------- 6.542677640914917
------------------------- time cost ------------------------- 5.4372336864471436
------------------------- time cost ------------------------- 5.626914978027344
------------------------- time cost ------------------------- 5.5034966468811035
------------------------- time cost ------------------------- 5.546889305114746
------------------------- time cost ------------------------- 5.590548992156982
------------------------- time cost ------------------------- 5.585568189620972
------------------------- time cost ------------------------- 5.720149278640747
------------------------- time cost ------------------------- 5.6685991287231445
------------------------- time cost ------------------------- 5.643105506896973

-------------Round number: 10-------------

Evaluate global model
Averaged Train Loss: 0.3482
Averaged Test Accuracy: 0.9148
Averaged Test AUC: 0.5612
Averaged Test Precision: 0.8385
Averaged Test Recall: 0.9148
Averaged Test F1-Score: 0.8746
Std Test Accuracy: 0.0416
Std Test AUC: 0.1291
------------------------- time cost ------------------------- 6.412930965423584
------------------------- time cost ------------------------- 5.578542709350586
------------------------- time cost ------------------------- 5.746302127838135
------------------------- time cost ------------------------- 5.619189739227295
------------------------- time cost ------------------------- 5.668962240219116
------------------------- time cost ------------------------- 5.623159885406494
------------------------- time cost ------------------------- 5.651502370834351
------------------------- time cost ------------------------- 5.626795530319214
------------------------- time cost ------------------------- 5.720112562179565
------------------------- time cost ------------------------- 5.605574369430542

-------------Round number: 20-------------

Evaluate global model
Averaged Train Loss: 0.3397
Averaged Test Accuracy: 0.9148
Averaged Test AUC: 0.6199
Averaged Test Precision: 0.8385
Averaged Test Recall: 0.9148
Averaged Test F1-Score: 0.8746
Std Test Accuracy: 0.0416
Std Test AUC: 0.1133
------------------------- time cost ------------------------- 6.374943494796753
------------------------- time cost ------------------------- 5.669850587844849
------------------------- time cost ------------------------- 5.68664026260376
------------------------- time cost ------------------------- 5.714304447174072
------------------------- time cost ------------------------- 5.579665422439575
------------------------- time cost ------------------------- 5.560541152954102
------------------------- time cost ------------------------- 5.616107702255249
------------------------- time cost ------------------------- 5.586784362792969
------------------------- time cost ------------------------- 5.424165487289429
------------------------- time cost ------------------------- 5.468345880508423

-------------Round number: 30-------------

Evaluate global model
Averaged Train Loss: 0.3365
Averaged Test Accuracy: 0.9148
Averaged Test AUC: 0.6530
Averaged Test Precision: 0.8385
Averaged Test Recall: 0.9148
Averaged Test F1-Score: 0.8746
Std Test Accuracy: 0.0416
Std Test AUC: 0.0661
------------------------- time cost ------------------------- 6.2745420932769775
------------------------- time cost ------------------------- 5.6006927490234375
------------------------- time cost ------------------------- 5.576873302459717
------------------------- time cost ------------------------- 5.528651475906372
------------------------- time cost ------------------------- 5.5189208984375
------------------------- time cost ------------------------- 5.722060441970825
------------------------- time cost ------------------------- 5.666911840438843
------------------------- time cost ------------------------- 5.527937173843384
------------------------- time cost ------------------------- 5.529964447021484
------------------------- time cost ------------------------- 5.829679250717163

-------------Round number: 40-------------

Evaluate global model
Averaged Train Loss: 0.3360
Averaged Test Accuracy: 0.9148
Averaged Test AUC: 0.6860
Averaged Test Precision: 0.8385
Averaged Test Recall: 0.9148
Averaged Test F1-Score: 0.8746
Std Test Accuracy: 0.0416
Std Test AUC: 0.0521
------------------------- time cost ------------------------- 6.421060562133789
------------------------- time cost ------------------------- 5.653172492980957
------------------------- time cost ------------------------- 5.559966802597046
------------------------- time cost ------------------------- 5.64546537399292
------------------------- time cost ------------------------- 5.712817192077637
------------------------- time cost ------------------------- 5.521386384963989
------------------------- time cost ------------------------- 5.592342376708984
------------------------- time cost ------------------------- 5.694323778152466
------------------------- time cost ------------------------- 5.604485988616943
------------------------- time cost ------------------------- 5.6671226024627686

-------------Round number: 50-------------

Evaluate global model
Averaged Train Loss: 0.3398
Averaged Test Accuracy: 0.9148
Averaged Test AUC: 0.7356
Averaged Test Precision: 0.8385
Averaged Test Recall: 0.9148
Averaged Test F1-Score: 0.8746
Std Test Accuracy: 0.0416
Std Test AUC: 0.0613
------------------------- time cost ------------------------- 6.479725360870361
------------------------- time cost ------------------------- 5.691747188568115
------------------------- time cost ------------------------- 5.4978392124176025
------------------------- time cost ------------------------- 5.654415607452393
------------------------- time cost ------------------------- 5.748599052429199
------------------------- time cost ------------------------- 5.636307239532471
------------------------- time cost ------------------------- 5.791250228881836
------------------------- time cost ------------------------- 5.655391454696655
------------------------- time cost ------------------------- 5.613286733627319
------------------------- time cost ------------------------- 5.735955715179443

-------------Round number: 60-------------

Evaluate global model
Averaged Train Loss: 0.3369
Averaged Test Accuracy: 0.9148
Averaged Test AUC: 0.7580
Averaged Test Precision: 0.8385
Averaged Test Recall: 0.9148
Averaged Test F1-Score: 0.8746
Std Test Accuracy: 0.0416
Std Test AUC: 0.0666
------------------------- time cost ------------------------- 6.568362474441528
------------------------- time cost ------------------------- 5.65510368347168
------------------------- time cost ------------------------- 5.669835329055786
------------------------- time cost ------------------------- 5.532176971435547
------------------------- time cost ------------------------- 5.696883201599121
------------------------- time cost ------------------------- 5.674736976623535
------------------------- time cost ------------------------- 5.551056385040283
------------------------- time cost ------------------------- 5.624165773391724
------------------------- time cost ------------------------- 5.663354158401489
------------------------- time cost ------------------------- 5.569485187530518

-------------Round number: 70-------------

Evaluate global model
Averaged Train Loss: 0.3390
Averaged Test Accuracy: 0.9148
Averaged Test AUC: 0.7729
Averaged Test Precision: 0.8385
Averaged Test Recall: 0.9148
Averaged Test F1-Score: 0.8746
Std Test Accuracy: 0.0416
Std Test AUC: 0.0664
------------------------- time cost ------------------------- 6.520914793014526
------------------------- time cost ------------------------- 5.566445589065552
------------------------- time cost ------------------------- 5.698115110397339
------------------------- time cost ------------------------- 5.549592971801758
------------------------- time cost ------------------------- 5.719958782196045
------------------------- time cost ------------------------- 5.634239196777344
------------------------- time cost ------------------------- 5.627099990844727
------------------------- time cost ------------------------- 5.541473865509033
------------------------- time cost ------------------------- 5.576337575912476
------------------------- time cost ------------------------- 5.556165456771851

-------------Round number: 80-------------

Evaluate global model
Averaged Train Loss: 0.3366
Averaged Test Accuracy: 0.9148
Averaged Test AUC: 0.7808
Averaged Test Precision: 0.8385
Averaged Test Recall: 0.9148
Averaged Test F1-Score: 0.8746
Std Test Accuracy: 0.0416
Std Test AUC: 0.0600
------------------------- time cost ------------------------- 6.394116640090942
------------------------- time cost ------------------------- 5.540787935256958
------------------------- time cost ------------------------- 5.648620843887329
------------------------- time cost ------------------------- 5.775030136108398
------------------------- time cost ------------------------- 5.777028322219849
------------------------- time cost ------------------------- 5.662909269332886
------------------------- time cost ------------------------- 5.607699394226074
------------------------- time cost ------------------------- 5.614205837249756
------------------------- time cost ------------------------- 5.634286165237427
------------------------- time cost ------------------------- 5.573374032974243

-------------Round number: 90-------------

Evaluate global model
Averaged Train Loss: 0.3354
Averaged Test Accuracy: 0.9148
Averaged Test AUC: 0.7992
Averaged Test Precision: 0.8385
Averaged Test Recall: 0.9148
Averaged Test F1-Score: 0.8746
Std Test Accuracy: 0.0416
Std Test AUC: 0.0590
------------------------- time cost ------------------------- 6.4998204708099365
------------------------- time cost ------------------------- 5.6155078411102295
------------------------- time cost ------------------------- 5.5423383712768555
------------------------- time cost ------------------------- 5.5721635818481445
------------------------- time cost ------------------------- 5.771708250045776
------------------------- time cost ------------------------- 5.8699469566345215
------------------------- time cost ------------------------- 5.774736642837524
------------------------- time cost ------------------------- 5.545747518539429
------------------------- time cost ------------------------- 5.627729415893555
------------------------- time cost ------------------------- 5.7765052318573

-------------Round number: 100-------------

Evaluate global model
Averaged Train Loss: 0.3341
Averaged Test Accuracy: 0.9148
Averaged Test AUC: 0.8164
Averaged Test Precision: 0.8385
Averaged Test Recall: 0.9148
Averaged Test F1-Score: 0.8746
Std Test Accuracy: 0.0416
Std Test AUC: 0.0580
------------------------- time cost ------------------------- 7.007381439208984

Best accuracy.
0.9147651006711409

Average time cost per round.
5.716369698047638
File path: results/Xinwang_FedAvg_test/Xinwang_FedAvg_test_0.h5
Training process CSV file path: results/Xinwang_FedAvg_test/Xinwang_FedAvg_test_0_training_process.csv
Training process data saved to: results/Xinwang_FedAvg_test/Xinwang_FedAvg_test_0_training_process.csv

平均训练时间: 579.68秒
