实验: Xinwang_feature_skew_sign_flip_Krum_run1
物理GPU ID: 0
CUDA_VISIBLE_DEVICES: 0
时间: 2026-01-25 02:33:07
命令: /miniconda3/bin/python flcore/main.py -data Xinwang -algo FedAvg -nc 10 -gr 100 -ls 5 -lbs 64 -lr 0.01 -eg 10 -t 1 --heterogeneity feature_skew --enable_attack True --attack_mode sign_flip --malicious_ratio 0.3 --defense_mode krum --use_tlbo False --tlbo_iterations 10 --use_autoencoder False --use_committee False
工作目录: /root/DecisionSupportSystem-FedACT/system

[GPU] 使用环境变量指定的GPU: CUDA_VISIBLE_DEVICES=0
============================================================
实验配置:
============================================================
  goal: test
  device: cuda
  device_id: 0
  dataset: Xinwang
  heterogeneity: feature_skew
  model: auto
  num_classes: 2
  batch_size: 64
  local_learning_rate: 0.01
  global_rounds: 100
  local_epochs: 5
  algorithm: FedAvg
  num_clients: 10
  join_ratio: 1.0
  random_join_ratio: False
  prev: 0
  times: 1
  eval_gap: 10
  save_folder_name: results
  learning_rate_decay: False
  learning_rate_decay_gamma: 0.99
  few_shot: 0
  time_select: False
  time_threthold: 10000
  top_cnt: 100
  auto_break: False
  client_drop_rate: 0.0
  train_slow_rate: 0.0
  send_slow_rate: 0.0
  dlg_eval: False
  dlg_gap: 100
  batch_num_per_client: 2
  num_new_clients: 0
  fine_tuning_epoch_new: 0
  mu: 0.01
  beta: 0.0
  lamda: 1.0
  tau: 1.0
  plocal_epochs: 1
  server_learning_rate: 1.0
  enable_attack: True
  attack_mode: sign_flip
  malicious_ratio: 0.3
  attack_scale: 3.0
  defense_mode: krum
  use_autoencoder: False
  autoencoder_latent_dim: 64
  autoencoder_epochs: 20
  committee_size: 5
  vote_threshold: 0.5
  anomaly_threshold: 0.5
  anomaly_lower_coef: 0.7
  anomaly_upper_coef: 1.5
  use_committee: False
  tlbo_iterations: 10
  use_tlbo: False
  use_merkle: True
  use_incentive: True
============================================================

============= 第 1 次实验 =============
正在初始化服务器和客户端...
数据集: Xinwang, 特征维度: 38
模型参数量: 921,634

Join ratio / total clients: 1.0 / 10
Finished creating server and clients.

-------------Round number: 0-------------

Evaluate global model
Averaged Train Loss: 0.5754
Averaged Test Accuracy: 0.8826
Averaged Test AUC: 0.5676
Averaged Test Precision: 0.8560
Averaged Test Recall: 0.8826
Averaged Test F1-Score: 0.8646
Std Test Accuracy: 0.0776
Std Test AUC: 0.1101
------------------------- time cost ------------------------- 6.537634611129761
------------------------- time cost ------------------------- 5.3588879108428955
------------------------- time cost ------------------------- 5.5455639362335205
------------------------- time cost ------------------------- 5.2446277141571045
------------------------- time cost ------------------------- 5.317107915878296
------------------------- time cost ------------------------- 5.313899755477905
------------------------- time cost ------------------------- 5.417568206787109
------------------------- time cost ------------------------- 5.36825704574585
------------------------- time cost ------------------------- 5.3025712966918945
------------------------- time cost ------------------------- 5.647372722625732

-------------Round number: 10-------------

Evaluate global model
Averaged Train Loss: 0.3482
Averaged Test Accuracy: 0.9148
Averaged Test AUC: 0.5660
Averaged Test Precision: 0.8385
Averaged Test Recall: 0.9148
Averaged Test F1-Score: 0.8746
Std Test Accuracy: 0.0416
Std Test AUC: 0.1367
------------------------- time cost ------------------------- 6.3946051597595215
------------------------- time cost ------------------------- 5.538872718811035
------------------------- time cost ------------------------- 5.562013626098633
------------------------- time cost ------------------------- 5.445550918579102
------------------------- time cost ------------------------- 5.389591455459595
------------------------- time cost ------------------------- 5.449855804443359
------------------------- time cost ------------------------- 5.343955755233765
------------------------- time cost ------------------------- 5.387256622314453
------------------------- time cost ------------------------- 5.440791130065918
------------------------- time cost ------------------------- 5.550181865692139

-------------Round number: 20-------------

Evaluate global model
Averaged Train Loss: 0.3397
Averaged Test Accuracy: 0.9148
Averaged Test AUC: 0.6101
Averaged Test Precision: 0.8385
Averaged Test Recall: 0.9148
Averaged Test F1-Score: 0.8746
Std Test Accuracy: 0.0416
Std Test AUC: 0.0896
------------------------- time cost ------------------------- 6.3338072299957275
------------------------- time cost ------------------------- 5.423032522201538
------------------------- time cost ------------------------- 5.439635992050171
------------------------- time cost ------------------------- 5.365202188491821
------------------------- time cost ------------------------- 5.426613092422485
------------------------- time cost ------------------------- 5.412161588668823
------------------------- time cost ------------------------- 5.454843044281006
------------------------- time cost ------------------------- 5.43263053894043
------------------------- time cost ------------------------- 5.401667833328247
------------------------- time cost ------------------------- 5.411715030670166

-------------Round number: 30-------------

Evaluate global model
Averaged Train Loss: 0.3356
Averaged Test Accuracy: 0.9148
Averaged Test AUC: 0.6616
Averaged Test Precision: 0.8385
Averaged Test Recall: 0.9148
Averaged Test F1-Score: 0.8746
Std Test Accuracy: 0.0416
Std Test AUC: 0.0608
------------------------- time cost ------------------------- 6.423500061035156
------------------------- time cost ------------------------- 5.376622438430786
------------------------- time cost ------------------------- 5.56977391242981
------------------------- time cost ------------------------- 5.4017369747161865
------------------------- time cost ------------------------- 5.422784805297852
------------------------- time cost ------------------------- 5.376254081726074
------------------------- time cost ------------------------- 5.408725738525391
------------------------- time cost ------------------------- 5.528658866882324
------------------------- time cost ------------------------- 5.315286159515381
------------------------- time cost ------------------------- 5.682579755783081

-------------Round number: 40-------------

Evaluate global model
Averaged Train Loss: 0.3342
Averaged Test Accuracy: 0.9148
Averaged Test AUC: 0.6973
Averaged Test Precision: 0.8385
Averaged Test Recall: 0.9148
Averaged Test F1-Score: 0.8746
Std Test Accuracy: 0.0416
Std Test AUC: 0.0506
------------------------- time cost ------------------------- 6.288443326950073
------------------------- time cost ------------------------- 5.278053283691406
------------------------- time cost ------------------------- 5.548190116882324
------------------------- time cost ------------------------- 5.370047569274902
------------------------- time cost ------------------------- 5.391674041748047
------------------------- time cost ------------------------- 5.416015386581421
------------------------- time cost ------------------------- 5.397741317749023
------------------------- time cost ------------------------- 5.49255108833313
------------------------- time cost ------------------------- 5.40008807182312
------------------------- time cost ------------------------- 5.486938714981079

-------------Round number: 50-------------

Evaluate global model
Averaged Train Loss: 0.3370
Averaged Test Accuracy: 0.9148
Averaged Test AUC: 0.7292
Averaged Test Precision: 0.8385
Averaged Test Recall: 0.9148
Averaged Test F1-Score: 0.8746
Std Test Accuracy: 0.0416
Std Test AUC: 0.0620
------------------------- time cost ------------------------- 6.27053427696228
------------------------- time cost ------------------------- 5.356461048126221
------------------------- time cost ------------------------- 5.545336723327637
------------------------- time cost ------------------------- 5.308739900588989
------------------------- time cost ------------------------- 5.4203996658325195
------------------------- time cost ------------------------- 5.401813745498657
------------------------- time cost ------------------------- 5.480029344558716
------------------------- time cost ------------------------- 5.565988779067993
------------------------- time cost ------------------------- 5.307253837585449
------------------------- time cost ------------------------- 5.4003777503967285

-------------Round number: 60-------------

Evaluate global model
Averaged Train Loss: 0.3342
Averaged Test Accuracy: 0.9148
Averaged Test AUC: 0.7531
Averaged Test Precision: 0.8385
Averaged Test Recall: 0.9148
Averaged Test F1-Score: 0.8746
Std Test Accuracy: 0.0416
Std Test AUC: 0.0603
------------------------- time cost ------------------------- 6.351051330566406
------------------------- time cost ------------------------- 5.443777322769165
------------------------- time cost ------------------------- 5.448936700820923
------------------------- time cost ------------------------- 5.230849266052246
------------------------- time cost ------------------------- 5.318991661071777
------------------------- time cost ------------------------- 5.348519325256348
------------------------- time cost ------------------------- 5.4498021602630615
------------------------- time cost ------------------------- 5.447808742523193
------------------------- time cost ------------------------- 5.34302020072937
------------------------- time cost ------------------------- 5.5202484130859375

-------------Round number: 70-------------

Evaluate global model
Averaged Train Loss: 0.3366
Averaged Test Accuracy: 0.9148
Averaged Test AUC: 0.7761
Averaged Test Precision: 0.8385
Averaged Test Recall: 0.9148
Averaged Test F1-Score: 0.8746
Std Test Accuracy: 0.0416
Std Test AUC: 0.0645
------------------------- time cost ------------------------- 6.375786066055298
------------------------- time cost ------------------------- 5.413578271865845
------------------------- time cost ------------------------- 5.642981052398682
------------------------- time cost ------------------------- 5.393563508987427
------------------------- time cost ------------------------- 5.412480592727661
------------------------- time cost ------------------------- 5.426230430603027
------------------------- time cost ------------------------- 5.414323091506958
------------------------- time cost ------------------------- 5.467235326766968
------------------------- time cost ------------------------- 5.360632658004761
------------------------- time cost ------------------------- 5.391946315765381

-------------Round number: 80-------------

Evaluate global model
Averaged Train Loss: 0.3353
Averaged Test Accuracy: 0.9148
Averaged Test AUC: 0.7866
Averaged Test Precision: 0.8385
Averaged Test Recall: 0.9148
Averaged Test F1-Score: 0.8746
Std Test Accuracy: 0.0416
Std Test AUC: 0.0639
------------------------- time cost ------------------------- 6.2827842235565186
------------------------- time cost ------------------------- 5.359124183654785
------------------------- time cost ------------------------- 5.468104362487793
------------------------- time cost ------------------------- 5.645203113555908
------------------------- time cost ------------------------- 5.3804686069488525
------------------------- time cost ------------------------- 5.380406141281128
------------------------- time cost ------------------------- 5.374562978744507
------------------------- time cost ------------------------- 5.339446306228638
------------------------- time cost ------------------------- 5.527790069580078
------------------------- time cost ------------------------- 5.585918188095093

-------------Round number: 90-------------

Evaluate global model
Averaged Train Loss: 0.3354
Averaged Test Accuracy: 0.9148
Averaged Test AUC: 0.8039
Averaged Test Precision: 0.8385
Averaged Test Recall: 0.9148
Averaged Test F1-Score: 0.8746
Std Test Accuracy: 0.0416
Std Test AUC: 0.0654
------------------------- time cost ------------------------- 6.426963806152344
------------------------- time cost ------------------------- 5.476463079452515
------------------------- time cost ------------------------- 5.62012791633606
------------------------- time cost ------------------------- 5.25046181678772
------------------------- time cost ------------------------- 5.412870645523071
------------------------- time cost ------------------------- 5.385771036148071
------------------------- time cost ------------------------- 5.415339946746826
------------------------- time cost ------------------------- 5.561729431152344
------------------------- time cost ------------------------- 5.445192098617554
------------------------- time cost ------------------------- 5.5119664669036865

-------------Round number: 100-------------

Evaluate global model
Averaged Train Loss: 0.3332
Averaged Test Accuracy: 0.9148
Averaged Test AUC: 0.8101
Averaged Test Precision: 0.8385
Averaged Test Recall: 0.9148
Averaged Test F1-Score: 0.8746
Std Test Accuracy: 0.0416
Std Test AUC: 0.0508
------------------------- time cost ------------------------- 6.494429588317871

Best accuracy.
0.9147651006711409

Average time cost per round.
5.522993278503418
File path: results/Xinwang_FedAvg_test/Xinwang_FedAvg_test_0.h5
Training process CSV file path: results/Xinwang_FedAvg_test/Xinwang_FedAvg_test_0_training_process.csv
Training process data saved to: results/Xinwang_FedAvg_test/Xinwang_FedAvg_test_0_training_process.csv

平均训练时间: 560.19秒
