实验: Xinwang_feature_skew_gaussian_Krum_run1
物理GPU ID: 3
CUDA_VISIBLE_DEVICES: 3
时间: 2026-01-25 02:41:28
命令: /miniconda3/bin/python flcore/main.py -data Xinwang -algo FedAvg -nc 10 -gr 100 -ls 5 -lbs 64 -lr 0.01 -eg 10 -t 1 --heterogeneity feature_skew --enable_attack True --attack_mode gaussian --malicious_ratio 0.3 --defense_mode krum --use_tlbo False --tlbo_iterations 10 --use_autoencoder False --use_committee False
工作目录: /root/DecisionSupportSystem-FedACT/system

[GPU] 使用环境变量指定的GPU: CUDA_VISIBLE_DEVICES=3
============================================================
实验配置:
============================================================
  goal: test
  device: cuda
  device_id: 0
  dataset: Xinwang
  heterogeneity: feature_skew
  model: auto
  num_classes: 2
  batch_size: 64
  local_learning_rate: 0.01
  global_rounds: 100
  local_epochs: 5
  algorithm: FedAvg
  num_clients: 10
  join_ratio: 1.0
  random_join_ratio: False
  prev: 0
  times: 1
  eval_gap: 10
  save_folder_name: results
  learning_rate_decay: False
  learning_rate_decay_gamma: 0.99
  few_shot: 0
  time_select: False
  time_threthold: 10000
  top_cnt: 100
  auto_break: False
  client_drop_rate: 0.0
  train_slow_rate: 0.0
  send_slow_rate: 0.0
  dlg_eval: False
  dlg_gap: 100
  batch_num_per_client: 2
  num_new_clients: 0
  fine_tuning_epoch_new: 0
  mu: 0.01
  beta: 0.0
  lamda: 1.0
  tau: 1.0
  plocal_epochs: 1
  server_learning_rate: 1.0
  enable_attack: True
  attack_mode: gaussian
  malicious_ratio: 0.3
  attack_scale: 3.0
  defense_mode: krum
  use_autoencoder: False
  autoencoder_latent_dim: 64
  autoencoder_epochs: 20
  committee_size: 5
  vote_threshold: 0.5
  anomaly_threshold: 0.5
  anomaly_lower_coef: 0.7
  anomaly_upper_coef: 1.5
  use_committee: False
  tlbo_iterations: 10
  use_tlbo: False
  use_merkle: True
  use_incentive: True
============================================================

============= 第 1 次实验 =============
正在初始化服务器和客户端...
数据集: Xinwang, 特征维度: 38
模型参数量: 921,634

Join ratio / total clients: 1.0 / 10
Finished creating server and clients.

-------------Round number: 0-------------

Evaluate global model
Averaged Train Loss: 0.5754
Averaged Test Accuracy: 0.8826
Averaged Test AUC: 0.5676
Averaged Test Precision: 0.8560
Averaged Test Recall: 0.8826
Averaged Test F1-Score: 0.8646
Std Test Accuracy: 0.0776
Std Test AUC: 0.1101
------------------------- time cost ------------------------- 6.483896493911743
------------------------- time cost ------------------------- 5.6708290576934814
------------------------- time cost ------------------------- 5.478586912155151
------------------------- time cost ------------------------- 5.630049467086792
------------------------- time cost ------------------------- 5.391086101531982
------------------------- time cost ------------------------- 5.347797155380249
------------------------- time cost ------------------------- 5.52471923828125
------------------------- time cost ------------------------- 5.504328727722168
------------------------- time cost ------------------------- 5.438783407211304
------------------------- time cost ------------------------- 5.499417304992676

-------------Round number: 10-------------

Evaluate global model
Averaged Train Loss: 0.3475
Averaged Test Accuracy: 0.9148
Averaged Test AUC: 0.5594
Averaged Test Precision: 0.8385
Averaged Test Recall: 0.9148
Averaged Test F1-Score: 0.8746
Std Test Accuracy: 0.0416
Std Test AUC: 0.1645
------------------------- time cost ------------------------- 6.271329879760742
------------------------- time cost ------------------------- 5.712847948074341
------------------------- time cost ------------------------- 5.542076826095581
------------------------- time cost ------------------------- 5.364573240280151
------------------------- time cost ------------------------- 5.358601093292236
------------------------- time cost ------------------------- 5.397891283035278
------------------------- time cost ------------------------- 5.451254606246948
------------------------- time cost ------------------------- 5.2424163818359375
------------------------- time cost ------------------------- 5.416822910308838
------------------------- time cost ------------------------- 5.460278034210205

-------------Round number: 20-------------

Evaluate global model
Averaged Train Loss: 0.3380
Averaged Test Accuracy: 0.9148
Averaged Test AUC: 0.6100
Averaged Test Precision: 0.8385
Averaged Test Recall: 0.9148
Averaged Test F1-Score: 0.8746
Std Test Accuracy: 0.0416
Std Test AUC: 0.0866
------------------------- time cost ------------------------- 6.400228500366211
------------------------- time cost ------------------------- 5.493863344192505
------------------------- time cost ------------------------- 5.489623546600342
------------------------- time cost ------------------------- 5.292228937149048
------------------------- time cost ------------------------- 5.5421953201293945
------------------------- time cost ------------------------- 5.3453967571258545
------------------------- time cost ------------------------- 5.4252028465271
------------------------- time cost ------------------------- 5.571425676345825
------------------------- time cost ------------------------- 5.42343282699585
------------------------- time cost ------------------------- 5.367364168167114

-------------Round number: 30-------------

Evaluate global model
Averaged Train Loss: 0.3351
Averaged Test Accuracy: 0.9148
Averaged Test AUC: 0.6451
Averaged Test Precision: 0.8385
Averaged Test Recall: 0.9148
Averaged Test F1-Score: 0.8746
Std Test Accuracy: 0.0416
Std Test AUC: 0.0693
------------------------- time cost ------------------------- 6.1920130252838135
------------------------- time cost ------------------------- 5.545554876327515
------------------------- time cost ------------------------- 5.423039197921753
------------------------- time cost ------------------------- 5.48293662071228
------------------------- time cost ------------------------- 5.353660583496094
------------------------- time cost ------------------------- 5.401777267456055
------------------------- time cost ------------------------- 5.476689338684082
------------------------- time cost ------------------------- 5.29920506477356
------------------------- time cost ------------------------- 5.463717222213745
------------------------- time cost ------------------------- 5.661873817443848

-------------Round number: 40-------------

Evaluate global model
Averaged Train Loss: 0.3351
Averaged Test Accuracy: 0.9148
Averaged Test AUC: 0.6936
Averaged Test Precision: 0.8385
Averaged Test Recall: 0.9148
Averaged Test F1-Score: 0.8746
Std Test Accuracy: 0.0416
Std Test AUC: 0.0474
------------------------- time cost ------------------------- 6.196606874465942
------------------------- time cost ------------------------- 5.469735383987427
------------------------- time cost ------------------------- 5.436939001083374
------------------------- time cost ------------------------- 5.422766208648682
------------------------- time cost ------------------------- 5.514383554458618
------------------------- time cost ------------------------- 5.464146852493286
------------------------- time cost ------------------------- 5.38889217376709
------------------------- time cost ------------------------- 5.404861927032471
------------------------- time cost ------------------------- 5.438093662261963
------------------------- time cost ------------------------- 5.405783414840698

-------------Round number: 50-------------

Evaluate global model
Averaged Train Loss: 0.3393
Averaged Test Accuracy: 0.9148
Averaged Test AUC: 0.7268
Averaged Test Precision: 0.8385
Averaged Test Recall: 0.9148
Averaged Test F1-Score: 0.8746
Std Test Accuracy: 0.0416
Std Test AUC: 0.0530
------------------------- time cost ------------------------- 6.1932055950164795
------------------------- time cost ------------------------- 5.652920722961426
------------------------- time cost ------------------------- 5.4847023487091064
------------------------- time cost ------------------------- 5.481531143188477
------------------------- time cost ------------------------- 5.415137052536011
------------------------- time cost ------------------------- 5.3273069858551025
------------------------- time cost ------------------------- 5.501101016998291
------------------------- time cost ------------------------- 5.427805423736572
------------------------- time cost ------------------------- 5.47937273979187
------------------------- time cost ------------------------- 5.445978879928589

-------------Round number: 60-------------

Evaluate global model
Averaged Train Loss: 0.3365
Averaged Test Accuracy: 0.9148
Averaged Test AUC: 0.7468
Averaged Test Precision: 0.8385
Averaged Test Recall: 0.9148
Averaged Test F1-Score: 0.8746
Std Test Accuracy: 0.0416
Std Test AUC: 0.0642
------------------------- time cost ------------------------- 6.146182298660278
------------------------- time cost ------------------------- 5.627843141555786
------------------------- time cost ------------------------- 5.505708694458008
------------------------- time cost ------------------------- 5.318109035491943
------------------------- time cost ------------------------- 5.481185436248779
------------------------- time cost ------------------------- 5.327531576156616
------------------------- time cost ------------------------- 5.409681797027588
------------------------- time cost ------------------------- 5.469508647918701
------------------------- time cost ------------------------- 5.416494607925415
------------------------- time cost ------------------------- 5.529054880142212

-------------Round number: 70-------------

Evaluate global model
Averaged Train Loss: 0.3380
Averaged Test Accuracy: 0.9148
Averaged Test AUC: 0.7702
Averaged Test Precision: 0.8385
Averaged Test Recall: 0.9148
Averaged Test F1-Score: 0.8746
Std Test Accuracy: 0.0416
Std Test AUC: 0.0675
------------------------- time cost ------------------------- 6.110289096832275
------------------------- time cost ------------------------- 5.5312840938568115
------------------------- time cost ------------------------- 5.384917974472046
------------------------- time cost ------------------------- 5.485565185546875
------------------------- time cost ------------------------- 5.4554736614227295
------------------------- time cost ------------------------- 5.405627250671387
------------------------- time cost ------------------------- 5.431437015533447
------------------------- time cost ------------------------- 5.412516117095947
------------------------- time cost ------------------------- 5.464629888534546
------------------------- time cost ------------------------- 5.416484832763672

-------------Round number: 80-------------

Evaluate global model
Averaged Train Loss: 0.3368
Averaged Test Accuracy: 0.9148
Averaged Test AUC: 0.7749
Averaged Test Precision: 0.8385
Averaged Test Recall: 0.9148
Averaged Test F1-Score: 0.8746
Std Test Accuracy: 0.0416
Std Test AUC: 0.0550
------------------------- time cost ------------------------- 6.150599002838135
------------------------- time cost ------------------------- 5.526139736175537
------------------------- time cost ------------------------- 5.408925533294678
------------------------- time cost ------------------------- 5.637979030609131
------------------------- time cost ------------------------- 5.5128889083862305
------------------------- time cost ------------------------- 5.3279595375061035
------------------------- time cost ------------------------- 5.422568082809448
------------------------- time cost ------------------------- 5.291604042053223
------------------------- time cost ------------------------- 5.5214433670043945
------------------------- time cost ------------------------- 5.448511123657227

-------------Round number: 90-------------

Evaluate global model
Averaged Train Loss: 0.3359
Averaged Test Accuracy: 0.9148
Averaged Test AUC: 0.8098
Averaged Test Precision: 0.8385
Averaged Test Recall: 0.9148
Averaged Test F1-Score: 0.8746
Std Test Accuracy: 0.0416
Std Test AUC: 0.0698
------------------------- time cost ------------------------- 6.210599422454834
------------------------- time cost ------------------------- 5.4383814334869385
------------------------- time cost ------------------------- 5.440526723861694
------------------------- time cost ------------------------- 5.4676594734191895
------------------------- time cost ------------------------- 5.380616664886475
------------------------- time cost ------------------------- 5.501413583755493
------------------------- time cost ------------------------- 5.466092824935913
------------------------- time cost ------------------------- 5.462538003921509
------------------------- time cost ------------------------- 5.400143146514893
------------------------- time cost ------------------------- 5.417079925537109

-------------Round number: 100-------------

Evaluate global model
Averaged Train Loss: 0.3329
Averaged Test Accuracy: 0.9148
Averaged Test AUC: 0.8231
Averaged Test Precision: 0.8385
Averaged Test Recall: 0.9148
Averaged Test F1-Score: 0.8746
Std Test Accuracy: 0.0416
Std Test AUC: 0.0674
------------------------- time cost ------------------------- 6.29528284072876

Best accuracy.
0.9147651006711409

Average time cost per round.
5.529648671150207
File path: results/Xinwang_FedAvg_test/Xinwang_FedAvg_test_0.h5
Training process CSV file path: results/Xinwang_FedAvg_test/Xinwang_FedAvg_test_0_training_process.csv
Training process data saved to: results/Xinwang_FedAvg_test/Xinwang_FedAvg_test_0_training_process.csv

平均训练时间: 560.88秒
