实验: Xinwang_label_skew_ipm_RFA_run1
物理GPU ID: 1
CUDA_VISIBLE_DEVICES: 1
时间: 2026-01-25 01:26:08
命令: /miniconda3/bin/python flcore/main.py -data Xinwang -algo FedAvg -nc 10 -gr 100 -ls 5 -lbs 64 -lr 0.01 -eg 10 -t 1 --heterogeneity label_skew --enable_attack True --attack_mode ipm --malicious_ratio 0.3 --defense_mode rfa --use_tlbo False --tlbo_iterations 10 --use_autoencoder False --use_committee False
工作目录: /root/DecisionSupportSystem-FedACT/system

[GPU] 使用环境变量指定的GPU: CUDA_VISIBLE_DEVICES=1
============================================================
实验配置:
============================================================
  goal: test
  device: cuda
  device_id: 0
  dataset: Xinwang
  heterogeneity: label_skew
  model: auto
  num_classes: 2
  batch_size: 64
  local_learning_rate: 0.01
  global_rounds: 100
  local_epochs: 5
  algorithm: FedAvg
  num_clients: 10
  join_ratio: 1.0
  random_join_ratio: False
  prev: 0
  times: 1
  eval_gap: 10
  save_folder_name: results
  learning_rate_decay: False
  learning_rate_decay_gamma: 0.99
  few_shot: 0
  time_select: False
  time_threthold: 10000
  top_cnt: 100
  auto_break: False
  client_drop_rate: 0.0
  train_slow_rate: 0.0
  send_slow_rate: 0.0
  dlg_eval: False
  dlg_gap: 100
  batch_num_per_client: 2
  num_new_clients: 0
  fine_tuning_epoch_new: 0
  mu: 0.01
  beta: 0.0
  lamda: 1.0
  tau: 1.0
  plocal_epochs: 1
  server_learning_rate: 1.0
  enable_attack: True
  attack_mode: ipm
  malicious_ratio: 0.3
  attack_scale: 3.0
  defense_mode: rfa
  use_autoencoder: False
  autoencoder_latent_dim: 64
  autoencoder_epochs: 20
  committee_size: 5
  vote_threshold: 0.5
  anomaly_threshold: 0.5
  anomaly_lower_coef: 0.7
  anomaly_upper_coef: 1.5
  use_committee: False
  tlbo_iterations: 10
  use_tlbo: False
  use_merkle: True
  use_incentive: True
============================================================

============= 第 1 次实验 =============
正在初始化服务器和客户端...
数据集: Xinwang, 特征维度: 38
模型参数量: 921,634

Join ratio / total clients: 1.0 / 10
Finished creating server and clients.

-------------Round number: 0-------------

Evaluate global model
Averaged Train Loss: 0.5754
Averaged Test Accuracy: 0.8826
Averaged Test AUC: 0.5676
Averaged Test Precision: 0.8560
Averaged Test Recall: 0.8826
Averaged Test F1-Score: 0.8646
Std Test Accuracy: 0.0776
Std Test AUC: 0.1101
------------------------- time cost ------------------------- 6.500473976135254
------------------------- time cost ------------------------- 5.48061466217041
------------------------- time cost ------------------------- 5.388190984725952
------------------------- time cost ------------------------- 5.523390769958496
------------------------- time cost ------------------------- 5.429054498672485
------------------------- time cost ------------------------- 5.616629362106323
------------------------- time cost ------------------------- 5.450400352478027
------------------------- time cost ------------------------- 5.6002256870269775
------------------------- time cost ------------------------- 5.484927415847778
------------------------- time cost ------------------------- 5.5985705852508545

-------------Round number: 10-------------

Evaluate global model
Averaged Train Loss: 0.3480
Averaged Test Accuracy: 0.9148
Averaged Test AUC: 0.5636
Averaged Test Precision: 0.8385
Averaged Test Recall: 0.9148
Averaged Test F1-Score: 0.8746
Std Test Accuracy: 0.0416
Std Test AUC: 0.1341
------------------------- time cost ------------------------- 6.309116840362549
------------------------- time cost ------------------------- 5.632369756698608
------------------------- time cost ------------------------- 5.495124816894531
------------------------- time cost ------------------------- 5.1135804653167725
------------------------- time cost ------------------------- 5.477071046829224
------------------------- time cost ------------------------- 5.596401691436768
------------------------- time cost ------------------------- 5.556084632873535
------------------------- time cost ------------------------- 5.679979562759399
------------------------- time cost ------------------------- 5.43902063369751
------------------------- time cost ------------------------- 5.565991640090942

-------------Round number: 20-------------

Evaluate global model
Averaged Train Loss: 0.3382
Averaged Test Accuracy: 0.9148
Averaged Test AUC: 0.6412
Averaged Test Precision: 0.8385
Averaged Test Recall: 0.9148
Averaged Test F1-Score: 0.8746
Std Test Accuracy: 0.0416
Std Test AUC: 0.0858
------------------------- time cost ------------------------- 6.278261661529541
------------------------- time cost ------------------------- 5.599834442138672
------------------------- time cost ------------------------- 5.599959135055542
------------------------- time cost ------------------------- 5.477788686752319
------------------------- time cost ------------------------- 5.466987609863281
------------------------- time cost ------------------------- 5.54172682762146
------------------------- time cost ------------------------- 5.3817548751831055
------------------------- time cost ------------------------- 5.590607643127441
------------------------- time cost ------------------------- 5.364288806915283
------------------------- time cost ------------------------- 5.431041479110718

-------------Round number: 30-------------

Evaluate global model
Averaged Train Loss: 0.3353
Averaged Test Accuracy: 0.9148
Averaged Test AUC: 0.6564
Averaged Test Precision: 0.8385
Averaged Test Recall: 0.9148
Averaged Test F1-Score: 0.8746
Std Test Accuracy: 0.0416
Std Test AUC: 0.0577
------------------------- time cost ------------------------- 6.243179798126221
------------------------- time cost ------------------------- 5.5571370124816895
------------------------- time cost ------------------------- 5.426271438598633
------------------------- time cost ------------------------- 5.411390066146851
------------------------- time cost ------------------------- 5.3694236278533936
------------------------- time cost ------------------------- 5.485204696655273
------------------------- time cost ------------------------- 5.475679636001587
------------------------- time cost ------------------------- 5.480594158172607
------------------------- time cost ------------------------- 5.503044128417969
------------------------- time cost ------------------------- 5.637410640716553

-------------Round number: 40-------------

Evaluate global model
Averaged Train Loss: 0.3365
Averaged Test Accuracy: 0.9148
Averaged Test AUC: 0.6972
Averaged Test Precision: 0.8385
Averaged Test Recall: 0.9148
Averaged Test F1-Score: 0.8746
Std Test Accuracy: 0.0416
Std Test AUC: 0.0531
------------------------- time cost ------------------------- 6.318671941757202
------------------------- time cost ------------------------- 5.634112358093262
------------------------- time cost ------------------------- 5.436667203903198
------------------------- time cost ------------------------- 5.389413118362427
------------------------- time cost ------------------------- 5.539572477340698
------------------------- time cost ------------------------- 5.603392839431763
------------------------- time cost ------------------------- 5.4326817989349365
------------------------- time cost ------------------------- 5.493159294128418
------------------------- time cost ------------------------- 5.526787519454956
------------------------- time cost ------------------------- 5.588921785354614

-------------Round number: 50-------------

Evaluate global model
Averaged Train Loss: 0.3391
Averaged Test Accuracy: 0.9148
Averaged Test AUC: 0.7325
Averaged Test Precision: 0.8385
Averaged Test Recall: 0.9148
Averaged Test F1-Score: 0.8746
Std Test Accuracy: 0.0416
Std Test AUC: 0.0548
------------------------- time cost ------------------------- 6.237578868865967
------------------------- time cost ------------------------- 5.50942850112915
------------------------- time cost ------------------------- 5.405462265014648
------------------------- time cost ------------------------- 5.493544101715088
------------------------- time cost ------------------------- 5.275087118148804
------------------------- time cost ------------------------- 5.424445390701294
------------------------- time cost ------------------------- 5.5710954666137695
------------------------- time cost ------------------------- 5.514484882354736
------------------------- time cost ------------------------- 5.539713144302368
------------------------- time cost ------------------------- 5.518061637878418

-------------Round number: 60-------------

Evaluate global model
Averaged Train Loss: 0.3362
Averaged Test Accuracy: 0.9148
Averaged Test AUC: 0.7532
Averaged Test Precision: 0.8385
Averaged Test Recall: 0.9148
Averaged Test F1-Score: 0.8746
Std Test Accuracy: 0.0416
Std Test AUC: 0.0612
------------------------- time cost ------------------------- 6.460662841796875
------------------------- time cost ------------------------- 5.525303602218628
------------------------- time cost ------------------------- 5.432863712310791
------------------------- time cost ------------------------- 5.386050224304199
------------------------- time cost ------------------------- 5.410505056381226
------------------------- time cost ------------------------- 5.542965888977051
------------------------- time cost ------------------------- 5.539042234420776
------------------------- time cost ------------------------- 5.474597692489624
------------------------- time cost ------------------------- 5.528460264205933
------------------------- time cost ------------------------- 5.501763582229614

-------------Round number: 70-------------

Evaluate global model
Averaged Train Loss: 0.3381
Averaged Test Accuracy: 0.9148
Averaged Test AUC: 0.7725
Averaged Test Precision: 0.8385
Averaged Test Recall: 0.9148
Averaged Test F1-Score: 0.8746
Std Test Accuracy: 0.0416
Std Test AUC: 0.0665
------------------------- time cost ------------------------- 6.206722736358643
------------------------- time cost ------------------------- 5.523733377456665
------------------------- time cost ------------------------- 5.4486658573150635
------------------------- time cost ------------------------- 5.552696228027344
------------------------- time cost ------------------------- 5.427875518798828
------------------------- time cost ------------------------- 5.6053783893585205
------------------------- time cost ------------------------- 5.574111700057983
------------------------- time cost ------------------------- 5.468185186386108
------------------------- time cost ------------------------- 5.409766674041748
------------------------- time cost ------------------------- 5.563682794570923

-------------Round number: 80-------------

Evaluate global model
Averaged Train Loss: 0.3381
Averaged Test Accuracy: 0.9148
Averaged Test AUC: 0.7925
Averaged Test Precision: 0.8385
Averaged Test Recall: 0.9148
Averaged Test F1-Score: 0.8746
Std Test Accuracy: 0.0416
Std Test AUC: 0.0688
------------------------- time cost ------------------------- 6.101463079452515
------------------------- time cost ------------------------- 5.562079906463623
------------------------- time cost ------------------------- 5.408605575561523
------------------------- time cost ------------------------- 5.658957004547119
------------------------- time cost ------------------------- 5.433234930038452
------------------------- time cost ------------------------- 5.594722509384155
------------------------- time cost ------------------------- 5.435606956481934
------------------------- time cost ------------------------- 5.352447509765625
------------------------- time cost ------------------------- 5.5507965087890625
------------------------- time cost ------------------------- 5.5503575801849365

-------------Round number: 90-------------

Evaluate global model
Averaged Train Loss: 0.3378
Averaged Test Accuracy: 0.9148
Averaged Test AUC: 0.8072
Averaged Test Precision: 0.8385
Averaged Test Recall: 0.9148
Averaged Test F1-Score: 0.8746
Std Test Accuracy: 0.0416
Std Test AUC: 0.0625
------------------------- time cost ------------------------- 6.255812406539917
------------------------- time cost ------------------------- 5.591419458389282
------------------------- time cost ------------------------- 5.442556858062744
------------------------- time cost ------------------------- 5.490605115890503
------------------------- time cost ------------------------- 5.4820990562438965
------------------------- time cost ------------------------- 5.438392400741577
------------------------- time cost ------------------------- 5.4340221881866455
------------------------- time cost ------------------------- 5.678478956222534
------------------------- time cost ------------------------- 5.655514478683472
------------------------- time cost ------------------------- 5.631371736526489

-------------Round number: 100-------------

Evaluate global model
Averaged Train Loss: 0.3332
Averaged Test Accuracy: 0.9148
Averaged Test AUC: 0.8233
Averaged Test Precision: 0.8385
Averaged Test Recall: 0.9148
Averaged Test F1-Score: 0.8746
Std Test Accuracy: 0.0416
Std Test AUC: 0.0632
------------------------- time cost ------------------------- 6.489358901977539

Best accuracy.
0.9147651006711409

Average time cost per round.
5.580315501689911
File path: results/Xinwang_FedAvg_test/Xinwang_FedAvg_test_0.h5
Training process CSV file path: results/Xinwang_FedAvg_test/Xinwang_FedAvg_test_0_training_process.csv
Training process data saved to: results/Xinwang_FedAvg_test/Xinwang_FedAvg_test_0_training_process.csv

平均训练时间: 565.94秒
