实验: Xinwang_label_skew_sign_flip_Bulyan_run1
物理GPU ID: 0
CUDA_VISIBLE_DEVICES: 0
时间: 2026-01-25 01:07:22
命令: /miniconda3/bin/python flcore/main.py -data Xinwang -algo FedAvg -nc 10 -gr 100 -ls 5 -lbs 64 -lr 0.01 -eg 10 -t 1 --heterogeneity label_skew --enable_attack True --attack_mode sign_flip --malicious_ratio 0.3 --defense_mode bulyan --use_tlbo False --tlbo_iterations 10 --use_autoencoder False --use_committee False
工作目录: /root/DecisionSupportSystem-FedACT/system

[GPU] 使用环境变量指定的GPU: CUDA_VISIBLE_DEVICES=0
============================================================
实验配置:
============================================================
  goal: test
  device: cuda
  device_id: 0
  dataset: Xinwang
  heterogeneity: label_skew
  model: auto
  num_classes: 2
  batch_size: 64
  local_learning_rate: 0.01
  global_rounds: 100
  local_epochs: 5
  algorithm: FedAvg
  num_clients: 10
  join_ratio: 1.0
  random_join_ratio: False
  prev: 0
  times: 1
  eval_gap: 10
  save_folder_name: results
  learning_rate_decay: False
  learning_rate_decay_gamma: 0.99
  few_shot: 0
  time_select: False
  time_threthold: 10000
  top_cnt: 100
  auto_break: False
  client_drop_rate: 0.0
  train_slow_rate: 0.0
  send_slow_rate: 0.0
  dlg_eval: False
  dlg_gap: 100
  batch_num_per_client: 2
  num_new_clients: 0
  fine_tuning_epoch_new: 0
  mu: 0.01
  beta: 0.0
  lamda: 1.0
  tau: 1.0
  plocal_epochs: 1
  server_learning_rate: 1.0
  enable_attack: True
  attack_mode: sign_flip
  malicious_ratio: 0.3
  attack_scale: 3.0
  defense_mode: bulyan
  use_autoencoder: False
  autoencoder_latent_dim: 64
  autoencoder_epochs: 20
  committee_size: 5
  vote_threshold: 0.5
  anomaly_threshold: 0.5
  anomaly_lower_coef: 0.7
  anomaly_upper_coef: 1.5
  use_committee: False
  tlbo_iterations: 10
  use_tlbo: False
  use_merkle: True
  use_incentive: True
============================================================

============= 第 1 次实验 =============
正在初始化服务器和客户端...
数据集: Xinwang, 特征维度: 38
模型参数量: 921,634

Join ratio / total clients: 1.0 / 10
Finished creating server and clients.

-------------Round number: 0-------------

Evaluate global model
Averaged Train Loss: 0.5754
Averaged Test Accuracy: 0.8826
Averaged Test AUC: 0.5676
Averaged Test Precision: 0.8560
Averaged Test Recall: 0.8826
Averaged Test F1-Score: 0.8646
Std Test Accuracy: 0.0776
Std Test AUC: 0.1101
------------------------- time cost ------------------------- 6.709168434143066
------------------------- time cost ------------------------- 5.488244533538818
------------------------- time cost ------------------------- 5.476693391799927
------------------------- time cost ------------------------- 5.569975137710571
------------------------- time cost ------------------------- 5.678573369979858
------------------------- time cost ------------------------- 5.51789665222168
------------------------- time cost ------------------------- 5.8333213329315186
------------------------- time cost ------------------------- 5.455501556396484
------------------------- time cost ------------------------- 5.723020792007446
------------------------- time cost ------------------------- 5.468653202056885

-------------Round number: 10-------------

Evaluate global model
Averaged Train Loss: 0.3501
Averaged Test Accuracy: 0.9148
Averaged Test AUC: 0.5650
Averaged Test Precision: 0.8385
Averaged Test Recall: 0.9148
Averaged Test F1-Score: 0.8746
Std Test Accuracy: 0.0416
Std Test AUC: 0.1511
------------------------- time cost ------------------------- 6.347669363021851
------------------------- time cost ------------------------- 5.976555347442627
------------------------- time cost ------------------------- 5.169867038726807
------------------------- time cost ------------------------- 5.6161887645721436
------------------------- time cost ------------------------- 5.523169040679932
------------------------- time cost ------------------------- 5.457571029663086
------------------------- time cost ------------------------- 5.721964120864868
------------------------- time cost ------------------------- 5.506324052810669
------------------------- time cost ------------------------- 5.633717775344849
------------------------- time cost ------------------------- 5.602020025253296

-------------Round number: 20-------------

Evaluate global model
Averaged Train Loss: 0.3391
Averaged Test Accuracy: 0.9148
Averaged Test AUC: 0.6054
Averaged Test Precision: 0.8385
Averaged Test Recall: 0.9148
Averaged Test F1-Score: 0.8746
Std Test Accuracy: 0.0416
Std Test AUC: 0.1033
------------------------- time cost ------------------------- 6.469457626342773
------------------------- time cost ------------------------- 5.696757078170776
------------------------- time cost ------------------------- 5.525807619094849
------------------------- time cost ------------------------- 5.6514952182769775
------------------------- time cost ------------------------- 5.58580207824707
------------------------- time cost ------------------------- 5.505452394485474
------------------------- time cost ------------------------- 5.67149806022644
------------------------- time cost ------------------------- 5.575274467468262
------------------------- time cost ------------------------- 5.520549058914185
------------------------- time cost ------------------------- 5.492914199829102

-------------Round number: 30-------------

Evaluate global model
Averaged Train Loss: 0.3369
Averaged Test Accuracy: 0.9148
Averaged Test AUC: 0.6621
Averaged Test Precision: 0.8385
Averaged Test Recall: 0.9148
Averaged Test F1-Score: 0.8746
Std Test Accuracy: 0.0416
Std Test AUC: 0.0532
------------------------- time cost ------------------------- 6.353532314300537
------------------------- time cost ------------------------- 5.669446706771851
------------------------- time cost ------------------------- 5.543864488601685
------------------------- time cost ------------------------- 5.554022550582886
------------------------- time cost ------------------------- 5.470739364624023
------------------------- time cost ------------------------- 5.627091407775879
------------------------- time cost ------------------------- 5.6049089431762695
------------------------- time cost ------------------------- 5.626559734344482
------------------------- time cost ------------------------- 5.618205547332764
------------------------- time cost ------------------------- 5.838988542556763

-------------Round number: 40-------------

Evaluate global model
Averaged Train Loss: 0.3367
Averaged Test Accuracy: 0.9148
Averaged Test AUC: 0.6864
Averaged Test Precision: 0.8385
Averaged Test Recall: 0.9148
Averaged Test F1-Score: 0.8746
Std Test Accuracy: 0.0416
Std Test AUC: 0.0479
------------------------- time cost ------------------------- 6.446620225906372
------------------------- time cost ------------------------- 5.454129219055176
------------------------- time cost ------------------------- 5.5353076457977295
------------------------- time cost ------------------------- 5.543704509735107
------------------------- time cost ------------------------- 5.598883628845215
------------------------- time cost ------------------------- 5.679230451583862
------------------------- time cost ------------------------- 5.64669132232666
------------------------- time cost ------------------------- 5.6583638191223145
------------------------- time cost ------------------------- 5.8168439865112305
------------------------- time cost ------------------------- 5.661497116088867

-------------Round number: 50-------------

Evaluate global model
Averaged Train Loss: 0.3385
Averaged Test Accuracy: 0.9148
Averaged Test AUC: 0.7255
Averaged Test Precision: 0.8385
Averaged Test Recall: 0.9148
Averaged Test F1-Score: 0.8746
Std Test Accuracy: 0.0416
Std Test AUC: 0.0507
------------------------- time cost ------------------------- 6.4852752685546875
------------------------- time cost ------------------------- 5.582065582275391
------------------------- time cost ------------------------- 5.530443906784058
------------------------- time cost ------------------------- 5.415594100952148
------------------------- time cost ------------------------- 5.536388158798218
------------------------- time cost ------------------------- 5.577213287353516
------------------------- time cost ------------------------- 5.757199764251709
------------------------- time cost ------------------------- 5.59476900100708
------------------------- time cost ------------------------- 5.634504079818726
------------------------- time cost ------------------------- 5.551182985305786

-------------Round number: 60-------------

Evaluate global model
Averaged Train Loss: 0.3373
Averaged Test Accuracy: 0.9148
Averaged Test AUC: 0.7497
Averaged Test Precision: 0.8385
Averaged Test Recall: 0.9148
Averaged Test F1-Score: 0.8746
Std Test Accuracy: 0.0416
Std Test AUC: 0.0585
------------------------- time cost ------------------------- 6.416272163391113
------------------------- time cost ------------------------- 5.665297269821167
------------------------- time cost ------------------------- 5.584855079650879
------------------------- time cost ------------------------- 5.605049133300781
------------------------- time cost ------------------------- 5.560175657272339
------------------------- time cost ------------------------- 5.599227666854858
------------------------- time cost ------------------------- 5.52088475227356
------------------------- time cost ------------------------- 5.686863899230957
------------------------- time cost ------------------------- 5.5667643547058105
------------------------- time cost ------------------------- 5.565554857254028

-------------Round number: 70-------------

Evaluate global model
Averaged Train Loss: 0.3385
Averaged Test Accuracy: 0.9148
Averaged Test AUC: 0.7682
Averaged Test Precision: 0.8385
Averaged Test Recall: 0.9148
Averaged Test F1-Score: 0.8746
Std Test Accuracy: 0.0416
Std Test AUC: 0.0604
------------------------- time cost ------------------------- 6.34560227394104
------------------------- time cost ------------------------- 5.604269981384277
------------------------- time cost ------------------------- 5.642702341079712
------------------------- time cost ------------------------- 5.624175786972046
------------------------- time cost ------------------------- 5.4087700843811035
------------------------- time cost ------------------------- 5.646219968795776
------------------------- time cost ------------------------- 5.705489158630371
------------------------- time cost ------------------------- 5.542101621627808
------------------------- time cost ------------------------- 5.535916328430176
------------------------- time cost ------------------------- 5.596796989440918

-------------Round number: 80-------------

Evaluate global model
Averaged Train Loss: 0.3377
Averaged Test Accuracy: 0.9148
Averaged Test AUC: 0.7774
Averaged Test Precision: 0.8385
Averaged Test Recall: 0.9148
Averaged Test F1-Score: 0.8746
Std Test Accuracy: 0.0416
Std Test AUC: 0.0556
------------------------- time cost ------------------------- 6.438825607299805
------------------------- time cost ------------------------- 5.635659694671631
------------------------- time cost ------------------------- 5.691345930099487
------------------------- time cost ------------------------- 5.679711580276489
------------------------- time cost ------------------------- 5.567485332489014
------------------------- time cost ------------------------- 5.723389625549316
------------------------- time cost ------------------------- 5.686301946640015
------------------------- time cost ------------------------- 5.600550413131714
------------------------- time cost ------------------------- 5.598083019256592
------------------------- time cost ------------------------- 5.730414152145386

-------------Round number: 90-------------

Evaluate global model
Averaged Train Loss: 0.3380
Averaged Test Accuracy: 0.9148
Averaged Test AUC: 0.7942
Averaged Test Precision: 0.8385
Averaged Test Recall: 0.9148
Averaged Test F1-Score: 0.8746
Std Test Accuracy: 0.0416
Std Test AUC: 0.0486
------------------------- time cost ------------------------- 6.2542808055877686
------------------------- time cost ------------------------- 5.43199610710144
------------------------- time cost ------------------------- 5.508984565734863
------------------------- time cost ------------------------- 5.575024604797363
------------------------- time cost ------------------------- 5.554303169250488
------------------------- time cost ------------------------- 5.561796426773071
------------------------- time cost ------------------------- 5.751669645309448
------------------------- time cost ------------------------- 5.729436159133911
------------------------- time cost ------------------------- 5.791123151779175
------------------------- time cost ------------------------- 5.583521842956543

-------------Round number: 100-------------

Evaluate global model
Averaged Train Loss: 0.3362
Averaged Test Accuracy: 0.9148
Averaged Test AUC: 0.8036
Averaged Test Precision: 0.8385
Averaged Test Recall: 0.9148
Averaged Test F1-Score: 0.8746
Std Test Accuracy: 0.0416
Std Test AUC: 0.0449
------------------------- time cost ------------------------- 6.768309116363525

Best accuracy.
0.9147651006711409

Average time cost per round.
5.68360404253006
File path: results/Xinwang_FedAvg_test/Xinwang_FedAvg_test_0.h5
Training process CSV file path: results/Xinwang_FedAvg_test/Xinwang_FedAvg_test_0_training_process.csv
Training process data saved to: results/Xinwang_FedAvg_test/Xinwang_FedAvg_test_0_training_process.csv

平均训练时间: 576.41秒
