实验: Xinwang_iid_backdoor_MultiKrum_run1
物理GPU ID: 0
CUDA_VISIBLE_DEVICES: 0
时间: 2026-01-25 00:57:35
命令: /miniconda3/bin/python flcore/main.py -data Xinwang -algo FedAvg -nc 10 -gr 100 -ls 5 -lbs 64 -lr 0.01 -eg 10 -t 1 --heterogeneity iid --enable_attack True --attack_mode backdoor --malicious_ratio 0.3 --defense_mode multi_krum --use_tlbo False --tlbo_iterations 10 --use_autoencoder False --use_committee False
工作目录: /root/DecisionSupportSystem-FedACT/system

[GPU] 使用环境变量指定的GPU: CUDA_VISIBLE_DEVICES=0
============================================================
实验配置:
============================================================
  goal: test
  device: cuda
  device_id: 0
  dataset: Xinwang
  heterogeneity: iid
  model: auto
  num_classes: 2
  batch_size: 64
  local_learning_rate: 0.01
  global_rounds: 100
  local_epochs: 5
  algorithm: FedAvg
  num_clients: 10
  join_ratio: 1.0
  random_join_ratio: False
  prev: 0
  times: 1
  eval_gap: 10
  save_folder_name: results
  learning_rate_decay: False
  learning_rate_decay_gamma: 0.99
  few_shot: 0
  time_select: False
  time_threthold: 10000
  top_cnt: 100
  auto_break: False
  client_drop_rate: 0.0
  train_slow_rate: 0.0
  send_slow_rate: 0.0
  dlg_eval: False
  dlg_gap: 100
  batch_num_per_client: 2
  num_new_clients: 0
  fine_tuning_epoch_new: 0
  mu: 0.01
  beta: 0.0
  lamda: 1.0
  tau: 1.0
  plocal_epochs: 1
  server_learning_rate: 1.0
  enable_attack: True
  attack_mode: backdoor
  malicious_ratio: 0.3
  attack_scale: 3.0
  defense_mode: multi_krum
  use_autoencoder: False
  autoencoder_latent_dim: 64
  autoencoder_epochs: 20
  committee_size: 5
  vote_threshold: 0.5
  anomaly_threshold: 0.5
  anomaly_lower_coef: 0.7
  anomaly_upper_coef: 1.5
  use_committee: False
  tlbo_iterations: 10
  use_tlbo: False
  use_merkle: True
  use_incentive: True
============================================================

============= 第 1 次实验 =============
正在初始化服务器和客户端...
数据集: Xinwang, 特征维度: 38
模型参数量: 921,634

Join ratio / total clients: 1.0 / 10
Finished creating server and clients.

-------------Round number: 0-------------

Evaluate global model
Averaged Train Loss: 0.5754
Averaged Test Accuracy: 0.8826
Averaged Test AUC: 0.5676
Averaged Test Precision: 0.8560
Averaged Test Recall: 0.8826
Averaged Test F1-Score: 0.8646
Std Test Accuracy: 0.0776
Std Test AUC: 0.1101
------------------------- time cost ------------------------- 6.54241156578064
------------------------- time cost ------------------------- 5.269495487213135
------------------------- time cost ------------------------- 5.444744348526001
------------------------- time cost ------------------------- 5.393060684204102
------------------------- time cost ------------------------- 5.744591236114502
------------------------- time cost ------------------------- 5.831804037094116
------------------------- time cost ------------------------- 5.787588357925415
------------------------- time cost ------------------------- 5.8202714920043945
------------------------- time cost ------------------------- 6.010516166687012
------------------------- time cost ------------------------- 5.689149618148804

-------------Round number: 10-------------

Evaluate global model
Averaged Train Loss: 0.3480
Averaged Test Accuracy: 0.9148
Averaged Test AUC: 0.5726
Averaged Test Precision: 0.8385
Averaged Test Recall: 0.9148
Averaged Test F1-Score: 0.8746
Std Test Accuracy: 0.0416
Std Test AUC: 0.1506
------------------------- time cost ------------------------- 6.478775262832642
------------------------- time cost ------------------------- 5.666662931442261
------------------------- time cost ------------------------- 5.647722244262695
------------------------- time cost ------------------------- 5.507284641265869
------------------------- time cost ------------------------- 5.4851086139678955
------------------------- time cost ------------------------- 5.528579473495483
------------------------- time cost ------------------------- 5.515360116958618
------------------------- time cost ------------------------- 5.6771018505096436
------------------------- time cost ------------------------- 5.6969757080078125
------------------------- time cost ------------------------- 5.652995586395264

-------------Round number: 20-------------

Evaluate global model
Averaged Train Loss: 0.3387
Averaged Test Accuracy: 0.9148
Averaged Test AUC: 0.6043
Averaged Test Precision: 0.8385
Averaged Test Recall: 0.9148
Averaged Test F1-Score: 0.8746
Std Test Accuracy: 0.0416
Std Test AUC: 0.1103
------------------------- time cost ------------------------- 6.378784894943237
------------------------- time cost ------------------------- 5.828500270843506
------------------------- time cost ------------------------- 5.572078704833984
------------------------- time cost ------------------------- 5.679217338562012
------------------------- time cost ------------------------- 5.553317308425903
------------------------- time cost ------------------------- 5.524807929992676
------------------------- time cost ------------------------- 5.567418575286865
------------------------- time cost ------------------------- 5.526675701141357
------------------------- time cost ------------------------- 5.426235675811768
------------------------- time cost ------------------------- 5.669462442398071

-------------Round number: 30-------------

Evaluate global model
Averaged Train Loss: 0.3353
Averaged Test Accuracy: 0.9148
Averaged Test AUC: 0.6402
Averaged Test Precision: 0.8385
Averaged Test Recall: 0.9148
Averaged Test F1-Score: 0.8746
Std Test Accuracy: 0.0416
Std Test AUC: 0.0716
------------------------- time cost ------------------------- 6.492549896240234
------------------------- time cost ------------------------- 5.640615701675415
------------------------- time cost ------------------------- 5.649868726730347
------------------------- time cost ------------------------- 5.680632829666138
------------------------- time cost ------------------------- 5.628901958465576
------------------------- time cost ------------------------- 5.6434032917022705
------------------------- time cost ------------------------- 5.486094236373901
------------------------- time cost ------------------------- 5.548669338226318
------------------------- time cost ------------------------- 5.4470415115356445
------------------------- time cost ------------------------- 5.773362636566162

-------------Round number: 40-------------

Evaluate global model
Averaged Train Loss: 0.3360
Averaged Test Accuracy: 0.9148
Averaged Test AUC: 0.6898
Averaged Test Precision: 0.8385
Averaged Test Recall: 0.9148
Averaged Test F1-Score: 0.8746
Std Test Accuracy: 0.0416
Std Test AUC: 0.0599
------------------------- time cost ------------------------- 6.450539588928223
------------------------- time cost ------------------------- 5.691934823989868
------------------------- time cost ------------------------- 5.537528991699219
------------------------- time cost ------------------------- 5.5867369174957275
------------------------- time cost ------------------------- 5.678856372833252
------------------------- time cost ------------------------- 5.565202474594116
------------------------- time cost ------------------------- 5.495480298995972
------------------------- time cost ------------------------- 5.525209903717041
------------------------- time cost ------------------------- 5.549499273300171
------------------------- time cost ------------------------- 5.639006614685059

-------------Round number: 50-------------

Evaluate global model
Averaged Train Loss: 0.3374
Averaged Test Accuracy: 0.9148
Averaged Test AUC: 0.7278
Averaged Test Precision: 0.8385
Averaged Test Recall: 0.9148
Averaged Test F1-Score: 0.8746
Std Test Accuracy: 0.0416
Std Test AUC: 0.0546
------------------------- time cost ------------------------- 6.380835056304932
------------------------- time cost ------------------------- 5.6431708335876465
------------------------- time cost ------------------------- 5.695770978927612
------------------------- time cost ------------------------- 5.711915016174316
------------------------- time cost ------------------------- 5.716914653778076
------------------------- time cost ------------------------- 5.621839284896851
------------------------- time cost ------------------------- 5.646931886672974
------------------------- time cost ------------------------- 5.516904592514038
------------------------- time cost ------------------------- 5.609061002731323
------------------------- time cost ------------------------- 5.519518852233887

-------------Round number: 60-------------

Evaluate global model
Averaged Train Loss: 0.3354
Averaged Test Accuracy: 0.9148
Averaged Test AUC: 0.7476
Averaged Test Precision: 0.8385
Averaged Test Recall: 0.9148
Averaged Test F1-Score: 0.8746
Std Test Accuracy: 0.0416
Std Test AUC: 0.0534
------------------------- time cost ------------------------- 6.358051061630249
------------------------- time cost ------------------------- 5.581135988235474
------------------------- time cost ------------------------- 5.638815641403198
------------------------- time cost ------------------------- 5.709605932235718
------------------------- time cost ------------------------- 5.690965175628662
------------------------- time cost ------------------------- 5.429095983505249
------------------------- time cost ------------------------- 5.569966793060303
------------------------- time cost ------------------------- 5.499227046966553
------------------------- time cost ------------------------- 5.5688066482543945
------------------------- time cost ------------------------- 5.651152849197388

-------------Round number: 70-------------

Evaluate global model
Averaged Train Loss: 0.3365
Averaged Test Accuracy: 0.9148
Averaged Test AUC: 0.7695
Averaged Test Precision: 0.8385
Averaged Test Recall: 0.9148
Averaged Test F1-Score: 0.8746
Std Test Accuracy: 0.0416
Std Test AUC: 0.0597
------------------------- time cost ------------------------- 6.370729923248291
------------------------- time cost ------------------------- 5.632269382476807
------------------------- time cost ------------------------- 5.429771184921265
------------------------- time cost ------------------------- 5.609410285949707
------------------------- time cost ------------------------- 5.514090299606323
------------------------- time cost ------------------------- 5.593166351318359
------------------------- time cost ------------------------- 5.564336538314819
------------------------- time cost ------------------------- 5.589502334594727
------------------------- time cost ------------------------- 5.625917673110962
------------------------- time cost ------------------------- 5.530786752700806

-------------Round number: 80-------------

Evaluate global model
Averaged Train Loss: 0.3352
Averaged Test Accuracy: 0.9148
Averaged Test AUC: 0.7872
Averaged Test Precision: 0.8385
Averaged Test Recall: 0.9148
Averaged Test F1-Score: 0.8746
Std Test Accuracy: 0.0416
Std Test AUC: 0.0675
------------------------- time cost ------------------------- 6.4469358921051025
------------------------- time cost ------------------------- 5.610403060913086
------------------------- time cost ------------------------- 5.594651699066162
------------------------- time cost ------------------------- 5.6177308559417725
------------------------- time cost ------------------------- 5.619552373886108
------------------------- time cost ------------------------- 5.534643650054932
------------------------- time cost ------------------------- 5.56703519821167
------------------------- time cost ------------------------- 5.472292184829712
------------------------- time cost ------------------------- 5.762193202972412
------------------------- time cost ------------------------- 5.572748422622681

-------------Round number: 90-------------

Evaluate global model
Averaged Train Loss: 0.3333
Averaged Test Accuracy: 0.9148
Averaged Test AUC: 0.8002
Averaged Test Precision: 0.8385
Averaged Test Recall: 0.9148
Averaged Test F1-Score: 0.8746
Std Test Accuracy: 0.0416
Std Test AUC: 0.0634
------------------------- time cost ------------------------- 6.503482341766357
------------------------- time cost ------------------------- 5.638888120651245
------------------------- time cost ------------------------- 5.678774118423462
------------------------- time cost ------------------------- 5.59388542175293
------------------------- time cost ------------------------- 5.463419437408447
------------------------- time cost ------------------------- 5.565870523452759
------------------------- time cost ------------------------- 5.686155796051025
------------------------- time cost ------------------------- 5.50818133354187
------------------------- time cost ------------------------- 5.6194634437561035
------------------------- time cost ------------------------- 5.550933837890625

-------------Round number: 100-------------

Evaluate global model
Averaged Train Loss: 0.3309
Averaged Test Accuracy: 0.9148
Averaged Test AUC: 0.8148
Averaged Test Precision: 0.8385
Averaged Test Recall: 0.9148
Averaged Test F1-Score: 0.8746
Std Test Accuracy: 0.0416
Std Test AUC: 0.0579
------------------------- time cost ------------------------- 6.830786228179932

Best accuracy.
0.9147651006711409

Average time cost per round.
5.68943115234375
File path: results/Xinwang_FedAvg_test/Xinwang_FedAvg_test_0.h5
Training process CSV file path: results/Xinwang_FedAvg_test/Xinwang_FedAvg_test_0_training_process.csv
Training process data saved to: results/Xinwang_FedAvg_test/Xinwang_FedAvg_test_0_training_process.csv

平均训练时间: 576.84秒
