实验: Xinwang_feature_skew_free_rider_Krum_run1
物理GPU ID: 0
CUDA_VISIBLE_DEVICES: 0
时间: 2026-01-25 03:10:40
命令: /miniconda3/bin/python flcore/main.py -data Xinwang -algo FedAvg -nc 10 -gr 100 -ls 5 -lbs 64 -lr 0.01 -eg 10 -t 1 --heterogeneity feature_skew --enable_attack True --attack_mode free_rider --malicious_ratio 0.3 --defense_mode krum --use_tlbo False --tlbo_iterations 10 --use_autoencoder False --use_committee False
工作目录: /root/DecisionSupportSystem-FedACT/system

[GPU] 使用环境变量指定的GPU: CUDA_VISIBLE_DEVICES=0
============================================================
实验配置:
============================================================
  goal: test
  device: cuda
  device_id: 0
  dataset: Xinwang
  heterogeneity: feature_skew
  model: auto
  num_classes: 2
  batch_size: 64
  local_learning_rate: 0.01
  global_rounds: 100
  local_epochs: 5
  algorithm: FedAvg
  num_clients: 10
  join_ratio: 1.0
  random_join_ratio: False
  prev: 0
  times: 1
  eval_gap: 10
  save_folder_name: results
  learning_rate_decay: False
  learning_rate_decay_gamma: 0.99
  few_shot: 0
  time_select: False
  time_threthold: 10000
  top_cnt: 100
  auto_break: False
  client_drop_rate: 0.0
  train_slow_rate: 0.0
  send_slow_rate: 0.0
  dlg_eval: False
  dlg_gap: 100
  batch_num_per_client: 2
  num_new_clients: 0
  fine_tuning_epoch_new: 0
  mu: 0.01
  beta: 0.0
  lamda: 1.0
  tau: 1.0
  plocal_epochs: 1
  server_learning_rate: 1.0
  enable_attack: True
  attack_mode: free_rider
  malicious_ratio: 0.3
  attack_scale: 3.0
  defense_mode: krum
  use_autoencoder: False
  autoencoder_latent_dim: 64
  autoencoder_epochs: 20
  committee_size: 5
  vote_threshold: 0.5
  anomaly_threshold: 0.5
  anomaly_lower_coef: 0.7
  anomaly_upper_coef: 1.5
  use_committee: False
  tlbo_iterations: 10
  use_tlbo: False
  use_merkle: True
  use_incentive: True
============================================================

============= 第 1 次实验 =============
正在初始化服务器和客户端...
数据集: Xinwang, 特征维度: 38
模型参数量: 921,634

Join ratio / total clients: 1.0 / 10
Finished creating server and clients.

-------------Round number: 0-------------

Evaluate global model
Averaged Train Loss: 0.5754
Averaged Test Accuracy: 0.8826
Averaged Test AUC: 0.5676
Averaged Test Precision: 0.8560
Averaged Test Recall: 0.8826
Averaged Test F1-Score: 0.8646
Std Test Accuracy: 0.0776
Std Test AUC: 0.1101
------------------------- time cost ------------------------- 6.786658525466919
------------------------- time cost ------------------------- 5.577521562576294
------------------------- time cost ------------------------- 5.387930870056152
------------------------- time cost ------------------------- 5.275437355041504
------------------------- time cost ------------------------- 5.535351753234863
------------------------- time cost ------------------------- 5.435815095901489
------------------------- time cost ------------------------- 5.378760576248169
------------------------- time cost ------------------------- 5.453500509262085
------------------------- time cost ------------------------- 5.494051933288574
------------------------- time cost ------------------------- 5.530503034591675

-------------Round number: 10-------------

Evaluate global model
Averaged Train Loss: 0.3493
Averaged Test Accuracy: 0.9148
Averaged Test AUC: 0.5735
Averaged Test Precision: 0.8385
Averaged Test Recall: 0.9148
Averaged Test F1-Score: 0.8746
Std Test Accuracy: 0.0416
Std Test AUC: 0.1407
------------------------- time cost ------------------------- 6.156704902648926
------------------------- time cost ------------------------- 5.735052108764648
------------------------- time cost ------------------------- 5.478825569152832
------------------------- time cost ------------------------- 5.58404278755188
------------------------- time cost ------------------------- 5.352895736694336
------------------------- time cost ------------------------- 5.399277687072754
------------------------- time cost ------------------------- 5.34523344039917
------------------------- time cost ------------------------- 5.432645082473755
------------------------- time cost ------------------------- 5.44135046005249
------------------------- time cost ------------------------- 5.3745810985565186

-------------Round number: 20-------------

Evaluate global model
Averaged Train Loss: 0.3401
Averaged Test Accuracy: 0.9148
Averaged Test AUC: 0.6141
Averaged Test Precision: 0.8385
Averaged Test Recall: 0.9148
Averaged Test F1-Score: 0.8746
Std Test Accuracy: 0.0416
Std Test AUC: 0.0828
------------------------- time cost ------------------------- 6.246776819229126
------------------------- time cost ------------------------- 5.590099573135376
------------------------- time cost ------------------------- 5.350344657897949
------------------------- time cost ------------------------- 5.3562257289886475
------------------------- time cost ------------------------- 5.5013039112091064
------------------------- time cost ------------------------- 5.462647438049316
------------------------- time cost ------------------------- 5.373547315597534
------------------------- time cost ------------------------- 5.3615641593933105
------------------------- time cost ------------------------- 5.386715650558472
------------------------- time cost ------------------------- 5.446585655212402

-------------Round number: 30-------------

Evaluate global model
Averaged Train Loss: 0.3351
Averaged Test Accuracy: 0.9148
Averaged Test AUC: 0.6698
Averaged Test Precision: 0.8385
Averaged Test Recall: 0.9148
Averaged Test F1-Score: 0.8746
Std Test Accuracy: 0.0416
Std Test AUC: 0.0557
------------------------- time cost ------------------------- 6.178776979446411
------------------------- time cost ------------------------- 5.623143672943115
------------------------- time cost ------------------------- 5.366607666015625
------------------------- time cost ------------------------- 5.39021635055542
------------------------- time cost ------------------------- 5.377390146255493
------------------------- time cost ------------------------- 5.475148916244507
------------------------- time cost ------------------------- 5.298258543014526
------------------------- time cost ------------------------- 5.483789443969727
------------------------- time cost ------------------------- 5.4320595264434814
------------------------- time cost ------------------------- 5.645666599273682

-------------Round number: 40-------------

Evaluate global model
Averaged Train Loss: 0.3368
Averaged Test Accuracy: 0.9148
Averaged Test AUC: 0.6940
Averaged Test Precision: 0.8385
Averaged Test Recall: 0.9148
Averaged Test F1-Score: 0.8746
Std Test Accuracy: 0.0416
Std Test AUC: 0.0483
------------------------- time cost ------------------------- 6.2718706130981445
------------------------- time cost ------------------------- 5.494270086288452
------------------------- time cost ------------------------- 5.433603048324585
------------------------- time cost ------------------------- 5.395390510559082
------------------------- time cost ------------------------- 5.312779188156128
------------------------- time cost ------------------------- 5.38203501701355
------------------------- time cost ------------------------- 5.376725435256958
------------------------- time cost ------------------------- 5.596489667892456
------------------------- time cost ------------------------- 5.593162536621094
------------------------- time cost ------------------------- 5.46930456161499

-------------Round number: 50-------------

Evaluate global model
Averaged Train Loss: 0.3365
Averaged Test Accuracy: 0.9148
Averaged Test AUC: 0.7278
Averaged Test Precision: 0.8385
Averaged Test Recall: 0.9148
Averaged Test F1-Score: 0.8746
Std Test Accuracy: 0.0416
Std Test AUC: 0.0607
------------------------- time cost ------------------------- 6.1577842235565186
------------------------- time cost ------------------------- 5.54808783531189
------------------------- time cost ------------------------- 5.400428533554077
------------------------- time cost ------------------------- 5.441479921340942
------------------------- time cost ------------------------- 5.315035343170166
------------------------- time cost ------------------------- 5.483844757080078
------------------------- time cost ------------------------- 5.569198846817017
------------------------- time cost ------------------------- 5.45963978767395
------------------------- time cost ------------------------- 5.342840194702148
------------------------- time cost ------------------------- 5.4528985023498535

-------------Round number: 60-------------

Evaluate global model
Averaged Train Loss: 0.3370
Averaged Test Accuracy: 0.9148
Averaged Test AUC: 0.7486
Averaged Test Precision: 0.8385
Averaged Test Recall: 0.9148
Averaged Test F1-Score: 0.8746
Std Test Accuracy: 0.0416
Std Test AUC: 0.0602
------------------------- time cost ------------------------- 6.1718590259552
------------------------- time cost ------------------------- 5.656041622161865
------------------------- time cost ------------------------- 5.387434005737305
------------------------- time cost ------------------------- 5.385623931884766
------------------------- time cost ------------------------- 5.402447462081909
------------------------- time cost ------------------------- 5.419856309890747
------------------------- time cost ------------------------- 5.442098140716553
------------------------- time cost ------------------------- 5.419600963592529
------------------------- time cost ------------------------- 5.374500513076782
------------------------- time cost ------------------------- 5.4307332038879395

-------------Round number: 70-------------

Evaluate global model
Averaged Train Loss: 0.3390
Averaged Test Accuracy: 0.9148
Averaged Test AUC: 0.7723
Averaged Test Precision: 0.8385
Averaged Test Recall: 0.9148
Averaged Test F1-Score: 0.8746
Std Test Accuracy: 0.0416
Std Test AUC: 0.0695
------------------------- time cost ------------------------- 6.245869874954224
------------------------- time cost ------------------------- 5.555912256240845
------------------------- time cost ------------------------- 5.3873772621154785
------------------------- time cost ------------------------- 5.358224153518677
------------------------- time cost ------------------------- 5.323976755142212
------------------------- time cost ------------------------- 5.321603536605835
------------------------- time cost ------------------------- 5.446651220321655
------------------------- time cost ------------------------- 5.42069411277771
------------------------- time cost ------------------------- 5.4452643394470215
------------------------- time cost ------------------------- 5.544407844543457

-------------Round number: 80-------------

Evaluate global model
Averaged Train Loss: 0.3386
Averaged Test Accuracy: 0.9148
Averaged Test AUC: 0.7855
Averaged Test Precision: 0.8385
Averaged Test Recall: 0.9148
Averaged Test F1-Score: 0.8746
Std Test Accuracy: 0.0416
Std Test AUC: 0.0718
------------------------- time cost ------------------------- 6.3952906131744385
------------------------- time cost ------------------------- 5.6173810958862305
------------------------- time cost ------------------------- 5.391805410385132
------------------------- time cost ------------------------- 5.513216972351074
------------------------- time cost ------------------------- 5.4239418506622314
------------------------- time cost ------------------------- 5.473287105560303
------------------------- time cost ------------------------- 5.4399847984313965
------------------------- time cost ------------------------- 5.377845287322998
------------------------- time cost ------------------------- 5.2323243618011475
------------------------- time cost ------------------------- 5.537027835845947

-------------Round number: 90-------------

Evaluate global model
Averaged Train Loss: 0.3356
Averaged Test Accuracy: 0.9148
Averaged Test AUC: 0.8011
Averaged Test Precision: 0.8385
Averaged Test Recall: 0.9148
Averaged Test F1-Score: 0.8746
Std Test Accuracy: 0.0416
Std Test AUC: 0.0641
------------------------- time cost ------------------------- 6.332499980926514
------------------------- time cost ------------------------- 5.571388483047485
------------------------- time cost ------------------------- 5.405183553695679
------------------------- time cost ------------------------- 5.151486158370972
------------------------- time cost ------------------------- 5.28415322303772
------------------------- time cost ------------------------- 5.028741836547852
------------------------- time cost ------------------------- 4.897324562072754
------------------------- time cost ------------------------- 4.830106496810913
------------------------- time cost ------------------------- 4.869984149932861
------------------------- time cost ------------------------- 4.817886829376221

-------------Round number: 100-------------

Evaluate global model
Averaged Train Loss: 0.3317
Averaged Test Accuracy: 0.9148
Averaged Test AUC: 0.8156
Averaged Test Precision: 0.8385
Averaged Test Recall: 0.9148
Averaged Test F1-Score: 0.8746
Std Test Accuracy: 0.0416
Std Test AUC: 0.0610
------------------------- time cost ------------------------- 5.46706223487854

Best accuracy.
0.9147651006711409

Average time cost per round.
5.484113183021545
File path: results/Xinwang_FedAvg_test/Xinwang_FedAvg_test_0.h5
Training process CSV file path: results/Xinwang_FedAvg_test/Xinwang_FedAvg_test_0_training_process.csv
Training process data saved to: results/Xinwang_FedAvg_test/Xinwang_FedAvg_test_0_training_process.csv

平均训练时间: 556.49秒
