实验: Xinwang_label_skew_minmax_MultiKrum_run1
物理GPU ID: 2
CUDA_VISIBLE_DEVICES: 2
时间: 2026-01-25 01:26:29
命令: /miniconda3/bin/python flcore/main.py -data Xinwang -algo FedAvg -nc 10 -gr 100 -ls 5 -lbs 64 -lr 0.01 -eg 10 -t 1 --heterogeneity label_skew --enable_attack True --attack_mode minmax --malicious_ratio 0.3 --defense_mode multi_krum --use_tlbo False --tlbo_iterations 10 --use_autoencoder False --use_committee False
工作目录: /root/DecisionSupportSystem-FedACT/system

[GPU] 使用环境变量指定的GPU: CUDA_VISIBLE_DEVICES=2
============================================================
实验配置:
============================================================
  goal: test
  device: cuda
  device_id: 0
  dataset: Xinwang
  heterogeneity: label_skew
  model: auto
  num_classes: 2
  batch_size: 64
  local_learning_rate: 0.01
  global_rounds: 100
  local_epochs: 5
  algorithm: FedAvg
  num_clients: 10
  join_ratio: 1.0
  random_join_ratio: False
  prev: 0
  times: 1
  eval_gap: 10
  save_folder_name: results
  learning_rate_decay: False
  learning_rate_decay_gamma: 0.99
  few_shot: 0
  time_select: False
  time_threthold: 10000
  top_cnt: 100
  auto_break: False
  client_drop_rate: 0.0
  train_slow_rate: 0.0
  send_slow_rate: 0.0
  dlg_eval: False
  dlg_gap: 100
  batch_num_per_client: 2
  num_new_clients: 0
  fine_tuning_epoch_new: 0
  mu: 0.01
  beta: 0.0
  lamda: 1.0
  tau: 1.0
  plocal_epochs: 1
  server_learning_rate: 1.0
  enable_attack: True
  attack_mode: minmax
  malicious_ratio: 0.3
  attack_scale: 3.0
  defense_mode: multi_krum
  use_autoencoder: False
  autoencoder_latent_dim: 64
  autoencoder_epochs: 20
  committee_size: 5
  vote_threshold: 0.5
  anomaly_threshold: 0.5
  anomaly_lower_coef: 0.7
  anomaly_upper_coef: 1.5
  use_committee: False
  tlbo_iterations: 10
  use_tlbo: False
  use_merkle: True
  use_incentive: True
============================================================

============= 第 1 次实验 =============
正在初始化服务器和客户端...
数据集: Xinwang, 特征维度: 38
模型参数量: 921,634

Join ratio / total clients: 1.0 / 10
Finished creating server and clients.

-------------Round number: 0-------------

Evaluate global model
Averaged Train Loss: 0.5754
Averaged Test Accuracy: 0.8826
Averaged Test AUC: 0.5676
Averaged Test Precision: 0.8560
Averaged Test Recall: 0.8826
Averaged Test F1-Score: 0.8646
Std Test Accuracy: 0.0776
Std Test AUC: 0.1101
------------------------- time cost ------------------------- 6.418641567230225
------------------------- time cost ------------------------- 5.704452037811279
------------------------- time cost ------------------------- 5.595055103302002
------------------------- time cost ------------------------- 5.4516565799713135
------------------------- time cost ------------------------- 5.532374858856201
------------------------- time cost ------------------------- 5.683136701583862
------------------------- time cost ------------------------- 5.593684673309326
------------------------- time cost ------------------------- 5.75977635383606
------------------------- time cost ------------------------- 5.546381235122681
------------------------- time cost ------------------------- 5.450401544570923

-------------Round number: 10-------------

Evaluate global model
Averaged Train Loss: 0.3488
Averaged Test Accuracy: 0.9148
Averaged Test AUC: 0.5721
Averaged Test Precision: 0.8385
Averaged Test Recall: 0.9148
Averaged Test F1-Score: 0.8746
Std Test Accuracy: 0.0416
Std Test AUC: 0.1476
------------------------- time cost ------------------------- 6.065513610839844
------------------------- time cost ------------------------- 5.6104326248168945
------------------------- time cost ------------------------- 5.202680826187134
------------------------- time cost ------------------------- 5.373300552368164
------------------------- time cost ------------------------- 5.493770122528076
------------------------- time cost ------------------------- 5.5814433097839355
------------------------- time cost ------------------------- 5.565082550048828
------------------------- time cost ------------------------- 5.573378086090088
------------------------- time cost ------------------------- 5.5450758934021
------------------------- time cost ------------------------- 5.460127592086792

-------------Round number: 20-------------

Evaluate global model
Averaged Train Loss: 0.3393
Averaged Test Accuracy: 0.9148
Averaged Test AUC: 0.6098
Averaged Test Precision: 0.8385
Averaged Test Recall: 0.9148
Averaged Test F1-Score: 0.8746
Std Test Accuracy: 0.0416
Std Test AUC: 0.0952
------------------------- time cost ------------------------- 6.153367757797241
------------------------- time cost ------------------------- 5.459873914718628
------------------------- time cost ------------------------- 5.42096471786499
------------------------- time cost ------------------------- 5.406278610229492
------------------------- time cost ------------------------- 5.453014850616455
------------------------- time cost ------------------------- 5.4463958740234375
------------------------- time cost ------------------------- 5.504412651062012
------------------------- time cost ------------------------- 5.544865846633911
------------------------- time cost ------------------------- 5.517660617828369
------------------------- time cost ------------------------- 5.3629515171051025

-------------Round number: 30-------------

Evaluate global model
Averaged Train Loss: 0.3363
Averaged Test Accuracy: 0.9148
Averaged Test AUC: 0.6413
Averaged Test Precision: 0.8385
Averaged Test Recall: 0.9148
Averaged Test F1-Score: 0.8746
Std Test Accuracy: 0.0416
Std Test AUC: 0.0791
------------------------- time cost ------------------------- 6.239551067352295
------------------------- time cost ------------------------- 5.4960267543792725
------------------------- time cost ------------------------- 5.368616342544556
------------------------- time cost ------------------------- 5.392333984375
------------------------- time cost ------------------------- 5.56427526473999
------------------------- time cost ------------------------- 5.492140293121338
------------------------- time cost ------------------------- 5.509131669998169
------------------------- time cost ------------------------- 5.644558668136597
------------------------- time cost ------------------------- 5.47567343711853
------------------------- time cost ------------------------- 5.6065993309021

-------------Round number: 40-------------

Evaluate global model
Averaged Train Loss: 0.3365
Averaged Test Accuracy: 0.9148
Averaged Test AUC: 0.6959
Averaged Test Precision: 0.8385
Averaged Test Recall: 0.9148
Averaged Test F1-Score: 0.8746
Std Test Accuracy: 0.0416
Std Test AUC: 0.0555
------------------------- time cost ------------------------- 6.2039361000061035
------------------------- time cost ------------------------- 5.519915819168091
------------------------- time cost ------------------------- 5.450064420700073
------------------------- time cost ------------------------- 5.4665868282318115
------------------------- time cost ------------------------- 5.621614694595337
------------------------- time cost ------------------------- 5.620181083679199
------------------------- time cost ------------------------- 5.474580526351929
------------------------- time cost ------------------------- 5.56309962272644
------------------------- time cost ------------------------- 5.49047589302063
------------------------- time cost ------------------------- 5.4773008823394775

-------------Round number: 50-------------

Evaluate global model
Averaged Train Loss: 0.3377
Averaged Test Accuracy: 0.9148
Averaged Test AUC: 0.7299
Averaged Test Precision: 0.8385
Averaged Test Recall: 0.9148
Averaged Test F1-Score: 0.8746
Std Test Accuracy: 0.0416
Std Test AUC: 0.0486
------------------------- time cost ------------------------- 6.190315008163452
------------------------- time cost ------------------------- 5.437730312347412
------------------------- time cost ------------------------- 5.586559534072876
------------------------- time cost ------------------------- 5.3533148765563965
------------------------- time cost ------------------------- 5.50555419921875
------------------------- time cost ------------------------- 5.56631064414978
------------------------- time cost ------------------------- 5.564807653427124
------------------------- time cost ------------------------- 5.43268346786499
------------------------- time cost ------------------------- 5.417583703994751
------------------------- time cost ------------------------- 5.386122703552246

-------------Round number: 60-------------

Evaluate global model
Averaged Train Loss: 0.3361
Averaged Test Accuracy: 0.9148
Averaged Test AUC: 0.7568
Averaged Test Precision: 0.8385
Averaged Test Recall: 0.9148
Averaged Test F1-Score: 0.8746
Std Test Accuracy: 0.0416
Std Test AUC: 0.0695
------------------------- time cost ------------------------- 6.2228357791900635
------------------------- time cost ------------------------- 5.560924530029297
------------------------- time cost ------------------------- 5.368530511856079
------------------------- time cost ------------------------- 5.426531076431274
------------------------- time cost ------------------------- 5.457155704498291
------------------------- time cost ------------------------- 5.544529914855957
------------------------- time cost ------------------------- 5.445275545120239
------------------------- time cost ------------------------- 5.625598669052124
------------------------- time cost ------------------------- 5.470154047012329
------------------------- time cost ------------------------- 5.455510377883911

-------------Round number: 70-------------

Evaluate global model
Averaged Train Loss: 0.3381
Averaged Test Accuracy: 0.9148
Averaged Test AUC: 0.7729
Averaged Test Precision: 0.8385
Averaged Test Recall: 0.9148
Averaged Test F1-Score: 0.8746
Std Test Accuracy: 0.0416
Std Test AUC: 0.0632
------------------------- time cost ------------------------- 6.326496362686157
------------------------- time cost ------------------------- 5.543873310089111
------------------------- time cost ------------------------- 5.504061937332153
------------------------- time cost ------------------------- 5.391472339630127
------------------------- time cost ------------------------- 5.426788806915283
------------------------- time cost ------------------------- 5.504587888717651
------------------------- time cost ------------------------- 5.42748498916626
------------------------- time cost ------------------------- 5.536978483200073
------------------------- time cost ------------------------- 5.448260307312012
------------------------- time cost ------------------------- 5.36065936088562

-------------Round number: 80-------------

Evaluate global model
Averaged Train Loss: 0.3382
Averaged Test Accuracy: 0.9148
Averaged Test AUC: 0.7888
Averaged Test Precision: 0.8385
Averaged Test Recall: 0.9148
Averaged Test F1-Score: 0.8746
Std Test Accuracy: 0.0416
Std Test AUC: 0.0697
------------------------- time cost ------------------------- 6.268345355987549
------------------------- time cost ------------------------- 5.507568359375
------------------------- time cost ------------------------- 5.639095783233643
------------------------- time cost ------------------------- 5.5277159214019775
------------------------- time cost ------------------------- 5.384947299957275
------------------------- time cost ------------------------- 5.5416083335876465
------------------------- time cost ------------------------- 5.3997437953948975
------------------------- time cost ------------------------- 5.486590147018433
------------------------- time cost ------------------------- 5.504859209060669
------------------------- time cost ------------------------- 5.511262655258179

-------------Round number: 90-------------

Evaluate global model
Averaged Train Loss: 0.3351
Averaged Test Accuracy: 0.9148
Averaged Test AUC: 0.8062
Averaged Test Precision: 0.8385
Averaged Test Recall: 0.9148
Averaged Test F1-Score: 0.8746
Std Test Accuracy: 0.0416
Std Test AUC: 0.0649
------------------------- time cost ------------------------- 6.252994775772095
------------------------- time cost ------------------------- 5.389250993728638
------------------------- time cost ------------------------- 5.133249282836914
------------------------- time cost ------------------------- 5.4490416049957275
------------------------- time cost ------------------------- 5.672580242156982
------------------------- time cost ------------------------- 5.514822959899902
------------------------- time cost ------------------------- 5.591427326202393
------------------------- time cost ------------------------- 5.791657209396362
------------------------- time cost ------------------------- 5.499341249465942
------------------------- time cost ------------------------- 5.622208118438721

-------------Round number: 100-------------

Evaluate global model
Averaged Train Loss: 0.3342
Averaged Test Accuracy: 0.9148
Averaged Test AUC: 0.8272
Averaged Test Precision: 0.8385
Averaged Test Recall: 0.9148
Averaged Test F1-Score: 0.8746
Std Test Accuracy: 0.0416
Std Test AUC: 0.0624
------------------------- time cost ------------------------- 6.442133903503418

Best accuracy.
0.9147651006711409

Average time cost per round.
5.573533098697663
File path: results/Xinwang_FedAvg_test/Xinwang_FedAvg_test_0.h5
Training process CSV file path: results/Xinwang_FedAvg_test/Xinwang_FedAvg_test_0_training_process.csv
Training process data saved to: results/Xinwang_FedAvg_test/Xinwang_FedAvg_test_0_training_process.csv

平均训练时间: 565.13秒
