实验: Xinwang_feature_skew_free_rider_MultiKrum_run1
物理GPU ID: 1
CUDA_VISIBLE_DEVICES: 1
时间: 2026-01-25 03:10:43
命令: /miniconda3/bin/python flcore/main.py -data Xinwang -algo FedAvg -nc 10 -gr 100 -ls 5 -lbs 64 -lr 0.01 -eg 10 -t 1 --heterogeneity feature_skew --enable_attack True --attack_mode free_rider --malicious_ratio 0.3 --defense_mode multi_krum --use_tlbo False --tlbo_iterations 10 --use_autoencoder False --use_committee False
工作目录: /root/DecisionSupportSystem-FedACT/system

[GPU] 使用环境变量指定的GPU: CUDA_VISIBLE_DEVICES=1
============================================================
实验配置:
============================================================
  goal: test
  device: cuda
  device_id: 0
  dataset: Xinwang
  heterogeneity: feature_skew
  model: auto
  num_classes: 2
  batch_size: 64
  local_learning_rate: 0.01
  global_rounds: 100
  local_epochs: 5
  algorithm: FedAvg
  num_clients: 10
  join_ratio: 1.0
  random_join_ratio: False
  prev: 0
  times: 1
  eval_gap: 10
  save_folder_name: results
  learning_rate_decay: False
  learning_rate_decay_gamma: 0.99
  few_shot: 0
  time_select: False
  time_threthold: 10000
  top_cnt: 100
  auto_break: False
  client_drop_rate: 0.0
  train_slow_rate: 0.0
  send_slow_rate: 0.0
  dlg_eval: False
  dlg_gap: 100
  batch_num_per_client: 2
  num_new_clients: 0
  fine_tuning_epoch_new: 0
  mu: 0.01
  beta: 0.0
  lamda: 1.0
  tau: 1.0
  plocal_epochs: 1
  server_learning_rate: 1.0
  enable_attack: True
  attack_mode: free_rider
  malicious_ratio: 0.3
  attack_scale: 3.0
  defense_mode: multi_krum
  use_autoencoder: False
  autoencoder_latent_dim: 64
  autoencoder_epochs: 20
  committee_size: 5
  vote_threshold: 0.5
  anomaly_threshold: 0.5
  anomaly_lower_coef: 0.7
  anomaly_upper_coef: 1.5
  use_committee: False
  tlbo_iterations: 10
  use_tlbo: False
  use_merkle: True
  use_incentive: True
============================================================

============= 第 1 次实验 =============
正在初始化服务器和客户端...
数据集: Xinwang, 特征维度: 38
模型参数量: 921,634

Join ratio / total clients: 1.0 / 10
Finished creating server and clients.

-------------Round number: 0-------------

Evaluate global model
Averaged Train Loss: 0.5754
Averaged Test Accuracy: 0.8826
Averaged Test AUC: 0.5676
Averaged Test Precision: 0.8560
Averaged Test Recall: 0.8826
Averaged Test F1-Score: 0.8646
Std Test Accuracy: 0.0776
Std Test AUC: 0.1101
------------------------- time cost ------------------------- 6.323884963989258
------------------------- time cost ------------------------- 5.252295017242432
------------------------- time cost ------------------------- 5.476649761199951
------------------------- time cost ------------------------- 5.476661443710327
------------------------- time cost ------------------------- 5.195640325546265
------------------------- time cost ------------------------- 5.316526889801025
------------------------- time cost ------------------------- 5.504132032394409
------------------------- time cost ------------------------- 5.445808410644531
------------------------- time cost ------------------------- 5.367422580718994
------------------------- time cost ------------------------- 5.570351839065552

-------------Round number: 10-------------

Evaluate global model
Averaged Train Loss: 0.3463
Averaged Test Accuracy: 0.9148
Averaged Test AUC: 0.5650
Averaged Test Precision: 0.8385
Averaged Test Recall: 0.9148
Averaged Test F1-Score: 0.8746
Std Test Accuracy: 0.0416
Std Test AUC: 0.1255
------------------------- time cost ------------------------- 6.347314357757568
------------------------- time cost ------------------------- 5.53685736656189
------------------------- time cost ------------------------- 5.337744235992432
------------------------- time cost ------------------------- 5.368252277374268
------------------------- time cost ------------------------- 5.372076511383057
------------------------- time cost ------------------------- 5.374253988265991
------------------------- time cost ------------------------- 5.458874225616455
------------------------- time cost ------------------------- 5.36323094367981
------------------------- time cost ------------------------- 5.379662275314331
------------------------- time cost ------------------------- 5.4712347984313965

-------------Round number: 20-------------

Evaluate global model
Averaged Train Loss: 0.3366
Averaged Test Accuracy: 0.9148
Averaged Test AUC: 0.6087
Averaged Test Precision: 0.8385
Averaged Test Recall: 0.9148
Averaged Test F1-Score: 0.8746
Std Test Accuracy: 0.0416
Std Test AUC: 0.1052
------------------------- time cost ------------------------- 6.133241176605225
------------------------- time cost ------------------------- 5.3068625926971436
------------------------- time cost ------------------------- 5.286958932876587
------------------------- time cost ------------------------- 5.2818310260772705
------------------------- time cost ------------------------- 5.335376739501953
------------------------- time cost ------------------------- 5.331512689590454
------------------------- time cost ------------------------- 5.438634872436523
------------------------- time cost ------------------------- 5.520821809768677
------------------------- time cost ------------------------- 5.382546663284302
------------------------- time cost ------------------------- 5.525964975357056

-------------Round number: 30-------------

Evaluate global model
Averaged Train Loss: 0.3353
Averaged Test Accuracy: 0.9148
Averaged Test AUC: 0.6376
Averaged Test Precision: 0.8385
Averaged Test Recall: 0.9148
Averaged Test F1-Score: 0.8746
Std Test Accuracy: 0.0416
Std Test AUC: 0.0743
------------------------- time cost ------------------------- 6.090807914733887
------------------------- time cost ------------------------- 5.43997859954834
------------------------- time cost ------------------------- 5.398783445358276
------------------------- time cost ------------------------- 5.436331748962402
------------------------- time cost ------------------------- 5.34648871421814
------------------------- time cost ------------------------- 5.40440821647644
------------------------- time cost ------------------------- 5.29375958442688
------------------------- time cost ------------------------- 5.476734399795532
------------------------- time cost ------------------------- 5.421178102493286
------------------------- time cost ------------------------- 5.592040300369263

-------------Round number: 40-------------

Evaluate global model
Averaged Train Loss: 0.3354
Averaged Test Accuracy: 0.9148
Averaged Test AUC: 0.6758
Averaged Test Precision: 0.8385
Averaged Test Recall: 0.9148
Averaged Test F1-Score: 0.8746
Std Test Accuracy: 0.0416
Std Test AUC: 0.0514
------------------------- time cost ------------------------- 6.05004620552063
------------------------- time cost ------------------------- 5.287578582763672
------------------------- time cost ------------------------- 5.347649812698364
------------------------- time cost ------------------------- 5.279823541641235
------------------------- time cost ------------------------- 5.43497371673584
------------------------- time cost ------------------------- 5.395987510681152
------------------------- time cost ------------------------- 5.468900442123413
------------------------- time cost ------------------------- 5.4706871509552
------------------------- time cost ------------------------- 5.588442802429199
------------------------- time cost ------------------------- 5.536534547805786

-------------Round number: 50-------------

Evaluate global model
Averaged Train Loss: 0.3364
Averaged Test Accuracy: 0.9148
Averaged Test AUC: 0.7326
Averaged Test Precision: 0.8385
Averaged Test Recall: 0.9148
Averaged Test F1-Score: 0.8746
Std Test Accuracy: 0.0416
Std Test AUC: 0.0579
------------------------- time cost ------------------------- 6.136506080627441
------------------------- time cost ------------------------- 5.390244722366333
------------------------- time cost ------------------------- 5.212299585342407
------------------------- time cost ------------------------- 5.345468282699585
------------------------- time cost ------------------------- 5.371030330657959
------------------------- time cost ------------------------- 5.31390643119812
------------------------- time cost ------------------------- 5.430962085723877
------------------------- time cost ------------------------- 5.549916505813599
------------------------- time cost ------------------------- 5.5183281898498535
------------------------- time cost ------------------------- 5.470533609390259

-------------Round number: 60-------------

Evaluate global model
Averaged Train Loss: 0.3359
Averaged Test Accuracy: 0.9148
Averaged Test AUC: 0.7553
Averaged Test Precision: 0.8385
Averaged Test Recall: 0.9148
Averaged Test F1-Score: 0.8746
Std Test Accuracy: 0.0416
Std Test AUC: 0.0596
------------------------- time cost ------------------------- 6.229422569274902
------------------------- time cost ------------------------- 5.3751912117004395
------------------------- time cost ------------------------- 5.355537414550781
------------------------- time cost ------------------------- 5.348877906799316
------------------------- time cost ------------------------- 5.407235860824585
------------------------- time cost ------------------------- 5.3510987758636475
------------------------- time cost ------------------------- 5.359421968460083
------------------------- time cost ------------------------- 5.41046142578125
------------------------- time cost ------------------------- 5.293300628662109
------------------------- time cost ------------------------- 5.4322028160095215

-------------Round number: 70-------------

Evaluate global model
Averaged Train Loss: 0.3368
Averaged Test Accuracy: 0.9148
Averaged Test AUC: 0.7732
Averaged Test Precision: 0.8385
Averaged Test Recall: 0.9148
Averaged Test F1-Score: 0.8746
Std Test Accuracy: 0.0416
Std Test AUC: 0.0653
------------------------- time cost ------------------------- 6.140536069869995
------------------------- time cost ------------------------- 5.294715404510498
------------------------- time cost ------------------------- 5.338237047195435
------------------------- time cost ------------------------- 5.298667907714844
------------------------- time cost ------------------------- 5.281317472457886
------------------------- time cost ------------------------- 5.317087888717651
------------------------- time cost ------------------------- 5.346749305725098
------------------------- time cost ------------------------- 5.437875747680664
------------------------- time cost ------------------------- 5.5239763259887695
------------------------- time cost ------------------------- 5.5350236892700195

-------------Round number: 80-------------

Evaluate global model
Averaged Train Loss: 0.3358
Averaged Test Accuracy: 0.9148
Averaged Test AUC: 0.7859
Averaged Test Precision: 0.8385
Averaged Test Recall: 0.9148
Averaged Test F1-Score: 0.8746
Std Test Accuracy: 0.0416
Std Test AUC: 0.0680
------------------------- time cost ------------------------- 6.251215696334839
------------------------- time cost ------------------------- 5.327537536621094
------------------------- time cost ------------------------- 5.336076021194458
------------------------- time cost ------------------------- 5.5228917598724365
------------------------- time cost ------------------------- 5.504169940948486
------------------------- time cost ------------------------- 5.525180101394653
------------------------- time cost ------------------------- 5.4267637729644775
------------------------- time cost ------------------------- 5.486128330230713
------------------------- time cost ------------------------- 5.2400336265563965
------------------------- time cost ------------------------- 5.439647436141968

-------------Round number: 90-------------

Evaluate global model
Averaged Train Loss: 0.3340
Averaged Test Accuracy: 0.9148
Averaged Test AUC: 0.8033
Averaged Test Precision: 0.8385
Averaged Test Recall: 0.9148
Averaged Test F1-Score: 0.8746
Std Test Accuracy: 0.0416
Std Test AUC: 0.0677
------------------------- time cost ------------------------- 5.842961311340332
------------------------- time cost ------------------------- 4.9111549854278564
------------------------- time cost ------------------------- 4.770686149597168
------------------------- time cost ------------------------- 4.863114595413208
------------------------- time cost ------------------------- 4.697666883468628
------------------------- time cost ------------------------- 4.845970153808594
------------------------- time cost ------------------------- 4.745707273483276
------------------------- time cost ------------------------- 4.642246246337891
------------------------- time cost ------------------------- 4.834860801696777
------------------------- time cost ------------------------- 4.621252775192261

-------------Round number: 100-------------

Evaluate global model
Averaged Train Loss: 0.3347
Averaged Test Accuracy: 0.9148
Averaged Test AUC: 0.8187
Averaged Test Precision: 0.8385
Averaged Test Recall: 0.9148
Averaged Test F1-Score: 0.8746
Std Test Accuracy: 0.0416
Std Test AUC: 0.0637
------------------------- time cost ------------------------- 5.562346696853638

Best accuracy.
0.9147651006711409

Average time cost per round.
5.411336214542389
File path: results/Xinwang_FedAvg_test/Xinwang_FedAvg_test_0.h5
Training process CSV file path: results/Xinwang_FedAvg_test/Xinwang_FedAvg_test_0_training_process.csv
Training process data saved to: results/Xinwang_FedAvg_test/Xinwang_FedAvg_test_0_training_process.csv

平均训练时间: 548.71秒
