实验: Xinwang_iid_sign_flip_Median_run1
物理GPU ID: 0
CUDA_VISIBLE_DEVICES: 0
时间: 2026-01-25 00:19:31
命令: /miniconda3/bin/python flcore/main.py -data Xinwang -algo FedAvg -nc 10 -gr 100 -ls 5 -lbs 64 -lr 0.01 -eg 10 -t 1 --heterogeneity iid --enable_attack True --attack_mode sign_flip --malicious_ratio 0.3 --defense_mode median --use_tlbo False --tlbo_iterations 10 --use_autoencoder False --use_committee False
工作目录: /root/DecisionSupportSystem-FedACT/system

[GPU] 使用环境变量指定的GPU: CUDA_VISIBLE_DEVICES=0
============================================================
实验配置:
============================================================
  goal: test
  device: cuda
  device_id: 0
  dataset: Xinwang
  heterogeneity: iid
  model: auto
  num_classes: 2
  batch_size: 64
  local_learning_rate: 0.01
  global_rounds: 100
  local_epochs: 5
  algorithm: FedAvg
  num_clients: 10
  join_ratio: 1.0
  random_join_ratio: False
  prev: 0
  times: 1
  eval_gap: 10
  save_folder_name: results
  learning_rate_decay: False
  learning_rate_decay_gamma: 0.99
  few_shot: 0
  time_select: False
  time_threthold: 10000
  top_cnt: 100
  auto_break: False
  client_drop_rate: 0.0
  train_slow_rate: 0.0
  send_slow_rate: 0.0
  dlg_eval: False
  dlg_gap: 100
  batch_num_per_client: 2
  num_new_clients: 0
  fine_tuning_epoch_new: 0
  mu: 0.01
  beta: 0.0
  lamda: 1.0
  tau: 1.0
  plocal_epochs: 1
  server_learning_rate: 1.0
  enable_attack: True
  attack_mode: sign_flip
  malicious_ratio: 0.3
  attack_scale: 3.0
  defense_mode: median
  use_autoencoder: False
  autoencoder_latent_dim: 64
  autoencoder_epochs: 20
  committee_size: 5
  vote_threshold: 0.5
  anomaly_threshold: 0.5
  anomaly_lower_coef: 0.7
  anomaly_upper_coef: 1.5
  use_committee: False
  tlbo_iterations: 10
  use_tlbo: False
  use_merkle: True
  use_incentive: True
============================================================

============= 第 1 次实验 =============
正在初始化服务器和客户端...
数据集: Xinwang, 特征维度: 38
模型参数量: 921,634

Join ratio / total clients: 1.0 / 10
Finished creating server and clients.

-------------Round number: 0-------------

Evaluate global model
Averaged Train Loss: 0.5754
Averaged Test Accuracy: 0.8826
Averaged Test AUC: 0.5676
Averaged Test Precision: 0.8560
Averaged Test Recall: 0.8826
Averaged Test F1-Score: 0.8646
Std Test Accuracy: 0.0776
Std Test AUC: 0.1101
------------------------- time cost ------------------------- 6.58243727684021
------------------------- time cost ------------------------- 5.414445638656616
------------------------- time cost ------------------------- 5.445061445236206
------------------------- time cost ------------------------- 5.199736833572388
------------------------- time cost ------------------------- 5.215754747390747
------------------------- time cost ------------------------- 5.37700080871582
------------------------- time cost ------------------------- 5.29377555847168
------------------------- time cost ------------------------- 4.99873423576355
------------------------- time cost ------------------------- 5.225331544876099
------------------------- time cost ------------------------- 5.33359169960022

-------------Round number: 10-------------

Evaluate global model
Averaged Train Loss: 0.3462
Averaged Test Accuracy: 0.9148
Averaged Test AUC: 0.5724
Averaged Test Precision: 0.8385
Averaged Test Recall: 0.9148
Averaged Test F1-Score: 0.8746
Std Test Accuracy: 0.0416
Std Test AUC: 0.1469
------------------------- time cost ------------------------- 6.277163028717041
------------------------- time cost ------------------------- 5.626047849655151
------------------------- time cost ------------------------- 5.249573469161987
------------------------- time cost ------------------------- 5.408670902252197
------------------------- time cost ------------------------- 5.419077634811401
------------------------- time cost ------------------------- 5.340261936187744
------------------------- time cost ------------------------- 5.430736541748047
------------------------- time cost ------------------------- 5.459145545959473
------------------------- time cost ------------------------- 5.390088796615601
------------------------- time cost ------------------------- 5.268783330917358

-------------Round number: 20-------------

Evaluate global model
Averaged Train Loss: 0.3378
Averaged Test Accuracy: 0.9148
Averaged Test AUC: 0.6160
Averaged Test Precision: 0.8385
Averaged Test Recall: 0.9148
Averaged Test F1-Score: 0.8746
Std Test Accuracy: 0.0416
Std Test AUC: 0.0968
------------------------- time cost ------------------------- 6.150934934616089
------------------------- time cost ------------------------- 5.393794536590576
------------------------- time cost ------------------------- 5.273386716842651
------------------------- time cost ------------------------- 5.324244499206543
------------------------- time cost ------------------------- 5.325722694396973
------------------------- time cost ------------------------- 5.263012409210205
------------------------- time cost ------------------------- 5.298681735992432
------------------------- time cost ------------------------- 5.356590986251831
------------------------- time cost ------------------------- 5.2977683544158936
------------------------- time cost ------------------------- 5.359357118606567

-------------Round number: 30-------------

Evaluate global model
Averaged Train Loss: 0.3342
Averaged Test Accuracy: 0.9148
Averaged Test AUC: 0.6568
Averaged Test Precision: 0.8385
Averaged Test Recall: 0.9148
Averaged Test F1-Score: 0.8746
Std Test Accuracy: 0.0416
Std Test AUC: 0.0580
------------------------- time cost ------------------------- 6.290441274642944
------------------------- time cost ------------------------- 5.391444206237793
------------------------- time cost ------------------------- 5.38667893409729
------------------------- time cost ------------------------- 5.392714738845825
------------------------- time cost ------------------------- 5.344013214111328
------------------------- time cost ------------------------- 5.4335503578186035
------------------------- time cost ------------------------- 5.460878372192383
------------------------- time cost ------------------------- 5.438343524932861
------------------------- time cost ------------------------- 5.394128084182739
------------------------- time cost ------------------------- 5.452078580856323

-------------Round number: 40-------------

Evaluate global model
Averaged Train Loss: 0.3349
Averaged Test Accuracy: 0.9148
Averaged Test AUC: 0.6880
Averaged Test Precision: 0.8385
Averaged Test Recall: 0.9148
Averaged Test F1-Score: 0.8746
Std Test Accuracy: 0.0416
Std Test AUC: 0.0446
------------------------- time cost ------------------------- 6.12542724609375
------------------------- time cost ------------------------- 5.456968307495117
------------------------- time cost ------------------------- 5.359429597854614
------------------------- time cost ------------------------- 5.3618550300598145
------------------------- time cost ------------------------- 5.381822347640991
------------------------- time cost ------------------------- 5.3704833984375
------------------------- time cost ------------------------- 5.45641565322876
------------------------- time cost ------------------------- 5.341218709945679
------------------------- time cost ------------------------- 5.34062123298645
------------------------- time cost ------------------------- 5.325574636459351

-------------Round number: 50-------------

Evaluate global model
Averaged Train Loss: 0.3345
Averaged Test Accuracy: 0.9148
Averaged Test AUC: 0.7343
Averaged Test Precision: 0.8385
Averaged Test Recall: 0.9148
Averaged Test F1-Score: 0.8746
Std Test Accuracy: 0.0416
Std Test AUC: 0.0553
------------------------- time cost ------------------------- 6.033804893493652
------------------------- time cost ------------------------- 5.364535093307495
------------------------- time cost ------------------------- 5.332855224609375
------------------------- time cost ------------------------- 5.186701059341431
------------------------- time cost ------------------------- 5.552753210067749
------------------------- time cost ------------------------- 5.280224323272705
------------------------- time cost ------------------------- 5.4907004833221436
------------------------- time cost ------------------------- 5.322695016860962
------------------------- time cost ------------------------- 5.515357732772827
------------------------- time cost ------------------------- 5.259348630905151

-------------Round number: 60-------------

Evaluate global model
Averaged Train Loss: 0.3355
Averaged Test Accuracy: 0.9148
Averaged Test AUC: 0.7465
Averaged Test Precision: 0.8385
Averaged Test Recall: 0.9148
Averaged Test F1-Score: 0.8746
Std Test Accuracy: 0.0416
Std Test AUC: 0.0550
------------------------- time cost ------------------------- 6.182735443115234
------------------------- time cost ------------------------- 5.302088975906372
------------------------- time cost ------------------------- 5.396035194396973
------------------------- time cost ------------------------- 5.415771007537842
------------------------- time cost ------------------------- 5.289952278137207
------------------------- time cost ------------------------- 5.382190465927124
------------------------- time cost ------------------------- 5.306306838989258
------------------------- time cost ------------------------- 5.379894018173218
------------------------- time cost ------------------------- 5.514963388442993
------------------------- time cost ------------------------- 5.359940767288208

-------------Round number: 70-------------

Evaluate global model
Averaged Train Loss: 0.3350
Averaged Test Accuracy: 0.9148
Averaged Test AUC: 0.7694
Averaged Test Precision: 0.8385
Averaged Test Recall: 0.9148
Averaged Test F1-Score: 0.8746
Std Test Accuracy: 0.0416
Std Test AUC: 0.0657
------------------------- time cost ------------------------- 6.22423243522644
------------------------- time cost ------------------------- 5.453516960144043
------------------------- time cost ------------------------- 5.500545024871826
------------------------- time cost ------------------------- 5.490385055541992
------------------------- time cost ------------------------- 5.382967472076416
------------------------- time cost ------------------------- 5.243330240249634
------------------------- time cost ------------------------- 5.290079593658447
------------------------- time cost ------------------------- 5.490890264511108
------------------------- time cost ------------------------- 5.3791823387146
------------------------- time cost ------------------------- 5.327363967895508

-------------Round number: 80-------------

Evaluate global model
Averaged Train Loss: 0.3332
Averaged Test Accuracy: 0.9148
Averaged Test AUC: 0.7830
Averaged Test Precision: 0.8385
Averaged Test Recall: 0.9148
Averaged Test F1-Score: 0.8746
Std Test Accuracy: 0.0416
Std Test AUC: 0.0619
------------------------- time cost ------------------------- 6.238927125930786
------------------------- time cost ------------------------- 5.4516308307647705
------------------------- time cost ------------------------- 5.573493242263794
------------------------- time cost ------------------------- 5.547144889831543
------------------------- time cost ------------------------- 5.26867938041687
------------------------- time cost ------------------------- 5.37251877784729
------------------------- time cost ------------------------- 5.3869898319244385
------------------------- time cost ------------------------- 5.474126815795898
------------------------- time cost ------------------------- 5.418848514556885
------------------------- time cost ------------------------- 5.26043176651001

-------------Round number: 90-------------

Evaluate global model
Averaged Train Loss: 0.3314
Averaged Test Accuracy: 0.9148
Averaged Test AUC: 0.7989
Averaged Test Precision: 0.8385
Averaged Test Recall: 0.9148
Averaged Test F1-Score: 0.8746
Std Test Accuracy: 0.0416
Std Test AUC: 0.0565
------------------------- time cost ------------------------- 6.140424966812134
------------------------- time cost ------------------------- 5.401549816131592
------------------------- time cost ------------------------- 5.308610916137695
------------------------- time cost ------------------------- 5.311913013458252
------------------------- time cost ------------------------- 5.381165981292725
------------------------- time cost ------------------------- 5.3700761795043945
------------------------- time cost ------------------------- 5.458780288696289
------------------------- time cost ------------------------- 5.421568870544434
------------------------- time cost ------------------------- 5.438647270202637
------------------------- time cost ------------------------- 5.295609712600708

-------------Round number: 100-------------

Evaluate global model
Averaged Train Loss: 0.3318
Averaged Test Accuracy: 0.9148
Averaged Test AUC: 0.8201
Averaged Test Precision: 0.8385
Averaged Test Recall: 0.9148
Averaged Test F1-Score: 0.8746
Std Test Accuracy: 0.0416
Std Test AUC: 0.0582
------------------------- time cost ------------------------- 6.354275226593018

Best accuracy.
0.9147651006711409

Average time cost per round.
5.454473237991333
File path: results/Xinwang_FedAvg_test/Xinwang_FedAvg_test_0.h5
Training process CSV file path: results/Xinwang_FedAvg_test/Xinwang_FedAvg_test_0_training_process.csv
Training process data saved to: results/Xinwang_FedAvg_test/Xinwang_FedAvg_test_0_training_process.csv

平均训练时间: 553.36秒
