实验: Xinwang_iid_sign_flip_RFA_run1
物理GPU ID: 0
CUDA_VISIBLE_DEVICES: 0
时间: 2026-01-25 00:19:56
命令: /miniconda3/bin/python flcore/main.py -data Xinwang -algo FedAvg -nc 10 -gr 100 -ls 5 -lbs 64 -lr 0.01 -eg 10 -t 1 --heterogeneity iid --enable_attack True --attack_mode sign_flip --malicious_ratio 0.3 --defense_mode rfa --use_tlbo False --tlbo_iterations 10 --use_autoencoder False --use_committee False
工作目录: /root/DecisionSupportSystem-FedACT/system

[GPU] 使用环境变量指定的GPU: CUDA_VISIBLE_DEVICES=0
============================================================
实验配置:
============================================================
  goal: test
  device: cuda
  device_id: 0
  dataset: Xinwang
  heterogeneity: iid
  model: auto
  num_classes: 2
  batch_size: 64
  local_learning_rate: 0.01
  global_rounds: 100
  local_epochs: 5
  algorithm: FedAvg
  num_clients: 10
  join_ratio: 1.0
  random_join_ratio: False
  prev: 0
  times: 1
  eval_gap: 10
  save_folder_name: results
  learning_rate_decay: False
  learning_rate_decay_gamma: 0.99
  few_shot: 0
  time_select: False
  time_threthold: 10000
  top_cnt: 100
  auto_break: False
  client_drop_rate: 0.0
  train_slow_rate: 0.0
  send_slow_rate: 0.0
  dlg_eval: False
  dlg_gap: 100
  batch_num_per_client: 2
  num_new_clients: 0
  fine_tuning_epoch_new: 0
  mu: 0.01
  beta: 0.0
  lamda: 1.0
  tau: 1.0
  plocal_epochs: 1
  server_learning_rate: 1.0
  enable_attack: True
  attack_mode: sign_flip
  malicious_ratio: 0.3
  attack_scale: 3.0
  defense_mode: rfa
  use_autoencoder: False
  autoencoder_latent_dim: 64
  autoencoder_epochs: 20
  committee_size: 5
  vote_threshold: 0.5
  anomaly_threshold: 0.5
  anomaly_lower_coef: 0.7
  anomaly_upper_coef: 1.5
  use_committee: False
  tlbo_iterations: 10
  use_tlbo: False
  use_merkle: True
  use_incentive: True
============================================================

============= 第 1 次实验 =============
正在初始化服务器和客户端...
数据集: Xinwang, 特征维度: 38
模型参数量: 921,634

Join ratio / total clients: 1.0 / 10
Finished creating server and clients.

-------------Round number: 0-------------

Evaluate global model
Averaged Train Loss: 0.5754
Averaged Test Accuracy: 0.8826
Averaged Test AUC: 0.5676
Averaged Test Precision: 0.8560
Averaged Test Recall: 0.8826
Averaged Test F1-Score: 0.8646
Std Test Accuracy: 0.0776
Std Test AUC: 0.1101
------------------------- time cost ------------------------- 6.191690921783447
------------------------- time cost ------------------------- 5.325693368911743
------------------------- time cost ------------------------- 5.10623836517334
------------------------- time cost ------------------------- 5.42756462097168
------------------------- time cost ------------------------- 5.365636587142944
------------------------- time cost ------------------------- 5.261383533477783
------------------------- time cost ------------------------- 5.445713758468628
------------------------- time cost ------------------------- 5.195180416107178
------------------------- time cost ------------------------- 5.418112277984619
------------------------- time cost ------------------------- 5.322564363479614

-------------Round number: 10-------------

Evaluate global model
Averaged Train Loss: 0.3467
Averaged Test Accuracy: 0.9148
Averaged Test AUC: 0.5581
Averaged Test Precision: 0.8385
Averaged Test Recall: 0.9148
Averaged Test F1-Score: 0.8746
Std Test Accuracy: 0.0416
Std Test AUC: 0.1394
------------------------- time cost ------------------------- 6.087682723999023
------------------------- time cost ------------------------- 5.6178929805755615
------------------------- time cost ------------------------- 5.372897148132324
------------------------- time cost ------------------------- 5.411355495452881
------------------------- time cost ------------------------- 5.313871622085571
------------------------- time cost ------------------------- 5.381882429122925
------------------------- time cost ------------------------- 5.445831298828125
------------------------- time cost ------------------------- 5.2620744705200195
------------------------- time cost ------------------------- 5.318790674209595
------------------------- time cost ------------------------- 5.396322250366211

-------------Round number: 20-------------

Evaluate global model
Averaged Train Loss: 0.3371
Averaged Test Accuracy: 0.9148
Averaged Test AUC: 0.6145
Averaged Test Precision: 0.8385
Averaged Test Recall: 0.9148
Averaged Test F1-Score: 0.8746
Std Test Accuracy: 0.0416
Std Test AUC: 0.0990
------------------------- time cost ------------------------- 6.01062798500061
------------------------- time cost ------------------------- 5.316089391708374
------------------------- time cost ------------------------- 5.2947492599487305
------------------------- time cost ------------------------- 5.473434686660767
------------------------- time cost ------------------------- 5.329195022583008
------------------------- time cost ------------------------- 5.335850238800049
------------------------- time cost ------------------------- 5.352600812911987
------------------------- time cost ------------------------- 5.306840419769287
------------------------- time cost ------------------------- 5.3122718334198
------------------------- time cost ------------------------- 5.363133668899536

-------------Round number: 30-------------

Evaluate global model
Averaged Train Loss: 0.3362
Averaged Test Accuracy: 0.9148
Averaged Test AUC: 0.6427
Averaged Test Precision: 0.8385
Averaged Test Recall: 0.9148
Averaged Test F1-Score: 0.8746
Std Test Accuracy: 0.0416
Std Test AUC: 0.0780
------------------------- time cost ------------------------- 6.08934760093689
------------------------- time cost ------------------------- 5.261300325393677
------------------------- time cost ------------------------- 5.293205976486206
------------------------- time cost ------------------------- 5.329369068145752
------------------------- time cost ------------------------- 5.4146339893341064
------------------------- time cost ------------------------- 5.339969158172607
------------------------- time cost ------------------------- 5.28293514251709
------------------------- time cost ------------------------- 5.43855881690979
------------------------- time cost ------------------------- 5.451766729354858
------------------------- time cost ------------------------- 5.469118118286133

-------------Round number: 40-------------

Evaluate global model
Averaged Train Loss: 0.3364
Averaged Test Accuracy: 0.9148
Averaged Test AUC: 0.6948
Averaged Test Precision: 0.8385
Averaged Test Recall: 0.9148
Averaged Test F1-Score: 0.8746
Std Test Accuracy: 0.0416
Std Test AUC: 0.0477
------------------------- time cost ------------------------- 6.014614820480347
------------------------- time cost ------------------------- 5.281693458557129
------------------------- time cost ------------------------- 5.367550611495972
------------------------- time cost ------------------------- 5.351545572280884
------------------------- time cost ------------------------- 5.351222276687622
------------------------- time cost ------------------------- 5.180785894393921
------------------------- time cost ------------------------- 5.31336784362793
------------------------- time cost ------------------------- 5.342895984649658
------------------------- time cost ------------------------- 5.208742141723633
------------------------- time cost ------------------------- 5.447239637374878

-------------Round number: 50-------------

Evaluate global model
Averaged Train Loss: 0.3372
Averaged Test Accuracy: 0.9148
Averaged Test AUC: 0.7292
Averaged Test Precision: 0.8385
Averaged Test Recall: 0.9148
Averaged Test F1-Score: 0.8746
Std Test Accuracy: 0.0416
Std Test AUC: 0.0533
------------------------- time cost ------------------------- 6.037322998046875
------------------------- time cost ------------------------- 5.427033424377441
------------------------- time cost ------------------------- 5.361468553543091
------------------------- time cost ------------------------- 5.463704347610474
------------------------- time cost ------------------------- 5.303014278411865
------------------------- time cost ------------------------- 5.274599313735962
------------------------- time cost ------------------------- 5.594810962677002
------------------------- time cost ------------------------- 5.492566823959351
------------------------- time cost ------------------------- 5.272451639175415
------------------------- time cost ------------------------- 5.283453464508057

-------------Round number: 60-------------

Evaluate global model
Averaged Train Loss: 0.3352
Averaged Test Accuracy: 0.9148
Averaged Test AUC: 0.7446
Averaged Test Precision: 0.8385
Averaged Test Recall: 0.9148
Averaged Test F1-Score: 0.8746
Std Test Accuracy: 0.0416
Std Test AUC: 0.0587
------------------------- time cost ------------------------- 6.070678234100342
------------------------- time cost ------------------------- 5.305199146270752
------------------------- time cost ------------------------- 5.430537939071655
------------------------- time cost ------------------------- 5.349700212478638
------------------------- time cost ------------------------- 5.208930015563965
------------------------- time cost ------------------------- 5.422323942184448
------------------------- time cost ------------------------- 5.364033222198486
------------------------- time cost ------------------------- 5.422456979751587
------------------------- time cost ------------------------- 5.349484443664551
------------------------- time cost ------------------------- 5.305131435394287

-------------Round number: 70-------------

Evaluate global model
Averaged Train Loss: 0.3367
Averaged Test Accuracy: 0.9148
Averaged Test AUC: 0.7724
Averaged Test Precision: 0.8385
Averaged Test Recall: 0.9148
Averaged Test F1-Score: 0.8746
Std Test Accuracy: 0.0416
Std Test AUC: 0.0628
------------------------- time cost ------------------------- 6.136860609054565
------------------------- time cost ------------------------- 5.304533243179321
------------------------- time cost ------------------------- 5.353067398071289
------------------------- time cost ------------------------- 5.331502914428711
------------------------- time cost ------------------------- 5.2971272468566895
------------------------- time cost ------------------------- 5.34858775138855
------------------------- time cost ------------------------- 5.349418878555298
------------------------- time cost ------------------------- 5.554065704345703
------------------------- time cost ------------------------- 5.417093992233276
------------------------- time cost ------------------------- 5.275995492935181

-------------Round number: 80-------------

Evaluate global model
Averaged Train Loss: 0.3335
Averaged Test Accuracy: 0.9148
Averaged Test AUC: 0.7851
Averaged Test Precision: 0.8385
Averaged Test Recall: 0.9148
Averaged Test F1-Score: 0.8746
Std Test Accuracy: 0.0416
Std Test AUC: 0.0679
------------------------- time cost ------------------------- 6.014421701431274
------------------------- time cost ------------------------- 5.256039619445801
------------------------- time cost ------------------------- 5.413624048233032
------------------------- time cost ------------------------- 5.531708717346191
------------------------- time cost ------------------------- 5.341063022613525
------------------------- time cost ------------------------- 5.340174913406372
------------------------- time cost ------------------------- 5.3012001514434814
------------------------- time cost ------------------------- 5.3817667961120605
------------------------- time cost ------------------------- 5.3691253662109375
------------------------- time cost ------------------------- 5.318363666534424

-------------Round number: 90-------------

Evaluate global model
Averaged Train Loss: 0.3334
Averaged Test Accuracy: 0.9148
Averaged Test AUC: 0.7980
Averaged Test Precision: 0.8385
Averaged Test Recall: 0.9148
Averaged Test F1-Score: 0.8746
Std Test Accuracy: 0.0416
Std Test AUC: 0.0541
------------------------- time cost ------------------------- 6.111563444137573
------------------------- time cost ------------------------- 5.392213821411133
------------------------- time cost ------------------------- 5.274861812591553
------------------------- time cost ------------------------- 5.328905344009399
------------------------- time cost ------------------------- 5.332456588745117
------------------------- time cost ------------------------- 5.352887153625488
------------------------- time cost ------------------------- 5.160699367523193
------------------------- time cost ------------------------- 5.197207450866699
------------------------- time cost ------------------------- 5.406053304672241
------------------------- time cost ------------------------- 5.454878091812134

-------------Round number: 100-------------

Evaluate global model
Averaged Train Loss: 0.3322
Averaged Test Accuracy: 0.9148
Averaged Test AUC: 0.8130
Averaged Test Precision: 0.8385
Averaged Test Recall: 0.9148
Averaged Test F1-Score: 0.8746
Std Test Accuracy: 0.0416
Std Test AUC: 0.0554
------------------------- time cost ------------------------- 6.324244737625122

Best accuracy.
0.9147651006711409

Average time cost per round.
5.425119585990906
File path: results/Xinwang_FedAvg_test/Xinwang_FedAvg_test_0.h5
Training process CSV file path: results/Xinwang_FedAvg_test/Xinwang_FedAvg_test_0_training_process.csv
Training process data saved to: results/Xinwang_FedAvg_test/Xinwang_FedAvg_test_0_training_process.csv

平均训练时间: 550.21秒
