实验: Xinwang_feature_skew_gaussian_MultiKrum_run1
物理GPU ID: 4
CUDA_VISIBLE_DEVICES: 4
时间: 2026-01-25 02:41:35
命令: /miniconda3/bin/python flcore/main.py -data Xinwang -algo FedAvg -nc 10 -gr 100 -ls 5 -lbs 64 -lr 0.01 -eg 10 -t 1 --heterogeneity feature_skew --enable_attack True --attack_mode gaussian --malicious_ratio 0.3 --defense_mode multi_krum --use_tlbo False --tlbo_iterations 10 --use_autoencoder False --use_committee False
工作目录: /root/DecisionSupportSystem-FedACT/system

[GPU] 使用环境变量指定的GPU: CUDA_VISIBLE_DEVICES=4
============================================================
实验配置:
============================================================
  goal: test
  device: cuda
  device_id: 0
  dataset: Xinwang
  heterogeneity: feature_skew
  model: auto
  num_classes: 2
  batch_size: 64
  local_learning_rate: 0.01
  global_rounds: 100
  local_epochs: 5
  algorithm: FedAvg
  num_clients: 10
  join_ratio: 1.0
  random_join_ratio: False
  prev: 0
  times: 1
  eval_gap: 10
  save_folder_name: results
  learning_rate_decay: False
  learning_rate_decay_gamma: 0.99
  few_shot: 0
  time_select: False
  time_threthold: 10000
  top_cnt: 100
  auto_break: False
  client_drop_rate: 0.0
  train_slow_rate: 0.0
  send_slow_rate: 0.0
  dlg_eval: False
  dlg_gap: 100
  batch_num_per_client: 2
  num_new_clients: 0
  fine_tuning_epoch_new: 0
  mu: 0.01
  beta: 0.0
  lamda: 1.0
  tau: 1.0
  plocal_epochs: 1
  server_learning_rate: 1.0
  enable_attack: True
  attack_mode: gaussian
  malicious_ratio: 0.3
  attack_scale: 3.0
  defense_mode: multi_krum
  use_autoencoder: False
  autoencoder_latent_dim: 64
  autoencoder_epochs: 20
  committee_size: 5
  vote_threshold: 0.5
  anomaly_threshold: 0.5
  anomaly_lower_coef: 0.7
  anomaly_upper_coef: 1.5
  use_committee: False
  tlbo_iterations: 10
  use_tlbo: False
  use_merkle: True
  use_incentive: True
============================================================

============= 第 1 次实验 =============
正在初始化服务器和客户端...
数据集: Xinwang, 特征维度: 38
模型参数量: 921,634

Join ratio / total clients: 1.0 / 10
Finished creating server and clients.

-------------Round number: 0-------------

Evaluate global model
Averaged Train Loss: 0.5754
Averaged Test Accuracy: 0.8826
Averaged Test AUC: 0.5676
Averaged Test Precision: 0.8560
Averaged Test Recall: 0.8826
Averaged Test F1-Score: 0.8646
Std Test Accuracy: 0.0776
Std Test AUC: 0.1101
------------------------- time cost ------------------------- 6.4060235023498535
------------------------- time cost ------------------------- 5.498522043228149
------------------------- time cost ------------------------- 5.497535228729248
------------------------- time cost ------------------------- 5.4067065715789795
------------------------- time cost ------------------------- 5.585704803466797
------------------------- time cost ------------------------- 5.340235948562622
------------------------- time cost ------------------------- 5.1505126953125
------------------------- time cost ------------------------- 5.16938591003418
------------------------- time cost ------------------------- 5.3127851486206055
------------------------- time cost ------------------------- 5.569016933441162

-------------Round number: 10-------------

Evaluate global model
Averaged Train Loss: 0.3471
Averaged Test Accuracy: 0.9148
Averaged Test AUC: 0.5758
Averaged Test Precision: 0.8385
Averaged Test Recall: 0.9148
Averaged Test F1-Score: 0.8746
Std Test Accuracy: 0.0416
Std Test AUC: 0.1171
------------------------- time cost ------------------------- 6.337664604187012
------------------------- time cost ------------------------- 5.663521766662598
------------------------- time cost ------------------------- 5.3845603466033936
------------------------- time cost ------------------------- 5.331933975219727
------------------------- time cost ------------------------- 5.4081995487213135
------------------------- time cost ------------------------- 5.390201807022095
------------------------- time cost ------------------------- 5.399960994720459
------------------------- time cost ------------------------- 5.536601781845093
------------------------- time cost ------------------------- 5.418336391448975
------------------------- time cost ------------------------- 5.448153495788574

-------------Round number: 20-------------

Evaluate global model
Averaged Train Loss: 0.3382
Averaged Test Accuracy: 0.9148
Averaged Test AUC: 0.6277
Averaged Test Precision: 0.8385
Averaged Test Recall: 0.9148
Averaged Test F1-Score: 0.8746
Std Test Accuracy: 0.0416
Std Test AUC: 0.0968
------------------------- time cost ------------------------- 6.409117698669434
------------------------- time cost ------------------------- 5.5698254108428955
------------------------- time cost ------------------------- 5.4278624057769775
------------------------- time cost ------------------------- 5.374113321304321
------------------------- time cost ------------------------- 5.341034412384033
------------------------- time cost ------------------------- 5.318258285522461
------------------------- time cost ------------------------- 5.20001220703125
------------------------- time cost ------------------------- 5.411541700363159
------------------------- time cost ------------------------- 5.384703636169434
------------------------- time cost ------------------------- 5.540141820907593

-------------Round number: 30-------------

Evaluate global model
Averaged Train Loss: 0.3360
Averaged Test Accuracy: 0.9148
Averaged Test AUC: 0.6626
Averaged Test Precision: 0.8385
Averaged Test Recall: 0.9148
Averaged Test F1-Score: 0.8746
Std Test Accuracy: 0.0416
Std Test AUC: 0.0516
------------------------- time cost ------------------------- 6.32955527305603
------------------------- time cost ------------------------- 5.520305156707764
------------------------- time cost ------------------------- 5.425763845443726
------------------------- time cost ------------------------- 5.239552736282349
------------------------- time cost ------------------------- 5.372341871261597
------------------------- time cost ------------------------- 5.465348243713379
------------------------- time cost ------------------------- 5.3954689502716064
------------------------- time cost ------------------------- 5.397202968597412
------------------------- time cost ------------------------- 5.460768699645996
------------------------- time cost ------------------------- 5.398653745651245

-------------Round number: 40-------------

Evaluate global model
Averaged Train Loss: 0.3369
Averaged Test Accuracy: 0.9148
Averaged Test AUC: 0.6925
Averaged Test Precision: 0.8385
Averaged Test Recall: 0.9148
Averaged Test F1-Score: 0.8746
Std Test Accuracy: 0.0416
Std Test AUC: 0.0543
------------------------- time cost ------------------------- 6.3089776039123535
------------------------- time cost ------------------------- 5.419945001602173
------------------------- time cost ------------------------- 5.4849817752838135
------------------------- time cost ------------------------- 5.467437982559204
------------------------- time cost ------------------------- 5.5519585609436035
------------------------- time cost ------------------------- 5.428318500518799
------------------------- time cost ------------------------- 5.512376308441162
------------------------- time cost ------------------------- 5.393359661102295
------------------------- time cost ------------------------- 5.569437742233276
------------------------- time cost ------------------------- 5.3932976722717285

-------------Round number: 50-------------

Evaluate global model
Averaged Train Loss: 0.3375
Averaged Test Accuracy: 0.9148
Averaged Test AUC: 0.7261
Averaged Test Precision: 0.8385
Averaged Test Recall: 0.9148
Averaged Test F1-Score: 0.8746
Std Test Accuracy: 0.0416
Std Test AUC: 0.0507
------------------------- time cost ------------------------- 6.294553995132446
------------------------- time cost ------------------------- 5.500576496124268
------------------------- time cost ------------------------- 5.515535354614258
------------------------- time cost ------------------------- 5.562602996826172
------------------------- time cost ------------------------- 5.413724184036255
------------------------- time cost ------------------------- 5.450647592544556
------------------------- time cost ------------------------- 5.496682405471802
------------------------- time cost ------------------------- 5.511597394943237
------------------------- time cost ------------------------- 5.353987455368042
------------------------- time cost ------------------------- 5.4644997119903564

-------------Round number: 60-------------

Evaluate global model
Averaged Train Loss: 0.3355
Averaged Test Accuracy: 0.9148
Averaged Test AUC: 0.7516
Averaged Test Precision: 0.8385
Averaged Test Recall: 0.9148
Averaged Test F1-Score: 0.8746
Std Test Accuracy: 0.0416
Std Test AUC: 0.0631
------------------------- time cost ------------------------- 6.4906394481658936
------------------------- time cost ------------------------- 5.4599449634552
------------------------- time cost ------------------------- 5.470228910446167
------------------------- time cost ------------------------- 5.393649339675903
------------------------- time cost ------------------------- 5.329233169555664
------------------------- time cost ------------------------- 5.390329599380493
------------------------- time cost ------------------------- 5.327738523483276
------------------------- time cost ------------------------- 5.421029090881348
------------------------- time cost ------------------------- 5.402109384536743
------------------------- time cost ------------------------- 5.277506113052368

-------------Round number: 70-------------

Evaluate global model
Averaged Train Loss: 0.3375
Averaged Test Accuracy: 0.9148
Averaged Test AUC: 0.7728
Averaged Test Precision: 0.8385
Averaged Test Recall: 0.9148
Averaged Test F1-Score: 0.8746
Std Test Accuracy: 0.0416
Std Test AUC: 0.0698
------------------------- time cost ------------------------- 6.394764423370361
------------------------- time cost ------------------------- 5.467985153198242
------------------------- time cost ------------------------- 5.547466993331909
------------------------- time cost ------------------------- 5.412163019180298
------------------------- time cost ------------------------- 5.305654525756836
------------------------- time cost ------------------------- 5.3796281814575195
------------------------- time cost ------------------------- 5.498247146606445
------------------------- time cost ------------------------- 5.496241331100464
------------------------- time cost ------------------------- 5.378375291824341
------------------------- time cost ------------------------- 5.36227822303772

-------------Round number: 80-------------

Evaluate global model
Averaged Train Loss: 0.3371
Averaged Test Accuracy: 0.9148
Averaged Test AUC: 0.7896
Averaged Test Precision: 0.8385
Averaged Test Recall: 0.9148
Averaged Test F1-Score: 0.8746
Std Test Accuracy: 0.0416
Std Test AUC: 0.0721
------------------------- time cost ------------------------- 6.251718997955322
------------------------- time cost ------------------------- 5.446784019470215
------------------------- time cost ------------------------- 5.569291114807129
------------------------- time cost ------------------------- 5.523924112319946
------------------------- time cost ------------------------- 5.243675470352173
------------------------- time cost ------------------------- 5.362600564956665
------------------------- time cost ------------------------- 5.448939561843872
------------------------- time cost ------------------------- 5.485235929489136
------------------------- time cost ------------------------- 5.391897916793823
------------------------- time cost ------------------------- 5.318706035614014

-------------Round number: 90-------------

Evaluate global model
Averaged Train Loss: 0.3369
Averaged Test Accuracy: 0.9148
Averaged Test AUC: 0.7931
Averaged Test Precision: 0.8385
Averaged Test Recall: 0.9148
Averaged Test F1-Score: 0.8746
Std Test Accuracy: 0.0416
Std Test AUC: 0.0574
------------------------- time cost ------------------------- 6.349292278289795
------------------------- time cost ------------------------- 5.451800107955933
------------------------- time cost ------------------------- 5.4151527881622314
------------------------- time cost ------------------------- 5.451222896575928
------------------------- time cost ------------------------- 5.478402853012085
------------------------- time cost ------------------------- 5.349698543548584
------------------------- time cost ------------------------- 5.42481541633606
------------------------- time cost ------------------------- 5.347171306610107
------------------------- time cost ------------------------- 5.561780691146851
------------------------- time cost ------------------------- 5.367834568023682

-------------Round number: 100-------------

Evaluate global model
Averaged Train Loss: 0.3328
Averaged Test Accuracy: 0.9148
Averaged Test AUC: 0.8116
Averaged Test Precision: 0.8385
Averaged Test Recall: 0.9148
Averaged Test F1-Score: 0.8746
Std Test Accuracy: 0.0416
Std Test AUC: 0.0550
------------------------- time cost ------------------------- 6.819896459579468

Best accuracy.
0.9147651006711409

Average time cost per round.
5.521906652450562
File path: results/Xinwang_FedAvg_test/Xinwang_FedAvg_test_0.h5
Training process CSV file path: results/Xinwang_FedAvg_test/Xinwang_FedAvg_test_0_training_process.csv
Training process data saved to: results/Xinwang_FedAvg_test/Xinwang_FedAvg_test_0_training_process.csv

平均训练时间: 560.14秒
