实验: Xinwang_quantity_skew_backdoor_Median_run1
物理GPU ID: 4
CUDA_VISIBLE_DEVICES: 4
时间: 2026-01-25 02:22:52
命令: /miniconda3/bin/python flcore/main.py -data Xinwang -algo FedAvg -nc 10 -gr 100 -ls 5 -lbs 64 -lr 0.01 -eg 10 -t 1 --heterogeneity quantity_skew --enable_attack True --attack_mode backdoor --malicious_ratio 0.3 --defense_mode median --use_tlbo False --tlbo_iterations 10 --use_autoencoder False --use_committee False
工作目录: /root/DecisionSupportSystem-FedACT/system

[GPU] 使用环境变量指定的GPU: CUDA_VISIBLE_DEVICES=4
============================================================
实验配置:
============================================================
  goal: test
  device: cuda
  device_id: 0
  dataset: Xinwang
  heterogeneity: quantity_skew
  model: auto
  num_classes: 2
  batch_size: 64
  local_learning_rate: 0.01
  global_rounds: 100
  local_epochs: 5
  algorithm: FedAvg
  num_clients: 10
  join_ratio: 1.0
  random_join_ratio: False
  prev: 0
  times: 1
  eval_gap: 10
  save_folder_name: results
  learning_rate_decay: False
  learning_rate_decay_gamma: 0.99
  few_shot: 0
  time_select: False
  time_threthold: 10000
  top_cnt: 100
  auto_break: False
  client_drop_rate: 0.0
  train_slow_rate: 0.0
  send_slow_rate: 0.0
  dlg_eval: False
  dlg_gap: 100
  batch_num_per_client: 2
  num_new_clients: 0
  fine_tuning_epoch_new: 0
  mu: 0.01
  beta: 0.0
  lamda: 1.0
  tau: 1.0
  plocal_epochs: 1
  server_learning_rate: 1.0
  enable_attack: True
  attack_mode: backdoor
  malicious_ratio: 0.3
  attack_scale: 3.0
  defense_mode: median
  use_autoencoder: False
  autoencoder_latent_dim: 64
  autoencoder_epochs: 20
  committee_size: 5
  vote_threshold: 0.5
  anomaly_threshold: 0.5
  anomaly_lower_coef: 0.7
  anomaly_upper_coef: 1.5
  use_committee: False
  tlbo_iterations: 10
  use_tlbo: False
  use_merkle: True
  use_incentive: True
============================================================

============= 第 1 次实验 =============
正在初始化服务器和客户端...
数据集: Xinwang, 特征维度: 38
模型参数量: 921,634

Join ratio / total clients: 1.0 / 10
Finished creating server and clients.

-------------Round number: 0-------------

Evaluate global model
Averaged Train Loss: 0.5754
Averaged Test Accuracy: 0.8826
Averaged Test AUC: 0.5676
Averaged Test Precision: 0.8560
Averaged Test Recall: 0.8826
Averaged Test F1-Score: 0.8646
Std Test Accuracy: 0.0776
Std Test AUC: 0.1101
------------------------- time cost ------------------------- 6.524893522262573
------------------------- time cost ------------------------- 5.513090372085571
------------------------- time cost ------------------------- 5.613635301589966
------------------------- time cost ------------------------- 5.345158815383911
------------------------- time cost ------------------------- 5.32673454284668
------------------------- time cost ------------------------- 5.271877288818359
------------------------- time cost ------------------------- 5.282592296600342
------------------------- time cost ------------------------- 5.484095573425293
------------------------- time cost ------------------------- 5.437151670455933
------------------------- time cost ------------------------- 5.49338698387146

-------------Round number: 10-------------

Evaluate global model
Averaged Train Loss: 0.3463
Averaged Test Accuracy: 0.9148
Averaged Test AUC: 0.5594
Averaged Test Precision: 0.8385
Averaged Test Recall: 0.9148
Averaged Test F1-Score: 0.8746
Std Test Accuracy: 0.0416
Std Test AUC: 0.1429
------------------------- time cost ------------------------- 6.133037328720093
------------------------- time cost ------------------------- 5.540776014328003
------------------------- time cost ------------------------- 5.48877477645874
------------------------- time cost ------------------------- 5.364814519882202
------------------------- time cost ------------------------- 5.424835443496704
------------------------- time cost ------------------------- 5.363161325454712
------------------------- time cost ------------------------- 5.526989459991455
------------------------- time cost ------------------------- 5.647150039672852
------------------------- time cost ------------------------- 5.561093330383301
------------------------- time cost ------------------------- 5.580004453659058

-------------Round number: 20-------------

Evaluate global model
Averaged Train Loss: 0.3381
Averaged Test Accuracy: 0.9148
Averaged Test AUC: 0.6057
Averaged Test Precision: 0.8385
Averaged Test Recall: 0.9148
Averaged Test F1-Score: 0.8746
Std Test Accuracy: 0.0416
Std Test AUC: 0.1099
------------------------- time cost ------------------------- 6.268723964691162
------------------------- time cost ------------------------- 5.475707054138184
------------------------- time cost ------------------------- 5.218775510787964
------------------------- time cost ------------------------- 5.3464977741241455
------------------------- time cost ------------------------- 5.33594274520874
------------------------- time cost ------------------------- 5.468743324279785
------------------------- time cost ------------------------- 5.480921983718872
------------------------- time cost ------------------------- 5.466602802276611
------------------------- time cost ------------------------- 5.496765375137329
------------------------- time cost ------------------------- 5.485620498657227

-------------Round number: 30-------------

Evaluate global model
Averaged Train Loss: 0.3340
Averaged Test Accuracy: 0.9148
Averaged Test AUC: 0.6503
Averaged Test Precision: 0.8385
Averaged Test Recall: 0.9148
Averaged Test F1-Score: 0.8746
Std Test Accuracy: 0.0416
Std Test AUC: 0.0732
------------------------- time cost ------------------------- 6.234069347381592
------------------------- time cost ------------------------- 5.451385021209717
------------------------- time cost ------------------------- 5.4725658893585205
------------------------- time cost ------------------------- 5.443271160125732
------------------------- time cost ------------------------- 5.395598888397217
------------------------- time cost ------------------------- 5.431744575500488
------------------------- time cost ------------------------- 5.342694044113159
------------------------- time cost ------------------------- 5.512104749679565
------------------------- time cost ------------------------- 5.519005537033081
------------------------- time cost ------------------------- 5.5870361328125

-------------Round number: 40-------------

Evaluate global model
Averaged Train Loss: 0.3357
Averaged Test Accuracy: 0.9148
Averaged Test AUC: 0.6916
Averaged Test Precision: 0.8385
Averaged Test Recall: 0.9148
Averaged Test F1-Score: 0.8746
Std Test Accuracy: 0.0416
Std Test AUC: 0.0498
------------------------- time cost ------------------------- 6.225696563720703
------------------------- time cost ------------------------- 5.398054599761963
------------------------- time cost ------------------------- 5.410172462463379
------------------------- time cost ------------------------- 5.471667051315308
------------------------- time cost ------------------------- 5.39028000831604
------------------------- time cost ------------------------- 5.423682689666748
------------------------- time cost ------------------------- 5.382656812667847
------------------------- time cost ------------------------- 5.488955974578857
------------------------- time cost ------------------------- 5.536908388137817
------------------------- time cost ------------------------- 5.509028673171997

-------------Round number: 50-------------

Evaluate global model
Averaged Train Loss: 0.3374
Averaged Test Accuracy: 0.9148
Averaged Test AUC: 0.7247
Averaged Test Precision: 0.8385
Averaged Test Recall: 0.9148
Averaged Test F1-Score: 0.8746
Std Test Accuracy: 0.0416
Std Test AUC: 0.0471
------------------------- time cost ------------------------- 6.257328748703003
------------------------- time cost ------------------------- 5.4005351066589355
------------------------- time cost ------------------------- 5.437963485717773
------------------------- time cost ------------------------- 5.425325393676758
------------------------- time cost ------------------------- 5.397913932800293
------------------------- time cost ------------------------- 5.572599649429321
------------------------- time cost ------------------------- 5.578039646148682
------------------------- time cost ------------------------- 5.472280740737915
------------------------- time cost ------------------------- 5.470153570175171
------------------------- time cost ------------------------- 5.46979022026062

-------------Round number: 60-------------

Evaluate global model
Averaged Train Loss: 0.3352
Averaged Test Accuracy: 0.9148
Averaged Test AUC: 0.7521
Averaged Test Precision: 0.8385
Averaged Test Recall: 0.9148
Averaged Test F1-Score: 0.8746
Std Test Accuracy: 0.0416
Std Test AUC: 0.0604
------------------------- time cost ------------------------- 6.147592306137085
------------------------- time cost ------------------------- 5.378578424453735
------------------------- time cost ------------------------- 5.408380746841431
------------------------- time cost ------------------------- 5.393218994140625
------------------------- time cost ------------------------- 5.3120527267456055
------------------------- time cost ------------------------- 5.485948085784912
------------------------- time cost ------------------------- 5.350667953491211
------------------------- time cost ------------------------- 5.595125198364258
------------------------- time cost ------------------------- 5.34340763092041
------------------------- time cost ------------------------- 5.627439260482788

-------------Round number: 70-------------

Evaluate global model
Averaged Train Loss: 0.3378
Averaged Test Accuracy: 0.9148
Averaged Test AUC: 0.7711
Averaged Test Precision: 0.8385
Averaged Test Recall: 0.9148
Averaged Test F1-Score: 0.8746
Std Test Accuracy: 0.0416
Std Test AUC: 0.0667
------------------------- time cost ------------------------- 6.232204914093018
------------------------- time cost ------------------------- 5.47734260559082
------------------------- time cost ------------------------- 5.432252407073975
------------------------- time cost ------------------------- 5.4121034145355225
------------------------- time cost ------------------------- 5.39382004737854
------------------------- time cost ------------------------- 5.422364950180054
------------------------- time cost ------------------------- 5.443532705307007
------------------------- time cost ------------------------- 5.508359432220459
------------------------- time cost ------------------------- 5.4077911376953125
------------------------- time cost ------------------------- 5.518342018127441

-------------Round number: 80-------------

Evaluate global model
Averaged Train Loss: 0.3350
Averaged Test Accuracy: 0.9148
Averaged Test AUC: 0.7827
Averaged Test Precision: 0.8385
Averaged Test Recall: 0.9148
Averaged Test F1-Score: 0.8746
Std Test Accuracy: 0.0416
Std Test AUC: 0.0593
------------------------- time cost ------------------------- 6.384264945983887
------------------------- time cost ------------------------- 5.474653720855713
------------------------- time cost ------------------------- 5.623593807220459
------------------------- time cost ------------------------- 5.525162935256958
------------------------- time cost ------------------------- 5.4641032218933105
------------------------- time cost ------------------------- 5.4233558177948
------------------------- time cost ------------------------- 5.353221893310547
------------------------- time cost ------------------------- 5.4106996059417725
------------------------- time cost ------------------------- 5.397953271865845
------------------------- time cost ------------------------- 5.448060989379883

-------------Round number: 90-------------

Evaluate global model
Averaged Train Loss: 0.3359
Averaged Test Accuracy: 0.9148
Averaged Test AUC: 0.8102
Averaged Test Precision: 0.8385
Averaged Test Recall: 0.9148
Averaged Test F1-Score: 0.8746
Std Test Accuracy: 0.0416
Std Test AUC: 0.0746
------------------------- time cost ------------------------- 6.455707311630249
------------------------- time cost ------------------------- 5.458806991577148
------------------------- time cost ------------------------- 5.5850090980529785
------------------------- time cost ------------------------- 5.373283386230469
------------------------- time cost ------------------------- 5.431579828262329
------------------------- time cost ------------------------- 5.403689384460449
------------------------- time cost ------------------------- 5.494130849838257
------------------------- time cost ------------------------- 5.375421047210693
------------------------- time cost ------------------------- 5.373053550720215
------------------------- time cost ------------------------- 5.317348003387451

-------------Round number: 100-------------

Evaluate global model
Averaged Train Loss: 0.3313
Averaged Test Accuracy: 0.9148
Averaged Test AUC: 0.8201
Averaged Test Precision: 0.8385
Averaged Test Recall: 0.9148
Averaged Test F1-Score: 0.8746
Std Test Accuracy: 0.0416
Std Test AUC: 0.0620
------------------------- time cost ------------------------- 6.833204746246338

Best accuracy.
0.9147651006711409

Average time cost per round.
5.534479990005493
File path: results/Xinwang_FedAvg_test/Xinwang_FedAvg_test_0.h5
Training process CSV file path: results/Xinwang_FedAvg_test/Xinwang_FedAvg_test_0_training_process.csv
Training process data saved to: results/Xinwang_FedAvg_test/Xinwang_FedAvg_test_0_training_process.csv

平均训练时间: 561.3秒
