实验: Xinwang_feature_skew_minmax_Bulyan_run1
物理GPU ID: 0
CUDA_VISIBLE_DEVICES: 0
时间: 2026-01-25 03:00:33
命令: /miniconda3/bin/python flcore/main.py -data Xinwang -algo FedAvg -nc 10 -gr 100 -ls 5 -lbs 64 -lr 0.01 -eg 10 -t 1 --heterogeneity feature_skew --enable_attack True --attack_mode minmax --malicious_ratio 0.3 --defense_mode bulyan --use_tlbo False --tlbo_iterations 10 --use_autoencoder False --use_committee False
工作目录: /root/DecisionSupportSystem-FedACT/system

[GPU] 使用环境变量指定的GPU: CUDA_VISIBLE_DEVICES=0
============================================================
实验配置:
============================================================
  goal: test
  device: cuda
  device_id: 0
  dataset: Xinwang
  heterogeneity: feature_skew
  model: auto
  num_classes: 2
  batch_size: 64
  local_learning_rate: 0.01
  global_rounds: 100
  local_epochs: 5
  algorithm: FedAvg
  num_clients: 10
  join_ratio: 1.0
  random_join_ratio: False
  prev: 0
  times: 1
  eval_gap: 10
  save_folder_name: results
  learning_rate_decay: False
  learning_rate_decay_gamma: 0.99
  few_shot: 0
  time_select: False
  time_threthold: 10000
  top_cnt: 100
  auto_break: False
  client_drop_rate: 0.0
  train_slow_rate: 0.0
  send_slow_rate: 0.0
  dlg_eval: False
  dlg_gap: 100
  batch_num_per_client: 2
  num_new_clients: 0
  fine_tuning_epoch_new: 0
  mu: 0.01
  beta: 0.0
  lamda: 1.0
  tau: 1.0
  plocal_epochs: 1
  server_learning_rate: 1.0
  enable_attack: True
  attack_mode: minmax
  malicious_ratio: 0.3
  attack_scale: 3.0
  defense_mode: bulyan
  use_autoencoder: False
  autoencoder_latent_dim: 64
  autoencoder_epochs: 20
  committee_size: 5
  vote_threshold: 0.5
  anomaly_threshold: 0.5
  anomaly_lower_coef: 0.7
  anomaly_upper_coef: 1.5
  use_committee: False
  tlbo_iterations: 10
  use_tlbo: False
  use_merkle: True
  use_incentive: True
============================================================

============= 第 1 次实验 =============
正在初始化服务器和客户端...
数据集: Xinwang, 特征维度: 38
模型参数量: 921,634

Join ratio / total clients: 1.0 / 10
Finished creating server and clients.

-------------Round number: 0-------------

Evaluate global model
Averaged Train Loss: 0.5754
Averaged Test Accuracy: 0.8826
Averaged Test AUC: 0.5676
Averaged Test Precision: 0.8560
Averaged Test Recall: 0.8826
Averaged Test F1-Score: 0.8646
Std Test Accuracy: 0.0776
Std Test AUC: 0.1101
------------------------- time cost ------------------------- 6.762601613998413
------------------------- time cost ------------------------- 5.410543203353882
------------------------- time cost ------------------------- 5.57757830619812
------------------------- time cost ------------------------- 5.460549354553223
------------------------- time cost ------------------------- 5.398287534713745
------------------------- time cost ------------------------- 5.6950294971466064
------------------------- time cost ------------------------- 5.568626403808594
------------------------- time cost ------------------------- 5.449260711669922
------------------------- time cost ------------------------- 5.324138402938843
------------------------- time cost ------------------------- 5.467374563217163

-------------Round number: 10-------------

Evaluate global model
Averaged Train Loss: 0.3458
Averaged Test Accuracy: 0.9148
Averaged Test AUC: 0.5751
Averaged Test Precision: 0.8385
Averaged Test Recall: 0.9148
Averaged Test F1-Score: 0.8746
Std Test Accuracy: 0.0416
Std Test AUC: 0.1210
------------------------- time cost ------------------------- 6.329259157180786
------------------------- time cost ------------------------- 5.718280553817749
------------------------- time cost ------------------------- 5.456342458724976
------------------------- time cost ------------------------- 5.570080757141113
------------------------- time cost ------------------------- 5.491019010543823
------------------------- time cost ------------------------- 5.483048915863037
------------------------- time cost ------------------------- 5.4603588581085205
------------------------- time cost ------------------------- 5.543912887573242
------------------------- time cost ------------------------- 5.669879198074341
------------------------- time cost ------------------------- 5.532806158065796

-------------Round number: 20-------------

Evaluate global model
Averaged Train Loss: 0.3371
Averaged Test Accuracy: 0.9148
Averaged Test AUC: 0.6175
Averaged Test Precision: 0.8385
Averaged Test Recall: 0.9148
Averaged Test F1-Score: 0.8746
Std Test Accuracy: 0.0416
Std Test AUC: 0.0999
------------------------- time cost ------------------------- 6.430286169052124
------------------------- time cost ------------------------- 5.600442886352539
------------------------- time cost ------------------------- 5.5575220584869385
------------------------- time cost ------------------------- 5.476437568664551
------------------------- time cost ------------------------- 5.481409788131714
------------------------- time cost ------------------------- 5.4009575843811035
------------------------- time cost ------------------------- 5.327554225921631
------------------------- time cost ------------------------- 5.612529516220093
------------------------- time cost ------------------------- 5.559616327285767
------------------------- time cost ------------------------- 5.395119667053223

-------------Round number: 30-------------

Evaluate global model
Averaged Train Loss: 0.3372
Averaged Test Accuracy: 0.9148
Averaged Test AUC: 0.6551
Averaged Test Precision: 0.8385
Averaged Test Recall: 0.9148
Averaged Test F1-Score: 0.8746
Std Test Accuracy: 0.0416
Std Test AUC: 0.0928
------------------------- time cost ------------------------- 6.230815172195435
------------------------- time cost ------------------------- 5.554141283035278
------------------------- time cost ------------------------- 5.450672626495361
------------------------- time cost ------------------------- 5.356840372085571
------------------------- time cost ------------------------- 5.455196857452393
------------------------- time cost ------------------------- 5.53446102142334
------------------------- time cost ------------------------- 5.334020614624023
------------------------- time cost ------------------------- 5.509226083755493
------------------------- time cost ------------------------- 5.494823217391968
------------------------- time cost ------------------------- 5.582601070404053

-------------Round number: 40-------------

Evaluate global model
Averaged Train Loss: 0.3363
Averaged Test Accuracy: 0.9148
Averaged Test AUC: 0.7088
Averaged Test Precision: 0.8385
Averaged Test Recall: 0.9148
Averaged Test F1-Score: 0.8746
Std Test Accuracy: 0.0416
Std Test AUC: 0.0573
------------------------- time cost ------------------------- 6.403675317764282
------------------------- time cost ------------------------- 5.569005966186523
------------------------- time cost ------------------------- 5.530203342437744
------------------------- time cost ------------------------- 5.47312068939209
------------------------- time cost ------------------------- 5.509466886520386
------------------------- time cost ------------------------- 5.439448833465576
------------------------- time cost ------------------------- 5.4293248653411865
------------------------- time cost ------------------------- 5.48193883895874
------------------------- time cost ------------------------- 5.465489625930786
------------------------- time cost ------------------------- 5.415426015853882

-------------Round number: 50-------------

Evaluate global model
Averaged Train Loss: 0.3388
Averaged Test Accuracy: 0.9148
Averaged Test AUC: 0.7308
Averaged Test Precision: 0.8385
Averaged Test Recall: 0.9148
Averaged Test F1-Score: 0.8746
Std Test Accuracy: 0.0416
Std Test AUC: 0.0471
------------------------- time cost ------------------------- 6.3263750076293945
------------------------- time cost ------------------------- 5.502439022064209
------------------------- time cost ------------------------- 5.452913999557495
------------------------- time cost ------------------------- 5.5117127895355225
------------------------- time cost ------------------------- 5.520629167556763
------------------------- time cost ------------------------- 5.353184700012207
------------------------- time cost ------------------------- 5.6768412590026855
------------------------- time cost ------------------------- 5.551405191421509
------------------------- time cost ------------------------- 5.536193132400513
------------------------- time cost ------------------------- 5.507220506668091

-------------Round number: 60-------------

Evaluate global model
Averaged Train Loss: 0.3358
Averaged Test Accuracy: 0.9148
Averaged Test AUC: 0.7503
Averaged Test Precision: 0.8385
Averaged Test Recall: 0.9148
Averaged Test F1-Score: 0.8746
Std Test Accuracy: 0.0416
Std Test AUC: 0.0586
------------------------- time cost ------------------------- 6.230456590652466
------------------------- time cost ------------------------- 5.52231240272522
------------------------- time cost ------------------------- 5.428301811218262
------------------------- time cost ------------------------- 5.441504955291748
------------------------- time cost ------------------------- 5.549388647079468
------------------------- time cost ------------------------- 5.36113977432251
------------------------- time cost ------------------------- 5.414361238479614
------------------------- time cost ------------------------- 5.625309228897095
------------------------- time cost ------------------------- 5.422820806503296
------------------------- time cost ------------------------- 5.589199542999268

-------------Round number: 70-------------

Evaluate global model
Averaged Train Loss: 0.3375
Averaged Test Accuracy: 0.9148
Averaged Test AUC: 0.7696
Averaged Test Precision: 0.8385
Averaged Test Recall: 0.9148
Averaged Test F1-Score: 0.8746
Std Test Accuracy: 0.0416
Std Test AUC: 0.0592
------------------------- time cost ------------------------- 6.41185998916626
------------------------- time cost ------------------------- 5.508588075637817
------------------------- time cost ------------------------- 5.438714981079102
------------------------- time cost ------------------------- 5.488164901733398
------------------------- time cost ------------------------- 5.518673658370972
------------------------- time cost ------------------------- 5.445575714111328
------------------------- time cost ------------------------- 5.400855779647827
------------------------- time cost ------------------------- 5.583656072616577
------------------------- time cost ------------------------- 5.54252552986145
------------------------- time cost ------------------------- 5.435922861099243

-------------Round number: 80-------------

Evaluate global model
Averaged Train Loss: 0.3373
Averaged Test Accuracy: 0.9148
Averaged Test AUC: 0.7834
Averaged Test Precision: 0.8385
Averaged Test Recall: 0.9148
Averaged Test F1-Score: 0.8746
Std Test Accuracy: 0.0416
Std Test AUC: 0.0654
------------------------- time cost ------------------------- 6.398041009902954
------------------------- time cost ------------------------- 5.621964693069458
------------------------- time cost ------------------------- 5.463339567184448
------------------------- time cost ------------------------- 5.797773122787476
------------------------- time cost ------------------------- 5.531195640563965
------------------------- time cost ------------------------- 5.3917319774627686
------------------------- time cost ------------------------- 5.4590277671813965
------------------------- time cost ------------------------- 5.6218767166137695
------------------------- time cost ------------------------- 5.4375340938568115
------------------------- time cost ------------------------- 5.474747896194458

-------------Round number: 90-------------

Evaluate global model
Averaged Train Loss: 0.3339
Averaged Test Accuracy: 0.9148
Averaged Test AUC: 0.8014
Averaged Test Precision: 0.8385
Averaged Test Recall: 0.9148
Averaged Test F1-Score: 0.8746
Std Test Accuracy: 0.0416
Std Test AUC: 0.0658
------------------------- time cost ------------------------- 6.400092363357544
------------------------- time cost ------------------------- 5.494299411773682
------------------------- time cost ------------------------- 5.48918890953064
------------------------- time cost ------------------------- 5.367200136184692
------------------------- time cost ------------------------- 5.217958927154541
------------------------- time cost ------------------------- 5.411365509033203
------------------------- time cost ------------------------- 5.494190692901611
------------------------- time cost ------------------------- 5.571221828460693
------------------------- time cost ------------------------- 5.732585668563843
------------------------- time cost ------------------------- 5.698984622955322

-------------Round number: 100-------------

Evaluate global model
Averaged Train Loss: 0.3329
Averaged Test Accuracy: 0.9148
Averaged Test AUC: 0.8073
Averaged Test Precision: 0.8385
Averaged Test Recall: 0.9148
Averaged Test F1-Score: 0.8746
Std Test Accuracy: 0.0416
Std Test AUC: 0.0482
------------------------- time cost ------------------------- 6.433700799942017

Best accuracy.
0.9147651006711409

Average time cost per round.
5.584744191169738
File path: results/Xinwang_FedAvg_test/Xinwang_FedAvg_test_0.h5
Training process CSV file path: results/Xinwang_FedAvg_test/Xinwang_FedAvg_test_0_training_process.csv
Training process data saved to: results/Xinwang_FedAvg_test/Xinwang_FedAvg_test_0_training_process.csv

平均训练时间: 566.52秒
