实验: Xinwang_label_skew_scale_RFA_run1
物理GPU ID: 2
CUDA_VISIBLE_DEVICES: 2
时间: 2026-01-25 01:16:22
命令: /miniconda3/bin/python flcore/main.py -data Xinwang -algo FedAvg -nc 10 -gr 100 -ls 5 -lbs 64 -lr 0.01 -eg 10 -t 1 --heterogeneity label_skew --enable_attack True --attack_mode scale --malicious_ratio 0.3 --defense_mode rfa --use_tlbo False --tlbo_iterations 10 --use_autoencoder False --use_committee False
工作目录: /root/DecisionSupportSystem-FedACT/system

[GPU] 使用环境变量指定的GPU: CUDA_VISIBLE_DEVICES=2
============================================================
实验配置:
============================================================
  goal: test
  device: cuda
  device_id: 0
  dataset: Xinwang
  heterogeneity: label_skew
  model: auto
  num_classes: 2
  batch_size: 64
  local_learning_rate: 0.01
  global_rounds: 100
  local_epochs: 5
  algorithm: FedAvg
  num_clients: 10
  join_ratio: 1.0
  random_join_ratio: False
  prev: 0
  times: 1
  eval_gap: 10
  save_folder_name: results
  learning_rate_decay: False
  learning_rate_decay_gamma: 0.99
  few_shot: 0
  time_select: False
  time_threthold: 10000
  top_cnt: 100
  auto_break: False
  client_drop_rate: 0.0
  train_slow_rate: 0.0
  send_slow_rate: 0.0
  dlg_eval: False
  dlg_gap: 100
  batch_num_per_client: 2
  num_new_clients: 0
  fine_tuning_epoch_new: 0
  mu: 0.01
  beta: 0.0
  lamda: 1.0
  tau: 1.0
  plocal_epochs: 1
  server_learning_rate: 1.0
  enable_attack: True
  attack_mode: scale
  malicious_ratio: 0.3
  attack_scale: 3.0
  defense_mode: rfa
  use_autoencoder: False
  autoencoder_latent_dim: 64
  autoencoder_epochs: 20
  committee_size: 5
  vote_threshold: 0.5
  anomaly_threshold: 0.5
  anomaly_lower_coef: 0.7
  anomaly_upper_coef: 1.5
  use_committee: False
  tlbo_iterations: 10
  use_tlbo: False
  use_merkle: True
  use_incentive: True
============================================================

============= 第 1 次实验 =============
正在初始化服务器和客户端...
数据集: Xinwang, 特征维度: 38
模型参数量: 921,634

Join ratio / total clients: 1.0 / 10
Finished creating server and clients.

-------------Round number: 0-------------

Evaluate global model
Averaged Train Loss: 0.5754
Averaged Test Accuracy: 0.8826
Averaged Test AUC: 0.5676
Averaged Test Precision: 0.8560
Averaged Test Recall: 0.8826
Averaged Test F1-Score: 0.8646
Std Test Accuracy: 0.0776
Std Test AUC: 0.1101
------------------------- time cost ------------------------- 6.749097585678101
------------------------- time cost ------------------------- 5.467423915863037
------------------------- time cost ------------------------- 5.2054407596588135
------------------------- time cost ------------------------- 5.484487295150757
------------------------- time cost ------------------------- 5.675034284591675
------------------------- time cost ------------------------- 5.5715086460113525
------------------------- time cost ------------------------- 5.4830663204193115
------------------------- time cost ------------------------- 5.532074689865112
------------------------- time cost ------------------------- 5.502632141113281
------------------------- time cost ------------------------- 5.405293941497803

-------------Round number: 10-------------

Evaluate global model
Averaged Train Loss: 0.3472
Averaged Test Accuracy: 0.9148
Averaged Test AUC: 0.5822
Averaged Test Precision: 0.8385
Averaged Test Recall: 0.9148
Averaged Test F1-Score: 0.8746
Std Test Accuracy: 0.0416
Std Test AUC: 0.1420
------------------------- time cost ------------------------- 6.349426507949829
------------------------- time cost ------------------------- 5.546724319458008
------------------------- time cost ------------------------- 5.502068042755127
------------------------- time cost ------------------------- 5.537755250930786
------------------------- time cost ------------------------- 5.607807874679565
------------------------- time cost ------------------------- 5.546983242034912
------------------------- time cost ------------------------- 5.477422475814819
------------------------- time cost ------------------------- 5.379282236099243
------------------------- time cost ------------------------- 5.398921966552734
------------------------- time cost ------------------------- 5.220473527908325

-------------Round number: 20-------------

Evaluate global model
Averaged Train Loss: 0.3378
Averaged Test Accuracy: 0.9148
Averaged Test AUC: 0.6228
Averaged Test Precision: 0.8385
Averaged Test Recall: 0.9148
Averaged Test F1-Score: 0.8746
Std Test Accuracy: 0.0416
Std Test AUC: 0.0870
------------------------- time cost ------------------------- 6.162612438201904
------------------------- time cost ------------------------- 5.439278841018677
------------------------- time cost ------------------------- 5.4862754344940186
------------------------- time cost ------------------------- 5.379542827606201
------------------------- time cost ------------------------- 5.422785520553589
------------------------- time cost ------------------------- 5.476609230041504
------------------------- time cost ------------------------- 5.36321759223938
------------------------- time cost ------------------------- 5.3386476039886475
------------------------- time cost ------------------------- 5.4749321937561035
------------------------- time cost ------------------------- 5.35898756980896

-------------Round number: 30-------------

Evaluate global model
Averaged Train Loss: 0.3342
Averaged Test Accuracy: 0.9148
Averaged Test AUC: 0.6607
Averaged Test Precision: 0.8385
Averaged Test Recall: 0.9148
Averaged Test F1-Score: 0.8746
Std Test Accuracy: 0.0416
Std Test AUC: 0.0576
------------------------- time cost ------------------------- 6.26662540435791
------------------------- time cost ------------------------- 5.33853554725647
------------------------- time cost ------------------------- 5.431222438812256
------------------------- time cost ------------------------- 5.454025745391846
------------------------- time cost ------------------------- 5.464427709579468
------------------------- time cost ------------------------- 5.58928656578064
------------------------- time cost ------------------------- 5.379654407501221
------------------------- time cost ------------------------- 5.436048746109009
------------------------- time cost ------------------------- 5.611720085144043
------------------------- time cost ------------------------- 5.454499959945679

-------------Round number: 40-------------

Evaluate global model
Averaged Train Loss: 0.3352
Averaged Test Accuracy: 0.9148
Averaged Test AUC: 0.6837
Averaged Test Precision: 0.8385
Averaged Test Recall: 0.9148
Averaged Test F1-Score: 0.8746
Std Test Accuracy: 0.0416
Std Test AUC: 0.0519
------------------------- time cost ------------------------- 6.218019485473633
------------------------- time cost ------------------------- 5.451507091522217
------------------------- time cost ------------------------- 5.464369535446167
------------------------- time cost ------------------------- 5.396697759628296
------------------------- time cost ------------------------- 5.507744789123535
------------------------- time cost ------------------------- 5.552582025527954
------------------------- time cost ------------------------- 5.374009847640991
------------------------- time cost ------------------------- 5.338509559631348
------------------------- time cost ------------------------- 5.447668075561523
------------------------- time cost ------------------------- 5.388017416000366

-------------Round number: 50-------------

Evaluate global model
Averaged Train Loss: 0.3380
Averaged Test Accuracy: 0.9148
Averaged Test AUC: 0.7378
Averaged Test Precision: 0.8385
Averaged Test Recall: 0.9148
Averaged Test F1-Score: 0.8746
Std Test Accuracy: 0.0416
Std Test AUC: 0.0597
------------------------- time cost ------------------------- 6.262601852416992
------------------------- time cost ------------------------- 5.5150580406188965
------------------------- time cost ------------------------- 5.41832423210144
------------------------- time cost ------------------------- 5.363573789596558
------------------------- time cost ------------------------- 5.444857358932495
------------------------- time cost ------------------------- 5.3724141120910645
------------------------- time cost ------------------------- 5.42351770401001
------------------------- time cost ------------------------- 5.321300745010376
------------------------- time cost ------------------------- 5.546809673309326
------------------------- time cost ------------------------- 5.424204111099243

-------------Round number: 60-------------

Evaluate global model
Averaged Train Loss: 0.3368
Averaged Test Accuracy: 0.9148
Averaged Test AUC: 0.7536
Averaged Test Precision: 0.8385
Averaged Test Recall: 0.9148
Averaged Test F1-Score: 0.8746
Std Test Accuracy: 0.0416
Std Test AUC: 0.0631
------------------------- time cost ------------------------- 6.199377775192261
------------------------- time cost ------------------------- 5.406579256057739
------------------------- time cost ------------------------- 5.34139084815979
------------------------- time cost ------------------------- 5.408250093460083
------------------------- time cost ------------------------- 5.462470293045044
------------------------- time cost ------------------------- 5.453086853027344
------------------------- time cost ------------------------- 5.555033206939697
------------------------- time cost ------------------------- 5.323485374450684
------------------------- time cost ------------------------- 5.328320741653442
------------------------- time cost ------------------------- 5.368085622787476

-------------Round number: 70-------------

Evaluate global model
Averaged Train Loss: 0.3398
Averaged Test Accuracy: 0.9148
Averaged Test AUC: 0.7827
Averaged Test Precision: 0.8385
Averaged Test Recall: 0.9148
Averaged Test F1-Score: 0.8746
Std Test Accuracy: 0.0416
Std Test AUC: 0.0772
------------------------- time cost ------------------------- 6.2824037075042725
------------------------- time cost ------------------------- 5.428968191146851
------------------------- time cost ------------------------- 5.514642953872681
------------------------- time cost ------------------------- 5.421011924743652
------------------------- time cost ------------------------- 5.5026538372039795
------------------------- time cost ------------------------- 5.435858488082886
------------------------- time cost ------------------------- 5.461103916168213
------------------------- time cost ------------------------- 5.548960208892822
------------------------- time cost ------------------------- 5.4351279735565186
------------------------- time cost ------------------------- 5.519571542739868

-------------Round number: 80-------------

Evaluate global model
Averaged Train Loss: 0.3378
Averaged Test Accuracy: 0.9148
Averaged Test AUC: 0.7858
Averaged Test Precision: 0.8385
Averaged Test Recall: 0.9148
Averaged Test F1-Score: 0.8746
Std Test Accuracy: 0.0416
Std Test AUC: 0.0675
------------------------- time cost ------------------------- 6.354139804840088
------------------------- time cost ------------------------- 5.3692145347595215
------------------------- time cost ------------------------- 5.4499664306640625
------------------------- time cost ------------------------- 5.681802749633789
------------------------- time cost ------------------------- 5.5237390995025635
------------------------- time cost ------------------------- 5.52428674697876
------------------------- time cost ------------------------- 5.433780193328857
------------------------- time cost ------------------------- 5.460420370101929
------------------------- time cost ------------------------- 5.353659391403198
------------------------- time cost ------------------------- 5.370082378387451

-------------Round number: 90-------------

Evaluate global model
Averaged Train Loss: 0.3365
Averaged Test Accuracy: 0.9148
Averaged Test AUC: 0.8021
Averaged Test Precision: 0.8385
Averaged Test Recall: 0.9148
Averaged Test F1-Score: 0.8746
Std Test Accuracy: 0.0416
Std Test AUC: 0.0643
------------------------- time cost ------------------------- 6.1743340492248535
------------------------- time cost ------------------------- 5.434524297714233
------------------------- time cost ------------------------- 5.474315404891968
------------------------- time cost ------------------------- 5.393507957458496
------------------------- time cost ------------------------- 5.331957578659058
------------------------- time cost ------------------------- 5.467275142669678
------------------------- time cost ------------------------- 5.482813835144043
------------------------- time cost ------------------------- 5.496910095214844
------------------------- time cost ------------------------- 5.515090703964233
------------------------- time cost ------------------------- 5.484406471252441

-------------Round number: 100-------------

Evaluate global model
Averaged Train Loss: 0.3353
Averaged Test Accuracy: 0.9148
Averaged Test AUC: 0.8193
Averaged Test Precision: 0.8385
Averaged Test Recall: 0.9148
Averaged Test F1-Score: 0.8746
Std Test Accuracy: 0.0416
Std Test AUC: 0.0671
------------------------- time cost ------------------------- 6.594590902328491

Best accuracy.
0.9147651006711409

Average time cost per round.
5.532217514514923
File path: results/Xinwang_FedAvg_test/Xinwang_FedAvg_test_0.h5
Training process CSV file path: results/Xinwang_FedAvg_test/Xinwang_FedAvg_test_0_training_process.csv
Training process data saved to: results/Xinwang_FedAvg_test/Xinwang_FedAvg_test_0_training_process.csv

平均训练时间: 561.37秒
