实验: Xinwang_quantity_skew_sign_flip_Bulyan_run1
物理GPU ID: 1
CUDA_VISIBLE_DEVICES: 1
时间: 2026-01-25 01:53:41
命令: /miniconda3/bin/python flcore/main.py -data Xinwang -algo FedAvg -nc 10 -gr 100 -ls 5 -lbs 64 -lr 0.01 -eg 10 -t 1 --heterogeneity quantity_skew --enable_attack True --attack_mode sign_flip --malicious_ratio 0.3 --defense_mode bulyan --use_tlbo False --tlbo_iterations 10 --use_autoencoder False --use_committee False
工作目录: /root/DecisionSupportSystem-FedACT/system

[GPU] 使用环境变量指定的GPU: CUDA_VISIBLE_DEVICES=1
============================================================
实验配置:
============================================================
  goal: test
  device: cuda
  device_id: 0
  dataset: Xinwang
  heterogeneity: quantity_skew
  model: auto
  num_classes: 2
  batch_size: 64
  local_learning_rate: 0.01
  global_rounds: 100
  local_epochs: 5
  algorithm: FedAvg
  num_clients: 10
  join_ratio: 1.0
  random_join_ratio: False
  prev: 0
  times: 1
  eval_gap: 10
  save_folder_name: results
  learning_rate_decay: False
  learning_rate_decay_gamma: 0.99
  few_shot: 0
  time_select: False
  time_threthold: 10000
  top_cnt: 100
  auto_break: False
  client_drop_rate: 0.0
  train_slow_rate: 0.0
  send_slow_rate: 0.0
  dlg_eval: False
  dlg_gap: 100
  batch_num_per_client: 2
  num_new_clients: 0
  fine_tuning_epoch_new: 0
  mu: 0.01
  beta: 0.0
  lamda: 1.0
  tau: 1.0
  plocal_epochs: 1
  server_learning_rate: 1.0
  enable_attack: True
  attack_mode: sign_flip
  malicious_ratio: 0.3
  attack_scale: 3.0
  defense_mode: bulyan
  use_autoencoder: False
  autoencoder_latent_dim: 64
  autoencoder_epochs: 20
  committee_size: 5
  vote_threshold: 0.5
  anomaly_threshold: 0.5
  anomaly_lower_coef: 0.7
  anomaly_upper_coef: 1.5
  use_committee: False
  tlbo_iterations: 10
  use_tlbo: False
  use_merkle: True
  use_incentive: True
============================================================

============= 第 1 次实验 =============
正在初始化服务器和客户端...
数据集: Xinwang, 特征维度: 38
模型参数量: 921,634

Join ratio / total clients: 1.0 / 10
Finished creating server and clients.

-------------Round number: 0-------------

Evaluate global model
Averaged Train Loss: 0.5754
Averaged Test Accuracy: 0.8826
Averaged Test AUC: 0.5676
Averaged Test Precision: 0.8560
Averaged Test Recall: 0.8826
Averaged Test F1-Score: 0.8646
Std Test Accuracy: 0.0776
Std Test AUC: 0.1101
------------------------- time cost ------------------------- 6.175721883773804
------------------------- time cost ------------------------- 5.351358890533447
------------------------- time cost ------------------------- 5.312401056289673
------------------------- time cost ------------------------- 5.332902669906616
------------------------- time cost ------------------------- 5.355316638946533
------------------------- time cost ------------------------- 5.231109142303467
------------------------- time cost ------------------------- 5.310673952102661
------------------------- time cost ------------------------- 5.16232705116272
------------------------- time cost ------------------------- 5.2858641147613525
------------------------- time cost ------------------------- 5.332946062088013

-------------Round number: 10-------------

Evaluate global model
Averaged Train Loss: 0.3490
Averaged Test Accuracy: 0.9148
Averaged Test AUC: 0.5724
Averaged Test Precision: 0.8385
Averaged Test Recall: 0.9148
Averaged Test F1-Score: 0.8746
Std Test Accuracy: 0.0416
Std Test AUC: 0.1379
------------------------- time cost ------------------------- 6.195960521697998
------------------------- time cost ------------------------- 5.42998194694519
------------------------- time cost ------------------------- 5.503357410430908
------------------------- time cost ------------------------- 5.287776231765747
------------------------- time cost ------------------------- 5.4900898933410645
------------------------- time cost ------------------------- 5.740265607833862
------------------------- time cost ------------------------- 5.381286382675171
------------------------- time cost ------------------------- 5.474031925201416
------------------------- time cost ------------------------- 5.3054845333099365
------------------------- time cost ------------------------- 5.2740478515625

-------------Round number: 20-------------

Evaluate global model
Averaged Train Loss: 0.3382
Averaged Test Accuracy: 0.9148
Averaged Test AUC: 0.6000
Averaged Test Precision: 0.8385
Averaged Test Recall: 0.9148
Averaged Test F1-Score: 0.8746
Std Test Accuracy: 0.0416
Std Test AUC: 0.1021
------------------------- time cost ------------------------- 6.147372484207153
------------------------- time cost ------------------------- 5.2723164558410645
------------------------- time cost ------------------------- 5.395791053771973
------------------------- time cost ------------------------- 5.299039363861084
------------------------- time cost ------------------------- 5.347164869308472
------------------------- time cost ------------------------- 5.540264368057251
------------------------- time cost ------------------------- 5.237560987472534
------------------------- time cost ------------------------- 5.519941806793213
------------------------- time cost ------------------------- 5.495656728744507
------------------------- time cost ------------------------- 5.3809850215911865

-------------Round number: 30-------------

Evaluate global model
Averaged Train Loss: 0.3345
Averaged Test Accuracy: 0.9148
Averaged Test AUC: 0.6425
Averaged Test Precision: 0.8385
Averaged Test Recall: 0.9148
Averaged Test F1-Score: 0.8746
Std Test Accuracy: 0.0416
Std Test AUC: 0.0739
------------------------- time cost ------------------------- 6.2558064460754395
------------------------- time cost ------------------------- 5.285879611968994
------------------------- time cost ------------------------- 5.388089179992676
------------------------- time cost ------------------------- 5.375639915466309
------------------------- time cost ------------------------- 5.3627588748931885
------------------------- time cost ------------------------- 5.382303953170776
------------------------- time cost ------------------------- 5.442983865737915
------------------------- time cost ------------------------- 5.3578619956970215
------------------------- time cost ------------------------- 5.495159149169922
------------------------- time cost ------------------------- 5.479077577590942

-------------Round number: 40-------------

Evaluate global model
Averaged Train Loss: 0.3352
Averaged Test Accuracy: 0.9148
Averaged Test AUC: 0.6956
Averaged Test Precision: 0.8385
Averaged Test Recall: 0.9148
Averaged Test F1-Score: 0.8746
Std Test Accuracy: 0.0416
Std Test AUC: 0.0543
------------------------- time cost ------------------------- 6.160867691040039
------------------------- time cost ------------------------- 5.379852294921875
------------------------- time cost ------------------------- 5.32262659072876
------------------------- time cost ------------------------- 5.456025123596191
------------------------- time cost ------------------------- 5.363868951797485
------------------------- time cost ------------------------- 5.4958295822143555
------------------------- time cost ------------------------- 5.347134113311768
------------------------- time cost ------------------------- 5.298442125320435
------------------------- time cost ------------------------- 5.4108500480651855
------------------------- time cost ------------------------- 5.306634426116943

-------------Round number: 50-------------

Evaluate global model
Averaged Train Loss: 0.3359
Averaged Test Accuracy: 0.9148
Averaged Test AUC: 0.7290
Averaged Test Precision: 0.8385
Averaged Test Recall: 0.9148
Averaged Test F1-Score: 0.8746
Std Test Accuracy: 0.0416
Std Test AUC: 0.0557
------------------------- time cost ------------------------- 6.201825141906738
------------------------- time cost ------------------------- 5.308448314666748
------------------------- time cost ------------------------- 5.2884228229522705
------------------------- time cost ------------------------- 5.43197774887085
------------------------- time cost ------------------------- 5.451750040054321
------------------------- time cost ------------------------- 5.5210065841674805
------------------------- time cost ------------------------- 5.512846231460571
------------------------- time cost ------------------------- 5.444904804229736
------------------------- time cost ------------------------- 5.438814163208008
------------------------- time cost ------------------------- 5.337993621826172

-------------Round number: 60-------------

Evaluate global model
Averaged Train Loss: 0.3360
Averaged Test Accuracy: 0.9148
Averaged Test AUC: 0.7538
Averaged Test Precision: 0.8385
Averaged Test Recall: 0.9148
Averaged Test F1-Score: 0.8746
Std Test Accuracy: 0.0416
Std Test AUC: 0.0611
------------------------- time cost ------------------------- 6.276630640029907
------------------------- time cost ------------------------- 5.31740140914917
------------------------- time cost ------------------------- 5.336440801620483
------------------------- time cost ------------------------- 5.359866142272949
------------------------- time cost ------------------------- 5.382903575897217
------------------------- time cost ------------------------- 5.406848430633545
------------------------- time cost ------------------------- 5.402862310409546
------------------------- time cost ------------------------- 5.351315498352051
------------------------- time cost ------------------------- 5.435201406478882
------------------------- time cost ------------------------- 5.500504970550537

-------------Round number: 70-------------

Evaluate global model
Averaged Train Loss: 0.3367
Averaged Test Accuracy: 0.9148
Averaged Test AUC: 0.7698
Averaged Test Precision: 0.8385
Averaged Test Recall: 0.9148
Averaged Test F1-Score: 0.8746
Std Test Accuracy: 0.0416
Std Test AUC: 0.0604
------------------------- time cost ------------------------- 6.265468120574951
------------------------- time cost ------------------------- 5.227394104003906
------------------------- time cost ------------------------- 5.389326810836792
------------------------- time cost ------------------------- 5.367431640625
------------------------- time cost ------------------------- 5.3357627391815186
------------------------- time cost ------------------------- 5.359262228012085
------------------------- time cost ------------------------- 5.276273965835571
------------------------- time cost ------------------------- 5.377447843551636
------------------------- time cost ------------------------- 5.3797080516815186
------------------------- time cost ------------------------- 5.422797441482544

-------------Round number: 80-------------

Evaluate global model
Averaged Train Loss: 0.3349
Averaged Test Accuracy: 0.9148
Averaged Test AUC: 0.7911
Averaged Test Precision: 0.8385
Averaged Test Recall: 0.9148
Averaged Test F1-Score: 0.8746
Std Test Accuracy: 0.0416
Std Test AUC: 0.0691
------------------------- time cost ------------------------- 6.115534067153931
------------------------- time cost ------------------------- 5.299890041351318
------------------------- time cost ------------------------- 5.320584297180176
------------------------- time cost ------------------------- 5.533838748931885
------------------------- time cost ------------------------- 5.221569776535034
------------------------- time cost ------------------------- 5.278600215911865
------------------------- time cost ------------------------- 5.275879621505737
------------------------- time cost ------------------------- 5.356132507324219
------------------------- time cost ------------------------- 5.475818634033203
------------------------- time cost ------------------------- 5.407430648803711

-------------Round number: 90-------------

Evaluate global model
Averaged Train Loss: 0.3338
Averaged Test Accuracy: 0.9148
Averaged Test AUC: 0.7982
Averaged Test Precision: 0.8385
Averaged Test Recall: 0.9148
Averaged Test F1-Score: 0.8746
Std Test Accuracy: 0.0416
Std Test AUC: 0.0553
------------------------- time cost ------------------------- 6.129348278045654
------------------------- time cost ------------------------- 5.322027206420898
------------------------- time cost ------------------------- 5.234191179275513
------------------------- time cost ------------------------- 5.409099578857422
------------------------- time cost ------------------------- 5.25791335105896
------------------------- time cost ------------------------- 5.350552558898926
------------------------- time cost ------------------------- 5.383135795593262
------------------------- time cost ------------------------- 5.476987361907959
------------------------- time cost ------------------------- 5.261713027954102
------------------------- time cost ------------------------- 5.455375909805298

-------------Round number: 100-------------

Evaluate global model
Averaged Train Loss: 0.3346
Averaged Test Accuracy: 0.9148
Averaged Test AUC: 0.8262
Averaged Test Precision: 0.8385
Averaged Test Recall: 0.9148
Averaged Test F1-Score: 0.8746
Std Test Accuracy: 0.0416
Std Test AUC: 0.0663
------------------------- time cost ------------------------- 6.204618453979492

Best accuracy.
0.9147651006711409

Average time cost per round.
5.456400454044342
File path: results/Xinwang_FedAvg_test/Xinwang_FedAvg_test_0.h5
Training process CSV file path: results/Xinwang_FedAvg_test/Xinwang_FedAvg_test_0_training_process.csv
Training process data saved to: results/Xinwang_FedAvg_test/Xinwang_FedAvg_test_0_training_process.csv

平均训练时间: 553.13秒
