实验: Xinwang_quantity_skew_label_flip_Median_run1
物理GPU ID: 1
CUDA_VISIBLE_DEVICES: 1
时间: 2026-01-25 02:21:50
命令: /miniconda3/bin/python flcore/main.py -data Xinwang -algo FedAvg -nc 10 -gr 100 -ls 5 -lbs 64 -lr 0.01 -eg 10 -t 1 --heterogeneity quantity_skew --enable_attack True --attack_mode label_flip --malicious_ratio 0.3 --defense_mode median --use_tlbo False --tlbo_iterations 10 --use_autoencoder False --use_committee False
工作目录: /root/DecisionSupportSystem-FedACT/system

[GPU] 使用环境变量指定的GPU: CUDA_VISIBLE_DEVICES=1
============================================================
实验配置:
============================================================
  goal: test
  device: cuda
  device_id: 0
  dataset: Xinwang
  heterogeneity: quantity_skew
  model: auto
  num_classes: 2
  batch_size: 64
  local_learning_rate: 0.01
  global_rounds: 100
  local_epochs: 5
  algorithm: FedAvg
  num_clients: 10
  join_ratio: 1.0
  random_join_ratio: False
  prev: 0
  times: 1
  eval_gap: 10
  save_folder_name: results
  learning_rate_decay: False
  learning_rate_decay_gamma: 0.99
  few_shot: 0
  time_select: False
  time_threthold: 10000
  top_cnt: 100
  auto_break: False
  client_drop_rate: 0.0
  train_slow_rate: 0.0
  send_slow_rate: 0.0
  dlg_eval: False
  dlg_gap: 100
  batch_num_per_client: 2
  num_new_clients: 0
  fine_tuning_epoch_new: 0
  mu: 0.01
  beta: 0.0
  lamda: 1.0
  tau: 1.0
  plocal_epochs: 1
  server_learning_rate: 1.0
  enable_attack: True
  attack_mode: label_flip
  malicious_ratio: 0.3
  attack_scale: 3.0
  defense_mode: median
  use_autoencoder: False
  autoencoder_latent_dim: 64
  autoencoder_epochs: 20
  committee_size: 5
  vote_threshold: 0.5
  anomaly_threshold: 0.5
  anomaly_lower_coef: 0.7
  anomaly_upper_coef: 1.5
  use_committee: False
  tlbo_iterations: 10
  use_tlbo: False
  use_merkle: True
  use_incentive: True
============================================================

============= 第 1 次实验 =============
正在初始化服务器和客户端...
数据集: Xinwang, 特征维度: 38
模型参数量: 921,634

Join ratio / total clients: 1.0 / 10
Finished creating server and clients.

-------------Round number: 0-------------

Evaluate global model
Averaged Train Loss: 0.5754
Averaged Test Accuracy: 0.8826
Averaged Test AUC: 0.5676
Averaged Test Precision: 0.8560
Averaged Test Recall: 0.8826
Averaged Test F1-Score: 0.8646
Std Test Accuracy: 0.0776
Std Test AUC: 0.1101
------------------------- time cost ------------------------- 6.390106678009033
------------------------- time cost ------------------------- 5.283830165863037
------------------------- time cost ------------------------- 5.419551372528076
------------------------- time cost ------------------------- 5.431091547012329
------------------------- time cost ------------------------- 5.542526721954346
------------------------- time cost ------------------------- 5.388848543167114
------------------------- time cost ------------------------- 5.204469442367554
------------------------- time cost ------------------------- 5.259522438049316
------------------------- time cost ------------------------- 5.3134684562683105
------------------------- time cost ------------------------- 5.14253044128418

-------------Round number: 10-------------

Evaluate global model
Averaged Train Loss: 0.3469
Averaged Test Accuracy: 0.9148
Averaged Test AUC: 0.5662
Averaged Test Precision: 0.8385
Averaged Test Recall: 0.9148
Averaged Test F1-Score: 0.8746
Std Test Accuracy: 0.0416
Std Test AUC: 0.1263
------------------------- time cost ------------------------- 5.762134790420532
------------------------- time cost ------------------------- 5.1912102699279785
------------------------- time cost ------------------------- 4.965548276901245
------------------------- time cost ------------------------- 5.365682363510132
------------------------- time cost ------------------------- 5.409163236618042
------------------------- time cost ------------------------- 5.45180869102478
------------------------- time cost ------------------------- 5.452995300292969
------------------------- time cost ------------------------- 5.561214447021484
------------------------- time cost ------------------------- 5.462486028671265
------------------------- time cost ------------------------- 5.31218957901001

-------------Round number: 20-------------

Evaluate global model
Averaged Train Loss: 0.3390
Averaged Test Accuracy: 0.9148
Averaged Test AUC: 0.6008
Averaged Test Precision: 0.8385
Averaged Test Recall: 0.9148
Averaged Test F1-Score: 0.8746
Std Test Accuracy: 0.0416
Std Test AUC: 0.1182
------------------------- time cost ------------------------- 6.1669206619262695
------------------------- time cost ------------------------- 5.345873594284058
------------------------- time cost ------------------------- 5.291942596435547
------------------------- time cost ------------------------- 5.351302862167358
------------------------- time cost ------------------------- 5.320700645446777
------------------------- time cost ------------------------- 5.425794839859009
------------------------- time cost ------------------------- 5.397173166275024
------------------------- time cost ------------------------- 5.57726263999939
------------------------- time cost ------------------------- 5.425678730010986
------------------------- time cost ------------------------- 5.412652492523193

-------------Round number: 30-------------

Evaluate global model
Averaged Train Loss: 0.3371
Averaged Test Accuracy: 0.9148
Averaged Test AUC: 0.6499
Averaged Test Precision: 0.8385
Averaged Test Recall: 0.9148
Averaged Test F1-Score: 0.8746
Std Test Accuracy: 0.0416
Std Test AUC: 0.0612
------------------------- time cost ------------------------- 6.285611391067505
------------------------- time cost ------------------------- 5.44508957862854
------------------------- time cost ------------------------- 5.364154577255249
------------------------- time cost ------------------------- 5.389286756515503
------------------------- time cost ------------------------- 5.321481227874756
------------------------- time cost ------------------------- 5.390804052352905
------------------------- time cost ------------------------- 5.355280160903931
------------------------- time cost ------------------------- 5.440649509429932
------------------------- time cost ------------------------- 5.424417972564697
------------------------- time cost ------------------------- 5.545229434967041

-------------Round number: 40-------------

Evaluate global model
Averaged Train Loss: 0.3360
Averaged Test Accuracy: 0.9148
Averaged Test AUC: 0.6861
Averaged Test Precision: 0.8385
Averaged Test Recall: 0.9148
Averaged Test F1-Score: 0.8746
Std Test Accuracy: 0.0416
Std Test AUC: 0.0446
------------------------- time cost ------------------------- 6.292172908782959
------------------------- time cost ------------------------- 5.406585693359375
------------------------- time cost ------------------------- 5.3568878173828125
------------------------- time cost ------------------------- 5.402995824813843
------------------------- time cost ------------------------- 5.301872968673706
------------------------- time cost ------------------------- 5.34699273109436
------------------------- time cost ------------------------- 5.394890546798706
------------------------- time cost ------------------------- 5.568899154663086
------------------------- time cost ------------------------- 5.3642497062683105
------------------------- time cost ------------------------- 5.359464645385742

-------------Round number: 50-------------

Evaluate global model
Averaged Train Loss: 0.3379
Averaged Test Accuracy: 0.9148
Averaged Test AUC: 0.7218
Averaged Test Precision: 0.8385
Averaged Test Recall: 0.9148
Averaged Test F1-Score: 0.8746
Std Test Accuracy: 0.0416
Std Test AUC: 0.0511
------------------------- time cost ------------------------- 6.220580339431763
------------------------- time cost ------------------------- 5.445229768753052
------------------------- time cost ------------------------- 5.345051050186157
------------------------- time cost ------------------------- 5.257948160171509
------------------------- time cost ------------------------- 5.463332176208496
------------------------- time cost ------------------------- 5.332970380783081
------------------------- time cost ------------------------- 5.543706178665161
------------------------- time cost ------------------------- 5.449771165847778
------------------------- time cost ------------------------- 5.3470704555511475
------------------------- time cost ------------------------- 5.38618540763855

-------------Round number: 60-------------

Evaluate global model
Averaged Train Loss: 0.3372
Averaged Test Accuracy: 0.9148
Averaged Test AUC: 0.7510
Averaged Test Precision: 0.8385
Averaged Test Recall: 0.9148
Averaged Test F1-Score: 0.8746
Std Test Accuracy: 0.0416
Std Test AUC: 0.0603
------------------------- time cost ------------------------- 6.352077960968018
------------------------- time cost ------------------------- 5.476057291030884
------------------------- time cost ------------------------- 5.316814422607422
------------------------- time cost ------------------------- 5.410284042358398
------------------------- time cost ------------------------- 5.28247332572937
------------------------- time cost ------------------------- 5.387259006500244
------------------------- time cost ------------------------- 5.379358530044556
------------------------- time cost ------------------------- 5.422362327575684
------------------------- time cost ------------------------- 5.319925785064697
------------------------- time cost ------------------------- 5.513327360153198

-------------Round number: 70-------------

Evaluate global model
Averaged Train Loss: 0.3390
Averaged Test Accuracy: 0.9148
Averaged Test AUC: 0.7660
Averaged Test Precision: 0.8385
Averaged Test Recall: 0.9148
Averaged Test F1-Score: 0.8746
Std Test Accuracy: 0.0416
Std Test AUC: 0.0575
------------------------- time cost ------------------------- 6.177961111068726
------------------------- time cost ------------------------- 5.365329027175903
------------------------- time cost ------------------------- 5.321833610534668
------------------------- time cost ------------------------- 5.403350591659546
------------------------- time cost ------------------------- 5.368215560913086
------------------------- time cost ------------------------- 5.404151439666748
------------------------- time cost ------------------------- 5.286661386489868
------------------------- time cost ------------------------- 5.309597492218018
------------------------- time cost ------------------------- 5.398911476135254
------------------------- time cost ------------------------- 5.376908540725708

-------------Round number: 80-------------

Evaluate global model
Averaged Train Loss: 0.3362
Averaged Test Accuracy: 0.9148
Averaged Test AUC: 0.7840
Averaged Test Precision: 0.8385
Averaged Test Recall: 0.9148
Averaged Test F1-Score: 0.8746
Std Test Accuracy: 0.0416
Std Test AUC: 0.0665
------------------------- time cost ------------------------- 6.425717830657959
------------------------- time cost ------------------------- 5.286070346832275
------------------------- time cost ------------------------- 5.328145980834961
------------------------- time cost ------------------------- 5.378134489059448
------------------------- time cost ------------------------- 5.428059101104736
------------------------- time cost ------------------------- 5.275779962539673
------------------------- time cost ------------------------- 5.390281677246094
------------------------- time cost ------------------------- 5.327282905578613
------------------------- time cost ------------------------- 5.343764543533325
------------------------- time cost ------------------------- 5.347516775131226

-------------Round number: 90-------------

Evaluate global model
Averaged Train Loss: 0.3380
Averaged Test Accuracy: 0.9148
Averaged Test AUC: 0.7944
Averaged Test Precision: 0.8385
Averaged Test Recall: 0.9148
Averaged Test F1-Score: 0.8746
Std Test Accuracy: 0.0416
Std Test AUC: 0.0572
------------------------- time cost ------------------------- 6.211819648742676
------------------------- time cost ------------------------- 5.41731071472168
------------------------- time cost ------------------------- 5.3015992641448975
------------------------- time cost ------------------------- 5.5508809089660645
------------------------- time cost ------------------------- 5.364745140075684
------------------------- time cost ------------------------- 5.502558946609497
------------------------- time cost ------------------------- 5.34621787071228
------------------------- time cost ------------------------- 5.290130138397217
------------------------- time cost ------------------------- 5.426079273223877
------------------------- time cost ------------------------- 5.4314727783203125

-------------Round number: 100-------------

Evaluate global model
Averaged Train Loss: 0.3339
Averaged Test Accuracy: 0.9148
Averaged Test AUC: 0.8107
Averaged Test Precision: 0.8385
Averaged Test Recall: 0.9148
Averaged Test F1-Score: 0.8746
Std Test Accuracy: 0.0416
Std Test AUC: 0.0535
------------------------- time cost ------------------------- 6.363733291625977

Best accuracy.
0.9147651006711409

Average time cost per round.
5.461945979595185
File path: results/Xinwang_FedAvg_test/Xinwang_FedAvg_test_0.h5
Training process CSV file path: results/Xinwang_FedAvg_test/Xinwang_FedAvg_test_0_training_process.csv
Training process data saved to: results/Xinwang_FedAvg_test/Xinwang_FedAvg_test_0_training_process.csv

平均训练时间: 554.06秒
