实验: Xinwang_feature_skew_alie_MultiKrum_run1
物理GPU ID: 3
CUDA_VISIBLE_DEVICES: 3
时间: 2026-01-25 02:51:09
命令: /miniconda3/bin/python flcore/main.py -data Xinwang -algo FedAvg -nc 10 -gr 100 -ls 5 -lbs 64 -lr 0.01 -eg 10 -t 1 --heterogeneity feature_skew --enable_attack True --attack_mode alie --malicious_ratio 0.3 --defense_mode multi_krum --use_tlbo False --tlbo_iterations 10 --use_autoencoder False --use_committee False
工作目录: /root/DecisionSupportSystem-FedACT/system

[GPU] 使用环境变量指定的GPU: CUDA_VISIBLE_DEVICES=3
============================================================
实验配置:
============================================================
  goal: test
  device: cuda
  device_id: 0
  dataset: Xinwang
  heterogeneity: feature_skew
  model: auto
  num_classes: 2
  batch_size: 64
  local_learning_rate: 0.01
  global_rounds: 100
  local_epochs: 5
  algorithm: FedAvg
  num_clients: 10
  join_ratio: 1.0
  random_join_ratio: False
  prev: 0
  times: 1
  eval_gap: 10
  save_folder_name: results
  learning_rate_decay: False
  learning_rate_decay_gamma: 0.99
  few_shot: 0
  time_select: False
  time_threthold: 10000
  top_cnt: 100
  auto_break: False
  client_drop_rate: 0.0
  train_slow_rate: 0.0
  send_slow_rate: 0.0
  dlg_eval: False
  dlg_gap: 100
  batch_num_per_client: 2
  num_new_clients: 0
  fine_tuning_epoch_new: 0
  mu: 0.01
  beta: 0.0
  lamda: 1.0
  tau: 1.0
  plocal_epochs: 1
  server_learning_rate: 1.0
  enable_attack: True
  attack_mode: alie
  malicious_ratio: 0.3
  attack_scale: 3.0
  defense_mode: multi_krum
  use_autoencoder: False
  autoencoder_latent_dim: 64
  autoencoder_epochs: 20
  committee_size: 5
  vote_threshold: 0.5
  anomaly_threshold: 0.5
  anomaly_lower_coef: 0.7
  anomaly_upper_coef: 1.5
  use_committee: False
  tlbo_iterations: 10
  use_tlbo: False
  use_merkle: True
  use_incentive: True
============================================================

============= 第 1 次实验 =============
正在初始化服务器和客户端...
数据集: Xinwang, 特征维度: 38
模型参数量: 921,634

Join ratio / total clients: 1.0 / 10
Finished creating server and clients.

-------------Round number: 0-------------

Evaluate global model
Averaged Train Loss: 0.5754
Averaged Test Accuracy: 0.8826
Averaged Test AUC: 0.5676
Averaged Test Precision: 0.8560
Averaged Test Recall: 0.8826
Averaged Test F1-Score: 0.8646
Std Test Accuracy: 0.0776
Std Test AUC: 0.1101
------------------------- time cost ------------------------- 6.651681661605835
------------------------- time cost ------------------------- 5.488538980484009
------------------------- time cost ------------------------- 5.525924921035767
------------------------- time cost ------------------------- 5.493120431900024
------------------------- time cost ------------------------- 5.40962815284729
------------------------- time cost ------------------------- 5.57100772857666
------------------------- time cost ------------------------- 5.3300697803497314
------------------------- time cost ------------------------- 5.6268603801727295
------------------------- time cost ------------------------- 5.57267951965332
------------------------- time cost ------------------------- 5.684807777404785

-------------Round number: 10-------------

Evaluate global model
Averaged Train Loss: 0.3456
Averaged Test Accuracy: 0.9148
Averaged Test AUC: 0.5745
Averaged Test Precision: 0.8385
Averaged Test Recall: 0.9148
Averaged Test F1-Score: 0.8746
Std Test Accuracy: 0.0416
Std Test AUC: 0.1417
------------------------- time cost ------------------------- 6.226804256439209
------------------------- time cost ------------------------- 5.586118459701538
------------------------- time cost ------------------------- 5.467419624328613
------------------------- time cost ------------------------- 5.483421087265015
------------------------- time cost ------------------------- 5.462520360946655
------------------------- time cost ------------------------- 5.411705493927002
------------------------- time cost ------------------------- 5.446765661239624
------------------------- time cost ------------------------- 5.580143690109253
------------------------- time cost ------------------------- 5.597367763519287
------------------------- time cost ------------------------- 5.458312511444092

-------------Round number: 20-------------

Evaluate global model
Averaged Train Loss: 0.3362
Averaged Test Accuracy: 0.9148
Averaged Test AUC: 0.6195
Averaged Test Precision: 0.8385
Averaged Test Recall: 0.9148
Averaged Test F1-Score: 0.8746
Std Test Accuracy: 0.0416
Std Test AUC: 0.1012
------------------------- time cost ------------------------- 6.265326023101807
------------------------- time cost ------------------------- 5.319305658340454
------------------------- time cost ------------------------- 5.453634023666382
------------------------- time cost ------------------------- 5.4038166999816895
------------------------- time cost ------------------------- 5.389926433563232
------------------------- time cost ------------------------- 5.547834634780884
------------------------- time cost ------------------------- 5.45268440246582
------------------------- time cost ------------------------- 5.526949644088745
------------------------- time cost ------------------------- 5.518747329711914
------------------------- time cost ------------------------- 5.533339738845825

-------------Round number: 30-------------

Evaluate global model
Averaged Train Loss: 0.3337
Averaged Test Accuracy: 0.9148
Averaged Test AUC: 0.6506
Averaged Test Precision: 0.8385
Averaged Test Recall: 0.9148
Averaged Test F1-Score: 0.8746
Std Test Accuracy: 0.0416
Std Test AUC: 0.0640
------------------------- time cost ------------------------- 6.256855010986328
------------------------- time cost ------------------------- 5.426981687545776
------------------------- time cost ------------------------- 5.477603435516357
------------------------- time cost ------------------------- 5.480683088302612
------------------------- time cost ------------------------- 5.354505777359009
------------------------- time cost ------------------------- 5.634689569473267
------------------------- time cost ------------------------- 5.45175313949585
------------------------- time cost ------------------------- 5.424741268157959
------------------------- time cost ------------------------- 5.518407583236694
------------------------- time cost ------------------------- 5.684939622879028

-------------Round number: 40-------------

Evaluate global model
Averaged Train Loss: 0.3361
Averaged Test Accuracy: 0.9148
Averaged Test AUC: 0.6923
Averaged Test Precision: 0.8385
Averaged Test Recall: 0.9148
Averaged Test F1-Score: 0.8746
Std Test Accuracy: 0.0416
Std Test AUC: 0.0532
------------------------- time cost ------------------------- 6.271536827087402
------------------------- time cost ------------------------- 5.442930221557617
------------------------- time cost ------------------------- 5.419049501419067
------------------------- time cost ------------------------- 5.477405786514282
------------------------- time cost ------------------------- 5.480428218841553
------------------------- time cost ------------------------- 5.5117716789245605
------------------------- time cost ------------------------- 5.495051622390747
------------------------- time cost ------------------------- 5.557027816772461
------------------------- time cost ------------------------- 5.586833953857422
------------------------- time cost ------------------------- 5.531353712081909

-------------Round number: 50-------------

Evaluate global model
Averaged Train Loss: 0.3377
Averaged Test Accuracy: 0.9148
Averaged Test AUC: 0.7252
Averaged Test Precision: 0.8385
Averaged Test Recall: 0.9148
Averaged Test F1-Score: 0.8746
Std Test Accuracy: 0.0416
Std Test AUC: 0.0530
------------------------- time cost ------------------------- 6.334993124008179
------------------------- time cost ------------------------- 5.4033098220825195
------------------------- time cost ------------------------- 5.5829455852508545
------------------------- time cost ------------------------- 5.464121103286743
------------------------- time cost ------------------------- 5.4791953563690186
------------------------- time cost ------------------------- 5.45047926902771
------------------------- time cost ------------------------- 5.797766923904419
------------------------- time cost ------------------------- 5.5175089836120605
------------------------- time cost ------------------------- 5.653457403182983
------------------------- time cost ------------------------- 5.374331474304199

-------------Round number: 60-------------

Evaluate global model
Averaged Train Loss: 0.3354
Averaged Test Accuracy: 0.9148
Averaged Test AUC: 0.7526
Averaged Test Precision: 0.8385
Averaged Test Recall: 0.9148
Averaged Test F1-Score: 0.8746
Std Test Accuracy: 0.0416
Std Test AUC: 0.0599
------------------------- time cost ------------------------- 6.286237716674805
------------------------- time cost ------------------------- 5.484986782073975
------------------------- time cost ------------------------- 5.441523313522339
------------------------- time cost ------------------------- 5.474846363067627
------------------------- time cost ------------------------- 5.519312620162964
------------------------- time cost ------------------------- 5.466944932937622
------------------------- time cost ------------------------- 5.549415826797485
------------------------- time cost ------------------------- 5.4341771602630615
------------------------- time cost ------------------------- 5.627444267272949
------------------------- time cost ------------------------- 5.5087926387786865

-------------Round number: 70-------------

Evaluate global model
Averaged Train Loss: 0.3377
Averaged Test Accuracy: 0.9148
Averaged Test AUC: 0.7716
Averaged Test Precision: 0.8385
Averaged Test Recall: 0.9148
Averaged Test F1-Score: 0.8746
Std Test Accuracy: 0.0416
Std Test AUC: 0.0622
------------------------- time cost ------------------------- 6.283316373825073
------------------------- time cost ------------------------- 5.483046293258667
------------------------- time cost ------------------------- 5.514519929885864
------------------------- time cost ------------------------- 5.493415117263794
------------------------- time cost ------------------------- 5.451181888580322
------------------------- time cost ------------------------- 5.484802961349487
------------------------- time cost ------------------------- 5.530047416687012
------------------------- time cost ------------------------- 5.558350563049316
------------------------- time cost ------------------------- 5.42289924621582
------------------------- time cost ------------------------- 5.532916307449341

-------------Round number: 80-------------

Evaluate global model
Averaged Train Loss: 0.3344
Averaged Test Accuracy: 0.9148
Averaged Test AUC: 0.7846
Averaged Test Precision: 0.8385
Averaged Test Recall: 0.9148
Averaged Test F1-Score: 0.8746
Std Test Accuracy: 0.0416
Std Test AUC: 0.0664
------------------------- time cost ------------------------- 6.320349454879761
------------------------- time cost ------------------------- 5.57965874671936
------------------------- time cost ------------------------- 5.326562166213989
------------------------- time cost ------------------------- 5.562970161437988
------------------------- time cost ------------------------- 5.441328287124634
------------------------- time cost ------------------------- 5.444011449813843
------------------------- time cost ------------------------- 5.547867059707642
------------------------- time cost ------------------------- 5.488053560256958
------------------------- time cost ------------------------- 5.508772850036621
------------------------- time cost ------------------------- 5.412175416946411

-------------Round number: 90-------------

Evaluate global model
Averaged Train Loss: 0.3343
Averaged Test Accuracy: 0.9148
Averaged Test AUC: 0.7977
Averaged Test Precision: 0.8385
Averaged Test Recall: 0.9148
Averaged Test F1-Score: 0.8746
Std Test Accuracy: 0.0416
Std Test AUC: 0.0612
------------------------- time cost ------------------------- 6.226176977157593
------------------------- time cost ------------------------- 5.477357864379883
------------------------- time cost ------------------------- 5.345890760421753
------------------------- time cost ------------------------- 5.409910202026367
------------------------- time cost ------------------------- 5.576779365539551
------------------------- time cost ------------------------- 5.5583295822143555
------------------------- time cost ------------------------- 5.556371688842773
------------------------- time cost ------------------------- 5.677881240844727
------------------------- time cost ------------------------- 5.307831048965454
------------------------- time cost ------------------------- 5.451366424560547

-------------Round number: 100-------------

Evaluate global model
Averaged Train Loss: 0.3302
Averaged Test Accuracy: 0.9148
Averaged Test AUC: 0.8143
Averaged Test Precision: 0.8385
Averaged Test Recall: 0.9148
Averaged Test F1-Score: 0.8746
Std Test Accuracy: 0.0416
Std Test AUC: 0.0593
------------------------- time cost ------------------------- 6.5262274742126465

Best accuracy.
0.9147651006711409

Average time cost per round.
5.57671489238739
File path: results/Xinwang_FedAvg_test/Xinwang_FedAvg_test_0.h5
Training process CSV file path: results/Xinwang_FedAvg_test/Xinwang_FedAvg_test_0_training_process.csv
Training process data saved to: results/Xinwang_FedAvg_test/Xinwang_FedAvg_test_0_training_process.csv

平均训练时间: 565.67秒
