实验: Xinwang_quantity_skew_free_rider_MultiKrum_run1
物理GPU ID: 0
CUDA_VISIBLE_DEVICES: 0
时间: 2026-01-25 02:31:13
命令: /miniconda3/bin/python flcore/main.py -data Xinwang -algo FedAvg -nc 10 -gr 100 -ls 5 -lbs 64 -lr 0.01 -eg 10 -t 1 --heterogeneity quantity_skew --enable_attack True --attack_mode free_rider --malicious_ratio 0.3 --defense_mode multi_krum --use_tlbo False --tlbo_iterations 10 --use_autoencoder False --use_committee False
工作目录: /root/DecisionSupportSystem-FedACT/system

[GPU] 使用环境变量指定的GPU: CUDA_VISIBLE_DEVICES=0
============================================================
实验配置:
============================================================
  goal: test
  device: cuda
  device_id: 0
  dataset: Xinwang
  heterogeneity: quantity_skew
  model: auto
  num_classes: 2
  batch_size: 64
  local_learning_rate: 0.01
  global_rounds: 100
  local_epochs: 5
  algorithm: FedAvg
  num_clients: 10
  join_ratio: 1.0
  random_join_ratio: False
  prev: 0
  times: 1
  eval_gap: 10
  save_folder_name: results
  learning_rate_decay: False
  learning_rate_decay_gamma: 0.99
  few_shot: 0
  time_select: False
  time_threthold: 10000
  top_cnt: 100
  auto_break: False
  client_drop_rate: 0.0
  train_slow_rate: 0.0
  send_slow_rate: 0.0
  dlg_eval: False
  dlg_gap: 100
  batch_num_per_client: 2
  num_new_clients: 0
  fine_tuning_epoch_new: 0
  mu: 0.01
  beta: 0.0
  lamda: 1.0
  tau: 1.0
  plocal_epochs: 1
  server_learning_rate: 1.0
  enable_attack: True
  attack_mode: free_rider
  malicious_ratio: 0.3
  attack_scale: 3.0
  defense_mode: multi_krum
  use_autoencoder: False
  autoencoder_latent_dim: 64
  autoencoder_epochs: 20
  committee_size: 5
  vote_threshold: 0.5
  anomaly_threshold: 0.5
  anomaly_lower_coef: 0.7
  anomaly_upper_coef: 1.5
  use_committee: False
  tlbo_iterations: 10
  use_tlbo: False
  use_merkle: True
  use_incentive: True
============================================================

============= 第 1 次实验 =============
正在初始化服务器和客户端...
数据集: Xinwang, 特征维度: 38
模型参数量: 921,634

Join ratio / total clients: 1.0 / 10
Finished creating server and clients.

-------------Round number: 0-------------

Evaluate global model
Averaged Train Loss: 0.5754
Averaged Test Accuracy: 0.8826
Averaged Test AUC: 0.5676
Averaged Test Precision: 0.8560
Averaged Test Recall: 0.8826
Averaged Test F1-Score: 0.8646
Std Test Accuracy: 0.0776
Std Test AUC: 0.1101
------------------------- time cost ------------------------- 6.540382623672485
------------------------- time cost ------------------------- 5.449649095535278
------------------------- time cost ------------------------- 5.50684380531311
------------------------- time cost ------------------------- 5.397288799285889
------------------------- time cost ------------------------- 5.470853090286255
------------------------- time cost ------------------------- 5.376285076141357
------------------------- time cost ------------------------- 5.577084302902222
------------------------- time cost ------------------------- 5.483980894088745
------------------------- time cost ------------------------- 5.623558282852173
------------------------- time cost ------------------------- 5.739269256591797

-------------Round number: 10-------------

Evaluate global model
Averaged Train Loss: 0.3466
Averaged Test Accuracy: 0.9148
Averaged Test AUC: 0.5763
Averaged Test Precision: 0.8385
Averaged Test Recall: 0.9148
Averaged Test F1-Score: 0.8746
Std Test Accuracy: 0.0416
Std Test AUC: 0.1352
------------------------- time cost ------------------------- 6.71856427192688
------------------------- time cost ------------------------- 5.3700947761535645
------------------------- time cost ------------------------- 5.329420804977417
------------------------- time cost ------------------------- 5.401857852935791
------------------------- time cost ------------------------- 5.6053595542907715
------------------------- time cost ------------------------- 5.462704181671143
------------------------- time cost ------------------------- 5.565746068954468
------------------------- time cost ------------------------- 5.510772705078125
------------------------- time cost ------------------------- 5.514498710632324
------------------------- time cost ------------------------- 5.400553464889526

-------------Round number: 20-------------

Evaluate global model
Averaged Train Loss: 0.3365
Averaged Test Accuracy: 0.9148
Averaged Test AUC: 0.6054
Averaged Test Precision: 0.8385
Averaged Test Recall: 0.9148
Averaged Test F1-Score: 0.8746
Std Test Accuracy: 0.0416
Std Test AUC: 0.0905
------------------------- time cost ------------------------- 6.171780586242676
------------------------- time cost ------------------------- 5.42220139503479
------------------------- time cost ------------------------- 5.481414318084717
------------------------- time cost ------------------------- 5.474982023239136
------------------------- time cost ------------------------- 5.357679843902588
------------------------- time cost ------------------------- 5.363491535186768
------------------------- time cost ------------------------- 5.422098159790039
------------------------- time cost ------------------------- 5.453942060470581
------------------------- time cost ------------------------- 5.572238206863403
------------------------- time cost ------------------------- 5.580345869064331

-------------Round number: 30-------------

Evaluate global model
Averaged Train Loss: 0.3338
Averaged Test Accuracy: 0.9148
Averaged Test AUC: 0.6597
Averaged Test Precision: 0.8385
Averaged Test Recall: 0.9148
Averaged Test F1-Score: 0.8746
Std Test Accuracy: 0.0416
Std Test AUC: 0.0639
------------------------- time cost ------------------------- 6.354381322860718
------------------------- time cost ------------------------- 5.458745956420898
------------------------- time cost ------------------------- 5.5221428871154785
------------------------- time cost ------------------------- 5.4946205615997314
------------------------- time cost ------------------------- 5.517077922821045
------------------------- time cost ------------------------- 5.238898277282715
------------------------- time cost ------------------------- 5.41131591796875
------------------------- time cost ------------------------- 5.458227872848511
------------------------- time cost ------------------------- 5.417609214782715
------------------------- time cost ------------------------- 5.550256252288818

-------------Round number: 40-------------

Evaluate global model
Averaged Train Loss: 0.3373
Averaged Test Accuracy: 0.9148
Averaged Test AUC: 0.6965
Averaged Test Precision: 0.8385
Averaged Test Recall: 0.9148
Averaged Test F1-Score: 0.8746
Std Test Accuracy: 0.0416
Std Test AUC: 0.0500
------------------------- time cost ------------------------- 6.196538209915161
------------------------- time cost ------------------------- 5.523223876953125
------------------------- time cost ------------------------- 5.459734201431274
------------------------- time cost ------------------------- 5.502362012863159
------------------------- time cost ------------------------- 5.4286627769470215
------------------------- time cost ------------------------- 5.424511432647705
------------------------- time cost ------------------------- 5.454871416091919
------------------------- time cost ------------------------- 5.287454605102539
------------------------- time cost ------------------------- 5.3774120807647705
------------------------- time cost ------------------------- 5.511006593704224

-------------Round number: 50-------------

Evaluate global model
Averaged Train Loss: 0.3385
Averaged Test Accuracy: 0.9148
Averaged Test AUC: 0.7251
Averaged Test Precision: 0.8385
Averaged Test Recall: 0.9148
Averaged Test F1-Score: 0.8746
Std Test Accuracy: 0.0416
Std Test AUC: 0.0553
------------------------- time cost ------------------------- 6.350579023361206
------------------------- time cost ------------------------- 5.4587788581848145
------------------------- time cost ------------------------- 5.523477077484131
------------------------- time cost ------------------------- 5.370550632476807
------------------------- time cost ------------------------- 5.35352897644043
------------------------- time cost ------------------------- 5.412612199783325
------------------------- time cost ------------------------- 5.518332004547119
------------------------- time cost ------------------------- 5.444720983505249
------------------------- time cost ------------------------- 5.337325572967529
------------------------- time cost ------------------------- 5.474420547485352

-------------Round number: 60-------------

Evaluate global model
Averaged Train Loss: 0.3367
Averaged Test Accuracy: 0.9148
Averaged Test AUC: 0.7463
Averaged Test Precision: 0.8385
Averaged Test Recall: 0.9148
Averaged Test F1-Score: 0.8746
Std Test Accuracy: 0.0416
Std Test AUC: 0.0644
------------------------- time cost ------------------------- 6.269213438034058
------------------------- time cost ------------------------- 5.660261154174805
------------------------- time cost ------------------------- 5.524723768234253
------------------------- time cost ------------------------- 5.3787195682525635
------------------------- time cost ------------------------- 5.237310409545898
------------------------- time cost ------------------------- 5.429218292236328
------------------------- time cost ------------------------- 5.453614711761475
------------------------- time cost ------------------------- 5.421497821807861
------------------------- time cost ------------------------- 5.543753147125244
------------------------- time cost ------------------------- 5.449573755264282

-------------Round number: 70-------------

Evaluate global model
Averaged Train Loss: 0.3361
Averaged Test Accuracy: 0.9148
Averaged Test AUC: 0.7670
Averaged Test Precision: 0.8385
Averaged Test Recall: 0.9148
Averaged Test F1-Score: 0.8746
Std Test Accuracy: 0.0416
Std Test AUC: 0.0689
------------------------- time cost ------------------------- 6.360174179077148
------------------------- time cost ------------------------- 5.470918893814087
------------------------- time cost ------------------------- 5.540722846984863
------------------------- time cost ------------------------- 5.396349668502808
------------------------- time cost ------------------------- 5.43809700012207
------------------------- time cost ------------------------- 5.451791524887085
------------------------- time cost ------------------------- 5.419258117675781
------------------------- time cost ------------------------- 5.435598373413086
------------------------- time cost ------------------------- 5.533690690994263
------------------------- time cost ------------------------- 5.5016138553619385

-------------Round number: 80-------------

Evaluate global model
Averaged Train Loss: 0.3351
Averaged Test Accuracy: 0.9148
Averaged Test AUC: 0.7839
Averaged Test Precision: 0.8385
Averaged Test Recall: 0.9148
Averaged Test F1-Score: 0.8746
Std Test Accuracy: 0.0416
Std Test AUC: 0.0628
------------------------- time cost ------------------------- 6.4610185623168945
------------------------- time cost ------------------------- 5.5305516719818115
------------------------- time cost ------------------------- 5.485478639602661
------------------------- time cost ------------------------- 5.520087242126465
------------------------- time cost ------------------------- 5.3882081508636475
------------------------- time cost ------------------------- 5.339839935302734
------------------------- time cost ------------------------- 5.392598390579224
------------------------- time cost ------------------------- 5.409016132354736
------------------------- time cost ------------------------- 5.463374137878418
------------------------- time cost ------------------------- 5.421644926071167

-------------Round number: 90-------------

Evaluate global model
Averaged Train Loss: 0.3359
Averaged Test Accuracy: 0.9148
Averaged Test AUC: 0.7951
Averaged Test Precision: 0.8385
Averaged Test Recall: 0.9148
Averaged Test F1-Score: 0.8746
Std Test Accuracy: 0.0416
Std Test AUC: 0.0575
------------------------- time cost ------------------------- 6.269139528274536
------------------------- time cost ------------------------- 5.3836774826049805
------------------------- time cost ------------------------- 5.579603672027588
------------------------- time cost ------------------------- 5.435687303543091
------------------------- time cost ------------------------- 5.372091054916382
------------------------- time cost ------------------------- 5.422021150588989
------------------------- time cost ------------------------- 5.422053575515747
------------------------- time cost ------------------------- 5.42802357673645
------------------------- time cost ------------------------- 5.5210862159729
------------------------- time cost ------------------------- 5.357755422592163

-------------Round number: 100-------------

Evaluate global model
Averaged Train Loss: 0.3325
Averaged Test Accuracy: 0.9148
Averaged Test AUC: 0.8110
Averaged Test Precision: 0.8385
Averaged Test Recall: 0.9148
Averaged Test F1-Score: 0.8746
Std Test Accuracy: 0.0416
Std Test AUC: 0.0554
------------------------- time cost ------------------------- 6.404593229293823

Best accuracy.
0.9147651006711409

Average time cost per round.
5.545615894794464
File path: results/Xinwang_FedAvg_test/Xinwang_FedAvg_test_0.h5
Training process CSV file path: results/Xinwang_FedAvg_test/Xinwang_FedAvg_test_0_training_process.csv
Training process data saved to: results/Xinwang_FedAvg_test/Xinwang_FedAvg_test_0_training_process.csv

平均训练时间: 562.43秒
