实验: Xinwang_feature_skew_label_flip_TrimmedMean_run1
物理GPU ID: 3
CUDA_VISIBLE_DEVICES: 3
时间: 2026-01-25 03:02:34
命令: /miniconda3/bin/python flcore/main.py -data Xinwang -algo FedAvg -nc 10 -gr 100 -ls 5 -lbs 64 -lr 0.01 -eg 10 -t 1 --heterogeneity feature_skew --enable_attack True --attack_mode label_flip --malicious_ratio 0.3 --defense_mode trimmed_mean --use_tlbo False --tlbo_iterations 10 --use_autoencoder False --use_committee False
工作目录: /root/DecisionSupportSystem-FedACT/system

[GPU] 使用环境变量指定的GPU: CUDA_VISIBLE_DEVICES=3
============================================================
实验配置:
============================================================
  goal: test
  device: cuda
  device_id: 0
  dataset: Xinwang
  heterogeneity: feature_skew
  model: auto
  num_classes: 2
  batch_size: 64
  local_learning_rate: 0.01
  global_rounds: 100
  local_epochs: 5
  algorithm: FedAvg
  num_clients: 10
  join_ratio: 1.0
  random_join_ratio: False
  prev: 0
  times: 1
  eval_gap: 10
  save_folder_name: results
  learning_rate_decay: False
  learning_rate_decay_gamma: 0.99
  few_shot: 0
  time_select: False
  time_threthold: 10000
  top_cnt: 100
  auto_break: False
  client_drop_rate: 0.0
  train_slow_rate: 0.0
  send_slow_rate: 0.0
  dlg_eval: False
  dlg_gap: 100
  batch_num_per_client: 2
  num_new_clients: 0
  fine_tuning_epoch_new: 0
  mu: 0.01
  beta: 0.0
  lamda: 1.0
  tau: 1.0
  plocal_epochs: 1
  server_learning_rate: 1.0
  enable_attack: True
  attack_mode: label_flip
  malicious_ratio: 0.3
  attack_scale: 3.0
  defense_mode: trimmed_mean
  use_autoencoder: False
  autoencoder_latent_dim: 64
  autoencoder_epochs: 20
  committee_size: 5
  vote_threshold: 0.5
  anomaly_threshold: 0.5
  anomaly_lower_coef: 0.7
  anomaly_upper_coef: 1.5
  use_committee: False
  tlbo_iterations: 10
  use_tlbo: False
  use_merkle: True
  use_incentive: True
============================================================

============= 第 1 次实验 =============
正在初始化服务器和客户端...
数据集: Xinwang, 特征维度: 38
模型参数量: 921,634

Join ratio / total clients: 1.0 / 10
Finished creating server and clients.

-------------Round number: 0-------------

Evaluate global model
Averaged Train Loss: 0.5754
Averaged Test Accuracy: 0.8826
Averaged Test AUC: 0.5676
Averaged Test Precision: 0.8560
Averaged Test Recall: 0.8826
Averaged Test F1-Score: 0.8646
Std Test Accuracy: 0.0776
Std Test AUC: 0.1101
------------------------- time cost ------------------------- 6.407931089401245
------------------------- time cost ------------------------- 5.625657081604004
------------------------- time cost ------------------------- 5.442506313323975
------------------------- time cost ------------------------- 5.310254335403442
------------------------- time cost ------------------------- 5.394378662109375
------------------------- time cost ------------------------- 5.453649997711182
------------------------- time cost ------------------------- 5.478431224822998
------------------------- time cost ------------------------- 5.479027986526489
------------------------- time cost ------------------------- 5.606889247894287
------------------------- time cost ------------------------- 5.462307929992676

-------------Round number: 10-------------

Evaluate global model
Averaged Train Loss: 0.3459
Averaged Test Accuracy: 0.9148
Averaged Test AUC: 0.5779
Averaged Test Precision: 0.8385
Averaged Test Recall: 0.9148
Averaged Test F1-Score: 0.8746
Std Test Accuracy: 0.0416
Std Test AUC: 0.1402
------------------------- time cost ------------------------- 6.035773038864136
------------------------- time cost ------------------------- 5.661994695663452
------------------------- time cost ------------------------- 5.377004623413086
------------------------- time cost ------------------------- 5.273864269256592
------------------------- time cost ------------------------- 5.458629608154297
------------------------- time cost ------------------------- 5.449565172195435
------------------------- time cost ------------------------- 5.492764234542847
------------------------- time cost ------------------------- 5.407096862792969
------------------------- time cost ------------------------- 5.476090669631958
------------------------- time cost ------------------------- 5.48923134803772

-------------Round number: 20-------------

Evaluate global model
Averaged Train Loss: 0.3391
Averaged Test Accuracy: 0.9148
Averaged Test AUC: 0.6117
Averaged Test Precision: 0.8385
Averaged Test Recall: 0.9148
Averaged Test F1-Score: 0.8746
Std Test Accuracy: 0.0416
Std Test AUC: 0.0977
------------------------- time cost ------------------------- 6.207193851470947
------------------------- time cost ------------------------- 5.552722454071045
------------------------- time cost ------------------------- 5.504736423492432
------------------------- time cost ------------------------- 5.34662127494812
------------------------- time cost ------------------------- 5.384228229522705
------------------------- time cost ------------------------- 5.506266832351685
------------------------- time cost ------------------------- 5.405040740966797
------------------------- time cost ------------------------- 5.310277938842773
------------------------- time cost ------------------------- 5.5128185749053955
------------------------- time cost ------------------------- 5.499780654907227

-------------Round number: 30-------------

Evaluate global model
Averaged Train Loss: 0.3336
Averaged Test Accuracy: 0.9148
Averaged Test AUC: 0.6654
Averaged Test Precision: 0.8385
Averaged Test Recall: 0.9148
Averaged Test F1-Score: 0.8746
Std Test Accuracy: 0.0416
Std Test AUC: 0.0565
------------------------- time cost ------------------------- 6.227316379547119
------------------------- time cost ------------------------- 5.434209108352661
------------------------- time cost ------------------------- 5.442612171173096
------------------------- time cost ------------------------- 5.481307744979858
------------------------- time cost ------------------------- 5.422494173049927
------------------------- time cost ------------------------- 5.438224792480469
------------------------- time cost ------------------------- 5.559318542480469
------------------------- time cost ------------------------- 5.326089859008789
------------------------- time cost ------------------------- 5.445794343948364
------------------------- time cost ------------------------- 5.567209959030151

-------------Round number: 40-------------

Evaluate global model
Averaged Train Loss: 0.3358
Averaged Test Accuracy: 0.9148
Averaged Test AUC: 0.7012
Averaged Test Precision: 0.8385
Averaged Test Recall: 0.9148
Averaged Test F1-Score: 0.8746
Std Test Accuracy: 0.0416
Std Test AUC: 0.0497
------------------------- time cost ------------------------- 6.15563440322876
------------------------- time cost ------------------------- 5.430414438247681
------------------------- time cost ------------------------- 5.467820167541504
------------------------- time cost ------------------------- 5.372456073760986
------------------------- time cost ------------------------- 5.313387632369995
------------------------- time cost ------------------------- 5.541062593460083
------------------------- time cost ------------------------- 5.400916576385498
------------------------- time cost ------------------------- 5.539521217346191
------------------------- time cost ------------------------- 5.568760871887207
------------------------- time cost ------------------------- 5.494007110595703

-------------Round number: 50-------------

Evaluate global model
Averaged Train Loss: 0.3362
Averaged Test Accuracy: 0.9148
Averaged Test AUC: 0.7319
Averaged Test Precision: 0.8385
Averaged Test Recall: 0.9148
Averaged Test F1-Score: 0.8746
Std Test Accuracy: 0.0416
Std Test AUC: 0.0488
------------------------- time cost ------------------------- 6.1856067180633545
------------------------- time cost ------------------------- 5.424871206283569
------------------------- time cost ------------------------- 5.36321759223938
------------------------- time cost ------------------------- 5.444904804229736
------------------------- time cost ------------------------- 5.438809633255005
------------------------- time cost ------------------------- 5.574337005615234
------------------------- time cost ------------------------- 5.65681266784668
------------------------- time cost ------------------------- 5.395390033721924
------------------------- time cost ------------------------- 5.439360618591309
------------------------- time cost ------------------------- 5.46454644203186

-------------Round number: 60-------------

Evaluate global model
Averaged Train Loss: 0.3350
Averaged Test Accuracy: 0.9148
Averaged Test AUC: 0.7534
Averaged Test Precision: 0.8385
Averaged Test Recall: 0.9148
Averaged Test F1-Score: 0.8746
Std Test Accuracy: 0.0416
Std Test AUC: 0.0626
------------------------- time cost ------------------------- 6.327808141708374
------------------------- time cost ------------------------- 5.581668138504028
------------------------- time cost ------------------------- 5.382145166397095
------------------------- time cost ------------------------- 5.3894853591918945
------------------------- time cost ------------------------- 5.387436389923096
------------------------- time cost ------------------------- 5.4407970905303955
------------------------- time cost ------------------------- 5.562705993652344
------------------------- time cost ------------------------- 5.3771586418151855
------------------------- time cost ------------------------- 5.5233659744262695
------------------------- time cost ------------------------- 5.437689304351807

-------------Round number: 70-------------

Evaluate global model
Averaged Train Loss: 0.3352
Averaged Test Accuracy: 0.9148
Averaged Test AUC: 0.7755
Averaged Test Precision: 0.8385
Averaged Test Recall: 0.9148
Averaged Test F1-Score: 0.8746
Std Test Accuracy: 0.0416
Std Test AUC: 0.0645
------------------------- time cost ------------------------- 6.1763224601745605
------------------------- time cost ------------------------- 5.37921667098999
------------------------- time cost ------------------------- 5.553858518600464
------------------------- time cost ------------------------- 5.431278228759766
------------------------- time cost ------------------------- 5.364758491516113
------------------------- time cost ------------------------- 5.622191905975342
------------------------- time cost ------------------------- 5.484819173812866
------------------------- time cost ------------------------- 5.207703351974487
------------------------- time cost ------------------------- 5.72384238243103
------------------------- time cost ------------------------- 5.44406795501709

-------------Round number: 80-------------

Evaluate global model
Averaged Train Loss: 0.3328
Averaged Test Accuracy: 0.9148
Averaged Test AUC: 0.7921
Averaged Test Precision: 0.8385
Averaged Test Recall: 0.9148
Averaged Test F1-Score: 0.8746
Std Test Accuracy: 0.0416
Std Test AUC: 0.0745
------------------------- time cost ------------------------- 6.455647945404053
------------------------- time cost ------------------------- 5.371089696884155
------------------------- time cost ------------------------- 5.482344627380371
------------------------- time cost ------------------------- 5.567889928817749
------------------------- time cost ------------------------- 5.471537828445435
------------------------- time cost ------------------------- 5.52650785446167
------------------------- time cost ------------------------- 5.5627076625823975
------------------------- time cost ------------------------- 5.800133228302002
------------------------- time cost ------------------------- 5.6236350536346436
------------------------- time cost ------------------------- 5.604966878890991

-------------Round number: 90-------------

Evaluate global model
Averaged Train Loss: 0.3326
Averaged Test Accuracy: 0.9148
Averaged Test AUC: 0.8103
Averaged Test Precision: 0.8385
Averaged Test Recall: 0.9148
Averaged Test F1-Score: 0.8746
Std Test Accuracy: 0.0416
Std Test AUC: 0.0781
------------------------- time cost ------------------------- 6.542060136795044
------------------------- time cost ------------------------- 5.330646276473999
------------------------- time cost ------------------------- 5.4659082889556885
------------------------- time cost ------------------------- 5.412750244140625
------------------------- time cost ------------------------- 5.430001258850098
------------------------- time cost ------------------------- 5.3839991092681885
------------------------- time cost ------------------------- 5.37744140625
------------------------- time cost ------------------------- 5.632225275039673
------------------------- time cost ------------------------- 5.458704948425293
------------------------- time cost ------------------------- 5.464897155761719

-------------Round number: 100-------------

Evaluate global model
Averaged Train Loss: 0.3314
Averaged Test Accuracy: 0.9148
Averaged Test AUC: 0.8189
Averaged Test Precision: 0.8385
Averaged Test Recall: 0.9148
Averaged Test F1-Score: 0.8746
Std Test Accuracy: 0.0416
Std Test AUC: 0.0654
------------------------- time cost ------------------------- 6.634066343307495

Best accuracy.
0.9147651006711409

Average time cost per round.
5.550186996459961
File path: results/Xinwang_FedAvg_test/Xinwang_FedAvg_test_0.h5
Training process CSV file path: results/Xinwang_FedAvg_test/Xinwang_FedAvg_test_0_training_process.csv
Training process data saved to: results/Xinwang_FedAvg_test/Xinwang_FedAvg_test_0_training_process.csv

平均训练时间: 562.76秒
