实验: Xinwang_label_skew_ipm_Krum_run1
物理GPU ID: 3
CUDA_VISIBLE_DEVICES: 3
时间: 2026-01-25 01:25:43
命令: /miniconda3/bin/python flcore/main.py -data Xinwang -algo FedAvg -nc 10 -gr 100 -ls 5 -lbs 64 -lr 0.01 -eg 10 -t 1 --heterogeneity label_skew --enable_attack True --attack_mode ipm --malicious_ratio 0.3 --defense_mode krum --use_tlbo False --tlbo_iterations 10 --use_autoencoder False --use_committee False
工作目录: /root/DecisionSupportSystem-FedACT/system

[GPU] 使用环境变量指定的GPU: CUDA_VISIBLE_DEVICES=3
============================================================
实验配置:
============================================================
  goal: test
  device: cuda
  device_id: 0
  dataset: Xinwang
  heterogeneity: label_skew
  model: auto
  num_classes: 2
  batch_size: 64
  local_learning_rate: 0.01
  global_rounds: 100
  local_epochs: 5
  algorithm: FedAvg
  num_clients: 10
  join_ratio: 1.0
  random_join_ratio: False
  prev: 0
  times: 1
  eval_gap: 10
  save_folder_name: results
  learning_rate_decay: False
  learning_rate_decay_gamma: 0.99
  few_shot: 0
  time_select: False
  time_threthold: 10000
  top_cnt: 100
  auto_break: False
  client_drop_rate: 0.0
  train_slow_rate: 0.0
  send_slow_rate: 0.0
  dlg_eval: False
  dlg_gap: 100
  batch_num_per_client: 2
  num_new_clients: 0
  fine_tuning_epoch_new: 0
  mu: 0.01
  beta: 0.0
  lamda: 1.0
  tau: 1.0
  plocal_epochs: 1
  server_learning_rate: 1.0
  enable_attack: True
  attack_mode: ipm
  malicious_ratio: 0.3
  attack_scale: 3.0
  defense_mode: krum
  use_autoencoder: False
  autoencoder_latent_dim: 64
  autoencoder_epochs: 20
  committee_size: 5
  vote_threshold: 0.5
  anomaly_threshold: 0.5
  anomaly_lower_coef: 0.7
  anomaly_upper_coef: 1.5
  use_committee: False
  tlbo_iterations: 10
  use_tlbo: False
  use_merkle: True
  use_incentive: True
============================================================

============= 第 1 次实验 =============
正在初始化服务器和客户端...
数据集: Xinwang, 特征维度: 38
模型参数量: 921,634

Join ratio / total clients: 1.0 / 10
Finished creating server and clients.

-------------Round number: 0-------------

Evaluate global model
Averaged Train Loss: 0.5754
Averaged Test Accuracy: 0.8826
Averaged Test AUC: 0.5676
Averaged Test Precision: 0.8560
Averaged Test Recall: 0.8826
Averaged Test F1-Score: 0.8646
Std Test Accuracy: 0.0776
Std Test AUC: 0.1101
------------------------- time cost ------------------------- 6.471649646759033
------------------------- time cost ------------------------- 5.369760751724243
------------------------- time cost ------------------------- 5.686056137084961
------------------------- time cost ------------------------- 5.483490705490112
------------------------- time cost ------------------------- 5.330426454544067
------------------------- time cost ------------------------- 5.383701801300049
------------------------- time cost ------------------------- 5.475514650344849
------------------------- time cost ------------------------- 5.260847330093384
------------------------- time cost ------------------------- 5.474128723144531
------------------------- time cost ------------------------- 5.061793804168701

-------------Round number: 10-------------

Evaluate global model
Averaged Train Loss: 0.3505
Averaged Test Accuracy: 0.9148
Averaged Test AUC: 0.5775
Averaged Test Precision: 0.8385
Averaged Test Recall: 0.9148
Averaged Test F1-Score: 0.8746
Std Test Accuracy: 0.0416
Std Test AUC: 0.1360
------------------------- time cost ------------------------- 6.094271421432495
------------------------- time cost ------------------------- 5.40262508392334
------------------------- time cost ------------------------- 5.436684608459473
------------------------- time cost ------------------------- 5.448318719863892
------------------------- time cost ------------------------- 5.536550998687744
------------------------- time cost ------------------------- 5.466280221939087
------------------------- time cost ------------------------- 5.284563064575195
------------------------- time cost ------------------------- 5.4459638595581055
------------------------- time cost ------------------------- 5.4679224491119385
------------------------- time cost ------------------------- 5.425373792648315

-------------Round number: 20-------------

Evaluate global model
Averaged Train Loss: 0.3385
Averaged Test Accuracy: 0.9148
Averaged Test AUC: 0.5935
Averaged Test Precision: 0.8385
Averaged Test Recall: 0.9148
Averaged Test F1-Score: 0.8746
Std Test Accuracy: 0.0416
Std Test AUC: 0.1180
------------------------- time cost ------------------------- 6.091696500778198
------------------------- time cost ------------------------- 5.389203310012817
------------------------- time cost ------------------------- 5.357086181640625
------------------------- time cost ------------------------- 5.497504234313965
------------------------- time cost ------------------------- 5.412160158157349
------------------------- time cost ------------------------- 5.461595296859741
------------------------- time cost ------------------------- 5.397778272628784
------------------------- time cost ------------------------- 5.450231552124023
------------------------- time cost ------------------------- 5.498237609863281
------------------------- time cost ------------------------- 5.376096487045288

-------------Round number: 30-------------

Evaluate global model
Averaged Train Loss: 0.3361
Averaged Test Accuracy: 0.9148
Averaged Test AUC: 0.6396
Averaged Test Precision: 0.8385
Averaged Test Recall: 0.9148
Averaged Test F1-Score: 0.8746
Std Test Accuracy: 0.0416
Std Test AUC: 0.0668
------------------------- time cost ------------------------- 6.199572563171387
------------------------- time cost ------------------------- 5.334046125411987
------------------------- time cost ------------------------- 5.361552000045776
------------------------- time cost ------------------------- 5.460263729095459
------------------------- time cost ------------------------- 5.348056793212891
------------------------- time cost ------------------------- 5.38834810256958
------------------------- time cost ------------------------- 5.360498905181885
------------------------- time cost ------------------------- 5.340110540390015
------------------------- time cost ------------------------- 5.3565614223480225
------------------------- time cost ------------------------- 5.671250581741333

-------------Round number: 40-------------

Evaluate global model
Averaged Train Loss: 0.3359
Averaged Test Accuracy: 0.9148
Averaged Test AUC: 0.6950
Averaged Test Precision: 0.8385
Averaged Test Recall: 0.9148
Averaged Test F1-Score: 0.8746
Std Test Accuracy: 0.0416
Std Test AUC: 0.0570
------------------------- time cost ------------------------- 6.206060409545898
------------------------- time cost ------------------------- 5.479651689529419
------------------------- time cost ------------------------- 5.427310228347778
------------------------- time cost ------------------------- 5.3719916343688965
------------------------- time cost ------------------------- 5.384951114654541
------------------------- time cost ------------------------- 5.525304317474365
------------------------- time cost ------------------------- 5.3029234409332275
------------------------- time cost ------------------------- 5.380310773849487
------------------------- time cost ------------------------- 5.430227041244507
------------------------- time cost ------------------------- 5.361755847930908

-------------Round number: 50-------------

Evaluate global model
Averaged Train Loss: 0.3377
Averaged Test Accuracy: 0.9148
Averaged Test AUC: 0.7269
Averaged Test Precision: 0.8385
Averaged Test Recall: 0.9148
Averaged Test F1-Score: 0.8746
Std Test Accuracy: 0.0416
Std Test AUC: 0.0524
------------------------- time cost ------------------------- 6.115395545959473
------------------------- time cost ------------------------- 5.390155792236328
------------------------- time cost ------------------------- 5.400937795639038
------------------------- time cost ------------------------- 5.453924179077148
------------------------- time cost ------------------------- 5.400332450866699
------------------------- time cost ------------------------- 5.682157039642334
------------------------- time cost ------------------------- 5.403674364089966
------------------------- time cost ------------------------- 5.416071653366089
------------------------- time cost ------------------------- 5.361190319061279
------------------------- time cost ------------------------- 5.438740968704224

-------------Round number: 60-------------

Evaluate global model
Averaged Train Loss: 0.3361
Averaged Test Accuracy: 0.9148
Averaged Test AUC: 0.7495
Averaged Test Precision: 0.8385
Averaged Test Recall: 0.9148
Averaged Test F1-Score: 0.8746
Std Test Accuracy: 0.0416
Std Test AUC: 0.0533
------------------------- time cost ------------------------- 6.20420241355896
------------------------- time cost ------------------------- 5.426764726638794
------------------------- time cost ------------------------- 5.322495222091675
------------------------- time cost ------------------------- 5.474699974060059
------------------------- time cost ------------------------- 5.526532411575317
------------------------- time cost ------------------------- 5.464909076690674
------------------------- time cost ------------------------- 5.419276475906372
------------------------- time cost ------------------------- 5.415860891342163
------------------------- time cost ------------------------- 5.301980018615723
------------------------- time cost ------------------------- 5.44720458984375

-------------Round number: 70-------------

Evaluate global model
Averaged Train Loss: 0.3375
Averaged Test Accuracy: 0.9148
Averaged Test AUC: 0.7724
Averaged Test Precision: 0.8385
Averaged Test Recall: 0.9148
Averaged Test F1-Score: 0.8746
Std Test Accuracy: 0.0416
Std Test AUC: 0.0643
------------------------- time cost ------------------------- 6.145029306411743
------------------------- time cost ------------------------- 5.346206903457642
------------------------- time cost ------------------------- 5.304884433746338
------------------------- time cost ------------------------- 5.463210821151733
------------------------- time cost ------------------------- 5.458728551864624
------------------------- time cost ------------------------- 5.45142388343811
------------------------- time cost ------------------------- 5.4100341796875
------------------------- time cost ------------------------- 5.324458837509155
------------------------- time cost ------------------------- 5.4186952114105225
------------------------- time cost ------------------------- 5.5257227420806885

-------------Round number: 80-------------

Evaluate global model
Averaged Train Loss: 0.3372
Averaged Test Accuracy: 0.9148
Averaged Test AUC: 0.7889
Averaged Test Precision: 0.8385
Averaged Test Recall: 0.9148
Averaged Test F1-Score: 0.8746
Std Test Accuracy: 0.0416
Std Test AUC: 0.0716
------------------------- time cost ------------------------- 6.167173147201538
------------------------- time cost ------------------------- 5.415383815765381
------------------------- time cost ------------------------- 5.44551420211792
------------------------- time cost ------------------------- 5.427900791168213
------------------------- time cost ------------------------- 5.453247785568237
------------------------- time cost ------------------------- 5.445205450057983
------------------------- time cost ------------------------- 5.395750999450684
------------------------- time cost ------------------------- 5.414701461791992
------------------------- time cost ------------------------- 5.384502649307251
------------------------- time cost ------------------------- 5.508520603179932

-------------Round number: 90-------------

Evaluate global model
Averaged Train Loss: 0.3343
Averaged Test Accuracy: 0.9148
Averaged Test AUC: 0.8023
Averaged Test Precision: 0.8385
Averaged Test Recall: 0.9148
Averaged Test F1-Score: 0.8746
Std Test Accuracy: 0.0416
Std Test AUC: 0.0680
------------------------- time cost ------------------------- 6.214781999588013
------------------------- time cost ------------------------- 5.425541162490845
------------------------- time cost ------------------------- 5.440638542175293
------------------------- time cost ------------------------- 5.390855073928833
------------------------- time cost ------------------------- 5.364476203918457
------------------------- time cost ------------------------- 5.41228985786438
------------------------- time cost ------------------------- 5.48336124420166
------------------------- time cost ------------------------- 5.3157799243927
------------------------- time cost ------------------------- 5.5341956615448
------------------------- time cost ------------------------- 5.590965032577515

-------------Round number: 100-------------

Evaluate global model
Averaged Train Loss: 0.3335
Averaged Test Accuracy: 0.9148
Averaged Test AUC: 0.8192
Averaged Test Precision: 0.8385
Averaged Test Recall: 0.9148
Averaged Test F1-Score: 0.8746
Std Test Accuracy: 0.0416
Std Test AUC: 0.0672
------------------------- time cost ------------------------- 6.207242965698242

Best accuracy.
0.9147651006711409

Average time cost per round.
5.495095407962799
File path: results/Xinwang_FedAvg_test/Xinwang_FedAvg_test_0.h5
Training process CSV file path: results/Xinwang_FedAvg_test/Xinwang_FedAvg_test_0_training_process.csv
Training process data saved to: results/Xinwang_FedAvg_test/Xinwang_FedAvg_test_0_training_process.csv

平均训练时间: 557.37秒
