实验: Xinwang_iid_collision_MultiKrum_run1
物理GPU ID: 1
CUDA_VISIBLE_DEVICES: 1
时间: 2026-01-25 00:58:57
命令: /miniconda3/bin/python flcore/main.py -data Xinwang -algo FedAvg -nc 10 -gr 100 -ls 5 -lbs 64 -lr 0.01 -eg 10 -t 1 --heterogeneity iid --enable_attack True --attack_mode collision --malicious_ratio 0.3 --defense_mode multi_krum --use_tlbo False --tlbo_iterations 10 --use_autoencoder False --use_committee False
工作目录: /root/DecisionSupportSystem-FedACT/system

[GPU] 使用环境变量指定的GPU: CUDA_VISIBLE_DEVICES=1
============================================================
实验配置:
============================================================
  goal: test
  device: cuda
  device_id: 0
  dataset: Xinwang
  heterogeneity: iid
  model: auto
  num_classes: 2
  batch_size: 64
  local_learning_rate: 0.01
  global_rounds: 100
  local_epochs: 5
  algorithm: FedAvg
  num_clients: 10
  join_ratio: 1.0
  random_join_ratio: False
  prev: 0
  times: 1
  eval_gap: 10
  save_folder_name: results
  learning_rate_decay: False
  learning_rate_decay_gamma: 0.99
  few_shot: 0
  time_select: False
  time_threthold: 10000
  top_cnt: 100
  auto_break: False
  client_drop_rate: 0.0
  train_slow_rate: 0.0
  send_slow_rate: 0.0
  dlg_eval: False
  dlg_gap: 100
  batch_num_per_client: 2
  num_new_clients: 0
  fine_tuning_epoch_new: 0
  mu: 0.01
  beta: 0.0
  lamda: 1.0
  tau: 1.0
  plocal_epochs: 1
  server_learning_rate: 1.0
  enable_attack: True
  attack_mode: collision
  malicious_ratio: 0.3
  attack_scale: 3.0
  defense_mode: multi_krum
  use_autoencoder: False
  autoencoder_latent_dim: 64
  autoencoder_epochs: 20
  committee_size: 5
  vote_threshold: 0.5
  anomaly_threshold: 0.5
  anomaly_lower_coef: 0.7
  anomaly_upper_coef: 1.5
  use_committee: False
  tlbo_iterations: 10
  use_tlbo: False
  use_merkle: True
  use_incentive: True
============================================================

============= 第 1 次实验 =============
正在初始化服务器和客户端...
数据集: Xinwang, 特征维度: 38
模型参数量: 921,634

Join ratio / total clients: 1.0 / 10
Finished creating server and clients.

-------------Round number: 0-------------

Evaluate global model
Averaged Train Loss: 0.5754
Averaged Test Accuracy: 0.8826
Averaged Test AUC: 0.5676
Averaged Test Precision: 0.8560
Averaged Test Recall: 0.8826
Averaged Test F1-Score: 0.8646
Std Test Accuracy: 0.0776
Std Test AUC: 0.1101
------------------------- time cost ------------------------- 6.219604253768921
------------------------- time cost ------------------------- 5.520772695541382
------------------------- time cost ------------------------- 5.458796739578247
------------------------- time cost ------------------------- 5.55798864364624
------------------------- time cost ------------------------- 5.365978956222534
------------------------- time cost ------------------------- 5.489135026931763
------------------------- time cost ------------------------- 5.453782320022583
------------------------- time cost ------------------------- 5.396011590957642
------------------------- time cost ------------------------- 5.396471261978149
------------------------- time cost ------------------------- 5.354188919067383

-------------Round number: 10-------------

Evaluate global model
Averaged Train Loss: 0.3484
Averaged Test Accuracy: 0.9148
Averaged Test AUC: 0.5821
Averaged Test Precision: 0.8385
Averaged Test Recall: 0.9148
Averaged Test F1-Score: 0.8746
Std Test Accuracy: 0.0416
Std Test AUC: 0.1396
------------------------- time cost ------------------------- 6.0995934009552
------------------------- time cost ------------------------- 5.6622467041015625
------------------------- time cost ------------------------- 5.518973112106323
------------------------- time cost ------------------------- 5.399641036987305
------------------------- time cost ------------------------- 5.456358432769775
------------------------- time cost ------------------------- 5.37751317024231
------------------------- time cost ------------------------- 5.4735612869262695
------------------------- time cost ------------------------- 5.299549579620361
------------------------- time cost ------------------------- 5.342758893966675
------------------------- time cost ------------------------- 5.373676776885986

-------------Round number: 20-------------

Evaluate global model
Averaged Train Loss: 0.3377
Averaged Test Accuracy: 0.9148
Averaged Test AUC: 0.6029
Averaged Test Precision: 0.8385
Averaged Test Recall: 0.9148
Averaged Test F1-Score: 0.8746
Std Test Accuracy: 0.0416
Std Test AUC: 0.1031
------------------------- time cost ------------------------- 6.010415315628052
------------------------- time cost ------------------------- 5.309978008270264
------------------------- time cost ------------------------- 5.533327579498291
------------------------- time cost ------------------------- 5.395345687866211
------------------------- time cost ------------------------- 5.3900041580200195
------------------------- time cost ------------------------- 5.367267608642578
------------------------- time cost ------------------------- 5.420912265777588
------------------------- time cost ------------------------- 5.503920793533325
------------------------- time cost ------------------------- 5.413408041000366
------------------------- time cost ------------------------- 5.344670295715332

-------------Round number: 30-------------

Evaluate global model
Averaged Train Loss: 0.3353
Averaged Test Accuracy: 0.9148
Averaged Test AUC: 0.6642
Averaged Test Precision: 0.8385
Averaged Test Recall: 0.9148
Averaged Test F1-Score: 0.8746
Std Test Accuracy: 0.0416
Std Test AUC: 0.0694
------------------------- time cost ------------------------- 6.194009780883789
------------------------- time cost ------------------------- 5.495438814163208
------------------------- time cost ------------------------- 5.4722371101379395
------------------------- time cost ------------------------- 5.323196172714233
------------------------- time cost ------------------------- 5.330814599990845
------------------------- time cost ------------------------- 5.428804397583008
------------------------- time cost ------------------------- 5.506096124649048
------------------------- time cost ------------------------- 5.500252723693848
------------------------- time cost ------------------------- 5.384448766708374
------------------------- time cost ------------------------- 5.5796544551849365

-------------Round number: 40-------------

Evaluate global model
Averaged Train Loss: 0.3352
Averaged Test Accuracy: 0.9148
Averaged Test AUC: 0.6955
Averaged Test Precision: 0.8385
Averaged Test Recall: 0.9148
Averaged Test F1-Score: 0.8746
Std Test Accuracy: 0.0416
Std Test AUC: 0.0439
------------------------- time cost ------------------------- 6.1157450675964355
------------------------- time cost ------------------------- 5.365825653076172
------------------------- time cost ------------------------- 5.33843994140625
------------------------- time cost ------------------------- 5.370800256729126
------------------------- time cost ------------------------- 5.47384786605835
------------------------- time cost ------------------------- 5.422958612442017
------------------------- time cost ------------------------- 5.3882737159729
------------------------- time cost ------------------------- 5.50661563873291
------------------------- time cost ------------------------- 5.381825685501099
------------------------- time cost ------------------------- 5.3376312255859375

-------------Round number: 50-------------

Evaluate global model
Averaged Train Loss: 0.3356
Averaged Test Accuracy: 0.9148
Averaged Test AUC: 0.7200
Averaged Test Precision: 0.8385
Averaged Test Recall: 0.9148
Averaged Test F1-Score: 0.8746
Std Test Accuracy: 0.0416
Std Test AUC: 0.0467
------------------------- time cost ------------------------- 6.3069891929626465
------------------------- time cost ------------------------- 5.341536521911621
------------------------- time cost ------------------------- 5.426904678344727
------------------------- time cost ------------------------- 5.366623401641846
------------------------- time cost ------------------------- 5.3595521450042725
------------------------- time cost ------------------------- 5.432031869888306
------------------------- time cost ------------------------- 5.533602714538574
------------------------- time cost ------------------------- 5.399033784866333
------------------------- time cost ------------------------- 5.462313652038574
------------------------- time cost ------------------------- 5.312738656997681

-------------Round number: 60-------------

Evaluate global model
Averaged Train Loss: 0.3353
Averaged Test Accuracy: 0.9148
Averaged Test AUC: 0.7475
Averaged Test Precision: 0.8385
Averaged Test Recall: 0.9148
Averaged Test F1-Score: 0.8746
Std Test Accuracy: 0.0416
Std Test AUC: 0.0531
------------------------- time cost ------------------------- 6.097978353500366
------------------------- time cost ------------------------- 5.291650772094727
------------------------- time cost ------------------------- 5.484928846359253
------------------------- time cost ------------------------- 5.522599935531616
------------------------- time cost ------------------------- 5.349792718887329
------------------------- time cost ------------------------- 5.471677303314209
------------------------- time cost ------------------------- 5.378936290740967
------------------------- time cost ------------------------- 5.402410984039307
------------------------- time cost ------------------------- 5.478003978729248
------------------------- time cost ------------------------- 5.309687614440918

-------------Round number: 70-------------

Evaluate global model
Averaged Train Loss: 0.3371
Averaged Test Accuracy: 0.9148
Averaged Test AUC: 0.7682
Averaged Test Precision: 0.8385
Averaged Test Recall: 0.9148
Averaged Test F1-Score: 0.8746
Std Test Accuracy: 0.0416
Std Test AUC: 0.0626
------------------------- time cost ------------------------- 6.0558671951293945
------------------------- time cost ------------------------- 5.266113042831421
------------------------- time cost ------------------------- 5.3404083251953125
------------------------- time cost ------------------------- 5.452924728393555
------------------------- time cost ------------------------- 5.50983190536499
------------------------- time cost ------------------------- 5.341496706008911
------------------------- time cost ------------------------- 5.504945993423462
------------------------- time cost ------------------------- 5.580905199050903
------------------------- time cost ------------------------- 5.423576593399048
------------------------- time cost ------------------------- 5.408196210861206

-------------Round number: 80-------------

Evaluate global model
Averaged Train Loss: 0.3365
Averaged Test Accuracy: 0.9148
Averaged Test AUC: 0.7902
Averaged Test Precision: 0.8385
Averaged Test Recall: 0.9148
Averaged Test F1-Score: 0.8746
Std Test Accuracy: 0.0416
Std Test AUC: 0.0689
------------------------- time cost ------------------------- 6.126094102859497
------------------------- time cost ------------------------- 5.399602890014648
------------------------- time cost ------------------------- 5.455994606018066
------------------------- time cost ------------------------- 5.411535263061523
------------------------- time cost ------------------------- 5.124682426452637
------------------------- time cost ------------------------- 5.078010559082031
------------------------- time cost ------------------------- 5.4978649616241455
------------------------- time cost ------------------------- 5.161741495132446
------------------------- time cost ------------------------- 5.057845592498779
------------------------- time cost ------------------------- 4.919743776321411

-------------Round number: 90-------------

Evaluate global model
Averaged Train Loss: 0.3351
Averaged Test Accuracy: 0.9148
Averaged Test AUC: 0.7974
Averaged Test Precision: 0.8385
Averaged Test Recall: 0.9148
Averaged Test F1-Score: 0.8746
Std Test Accuracy: 0.0416
Std Test AUC: 0.0579
------------------------- time cost ------------------------- 5.807521343231201
------------------------- time cost ------------------------- 5.002805709838867
------------------------- time cost ------------------------- 5.262612342834473
------------------------- time cost ------------------------- 5.303686857223511
------------------------- time cost ------------------------- 5.41056227684021
------------------------- time cost ------------------------- 5.653037786483765
------------------------- time cost ------------------------- 5.349114179611206
------------------------- time cost ------------------------- 5.451818227767944
------------------------- time cost ------------------------- 5.434162616729736
------------------------- time cost ------------------------- 5.392181396484375

-------------Round number: 100-------------

Evaluate global model
Averaged Train Loss: 0.3358
Averaged Test Accuracy: 0.9148
Averaged Test AUC: 0.8160
Averaged Test Precision: 0.8385
Averaged Test Recall: 0.9148
Averaged Test F1-Score: 0.8746
Std Test Accuracy: 0.0416
Std Test AUC: 0.0543
------------------------- time cost ------------------------- 6.399381399154663

Best accuracy.
0.9147651006711409

Average time cost per round.
5.46916424036026
File path: results/Xinwang_FedAvg_test/Xinwang_FedAvg_test_0.h5
Training process CSV file path: results/Xinwang_FedAvg_test/Xinwang_FedAvg_test_0_training_process.csv
Training process data saved to: results/Xinwang_FedAvg_test/Xinwang_FedAvg_test_0_training_process.csv

平均训练时间: 554.49秒
