实验: Xinwang_iid_ipm_RFA_run1
物理GPU ID: 0
CUDA_VISIBLE_DEVICES: 0
时间: 2026-01-25 00:39:07
命令: /miniconda3/bin/python flcore/main.py -data Xinwang -algo FedAvg -nc 10 -gr 100 -ls 5 -lbs 64 -lr 0.01 -eg 10 -t 1 --heterogeneity iid --enable_attack True --attack_mode ipm --malicious_ratio 0.3 --defense_mode rfa --use_tlbo False --tlbo_iterations 10 --use_autoencoder False --use_committee False
工作目录: /root/DecisionSupportSystem-FedACT/system

[GPU] 使用环境变量指定的GPU: CUDA_VISIBLE_DEVICES=0
============================================================
实验配置:
============================================================
  goal: test
  device: cuda
  device_id: 0
  dataset: Xinwang
  heterogeneity: iid
  model: auto
  num_classes: 2
  batch_size: 64
  local_learning_rate: 0.01
  global_rounds: 100
  local_epochs: 5
  algorithm: FedAvg
  num_clients: 10
  join_ratio: 1.0
  random_join_ratio: False
  prev: 0
  times: 1
  eval_gap: 10
  save_folder_name: results
  learning_rate_decay: False
  learning_rate_decay_gamma: 0.99
  few_shot: 0
  time_select: False
  time_threthold: 10000
  top_cnt: 100
  auto_break: False
  client_drop_rate: 0.0
  train_slow_rate: 0.0
  send_slow_rate: 0.0
  dlg_eval: False
  dlg_gap: 100
  batch_num_per_client: 2
  num_new_clients: 0
  fine_tuning_epoch_new: 0
  mu: 0.01
  beta: 0.0
  lamda: 1.0
  tau: 1.0
  plocal_epochs: 1
  server_learning_rate: 1.0
  enable_attack: True
  attack_mode: ipm
  malicious_ratio: 0.3
  attack_scale: 3.0
  defense_mode: rfa
  use_autoencoder: False
  autoencoder_latent_dim: 64
  autoencoder_epochs: 20
  committee_size: 5
  vote_threshold: 0.5
  anomaly_threshold: 0.5
  anomaly_lower_coef: 0.7
  anomaly_upper_coef: 1.5
  use_committee: False
  tlbo_iterations: 10
  use_tlbo: False
  use_merkle: True
  use_incentive: True
============================================================

============= 第 1 次实验 =============
正在初始化服务器和客户端...
数据集: Xinwang, 特征维度: 38
模型参数量: 921,634

Join ratio / total clients: 1.0 / 10
Finished creating server and clients.

-------------Round number: 0-------------

Evaluate global model
Averaged Train Loss: 0.5754
Averaged Test Accuracy: 0.8826
Averaged Test AUC: 0.5676
Averaged Test Precision: 0.8560
Averaged Test Recall: 0.8826
Averaged Test F1-Score: 0.8646
Std Test Accuracy: 0.0776
Std Test AUC: 0.1101
------------------------- time cost ------------------------- 6.797832250595093
------------------------- time cost ------------------------- 5.453779697418213
------------------------- time cost ------------------------- 5.413601398468018
------------------------- time cost ------------------------- 5.536773204803467
------------------------- time cost ------------------------- 5.270037889480591
------------------------- time cost ------------------------- 5.3710246086120605
------------------------- time cost ------------------------- 5.348297834396362
------------------------- time cost ------------------------- 5.450872182846069
------------------------- time cost ------------------------- 5.3198463916778564
------------------------- time cost ------------------------- 5.621549844741821

-------------Round number: 10-------------

Evaluate global model
Averaged Train Loss: 0.3462
Averaged Test Accuracy: 0.9148
Averaged Test AUC: 0.5795
Averaged Test Precision: 0.8385
Averaged Test Recall: 0.9148
Averaged Test F1-Score: 0.8746
Std Test Accuracy: 0.0416
Std Test AUC: 0.1385
------------------------- time cost ------------------------- 6.05288553237915
------------------------- time cost ------------------------- 5.7055535316467285
------------------------- time cost ------------------------- 5.379641771316528
------------------------- time cost ------------------------- 5.3605077266693115
------------------------- time cost ------------------------- 5.4571146965026855
------------------------- time cost ------------------------- 5.56253457069397
------------------------- time cost ------------------------- 5.361246109008789
------------------------- time cost ------------------------- 5.331514120101929
------------------------- time cost ------------------------- 5.330925226211548
------------------------- time cost ------------------------- 5.51211404800415

-------------Round number: 20-------------

Evaluate global model
Averaged Train Loss: 0.3397
Averaged Test Accuracy: 0.9148
Averaged Test AUC: 0.6163
Averaged Test Precision: 0.8385
Averaged Test Recall: 0.9148
Averaged Test F1-Score: 0.8746
Std Test Accuracy: 0.0416
Std Test AUC: 0.0826
------------------------- time cost ------------------------- 6.258891582489014
------------------------- time cost ------------------------- 5.425684452056885
------------------------- time cost ------------------------- 5.419640779495239
------------------------- time cost ------------------------- 5.280459403991699
------------------------- time cost ------------------------- 5.454451084136963
------------------------- time cost ------------------------- 5.287203550338745
------------------------- time cost ------------------------- 5.403301000595093
------------------------- time cost ------------------------- 5.395425081253052
------------------------- time cost ------------------------- 5.465644121170044
------------------------- time cost ------------------------- 5.315435886383057

-------------Round number: 30-------------

Evaluate global model
Averaged Train Loss: 0.3363
Averaged Test Accuracy: 0.9148
Averaged Test AUC: 0.6426
Averaged Test Precision: 0.8385
Averaged Test Recall: 0.9148
Averaged Test F1-Score: 0.8746
Std Test Accuracy: 0.0416
Std Test AUC: 0.0895
------------------------- time cost ------------------------- 6.141737937927246
------------------------- time cost ------------------------- 5.363751411437988
------------------------- time cost ------------------------- 5.347062587738037
------------------------- time cost ------------------------- 5.375181674957275
------------------------- time cost ------------------------- 5.493490219116211
------------------------- time cost ------------------------- 5.284810543060303
------------------------- time cost ------------------------- 5.407091379165649
------------------------- time cost ------------------------- 5.3812501430511475
------------------------- time cost ------------------------- 5.356348037719727
------------------------- time cost ------------------------- 5.46797776222229

-------------Round number: 40-------------

Evaluate global model
Averaged Train Loss: 0.3347
Averaged Test Accuracy: 0.9148
Averaged Test AUC: 0.6893
Averaged Test Precision: 0.8385
Averaged Test Recall: 0.9148
Averaged Test F1-Score: 0.8746
Std Test Accuracy: 0.0416
Std Test AUC: 0.0552
------------------------- time cost ------------------------- 6.14415431022644
------------------------- time cost ------------------------- 5.515986442565918
------------------------- time cost ------------------------- 5.438213586807251
------------------------- time cost ------------------------- 5.327397584915161
------------------------- time cost ------------------------- 5.401846170425415
------------------------- time cost ------------------------- 5.3913702964782715
------------------------- time cost ------------------------- 5.442967653274536
------------------------- time cost ------------------------- 5.423916578292847
------------------------- time cost ------------------------- 5.395109415054321
------------------------- time cost ------------------------- 5.406321287155151

-------------Round number: 50-------------

Evaluate global model
Averaged Train Loss: 0.3380
Averaged Test Accuracy: 0.9148
Averaged Test AUC: 0.7235
Averaged Test Precision: 0.8385
Averaged Test Recall: 0.9148
Averaged Test F1-Score: 0.8746
Std Test Accuracy: 0.0416
Std Test AUC: 0.0610
------------------------- time cost ------------------------- 6.069789886474609
------------------------- time cost ------------------------- 5.412068128585815
------------------------- time cost ------------------------- 5.461968898773193
------------------------- time cost ------------------------- 5.422997236251831
------------------------- time cost ------------------------- 5.441251039505005
------------------------- time cost ------------------------- 5.30076003074646
------------------------- time cost ------------------------- 5.51923394203186
------------------------- time cost ------------------------- 5.408997535705566
------------------------- time cost ------------------------- 5.364567279815674
------------------------- time cost ------------------------- 5.4475626945495605

-------------Round number: 60-------------

Evaluate global model
Averaged Train Loss: 0.3328
Averaged Test Accuracy: 0.9148
Averaged Test AUC: 0.7459
Averaged Test Precision: 0.8385
Averaged Test Recall: 0.9148
Averaged Test F1-Score: 0.8746
Std Test Accuracy: 0.0416
Std Test AUC: 0.0552
------------------------- time cost ------------------------- 6.119722604751587
------------------------- time cost ------------------------- 5.340810775756836
------------------------- time cost ------------------------- 5.407440185546875
------------------------- time cost ------------------------- 5.2952470779418945
------------------------- time cost ------------------------- 5.343820095062256
------------------------- time cost ------------------------- 5.413061618804932
------------------------- time cost ------------------------- 5.413294315338135
------------------------- time cost ------------------------- 5.419763803482056
------------------------- time cost ------------------------- 5.4338719844818115
------------------------- time cost ------------------------- 5.282696962356567

-------------Round number: 70-------------

Evaluate global model
Averaged Train Loss: 0.3375
Averaged Test Accuracy: 0.9148
Averaged Test AUC: 0.7738
Averaged Test Precision: 0.8385
Averaged Test Recall: 0.9148
Averaged Test F1-Score: 0.8746
Std Test Accuracy: 0.0416
Std Test AUC: 0.0658
------------------------- time cost ------------------------- 6.264968633651733
------------------------- time cost ------------------------- 5.398607969284058
------------------------- time cost ------------------------- 5.453942537307739
------------------------- time cost ------------------------- 5.398252248764038
------------------------- time cost ------------------------- 5.426841735839844
------------------------- time cost ------------------------- 5.491013288497925
------------------------- time cost ------------------------- 5.321699380874634
------------------------- time cost ------------------------- 5.397515296936035
------------------------- time cost ------------------------- 5.4096598625183105
------------------------- time cost ------------------------- 5.352527379989624

-------------Round number: 80-------------

Evaluate global model
Averaged Train Loss: 0.3355
Averaged Test Accuracy: 0.9148
Averaged Test AUC: 0.7903
Averaged Test Precision: 0.8385
Averaged Test Recall: 0.9148
Averaged Test F1-Score: 0.8746
Std Test Accuracy: 0.0416
Std Test AUC: 0.0625
------------------------- time cost ------------------------- 6.304032802581787
------------------------- time cost ------------------------- 5.363239049911499
------------------------- time cost ------------------------- 5.363986492156982
------------------------- time cost ------------------------- 5.479352235794067
------------------------- time cost ------------------------- 5.3169941902160645
------------------------- time cost ------------------------- 5.4842987060546875
------------------------- time cost ------------------------- 5.3688201904296875
------------------------- time cost ------------------------- 5.454630374908447
------------------------- time cost ------------------------- 5.44051718711853
------------------------- time cost ------------------------- 5.359507083892822

-------------Round number: 90-------------

Evaluate global model
Averaged Train Loss: 0.3352
Averaged Test Accuracy: 0.9148
Averaged Test AUC: 0.8013
Averaged Test Precision: 0.8385
Averaged Test Recall: 0.9148
Averaged Test F1-Score: 0.8746
Std Test Accuracy: 0.0416
Std Test AUC: 0.0636
------------------------- time cost ------------------------- 6.17802882194519
------------------------- time cost ------------------------- 5.413095951080322
------------------------- time cost ------------------------- 5.482202768325806
------------------------- time cost ------------------------- 5.361445665359497
------------------------- time cost ------------------------- 5.3647096157073975
------------------------- time cost ------------------------- 5.431936740875244
------------------------- time cost ------------------------- 5.708299398422241
------------------------- time cost ------------------------- 5.649353742599487
------------------------- time cost ------------------------- 5.316702842712402
------------------------- time cost ------------------------- 5.4802820682525635

-------------Round number: 100-------------

Evaluate global model
Averaged Train Loss: 0.3348
Averaged Test Accuracy: 0.9148
Averaged Test AUC: 0.8162
Averaged Test Precision: 0.8385
Averaged Test Recall: 0.9148
Averaged Test F1-Score: 0.8746
Std Test Accuracy: 0.0416
Std Test AUC: 0.0638
------------------------- time cost ------------------------- 6.511417627334595

Best accuracy.
0.9147651006711409

Average time cost per round.
5.49118750333786
File path: results/Xinwang_FedAvg_test/Xinwang_FedAvg_test_0.h5
Training process CSV file path: results/Xinwang_FedAvg_test/Xinwang_FedAvg_test_0_training_process.csv
Training process data saved to: results/Xinwang_FedAvg_test/Xinwang_FedAvg_test_0_training_process.csv

平均训练时间: 557.15秒
