实验: Xinwang_label_skew_label_flip_TrimmedMean_run1
物理GPU ID: 1
CUDA_VISIBLE_DEVICES: 1
时间: 2026-01-25 01:35:31
命令: /miniconda3/bin/python flcore/main.py -data Xinwang -algo FedAvg -nc 10 -gr 100 -ls 5 -lbs 64 -lr 0.01 -eg 10 -t 1 --heterogeneity label_skew --enable_attack True --attack_mode label_flip --malicious_ratio 0.3 --defense_mode trimmed_mean --use_tlbo False --tlbo_iterations 10 --use_autoencoder False --use_committee False
工作目录: /root/DecisionSupportSystem-FedACT/system

[GPU] 使用环境变量指定的GPU: CUDA_VISIBLE_DEVICES=1
============================================================
实验配置:
============================================================
  goal: test
  device: cuda
  device_id: 0
  dataset: Xinwang
  heterogeneity: label_skew
  model: auto
  num_classes: 2
  batch_size: 64
  local_learning_rate: 0.01
  global_rounds: 100
  local_epochs: 5
  algorithm: FedAvg
  num_clients: 10
  join_ratio: 1.0
  random_join_ratio: False
  prev: 0
  times: 1
  eval_gap: 10
  save_folder_name: results
  learning_rate_decay: False
  learning_rate_decay_gamma: 0.99
  few_shot: 0
  time_select: False
  time_threthold: 10000
  top_cnt: 100
  auto_break: False
  client_drop_rate: 0.0
  train_slow_rate: 0.0
  send_slow_rate: 0.0
  dlg_eval: False
  dlg_gap: 100
  batch_num_per_client: 2
  num_new_clients: 0
  fine_tuning_epoch_new: 0
  mu: 0.01
  beta: 0.0
  lamda: 1.0
  tau: 1.0
  plocal_epochs: 1
  server_learning_rate: 1.0
  enable_attack: True
  attack_mode: label_flip
  malicious_ratio: 0.3
  attack_scale: 3.0
  defense_mode: trimmed_mean
  use_autoencoder: False
  autoencoder_latent_dim: 64
  autoencoder_epochs: 20
  committee_size: 5
  vote_threshold: 0.5
  anomaly_threshold: 0.5
  anomaly_lower_coef: 0.7
  anomaly_upper_coef: 1.5
  use_committee: False
  tlbo_iterations: 10
  use_tlbo: False
  use_merkle: True
  use_incentive: True
============================================================

============= 第 1 次实验 =============
正在初始化服务器和客户端...
数据集: Xinwang, 特征维度: 38
模型参数量: 921,634

Join ratio / total clients: 1.0 / 10
Finished creating server and clients.

-------------Round number: 0-------------

Evaluate global model
Averaged Train Loss: 0.5754
Averaged Test Accuracy: 0.8826
Averaged Test AUC: 0.5676
Averaged Test Precision: 0.8560
Averaged Test Recall: 0.8826
Averaged Test F1-Score: 0.8646
Std Test Accuracy: 0.0776
Std Test AUC: 0.1101
------------------------- time cost ------------------------- 6.269050121307373
------------------------- time cost ------------------------- 5.085437774658203
------------------------- time cost ------------------------- 5.190797328948975
------------------------- time cost ------------------------- 5.529983997344971
------------------------- time cost ------------------------- 5.374895334243774
------------------------- time cost ------------------------- 5.413004159927368
------------------------- time cost ------------------------- 5.578158378601074
------------------------- time cost ------------------------- 5.389718532562256
------------------------- time cost ------------------------- 5.504130125045776
------------------------- time cost ------------------------- 5.664218902587891

-------------Round number: 10-------------

Evaluate global model
Averaged Train Loss: 0.3486
Averaged Test Accuracy: 0.9148
Averaged Test AUC: 0.5727
Averaged Test Precision: 0.8385
Averaged Test Recall: 0.9148
Averaged Test F1-Score: 0.8746
Std Test Accuracy: 0.0416
Std Test AUC: 0.1533
------------------------- time cost ------------------------- 6.248651504516602
------------------------- time cost ------------------------- 5.573962926864624
------------------------- time cost ------------------------- 5.302609205245972
------------------------- time cost ------------------------- 5.222765207290649
------------------------- time cost ------------------------- 5.394026041030884
------------------------- time cost ------------------------- 5.451357841491699
------------------------- time cost ------------------------- 5.455043077468872
------------------------- time cost ------------------------- 5.569298982620239
------------------------- time cost ------------------------- 5.4573540687561035
------------------------- time cost ------------------------- 5.31951117515564

-------------Round number: 20-------------

Evaluate global model
Averaged Train Loss: 0.3372
Averaged Test Accuracy: 0.9148
Averaged Test AUC: 0.6121
Averaged Test Precision: 0.8385
Averaged Test Recall: 0.9148
Averaged Test F1-Score: 0.8746
Std Test Accuracy: 0.0416
Std Test AUC: 0.0912
------------------------- time cost ------------------------- 6.298382997512817
------------------------- time cost ------------------------- 5.473031997680664
------------------------- time cost ------------------------- 5.453377723693848
------------------------- time cost ------------------------- 5.3775880336761475
------------------------- time cost ------------------------- 5.407188177108765
------------------------- time cost ------------------------- 5.408185243606567
------------------------- time cost ------------------------- 5.418421268463135
------------------------- time cost ------------------------- 5.314995765686035
------------------------- time cost ------------------------- 5.41396951675415
------------------------- time cost ------------------------- 5.363000869750977

-------------Round number: 30-------------

Evaluate global model
Averaged Train Loss: 0.3352
Averaged Test Accuracy: 0.9148
Averaged Test AUC: 0.6465
Averaged Test Precision: 0.8385
Averaged Test Recall: 0.9148
Averaged Test F1-Score: 0.8746
Std Test Accuracy: 0.0416
Std Test AUC: 0.0642
------------------------- time cost ------------------------- 6.1189963817596436
------------------------- time cost ------------------------- 5.443686008453369
------------------------- time cost ------------------------- 5.350645065307617
------------------------- time cost ------------------------- 5.404426336288452
------------------------- time cost ------------------------- 5.432070732116699
------------------------- time cost ------------------------- 5.35593581199646
------------------------- time cost ------------------------- 5.3866589069366455
------------------------- time cost ------------------------- 5.581329822540283
------------------------- time cost ------------------------- 5.539907217025757
------------------------- time cost ------------------------- 5.523624897003174

-------------Round number: 40-------------

Evaluate global model
Averaged Train Loss: 0.3360
Averaged Test Accuracy: 0.9148
Averaged Test AUC: 0.6974
Averaged Test Precision: 0.8385
Averaged Test Recall: 0.9148
Averaged Test F1-Score: 0.8746
Std Test Accuracy: 0.0416
Std Test AUC: 0.0613
------------------------- time cost ------------------------- 6.3035266399383545
------------------------- time cost ------------------------- 5.369295835494995
------------------------- time cost ------------------------- 5.420299768447876
------------------------- time cost ------------------------- 5.353217840194702
------------------------- time cost ------------------------- 5.490821838378906
------------------------- time cost ------------------------- 5.392052888870239
------------------------- time cost ------------------------- 5.427535533905029
------------------------- time cost ------------------------- 5.462217569351196
------------------------- time cost ------------------------- 5.537268161773682
------------------------- time cost ------------------------- 5.368250608444214

-------------Round number: 50-------------

Evaluate global model
Averaged Train Loss: 0.3378
Averaged Test Accuracy: 0.9148
Averaged Test AUC: 0.7321
Averaged Test Precision: 0.8385
Averaged Test Recall: 0.9148
Averaged Test F1-Score: 0.8746
Std Test Accuracy: 0.0416
Std Test AUC: 0.0576
------------------------- time cost ------------------------- 6.3516411781311035
------------------------- time cost ------------------------- 5.399141550064087
------------------------- time cost ------------------------- 5.329363107681274
------------------------- time cost ------------------------- 5.409633159637451
------------------------- time cost ------------------------- 5.29363489151001
------------------------- time cost ------------------------- 5.414684057235718
------------------------- time cost ------------------------- 5.444943904876709
------------------------- time cost ------------------------- 5.3286027908325195
------------------------- time cost ------------------------- 5.435170650482178
------------------------- time cost ------------------------- 5.362519264221191

-------------Round number: 60-------------

Evaluate global model
Averaged Train Loss: 0.3356
Averaged Test Accuracy: 0.9148
Averaged Test AUC: 0.7477
Averaged Test Precision: 0.8385
Averaged Test Recall: 0.9148
Averaged Test F1-Score: 0.8746
Std Test Accuracy: 0.0416
Std Test AUC: 0.0577
------------------------- time cost ------------------------- 6.200472354888916
------------------------- time cost ------------------------- 5.596995830535889
------------------------- time cost ------------------------- 5.27382755279541
------------------------- time cost ------------------------- 5.404142141342163
------------------------- time cost ------------------------- 5.407680511474609
------------------------- time cost ------------------------- 5.42475152015686
------------------------- time cost ------------------------- 5.435211420059204
------------------------- time cost ------------------------- 5.32991623878479
------------------------- time cost ------------------------- 5.528775691986084
------------------------- time cost ------------------------- 5.418095111846924

-------------Round number: 70-------------

Evaluate global model
Averaged Train Loss: 0.3388
Averaged Test Accuracy: 0.9148
Averaged Test AUC: 0.7786
Averaged Test Precision: 0.8385
Averaged Test Recall: 0.9148
Averaged Test F1-Score: 0.8746
Std Test Accuracy: 0.0416
Std Test AUC: 0.0691
------------------------- time cost ------------------------- 6.322460174560547
------------------------- time cost ------------------------- 5.541439056396484
------------------------- time cost ------------------------- 5.35546612739563
------------------------- time cost ------------------------- 5.519589900970459
------------------------- time cost ------------------------- 5.456268310546875
------------------------- time cost ------------------------- 5.492723703384399
------------------------- time cost ------------------------- 5.306042671203613
------------------------- time cost ------------------------- 5.468359470367432
------------------------- time cost ------------------------- 5.43789529800415
------------------------- time cost ------------------------- 5.474303245544434

-------------Round number: 80-------------

Evaluate global model
Averaged Train Loss: 0.3354
Averaged Test Accuracy: 0.9148
Averaged Test AUC: 0.7952
Averaged Test Precision: 0.8385
Averaged Test Recall: 0.9148
Averaged Test F1-Score: 0.8746
Std Test Accuracy: 0.0416
Std Test AUC: 0.0698
------------------------- time cost ------------------------- 6.170247316360474
------------------------- time cost ------------------------- 5.486033916473389
------------------------- time cost ------------------------- 5.351544618606567
------------------------- time cost ------------------------- 5.491332054138184
------------------------- time cost ------------------------- 5.377082109451294
------------------------- time cost ------------------------- 5.488084077835083
------------------------- time cost ------------------------- 5.354071855545044
------------------------- time cost ------------------------- 5.458940505981445
------------------------- time cost ------------------------- 5.596473693847656
------------------------- time cost ------------------------- 5.382737874984741

-------------Round number: 90-------------

Evaluate global model
Averaged Train Loss: 0.3365
Averaged Test Accuracy: 0.9148
Averaged Test AUC: 0.7950
Averaged Test Precision: 0.8385
Averaged Test Recall: 0.9148
Averaged Test F1-Score: 0.8746
Std Test Accuracy: 0.0416
Std Test AUC: 0.0565
------------------------- time cost ------------------------- 6.415565013885498
------------------------- time cost ------------------------- 5.561265230178833
------------------------- time cost ------------------------- 5.405544281005859
------------------------- time cost ------------------------- 5.371240615844727
------------------------- time cost ------------------------- 5.389981508255005
------------------------- time cost ------------------------- 5.428073406219482
------------------------- time cost ------------------------- 5.245075941085815
------------------------- time cost ------------------------- 5.425630331039429
------------------------- time cost ------------------------- 5.5009660720825195
------------------------- time cost ------------------------- 5.441365718841553

-------------Round number: 100-------------

Evaluate global model
Averaged Train Loss: 0.3346
Averaged Test Accuracy: 0.9148
Averaged Test AUC: 0.8168
Averaged Test Precision: 0.8385
Averaged Test Recall: 0.9148
Averaged Test F1-Score: 0.8746
Std Test Accuracy: 0.0416
Std Test AUC: 0.0583
------------------------- time cost ------------------------- 6.512963533401489

Best accuracy.
0.9147651006711409

Average time cost per round.
5.509328045845032
File path: results/Xinwang_FedAvg_test/Xinwang_FedAvg_test_0.h5
Training process CSV file path: results/Xinwang_FedAvg_test/Xinwang_FedAvg_test_0_training_process.csv
Training process data saved to: results/Xinwang_FedAvg_test/Xinwang_FedAvg_test_0_training_process.csv

平均训练时间: 558.68秒
