实验: Xinwang_feature_skew_trim_attack_TrimmedMean_run1
物理GPU ID: 0
CUDA_VISIBLE_DEVICES: 0
时间: 2026-01-25 03:00:35
命令: /miniconda3/bin/python flcore/main.py -data Xinwang -algo FedAvg -nc 10 -gr 100 -ls 5 -lbs 64 -lr 0.01 -eg 10 -t 1 --heterogeneity feature_skew --enable_attack True --attack_mode trim_attack --malicious_ratio 0.3 --defense_mode trimmed_mean --use_tlbo False --tlbo_iterations 10 --use_autoencoder False --use_committee False
工作目录: /root/DecisionSupportSystem-FedACT/system

[GPU] 使用环境变量指定的GPU: CUDA_VISIBLE_DEVICES=0
============================================================
实验配置:
============================================================
  goal: test
  device: cuda
  device_id: 0
  dataset: Xinwang
  heterogeneity: feature_skew
  model: auto
  num_classes: 2
  batch_size: 64
  local_learning_rate: 0.01
  global_rounds: 100
  local_epochs: 5
  algorithm: FedAvg
  num_clients: 10
  join_ratio: 1.0
  random_join_ratio: False
  prev: 0
  times: 1
  eval_gap: 10
  save_folder_name: results
  learning_rate_decay: False
  learning_rate_decay_gamma: 0.99
  few_shot: 0
  time_select: False
  time_threthold: 10000
  top_cnt: 100
  auto_break: False
  client_drop_rate: 0.0
  train_slow_rate: 0.0
  send_slow_rate: 0.0
  dlg_eval: False
  dlg_gap: 100
  batch_num_per_client: 2
  num_new_clients: 0
  fine_tuning_epoch_new: 0
  mu: 0.01
  beta: 0.0
  lamda: 1.0
  tau: 1.0
  plocal_epochs: 1
  server_learning_rate: 1.0
  enable_attack: True
  attack_mode: trim_attack
  malicious_ratio: 0.3
  attack_scale: 3.0
  defense_mode: trimmed_mean
  use_autoencoder: False
  autoencoder_latent_dim: 64
  autoencoder_epochs: 20
  committee_size: 5
  vote_threshold: 0.5
  anomaly_threshold: 0.5
  anomaly_lower_coef: 0.7
  anomaly_upper_coef: 1.5
  use_committee: False
  tlbo_iterations: 10
  use_tlbo: False
  use_merkle: True
  use_incentive: True
============================================================

============= 第 1 次实验 =============
正在初始化服务器和客户端...
数据集: Xinwang, 特征维度: 38
模型参数量: 921,634

Join ratio / total clients: 1.0 / 10
Finished creating server and clients.

-------------Round number: 0-------------

Evaluate global model
Averaged Train Loss: 0.5754
Averaged Test Accuracy: 0.8826
Averaged Test AUC: 0.5676
Averaged Test Precision: 0.8560
Averaged Test Recall: 0.8826
Averaged Test F1-Score: 0.8646
Std Test Accuracy: 0.0776
Std Test AUC: 0.1101
------------------------- time cost ------------------------- 6.364701271057129
------------------------- time cost ------------------------- 5.396086692810059
------------------------- time cost ------------------------- 5.4468395709991455
------------------------- time cost ------------------------- 5.440517902374268
------------------------- time cost ------------------------- 5.528928756713867
------------------------- time cost ------------------------- 5.485822439193726
------------------------- time cost ------------------------- 5.265698671340942
------------------------- time cost ------------------------- 5.41903829574585
------------------------- time cost ------------------------- 5.37126898765564
------------------------- time cost ------------------------- 5.410729169845581

-------------Round number: 10-------------

Evaluate global model
Averaged Train Loss: 0.3473
Averaged Test Accuracy: 0.9148
Averaged Test AUC: 0.5666
Averaged Test Precision: 0.8385
Averaged Test Recall: 0.9148
Averaged Test F1-Score: 0.8746
Std Test Accuracy: 0.0416
Std Test AUC: 0.1290
------------------------- time cost ------------------------- 6.149178743362427
------------------------- time cost ------------------------- 5.596780776977539
------------------------- time cost ------------------------- 5.321568727493286
------------------------- time cost ------------------------- 5.342588663101196
------------------------- time cost ------------------------- 5.358644723892212
------------------------- time cost ------------------------- 5.518723964691162
------------------------- time cost ------------------------- 5.535482168197632
------------------------- time cost ------------------------- 5.485556602478027
------------------------- time cost ------------------------- 5.358967065811157
------------------------- time cost ------------------------- 5.606134414672852

-------------Round number: 20-------------

Evaluate global model
Averaged Train Loss: 0.3402
Averaged Test Accuracy: 0.9148
Averaged Test AUC: 0.6112
Averaged Test Precision: 0.8385
Averaged Test Recall: 0.9148
Averaged Test F1-Score: 0.8746
Std Test Accuracy: 0.0416
Std Test AUC: 0.0920
------------------------- time cost ------------------------- 6.1573638916015625
------------------------- time cost ------------------------- 5.343770742416382
------------------------- time cost ------------------------- 5.476078987121582
------------------------- time cost ------------------------- 5.484083652496338
------------------------- time cost ------------------------- 5.338515996932983
------------------------- time cost ------------------------- 5.356899261474609
------------------------- time cost ------------------------- 5.469157934188843
------------------------- time cost ------------------------- 5.454369306564331
------------------------- time cost ------------------------- 5.276949167251587
------------------------- time cost ------------------------- 5.603527784347534

-------------Round number: 30-------------

Evaluate global model
Averaged Train Loss: 0.3372
Averaged Test Accuracy: 0.9148
Averaged Test AUC: 0.6561
Averaged Test Precision: 0.8385
Averaged Test Recall: 0.9148
Averaged Test F1-Score: 0.8746
Std Test Accuracy: 0.0416
Std Test AUC: 0.0646
------------------------- time cost ------------------------- 6.2070088386535645
------------------------- time cost ------------------------- 5.353846311569214
------------------------- time cost ------------------------- 5.413623094558716
------------------------- time cost ------------------------- 5.487914562225342
------------------------- time cost ------------------------- 5.398133277893066
------------------------- time cost ------------------------- 5.371342897415161
------------------------- time cost ------------------------- 5.62654185295105
------------------------- time cost ------------------------- 5.453894853591919
------------------------- time cost ------------------------- 5.352867841720581
------------------------- time cost ------------------------- 5.6029579639434814

-------------Round number: 40-------------

Evaluate global model
Averaged Train Loss: 0.3374
Averaged Test Accuracy: 0.9148
Averaged Test AUC: 0.6907
Averaged Test Precision: 0.8385
Averaged Test Recall: 0.9148
Averaged Test F1-Score: 0.8746
Std Test Accuracy: 0.0416
Std Test AUC: 0.0535
------------------------- time cost ------------------------- 6.17109751701355
------------------------- time cost ------------------------- 5.341142416000366
------------------------- time cost ------------------------- 5.436298608779907
------------------------- time cost ------------------------- 5.456271171569824
------------------------- time cost ------------------------- 5.415956497192383
------------------------- time cost ------------------------- 5.3837690353393555
------------------------- time cost ------------------------- 5.509888648986816
------------------------- time cost ------------------------- 5.299129247665405
------------------------- time cost ------------------------- 5.311230897903442
------------------------- time cost ------------------------- 5.384178400039673

-------------Round number: 50-------------

Evaluate global model
Averaged Train Loss: 0.3383
Averaged Test Accuracy: 0.9148
Averaged Test AUC: 0.7309
Averaged Test Precision: 0.8385
Averaged Test Recall: 0.9148
Averaged Test F1-Score: 0.8746
Std Test Accuracy: 0.0416
Std Test AUC: 0.0498
------------------------- time cost ------------------------- 6.19789457321167
------------------------- time cost ------------------------- 5.4253246784210205
------------------------- time cost ------------------------- 5.3351850509643555
------------------------- time cost ------------------------- 5.366675853729248
------------------------- time cost ------------------------- 5.334501504898071
------------------------- time cost ------------------------- 5.427722215652466
------------------------- time cost ------------------------- 5.75667929649353
------------------------- time cost ------------------------- 5.378359794616699
------------------------- time cost ------------------------- 5.418535470962524
------------------------- time cost ------------------------- 5.369647741317749

-------------Round number: 60-------------

Evaluate global model
Averaged Train Loss: 0.3376
Averaged Test Accuracy: 0.9148
Averaged Test AUC: 0.7546
Averaged Test Precision: 0.8385
Averaged Test Recall: 0.9148
Averaged Test F1-Score: 0.8746
Std Test Accuracy: 0.0416
Std Test AUC: 0.0624
------------------------- time cost ------------------------- 6.212788105010986
------------------------- time cost ------------------------- 5.3691442012786865
------------------------- time cost ------------------------- 5.3455963134765625
------------------------- time cost ------------------------- 5.467269420623779
------------------------- time cost ------------------------- 5.3416478633880615
------------------------- time cost ------------------------- 5.3987438678741455
------------------------- time cost ------------------------- 5.451314210891724
------------------------- time cost ------------------------- 5.4205405712127686
------------------------- time cost ------------------------- 5.494328498840332
------------------------- time cost ------------------------- 5.456378221511841

-------------Round number: 70-------------

Evaluate global model
Averaged Train Loss: 0.3391
Averaged Test Accuracy: 0.9148
Averaged Test AUC: 0.7751
Averaged Test Precision: 0.8385
Averaged Test Recall: 0.9148
Averaged Test F1-Score: 0.8746
Std Test Accuracy: 0.0416
Std Test AUC: 0.0710
------------------------- time cost ------------------------- 6.134850263595581
------------------------- time cost ------------------------- 5.429920673370361
------------------------- time cost ------------------------- 5.2909417152404785
------------------------- time cost ------------------------- 5.314526081085205
------------------------- time cost ------------------------- 5.417009353637695
------------------------- time cost ------------------------- 5.439458847045898
------------------------- time cost ------------------------- 5.5051586627960205
------------------------- time cost ------------------------- 5.413844108581543
------------------------- time cost ------------------------- 5.362673997879028
------------------------- time cost ------------------------- 5.420888423919678

-------------Round number: 80-------------

Evaluate global model
Averaged Train Loss: 0.3400
Averaged Test Accuracy: 0.9148
Averaged Test AUC: 0.7859
Averaged Test Precision: 0.8385
Averaged Test Recall: 0.9148
Averaged Test F1-Score: 0.8746
Std Test Accuracy: 0.0416
Std Test AUC: 0.0624
------------------------- time cost ------------------------- 6.305248260498047
------------------------- time cost ------------------------- 5.446529388427734
------------------------- time cost ------------------------- 5.343237400054932
------------------------- time cost ------------------------- 5.489450216293335
------------------------- time cost ------------------------- 5.35982346534729
------------------------- time cost ------------------------- 5.375272989273071
------------------------- time cost ------------------------- 5.438078880310059
------------------------- time cost ------------------------- 5.307156324386597
------------------------- time cost ------------------------- 5.344351053237915
------------------------- time cost ------------------------- 5.450410604476929

-------------Round number: 90-------------

Evaluate global model
Averaged Train Loss: 0.3359
Averaged Test Accuracy: 0.9148
Averaged Test AUC: 0.8070
Averaged Test Precision: 0.8385
Averaged Test Recall: 0.9148
Averaged Test F1-Score: 0.8746
Std Test Accuracy: 0.0416
Std Test AUC: 0.0652
------------------------- time cost ------------------------- 6.150969743728638
------------------------- time cost ------------------------- 5.3664586544036865
------------------------- time cost ------------------------- 5.313341379165649
------------------------- time cost ------------------------- 5.135580539703369
------------------------- time cost ------------------------- 5.3223114013671875
------------------------- time cost ------------------------- 5.392026424407959
------------------------- time cost ------------------------- 5.668438196182251
------------------------- time cost ------------------------- 5.5363264083862305
------------------------- time cost ------------------------- 5.490358591079712
------------------------- time cost ------------------------- 5.425833225250244

-------------Round number: 100-------------

Evaluate global model
Averaged Train Loss: 0.3343
Averaged Test Accuracy: 0.9148
Averaged Test AUC: 0.8230
Averaged Test Precision: 0.8385
Averaged Test Recall: 0.9148
Averaged Test F1-Score: 0.8746
Std Test Accuracy: 0.0416
Std Test AUC: 0.0609
------------------------- time cost ------------------------- 6.42715048789978

Best accuracy.
0.9147651006711409

Average time cost per round.
5.497622702121735
File path: results/Xinwang_FedAvg_test/Xinwang_FedAvg_test_0.h5
Training process CSV file path: results/Xinwang_FedAvg_test/Xinwang_FedAvg_test_0_training_process.csv
Training process data saved to: results/Xinwang_FedAvg_test/Xinwang_FedAvg_test_0_training_process.csv

平均训练时间: 557.44秒
