实验: Xinwang_label_skew_trim_attack_None_run1
物理GPU ID: 1
CUDA_VISIBLE_DEVICES: 1
时间: 2026-01-25 01:27:24
命令: /miniconda3/bin/python flcore/main.py -data Xinwang -algo FedAvg -nc 10 -gr 100 -ls 5 -lbs 64 -lr 0.01 -eg 10 -t 1 --heterogeneity label_skew --enable_attack True --attack_mode trim_attack --malicious_ratio 0.3 --defense_mode none --use_tlbo False --tlbo_iterations 10 --use_autoencoder False --use_committee False
工作目录: /root/DecisionSupportSystem-FedACT/system

[GPU] 使用环境变量指定的GPU: CUDA_VISIBLE_DEVICES=1
============================================================
实验配置:
============================================================
  goal: test
  device: cuda
  device_id: 0
  dataset: Xinwang
  heterogeneity: label_skew
  model: auto
  num_classes: 2
  batch_size: 64
  local_learning_rate: 0.01
  global_rounds: 100
  local_epochs: 5
  algorithm: FedAvg
  num_clients: 10
  join_ratio: 1.0
  random_join_ratio: False
  prev: 0
  times: 1
  eval_gap: 10
  save_folder_name: results
  learning_rate_decay: False
  learning_rate_decay_gamma: 0.99
  few_shot: 0
  time_select: False
  time_threthold: 10000
  top_cnt: 100
  auto_break: False
  client_drop_rate: 0.0
  train_slow_rate: 0.0
  send_slow_rate: 0.0
  dlg_eval: False
  dlg_gap: 100
  batch_num_per_client: 2
  num_new_clients: 0
  fine_tuning_epoch_new: 0
  mu: 0.01
  beta: 0.0
  lamda: 1.0
  tau: 1.0
  plocal_epochs: 1
  server_learning_rate: 1.0
  enable_attack: True
  attack_mode: trim_attack
  malicious_ratio: 0.3
  attack_scale: 3.0
  defense_mode: none
  use_autoencoder: False
  autoencoder_latent_dim: 64
  autoencoder_epochs: 20
  committee_size: 5
  vote_threshold: 0.5
  anomaly_threshold: 0.5
  anomaly_lower_coef: 0.7
  anomaly_upper_coef: 1.5
  use_committee: False
  tlbo_iterations: 10
  use_tlbo: False
  use_merkle: True
  use_incentive: True
============================================================

============= 第 1 次实验 =============
正在初始化服务器和客户端...
数据集: Xinwang, 特征维度: 38
模型参数量: 921,634

Join ratio / total clients: 1.0 / 10
Finished creating server and clients.

-------------Round number: 0-------------

Evaluate global model
Averaged Train Loss: 0.5754
Averaged Test Accuracy: 0.8826
Averaged Test AUC: 0.5676
Averaged Test Precision: 0.8560
Averaged Test Recall: 0.8826
Averaged Test F1-Score: 0.8646
Std Test Accuracy: 0.0776
Std Test AUC: 0.1101
------------------------- time cost ------------------------- 6.359755754470825
------------------------- time cost ------------------------- 5.417765855789185
------------------------- time cost ------------------------- 5.387293100357056
------------------------- time cost ------------------------- 5.410909414291382
------------------------- time cost ------------------------- 5.387053728103638
------------------------- time cost ------------------------- 5.570339202880859
------------------------- time cost ------------------------- 5.551806211471558
------------------------- time cost ------------------------- 5.515955686569214
------------------------- time cost ------------------------- 5.600486516952515
------------------------- time cost ------------------------- 5.474123239517212

-------------Round number: 10-------------

Evaluate global model
Averaged Train Loss: 0.3501
Averaged Test Accuracy: 0.9148
Averaged Test AUC: 0.5741
Averaged Test Precision: 0.8385
Averaged Test Recall: 0.9148
Averaged Test F1-Score: 0.8746
Std Test Accuracy: 0.0416
Std Test AUC: 0.1528
------------------------- time cost ------------------------- 6.224514722824097
------------------------- time cost ------------------------- 5.682722330093384
------------------------- time cost ------------------------- 5.473523378372192
------------------------- time cost ------------------------- 5.493544578552246
------------------------- time cost ------------------------- 5.454305410385132
------------------------- time cost ------------------------- 5.4428417682647705
------------------------- time cost ------------------------- 5.468680143356323
------------------------- time cost ------------------------- 5.522828817367554
------------------------- time cost ------------------------- 5.4956536293029785
------------------------- time cost ------------------------- 5.3974997997283936

-------------Round number: 20-------------

Evaluate global model
Averaged Train Loss: 0.3406
Averaged Test Accuracy: 0.9148
Averaged Test AUC: 0.5943
Averaged Test Precision: 0.8385
Averaged Test Recall: 0.9148
Averaged Test F1-Score: 0.8746
Std Test Accuracy: 0.0416
Std Test AUC: 0.1165
------------------------- time cost ------------------------- 6.191818714141846
------------------------- time cost ------------------------- 5.554293870925903
------------------------- time cost ------------------------- 5.430352449417114
------------------------- time cost ------------------------- 5.509668350219727
------------------------- time cost ------------------------- 5.32039999961853
------------------------- time cost ------------------------- 5.454503059387207
------------------------- time cost ------------------------- 5.571227550506592
------------------------- time cost ------------------------- 5.561618804931641
------------------------- time cost ------------------------- 5.566338300704956
------------------------- time cost ------------------------- 5.479576349258423

-------------Round number: 30-------------

Evaluate global model
Averaged Train Loss: 0.3365
Averaged Test Accuracy: 0.9148
Averaged Test AUC: 0.6495
Averaged Test Precision: 0.8385
Averaged Test Recall: 0.9148
Averaged Test F1-Score: 0.8746
Std Test Accuracy: 0.0416
Std Test AUC: 0.0589
------------------------- time cost ------------------------- 6.1776134967803955
------------------------- time cost ------------------------- 5.459079742431641
------------------------- time cost ------------------------- 5.401281833648682
------------------------- time cost ------------------------- 5.447425365447998
------------------------- time cost ------------------------- 5.496197462081909
------------------------- time cost ------------------------- 5.575989007949829
------------------------- time cost ------------------------- 5.572858810424805
------------------------- time cost ------------------------- 5.562912940979004
------------------------- time cost ------------------------- 5.5444605350494385
------------------------- time cost ------------------------- 5.589684009552002

-------------Round number: 40-------------

Evaluate global model
Averaged Train Loss: 0.3375
Averaged Test Accuracy: 0.9148
Averaged Test AUC: 0.6919
Averaged Test Precision: 0.8385
Averaged Test Recall: 0.9148
Averaged Test F1-Score: 0.8746
Std Test Accuracy: 0.0416
Std Test AUC: 0.0495
------------------------- time cost ------------------------- 6.35182523727417
------------------------- time cost ------------------------- 5.413983583450317
------------------------- time cost ------------------------- 5.472900390625
------------------------- time cost ------------------------- 5.492565393447876
------------------------- time cost ------------------------- 5.412234544754028
------------------------- time cost ------------------------- 5.600003242492676
------------------------- time cost ------------------------- 5.451000452041626
------------------------- time cost ------------------------- 5.615301847457886
------------------------- time cost ------------------------- 5.430422067642212
------------------------- time cost ------------------------- 5.409257650375366

-------------Round number: 50-------------

Evaluate global model
Averaged Train Loss: 0.3382
Averaged Test Accuracy: 0.9148
Averaged Test AUC: 0.7210
Averaged Test Precision: 0.8385
Averaged Test Recall: 0.9148
Averaged Test F1-Score: 0.8746
Std Test Accuracy: 0.0416
Std Test AUC: 0.0494
------------------------- time cost ------------------------- 6.3212878704071045
------------------------- time cost ------------------------- 5.49529767036438
------------------------- time cost ------------------------- 5.402212858200073
------------------------- time cost ------------------------- 5.460537910461426
------------------------- time cost ------------------------- 5.391997814178467
------------------------- time cost ------------------------- 5.50930380821228
------------------------- time cost ------------------------- 5.4793031215667725
------------------------- time cost ------------------------- 5.6160361766815186
------------------------- time cost ------------------------- 5.423770904541016
------------------------- time cost ------------------------- 5.461491584777832

-------------Round number: 60-------------

Evaluate global model
Averaged Train Loss: 0.3368
Averaged Test Accuracy: 0.9148
Averaged Test AUC: 0.7439
Averaged Test Precision: 0.8385
Averaged Test Recall: 0.9148
Averaged Test F1-Score: 0.8746
Std Test Accuracy: 0.0416
Std Test AUC: 0.0508
------------------------- time cost ------------------------- 6.348700523376465
------------------------- time cost ------------------------- 5.560293436050415
------------------------- time cost ------------------------- 5.485023736953735
------------------------- time cost ------------------------- 5.4932966232299805
------------------------- time cost ------------------------- 5.400148868560791
------------------------- time cost ------------------------- 5.449644327163696
------------------------- time cost ------------------------- 5.38862419128418
------------------------- time cost ------------------------- 5.60603928565979
------------------------- time cost ------------------------- 5.515499591827393
------------------------- time cost ------------------------- 5.469672441482544

-------------Round number: 70-------------

Evaluate global model
Averaged Train Loss: 0.3388
Averaged Test Accuracy: 0.9148
Averaged Test AUC: 0.7742
Averaged Test Precision: 0.8385
Averaged Test Recall: 0.9148
Averaged Test F1-Score: 0.8746
Std Test Accuracy: 0.0416
Std Test AUC: 0.0649
------------------------- time cost ------------------------- 6.344641208648682
------------------------- time cost ------------------------- 5.685667514801025
------------------------- time cost ------------------------- 5.443092584609985
------------------------- time cost ------------------------- 5.437235355377197
------------------------- time cost ------------------------- 5.50130820274353
------------------------- time cost ------------------------- 5.472883939743042
------------------------- time cost ------------------------- 5.416544198989868
------------------------- time cost ------------------------- 5.514239311218262
------------------------- time cost ------------------------- 5.482717037200928
------------------------- time cost ------------------------- 5.386096477508545

-------------Round number: 80-------------

Evaluate global model
Averaged Train Loss: 0.3385
Averaged Test Accuracy: 0.9148
Averaged Test AUC: 0.7853
Averaged Test Precision: 0.8385
Averaged Test Recall: 0.9148
Averaged Test F1-Score: 0.8746
Std Test Accuracy: 0.0416
Std Test AUC: 0.0663
------------------------- time cost ------------------------- 6.360428094863892
------------------------- time cost ------------------------- 5.436737775802612
------------------------- time cost ------------------------- 5.376985311508179
------------------------- time cost ------------------------- 5.934865951538086
------------------------- time cost ------------------------- 5.612692356109619
------------------------- time cost ------------------------- 5.5699639320373535
------------------------- time cost ------------------------- 5.470203399658203
------------------------- time cost ------------------------- 5.226621866226196
------------------------- time cost ------------------------- 5.5598464012146
------------------------- time cost ------------------------- 5.253007411956787

-------------Round number: 90-------------

Evaluate global model
Averaged Train Loss: 0.3375
Averaged Test Accuracy: 0.9148
Averaged Test AUC: 0.7990
Averaged Test Precision: 0.8385
Averaged Test Recall: 0.9148
Averaged Test F1-Score: 0.8746
Std Test Accuracy: 0.0416
Std Test AUC: 0.0662
------------------------- time cost ------------------------- 5.957569122314453
------------------------- time cost ------------------------- 5.49266505241394
------------------------- time cost ------------------------- 5.544966697692871
------------------------- time cost ------------------------- 5.70741605758667
------------------------- time cost ------------------------- 5.542368412017822
------------------------- time cost ------------------------- 5.43277645111084
------------------------- time cost ------------------------- 5.531212568283081
------------------------- time cost ------------------------- 5.51599907875061
------------------------- time cost ------------------------- 5.664947032928467
------------------------- time cost ------------------------- 5.5487964153289795

-------------Round number: 100-------------

Evaluate global model
Averaged Train Loss: 0.3366
Averaged Test Accuracy: 0.9148
Averaged Test AUC: 0.8103
Averaged Test Precision: 0.8385
Averaged Test Recall: 0.9148
Averaged Test F1-Score: 0.8746
Std Test Accuracy: 0.0416
Std Test AUC: 0.0553
------------------------- time cost ------------------------- 6.393787860870361

Best accuracy.
0.9147651006711409

Average time cost per round.
5.57185108423233
File path: results/Xinwang_FedAvg_test/Xinwang_FedAvg_test_0.h5
Training process CSV file path: results/Xinwang_FedAvg_test/Xinwang_FedAvg_test_0_training_process.csv
Training process data saved to: results/Xinwang_FedAvg_test/Xinwang_FedAvg_test_0_training_process.csv

平均训练时间: 564.83秒
