实验: Xinwang_iid_sign_flip_MultiKrum_run1
物理GPU ID: 3
CUDA_VISIBLE_DEVICES: 3
时间: 2026-01-25 00:20:07
命令: /miniconda3/bin/python flcore/main.py -data Xinwang -algo FedAvg -nc 10 -gr 100 -ls 5 -lbs 64 -lr 0.01 -eg 10 -t 1 --heterogeneity iid --enable_attack True --attack_mode sign_flip --malicious_ratio 0.3 --defense_mode multi_krum --use_tlbo False --tlbo_iterations 10 --use_autoencoder False --use_committee False
工作目录: /root/DecisionSupportSystem-FedACT/system

[GPU] 使用环境变量指定的GPU: CUDA_VISIBLE_DEVICES=3
============================================================
实验配置:
============================================================
  goal: test
  device: cuda
  device_id: 0
  dataset: Xinwang
  heterogeneity: iid
  model: auto
  num_classes: 2
  batch_size: 64
  local_learning_rate: 0.01
  global_rounds: 100
  local_epochs: 5
  algorithm: FedAvg
  num_clients: 10
  join_ratio: 1.0
  random_join_ratio: False
  prev: 0
  times: 1
  eval_gap: 10
  save_folder_name: results
  learning_rate_decay: False
  learning_rate_decay_gamma: 0.99
  few_shot: 0
  time_select: False
  time_threthold: 10000
  top_cnt: 100
  auto_break: False
  client_drop_rate: 0.0
  train_slow_rate: 0.0
  send_slow_rate: 0.0
  dlg_eval: False
  dlg_gap: 100
  batch_num_per_client: 2
  num_new_clients: 0
  fine_tuning_epoch_new: 0
  mu: 0.01
  beta: 0.0
  lamda: 1.0
  tau: 1.0
  plocal_epochs: 1
  server_learning_rate: 1.0
  enable_attack: True
  attack_mode: sign_flip
  malicious_ratio: 0.3
  attack_scale: 3.0
  defense_mode: multi_krum
  use_autoencoder: False
  autoencoder_latent_dim: 64
  autoencoder_epochs: 20
  committee_size: 5
  vote_threshold: 0.5
  anomaly_threshold: 0.5
  anomaly_lower_coef: 0.7
  anomaly_upper_coef: 1.5
  use_committee: False
  tlbo_iterations: 10
  use_tlbo: False
  use_merkle: True
  use_incentive: True
============================================================

============= 第 1 次实验 =============
正在初始化服务器和客户端...
数据集: Xinwang, 特征维度: 38
模型参数量: 921,634

Join ratio / total clients: 1.0 / 10
Finished creating server and clients.

-------------Round number: 0-------------

Evaluate global model
Averaged Train Loss: 0.5754
Averaged Test Accuracy: 0.8826
Averaged Test AUC: 0.5676
Averaged Test Precision: 0.8560
Averaged Test Recall: 0.8826
Averaged Test F1-Score: 0.8646
Std Test Accuracy: 0.0776
Std Test AUC: 0.1101
------------------------- time cost ------------------------- 6.5356714725494385
------------------------- time cost ------------------------- 5.469369888305664
------------------------- time cost ------------------------- 5.723288059234619
------------------------- time cost ------------------------- 5.842696666717529
------------------------- time cost ------------------------- 5.747902870178223
------------------------- time cost ------------------------- 5.413462400436401
------------------------- time cost ------------------------- 5.219170093536377
------------------------- time cost ------------------------- 5.377367734909058
------------------------- time cost ------------------------- 5.378027439117432
------------------------- time cost ------------------------- 5.562376499176025

-------------Round number: 10-------------

Evaluate global model
Averaged Train Loss: 0.3466
Averaged Test Accuracy: 0.9148
Averaged Test AUC: 0.5718
Averaged Test Precision: 0.8385
Averaged Test Recall: 0.9148
Averaged Test F1-Score: 0.8746
Std Test Accuracy: 0.0416
Std Test AUC: 0.1410
------------------------- time cost ------------------------- 6.282339334487915
------------------------- time cost ------------------------- 5.723058462142944
------------------------- time cost ------------------------- 5.529320001602173
------------------------- time cost ------------------------- 5.6078503131866455
------------------------- time cost ------------------------- 5.578598260879517
------------------------- time cost ------------------------- 5.528696775436401
------------------------- time cost ------------------------- 5.466756820678711
------------------------- time cost ------------------------- 5.736974000930786
------------------------- time cost ------------------------- 5.619142055511475
------------------------- time cost ------------------------- 5.430295467376709

-------------Round number: 20-------------

Evaluate global model
Averaged Train Loss: 0.3388
Averaged Test Accuracy: 0.9148
Averaged Test AUC: 0.6013
Averaged Test Precision: 0.8385
Averaged Test Recall: 0.9148
Averaged Test F1-Score: 0.8746
Std Test Accuracy: 0.0416
Std Test AUC: 0.0860
------------------------- time cost ------------------------- 6.253010988235474
------------------------- time cost ------------------------- 5.435922145843506
------------------------- time cost ------------------------- 5.550391912460327
------------------------- time cost ------------------------- 5.486762523651123
------------------------- time cost ------------------------- 5.505305290222168
------------------------- time cost ------------------------- 5.520890951156616
------------------------- time cost ------------------------- 5.5775744915008545
------------------------- time cost ------------------------- 5.5631608963012695
------------------------- time cost ------------------------- 5.458704233169556
------------------------- time cost ------------------------- 5.526303768157959

-------------Round number: 30-------------

Evaluate global model
Averaged Train Loss: 0.3354
Averaged Test Accuracy: 0.9148
Averaged Test AUC: 0.6498
Averaged Test Precision: 0.8385
Averaged Test Recall: 0.9148
Averaged Test F1-Score: 0.8746
Std Test Accuracy: 0.0416
Std Test AUC: 0.0735
------------------------- time cost ------------------------- 6.292208671569824
------------------------- time cost ------------------------- 5.631007432937622
------------------------- time cost ------------------------- 5.538969278335571
------------------------- time cost ------------------------- 5.533967971801758
------------------------- time cost ------------------------- 5.449010133743286
------------------------- time cost ------------------------- 5.505267858505249
------------------------- time cost ------------------------- 5.5778093338012695
------------------------- time cost ------------------------- 5.531418085098267
------------------------- time cost ------------------------- 5.436730861663818
------------------------- time cost ------------------------- 5.62072229385376

-------------Round number: 40-------------

Evaluate global model
Averaged Train Loss: 0.3364
Averaged Test Accuracy: 0.9148
Averaged Test AUC: 0.6974
Averaged Test Precision: 0.8385
Averaged Test Recall: 0.9148
Averaged Test F1-Score: 0.8746
Std Test Accuracy: 0.0416
Std Test AUC: 0.0441
------------------------- time cost ------------------------- 6.1990721225738525
------------------------- time cost ------------------------- 5.5057761669158936
------------------------- time cost ------------------------- 5.475711345672607
------------------------- time cost ------------------------- 5.547688961029053
------------------------- time cost ------------------------- 5.532428979873657
------------------------- time cost ------------------------- 5.579402446746826
------------------------- time cost ------------------------- 5.46626091003418
------------------------- time cost ------------------------- 5.440584182739258
------------------------- time cost ------------------------- 5.432870626449585
------------------------- time cost ------------------------- 5.654728174209595

-------------Round number: 50-------------

Evaluate global model
Averaged Train Loss: 0.3366
Averaged Test Accuracy: 0.9148
Averaged Test AUC: 0.7318
Averaged Test Precision: 0.8385
Averaged Test Recall: 0.9148
Averaged Test F1-Score: 0.8746
Std Test Accuracy: 0.0416
Std Test AUC: 0.0557
------------------------- time cost ------------------------- 6.330314874649048
------------------------- time cost ------------------------- 5.483230113983154
------------------------- time cost ------------------------- 5.53323221206665
------------------------- time cost ------------------------- 5.5075414180755615
------------------------- time cost ------------------------- 5.561221122741699
------------------------- time cost ------------------------- 5.467516660690308
------------------------- time cost ------------------------- 5.6184492111206055
------------------------- time cost ------------------------- 5.561144828796387
------------------------- time cost ------------------------- 5.480463743209839
------------------------- time cost ------------------------- 5.436535358428955

-------------Round number: 60-------------

Evaluate global model
Averaged Train Loss: 0.3358
Averaged Test Accuracy: 0.9148
Averaged Test AUC: 0.7544
Averaged Test Precision: 0.8385
Averaged Test Recall: 0.9148
Averaged Test F1-Score: 0.8746
Std Test Accuracy: 0.0416
Std Test AUC: 0.0620
------------------------- time cost ------------------------- 6.227468252182007
------------------------- time cost ------------------------- 5.530304431915283
------------------------- time cost ------------------------- 5.497297048568726
------------------------- time cost ------------------------- 5.5594799518585205
------------------------- time cost ------------------------- 5.5414183139801025
------------------------- time cost ------------------------- 5.674107551574707
------------------------- time cost ------------------------- 5.552361726760864
------------------------- time cost ------------------------- 5.476573705673218
------------------------- time cost ------------------------- 5.4625842571258545
------------------------- time cost ------------------------- 5.530203104019165

-------------Round number: 70-------------

Evaluate global model
Averaged Train Loss: 0.3370
Averaged Test Accuracy: 0.9148
Averaged Test AUC: 0.7687
Averaged Test Precision: 0.8385
Averaged Test Recall: 0.9148
Averaged Test F1-Score: 0.8746
Std Test Accuracy: 0.0416
Std Test AUC: 0.0625
------------------------- time cost ------------------------- 6.215291976928711
------------------------- time cost ------------------------- 5.590107440948486
------------------------- time cost ------------------------- 5.491506814956665
------------------------- time cost ------------------------- 5.466004848480225
------------------------- time cost ------------------------- 5.598353862762451
------------------------- time cost ------------------------- 5.5971360206604
------------------------- time cost ------------------------- 5.560589790344238
------------------------- time cost ------------------------- 5.570502758026123
------------------------- time cost ------------------------- 5.56309700012207
------------------------- time cost ------------------------- 5.443552017211914

-------------Round number: 80-------------

Evaluate global model
Averaged Train Loss: 0.3345
Averaged Test Accuracy: 0.9148
Averaged Test AUC: 0.7830
Averaged Test Precision: 0.8385
Averaged Test Recall: 0.9148
Averaged Test F1-Score: 0.8746
Std Test Accuracy: 0.0416
Std Test AUC: 0.0663
------------------------- time cost ------------------------- 6.375310897827148
------------------------- time cost ------------------------- 5.569900035858154
------------------------- time cost ------------------------- 5.587615966796875
------------------------- time cost ------------------------- 5.69490909576416
------------------------- time cost ------------------------- 5.499499082565308
------------------------- time cost ------------------------- 5.464436292648315
------------------------- time cost ------------------------- 5.520380258560181
------------------------- time cost ------------------------- 5.524827241897583
------------------------- time cost ------------------------- 5.37979531288147
------------------------- time cost ------------------------- 5.505000829696655

-------------Round number: 90-------------

Evaluate global model
Averaged Train Loss: 0.3362
Averaged Test Accuracy: 0.9148
Averaged Test AUC: 0.7996
Averaged Test Precision: 0.8385
Averaged Test Recall: 0.9148
Averaged Test F1-Score: 0.8746
Std Test Accuracy: 0.0416
Std Test AUC: 0.0622
------------------------- time cost ------------------------- 6.283801317214966
------------------------- time cost ------------------------- 5.660815715789795
------------------------- time cost ------------------------- 5.500295400619507
------------------------- time cost ------------------------- 5.615051984786987
------------------------- time cost ------------------------- 5.594863653182983
------------------------- time cost ------------------------- 5.663855075836182
------------------------- time cost ------------------------- 5.512132406234741
------------------------- time cost ------------------------- 5.724583148956299
------------------------- time cost ------------------------- 5.530200004577637
------------------------- time cost ------------------------- 5.797271013259888

-------------Round number: 100-------------

Evaluate global model
Averaged Train Loss: 0.3346
Averaged Test Accuracy: 0.9148
Averaged Test AUC: 0.8135
Averaged Test Precision: 0.8385
Averaged Test Recall: 0.9148
Averaged Test F1-Score: 0.8746
Std Test Accuracy: 0.0416
Std Test AUC: 0.0546
------------------------- time cost ------------------------- 7.047819137573242

Best accuracy.
0.9147651006711409

Average time cost per round.
5.622463104724884
File path: results/Xinwang_FedAvg_test/Xinwang_FedAvg_test_0.h5
Training process CSV file path: results/Xinwang_FedAvg_test/Xinwang_FedAvg_test_0_training_process.csv
Training process data saved to: results/Xinwang_FedAvg_test/Xinwang_FedAvg_test_0_training_process.csv

平均训练时间: 570.09秒
