实验: Xinwang_iid_little_Krum_run1
物理GPU ID: 1
CUDA_VISIBLE_DEVICES: 1
时间: 2026-01-25 00:29:42
命令: /miniconda3/bin/python flcore/main.py -data Xinwang -algo FedAvg -nc 10 -gr 100 -ls 5 -lbs 64 -lr 0.01 -eg 10 -t 1 --heterogeneity iid --enable_attack True --attack_mode little --malicious_ratio 0.3 --defense_mode krum --use_tlbo False --tlbo_iterations 10 --use_autoencoder False --use_committee False
工作目录: /root/DecisionSupportSystem-FedACT/system

[GPU] 使用环境变量指定的GPU: CUDA_VISIBLE_DEVICES=1
============================================================
实验配置:
============================================================
  goal: test
  device: cuda
  device_id: 0
  dataset: Xinwang
  heterogeneity: iid
  model: auto
  num_classes: 2
  batch_size: 64
  local_learning_rate: 0.01
  global_rounds: 100
  local_epochs: 5
  algorithm: FedAvg
  num_clients: 10
  join_ratio: 1.0
  random_join_ratio: False
  prev: 0
  times: 1
  eval_gap: 10
  save_folder_name: results
  learning_rate_decay: False
  learning_rate_decay_gamma: 0.99
  few_shot: 0
  time_select: False
  time_threthold: 10000
  top_cnt: 100
  auto_break: False
  client_drop_rate: 0.0
  train_slow_rate: 0.0
  send_slow_rate: 0.0
  dlg_eval: False
  dlg_gap: 100
  batch_num_per_client: 2
  num_new_clients: 0
  fine_tuning_epoch_new: 0
  mu: 0.01
  beta: 0.0
  lamda: 1.0
  tau: 1.0
  plocal_epochs: 1
  server_learning_rate: 1.0
  enable_attack: True
  attack_mode: little
  malicious_ratio: 0.3
  attack_scale: 3.0
  defense_mode: krum
  use_autoencoder: False
  autoencoder_latent_dim: 64
  autoencoder_epochs: 20
  committee_size: 5
  vote_threshold: 0.5
  anomaly_threshold: 0.5
  anomaly_lower_coef: 0.7
  anomaly_upper_coef: 1.5
  use_committee: False
  tlbo_iterations: 10
  use_tlbo: False
  use_merkle: True
  use_incentive: True
============================================================

============= 第 1 次实验 =============
正在初始化服务器和客户端...
数据集: Xinwang, 特征维度: 38
模型参数量: 921,634

Join ratio / total clients: 1.0 / 10
Finished creating server and clients.

-------------Round number: 0-------------

Evaluate global model
Averaged Train Loss: 0.5754
Averaged Test Accuracy: 0.8826
Averaged Test AUC: 0.5676
Averaged Test Precision: 0.8560
Averaged Test Recall: 0.8826
Averaged Test F1-Score: 0.8646
Std Test Accuracy: 0.0776
Std Test AUC: 0.1101
------------------------- time cost ------------------------- 6.254786014556885
------------------------- time cost ------------------------- 5.312029838562012
------------------------- time cost ------------------------- 5.299113512039185
------------------------- time cost ------------------------- 5.410674333572388
------------------------- time cost ------------------------- 5.225455045700073
------------------------- time cost ------------------------- 5.444792747497559
------------------------- time cost ------------------------- 5.160755634307861
------------------------- time cost ------------------------- 5.504883766174316
------------------------- time cost ------------------------- 5.681572198867798
------------------------- time cost ------------------------- 5.657103538513184

-------------Round number: 10-------------

Evaluate global model
Averaged Train Loss: 0.3488
Averaged Test Accuracy: 0.9148
Averaged Test AUC: 0.5466
Averaged Test Precision: 0.8385
Averaged Test Recall: 0.9148
Averaged Test F1-Score: 0.8746
Std Test Accuracy: 0.0416
Std Test AUC: 0.1318
------------------------- time cost ------------------------- 6.482798099517822
------------------------- time cost ------------------------- 5.720906734466553
------------------------- time cost ------------------------- 5.467600345611572
------------------------- time cost ------------------------- 5.3807854652404785
------------------------- time cost ------------------------- 5.367758750915527
------------------------- time cost ------------------------- 5.388111114501953
------------------------- time cost ------------------------- 5.353029251098633
------------------------- time cost ------------------------- 5.401654243469238
------------------------- time cost ------------------------- 5.382391691207886
------------------------- time cost ------------------------- 5.403883457183838

-------------Round number: 20-------------

Evaluate global model
Averaged Train Loss: 0.3371
Averaged Test Accuracy: 0.9148
Averaged Test AUC: 0.5933
Averaged Test Precision: 0.8385
Averaged Test Recall: 0.9148
Averaged Test F1-Score: 0.8746
Std Test Accuracy: 0.0416
Std Test AUC: 0.1010
------------------------- time cost ------------------------- 6.177853584289551
------------------------- time cost ------------------------- 5.344241142272949
------------------------- time cost ------------------------- 5.560224771499634
------------------------- time cost ------------------------- 5.3897669315338135
------------------------- time cost ------------------------- 5.297826528549194
------------------------- time cost ------------------------- 5.304605722427368
------------------------- time cost ------------------------- 5.327777147293091
------------------------- time cost ------------------------- 5.455559730529785
------------------------- time cost ------------------------- 5.362969636917114
------------------------- time cost ------------------------- 5.291594505310059

-------------Round number: 30-------------

Evaluate global model
Averaged Train Loss: 0.3355
Averaged Test Accuracy: 0.9148
Averaged Test AUC: 0.6378
Averaged Test Precision: 0.8385
Averaged Test Recall: 0.9148
Averaged Test F1-Score: 0.8746
Std Test Accuracy: 0.0416
Std Test AUC: 0.0697
------------------------- time cost ------------------------- 6.073664903640747
------------------------- time cost ------------------------- 5.235379695892334
------------------------- time cost ------------------------- 5.494783878326416
------------------------- time cost ------------------------- 5.4369776248931885
------------------------- time cost ------------------------- 5.345953941345215
------------------------- time cost ------------------------- 5.358552694320679
------------------------- time cost ------------------------- 5.3609771728515625
------------------------- time cost ------------------------- 5.372329235076904
------------------------- time cost ------------------------- 5.228099584579468
------------------------- time cost ------------------------- 5.516990423202515

-------------Round number: 40-------------

Evaluate global model
Averaged Train Loss: 0.3327
Averaged Test Accuracy: 0.9148
Averaged Test AUC: 0.6810
Averaged Test Precision: 0.8385
Averaged Test Recall: 0.9148
Averaged Test F1-Score: 0.8746
Std Test Accuracy: 0.0416
Std Test AUC: 0.0396
------------------------- time cost ------------------------- 6.111114740371704
------------------------- time cost ------------------------- 5.356823682785034
------------------------- time cost ------------------------- 5.4784064292907715
------------------------- time cost ------------------------- 5.335033893585205
------------------------- time cost ------------------------- 5.205138683319092
------------------------- time cost ------------------------- 5.363625526428223
------------------------- time cost ------------------------- 5.386383533477783
------------------------- time cost ------------------------- 5.347871541976929
------------------------- time cost ------------------------- 5.414126396179199
------------------------- time cost ------------------------- 5.406790494918823

-------------Round number: 50-------------

Evaluate global model
Averaged Train Loss: 0.3348
Averaged Test Accuracy: 0.9148
Averaged Test AUC: 0.7340
Averaged Test Precision: 0.8385
Averaged Test Recall: 0.9148
Averaged Test F1-Score: 0.8746
Std Test Accuracy: 0.0416
Std Test AUC: 0.0551
------------------------- time cost ------------------------- 6.1128246784210205
------------------------- time cost ------------------------- 5.306276798248291
------------------------- time cost ------------------------- 5.423560380935669
------------------------- time cost ------------------------- 5.329168081283569
------------------------- time cost ------------------------- 5.369779825210571
------------------------- time cost ------------------------- 5.2744200229644775
------------------------- time cost ------------------------- 5.393604755401611
------------------------- time cost ------------------------- 5.383396148681641
------------------------- time cost ------------------------- 5.490998268127441
------------------------- time cost ------------------------- 5.517031669616699

-------------Round number: 60-------------

Evaluate global model
Averaged Train Loss: 0.3350
Averaged Test Accuracy: 0.9148
Averaged Test AUC: 0.7466
Averaged Test Precision: 0.8385
Averaged Test Recall: 0.9148
Averaged Test F1-Score: 0.8746
Std Test Accuracy: 0.0416
Std Test AUC: 0.0613
------------------------- time cost ------------------------- 6.000388145446777
------------------------- time cost ------------------------- 5.355573892593384
------------------------- time cost ------------------------- 5.35041880607605
------------------------- time cost ------------------------- 5.523487329483032
------------------------- time cost ------------------------- 5.338341236114502
------------------------- time cost ------------------------- 5.239326000213623
------------------------- time cost ------------------------- 5.1635308265686035
------------------------- time cost ------------------------- 5.39036750793457
------------------------- time cost ------------------------- 5.374850034713745
------------------------- time cost ------------------------- 5.294018983840942

-------------Round number: 70-------------

Evaluate global model
Averaged Train Loss: 0.3364
Averaged Test Accuracy: 0.9148
Averaged Test AUC: 0.7704
Averaged Test Precision: 0.8385
Averaged Test Recall: 0.9148
Averaged Test F1-Score: 0.8746
Std Test Accuracy: 0.0416
Std Test AUC: 0.0701
------------------------- time cost ------------------------- 6.057900905609131
------------------------- time cost ------------------------- 5.3011229038238525
------------------------- time cost ------------------------- 5.5138468742370605
------------------------- time cost ------------------------- 5.381949186325073
------------------------- time cost ------------------------- 5.277353763580322
------------------------- time cost ------------------------- 5.2764036655426025
------------------------- time cost ------------------------- 5.370376110076904
------------------------- time cost ------------------------- 5.417238712310791
------------------------- time cost ------------------------- 5.279325485229492
------------------------- time cost ------------------------- 5.402863025665283

-------------Round number: 80-------------

Evaluate global model
Averaged Train Loss: 0.3343
Averaged Test Accuracy: 0.9148
Averaged Test AUC: 0.7889
Averaged Test Precision: 0.8385
Averaged Test Recall: 0.9148
Averaged Test F1-Score: 0.8746
Std Test Accuracy: 0.0416
Std Test AUC: 0.0686
------------------------- time cost ------------------------- 6.06140398979187
------------------------- time cost ------------------------- 5.332254409790039
------------------------- time cost ------------------------- 5.505213499069214
------------------------- time cost ------------------------- 5.538790225982666
------------------------- time cost ------------------------- 5.4176623821258545
------------------------- time cost ------------------------- 5.537870168685913
------------------------- time cost ------------------------- 5.466713190078735
------------------------- time cost ------------------------- 5.462268114089966
------------------------- time cost ------------------------- 5.2859742641448975
------------------------- time cost ------------------------- 5.469326496124268

-------------Round number: 90-------------

Evaluate global model
Averaged Train Loss: 0.3338
Averaged Test Accuracy: 0.9148
Averaged Test AUC: 0.8002
Averaged Test Precision: 0.8385
Averaged Test Recall: 0.9148
Averaged Test F1-Score: 0.8746
Std Test Accuracy: 0.0416
Std Test AUC: 0.0610
------------------------- time cost ------------------------- 6.242020845413208
------------------------- time cost ------------------------- 5.286772966384888
------------------------- time cost ------------------------- 5.389883518218994
------------------------- time cost ------------------------- 5.344029188156128
------------------------- time cost ------------------------- 5.397907018661499
------------------------- time cost ------------------------- 5.382933616638184
------------------------- time cost ------------------------- 5.4923951625823975
------------------------- time cost ------------------------- 5.617151737213135
------------------------- time cost ------------------------- 5.449999094009399
------------------------- time cost ------------------------- 5.407332420349121

-------------Round number: 100-------------

Evaluate global model
Averaged Train Loss: 0.3313
Averaged Test Accuracy: 0.9148
Averaged Test AUC: 0.8131
Averaged Test Precision: 0.8385
Averaged Test Recall: 0.9148
Averaged Test F1-Score: 0.8746
Std Test Accuracy: 0.0416
Std Test AUC: 0.0620
------------------------- time cost ------------------------- 6.713699102401733

Best accuracy.
0.9147651006711409

Average time cost per round.
5.470980889797211
File path: results/Xinwang_FedAvg_test/Xinwang_FedAvg_test_0.h5
Training process CSV file path: results/Xinwang_FedAvg_test/Xinwang_FedAvg_test_0_training_process.csv
Training process data saved to: results/Xinwang_FedAvg_test/Xinwang_FedAvg_test_0_training_process.csv

平均训练时间: 554.68秒
