实验: Xinwang_feature_skew_sign_flip_Bulyan_run1
物理GPU ID: 2
CUDA_VISIBLE_DEVICES: 2
时间: 2026-01-25 02:34:01
命令: /miniconda3/bin/python flcore/main.py -data Xinwang -algo FedAvg -nc 10 -gr 100 -ls 5 -lbs 64 -lr 0.01 -eg 10 -t 1 --heterogeneity feature_skew --enable_attack True --attack_mode sign_flip --malicious_ratio 0.3 --defense_mode bulyan --use_tlbo False --tlbo_iterations 10 --use_autoencoder False --use_committee False
工作目录: /root/DecisionSupportSystem-FedACT/system

[GPU] 使用环境变量指定的GPU: CUDA_VISIBLE_DEVICES=2
============================================================
实验配置:
============================================================
  goal: test
  device: cuda
  device_id: 0
  dataset: Xinwang
  heterogeneity: feature_skew
  model: auto
  num_classes: 2
  batch_size: 64
  local_learning_rate: 0.01
  global_rounds: 100
  local_epochs: 5
  algorithm: FedAvg
  num_clients: 10
  join_ratio: 1.0
  random_join_ratio: False
  prev: 0
  times: 1
  eval_gap: 10
  save_folder_name: results
  learning_rate_decay: False
  learning_rate_decay_gamma: 0.99
  few_shot: 0
  time_select: False
  time_threthold: 10000
  top_cnt: 100
  auto_break: False
  client_drop_rate: 0.0
  train_slow_rate: 0.0
  send_slow_rate: 0.0
  dlg_eval: False
  dlg_gap: 100
  batch_num_per_client: 2
  num_new_clients: 0
  fine_tuning_epoch_new: 0
  mu: 0.01
  beta: 0.0
  lamda: 1.0
  tau: 1.0
  plocal_epochs: 1
  server_learning_rate: 1.0
  enable_attack: True
  attack_mode: sign_flip
  malicious_ratio: 0.3
  attack_scale: 3.0
  defense_mode: bulyan
  use_autoencoder: False
  autoencoder_latent_dim: 64
  autoencoder_epochs: 20
  committee_size: 5
  vote_threshold: 0.5
  anomaly_threshold: 0.5
  anomaly_lower_coef: 0.7
  anomaly_upper_coef: 1.5
  use_committee: False
  tlbo_iterations: 10
  use_tlbo: False
  use_merkle: True
  use_incentive: True
============================================================

============= 第 1 次实验 =============
正在初始化服务器和客户端...
数据集: Xinwang, 特征维度: 38
模型参数量: 921,634

Join ratio / total clients: 1.0 / 10
Finished creating server and clients.

-------------Round number: 0-------------

Evaluate global model
Averaged Train Loss: 0.5754
Averaged Test Accuracy: 0.8826
Averaged Test AUC: 0.5676
Averaged Test Precision: 0.8560
Averaged Test Recall: 0.8826
Averaged Test F1-Score: 0.8646
Std Test Accuracy: 0.0776
Std Test AUC: 0.1101
------------------------- time cost ------------------------- 6.683817625045776
------------------------- time cost ------------------------- 5.452637434005737
------------------------- time cost ------------------------- 5.514125108718872
------------------------- time cost ------------------------- 5.5456223487854
------------------------- time cost ------------------------- 5.558313369750977
------------------------- time cost ------------------------- 5.413865566253662
------------------------- time cost ------------------------- 5.433514595031738
------------------------- time cost ------------------------- 5.541183233261108
------------------------- time cost ------------------------- 5.510893821716309
------------------------- time cost ------------------------- 5.453029155731201

-------------Round number: 10-------------

Evaluate global model
Averaged Train Loss: 0.3460
Averaged Test Accuracy: 0.9148
Averaged Test AUC: 0.5972
Averaged Test Precision: 0.8385
Averaged Test Recall: 0.9148
Averaged Test F1-Score: 0.8746
Std Test Accuracy: 0.0416
Std Test AUC: 0.1262
------------------------- time cost ------------------------- 6.3626837730407715
------------------------- time cost ------------------------- 5.593005418777466
------------------------- time cost ------------------------- 5.4578187465667725
------------------------- time cost ------------------------- 5.45244288444519
------------------------- time cost ------------------------- 5.488982439041138
------------------------- time cost ------------------------- 5.394227981567383
------------------------- time cost ------------------------- 5.4075751304626465
------------------------- time cost ------------------------- 5.37639856338501
------------------------- time cost ------------------------- 5.383496046066284
------------------------- time cost ------------------------- 5.3858397006988525

-------------Round number: 20-------------

Evaluate global model
Averaged Train Loss: 0.3388
Averaged Test Accuracy: 0.9148
Averaged Test AUC: 0.6400
Averaged Test Precision: 0.8385
Averaged Test Recall: 0.9148
Averaged Test F1-Score: 0.8746
Std Test Accuracy: 0.0416
Std Test AUC: 0.0858
------------------------- time cost ------------------------- 6.401999235153198
------------------------- time cost ------------------------- 5.532010793685913
------------------------- time cost ------------------------- 5.435976266860962
------------------------- time cost ------------------------- 5.47903299331665
------------------------- time cost ------------------------- 5.4669349193573
------------------------- time cost ------------------------- 5.556270122528076
------------------------- time cost ------------------------- 5.421411514282227
------------------------- time cost ------------------------- 5.393426418304443
------------------------- time cost ------------------------- 5.3937928676605225
------------------------- time cost ------------------------- 5.395936012268066

-------------Round number: 30-------------

Evaluate global model
Averaged Train Loss: 0.3342
Averaged Test Accuracy: 0.9148
Averaged Test AUC: 0.6680
Averaged Test Precision: 0.8385
Averaged Test Recall: 0.9148
Averaged Test F1-Score: 0.8746
Std Test Accuracy: 0.0416
Std Test AUC: 0.0638
------------------------- time cost ------------------------- 6.492111682891846
------------------------- time cost ------------------------- 5.568600177764893
------------------------- time cost ------------------------- 5.381000518798828
------------------------- time cost ------------------------- 5.3274970054626465
------------------------- time cost ------------------------- 5.4114670753479
------------------------- time cost ------------------------- 5.418761253356934
------------------------- time cost ------------------------- 5.413480997085571
------------------------- time cost ------------------------- 5.4075798988342285
------------------------- time cost ------------------------- 5.4751622676849365
------------------------- time cost ------------------------- 5.600691318511963

-------------Round number: 40-------------

Evaluate global model
Averaged Train Loss: 0.3356
Averaged Test Accuracy: 0.9148
Averaged Test AUC: 0.7047
Averaged Test Precision: 0.8385
Averaged Test Recall: 0.9148
Averaged Test F1-Score: 0.8746
Std Test Accuracy: 0.0416
Std Test AUC: 0.0438
------------------------- time cost ------------------------- 6.457849740982056
------------------------- time cost ------------------------- 5.433236837387085
------------------------- time cost ------------------------- 5.532027244567871
------------------------- time cost ------------------------- 5.386702299118042
------------------------- time cost ------------------------- 5.3803017139434814
------------------------- time cost ------------------------- 5.335476875305176
------------------------- time cost ------------------------- 5.432902097702026
------------------------- time cost ------------------------- 5.452843427658081
------------------------- time cost ------------------------- 5.43801474571228
------------------------- time cost ------------------------- 5.487210035324097

-------------Round number: 50-------------

Evaluate global model
Averaged Train Loss: 0.3366
Averaged Test Accuracy: 0.9148
Averaged Test AUC: 0.7281
Averaged Test Precision: 0.8385
Averaged Test Recall: 0.9148
Averaged Test F1-Score: 0.8746
Std Test Accuracy: 0.0416
Std Test AUC: 0.0645
------------------------- time cost ------------------------- 6.383296728134155
------------------------- time cost ------------------------- 5.5285844802856445
------------------------- time cost ------------------------- 5.4866719245910645
------------------------- time cost ------------------------- 5.4467854499816895
------------------------- time cost ------------------------- 5.338841915130615
------------------------- time cost ------------------------- 5.598660469055176
------------------------- time cost ------------------------- 5.364328384399414
------------------------- time cost ------------------------- 5.467664480209351
------------------------- time cost ------------------------- 5.504213809967041
------------------------- time cost ------------------------- 5.376216888427734

-------------Round number: 60-------------

Evaluate global model
Averaged Train Loss: 0.3362
Averaged Test Accuracy: 0.9148
Averaged Test AUC: 0.7566
Averaged Test Precision: 0.8385
Averaged Test Recall: 0.9148
Averaged Test F1-Score: 0.8746
Std Test Accuracy: 0.0416
Std Test AUC: 0.0619
------------------------- time cost ------------------------- 6.391294479370117
------------------------- time cost ------------------------- 5.494379997253418
------------------------- time cost ------------------------- 5.598330736160278
------------------------- time cost ------------------------- 5.376507759094238
------------------------- time cost ------------------------- 5.423647880554199
------------------------- time cost ------------------------- 5.448594570159912
------------------------- time cost ------------------------- 5.3609795570373535
------------------------- time cost ------------------------- 5.421865701675415
------------------------- time cost ------------------------- 5.560099363327026
------------------------- time cost ------------------------- 5.455646753311157

-------------Round number: 70-------------

Evaluate global model
Averaged Train Loss: 0.3372
Averaged Test Accuracy: 0.9148
Averaged Test AUC: 0.7720
Averaged Test Precision: 0.8385
Averaged Test Recall: 0.9148
Averaged Test F1-Score: 0.8746
Std Test Accuracy: 0.0416
Std Test AUC: 0.0623
------------------------- time cost ------------------------- 6.283790826797485
------------------------- time cost ------------------------- 5.674060106277466
------------------------- time cost ------------------------- 5.583630800247192
------------------------- time cost ------------------------- 5.527339935302734
------------------------- time cost ------------------------- 5.3188841342926025
------------------------- time cost ------------------------- 5.406303405761719
------------------------- time cost ------------------------- 5.372770309448242
------------------------- time cost ------------------------- 5.498886346817017
------------------------- time cost ------------------------- 5.565419912338257
------------------------- time cost ------------------------- 5.246075391769409

-------------Round number: 80-------------

Evaluate global model
Averaged Train Loss: 0.3340
Averaged Test Accuracy: 0.9148
Averaged Test AUC: 0.7924
Averaged Test Precision: 0.8385
Averaged Test Recall: 0.9148
Averaged Test F1-Score: 0.8746
Std Test Accuracy: 0.0416
Std Test AUC: 0.0691
------------------------- time cost ------------------------- 6.411060333251953
------------------------- time cost ------------------------- 5.290851593017578
------------------------- time cost ------------------------- 5.791341781616211
------------------------- time cost ------------------------- 5.500178337097168
------------------------- time cost ------------------------- 5.601312637329102
------------------------- time cost ------------------------- 5.4038355350494385
------------------------- time cost ------------------------- 5.195576190948486
------------------------- time cost ------------------------- 5.2721216678619385
------------------------- time cost ------------------------- 5.552428245544434
------------------------- time cost ------------------------- 5.628838777542114

-------------Round number: 90-------------

Evaluate global model
Averaged Train Loss: 0.3347
Averaged Test Accuracy: 0.9148
Averaged Test AUC: 0.8034
Averaged Test Precision: 0.8385
Averaged Test Recall: 0.9148
Averaged Test F1-Score: 0.8746
Std Test Accuracy: 0.0416
Std Test AUC: 0.0665
------------------------- time cost ------------------------- 6.406597137451172
------------------------- time cost ------------------------- 5.529088258743286
------------------------- time cost ------------------------- 5.517875671386719
------------------------- time cost ------------------------- 5.676617860794067
------------------------- time cost ------------------------- 5.462780714035034
------------------------- time cost ------------------------- 5.477251291275024
------------------------- time cost ------------------------- 5.380364179611206
------------------------- time cost ------------------------- 5.520359992980957
------------------------- time cost ------------------------- 5.397334337234497
------------------------- time cost ------------------------- 5.529168128967285

-------------Round number: 100-------------

Evaluate global model
Averaged Train Loss: 0.3340
Averaged Test Accuracy: 0.9148
Averaged Test AUC: 0.8122
Averaged Test Precision: 0.8385
Averaged Test Recall: 0.9148
Averaged Test F1-Score: 0.8746
Std Test Accuracy: 0.0416
Std Test AUC: 0.0577
------------------------- time cost ------------------------- 6.297660827636719

Best accuracy.
0.9147651006711409

Average time cost per round.
5.553817796707153
File path: results/Xinwang_FedAvg_test/Xinwang_FedAvg_test_0.h5
Training process CSV file path: results/Xinwang_FedAvg_test/Xinwang_FedAvg_test_0_training_process.csv
Training process data saved to: results/Xinwang_FedAvg_test/Xinwang_FedAvg_test_0_training_process.csv

平均训练时间: 563.57秒
