实验: Xinwang_feature_skew_ipm_RFA_run1
物理GPU ID: 3
CUDA_VISIBLE_DEVICES: 3
时间: 2026-01-25 02:53:07
命令: /miniconda3/bin/python flcore/main.py -data Xinwang -algo FedAvg -nc 10 -gr 100 -ls 5 -lbs 64 -lr 0.01 -eg 10 -t 1 --heterogeneity feature_skew --enable_attack True --attack_mode ipm --malicious_ratio 0.3 --defense_mode rfa --use_tlbo False --tlbo_iterations 10 --use_autoencoder False --use_committee False
工作目录: /root/DecisionSupportSystem-FedACT/system

[GPU] 使用环境变量指定的GPU: CUDA_VISIBLE_DEVICES=3
============================================================
实验配置:
============================================================
  goal: test
  device: cuda
  device_id: 0
  dataset: Xinwang
  heterogeneity: feature_skew
  model: auto
  num_classes: 2
  batch_size: 64
  local_learning_rate: 0.01
  global_rounds: 100
  local_epochs: 5
  algorithm: FedAvg
  num_clients: 10
  join_ratio: 1.0
  random_join_ratio: False
  prev: 0
  times: 1
  eval_gap: 10
  save_folder_name: results
  learning_rate_decay: False
  learning_rate_decay_gamma: 0.99
  few_shot: 0
  time_select: False
  time_threthold: 10000
  top_cnt: 100
  auto_break: False
  client_drop_rate: 0.0
  train_slow_rate: 0.0
  send_slow_rate: 0.0
  dlg_eval: False
  dlg_gap: 100
  batch_num_per_client: 2
  num_new_clients: 0
  fine_tuning_epoch_new: 0
  mu: 0.01
  beta: 0.0
  lamda: 1.0
  tau: 1.0
  plocal_epochs: 1
  server_learning_rate: 1.0
  enable_attack: True
  attack_mode: ipm
  malicious_ratio: 0.3
  attack_scale: 3.0
  defense_mode: rfa
  use_autoencoder: False
  autoencoder_latent_dim: 64
  autoencoder_epochs: 20
  committee_size: 5
  vote_threshold: 0.5
  anomaly_threshold: 0.5
  anomaly_lower_coef: 0.7
  anomaly_upper_coef: 1.5
  use_committee: False
  tlbo_iterations: 10
  use_tlbo: False
  use_merkle: True
  use_incentive: True
============================================================

============= 第 1 次实验 =============
正在初始化服务器和客户端...
数据集: Xinwang, 特征维度: 38
模型参数量: 921,634

Join ratio / total clients: 1.0 / 10
Finished creating server and clients.

-------------Round number: 0-------------

Evaluate global model
Averaged Train Loss: 0.5754
Averaged Test Accuracy: 0.8826
Averaged Test AUC: 0.5676
Averaged Test Precision: 0.8560
Averaged Test Recall: 0.8826
Averaged Test F1-Score: 0.8646
Std Test Accuracy: 0.0776
Std Test AUC: 0.1101
------------------------- time cost ------------------------- 6.235846996307373
------------------------- time cost ------------------------- 5.3590052127838135
------------------------- time cost ------------------------- 5.475086212158203
------------------------- time cost ------------------------- 5.438716650009155
------------------------- time cost ------------------------- 5.447896242141724
------------------------- time cost ------------------------- 5.359547138214111
------------------------- time cost ------------------------- 5.4441235065460205
------------------------- time cost ------------------------- 5.411018371582031
------------------------- time cost ------------------------- 5.450688600540161
------------------------- time cost ------------------------- 5.479552507400513

-------------Round number: 10-------------

Evaluate global model
Averaged Train Loss: 0.3485
Averaged Test Accuracy: 0.9148
Averaged Test AUC: 0.5716
Averaged Test Precision: 0.8385
Averaged Test Recall: 0.9148
Averaged Test F1-Score: 0.8746
Std Test Accuracy: 0.0416
Std Test AUC: 0.1260
------------------------- time cost ------------------------- 6.363803386688232
------------------------- time cost ------------------------- 5.503120422363281
------------------------- time cost ------------------------- 5.396454095840454
------------------------- time cost ------------------------- 5.363778829574585
------------------------- time cost ------------------------- 5.333357810974121
------------------------- time cost ------------------------- 5.290682792663574
------------------------- time cost ------------------------- 5.544661045074463
------------------------- time cost ------------------------- 5.383108854293823
------------------------- time cost ------------------------- 5.342202186584473
------------------------- time cost ------------------------- 5.356684923171997

-------------Round number: 20-------------

Evaluate global model
Averaged Train Loss: 0.3383
Averaged Test Accuracy: 0.9148
Averaged Test AUC: 0.6111
Averaged Test Precision: 0.8385
Averaged Test Recall: 0.9148
Averaged Test F1-Score: 0.8746
Std Test Accuracy: 0.0416
Std Test AUC: 0.0961
------------------------- time cost ------------------------- 6.183674573898315
------------------------- time cost ------------------------- 5.333718299865723
------------------------- time cost ------------------------- 5.299733400344849
------------------------- time cost ------------------------- 5.385777711868286
------------------------- time cost ------------------------- 5.358089447021484
------------------------- time cost ------------------------- 5.4551613330841064
------------------------- time cost ------------------------- 5.515627861022949
------------------------- time cost ------------------------- 5.531023740768433
------------------------- time cost ------------------------- 5.481008052825928
------------------------- time cost ------------------------- 5.278141021728516

-------------Round number: 30-------------

Evaluate global model
Averaged Train Loss: 0.3342
Averaged Test Accuracy: 0.9148
Averaged Test AUC: 0.6516
Averaged Test Precision: 0.8385
Averaged Test Recall: 0.9148
Averaged Test F1-Score: 0.8746
Std Test Accuracy: 0.0416
Std Test AUC: 0.0835
------------------------- time cost ------------------------- 6.290428400039673
------------------------- time cost ------------------------- 5.312603950500488
------------------------- time cost ------------------------- 5.467258930206299
------------------------- time cost ------------------------- 5.36747145652771
------------------------- time cost ------------------------- 5.461066484451294
------------------------- time cost ------------------------- 5.240813732147217
------------------------- time cost ------------------------- 5.59808087348938
------------------------- time cost ------------------------- 5.450437068939209
------------------------- time cost ------------------------- 5.467650651931763
------------------------- time cost ------------------------- 5.427688837051392

-------------Round number: 40-------------

Evaluate global model
Averaged Train Loss: 0.3340
Averaged Test Accuracy: 0.9148
Averaged Test AUC: 0.6954
Averaged Test Precision: 0.8385
Averaged Test Recall: 0.9148
Averaged Test F1-Score: 0.8746
Std Test Accuracy: 0.0416
Std Test AUC: 0.0590
------------------------- time cost ------------------------- 6.233273506164551
------------------------- time cost ------------------------- 5.486408233642578
------------------------- time cost ------------------------- 5.4025890827178955
------------------------- time cost ------------------------- 5.423804998397827
------------------------- time cost ------------------------- 5.408777475357056
------------------------- time cost ------------------------- 5.402719497680664
------------------------- time cost ------------------------- 5.651324987411499
------------------------- time cost ------------------------- 5.4168994426727295
------------------------- time cost ------------------------- 5.406299829483032
------------------------- time cost ------------------------- 5.437008380889893

-------------Round number: 50-------------

Evaluate global model
Averaged Train Loss: 0.3361
Averaged Test Accuracy: 0.9148
Averaged Test AUC: 0.7281
Averaged Test Precision: 0.8385
Averaged Test Recall: 0.9148
Averaged Test F1-Score: 0.8746
Std Test Accuracy: 0.0416
Std Test AUC: 0.0547
------------------------- time cost ------------------------- 6.199082612991333
------------------------- time cost ------------------------- 5.3785505294799805
------------------------- time cost ------------------------- 5.250683307647705
------------------------- time cost ------------------------- 5.37902569770813
------------------------- time cost ------------------------- 5.436020374298096
------------------------- time cost ------------------------- 5.456680536270142
------------------------- time cost ------------------------- 5.734862565994263
------------------------- time cost ------------------------- 5.414087533950806
------------------------- time cost ------------------------- 5.410889387130737
------------------------- time cost ------------------------- 5.4154369831085205

-------------Round number: 60-------------

Evaluate global model
Averaged Train Loss: 0.3344
Averaged Test Accuracy: 0.9148
Averaged Test AUC: 0.7493
Averaged Test Precision: 0.8385
Averaged Test Recall: 0.9148
Averaged Test F1-Score: 0.8746
Std Test Accuracy: 0.0416
Std Test AUC: 0.0642
------------------------- time cost ------------------------- 6.203713417053223
------------------------- time cost ------------------------- 5.331613302230835
------------------------- time cost ------------------------- 5.3654608726501465
------------------------- time cost ------------------------- 5.371722936630249
------------------------- time cost ------------------------- 5.353085041046143
------------------------- time cost ------------------------- 5.40010142326355
------------------------- time cost ------------------------- 5.513225078582764
------------------------- time cost ------------------------- 5.411802530288696
------------------------- time cost ------------------------- 5.535560846328735
------------------------- time cost ------------------------- 5.305004358291626

-------------Round number: 70-------------

Evaluate global model
Averaged Train Loss: 0.3353
Averaged Test Accuracy: 0.9148
Averaged Test AUC: 0.7766
Averaged Test Precision: 0.8385
Averaged Test Recall: 0.9148
Averaged Test F1-Score: 0.8746
Std Test Accuracy: 0.0416
Std Test AUC: 0.0750
------------------------- time cost ------------------------- 6.109745025634766
------------------------- time cost ------------------------- 5.350577116012573
------------------------- time cost ------------------------- 5.43908953666687
------------------------- time cost ------------------------- 5.436112642288208
------------------------- time cost ------------------------- 5.456425428390503
------------------------- time cost ------------------------- 5.365996837615967
------------------------- time cost ------------------------- 5.490959405899048
------------------------- time cost ------------------------- 5.340093612670898
------------------------- time cost ------------------------- 5.507848024368286
------------------------- time cost ------------------------- 5.3498451709747314

-------------Round number: 80-------------

Evaluate global model
Averaged Train Loss: 0.3372
Averaged Test Accuracy: 0.9148
Averaged Test AUC: 0.7864
Averaged Test Precision: 0.8385
Averaged Test Recall: 0.9148
Averaged Test F1-Score: 0.8746
Std Test Accuracy: 0.0416
Std Test AUC: 0.0713
------------------------- time cost ------------------------- 6.343939542770386
------------------------- time cost ------------------------- 5.455038785934448
------------------------- time cost ------------------------- 5.394068956375122
------------------------- time cost ------------------------- 5.521378040313721
------------------------- time cost ------------------------- 5.466602087020874
------------------------- time cost ------------------------- 5.467171669006348
------------------------- time cost ------------------------- 5.348951816558838
------------------------- time cost ------------------------- 5.577553987503052
------------------------- time cost ------------------------- 5.49359655380249
------------------------- time cost ------------------------- 5.416461944580078

-------------Round number: 90-------------

Evaluate global model
Averaged Train Loss: 0.3345
Averaged Test Accuracy: 0.9148
Averaged Test AUC: 0.8068
Averaged Test Precision: 0.8385
Averaged Test Recall: 0.9148
Averaged Test F1-Score: 0.8746
Std Test Accuracy: 0.0416
Std Test AUC: 0.0736
------------------------- time cost ------------------------- 6.18140435218811
------------------------- time cost ------------------------- 5.347782611846924
------------------------- time cost ------------------------- 5.278717517852783
------------------------- time cost ------------------------- 5.3583550453186035
------------------------- time cost ------------------------- 5.334202766418457
------------------------- time cost ------------------------- 5.311967372894287
------------------------- time cost ------------------------- 5.3736255168914795
------------------------- time cost ------------------------- 5.403925657272339
------------------------- time cost ------------------------- 5.689812660217285
------------------------- time cost ------------------------- 5.419562578201294

-------------Round number: 100-------------

Evaluate global model
Averaged Train Loss: 0.3314
Averaged Test Accuracy: 0.9148
Averaged Test AUC: 0.8162
Averaged Test Precision: 0.8385
Averaged Test Recall: 0.9148
Averaged Test F1-Score: 0.8746
Std Test Accuracy: 0.0416
Std Test AUC: 0.0620
------------------------- time cost ------------------------- 6.549212217330933

Best accuracy.
0.9147651006711409

Average time cost per round.
5.503646838665008
File path: results/Xinwang_FedAvg_test/Xinwang_FedAvg_test_0.h5
Training process CSV file path: results/Xinwang_FedAvg_test/Xinwang_FedAvg_test_0_training_process.csv
Training process data saved to: results/Xinwang_FedAvg_test/Xinwang_FedAvg_test_0_training_process.csv

平均训练时间: 557.93秒
