实验: Xinwang_label_skew_collision_MultiKrum_run1
物理GPU ID: 2
CUDA_VISIBLE_DEVICES: 2
时间: 2026-01-25 01:45:44
命令: /miniconda3/bin/python flcore/main.py -data Xinwang -algo FedAvg -nc 10 -gr 100 -ls 5 -lbs 64 -lr 0.01 -eg 10 -t 1 --heterogeneity label_skew --enable_attack True --attack_mode collision --malicious_ratio 0.3 --defense_mode multi_krum --use_tlbo False --tlbo_iterations 10 --use_autoencoder False --use_committee False
工作目录: /root/DecisionSupportSystem-FedACT/system

[GPU] 使用环境变量指定的GPU: CUDA_VISIBLE_DEVICES=2
============================================================
实验配置:
============================================================
  goal: test
  device: cuda
  device_id: 0
  dataset: Xinwang
  heterogeneity: label_skew
  model: auto
  num_classes: 2
  batch_size: 64
  local_learning_rate: 0.01
  global_rounds: 100
  local_epochs: 5
  algorithm: FedAvg
  num_clients: 10
  join_ratio: 1.0
  random_join_ratio: False
  prev: 0
  times: 1
  eval_gap: 10
  save_folder_name: results
  learning_rate_decay: False
  learning_rate_decay_gamma: 0.99
  few_shot: 0
  time_select: False
  time_threthold: 10000
  top_cnt: 100
  auto_break: False
  client_drop_rate: 0.0
  train_slow_rate: 0.0
  send_slow_rate: 0.0
  dlg_eval: False
  dlg_gap: 100
  batch_num_per_client: 2
  num_new_clients: 0
  fine_tuning_epoch_new: 0
  mu: 0.01
  beta: 0.0
  lamda: 1.0
  tau: 1.0
  plocal_epochs: 1
  server_learning_rate: 1.0
  enable_attack: True
  attack_mode: collision
  malicious_ratio: 0.3
  attack_scale: 3.0
  defense_mode: multi_krum
  use_autoencoder: False
  autoencoder_latent_dim: 64
  autoencoder_epochs: 20
  committee_size: 5
  vote_threshold: 0.5
  anomaly_threshold: 0.5
  anomaly_lower_coef: 0.7
  anomaly_upper_coef: 1.5
  use_committee: False
  tlbo_iterations: 10
  use_tlbo: False
  use_merkle: True
  use_incentive: True
============================================================

============= 第 1 次实验 =============
正在初始化服务器和客户端...
数据集: Xinwang, 特征维度: 38
模型参数量: 921,634

Join ratio / total clients: 1.0 / 10
Finished creating server and clients.

-------------Round number: 0-------------

Evaluate global model
Averaged Train Loss: 0.5754
Averaged Test Accuracy: 0.8826
Averaged Test AUC: 0.5676
Averaged Test Precision: 0.8560
Averaged Test Recall: 0.8826
Averaged Test F1-Score: 0.8646
Std Test Accuracy: 0.0776
Std Test AUC: 0.1101
------------------------- time cost ------------------------- 6.711075782775879
------------------------- time cost ------------------------- 5.51055645942688
------------------------- time cost ------------------------- 5.58576512336731
------------------------- time cost ------------------------- 5.6364336013793945
------------------------- time cost ------------------------- 5.746793508529663
------------------------- time cost ------------------------- 5.606677532196045
------------------------- time cost ------------------------- 5.483130216598511
------------------------- time cost ------------------------- 5.598731279373169
------------------------- time cost ------------------------- 5.580772638320923
------------------------- time cost ------------------------- 5.480508804321289

-------------Round number: 10-------------

Evaluate global model
Averaged Train Loss: 0.3490
Averaged Test Accuracy: 0.9148
Averaged Test AUC: 0.5523
Averaged Test Precision: 0.8385
Averaged Test Recall: 0.9148
Averaged Test F1-Score: 0.8746
Std Test Accuracy: 0.0416
Std Test AUC: 0.1159
------------------------- time cost ------------------------- 6.485212802886963
------------------------- time cost ------------------------- 6.031917095184326
------------------------- time cost ------------------------- 5.740591764450073
------------------------- time cost ------------------------- 5.6516571044921875
------------------------- time cost ------------------------- 5.7083985805511475
------------------------- time cost ------------------------- 5.69637393951416
------------------------- time cost ------------------------- 5.569156646728516
------------------------- time cost ------------------------- 5.519874572753906
------------------------- time cost ------------------------- 5.494223117828369
------------------------- time cost ------------------------- 5.506422281265259

-------------Round number: 20-------------

Evaluate global model
Averaged Train Loss: 0.3382
Averaged Test Accuracy: 0.9148
Averaged Test AUC: 0.5932
Averaged Test Precision: 0.8385
Averaged Test Recall: 0.9148
Averaged Test F1-Score: 0.8746
Std Test Accuracy: 0.0416
Std Test AUC: 0.1070
------------------------- time cost ------------------------- 6.269003629684448
------------------------- time cost ------------------------- 5.5831968784332275
------------------------- time cost ------------------------- 5.577224016189575
------------------------- time cost ------------------------- 5.578469276428223
------------------------- time cost ------------------------- 5.5616068840026855
------------------------- time cost ------------------------- 5.655297040939331
------------------------- time cost ------------------------- 5.503498554229736
------------------------- time cost ------------------------- 5.678430080413818
------------------------- time cost ------------------------- 5.434653282165527
------------------------- time cost ------------------------- 5.547003269195557

-------------Round number: 30-------------

Evaluate global model
Averaged Train Loss: 0.3368
Averaged Test Accuracy: 0.9148
Averaged Test AUC: 0.6433
Averaged Test Precision: 0.8385
Averaged Test Recall: 0.9148
Averaged Test F1-Score: 0.8746
Std Test Accuracy: 0.0416
Std Test AUC: 0.0666
------------------------- time cost ------------------------- 6.272120714187622
------------------------- time cost ------------------------- 5.586721420288086
------------------------- time cost ------------------------- 5.576510190963745
------------------------- time cost ------------------------- 5.680920600891113
------------------------- time cost ------------------------- 5.562430143356323
------------------------- time cost ------------------------- 5.6181676387786865
------------------------- time cost ------------------------- 5.532060146331787
------------------------- time cost ------------------------- 5.656266689300537
------------------------- time cost ------------------------- 5.519037485122681
------------------------- time cost ------------------------- 5.581538200378418

-------------Round number: 40-------------

Evaluate global model
Averaged Train Loss: 0.3366
Averaged Test Accuracy: 0.9148
Averaged Test AUC: 0.6867
Averaged Test Precision: 0.8385
Averaged Test Recall: 0.9148
Averaged Test F1-Score: 0.8746
Std Test Accuracy: 0.0416
Std Test AUC: 0.0474
------------------------- time cost ------------------------- 6.383909702301025
------------------------- time cost ------------------------- 5.532134532928467
------------------------- time cost ------------------------- 5.603662967681885
------------------------- time cost ------------------------- 5.722682237625122
------------------------- time cost ------------------------- 5.590382099151611
------------------------- time cost ------------------------- 5.580068826675415
------------------------- time cost ------------------------- 5.469789028167725
------------------------- time cost ------------------------- 5.535216808319092
------------------------- time cost ------------------------- 5.476356506347656
------------------------- time cost ------------------------- 5.464775562286377

-------------Round number: 50-------------

Evaluate global model
Averaged Train Loss: 0.3379
Averaged Test Accuracy: 0.9148
Averaged Test AUC: 0.7269
Averaged Test Precision: 0.8385
Averaged Test Recall: 0.9148
Averaged Test F1-Score: 0.8746
Std Test Accuracy: 0.0416
Std Test AUC: 0.0437
------------------------- time cost ------------------------- 6.332663297653198
------------------------- time cost ------------------------- 5.51152491569519
------------------------- time cost ------------------------- 5.630933046340942
------------------------- time cost ------------------------- 5.725971937179565
------------------------- time cost ------------------------- 5.5564470291137695
------------------------- time cost ------------------------- 5.487020492553711
------------------------- time cost ------------------------- 5.783825159072876
------------------------- time cost ------------------------- 5.391085386276245
------------------------- time cost ------------------------- 5.54325008392334
------------------------- time cost ------------------------- 5.542980909347534

-------------Round number: 60-------------

Evaluate global model
Averaged Train Loss: 0.3360
Averaged Test Accuracy: 0.9148
Averaged Test AUC: 0.7470
Averaged Test Precision: 0.8385
Averaged Test Recall: 0.9148
Averaged Test F1-Score: 0.8746
Std Test Accuracy: 0.0416
Std Test AUC: 0.0606
------------------------- time cost ------------------------- 6.398669958114624
------------------------- time cost ------------------------- 5.661135673522949
------------------------- time cost ------------------------- 5.631979703903198
------------------------- time cost ------------------------- 5.5931618213653564
------------------------- time cost ------------------------- 5.5395896434783936
------------------------- time cost ------------------------- 5.558272123336792
------------------------- time cost ------------------------- 5.424773693084717
------------------------- time cost ------------------------- 5.575026035308838
------------------------- time cost ------------------------- 5.5714335441589355
------------------------- time cost ------------------------- 5.470941781997681

-------------Round number: 70-------------

Evaluate global model
Averaged Train Loss: 0.3395
Averaged Test Accuracy: 0.9148
Averaged Test AUC: 0.7732
Averaged Test Precision: 0.8385
Averaged Test Recall: 0.9148
Averaged Test F1-Score: 0.8746
Std Test Accuracy: 0.0416
Std Test AUC: 0.0677
------------------------- time cost ------------------------- 6.287616968154907
------------------------- time cost ------------------------- 5.486608028411865
------------------------- time cost ------------------------- 5.634794473648071
------------------------- time cost ------------------------- 5.577789306640625
------------------------- time cost ------------------------- 5.599064826965332
------------------------- time cost ------------------------- 5.526724100112915
------------------------- time cost ------------------------- 5.538299322128296
------------------------- time cost ------------------------- 5.495152235031128
------------------------- time cost ------------------------- 5.638905763626099
------------------------- time cost ------------------------- 5.5902793407440186

-------------Round number: 80-------------

Evaluate global model
Averaged Train Loss: 0.3362
Averaged Test Accuracy: 0.9148
Averaged Test AUC: 0.7793
Averaged Test Precision: 0.8385
Averaged Test Recall: 0.9148
Averaged Test F1-Score: 0.8746
Std Test Accuracy: 0.0416
Std Test AUC: 0.0598
------------------------- time cost ------------------------- 6.401864051818848
------------------------- time cost ------------------------- 5.639453411102295
------------------------- time cost ------------------------- 5.608057260513306
------------------------- time cost ------------------------- 5.712921857833862
------------------------- time cost ------------------------- 5.4210364818573
------------------------- time cost ------------------------- 5.533725023269653
------------------------- time cost ------------------------- 5.611798048019409
------------------------- time cost ------------------------- 5.5909507274627686
------------------------- time cost ------------------------- 5.349818468093872
------------------------- time cost ------------------------- 5.284850120544434

-------------Round number: 90-------------

Evaluate global model
Averaged Train Loss: 0.3391
Averaged Test Accuracy: 0.9148
Averaged Test AUC: 0.8002
Averaged Test Precision: 0.8385
Averaged Test Recall: 0.9148
Averaged Test F1-Score: 0.8746
Std Test Accuracy: 0.0416
Std Test AUC: 0.0664
------------------------- time cost ------------------------- 6.400545358657837
------------------------- time cost ------------------------- 5.551422595977783
------------------------- time cost ------------------------- 5.631889581680298
------------------------- time cost ------------------------- 5.736172199249268
------------------------- time cost ------------------------- 5.479524850845337
------------------------- time cost ------------------------- 5.660804510116577
------------------------- time cost ------------------------- 5.488744735717773
------------------------- time cost ------------------------- 5.629811525344849
------------------------- time cost ------------------------- 5.540919780731201
------------------------- time cost ------------------------- 5.607404708862305

-------------Round number: 100-------------

Evaluate global model
Averaged Train Loss: 0.3344
Averaged Test Accuracy: 0.9148
Averaged Test AUC: 0.8196
Averaged Test Precision: 0.8385
Averaged Test Recall: 0.9148
Averaged Test F1-Score: 0.8746
Std Test Accuracy: 0.0416
Std Test AUC: 0.0644
------------------------- time cost ------------------------- 7.055747032165527

Best accuracy.
0.9147651006711409

Average time cost per round.
5.662097144126892
File path: results/Xinwang_FedAvg_test/Xinwang_FedAvg_test_0.h5
Training process CSV file path: results/Xinwang_FedAvg_test/Xinwang_FedAvg_test_0_training_process.csv
Training process data saved to: results/Xinwang_FedAvg_test/Xinwang_FedAvg_test_0_training_process.csv

平均训练时间: 574.2秒
