实验: Xinwang_label_skew_trim_attack_RFA_run1
物理GPU ID: 2
CUDA_VISIBLE_DEVICES: 2
时间: 2026-01-25 01:35:07
命令: /miniconda3/bin/python flcore/main.py -data Xinwang -algo FedAvg -nc 10 -gr 100 -ls 5 -lbs 64 -lr 0.01 -eg 10 -t 1 --heterogeneity label_skew --enable_attack True --attack_mode trim_attack --malicious_ratio 0.3 --defense_mode rfa --use_tlbo False --tlbo_iterations 10 --use_autoencoder False --use_committee False
工作目录: /root/DecisionSupportSystem-FedACT/system

[GPU] 使用环境变量指定的GPU: CUDA_VISIBLE_DEVICES=2
============================================================
实验配置:
============================================================
  goal: test
  device: cuda
  device_id: 0
  dataset: Xinwang
  heterogeneity: label_skew
  model: auto
  num_classes: 2
  batch_size: 64
  local_learning_rate: 0.01
  global_rounds: 100
  local_epochs: 5
  algorithm: FedAvg
  num_clients: 10
  join_ratio: 1.0
  random_join_ratio: False
  prev: 0
  times: 1
  eval_gap: 10
  save_folder_name: results
  learning_rate_decay: False
  learning_rate_decay_gamma: 0.99
  few_shot: 0
  time_select: False
  time_threthold: 10000
  top_cnt: 100
  auto_break: False
  client_drop_rate: 0.0
  train_slow_rate: 0.0
  send_slow_rate: 0.0
  dlg_eval: False
  dlg_gap: 100
  batch_num_per_client: 2
  num_new_clients: 0
  fine_tuning_epoch_new: 0
  mu: 0.01
  beta: 0.0
  lamda: 1.0
  tau: 1.0
  plocal_epochs: 1
  server_learning_rate: 1.0
  enable_attack: True
  attack_mode: trim_attack
  malicious_ratio: 0.3
  attack_scale: 3.0
  defense_mode: rfa
  use_autoencoder: False
  autoencoder_latent_dim: 64
  autoencoder_epochs: 20
  committee_size: 5
  vote_threshold: 0.5
  anomaly_threshold: 0.5
  anomaly_lower_coef: 0.7
  anomaly_upper_coef: 1.5
  use_committee: False
  tlbo_iterations: 10
  use_tlbo: False
  use_merkle: True
  use_incentive: True
============================================================

============= 第 1 次实验 =============
正在初始化服务器和客户端...
数据集: Xinwang, 特征维度: 38
模型参数量: 921,634

Join ratio / total clients: 1.0 / 10
Finished creating server and clients.

-------------Round number: 0-------------

Evaluate global model
Averaged Train Loss: 0.5754
Averaged Test Accuracy: 0.8826
Averaged Test AUC: 0.5676
Averaged Test Precision: 0.8560
Averaged Test Recall: 0.8826
Averaged Test F1-Score: 0.8646
Std Test Accuracy: 0.0776
Std Test AUC: 0.1101
------------------------- time cost ------------------------- 6.5210347175598145
------------------------- time cost ------------------------- 5.516115427017212
------------------------- time cost ------------------------- 5.533016920089722
------------------------- time cost ------------------------- 5.568197965621948
------------------------- time cost ------------------------- 5.409599304199219
------------------------- time cost ------------------------- 5.499495029449463
------------------------- time cost ------------------------- 5.381105422973633
------------------------- time cost ------------------------- 5.081569194793701
------------------------- time cost ------------------------- 5.33365535736084
------------------------- time cost ------------------------- 5.483657598495483

-------------Round number: 10-------------

Evaluate global model
Averaged Train Loss: 0.3495
Averaged Test Accuracy: 0.9148
Averaged Test AUC: 0.5646
Averaged Test Precision: 0.8385
Averaged Test Recall: 0.9148
Averaged Test F1-Score: 0.8746
Std Test Accuracy: 0.0416
Std Test AUC: 0.1257
------------------------- time cost ------------------------- 6.133831977844238
------------------------- time cost ------------------------- 5.610082626342773
------------------------- time cost ------------------------- 5.417449951171875
------------------------- time cost ------------------------- 5.472290515899658
------------------------- time cost ------------------------- 5.590819835662842
------------------------- time cost ------------------------- 5.45346474647522
------------------------- time cost ------------------------- 5.440484285354614
------------------------- time cost ------------------------- 5.428645610809326
------------------------- time cost ------------------------- 5.477196216583252
------------------------- time cost ------------------------- 5.3294830322265625

-------------Round number: 20-------------

Evaluate global model
Averaged Train Loss: 0.3377
Averaged Test Accuracy: 0.9148
Averaged Test AUC: 0.6117
Averaged Test Precision: 0.8385
Averaged Test Recall: 0.9148
Averaged Test F1-Score: 0.8746
Std Test Accuracy: 0.0416
Std Test AUC: 0.1156
------------------------- time cost ------------------------- 6.122622966766357
------------------------- time cost ------------------------- 5.366896867752075
------------------------- time cost ------------------------- 5.509302854537964
------------------------- time cost ------------------------- 5.5039496421813965
------------------------- time cost ------------------------- 5.454021453857422
------------------------- time cost ------------------------- 5.443639278411865
------------------------- time cost ------------------------- 5.528588533401489
------------------------- time cost ------------------------- 5.460439920425415
------------------------- time cost ------------------------- 5.442400932312012
------------------------- time cost ------------------------- 5.472142934799194

-------------Round number: 30-------------

Evaluate global model
Averaged Train Loss: 0.3366
Averaged Test Accuracy: 0.9148
Averaged Test AUC: 0.6306
Averaged Test Precision: 0.8385
Averaged Test Recall: 0.9148
Averaged Test F1-Score: 0.8746
Std Test Accuracy: 0.0416
Std Test AUC: 0.0953
------------------------- time cost ------------------------- 6.110433578491211
------------------------- time cost ------------------------- 5.362138748168945
------------------------- time cost ------------------------- 5.403965950012207
------------------------- time cost ------------------------- 5.457285642623901
------------------------- time cost ------------------------- 5.504543304443359
------------------------- time cost ------------------------- 5.4971022605896
------------------------- time cost ------------------------- 5.31663179397583
------------------------- time cost ------------------------- 5.323439121246338
------------------------- time cost ------------------------- 5.3128252029418945
------------------------- time cost ------------------------- 5.560781478881836

-------------Round number: 40-------------

Evaluate global model
Averaged Train Loss: 0.3383
Averaged Test Accuracy: 0.9148
Averaged Test AUC: 0.6963
Averaged Test Precision: 0.8385
Averaged Test Recall: 0.9148
Averaged Test F1-Score: 0.8746
Std Test Accuracy: 0.0416
Std Test AUC: 0.0495
------------------------- time cost ------------------------- 6.162196397781372
------------------------- time cost ------------------------- 5.357479572296143
------------------------- time cost ------------------------- 5.37751579284668
------------------------- time cost ------------------------- 5.370828151702881
------------------------- time cost ------------------------- 5.474857568740845
------------------------- time cost ------------------------- 5.420449495315552
------------------------- time cost ------------------------- 5.378450155258179
------------------------- time cost ------------------------- 5.203585624694824
------------------------- time cost ------------------------- 5.362574100494385
------------------------- time cost ------------------------- 5.452218770980835

-------------Round number: 50-------------

Evaluate global model
Averaged Train Loss: 0.3390
Averaged Test Accuracy: 0.9148
Averaged Test AUC: 0.7333
Averaged Test Precision: 0.8385
Averaged Test Recall: 0.9148
Averaged Test F1-Score: 0.8746
Std Test Accuracy: 0.0416
Std Test AUC: 0.0528
------------------------- time cost ------------------------- 6.195979595184326
------------------------- time cost ------------------------- 5.435809135437012
------------------------- time cost ------------------------- 5.434032917022705
------------------------- time cost ------------------------- 5.502274751663208
------------------------- time cost ------------------------- 5.431854009628296
------------------------- time cost ------------------------- 5.4537034034729
------------------------- time cost ------------------------- 5.662247180938721
------------------------- time cost ------------------------- 5.429904460906982
------------------------- time cost ------------------------- 5.323514938354492
------------------------- time cost ------------------------- 5.460885047912598

-------------Round number: 60-------------

Evaluate global model
Averaged Train Loss: 0.3377
Averaged Test Accuracy: 0.9148
Averaged Test AUC: 0.7566
Averaged Test Precision: 0.8385
Averaged Test Recall: 0.9148
Averaged Test F1-Score: 0.8746
Std Test Accuracy: 0.0416
Std Test AUC: 0.0636
------------------------- time cost ------------------------- 6.1822991371154785
------------------------- time cost ------------------------- 5.308316230773926
------------------------- time cost ------------------------- 5.360731840133667
------------------------- time cost ------------------------- 5.478292226791382
------------------------- time cost ------------------------- 5.469157457351685
------------------------- time cost ------------------------- 5.416845798492432
------------------------- time cost ------------------------- 5.487979412078857
------------------------- time cost ------------------------- 5.58614444732666
------------------------- time cost ------------------------- 5.4386701583862305
------------------------- time cost ------------------------- 5.483263731002808

-------------Round number: 70-------------

Evaluate global model
Averaged Train Loss: 0.3374
Averaged Test Accuracy: 0.9148
Averaged Test AUC: 0.7816
Averaged Test Precision: 0.8385
Averaged Test Recall: 0.9148
Averaged Test F1-Score: 0.8746
Std Test Accuracy: 0.0416
Std Test AUC: 0.0725
------------------------- time cost ------------------------- 6.158538818359375
------------------------- time cost ------------------------- 5.4310173988342285
------------------------- time cost ------------------------- 5.353314638137817
------------------------- time cost ------------------------- 5.530888080596924
------------------------- time cost ------------------------- 5.504762887954712
------------------------- time cost ------------------------- 5.438196897506714
------------------------- time cost ------------------------- 5.388833999633789
------------------------- time cost ------------------------- 5.4892518520355225
------------------------- time cost ------------------------- 5.5178399085998535
------------------------- time cost ------------------------- 5.626896619796753

-------------Round number: 80-------------

Evaluate global model
Averaged Train Loss: 0.3365
Averaged Test Accuracy: 0.9148
Averaged Test AUC: 0.7892
Averaged Test Precision: 0.8385
Averaged Test Recall: 0.9148
Averaged Test F1-Score: 0.8746
Std Test Accuracy: 0.0416
Std Test AUC: 0.0670
------------------------- time cost ------------------------- 6.2120466232299805
------------------------- time cost ------------------------- 5.3193933963775635
------------------------- time cost ------------------------- 5.314959764480591
------------------------- time cost ------------------------- 5.539486646652222
------------------------- time cost ------------------------- 5.415828227996826
------------------------- time cost ------------------------- 5.440493106842041
------------------------- time cost ------------------------- 5.329261779785156
------------------------- time cost ------------------------- 5.35264778137207
------------------------- time cost ------------------------- 5.47071099281311
------------------------- time cost ------------------------- 5.488535404205322

-------------Round number: 90-------------

Evaluate global model
Averaged Train Loss: 0.3372
Averaged Test Accuracy: 0.9148
Averaged Test AUC: 0.8043
Averaged Test Precision: 0.8385
Averaged Test Recall: 0.9148
Averaged Test F1-Score: 0.8746
Std Test Accuracy: 0.0416
Std Test AUC: 0.0616
------------------------- time cost ------------------------- 6.321001291275024
------------------------- time cost ------------------------- 5.4126317501068115
------------------------- time cost ------------------------- 5.465117692947388
------------------------- time cost ------------------------- 5.543922424316406
------------------------- time cost ------------------------- 5.5632405281066895
------------------------- time cost ------------------------- 5.408355236053467
------------------------- time cost ------------------------- 5.482187509536743
------------------------- time cost ------------------------- 5.396486759185791
------------------------- time cost ------------------------- 5.396503925323486
------------------------- time cost ------------------------- 5.38495945930481

-------------Round number: 100-------------

Evaluate global model
Averaged Train Loss: 0.3341
Averaged Test Accuracy: 0.9148
Averaged Test AUC: 0.8248
Averaged Test Precision: 0.8385
Averaged Test Recall: 0.9148
Averaged Test F1-Score: 0.8746
Std Test Accuracy: 0.0416
Std Test AUC: 0.0674
------------------------- time cost ------------------------- 6.408119201660156

Best accuracy.
0.9147651006711409

Average time cost per round.
5.515208055973053
File path: results/Xinwang_FedAvg_test/Xinwang_FedAvg_test_0.h5
Training process CSV file path: results/Xinwang_FedAvg_test/Xinwang_FedAvg_test_0_training_process.csv
Training process data saved to: results/Xinwang_FedAvg_test/Xinwang_FedAvg_test_0_training_process.csv

平均训练时间: 559.5秒
