实验: Xinwang_iid_alie_RFA_run1
物理GPU ID: 2
CUDA_VISIBLE_DEVICES: 2
时间: 2026-01-25 00:38:42
命令: /miniconda3/bin/python flcore/main.py -data Xinwang -algo FedAvg -nc 10 -gr 100 -ls 5 -lbs 64 -lr 0.01 -eg 10 -t 1 --heterogeneity iid --enable_attack True --attack_mode alie --malicious_ratio 0.3 --defense_mode rfa --use_tlbo False --tlbo_iterations 10 --use_autoencoder False --use_committee False
工作目录: /root/DecisionSupportSystem-FedACT/system

[GPU] 使用环境变量指定的GPU: CUDA_VISIBLE_DEVICES=2
============================================================
实验配置:
============================================================
  goal: test
  device: cuda
  device_id: 0
  dataset: Xinwang
  heterogeneity: iid
  model: auto
  num_classes: 2
  batch_size: 64
  local_learning_rate: 0.01
  global_rounds: 100
  local_epochs: 5
  algorithm: FedAvg
  num_clients: 10
  join_ratio: 1.0
  random_join_ratio: False
  prev: 0
  times: 1
  eval_gap: 10
  save_folder_name: results
  learning_rate_decay: False
  learning_rate_decay_gamma: 0.99
  few_shot: 0
  time_select: False
  time_threthold: 10000
  top_cnt: 100
  auto_break: False
  client_drop_rate: 0.0
  train_slow_rate: 0.0
  send_slow_rate: 0.0
  dlg_eval: False
  dlg_gap: 100
  batch_num_per_client: 2
  num_new_clients: 0
  fine_tuning_epoch_new: 0
  mu: 0.01
  beta: 0.0
  lamda: 1.0
  tau: 1.0
  plocal_epochs: 1
  server_learning_rate: 1.0
  enable_attack: True
  attack_mode: alie
  malicious_ratio: 0.3
  attack_scale: 3.0
  defense_mode: rfa
  use_autoencoder: False
  autoencoder_latent_dim: 64
  autoencoder_epochs: 20
  committee_size: 5
  vote_threshold: 0.5
  anomaly_threshold: 0.5
  anomaly_lower_coef: 0.7
  anomaly_upper_coef: 1.5
  use_committee: False
  tlbo_iterations: 10
  use_tlbo: False
  use_merkle: True
  use_incentive: True
============================================================

============= 第 1 次实验 =============
正在初始化服务器和客户端...
数据集: Xinwang, 特征维度: 38
模型参数量: 921,634

Join ratio / total clients: 1.0 / 10
Finished creating server and clients.

-------------Round number: 0-------------

Evaluate global model
Averaged Train Loss: 0.5754
Averaged Test Accuracy: 0.8826
Averaged Test AUC: 0.5676
Averaged Test Precision: 0.8560
Averaged Test Recall: 0.8826
Averaged Test F1-Score: 0.8646
Std Test Accuracy: 0.0776
Std Test AUC: 0.1101
------------------------- time cost ------------------------- 6.446347951889038
------------------------- time cost ------------------------- 5.541557312011719
------------------------- time cost ------------------------- 5.676546096801758
------------------------- time cost ------------------------- 5.807717323303223
------------------------- time cost ------------------------- 5.619680643081665
------------------------- time cost ------------------------- 5.636107921600342
------------------------- time cost ------------------------- 5.4976019859313965
------------------------- time cost ------------------------- 5.783887147903442
------------------------- time cost ------------------------- 5.681941032409668
------------------------- time cost ------------------------- 5.564737319946289

-------------Round number: 10-------------

Evaluate global model
Averaged Train Loss: 0.3510
Averaged Test Accuracy: 0.9148
Averaged Test AUC: 0.5735
Averaged Test Precision: 0.8385
Averaged Test Recall: 0.9148
Averaged Test F1-Score: 0.8746
Std Test Accuracy: 0.0416
Std Test AUC: 0.1386
------------------------- time cost ------------------------- 6.187157869338989
------------------------- time cost ------------------------- 5.609410524368286
------------------------- time cost ------------------------- 5.61909031867981
------------------------- time cost ------------------------- 5.47368597984314
------------------------- time cost ------------------------- 5.478510856628418
------------------------- time cost ------------------------- 5.465466499328613
------------------------- time cost ------------------------- 5.412081480026245
------------------------- time cost ------------------------- 5.733657360076904
------------------------- time cost ------------------------- 5.752190351486206
------------------------- time cost ------------------------- 5.84503960609436

-------------Round number: 20-------------

Evaluate global model
Averaged Train Loss: 0.3384
Averaged Test Accuracy: 0.9148
Averaged Test AUC: 0.6216
Averaged Test Precision: 0.8385
Averaged Test Recall: 0.9148
Averaged Test F1-Score: 0.8746
Std Test Accuracy: 0.0416
Std Test AUC: 0.1047
------------------------- time cost ------------------------- 6.369067430496216
------------------------- time cost ------------------------- 5.359347581863403
------------------------- time cost ------------------------- 5.384536027908325
------------------------- time cost ------------------------- 5.403480291366577
------------------------- time cost ------------------------- 5.590243577957153
------------------------- time cost ------------------------- 5.463544607162476
------------------------- time cost ------------------------- 5.4119133949279785
------------------------- time cost ------------------------- 5.3573644161224365
------------------------- time cost ------------------------- 5.335327386856079
------------------------- time cost ------------------------- 5.48695969581604

-------------Round number: 30-------------

Evaluate global model
Averaged Train Loss: 0.3368
Averaged Test Accuracy: 0.9148
Averaged Test AUC: 0.6417
Averaged Test Precision: 0.8385
Averaged Test Recall: 0.9148
Averaged Test F1-Score: 0.8746
Std Test Accuracy: 0.0416
Std Test AUC: 0.0741
------------------------- time cost ------------------------- 6.175201416015625
------------------------- time cost ------------------------- 5.462862014770508
------------------------- time cost ------------------------- 5.398359775543213
------------------------- time cost ------------------------- 5.3805091381073
------------------------- time cost ------------------------- 5.429015159606934
------------------------- time cost ------------------------- 5.368198394775391
------------------------- time cost ------------------------- 5.4289631843566895
------------------------- time cost ------------------------- 5.46055793762207
------------------------- time cost ------------------------- 5.428538084030151
------------------------- time cost ------------------------- 5.77136492729187

-------------Round number: 40-------------

Evaluate global model
Averaged Train Loss: 0.3361
Averaged Test Accuracy: 0.9148
Averaged Test AUC: 0.6809
Averaged Test Precision: 0.8385
Averaged Test Recall: 0.9148
Averaged Test F1-Score: 0.8746
Std Test Accuracy: 0.0416
Std Test AUC: 0.0498
------------------------- time cost ------------------------- 6.020350694656372
------------------------- time cost ------------------------- 5.472275495529175
------------------------- time cost ------------------------- 5.304918050765991
------------------------- time cost ------------------------- 5.509616136550903
------------------------- time cost ------------------------- 5.469530344009399
------------------------- time cost ------------------------- 5.316142320632935
------------------------- time cost ------------------------- 5.3282692432403564
------------------------- time cost ------------------------- 5.460506439208984
------------------------- time cost ------------------------- 5.411035060882568
------------------------- time cost ------------------------- 5.553351163864136

-------------Round number: 50-------------

Evaluate global model
Averaged Train Loss: 0.3370
Averaged Test Accuracy: 0.9148
Averaged Test AUC: 0.7225
Averaged Test Precision: 0.8385
Averaged Test Recall: 0.9148
Averaged Test F1-Score: 0.8746
Std Test Accuracy: 0.0416
Std Test AUC: 0.0510
------------------------- time cost ------------------------- 6.187108516693115
------------------------- time cost ------------------------- 5.540196180343628
------------------------- time cost ------------------------- 5.520951747894287
------------------------- time cost ------------------------- 5.450536489486694
------------------------- time cost ------------------------- 5.422723293304443
------------------------- time cost ------------------------- 5.33610463142395
------------------------- time cost ------------------------- 5.541451454162598
------------------------- time cost ------------------------- 5.307651042938232
------------------------- time cost ------------------------- 5.3060548305511475
------------------------- time cost ------------------------- 5.482403993606567

-------------Round number: 60-------------

Evaluate global model
Averaged Train Loss: 0.3366
Averaged Test Accuracy: 0.9148
Averaged Test AUC: 0.7448
Averaged Test Precision: 0.8385
Averaged Test Recall: 0.9148
Averaged Test F1-Score: 0.8746
Std Test Accuracy: 0.0416
Std Test AUC: 0.0599
------------------------- time cost ------------------------- 6.1771674156188965
------------------------- time cost ------------------------- 5.38629674911499
------------------------- time cost ------------------------- 5.4559409618377686
------------------------- time cost ------------------------- 5.449681997299194
------------------------- time cost ------------------------- 5.486202955245972
------------------------- time cost ------------------------- 5.521121501922607
------------------------- time cost ------------------------- 5.558036804199219
------------------------- time cost ------------------------- 5.500593662261963
------------------------- time cost ------------------------- 5.406938791275024
------------------------- time cost ------------------------- 5.489844560623169

-------------Round number: 70-------------

Evaluate global model
Averaged Train Loss: 0.3370
Averaged Test Accuracy: 0.9148
Averaged Test AUC: 0.7710
Averaged Test Precision: 0.8385
Averaged Test Recall: 0.9148
Averaged Test F1-Score: 0.8746
Std Test Accuracy: 0.0416
Std Test AUC: 0.0690
------------------------- time cost ------------------------- 6.14197850227356
------------------------- time cost ------------------------- 5.539993762969971
------------------------- time cost ------------------------- 5.410103797912598
------------------------- time cost ------------------------- 5.484066009521484
------------------------- time cost ------------------------- 5.442943096160889
------------------------- time cost ------------------------- 5.383977651596069
------------------------- time cost ------------------------- 5.44806981086731
------------------------- time cost ------------------------- 5.440593957901001
------------------------- time cost ------------------------- 5.384431838989258
------------------------- time cost ------------------------- 5.435226678848267

-------------Round number: 80-------------

Evaluate global model
Averaged Train Loss: 0.3383
Averaged Test Accuracy: 0.9148
Averaged Test AUC: 0.7852
Averaged Test Precision: 0.8385
Averaged Test Recall: 0.9148
Averaged Test F1-Score: 0.8746
Std Test Accuracy: 0.0416
Std Test AUC: 0.0632
------------------------- time cost ------------------------- 6.140078783035278
------------------------- time cost ------------------------- 5.488695383071899
------------------------- time cost ------------------------- 5.4682793617248535
------------------------- time cost ------------------------- 5.685000896453857
------------------------- time cost ------------------------- 5.4213645458221436
------------------------- time cost ------------------------- 5.381838083267212
------------------------- time cost ------------------------- 5.337604761123657
------------------------- time cost ------------------------- 5.385575771331787
------------------------- time cost ------------------------- 5.340063810348511
------------------------- time cost ------------------------- 5.463250398635864

-------------Round number: 90-------------

Evaluate global model
Averaged Train Loss: 0.3350
Averaged Test Accuracy: 0.9148
Averaged Test AUC: 0.8038
Averaged Test Precision: 0.8385
Averaged Test Recall: 0.9148
Averaged Test F1-Score: 0.8746
Std Test Accuracy: 0.0416
Std Test AUC: 0.0659
------------------------- time cost ------------------------- 6.163811445236206
------------------------- time cost ------------------------- 5.587857007980347
------------------------- time cost ------------------------- 5.488588809967041
------------------------- time cost ------------------------- 5.502860069274902
------------------------- time cost ------------------------- 5.440675497055054
------------------------- time cost ------------------------- 5.342850685119629
------------------------- time cost ------------------------- 5.5204832553863525
------------------------- time cost ------------------------- 5.506170034408569
------------------------- time cost ------------------------- 5.337962627410889
------------------------- time cost ------------------------- 5.409602880477905

-------------Round number: 100-------------

Evaluate global model
Averaged Train Loss: 0.3349
Averaged Test Accuracy: 0.9148
Averaged Test AUC: 0.8099
Averaged Test Precision: 0.8385
Averaged Test Recall: 0.9148
Averaged Test F1-Score: 0.8746
Std Test Accuracy: 0.0416
Std Test AUC: 0.0582
------------------------- time cost ------------------------- 6.590376853942871

Best accuracy.
0.9147651006711409

Average time cost per round.
5.553388006687165
File path: results/Xinwang_FedAvg_test/Xinwang_FedAvg_test_0.h5
Training process CSV file path: results/Xinwang_FedAvg_test/Xinwang_FedAvg_test_0_training_process.csv
Training process data saved to: results/Xinwang_FedAvg_test/Xinwang_FedAvg_test_0_training_process.csv

平均训练时间: 563.12秒
