实验: Xinwang_label_skew_gaussian_Bulyan_run1
物理GPU ID: 3
CUDA_VISIBLE_DEVICES: 3
时间: 2026-01-25 01:07:38
命令: /miniconda3/bin/python flcore/main.py -data Xinwang -algo FedAvg -nc 10 -gr 100 -ls 5 -lbs 64 -lr 0.01 -eg 10 -t 1 --heterogeneity label_skew --enable_attack True --attack_mode gaussian --malicious_ratio 0.3 --defense_mode bulyan --use_tlbo False --tlbo_iterations 10 --use_autoencoder False --use_committee False
工作目录: /root/DecisionSupportSystem-FedACT/system

[GPU] 使用环境变量指定的GPU: CUDA_VISIBLE_DEVICES=3
============================================================
实验配置:
============================================================
  goal: test
  device: cuda
  device_id: 0
  dataset: Xinwang
  heterogeneity: label_skew
  model: auto
  num_classes: 2
  batch_size: 64
  local_learning_rate: 0.01
  global_rounds: 100
  local_epochs: 5
  algorithm: FedAvg
  num_clients: 10
  join_ratio: 1.0
  random_join_ratio: False
  prev: 0
  times: 1
  eval_gap: 10
  save_folder_name: results
  learning_rate_decay: False
  learning_rate_decay_gamma: 0.99
  few_shot: 0
  time_select: False
  time_threthold: 10000
  top_cnt: 100
  auto_break: False
  client_drop_rate: 0.0
  train_slow_rate: 0.0
  send_slow_rate: 0.0
  dlg_eval: False
  dlg_gap: 100
  batch_num_per_client: 2
  num_new_clients: 0
  fine_tuning_epoch_new: 0
  mu: 0.01
  beta: 0.0
  lamda: 1.0
  tau: 1.0
  plocal_epochs: 1
  server_learning_rate: 1.0
  enable_attack: True
  attack_mode: gaussian
  malicious_ratio: 0.3
  attack_scale: 3.0
  defense_mode: bulyan
  use_autoencoder: False
  autoencoder_latent_dim: 64
  autoencoder_epochs: 20
  committee_size: 5
  vote_threshold: 0.5
  anomaly_threshold: 0.5
  anomaly_lower_coef: 0.7
  anomaly_upper_coef: 1.5
  use_committee: False
  tlbo_iterations: 10
  use_tlbo: False
  use_merkle: True
  use_incentive: True
============================================================

============= 第 1 次实验 =============
正在初始化服务器和客户端...
数据集: Xinwang, 特征维度: 38
模型参数量: 921,634

Join ratio / total clients: 1.0 / 10
Finished creating server and clients.

-------------Round number: 0-------------

Evaluate global model
Averaged Train Loss: 0.5754
Averaged Test Accuracy: 0.8826
Averaged Test AUC: 0.5676
Averaged Test Precision: 0.8560
Averaged Test Recall: 0.8826
Averaged Test F1-Score: 0.8646
Std Test Accuracy: 0.0776
Std Test AUC: 0.1101
------------------------- time cost ------------------------- 6.526748180389404
------------------------- time cost ------------------------- 5.316015720367432
------------------------- time cost ------------------------- 5.348170042037964
------------------------- time cost ------------------------- 5.473822593688965
------------------------- time cost ------------------------- 5.534250259399414
------------------------- time cost ------------------------- 5.473859071731567
------------------------- time cost ------------------------- 5.310110092163086
------------------------- time cost ------------------------- 5.464017868041992
------------------------- time cost ------------------------- 5.293068170547485
------------------------- time cost ------------------------- 5.346632957458496

-------------Round number: 10-------------

Evaluate global model
Averaged Train Loss: 0.3505
Averaged Test Accuracy: 0.9148
Averaged Test AUC: 0.5789
Averaged Test Precision: 0.8385
Averaged Test Recall: 0.9148
Averaged Test F1-Score: 0.8746
Std Test Accuracy: 0.0416
Std Test AUC: 0.1437
------------------------- time cost ------------------------- 6.283186197280884
------------------------- time cost ------------------------- 5.291396379470825
------------------------- time cost ------------------------- 5.2299113273620605
------------------------- time cost ------------------------- 5.352340459823608
------------------------- time cost ------------------------- 5.5637712478637695
------------------------- time cost ------------------------- 5.605248689651489
------------------------- time cost ------------------------- 5.2897629737854
------------------------- time cost ------------------------- 5.497468709945679
------------------------- time cost ------------------------- 5.419305324554443
------------------------- time cost ------------------------- 5.2677130699157715

-------------Round number: 20-------------

Evaluate global model
Averaged Train Loss: 0.3394
Averaged Test Accuracy: 0.9148
Averaged Test AUC: 0.6057
Averaged Test Precision: 0.8385
Averaged Test Recall: 0.9148
Averaged Test F1-Score: 0.8746
Std Test Accuracy: 0.0416
Std Test AUC: 0.1069
------------------------- time cost ------------------------- 6.155821084976196
------------------------- time cost ------------------------- 5.401136875152588
------------------------- time cost ------------------------- 5.252319574356079
------------------------- time cost ------------------------- 5.390024900436401
------------------------- time cost ------------------------- 5.473038196563721
------------------------- time cost ------------------------- 5.387348175048828
------------------------- time cost ------------------------- 5.423296689987183
------------------------- time cost ------------------------- 5.385590314865112
------------------------- time cost ------------------------- 5.2808239459991455
------------------------- time cost ------------------------- 5.387085199356079

-------------Round number: 30-------------

Evaluate global model
Averaged Train Loss: 0.3358
Averaged Test Accuracy: 0.9148
Averaged Test AUC: 0.6413
Averaged Test Precision: 0.8385
Averaged Test Recall: 0.9148
Averaged Test F1-Score: 0.8746
Std Test Accuracy: 0.0416
Std Test AUC: 0.0795
------------------------- time cost ------------------------- 6.101294755935669
------------------------- time cost ------------------------- 5.49458122253418
------------------------- time cost ------------------------- 5.412917613983154
------------------------- time cost ------------------------- 5.445719003677368
------------------------- time cost ------------------------- 5.422039031982422
------------------------- time cost ------------------------- 5.494194030761719
------------------------- time cost ------------------------- 5.314883708953857
------------------------- time cost ------------------------- 5.402934551239014
------------------------- time cost ------------------------- 5.284736633300781
------------------------- time cost ------------------------- 5.483956813812256

-------------Round number: 40-------------

Evaluate global model
Averaged Train Loss: 0.3359
Averaged Test Accuracy: 0.9148
Averaged Test AUC: 0.7029
Averaged Test Precision: 0.8385
Averaged Test Recall: 0.9148
Averaged Test F1-Score: 0.8746
Std Test Accuracy: 0.0416
Std Test AUC: 0.0527
------------------------- time cost ------------------------- 6.195892572402954
------------------------- time cost ------------------------- 5.442296504974365
------------------------- time cost ------------------------- 5.520554780960083
------------------------- time cost ------------------------- 5.55716609954834
------------------------- time cost ------------------------- 5.45836329460144
------------------------- time cost ------------------------- 5.547791957855225
------------------------- time cost ------------------------- 5.363215923309326
------------------------- time cost ------------------------- 5.470752000808716
------------------------- time cost ------------------------- 5.29317307472229
------------------------- time cost ------------------------- 5.232076644897461

-------------Round number: 50-------------

Evaluate global model
Averaged Train Loss: 0.3366
Averaged Test Accuracy: 0.9148
Averaged Test AUC: 0.7317
Averaged Test Precision: 0.8385
Averaged Test Recall: 0.9148
Averaged Test F1-Score: 0.8746
Std Test Accuracy: 0.0416
Std Test AUC: 0.0509
------------------------- time cost ------------------------- 6.167811155319214
------------------------- time cost ------------------------- 5.3841235637664795
------------------------- time cost ------------------------- 5.489684104919434
------------------------- time cost ------------------------- 5.356383800506592
------------------------- time cost ------------------------- 5.313108444213867
------------------------- time cost ------------------------- 5.47465968132019
------------------------- time cost ------------------------- 5.724405288696289
------------------------- time cost ------------------------- 5.418164491653442
------------------------- time cost ------------------------- 5.380644798278809
------------------------- time cost ------------------------- 5.269681215286255

-------------Round number: 60-------------

Evaluate global model
Averaged Train Loss: 0.3386
Averaged Test Accuracy: 0.9148
Averaged Test AUC: 0.7564
Averaged Test Precision: 0.8385
Averaged Test Recall: 0.9148
Averaged Test F1-Score: 0.8746
Std Test Accuracy: 0.0416
Std Test AUC: 0.0590
------------------------- time cost ------------------------- 6.182416915893555
------------------------- time cost ------------------------- 5.413187742233276
------------------------- time cost ------------------------- 5.356665849685669
------------------------- time cost ------------------------- 5.321892738342285
------------------------- time cost ------------------------- 5.33791446685791
------------------------- time cost ------------------------- 5.375946044921875
------------------------- time cost ------------------------- 5.4661524295806885
------------------------- time cost ------------------------- 5.373442888259888
------------------------- time cost ------------------------- 5.29053521156311
------------------------- time cost ------------------------- 5.475574731826782

-------------Round number: 70-------------

Evaluate global model
Averaged Train Loss: 0.3351
Averaged Test Accuracy: 0.9148
Averaged Test AUC: 0.7793
Averaged Test Precision: 0.8385
Averaged Test Recall: 0.9148
Averaged Test F1-Score: 0.8746
Std Test Accuracy: 0.0416
Std Test AUC: 0.0684
------------------------- time cost ------------------------- 6.176512002944946
------------------------- time cost ------------------------- 5.40106463432312
------------------------- time cost ------------------------- 5.527836799621582
------------------------- time cost ------------------------- 5.360065221786499
------------------------- time cost ------------------------- 5.2522053718566895
------------------------- time cost ------------------------- 5.332936763763428
------------------------- time cost ------------------------- 5.477110385894775
------------------------- time cost ------------------------- 5.574408531188965
------------------------- time cost ------------------------- 5.364243030548096
------------------------- time cost ------------------------- 5.403640985488892

-------------Round number: 80-------------

Evaluate global model
Averaged Train Loss: 0.3372
Averaged Test Accuracy: 0.9148
Averaged Test AUC: 0.7882
Averaged Test Precision: 0.8385
Averaged Test Recall: 0.9148
Averaged Test F1-Score: 0.8746
Std Test Accuracy: 0.0416
Std Test AUC: 0.0723
------------------------- time cost ------------------------- 6.136244058609009
------------------------- time cost ------------------------- 5.459473133087158
------------------------- time cost ------------------------- 5.510435342788696
------------------------- time cost ------------------------- 5.486313819885254
------------------------- time cost ------------------------- 5.397744178771973
------------------------- time cost ------------------------- 5.325392723083496
------------------------- time cost ------------------------- 5.503785133361816
------------------------- time cost ------------------------- 5.32070255279541
------------------------- time cost ------------------------- 5.351047992706299
------------------------- time cost ------------------------- 5.25832200050354

-------------Round number: 90-------------

Evaluate global model
Averaged Train Loss: 0.3362
Averaged Test Accuracy: 0.9148
Averaged Test AUC: 0.8019
Averaged Test Precision: 0.8385
Averaged Test Recall: 0.9148
Averaged Test F1-Score: 0.8746
Std Test Accuracy: 0.0416
Std Test AUC: 0.0675
------------------------- time cost ------------------------- 6.124145984649658
------------------------- time cost ------------------------- 5.353649377822876
------------------------- time cost ------------------------- 5.479743003845215
------------------------- time cost ------------------------- 5.270538091659546
------------------------- time cost ------------------------- 5.139397859573364
------------------------- time cost ------------------------- 5.501441240310669
------------------------- time cost ------------------------- 5.495078086853027
------------------------- time cost ------------------------- 5.585349082946777
------------------------- time cost ------------------------- 5.988971948623657
------------------------- time cost ------------------------- 5.4345855712890625

-------------Round number: 100-------------

Evaluate global model
Averaged Train Loss: 0.3345
Averaged Test Accuracy: 0.9148
Averaged Test AUC: 0.8156
Averaged Test Precision: 0.8385
Averaged Test Recall: 0.9148
Averaged Test F1-Score: 0.8746
Std Test Accuracy: 0.0416
Std Test AUC: 0.0571
------------------------- time cost ------------------------- 6.391315460205078

Best accuracy.
0.9147651006711409

Average time cost per round.
5.487911722660065
File path: results/Xinwang_FedAvg_test/Xinwang_FedAvg_test_0.h5
Training process CSV file path: results/Xinwang_FedAvg_test/Xinwang_FedAvg_test_0_training_process.csv
Training process data saved to: results/Xinwang_FedAvg_test/Xinwang_FedAvg_test_0_training_process.csv

平均训练时间: 556.85秒
