实验: Xinwang_label_skew_alie_MultiKrum_run1
物理GPU ID: 1
CUDA_VISIBLE_DEVICES: 1
时间: 2026-01-25 01:17:56
命令: /miniconda3/bin/python flcore/main.py -data Xinwang -algo FedAvg -nc 10 -gr 100 -ls 5 -lbs 64 -lr 0.01 -eg 10 -t 1 --heterogeneity label_skew --enable_attack True --attack_mode alie --malicious_ratio 0.3 --defense_mode multi_krum --use_tlbo False --tlbo_iterations 10 --use_autoencoder False --use_committee False
工作目录: /root/DecisionSupportSystem-FedACT/system

[GPU] 使用环境变量指定的GPU: CUDA_VISIBLE_DEVICES=1
============================================================
实验配置:
============================================================
  goal: test
  device: cuda
  device_id: 0
  dataset: Xinwang
  heterogeneity: label_skew
  model: auto
  num_classes: 2
  batch_size: 64
  local_learning_rate: 0.01
  global_rounds: 100
  local_epochs: 5
  algorithm: FedAvg
  num_clients: 10
  join_ratio: 1.0
  random_join_ratio: False
  prev: 0
  times: 1
  eval_gap: 10
  save_folder_name: results
  learning_rate_decay: False
  learning_rate_decay_gamma: 0.99
  few_shot: 0
  time_select: False
  time_threthold: 10000
  top_cnt: 100
  auto_break: False
  client_drop_rate: 0.0
  train_slow_rate: 0.0
  send_slow_rate: 0.0
  dlg_eval: False
  dlg_gap: 100
  batch_num_per_client: 2
  num_new_clients: 0
  fine_tuning_epoch_new: 0
  mu: 0.01
  beta: 0.0
  lamda: 1.0
  tau: 1.0
  plocal_epochs: 1
  server_learning_rate: 1.0
  enable_attack: True
  attack_mode: alie
  malicious_ratio: 0.3
  attack_scale: 3.0
  defense_mode: multi_krum
  use_autoencoder: False
  autoencoder_latent_dim: 64
  autoencoder_epochs: 20
  committee_size: 5
  vote_threshold: 0.5
  anomaly_threshold: 0.5
  anomaly_lower_coef: 0.7
  anomaly_upper_coef: 1.5
  use_committee: False
  tlbo_iterations: 10
  use_tlbo: False
  use_merkle: True
  use_incentive: True
============================================================

============= 第 1 次实验 =============
正在初始化服务器和客户端...
数据集: Xinwang, 特征维度: 38
模型参数量: 921,634

Join ratio / total clients: 1.0 / 10
Finished creating server and clients.

-------------Round number: 0-------------

Evaluate global model
Averaged Train Loss: 0.5754
Averaged Test Accuracy: 0.8826
Averaged Test AUC: 0.5676
Averaged Test Precision: 0.8560
Averaged Test Recall: 0.8826
Averaged Test F1-Score: 0.8646
Std Test Accuracy: 0.0776
Std Test AUC: 0.1101
------------------------- time cost ------------------------- 6.6087422370910645
------------------------- time cost ------------------------- 5.532814979553223
------------------------- time cost ------------------------- 5.484449863433838
------------------------- time cost ------------------------- 5.529370546340942
------------------------- time cost ------------------------- 5.623667240142822
------------------------- time cost ------------------------- 5.706594228744507
------------------------- time cost ------------------------- 5.530900955200195
------------------------- time cost ------------------------- 5.717658042907715
------------------------- time cost ------------------------- 5.6050865650177
------------------------- time cost ------------------------- 5.489366292953491

-------------Round number: 10-------------

Evaluate global model
Averaged Train Loss: 0.3495
Averaged Test Accuracy: 0.9148
Averaged Test AUC: 0.5598
Averaged Test Precision: 0.8385
Averaged Test Recall: 0.9148
Averaged Test F1-Score: 0.8746
Std Test Accuracy: 0.0416
Std Test AUC: 0.1364
------------------------- time cost ------------------------- 6.322094202041626
------------------------- time cost ------------------------- 5.5674896240234375
------------------------- time cost ------------------------- 5.539707899093628
------------------------- time cost ------------------------- 5.530529737472534
------------------------- time cost ------------------------- 5.6425621509552
------------------------- time cost ------------------------- 5.524165391921997
------------------------- time cost ------------------------- 5.405267715454102
------------------------- time cost ------------------------- 5.516219854354858
------------------------- time cost ------------------------- 5.608382225036621
------------------------- time cost ------------------------- 5.468263149261475

-------------Round number: 20-------------

Evaluate global model
Averaged Train Loss: 0.3373
Averaged Test Accuracy: 0.9148
Averaged Test AUC: 0.6002
Averaged Test Precision: 0.8385
Averaged Test Recall: 0.9148
Averaged Test F1-Score: 0.8746
Std Test Accuracy: 0.0416
Std Test AUC: 0.1068
------------------------- time cost ------------------------- 6.278071403503418
------------------------- time cost ------------------------- 5.630772352218628
------------------------- time cost ------------------------- 5.4636359214782715
------------------------- time cost ------------------------- 5.5833094120025635
------------------------- time cost ------------------------- 5.60598611831665
------------------------- time cost ------------------------- 5.5434699058532715
------------------------- time cost ------------------------- 5.5038628578186035
------------------------- time cost ------------------------- 5.4295055866241455
------------------------- time cost ------------------------- 5.524145126342773
------------------------- time cost ------------------------- 5.525856256484985

-------------Round number: 30-------------

Evaluate global model
Averaged Train Loss: 0.3348
Averaged Test Accuracy: 0.9148
Averaged Test AUC: 0.6506
Averaged Test Precision: 0.8385
Averaged Test Recall: 0.9148
Averaged Test F1-Score: 0.8746
Std Test Accuracy: 0.0416
Std Test AUC: 0.0730
------------------------- time cost ------------------------- 6.330663442611694
------------------------- time cost ------------------------- 5.583622217178345
------------------------- time cost ------------------------- 5.448049545288086
------------------------- time cost ------------------------- 5.460197687149048
------------------------- time cost ------------------------- 5.732589483261108
------------------------- time cost ------------------------- 5.634211301803589
------------------------- time cost ------------------------- 5.522080898284912
------------------------- time cost ------------------------- 5.645450592041016
------------------------- time cost ------------------------- 5.553453207015991
------------------------- time cost ------------------------- 5.790741205215454

-------------Round number: 40-------------

Evaluate global model
Averaged Train Loss: 0.3342
Averaged Test Accuracy: 0.9148
Averaged Test AUC: 0.6797
Averaged Test Precision: 0.8385
Averaged Test Recall: 0.9148
Averaged Test F1-Score: 0.8746
Std Test Accuracy: 0.0416
Std Test AUC: 0.0483
------------------------- time cost ------------------------- 6.255472898483276
------------------------- time cost ------------------------- 5.571264982223511
------------------------- time cost ------------------------- 5.593863010406494
------------------------- time cost ------------------------- 5.536518335342407
------------------------- time cost ------------------------- 5.6288697719573975
------------------------- time cost ------------------------- 5.549215316772461
------------------------- time cost ------------------------- 5.4241578578948975
------------------------- time cost ------------------------- 5.523570775985718
------------------------- time cost ------------------------- 5.658573627471924
------------------------- time cost ------------------------- 5.5658159255981445

-------------Round number: 50-------------

Evaluate global model
Averaged Train Loss: 0.3366
Averaged Test Accuracy: 0.9148
Averaged Test AUC: 0.7240
Averaged Test Precision: 0.8385
Averaged Test Recall: 0.9148
Averaged Test F1-Score: 0.8746
Std Test Accuracy: 0.0416
Std Test AUC: 0.0536
------------------------- time cost ------------------------- 6.382447242736816
------------------------- time cost ------------------------- 5.427934408187866
------------------------- time cost ------------------------- 5.40142822265625
------------------------- time cost ------------------------- 5.505645990371704
------------------------- time cost ------------------------- 5.660845756530762
------------------------- time cost ------------------------- 5.510124206542969
------------------------- time cost ------------------------- 5.708401441574097
------------------------- time cost ------------------------- 5.5667054653167725
------------------------- time cost ------------------------- 5.7074878215789795
------------------------- time cost ------------------------- 5.513409852981567

-------------Round number: 60-------------

Evaluate global model
Averaged Train Loss: 0.3360
Averaged Test Accuracy: 0.9148
Averaged Test AUC: 0.7482
Averaged Test Precision: 0.8385
Averaged Test Recall: 0.9148
Averaged Test F1-Score: 0.8746
Std Test Accuracy: 0.0416
Std Test AUC: 0.0563
------------------------- time cost ------------------------- 6.350025415420532
------------------------- time cost ------------------------- 5.439958810806274
------------------------- time cost ------------------------- 5.64203143119812
------------------------- time cost ------------------------- 5.548820495605469
------------------------- time cost ------------------------- 5.702377080917358
------------------------- time cost ------------------------- 5.404665470123291
------------------------- time cost ------------------------- 5.62779426574707
------------------------- time cost ------------------------- 5.597972631454468
------------------------- time cost ------------------------- 5.6359617710113525
------------------------- time cost ------------------------- 5.4733500480651855

-------------Round number: 70-------------

Evaluate global model
Averaged Train Loss: 0.3385
Averaged Test Accuracy: 0.9148
Averaged Test AUC: 0.7685
Averaged Test Precision: 0.8385
Averaged Test Recall: 0.9148
Averaged Test F1-Score: 0.8746
Std Test Accuracy: 0.0416
Std Test AUC: 0.0612
------------------------- time cost ------------------------- 6.333876371383667
------------------------- time cost ------------------------- 5.525187730789185
------------------------- time cost ------------------------- 5.457544326782227
------------------------- time cost ------------------------- 5.689276456832886
------------------------- time cost ------------------------- 5.405446529388428
------------------------- time cost ------------------------- 5.551799058914185
------------------------- time cost ------------------------- 5.564256906509399
------------------------- time cost ------------------------- 5.534171104431152
------------------------- time cost ------------------------- 5.653805255889893
------------------------- time cost ------------------------- 5.425519704818726

-------------Round number: 80-------------

Evaluate global model
Averaged Train Loss: 0.3371
Averaged Test Accuracy: 0.9148
Averaged Test AUC: 0.7862
Averaged Test Precision: 0.8385
Averaged Test Recall: 0.9148
Averaged Test F1-Score: 0.8746
Std Test Accuracy: 0.0416
Std Test AUC: 0.0688
------------------------- time cost ------------------------- 6.356532335281372
------------------------- time cost ------------------------- 5.478519916534424
------------------------- time cost ------------------------- 5.481619834899902
------------------------- time cost ------------------------- 5.750274658203125
------------------------- time cost ------------------------- 5.589271545410156
------------------------- time cost ------------------------- 5.729858636856079
------------------------- time cost ------------------------- 5.6208484172821045
------------------------- time cost ------------------------- 5.485125541687012
------------------------- time cost ------------------------- 5.5148091316223145
------------------------- time cost ------------------------- 5.384592294692993

-------------Round number: 90-------------

Evaluate global model
Averaged Train Loss: 0.3351
Averaged Test Accuracy: 0.9148
Averaged Test AUC: 0.7968
Averaged Test Precision: 0.8385
Averaged Test Recall: 0.9148
Averaged Test F1-Score: 0.8746
Std Test Accuracy: 0.0416
Std Test AUC: 0.0514
------------------------- time cost ------------------------- 6.213206768035889
------------------------- time cost ------------------------- 5.555679559707642
------------------------- time cost ------------------------- 5.469846248626709
------------------------- time cost ------------------------- 5.61332106590271
------------------------- time cost ------------------------- 5.462979078292847
------------------------- time cost ------------------------- 5.543396472930908
------------------------- time cost ------------------------- 5.536085605621338
------------------------- time cost ------------------------- 5.6659321784973145
------------------------- time cost ------------------------- 5.539031028747559
------------------------- time cost ------------------------- 5.415292739868164

-------------Round number: 100-------------

Evaluate global model
Averaged Train Loss: 0.3365
Averaged Test Accuracy: 0.9148
Averaged Test AUC: 0.8114
Averaged Test Precision: 0.8385
Averaged Test Recall: 0.9148
Averaged Test F1-Score: 0.8746
Std Test Accuracy: 0.0416
Std Test AUC: 0.0515
------------------------- time cost ------------------------- 6.543452739715576

Best accuracy.
0.9147651006711409

Average time cost per round.
5.633395347595215
File path: results/Xinwang_FedAvg_test/Xinwang_FedAvg_test_0.h5
Training process CSV file path: results/Xinwang_FedAvg_test/Xinwang_FedAvg_test_0_training_process.csv
Training process data saved to: results/Xinwang_FedAvg_test/Xinwang_FedAvg_test_0_training_process.csv

平均训练时间: 571.29秒
